# Penalty:  137848.40865984623
167
34 62
53 63
18 82
45 19
47 38
68 92
98 79
73 68
23 80
83 98
59 64
57 90
28 68
77 12
15 47
53 71
35 59
86 5
12 34
86 28
54 86
17 71
34 35
60 85
96 1
16 54
4 42
30 1
44 78
32 15
51 13
5 64
79 44
50 58
54 37
33 39
20 28
58 9
95 41
38 42
2 34
59 3
84 49
23 24
19 47
76 83
12 95
14 63
76 69
61 23
93 49
34 75
11 23
6 88
43 97
97 48
52 50
58 10
64 23
24 41
87 46
92 19
90 83
67 92
10 86
75 55
22 61
45 76
44 36
1 52
97 37
23 55
74 57
79 6
48 30
6 44
18 73
6 21
83 65
41 24
38 68
8 79
34 90
87 83
40 31
52 73
63 90
12 12
98 15
53 25
44 86
91 63
66 86
38 46
71 34
4 67
74 3
50 94
76 26
28 10
17 87
72 96
42 50
88 60
70 63
18 69
82 6
80 57
28 77
15 20
25 70
4 18
3 3
17 37
42 39
15 14
67 96
34 69
28 5
63 2
6 72
17 93
9 63
51 12
95 90
67 45
33 64
31 56
90 16
81 29
61 35
78 58
90 59
69 44
77 95
36 10
63 97
1 98
97 29
25 28
56 49
9 51
25 17
40 30
28 58
36 43
69 35
2 13
74 29
63 81
97 30
79 36
95 96
85 20
78 0
69 84
59 23
39 83
4 78
45 10
67 78
63 30
91 75
57 13
77 65
26 90
50 11
