176
75 15
69 22
38 42
87 56
3 20
99 81
42 51
24 8
41 18
73 65
64 92
18 60
75 70
64 95
63 4
9 97
48 30
86 5
52 87
40 30
38 73
48 8
57 7
82 3
45 97
71 61
20 65
76 62
21 17
18 54
33 42
7 24
91 80
52 37
9 74
82 2
88 79
9 18
71 58
3 68
77 25
42 33
66 36
56 51
55 49
7 51
94 33
22 90
50 61
5 79
66 86
80 45
73 4
16 56
81 96
71 28
13 24
34 72
13 19
3 86
32 16
55 14
52 93
56 84
73 94
52 65
62 96
52 10
3 16
99 3
16 88
42 79
71 46
15 73
25 39
98 17
59 89
45 13
20 26
49 71
2 44
37 60
26 70
65 29
95 39
79 36
35 92
27 58
76 56
69 45
24 82
40 25
87 60
0 29
2 97
61 22
16 34
48 39
14 11
36 69
86 50
61 8
10 89
53 15
35 38
2 43
7 64
25 55
91 75
86 21
26 73
28 23
92 56
38 47
5 51
88 47
46 90
28 79
32 33
93 89
4 7
93 49
29 66
99 47
20 95
42 38
29 54
44 75
92 42
54 53
59 3
85 70
73 2
61 87
69 33
33 10
78 94
93 13
83 57
64 42
12 60
65 84
19 72
13 31
80 29
54 27
59 25
80 5
59 64
38 84
32 65
23 48
16 95
16 81
43 86
31 8
97 49
24 24
93 20
98 26
4 80
68 92
88 18
94 63
29 1
78 85
16 15
65 79
0 13
73 82
21 31
94 99
18 49
60 36
49 76
85 29
