173
30 77
83 60
49 92
82 26
43 8
91 7
58 9
70 64
7 76
34 83
18 25
50 67
95 56
81 16
39 80
4 39
9 23
54 6
62 19
80 31
88 37
80 67
30 92
23 24
96 46
70 50
3 62
88 72
23 40
15 32
50 6
34 7
21 67
70 77
14 0
2 88
47 99
63 93
43 35
39 52
3 6
49 42
32 72
15 17
14 57
56 28
29 35
13 85
24 36
19 72
77 13
8 53
76 6
85 27
46 32
43 69
76 23
78 2
60 23
70 4
11 75
97 40
47 8
3 35
85 89
43 87
57 67
0 56
59 62
40 72
46 65
62 48
39 74
12 51
54 0
37 17
29 90
58 40
53 27
84 22
23 75
3 23
75 60
81 64
19 64
6 82
24 91
80 26
58 25
12 42
16 97
53 44
20 99
6 17
22 6
90 23
90 59
53 39
22 64
69 32
18 50
97 76
88 12
95 43
34 78
40 43
83 95
31 41
82 46
73 42
99 76
97 21
74 25
64 41
34 44
20 33
7 97
27 5
57 88
58 51
94 89
40 32
4 85
97 66
53 86
82 35
10 35
33 36
7 88
37 95
52 53
34 38
3 49
20 62
28 3
18 78
70 26
37 98
72 57
64 65
58 5
46 13
6 4
52 12
23 54
88 91
18 1
14 11
79 39
32 58
80 48
64 23
95 4
21 27
33 11
92 53
65 3
30 18
34 52
35 40
73 33
35 39
24 28
75 96
26 41
3 13
71 98
31 6
50 86
61 69
89 0
22 0
39 99
