196
14 21
84 48
21 58
98 99
20 20
97 69
67 70
21 70
90 34
21 15
6 68
86 56
8 76
65 85
16 49
56 15
92 78
90 69
22 35
49 42
75 97
28 72
90 29
69 75
85 27
32 70
68 6
64 56
57 5
28 63
85 34
57 90
93 40
48 65
8 30
77 46
13 76
98 35
49 9
28 88
37 9
42 60
84 11
98 15
63 19
50 22
40 49
27 9
44 15
22 43
77 75
90 23
75 89
70 15
99 47
69 29
79 44
33 33
36 77
63 9
19 8
49 82
28 14
22 47
63 50
69 89
6 21
41 36
54 84
57 64
83 21
81 77
84 7
51 26
93 83
13 92
56 67
63 11
63 79
83 71
9 99
42 9
92 64
9 89
48 97
14 12
30 56
9 63
64 62
37 97
31 98
77 25
30 47
14 95
13 42
72 62
84 60
91 56
86 89
70 37
99 6
35 57
49 13
85 85
42 83
30 85
93 16
75 8
83 40
13 65
43 69
71 19
86 99
5 58
20 96
51 91
5 43
77 34
6 12
30 19
49 46
89 93
40 92
37 41
54 50
33 30
93 9
58 26
45 28
23 27
51 34
42 78
5 37
88 98
55 78
63 28
98 55
13 34
94 49
55 40
35 14
64 69
38 21
70 57
48 55
64 36
41 22
73 84
96 40
76 65
58 19
6 50
42 41
65 42
14 57
80 21
20 84
16 26
97 30
73 42
62 91
19 79
57 99
76 56
58 33
28 27
51 75
33 85
8 85
12 71
21 91
25 42
33 90
96 85
21 60
71 49
35 46
77 11
97 79
77 71
96 20
49 70
9 9
41 54
28 78
98 94
15 84
15 7
76 83
42 98
62 98
99 63
72 97
33 64
58 56
26 33
