169
69 84
8 76
72 87
35 58
85 14
32 38
56 67
56 91
61 30
59 25
92 95
17 87
4 76
73 9
25 57
46 81
6 88
89 97
71 46
67 39
79 63
52 8
64 44
9 29
75 97
1 53
70 72
92 58
88 40
21 37
59 11
2 4
3 55
0 34
4 51
36 98
38 56
83 43
10 90
18 55
65 84
48 35
27 25
76 97
48 61
90 18
13 97
10 55
8 11
9 61
55 46
82 56
23 44
21 65
88 2
12 1
49 0
96 84
6 32
30 9
45 91
39 65
12 64
49 66
9 3
92 62
2 68
21 53
79 49
62 14
11 13
49 94
25 19
3 58
27 4
31 33
75 56
27 10
89 83
74 91
9 35
90 65
81 10
56 65
25 85
17 8
21 29
32 95
24 57
36 46
9 64
29 21
57 4
60 75
82 31
2 94
74 28
76 3
73 47
18 54
47 89
77 19
16 62
3 80
41 79
83 69
37 20
82 88
7 43
51 84
73 30
72 49
41 89
19 66
64 22
1 20
86 65
69 6
53 40
81 34
42 67
76 43
81 83
2 90
31 41
3 83
57 34
52 38
8 78
31 31
28 97
29 85
21 0
21 12
64 55
12 81
15 83
96 73
90 52
82 73
69 58
84 24
90 28
87 71
95 31
64 25
75 74
51 28
90 89
40 0
12 52
85 97
48 15
9 40
71 61
54 34
66 98
88 97
27 74
38 84
4 4
47 10
83 77
1 25
97 78
65 76
0 81
39 84
92 50
