159
75 57
94 53
45 55
53 45
29 26
81 70
23 26
56 40
58 4
80 10
16 8
23 69
25 61
85 97
86 6
98 57
89 74
71 31
27 86
52 52
76 66
10 25
13 61
57 29
29 31
63 86
7 78
49 85
98 89
18 13
17 50
16 82
87 59
20 44
60 26
96 74
50 28
75 85
58 47
69 5
69 65
50 0
8 30
62 17
31 29
21 4
24 96
8 43
46 69
68 15
82 69
6 52
64 49
87 66
49 14
50 20
32 46
6 88
43 76
79 56
46 86
36 80
80 50
53 35
54 48
87 9
91 3
31 83
75 36
12 51
77 74
5 83
61 92
78 94
22 66
39 25
40 77
45 52
63 78
24 16
0 66
34 63
94 64
87 17
92 86
42 36
41 92
14 32
29 79
97 77
32 78
29 64
32 98
88 64
88 81
42 18
29 35
42 69
71 46
37 57
50 41
19 35
49 42
86 43
60 20
7 68
71 51
45 64
80 30
42 83
64 89
70 80
64 60
37 64
60 16
69 58
91 32
88 19
71 91
55 6
39 63
3 2
52 90
89 34
51 8
94 93
68 88
19 60
30 44
15 26
64 47
54 21
61 1
10 34
72 78
32 36
17 32
58 53
84 40
45 94
57 75
27 41
83 80
72 97
33 41
34 15
2 71
0 77
64 73
11 44
44 1
20 67
2 88
45 41
52 35
26 34
22 34
3 82
54 54
