196
48 28
40 29
91 10
84 70
56 44
86 30
11 91
64 22
35 79
29 51
98 61
13 61
93 96
83 6
91 27
37 70
21 60
96 68
37 89
5 76
79 89
98 88
56 96
35 14
9 90
33 44
14 31
56 63
77 51
65 83
86 56
69 34
8 36
70 60
77 17
77 40
28 12
14 11
94 49
70 87
13 55
5 27
63 80
99 83
5 69
58 22
18 91
29 85
65 30
6 44
42 42
56 90
69 7
19 51
20 23
95 21
76 79
58 82
50 98
28 7
50 62
68 57
62 69
93 61
33 28
34 22
65 49
98 8
50 68
76 63
69 51
54 58
81 49
13 71
31 63
85 98
44 78
68 27
69 12
37 96
90 76
79 27
96 98
63 10
62 98
40 8
75 20
77 84
27 99
92 92
46 14
35 37
6 85
17 84
83 62
5 5
91 83
95 42
19 71
96 36
90 71
87 35
98 53
75 54
16 43
68 76
53 7
37 47
5 99
27 76
92 44
26 93
98 27
82 41
15 23
76 99
9 22
9 14
35 86
19 28
99 75
16 98
35 53
29 29
28 57
75 35
23 16
54 35
47 93
14 52
66 35
34 62
44 35
13 5
92 56
27 36
22 96
86 79
42 60
20 56
19 77
23 8
41 84
77 8
40 91
99 50
9 62
90 35
20 40
21 82
60 42
86 21
70 88
85 86
51 44
50 21
62 92
44 98
9 55
49 79
50 5
93 12
71 41
56 13
49 86
70 72
9 50
37 7
78 72
85 15
29 40
16 34
65 55
56 46
96 16
83 93
58 76
65 14
30 68
21 37
45 70
42 51
71 23
51 37
41 55
13 78
93 22
42 23
71 98
56 69
28 22
65 61
55 26
49 52
44 12
51 55
