178
21 79
1 96
99 11
50 13
35 56
72 92
54 74
54 23
76 92
39 98
78 93
25 86
40 4
49 93
9 89
78 60
47 27
87 29
0 45
63 91
6 50
52 86
65 33
67 91
19 31
25 78
88 92
83 13
29 78
72 0
53 85
25 10
64 36
28 99
12 96
19 11
51 6
26 70
62 92
11 82
12 71
97 41
94 58
75 77
43 28
19 48
76 24
46 50
0 51
95 97
39 39
68 81
3 85
31 25
27 24
74 55
4 63
95 23
73 26
62 77
20 62
30 78
66 42
14 49
87 56
74 76
16 88
10 1
84 44
52 17
14 47
87 13
27 94
34 51
33 58
45 15
42 50
40 82
44 21
2 91
59 30
0 82
52 99
25 44
24 49
50 47
56 7
34 22
59 88
85 18
3 43
61 44
81 83
22 75
27 33
60 23
96 90
38 83
96 69
59 84
62 4
88 96
93 33
70 57
17 49
28 13
38 17
34 4
91 68
66 93
88 59
15 86
41 87
9 17
36 42
36 47
15 53
73 43
16 92
69 19
85 5
99 81
47 70
31 49
19 18
9 61
16 93
35 67
11 21
67 7
34 10
27 15
2 9
39 14
31 17
47 7
91 47
24 65
6 25
96 65
97 35
78 16
42 57
95 62
65 27
86 80
78 90
94 72
79 43
35 62
6 13
29 63
95 91
73 6
48 2
80 47
26 52
90 96
25 21
94 35
31 3
47 37
56 1
23 0
36 92
24 61
89 11
41 93
92 91
98 18
65 50
46 54
25 26
98 14
97 5
49 32
60 77
55 91
