169
58 5
69 85
71 10
79 74
92 41
9 40
88 46
89 55
46 39
60 35
97 22
66 61
84 91
1 78
18 73
2 46
78 52
92 11
12 28
15 13
14 20
51 39
86 4
50 17
4 31
82 16
5 82
70 30
32 96
27 56
90 30
20 11
98 54
74 32
41 75
62 6
29 43
20 46
68 15
27 70
8 29
43 85
99 87
58 45
49 72
46 79
10 10
78 37
86 94
32 87
34 84
26 93
47 74
22 64
85 42
76 69
66 26
91 96
80 81
66 3
58 85
83 33
83 53
85 51
49 19
70 81
90 67
28 63
68 49
10 76
65 65
8 83
35 65
30 40
83 57
80 10
48 94
5 89
79 0
24 21
20 34
77 48
23 16
19 82
99 15
51 49
35 9
79 41
46 33
73 1
38 67
24 98
48 44
82 58
23 93
47 64
79 58
67 84
34 73
83 40
74 26
87 19
16 55
68 68
24 75
63 23
39 94
81 29
12 88
51 62
59 40
46 55
43 9
5 12
60 55
68 98
13 71
34 56
42 24
46 5
76 20
16 40
44 16
14 8
45 22
45 37
68 10
33 15
65 28
97 85
39 40
91 85
69 16
18 59
98 74
6 42
28 44
95 57
4 0
8 69
83 13
37 23
7 55
88 63
85 73
85 70
73 3
14 63
8 6
36 52
43 93
5 60
59 85
1 52
30 7
53 59
20 88
38 86
81 66
60 2
72 39
43 91
90 73
40 98
65 77
6 59
69 70
11 64
37 78
