167
69 3
73 48
71 71
85 90
78 71
63 50
3 78
30 69
53 42
61 7
68 58
10 25
71 85
74 61
7 74
67 37
9 6
33 63
34 40
24 75
79 53
57 66
89 74
48 63
52 3
83 26
52 84
33 2
20 9
69 20
97 29
9 4
95 43
89 52
70 77
50 51
99 98
46 26
58 23
41 72
8 40
14 32
61 73
46 1
57 96
61 87
66 13
60 24
32 18
59 6
92 67
30 75
91 34
68 32
68 45
5 37
38 40
9 87
71 8
56 24
98 8
6 96
10 55
65 67
38 61
75 52
59 82
78 49
35 86
27 47
80 77
28 0
64 16
85 65
41 42
19 72
48 61
80 79
44 84
80 37
26 85
24 46
57 42
23 85
55 12
64 53
24 2
20 36
10 70
16 73
12 13
69 16
92 29
9 50
23 28
87 35
75 75
48 90
52 32
35 59
53 26
57 16
22 42
1 52
16 86
27 24
56 91
94 36
97 93
63 10
49 76
40 78
70 70
79 98
91 59
55 74
61 34
98 42
21 31
75 0
96 96
80 48
49 94
17 97
65 8
80 69
61 89
55 23
77 43
87 18
45 80
6 10
2 8
32 96
48 99
77 63
57 92
95 36
75 23
69 90
83 60
33 27
30 60
14 89
87 32
29 6
5 16
95 87
26 42
61 61
29 89
40 46
90 46
64 75
86 82
92 12
65 22
30 97
78 16
37 92
36 18
79 31
13 8
59 81
98 83
97 24
51 53
