105
2 88
2 6
0 93
34 2
93 1
59 36
0 13
24 3
53 41
2 11
56 29
54 42
0 69
86 3
0 34
52 29
2 34
2 95
54 34
78 2
52 1
53 34
55 46
55 29
13 2
3 19
58 46
92 3
0 55
8 0
2 38
52 46
5 2
99 3
39 0
3 49
51 39
2 29
51 28
30 3
50 47
53 49
10 0
64 2
54 41
58 47
21 1
66 2
2 99
30 2
1 72
17 2
1 61
56 1
2 56
1 21
51 36
53 46
3 2
0 67
20 1
0 27
40 2
51 41
81 2
51 31
59 38
70 0
0 82
98 2
0 92
3 76
72 0
58 40
28 1
1 3
34 3
65 1
17 1
52 2
10 1
49 35
46 3
54 45
53 40
43 2
89 0
1 45
2 44
96 1
55 33
2 64
68 1
51 37
53 38
54 1
86 0
77 0
87 0
54 38
47 1
1 2
97 97
0 85
62 1
