176
48 14
38 27
4 82
94 28
21 63
57 81
23 74
9 27
82 24
35 90
29 48
39 80
13 61
46 55
40 18
77 22
88 13
58 90
48 11
36 10
83 9
17 44
63 17
27 27
48 47
19 47
28 88
68 85
84 36
3 63
82 40
1 32
46 0
82 27
95 13
37 1
90 42
35 78
81 48
32 58
50 57
68 16
73 44
88 55
64 87
87 38
43 4
13 77
7 50
54 36
15 12
44 79
22 63
77 38
16 96
49 75
40 27
69 11
68 48
78 35
71 49
31 80
33 67
45 72
50 68
31 9
50 27
27 43
31 24
6 40
65 30
13 54
37 12
49 45
8 55
2 97
83 74
53 38
44 87
48 8
74 53
56 13
7 13
61 79
97 46
13 88
24 71
24 70
53 66
20 37
2 50
50 71
59 26
57 34
98 67
84 88
2 93
33 88
39 56
30 94
21 83
79 83
80 99
11 95
87 66
64 69
3 73
59 52
66 75
29 71
93 2
49 38
90 96
3 78
5 6
45 61
87 30
17 93
28 97
7 68
51 22
90 43
57 55
67 38
6 95
78 30
78 94
11 68
67 67
12 74
93 58
94 68
14 3
64 93
56 0
25 95
52 90
55 18
74 31
36 85
45 64
70 73
77 12
5 17
58 4
26 57
17 29
19 78
1 5
63 23
89 3
51 60
48 66
23 30
33 33
14 25
90 59
13 47
40 73
92 92
33 42
22 33
28 67
22 8
30 51
61 64
26 85
41 41
54 60
1 58
97 22
96 40
77 4
14 1
98 41
2 52
