162
91 18
24 9
43 66
41 63
76 8
26 50
7 86
12 15
70 40
24 32
19 93
68 88
70 93
61 18
75 93
62 24
45 85
3 28
97 55
77 66
74 17
6 62
99 74
10 55
68 69
34 78
68 52
24 89
47 58
77 24
47 11
8 61
9 21
15 90
42 23
72 68
22 57
86 92
94 93
61 87
63 10
77 72
31 1
82 77
42 74
24 64
60 69
56 63
61 40
79 32
73 38
92 81
60 4
2 3
49 78
63 54
17 47
25 95
9 6
69 39
53 38
65 67
31 18
50 44
85 18
37 18
63 30
26 75
58 80
90 59
24 40
74 32
94 48
97 11
78 66
84 2
80 23
9 98
42 0
32 81
96 42
53 46
24 4
95 25
17 8
86 50
20 83
18 76
3 68
70 54
53 5
47 47
5 74
32 69
27 1
58 86
85 65
54 18
25 36
7 17
16 30
31 53
45 37
77 85
87 74
59 11
93 70
21 51
44 38
23 57
26 78
35 86
14 48
54 33
87 89
8 1
56 52
63 57
37 35
39 10
32 31
84 17
0 83
96 24
2 93
79 49
7 78
92 30
49 93
96 81
78 28
78 46
87 97
68 22
26 92
97 33
18 53
80 54
65 38
31 95
22 21
81 78
81 86
29 96
81 1
97 47
78 14
14 38
82 64
29 45
7 89
21 43
41 92
20 19
4 98
1 60
51 13
32 99
83 58
44 4
54 30
86 80
