156
21 54
3 8
77 34
14 90
47 19
81 52
44 52
63 34
46 83
74 45
17 91
81 30
52 45
7 1
69 38
64 76
33 46
89 97
97 83
10 44
75 40
58 16
39 60
6 84
71 90
76 65
41 95
61 77
37 85
82 10
97 50
25 82
18 82
49 21
57 81
38 71
19 33
5 5
48 32
21 47
88 52
58 24
48 86
45 10
4 8
64 81
66 11
35 20
35 14
30 35
63 12
59 66
7 51
96 35
56 96
18 17
63 98
19 48
22 74
68 46
20 85
37 43
42 86
74 82
44 75
87 57
82 72
85 62
49 23
29 51
62 37
24 34
1 0
17 56
34 83
64 86
36 95
30 95
46 51
38 75
34 11
32 70
42 13
13 36
82 57
43 40
45 40
16 59
51 59
50 60
25 98
29 48
84 47
36 59
96 96
12 31
30 38
62 32
96 94
48 87
31 95
42 36
74 88
87 75
1 2
50 90
62 66
17 20
37 24
63 71
37 53
20 29
71 25
43 87
73 18
31 26
80 42
20 25
60 43
84 28
73 11
69 33
35 40
65 52
45 70
53 97
47 93
77 76
86 22
3 4
38 17
78 54
33 27
96 58
52 96
12 28
76 62
35 99
77 96
61 25
91 46
6 55
89 61
8 58
53 70
90 67
79 87
96 45
43 55
84 99
15 24
98 66
8 68
86 10
14 25
97 28
