173
93 92
37 13
88 62
57 16
77 96
54 88
46 74
41 84
12 55
61 57
13 98
66 18
67 95
27 97
62 42
80 9
47 94
4 55
93 4
21 98
10 36
41 9
64 84
82 18
94 13
30 66
34 13
15 66
4 33
87 57
27 83
48 9
59 28
40 31
48 53
34 4
73 95
14 42
94 83
45 94
66 20
61 43
23 42
3 4
92 45
62 24
95 35
17 54
35 64
69 71
27 28
13 78
24 18
62 71
66 77
29 30
6 93
54 23
94 58
9 56
97 66
8 76
85 61
25 0
95 51
93 60
29 78
22 93
49 45
5 51
58 69
79 41
22 81
89 75
75 81
6 89
63 92
20 95
21 20
72 9
1 59
83 5
48 38
54 14
82 35
30 26
17 82
22 74
50 78
1 78
91 15
15 51
42 66
81 70
1 92
66 13
59 94
82 78
87 6
8 3
20 50
9 49
85 56
38 17
12 58
49 61
20 9
78 27
77 67
15 20
83 78
62 27
6 29
84 87
14 37
42 97
31 97
23 50
99 5
91 90
68 1
9 73
72 13
63 19
13 12
64 59
85 43
50 25
41 93
12 28
8 87
29 7
72 77
0 52
39 33
19 30
43 23
89 51
4 9
63 6
54 58
19 77
48 58
74 59
89 87
72 30
21 21
31 57
83 9
65 0
62 99
94 28
98 57
42 91
65 2
44 56
13 73
94 62
38 68
12 67
13 87
21 52
80 73
52 20
50 39
2 64
88 4
62 13
82 1
70 17
96 25
76 3
96 30
