163
73 14
85 92
92 29
53 24
77 24
65 90
62 20
17 94
63 4
98 37
30 47
82 49
95 66
96 70
68 54
53 14
94 33
47 55
49 92
82 24
46 7
22 12
54 94
13 67
9 35
4 20
81 59
21 58
40 23
48 4
32 10
23 93
50 52
53 70
49 72
28 30
51 25
53 8
20 61
59 52
60 70
34 6
68 98
13 74
82 85
12 19
4 67
47 37
62 96
97 23
31 84
16 4
86 57
32 25
55 25
59 13
28 17
94 21
27 88
21 44
66 33
42 7
18 47
70 72
96 99
80 33
59 89
15 89
13 58
98 5
16 52
45 25
40 57
95 10
21 6
1 91
49 44
68 20
88 88
80 12
83 9
36 58
38 36
13 46
3 98
36 49
97 89
35 90
6 97
23 22
53 39
7 26
33 29
93 48
52 85
46 62
88 60
21 41
61 79
72 89
37 12
71 25
85 17
40 8
75 67
92 83
72 64
83 35
56 43
3 38
0 73
47 88
90 61
37 49
61 60
33 76
3 71
78 48
98 77
88 96
63 48
88 63
50 83
7 14
88 3
1 95
52 76
92 4
97 29
15 97
78 93
31 93
56 4
37 18
23 84
88 20
81 92
86 67
23 41
0 71
12 62
56 14
57 74
18 73
26 95
41 20
97 2
63 3
15 9
64 49
56 67
44 11
63 74
0 2
30 97
41 87
12 50
6 2
36 80
91 17
61 65
1 98
2 26
