168
86 54
42 8
2 54
65 86
62 89
11 50
37 62
75 38
61 79
99 88
26 0
65 22
71 92
66 18
36 11
47 21
26 96
21 53
2 44
12 9
76 23
54 70
19 60
37 60
7 73
60 21
84 51
45 48
33 81
29 71
55 39
51 62
23 92
51 7
78 83
22 24
97 9
2 9
48 40
85 75
99 71
85 88
14 28
11 87
71 27
78 17
37 43
29 62
83 89
91 62
98 51
61 73
92 89
20 80
18 73
98 46
60 47
92 19
3 73
21 6
78 60
30 77
80 12
96 15
24 28
78 52
42 90
35 38
41 41
53 56
58 46
19 86
19 28
58 58
5 62
75 12
9 21
3 67
63 1
98 96
45 21
38 78
6 58
19 95
88 74
67 38
92 16
47 85
89 65
93 34
86 25
69 73
69 79
90 14
33 90
65 45
20 46
58 64
11 16
31 44
72 42
8 65
3 96
88 32
97 69
88 39
14 59
10 45
65 10
67 28
43 69
78 51
21 69
83 28
39 54
97 93
82 1
47 2
32 20
56 28
90 91
81 41
35 92
0 50
65 67
1 13
98 75
57 34
14 1
43 73
92 59
21 39
48 14
26 21
71 30
9 43
73 5
83 9
73 62
14 79
11 67
53 10
68 65
7 12
15 83
90 89
3 81
60 92
29 37
32 62
69 31
27 99
81 93
77 99
34 0
46 97
97 54
5 41
96 63
37 65
64 55
44 59
70 3
60 51
5 18
18 67
88 81
66 2
