165
44 71
9 59
51 8
22 80
1 34
94 9
35 7
63 1
41 79
5 74
93 26
1 53
91 3
37 24
48 55
90 56
87 8
99 87
96 2
44 66
98 22
67 25
82 15
63 80
85 77
23 43
58 74
66 3
13 3
78 8
25 52
25 10
87 20
23 12
9 0
49 9
19 71
28 14
5 15
7 50
21 55
1 68
17 84
35 26
25 0
99 0
53 69
80 82
40 36
24 35
92 33
9 41
86 97
48 78
29 25
25 58
17 67
64 11
82 64
94 83
95 8
62 33
73 32
36 46
54 45
81 31
7 84
7 56
63 31
33 27
28 78
5 79
64 70
98 96
87 71
19 27
82 47
60 29
41 12
20 87
18 44
43 91
93 38
25 5
80 59
99 17
50 65
98 24
82 68
56 8
73 64
80 27
86 46
5 45
43 63
3 95
48 52
51 83
35 66
42 3
57 35
53 51
58 17
70 53
64 62
34 76
37 53
33 44
99 35
39 43
53 41
71 36
61 97
85 27
8 87
80 11
4 65
45 80
5 21
29 66
55 65
14 88
96 97
74 47
80 95
92 89
14 99
48 34
78 63
76 94
68 13
96 14
89 98
29 57
23 87
20 59
49 31
52 33
31 73
1 84
88 13
66 23
93 95
71 69
67 37
62 48
99 80
54 21
70 75
94 79
43 82
80 47
31 23
60 63
44 9
52 29
81 53
48 43
89 70
61 99
90 90
32 91
83 59
18 96
92 16
