169
75 11
13 38
95 32
24 37
11 68
82 64
44 95
70 5
96 75
55 21
26 90
90 3
33 76
62 80
55 8
21 39
20 27
56 15
59 12
4 63
79 61
51 27
90 23
17 54
84 65
49 4
17 76
45 31
90 43
81 97
8 90
25 83
70 58
8 97
74 39
54 83
61 50
13 82
95 54
21 95
82 83
86 78
31 86
53 23
81 1
28 79
73 81
59 28
46 47
88 88
17 18
83 71
28 37
89 55
11 33
1 93
24 22
2 53
30 18
38 57
24 97
27 98
51 61
80 38
86 75
41 44
17 7
80 44
38 49
70 93
44 24
48 21
3 24
45 15
11 12
23 12
32 38
25 64
52 94
10 22
22 62
57 20
93 62
0 77
65 39
37 60
84 7
58 3
53 11
64 56
78 42
99 38
37 83
89 26
51 18
97 23
51 45
80 8
35 89
48 98
15 41
33 53
55 46
1 27
18 81
41 79
68 35
10 10
40 20
8 44
96 70
60 37
44 1
28 83
98 3
68 95
0 14
64 24
61 12
1 9
61 91
58 47
15 90
59 47
54 41
64 2
24 51
40 57
6 92
56 24
47 91
10 90
92 6
95 20
60 29
57 88
37 24
39 88
32 61
1 31
14 78
36 71
4 88
11 48
48 1
83 38
35 6
25 4
66 11
41 65
0 17
19 70
41 38
16 66
76 22
7 8
43 74
66 14
36 39
32 11
85 32
42 6
4 50
74 24
64 0
21 55
29 4
72 97
1 0
