171
93 22
9 36
12 97
3 28
44 76
78 62
84 37
64 17
65 90
97 27
51 34
68 16
94 39
51 72
29 64
62 80
74 72
85 77
13 26
53 81
60 22
48 46
15 57
83 68
73 18
45 65
35 32
42 26
39 2
90 99
93 95
30 93
48 55
23 96
60 95
58 63
95 64
21 75
94 46
60 10
25 73
60 26
97 16
2 34
0 24
31 66
59 27
34 57
79 96
13 16
66 9
49 25
71 5
19 44
92 79
55 1
36 51
14 10
68 35
40 91
14 73
71 29
37 89
85 60
16 9
99 94
12 19
14 52
84 51
76 72
47 69
89 37
11 78
27 13
60 88
40 60
37 98
29 6
83 91
79 87
5 78
35 18
81 92
30 23
74 23
14 23
21 88
67 25
4 12
78 41
20 59
85 1
90 67
87 9
31 94
36 64
68 80
25 90
52 58
80 97
38 4
87 60
87 30
92 58
35 83
45 31
98 33
18 29
27 44
1 98
2 4
55 40
7 56
26 87
72 34
20 54
77 38
67 57
27 37
63 54
54 67
44 55
76 5
98 66
55 89
36 24
23 33
34 75
75 54
51 56
40 93
5 67
16 70
16 33
95 57
0 91
10 18
74 7
43 77
47 35
23 21
8 92
30 74
7 60
46 40
60 1
37 75
35 77
86 68
99 6
95 77
60 75
29 77
6 89
53 51
20 31
61 57
99 41
96 13
31 78
55 18
20 55
39 54
40 52
71 92
92 32
42 18
33 9
62 31
52 88
30 56
