169
91 20
18 40
56 85
91 71
44 1
3 13
46 13
8 9
90 9
40 62
25 69
78 11
0 0
93 86
73 82
42 27
49 33
32 99
35 14
53 35
12 7
77 69
32 38
87 88
21 97
30 81
94 7
41 23
59 22
84 95
18 2
55 59
9 72
86 73
76 73
73 49
37 2
29 38
71 78
81 86
35 99
87 76
83 44
61 16
3 14
7 45
14 92
30 85
97 55
19 90
43 33
72 35
78 79
95 45
43 61
13 36
40 74
18 54
9 52
95 67
22 43
98 63
74 29
19 19
75 63
22 29
20 25
73 8
97 79
64 95
27 73
0 12
34 45
24 63
83 65
9 87
10 63
17 14
87 20
1 3
34 22
72 94
23 55
92 20
93 57
59 63
62 2
15 11
60 30
8 99
15 15
23 60
72 11
45 71
54 15
13 79
4 5
47 37
20 67
7 58
14 31
17 17
35 32
1 29
1 84
60 55
78 85
82 93
92 79
50 84
58 43
41 42
17 45
28 97
37 38
52 77
33 54
58 40
83 81
81 53
91 43
71 88
81 55
17 72
66 13
75 90
11 99
26 38
81 37
57 5
11 10
48 32
50 98
27 23
7 77
72 56
4 4
28 0
5 16
94 89
11 87
68 50
68 57
9 13
64 26
96 5
31 9
92 19
44 46
14 39
83 14
61 60
19 83
19 21
60 50
78 61
76 33
3 50
4 87
0 16
32 60
89 68
29 37
10 6
98 71
66 1
96 74
5 23
82 11
