165
59 86
37 38
68 11
60 2
30 58
86 10
60 27
22 3
35 54
55 50
77 40
81 2
49 41
9 86
50 37
80 75
89 45
21 56
22 62
8 56
80 89
35 14
96 6
51 29
1 64
59 6
54 67
39 22
8 44
79 25
93 42
13 45
17 20
80 64
83 59
21 9
57 34
92 81
66 58
71 34
79 9
30 64
78 19
90 75
0 8
54 57
99 95
72 7
2 8
24 80
10 29
47 38
95 13
60 80
63 84
37 95
18 48
18 27
66 76
50 76
38 45
32 87
33 46
25 72
41 77
46 10
38 98
46 7
43 74
75 19
97 3
32 82
68 51
58 59
27 8
26 74
45 28
94 2
69 42
70 7
52 56
18 43
72 27
91 70
70 28
99 76
4 64
2 84
94 58
75 77
64 4
44 23
16 8
67 4
20 58
28 74
17 99
2 36
54 20
32 37
93 63
98 42
41 7
37 92
85 7
17 51
82 55
87 86
15 91
61 68
11 24
34 99
31 41
9 31
93 34
83 19
46 19
5 89
52 47
14 2
83 23
29 96
6 99
15 43
65 61
79 29
3 71
64 16
3 45
5 69
44 66
32 4
72 63
5 29
90 22
72 15
7 28
17 34
7 8
77 82
8 67
8 22
25 92
29 89
82 66
1 55
0 11
23 76
84 20
69 20
71 66
89 47
13 95
37 2
76 87
11 95
41 66
2 19
3 10
60 18
6 82
36 14
34 50
68 62
7 6
