186
26 8
10 18
79 28
67 64
29 84
34 20
53 18
57 6
99 95
55 34
80 14
8 68
76 85
15 31
3 85
86 11
24 42
83 93
54 0
14 49
95 83
85 16
5 55
97 69
27 12
33 25
90 58
94 96
86 36
85 49
91 16
38 24
42 48
35 51
97 14
29 62
56 97
27 31
94 91
28 27
2 94
75 57
19 42
91 62
99 79
98 29
96 59
97 87
6 79
72 44
7 91
61 75
16 90
9 27
94 71
4 89
66 36
14 96
29 53
75 33
41 77
83 61
41 55
37 90
85 25
2 65
27 48
84 52
36 67
94 5
54 45
46 21
73 20
32 60
98 21
97 39
27 93
27 2
37 41
36 85
59 20
57 20
89 98
0 33
61 28
75 89
69 9
67 25
36 2
63 60
68 38
82 40
41 17
22 30
97 13
38 0
31 46
23 52
59 79
68 14
15 76
59 84
1 9
37 28
83 88
17 58
67 73
7 36
69 23
65 85
11 58
55 11
65 75
92 48
39 8
29 91
68 25
49 40
38 18
49 87
94 79
28 75
32 98
13 9
97 32
30 6
25 74
31 5
58 73
42 36
86 84
93 41
64 84
71 68
97 41
40 20
1 19
1 0
30 12
7 64
59 7
54 33
64 33
19 51
15 2
31 87
33 13
23 49
33 62
71 3
21 82
28 39
72 57
67 45
85 57
58 70
29 56
95 47
45 63
80 42
72 75
83 68
72 39
88 83
64 45
93 54
19 21
59 58
16 72
41 64
63 45
75 44
5 27
72 65
99 0
9 99
41 59
61 98
17 59
42 83
91 24
17 22
12 24
74 5
89 63
1 26
