161
93 60
79 54
37 98
89 62
68 13
46 53
30 37
95 73
34 76
69 12
3 28
27 42
37 18
48 38
63 62
11 21
29 95
81 78
35 5
29 74
36 58
20 60
91 75
75 99
53 26
51 93
77 83
56 94
57 6
8 91
70 30
9 53
60 76
62 82
48 1
38 14
17 52
52 53
20 29
64 13
23 86
84 92
74 76
10 62
3 22
60 91
31 51
83 44
48 14
21 49
0 8
37 51
42 43
22 8
52 40
5 83
63 64
6 28
26 92
20 47
34 42
26 3
33 23
98 32
86 13
85 79
62 43
67 47
25 55
12 29
58 13
78 14
95 88
53 64
3 36
63 54
53 16
7 56
72 91
23 80
70 41
5 18
83 42
43 59
81 91
55 44
25 10
71 5
10 87
51 46
44 79
63 47
59 10
84 83
59 36
22 38
1 91
35 67
79 93
33 48
66 87
86 9
30 68
50 7
25 27
87 90
20 9
23 50
65 72
72 37
82 60
67 70
68 94
3 65
89 42
28 68
6 54
28 66
3 48
69 62
6 75
51 18
74 35
73 18
27 51
81 67
60 66
40 96
8 40
39 46
34 87
19 35
55 56
4 96
64 16
69 99
30 83
28 80
54 73
28 22
45 77
24 47
15 75
74 79
72 21
69 92
0 5
97 40
55 80
86 25
93 97
52 71
93 53
21 17
32 43
77 79
57 84
78 94
94 36
14 8
76 63
