166
61 67
21 99
78 29
97 85
9 62
19 78
70 21
65 25
79 68
82 19
62 34
83 38
20 55
91 33
39 47
20 85
55 11
29 60
12 55
44 42
57 94
12 13
21 5
11 50
22 42
49 25
96 65
65 75
75 83
57 26
77 98
38 62
96 2
98 73
44 7
26 22
63 2
89 96
30 93
34 99
25 30
62 16
3 25
78 14
13 31
35 34
34 23
80 61
81 2
88 88
17 23
89 30
40 13
67 82
26 43
62 41
94 73
55 60
76 2
35 50
29 98
43 61
80 36
77 86
96 43
97 80
5 43
29 10
1 2
78 83
30 46
37 91
24 88
6 52
57 19
62 74
65 67
57 48
92 71
96 42
97 28
38 76
60 35
74 32
77 66
99 50
87 84
15 18
9 14
68 94
55 91
63 82
92 25
26 48
55 14
46 37
93 82
25 67
9 80
94 75
83 31
14 41
89 16
74 79
32 73
53 55
60 93
50 37
96 93
1 79
23 10
26 84
92 79
72 41
69 29
97 35
61 92
4 1
16 29
50 94
15 5
31 42
91 10
92 41
74 6
60 66
73 88
38 14
48 49
97 17
7 7
70 11
53 54
97 79
69 70
44 25
45 50
23 82
34 6
37 56
88 59
56 56
56 84
76 25
13 65
50 46
16 59
60 87
39 85
73 33
30 67
33 88
2 52
16 77
2 88
56 45
71 63
92 54
32 1
86 61
79 76
34 68
46 92
42 23
30 21
72 60
