169
7 28
77 19
72 27
94 39
66 25
82 36
1 70
12 68
30 40
80 1
23 72
16 82
30 31
5 45
88 14
34 74
54 42
31 73
71 19
83 9
86 66
97 65
0 83
53 71
8 30
17 7
49 34
61 27
38 24
88 54
32 30
73 45
10 57
55 6
58 81
46 55
62 66
56 99
91 96
30 48
18 79
28 41
52 86
63 63
26 10
32 61
22 29
40 88
45 50
14 18
5 3
80 86
46 37
25 45
47 74
56 28
67 58
25 93
12 42
11 15
38 33
99 53
69 58
9 61
65 45
25 61
99 0
22 66
29 89
28 31
25 42
59 49
51 13
35 50
42 34
1 87
91 22
69 37
15 13
64 23
89 28
88 45
71 9
69 62
96 86
4 94
71 80
15 34
41 4
74 42
68 94
24 63
23 59
75 56
73 35
35 0
85 24
7 53
65 70
67 78
61 69
11 85
34 20
90 3
31 6
76 82
62 3
33 12
17 45
38 84
26 68
25 5
15 97
63 23
63 88
80 44
76 69
6 78
40 82
13 26
68 90
87 70
31 79
55 35
37 96
37 15
39 50
29 57
96 93
34 67
47 69
93 42
48 56
21 81
2 8
91 8
83 55
16 50
55 64
48 49
94 43
82 23
30 98
42 14
48 65
93 72
76 11
21 46
21 72
15 90
69 7
97 10
95 12
71 86
2 46
33 42
68 16
50 3
95 74
68 71
58 21
88 69
81 52
18 56
98 17
92 4
62 21
91 11
55 44
