170
69 25
22 39
46 19
80 15
10 81
15 93
94 92
67 62
37 49
5 46
70 72
64 73
73 14
6 75
1 62
91 11
34 54
93 74
33 38
40 90
96 37
60 50
93 53
64 39
37 79
84 32
56 72
14 73
83 57
33 74
83 36
23 17
50 50
24 61
66 52
67 32
23 31
10 73
24 94
11 98
47 91
51 37
82 30
33 88
28 62
71 8
17 33
58 81
47 52
40 47
4 16
18 25
56 30
11 76
55 37
41 93
86 12
93 22
60 34
66 10
71 54
83 46
42 37
17 28
83 47
11 9
95 14
54 68
80 6
62 45
15 62
62 13
52 73
95 56
66 84
71 82
63 73
1 32
5 78
28 28
98 57
3 88
24 68
20 29
99 80
77 37
30 67
11 92
38 70
28 12
31 81
6 45
43 81
59 64
12 18
77 16
30 25
59 24
3 60
90 93
62 98
94 84
78 84
10 39
57 89
73 41
48 22
71 28
72 47
74 97
0 15
50 43
81 21
90 86
36 94
50 75
79 72
81 96
75 35
61 79
90 59
84 25
48 18
34 83
28 76
7 82
43 86
73 94
97 83
26 21
95 49
72 12
91 28
18 81
40 12
85 50
90 89
68 66
26 73
92 74
29 50
98 24
17 65
52 90
53 21
59 57
75 71
36 8
56 68
6 5
80 94
42 25
2 20
6 85
86 42
93 65
82 58
55 25
88 31
69 47
81 93
61 51
12 27
38 30
82 75
84 90
41 11
6 57
34 99
75 8
