170
24 17
97 93
72 22
25 13
14 7
76 41
66 76
91 84
90 94
78 6
49 54
15 1
84 0
27 77
88 90
22 53
28 96
63 87
9 41
47 41
16 58
63 91
28 95
53 54
7 54
60 77
89 4
51 35
63 4
90 1
88 44
85 49
72 91
78 89
30 96
47 26
50 89
27 33
48 45
18 3
19 18
43 68
58 97
11 90
61 33
89 20
95 27
99 75
20 34
68 19
10 95
43 16
58 27
57 61
33 16
11 37
73 78
51 79
54 6
80 6
43 98
36 48
96 43
9 28
84 40
63 61
9 73
87 56
33 70
58 24
16 17
69 37
88 1
81 46
33 67
50 93
48 1
34 91
62 90
4 37
12 36
46 33
25 88
41 57
60 16
3 48
91 56
51 73
24 12
92 25
2 53
65 33
90 98
22 99
66 17
5 67
3 36
87 61
70 80
9 2
42 61
7 33
12 51
28 20
72 99
58 41
33 31
14 25
10 86
3 74
44 92
1 44
17 35
49 15
66 90
36 90
4 24
21 68
56 87
98 84
21 14
58 7
97 62
80 49
39 45
49 30
95 6
82 2
46 67
58 80
29 25
86 8
82 58
52 82
0 85
23 30
97 48
72 18
61 84
34 2
95 2
39 90
35 76
56 90
30 66
95 51
86 97
75 74
17 8
81 84
54 15
52 15
61 68
5 5
94 74
91 65
21 49
32 51
96 68
3 91
69 94
73 47
10 14
62 65
58 90
10 12
79 80
20 96
43 23
55 71
