156
19 47
89 98
37 68
55 86
27 51
69 75
11 37
49 81
33 85
84 99
30 72
37 92
33 95
7 52
32 62
48 95
12 81
2 49
12 63
2 16
31 80
7 15
16 18
39 84
54 63
21 67
64 72
17 54
49 75
37 78
28 63
32 78
17 98
27 32
19 27
92 94
74 92
58 66
49 51
73 87
2 74
66 86
9 75
59 93
14 94
15 17
68 96
22 71
20 33
13 43
77 88
5 30
18 61
63 64
4 94
46 55
11 69
39 38
21 24
6 40
31 87
53 75
29 88
68 93
2 31
23 28
3 84
20 89
60 70
13 19
41 49
9 66
26 75
51 59
2 22
52 86
25 57
93 91
50 55
17 91
18 57
10 21
24 32
15 73
21 96
35 41
4 63
24 35
12 55
56 67
63 80
43 59
35 97
24 69
71 90
67 90
88 93
27 94
44 60
0 83
6 11
32 35
17 70
4 34
35 72
78 91
53 76
30 98
26 28
26 38
6 25
32 66
51 67
38 49
43 83
2 35
11 16
9 60
17 38
16 71
4 8
49 67
64 96
16 49
60 87
35 56
58 99
27 92
80 98
3 33
14 49
5 25
38 72
86 90
61 84
8 98
7 87
6 33
33 53
7 49
37 61
43 94
16 79
85 87
54 60
74 97
36 98
7 24
16 29
65 93
17 63
2 48
26 79
45 89
12 98
26 43
