165
56 72
70 6
4 13
59 6
79 58
27 97
64 35
56 37
7 19
53 73
87 76
54 1
63 6
12 39
73 1
0 67
76 93
53 90
72 45
46 91
3 21
33 22
69 97
78 84
40 94
75 25
0 9
2 90
33 97
22 97
92 31
65 30
3 42
96 78
83 25
62 75
63 60
8 89
72 37
57 64
36 97
9 11
31 29
58 36
45 7
13 29
99 22
12 5
35 61
77 61
43 40
8 27
38 62
45 99
74 24
40 33
49 41
30 30
43 3
96 52
63 9
54 46
50 67
28 1
77 57
4 76
31 54
20 7
34 41
14 82
85 66
30 13
75 21
69 0
53 21
69 64
14 22
89 79
70 61
85 10
54 7
50 82
31 77
72 57
7 61
90 87
41 3
80 75
58 24
82 42
34 18
20 19
45 61
12 74
67 69
18 33
66 13
43 69
48 26
18 10
16 49
45 47
8 68
13 88
63 71
68 58
57 81
10 87
79 11
25 8
89 92
64 29
5 32
46 73
14 97
42 17
67 92
96 41
36 9
55 50
54 32
55 59
81 50
45 85
62 61
67 91
42 74
63 98
75 78
13 59
39 16
93 44
37 86
92 62
24 30
26 10
24 45
30 57
64 65
85 35
84 8
72 82
16 11
81 70
53 76
2 29
58 81
81 7
60 99
18 91
1 62
69 33
44 18
73 31
5 99
14 92
45 34
81 16
99 51
72 78
52 53
84 55
67 77
22 17
88 55
