166
31 57
18 62
58 74
36 4
30 82
53 56
52 97
90 64
30 97
18 68
83 69
11 25
9 80
15 10
24 32
33 71
55 45
22 47
44 87
6 76
76 18
8 53
78 90
34 40
18 9
44 61
72 57
90 6
69 97
54 14
53 76
62 61
81 90
44 56
94 98
18 50
36 61
43 25
14 74
89 81
76 37
4 60
84 15
91 13
70 45
49 74
38 64
69 34
84 57
92 59
46 86
85 0
87 93
41 1
13 22
60 64
86 3
85 86
24 88
16 27
61 92
89 68
86 22
65 23
9 28
73 99
64 85
39 84
14 98
56 94
77 42
79 2
50 6
69 93
28 31
70 74
55 70
92 72
62 8
95 32
44 89
81 47
24 11
79 57
53 84
70 23
27 99
51 53
85 60
88 80
9 76
74 81
5 50
46 37
21 71
93 40
46 90
56 87
9 53
72 17
97 20
2 16
86 51
75 62
98 1
28 96
11 17
97 21
53 14
98 45
54 31
88 55
77 88
55 38
66 48
68 82
55 24
12 41
42 92
9 85
56 3
13 21
19 76
0 40
34 85
61 88
84 27
38 43
47 11
96 75
43 93
35 88
64 30
95 83
97 63
60 96
31 34
93 53
2 27
21 78
48 88
26 13
66 69
38 8
95 37
37 90
23 69
81 84
9 12
65 52
29 52
14 57
22 24
75 30
98 54
31 19
90 53
23 74
66 50
44 97
68 13
88 98
90 98
61 84
0 82
13 46
