170
93 33
62 22
70 73
14 28
83 59
74 90
81 12
94 9
63 48
86 8
47 69
57 14
28 22
68 83
33 7
19 83
54 93
67 51
75 79
92 88
88 93
70 8
62 41
32 88
29 52
5 58
55 25
3 91
24 46
47 50
16 47
98 12
40 78
13 42
69 45
4 34
28 58
18 1
19 74
59 4
14 29
37 39
38 49
57 42
16 52
30 94
52 55
61 80
86 46
27 35
6 26
30 30
89 83
37 94
49 52
96 71
7 60
72 97
55 35
89 81
55 23
71 43
84 90
71 82
38 3
86 39
47 58
8 68
7 72
31 49
23 68
78 48
87 37
53 6
10 48
26 28
72 22
12 75
73 2
44 34
59 39
16 64
37 70
83 14
20 45
72 60
18 19
77 27
8 90
42 40
4 6
50 60
39 57
75 63
49 80
55 29
70 27
86 5
42 10
92 56
76 94
15 70
46 9
50 41
76 36
15 18
75 54
15 34
41 20
56 80
60 50
9 11
57 87
7 39
72 41
94 30
82 91
83 49
30 87
87 70
51 2
43 39
12 80
27 7
34 26
63 19
4 58
35 35
22 30
25 62
50 77
70 4
45 35
48 82
1 90
55 70
87 18
5 39
21 51
51 99
71 16
29 71
31 38
26 20
97 30
33 83
23 5
4 26
64 25
84 7
39 30
19 17
32 71
11 24
1 78
63 4
51 71
80 35
67 25
96 39
36 54
20 30
76 40
73 19
37 49
97 61
68 4
95 58
9 95
82 96
