199
88 66
12 25
88 35
38 41
72 24
59 35
49 0
31 18
68 74
70 33
9 33
12 28
12 16
93 32
52 20
0 41
60 92
50 82
41 53
48 71
41 55
11 58
29 86
72 28
88 23
48 65
48 75
40 11
59 71
40 31
48 87
48 55
42 80
41 58
48 2
58 55
62 30
40 15
61 47
62 2
51 8
49 52
9 2
27 24
32 9
61 77
29 55
90 10
28 2
42 4
50 98
11 52
90 62
89 66
90 79
93 80
29 62
72 63
9 61
72 3
52 94
89 90
59 34
43 72
8 40
1 91
60 22
30 9
40 29
10 11
30 32
91 84
68 49
2 15
58 11
9 87
88 52
50 45
72 84
72 76
62 79
9 63
13 92
41 46
9 37
60 97
12 50
58 15
52 25
0 7
72 52
89 0
53 12
1 68
38 36
13 12
2 51
68 12
42 24
49 37
90 96
62 10
62 67
2 55
93 16
88 49
8 86
42 16
38 20
51 60
50 49
67 16
68 44
71 87
61 3
12 78
10 70
58 62
10 41
72 55
92 4
1 94
3 76
72 21
1 72
72 78
92 45
88 57
0 78
67 96
29 97
92 28
41 92
28 34
10 2
28 62
27 80
92 39
59 90
29 30
32 52
33 76
32 48
27 88
50 14
73 40
0 5
38 77
58 25
61 54
71 35
2 19
40 98
29 19
2 58
42 69
48 84
8 97
0 25
39 2
39 90
28 38
69 69
40 82
30 42
28 92
12 74
90 75
50 30
61 64
61 45
10 78
52 68
92 12
48 34
57 40
72 10
28 3
9 19
1 85
87 92
39 65
1 88
92 20
70 95
0 37
71 62
62 85
48 42
0 1
30 70
2 26
71 1
29 72
1 12
38 48
1 48
3 32
0 62
