169
92 48
89 98
66 83
85 84
22 21
36 6
16 80
2 62
62 62
65 96
53 34
15 13
32 6
13 94
23 93
84 75
68 10
3 33
15 90
74 31
38 38
5 21
56 44
8 3
20 16
22 49
13 73
82 49
13 53
38 39
87 62
52 65
12 25
30 62
32 36
83 1
43 44
88 6
24 31
59 23
73 37
75 91
50 15
84 60
25 68
71 8
3 11
70 67
43 10
16 68
79 97
98 64
68 94
62 20
92 82
23 82
72 47
65 32
30 17
32 74
41 28
19 48
37 45
32 78
41 19
38 98
67 17
88 25
39 75
68 56
6 24
19 28
13 41
71 25
91 32
75 4
27 63
27 46
79 26
71 33
81 34
56 71
5 29
39 94
87 26
20 79
28 12
66 88
72 67
1 94
9 10
94 94
3 1
47 37
33 98
91 42
30 97
82 93
7 5
17 42
58 59
11 65
12 51
90 68
94 51
14 11
15 34
2 89
17 65
92 10
64 39
11 94
91 38
89 93
84 62
69 69
95 57
36 65
38 56
94 29
33 36
9 76
7 90
11 86
7 46
30 84
11 87
48 5
25 70
23 62
60 34
5 16
68 62
56 85
38 33
59 84
86 8
28 85
63 80
18 27
82 40
58 56
13 43
73 1
58 74
23 56
54 59
7 50
24 53
55 22
24 32
99 74
75 26
59 77
78 45
43 38
91 81
73 83
91 11
3 5
71 99
86 81
95 54
66 69
65 14
13 81
97 31
45 68
49 89
