160
89 92
55 45
51 23
94 8
68 88
97 84
7 62
34 68
23 45
53 4
24 89
30 0
29 77
77 63
28 81
75 21
68 6
59 26
37 50
89 13
81 85
16 39
90 47
52 61
2 78
99 24
38 44
21 48
87 2
55 69
43 23
28 65
91 22
54 35
32 45
94 91
66 79
18 52
2 99
10 73
69 80
65 57
7 93
18 91
17 11
77 38
85 60
75 78
62 34
20 86
8 86
71 50
92 73
2 29
32 38
99 65
18 63
83 33
68 97
18 72
47 60
15 43
35 69
14 82
69 65
92 97
16 44
18 2
89 63
49 64
98 18
1 72
38 90
10 72
0 56
64 11
37 29
0 21
84 24
37 82
8 43
5 53
81 93
58 62
71 8
10 6
9 55
16 35
61 96
9 58
71 80
32 81
75 83
54 94
75 70
83 75
52 75
12 87
91 39
77 75
35 95
13 13
52 44
36 35
94 47
16 56
78 93
25 4
39 73
45 0
57 73
53 78
48 72
98 51
95 35
26 44
66 69
98 60
21 17
79 68
53 28
17 38
41 9
34 62
74 83
82 42
60 79
99 36
39 23
59 47
5 33
78 50
30 21
49 11
34 72
77 0
93 59
57 86
97 93
80 39
74 92
16 95
97 44
37 23
76 10
6 12
66 15
52 66
82 29
2 5
14 90
99 1
45 87
12 16
61 60
20 9
0 76
46 7
79 61
51 32
