129
38 0
96 73
1 69
51 99
68 72
3 70
3 66
89 73
0 82
84 35
71 72
1 52
24 41
62 39
98 6
65 43
28 12
54 33
74 34
71 64
70 33
71 0
69 50
4 74
79 60
0 56
37 97
83 29
74 67
42 3
93 71
97 0
50 5
25 99
3 81
48 27
71 52
73 52
90 32
8 96
46 96
0 93
84 2
3 63
25 36
67 47
0 96
68 3
85 68
42 96
44 5
48 32
40 97
3 62
99 80
1 83
46 24
0 99
33 15
90 72
1 99
92 2
82 63
42 98
48 98
0 76
38 99
0 60
87 70
67 28
96 74
64 41
20 38
3 76
1 91
77 68
6 97
65 69
23 99
36 99
38 6
29 98
6 96
77 34
37 4
83 27
58 39
0 57
74 51
3 84
47 99
43 99
48 31
99 0
0 86
40 20
0 55
2 92
75 67
50 99
0 81
82 28
10 97
18 39
1 89
1 95
23 40
1 79
25 41
0 69
35 97
34 97
22 97
3 65
1 97
29 99
22 37
2 59
36 16
83 36
13 98
11 97
1 76
32 97
17 96
1 63
18 97
20 99
75 55
