161
86 38
25 73
31 9
70 37
64 0
86 56
80 90
70 56
48 50
84 57
97 24
44 64
20 46
4 6
43 6
34 8
5 51
42 65
24 19
8 93
79 43
51 66
73 8
26 35
37 24
3 36
21 65
16 28
12 38
58 72
37 29
22 8
49 7
72 12
69 50
30 72
36 71
10 82
50 95
5 54
79 77
29 52
31 92
63 52
99 64
46 31
28 59
86 49
27 42
33 58
39 91
34 20
64 45
14 59
48 26
24 59
84 81
37 73
92 34
51 60
78 94
74 82
17 74
28 45
20 91
10 96
43 89
49 80
40 55
58 39
57 84
34 55
50 90
78 11
2 96
6 26
20 43
94 26
51 44
51 12
29 27
65 90
54 79
81 82
58 49
93 0
53 0
77 2
12 89
49 77
54 94
73 50
91 71
57 51
24 52
19 76
97 32
39 66
64 60
2 31
32 53
91 80
94 45
7 67
11 64
57 3
15 14
61 11
78 66
63 27
56 24
92 84
57 16
71 0
70 18
31 61
70 62
7 35
20 27
19 87
42 95
52 26
73 16
3 24
12 78
63 25
53 35
31 29
60 59
88 95
12 33
36 28
87 71
18 96
58 91
15 56
44 16
73 57
98 84
68 4
19 15
99 42
87 25
24 92
67 22
0 61
65 76
39 52
83 25
0 77
20 55
30 1
60 86
90 98
8 42
79 18
24 99
78 0
97 75
17 73
81 1
