166
0 31
81 53
62 18
3 36
71 78
45 91
28 34
55 81
19 12
45 75
41 68
20 74
44 11
65 69
6 65
75 72
94 61
9 28
28 31
52 70
58 61
80 63
15 6
94 84
30 21
99 33
91 67
68 32
70 63
74 76
85 46
37 38
43 9
77 80
32 4
18 13
16 26
96 79
98 11
2 99
63 37
71 6
77 64
89 89
29 87
47 43
94 76
61 48
28 9
55 93
44 54
33 96
32 16
71 16
26 16
86 40
7 10
76 7
70 59
20 97
79 87
6 88
2 97
52 13
53 52
34 94
45 37
12 25
80 26
70 72
45 63
78 79
44 29
55 88
70 81
64 42
61 5
60 27
5 30
87 92
39 4
65 32
59 88
24 96
24 73
4 63
19 48
87 78
25 13
72 13
71 68
11 40
69 89
72 59
89 42
40 24
83 0
41 48
91 47
24 89
43 87
22 27
91 27
60 98
51 96
57 70
35 54
38 26
9 79
25 3
69 51
21 2
4 89
26 67
65 1
10 8
76 28
18 43
64 89
79 51
31 70
66 78
51 10
22 92
24 86
17 23
56 45
87 72
9 61
87 14
83 4
81 32
35 2
30 70
19 29
22 44
9 49
22 84
49 57
78 94
64 79
89 18
9 2
34 22
97 43
17 58
37 72
51 1
63 10
60 17
88 21
22 78
96 73
32 37
3 0
82 89
17 79
76 23
83 39
3 49
31 25
21 65
0 26
86 22
80 14
78 36
