172
95 11
95 86
38 40
41 13
55 9
74 2
12 80
47 82
18 32
6 96
2 82
88 35
32 80
22 52
91 40
57 45
12 17
96 58
87 54
47 67
35 61
41 56
92 63
22 29
58 32
91 65
65 97
64 85
22 94
52 46
15 91
66 65
36 15
72 41
3 51
47 17
79 30
48 56
67 44
84 21
84 87
73 34
47 52
63 11
58 35
62 26
23 23
79 23
90 14
32 43
2 20
93 95
19 93
25 19
80 55
50 26
35 11
11 40
43 47
60 63
24 9
38 85
33 89
57 85
67 90
2 6
97 24
74 10
51 94
18 80
14 79
0 25
56 21
62 18
42 17
18 12
75 80
32 90
26 37
86 26
23 5
12 28
31 47
24 81
21 52
30 43
21 28
56 28
91 78
23 33
24 34
41 61
48 31
92 45
67 73
8 18
16 6
54 10
44 6
6 28
60 92
32 68
11 94
50 7
58 38
13 83
1 60
33 16
71 54
41 42
3 75
31 97
68 79
12 63
63 91
94 31
46 21
16 76
68 11
21 0
97 80
32 71
55 95
30 75
57 72
24 54
53 2
72 87
10 32
2 41
38 95
38 94
4 17
69 75
23 86
49 96
77 62
47 45
28 40
37 6
3 1
1 94
15 3
27 34
31 16
49 0
6 46
54 16
3 12
4 77
83 76
46 26
31 25
63 56
98 87
29 20
2 11
26 91
68 29
41 44
90 2
84 70
28 20
76 73
6 37
92 89
74 28
25 73
45 90
86 2
63 42
34 60
