163
37 3
43 59
94 35
39 11
12 8
94 83
72 35
36 41
28 2
11 46
31 44
27 23
51 58
15 62
71 75
11 4
71 97
24 92
17 83
58 84
63 94
59 64
18 41
14 12
82 62
15 97
98 4
35 19
51 73
62 82
99 17
97 67
95 25
7 78
71 6
64 69
21 45
89 32
29 66
43 66
13 16
68 33
46 64
52 50
88 67
46 45
24 74
82 73
78 95
8 33
75 69
24 42
16 93
43 5
83 8
83 3
58 31
48 94
51 37
22 83
80 44
64 67
73 24
95 0
82 19
32 27
71 27
31 50
18 58
42 74
13 77
50 74
34 62
31 9
0 69
45 70
71 43
32 53
26 57
18 29
45 11
38 95
95 74
33 80
2 16
29 95
62 6
41 16
67 28
84 3
21 55
5 11
79 57
6 26
62 99
77 42
95 58
68 73
90 28
56 4
73 89
55 61
85 35
58 54
17 63
59 47
74 47
91 53
86 24
85 54
42 34
41 31
66 0
45 36
27 25
61 91
74 57
26 99
68 47
14 25
48 1
64 76
3 9
32 89
37 27
24 89
27 86
48 56
68 66
24 2
21 24
34 57
53 42
98 54
9 68
50 48
49 19
28 39
37 65
19 98
92 10
59 38
70 58
41 91
51 82
39 52
82 55
82 26
54 47
61 46
87 74
58 42
3 98
11 2
3 51
65 82
5 46
46 52
12 70
40 83
66 17
57 37
83 79
