169
58 60
89 69
85 40
88 85
10 56
37 1
9 78
39 55
53 34
6 15
60 0
45 39
55 66
82 7
86 32
60 44
80 74
26 30
17 81
50 58
27 37
35 46
92 30
44 87
78 16
96 90
89 80
64 31
51 51
34 74
52 39
49 78
62 54
20 18
27 56
27 77
77 20
31 38
71 21
89 45
21 68
59 71
12 71
36 64
90 75
35 87
18 6
88 24
45 15
35 35
53 91
65 69
5 32
66 28
51 17
49 69
12 34
9 52
51 29
74 4
28 26
45 95
44 50
96 86
12 67
30 13
35 41
66 43
4 27
79 97
61 32
50 38
89 20
12 64
14 48
29 60
46 20
75 86
99 10
91 51
95 70
95 14
61 3
55 58
63 75
34 99
10 13
76 63
80 32
12 4
96 72
98 32
58 92
50 77
90 66
11 2
7 34
70 12
9 86
30 4
23 10
9 89
24 53
81 22
45 69
58 23
50 92
41 99
91 4
22 57
35 4
71 41
48 54
99 84
2 50
94 8
40 69
96 39
58 36
66 10
79 1
45 84
14 80
41 11
65 46
3 78
83 51
57 24
85 18
79 34
19 61
49 77
31 11
82 39
78 76
91 26
44 27
26 61
85 23
27 93
68 15
92 91
70 49
40 24
17 72
65 17
56 53
55 79
0 77
79 28
53 17
31 0
77 95
70 66
45 62
15 1
97 92
70 64
0 31
48 55
95 3
91 62
35 96
54 22
95 98
15 27
56 0
60 24
20 81
