204
63 21
93 36
70 92
21 36
62 70
27 31
16 18
27 10
6 26
77 50
21 7
98 59
90 97
12 9
77 33
28 83
63 9
13 1
44 11
48 1
21 46
37 5
2 36
62 34
52 63
84 57
54 25
89 9
82 63
74 70
33 76
97 39
56 38
81 78
44 56
41 43
21 78
33 82
75 0
23 69
83 48
21 96
59 56
90 93
69 58
55 66
90 44
11 37
9 90
68 39
37 90
68 31
99 67
64 29
97 2
5 61
29 35
32 28
49 96
23 19
82 74
37 41
93 77
15 53
7 53
76 54
89 70
56 17
5 97
76 29
84 46
48 23
63 49
90 2
68 72
28 76
84 87
22 93
58 80
28 5
39 65
34 19
25 16
55 44
50 47
62 12
63 4
16 93
5 51
33 56
19 82
69 15
1 93
63 96
22 28
39 53
23 1
37 12
6 71
71 42
72 25
65 78
42 1
21 63
7 33
42 78
51 43
99 43
9 22
83 2
65 43
63 64
54 53
28 54
69 11
35 47
6 40
4 0
84 9
16 81
93 57
78 85
79 98
34 68
15 85
71 77
85 14
89 15
15 45
2 64
98 77
37 37
0 8
86 29
51 34
30 45
19 41
95 51
59 58
99 33
28 55
16 24
50 91
57 92
8 76
59 72
12 32
78 77
78 61
43 39
83 94
28 91
20 15
99 84
70 66
16 73
49 12
50 7
98 22
70 2
54 11
57 31
0 74
58 4
29 65
69 86
94 49
1 51
98 73
0 15
56 88
28 71
52 57
98 18
43 22
78 23
78 9
0 97
22 57
61 89
44 18
48 82
8 83
86 36
4 15
37 99
0 45
1 21
28 25
51 27
90 21
93 30
41 31
75 43
1 27
44 71
12 63
16 58
2 55
91 81
0 83
48 69
51 77
0 72
