171
79 34
50 23
46 95
9 67
22 82
42 14
73 2
91 2
34 6
39 94
31 27
17 17
30 18
4 92
87 84
30 86
2 41
64 41
6 84
7 39
53 87
42 8
1 18
21 52
56 14
71 26
89 88
96 68
17 46
42 30
89 78
84 67
60 72
86 33
6 9
6 1
10 21
82 80
51 79
63 66
18 40
28 76
55 93
68 86
90 82
54 73
33 49
31 63
28 33
14 48
17 68
90 18
60 64
95 67
55 29
28 42
74 80
96 73
29 7
29 80
33 81
1 74
23 79
15 4
29 1
80 12
93 68
92 28
22 61
53 49
0 93
96 87
81 74
47 6
38 53
91 61
55 62
0 23
50 33
5 3
62 61
74 95
20 94
35 32
59 81
73 86
60 46
42 21
81 57
7 61
91 73
56 68
34 66
82 24
61 68
93 39
20 58
9 97
44 74
7 95
29 22
20 76
43 24
5 32
73 7
40 86
45 83
2 95
69 62
23 1
93 58
5 68
62 90
38 73
25 16
75 53
68 5
88 37
6 22
63 83
61 7
44 15
66 45
47 27
4 64
25 8
60 0
92 68
4 30
9 20
29 71
61 13
39 1
85 50
94 81
94 44
19 44
24 58
64 17
40 36
15 73
61 52
1 27
2 23
84 39
93 6
90 93
21 30
33 84
66 95
25 39
32 39
3 4
16 8
89 14
1 55
92 77
10 58
11 8
63 11
69 96
11 67
72 14
35 19
4 57
99 78
41 90
11 59
21 12
53 42
63 97
