171
88 14
46 23
22 83
36 55
55 43
40 65
4 72
4 9
96 99
25 70
89 33
3 95
94 22
6 44
66 50
58 75
54 34
2 85
45 69
52 12
53 49
96 24
5 36
24 62
24 22
19 14
37 12
29 12
55 90
56 20
20 65
45 90
96 90
94 40
84 11
89 94
59 50
38 7
66 86
23 72
97 72
68 95
17 95
7 40
55 31
50 12
9 18
59 97
55 51
82 61
68 70
48 95
55 96
17 81
73 97
62 64
11 34
80 6
11 85
68 18
33 11
70 80
34 80
28 62
30 72
4 22
10 89
28 42
23 58
81 29
89 49
73 15
29 25
91 84
44 97
90 78
21 2
93 78
99 64
80 61
25 40
38 63
23 26
69 35
80 21
77 51
76 88
73 63
70 1
67 73
41 43
58 55
88 23
1 65
38 21
20 92
10 0
85 64
28 10
94 8
47 5
53 37
91 2
23 78
3 59
64 11
97 16
28 78
74 74
17 44
94 93
54 83
96 84
32 21
85 73
48 66
99 2
71 4
51 75
28 18
25 7
4 55
43 18
95 71
26 6
16 88
78 95
65 9
71 47
19 69
36 63
13 57
75 82
39 22
22 17
66 78
41 6
20 33
62 1
48 51
11 78
13 54
65 54
67 16
57 31
84 17
40 25
56 17
40 85
61 23
76 71
93 34
33 68
84 20
14 66
51 39
68 96
97 8
82 90
31 32
9 61
75 8
92 75
55 64
65 28
1 51
68 24
55 79
96 35
31 90
6 98
