103
45 47
9 8
60 58
26 27
97 3
73 73
96 93
30 33
20 24
51 56
45 41
3 2
61 60
5 3
53 57
52 54
42 38
95 98
35 32
86 85
52 49
17 16
92 93
27 28
49 47
68 66
67 66
65 64
7 8
84 85
52 51
24 26
29 31
9 14
55 53
78 77
54 56
87 91
89 89
25 26
72 69
80 78
10 9
46 45
38 36
74 76
74 77
58 57
78 82
37 37
28 29
69 70
92 90
83 83
19 19
87 89
47 45
60 64
37 34
40 44
35 36
16 14
41 37
42 41
60 65
67 72
23 19
90 89
30 29
45 45
70 72
7 4
39 43
34 31
97 96
15 12
43 43
15 17
74 71
96 98
73 77
50 53
12 10
48 47
85 87
61 62
94 94
49 53
15 16
66 66
5 8
56 57
0 3
84 80
5 6
17 21
23 25
21 24
18 19
12 13
1 3
98 2
96 99
