169
6 41
2 79
6 10
15 97
31 9
52 11
63 81
82 62
43 63
86 13
55 46
86 98
93 64
53 40
0 38
20 74
33 59
10 64
53 77
38 65
94 57
0 25
53 57
44 4
19 82
68 59
91 18
29 74
39 96
22 25
84 26
46 27
98 62
88 24
60 12
3 86
19 42
79 99
11 57
87 44
56 82
41 37
33 47
34 89
17 79
67 14
32 20
34 4
54 35
99 36
61 11
22 2
93 83
97 53
38 83
3 68
93 2
35 48
79 83
47 59
99 39
97 86
77 84
64 53
97 23
16 18
98 97
12 13
48 91
99 45
92 19
38 29
78 22
61 75
76 71
3 83
23 55
97 92
88 92
22 63
3 23
66 68
13 22
40 37
10 39
29 18
82 15
6 45
49 15
80 79
34 94
20 44
87 68
3 99
31 54
0 12
72 59
36 86
21 21
52 28
25 74
69 61
53 87
45 20
65 27
31 99
94 16
4 94
10 10
88 12
49 35
51 20
45 43
0 33
86 53
59 91
70 38
9 2
85 35
54 17
27 31
43 2
89 6
60 52
91 77
3 62
40 6
79 51
82 3
77 66
3 37
31 57
29 58
65 76
50 99
82 76
89 49
84 33
46 10
97 0
85 48
12 50
61 38
36 19
21 51
44 71
61 19
20 13
85 19
83 54
87 79
27 32
76 86
62 3
24 84
43 94
14 30
52 5
65 91
27 80
69 67
88 87
35 14
58 84
62 68
0 15
51 2
52 0
73 97
