168
66 95
97 77
21 17
90 71
35 73
61 42
28 70
26 89
39 21
35 99
84 92
60 76
30 13
61 55
13 27
66 85
8 18
92 7
51 61
41 50
57 68
37 25
66 91
95 83
79 38
82 26
98 14
89 31
33 24
45 38
64 72
78 1
85 65
92 26
75 12
35 13
68 7
79 44
4 41
58 73
52 42
28 50
90 45
81 79
9 34
56 96
94 52
17 42
26 25
21 11
25 31
74 30
60 79
22 42
8 91
96 29
26 70
95 91
2 66
30 60
85 94
39 90
78 86
95 59
20 55
42 34
63 49
48 77
90 21
29 6
31 62
37 57
72 44
2 43
76 6
80 53
73 25
61 96
70 40
70 25
61 34
8 56
85 17
88 48
36 92
27 66
52 70
31 34
8 3
9 14
98 62
60 8
33 39
54 77
35 51
56 18
61 64
73 89
32 30
55 93
53 38
18 94
19 28
30 93
73 61
90 97
60 54
61 20
81 68
40 10
95 33
99 44
73 20
49 51
4 52
9 68
68 21
13 83
96 86
5 36
4 24
64 23
18 82
22 4
30 90
78 34
1 21
68 55
14 10
91 0
89 16
6 96
36 63
64 37
0 28
79 68
1 68
67 12
69 89
92 9
5 78
70 71
15 76
26 65
62 81
58 38
84 14
24 70
95 75
86 73
69 35
52 2
5 66
55 24
2 8
13 77
9 30
0 56
87 33
88 9
11 81
19 69
42 94
6 75
22 66
13 10
30 0
60 2
