177
87 95
35 57
75 95
42 69
79 2
30 2
82 72
16 13
23 80
58 81
31 18
14 40
87 24
15 33
59 68
96 38
34 19
97 86
97 21
28 60
57 56
46 31
96 97
62 57
41 75
26 71
65 62
59 41
9 91
18 47
6 68
77 49
50 53
61 90
75 39
55 59
58 95
73 48
59 96
70 64
74 81
86 71
4 64
70 11
59 74
1 50
9 31
29 19
75 60
11 9
44 41
12 76
72 57
54 19
58 29
95 48
48 58
37 65
67 24
26 55
21 92
10 23
98 13
44 21
96 54
45 15
59 51
91 21
94 44
38 14
8 6
8 53
29 96
74 42
38 6
2 91
54 32
83 11
87 63
92 53
38 4
24 37
71 4
31 49
57 94
97 11
42 87
67 44
13 5
28 39
57 27
84 24
33 11
28 11
52 42
5 83
48 61
46 36
6 19
97 22
76 0
4 74
64 35
61 78
80 98
66 33
88 5
54 37
47 81
1 67
74 70
20 45
58 24
46 9
75 0
44 51
98 66
23 77
14 78
26 42
52 25
72 4
18 60
62 17
85 22
61 12
9 53
18 79
85 32
88 34
96 30
79 22
56 73
56 93
50 73
65 94
83 88
40 78
76 52
84 39
52 53
55 91
68 76
62 19
62 83
68 71
33 77
41 83
19 85
92 38
76 21
50 5
65 64
29 53
19 53
46 47
79 61
51 79
60 39
53 78
74 22
73 74
51 97
72 8
95 33
64 85
24 14
86 39
43 45
3 1
59 2
74 26
12 97
57 78
84 45
23 6
98 91
