170
53 29
67 90
78 63
37 59
7 56
97 90
8 29
28 10
98 29
33 50
6 39
87 93
48 47
4 59
53 95
12 35
94 45
39 14
94 30
58 38
35 94
30 48
79 31
41 16
17 40
2 95
66 20
80 15
57 72
88 75
64 66
34 52
56 8
50 51
99 39
88 57
22 58
86 48
25 30
31 26
29 91
23 46
81 68
44 42
37 12
25 42
2 91
65 39
46 13
1 83
19 3
60 36
55 47
62 85
62 99
24 27
59 71
14 9
31 55
63 10
64 4
15 16
64 97
55 0
75 39
56 96
59 68
21 31
82 18
24 38
9 73
25 70
54 52
70 9
32 27
49 19
90 72
4 32
71 50
41 51
6 23
24 21
67 13
39 53
5 83
28 93
39 7
79 99
60 14
7 73
9 77
61 32
30 1
86 90
49 26
5 69
16 74
42 80
45 55
43 91
10 47
55 83
61 55
0 9
83 44
9 9
74 1
18 80
74 22
69 82
72 64
37 37
60 80
66 30
72 12
66 61
96 84
79 79
59 92
4 36
46 38
29 49
78 16
27 84
21 56
29 38
21 12
50 99
98 20
15 65
86 79
44 47
59 94
58 3
30 26
85 64
74 62
43 69
62 8
69 56
0 44
51 1
82 51
71 73
90 86
35 85
68 78
19 0
34 28
30 66
33 11
87 8
14 90
75 94
38 1
93 9
74 97
73 58
63 60
53 68
34 40
20 16
54 56
59 63
28 24
94 12
19 94
38 6
18 99
67 96
