170
53 25
20 67
51 21
58 10
17 85
33 12
89 57
43 37
40 81
50 41
86 85
42 63
4 26
51 92
45 57
94 14
88 22
26 72
6 23
8 62
89 91
80 79
84 65
8 31
3 31
19 32
70 83
23 11
9 23
17 73
87 39
78 40
1 42
60 39
28 13
2 93
98 88
3 6
0 27
49 32
92 90
93 29
39 94
3 34
60 54
31 92
58 86
95 27
35 88
26 26
74 15
52 13
49 78
13 51
7 49
76 53
13 44
95 43
92 23
91 80
50 82
81 14
43 3
72 90
44 35
99 76
50 16
66 63
53 66
66 87
21 16
76 15
87 31
78 9
38 27
73 73
53 64
23 21
97 73
63 20
33 34
27 15
53 7
73 53
36 48
10 27
86 97
85 31
64 48
13 37
18 43
34 25
0 61
10 3
78 30
21 82
68 47
74 84
79 89
45 27
0 52
55 32
83 73
62 59
31 56
9 81
89 68
9 45
83 7
86 43
56 0
72 25
17 67
56 20
53 76
69 17
63 18
68 97
13 66
2 79
97 49
81 96
75 5
51 27
64 38
89 79
24 94
65 74
80 50
95 36
11 59
41 49
75 79
26 40
26 46
19 16
21 62
26 66
43 12
93 52
43 7
93 40
67 82
74 45
75 99
79 38
23 29
57 44
85 48
27 79
20 55
72 44
89 42
82 88
1 10
76 34
1 86
72 35
7 36
71 73
89 45
22 48
3 41
84 20
5 23
69 87
74 61
48 86
70 20
22 1
