171
54 32
87 51
99 95
9 9
5 48
4 17
54 43
19 91
3 59
22 7
57 90
25 23
22 41
64 68
70 3
46 87
61 70
90 20
8 46
17 89
78 10
32 55
11 49
3 37
10 98
70 31
58 38
67 23
15 53
80 26
65 81
8 18
73 42
33 7
95 21
30 17
33 78
91 6
34 14
73 21
91 10
93 35
0 25
60 97
47 38
99 72
60 16
5 43
42 96
82 89
90 33
77 32
76 62
54 27
5 28
63 92
23 79
88 8
37 98
83 76
17 52
67 6
75 46
34 20
59 80
78 85
31 51
17 2
90 79
61 59
55 62
98 65
33 27
6 73
33 43
97 59
63 26
35 68
28 85
63 14
78 14
79 83
13 69
49 68
4 7
81 67
39 7
60 33
18 76
29 3
37 51
53 97
24 64
70 80
79 20
60 87
85 62
28 63
76 80
63 80
89 95
96 1
80 76
63 41
36 40
70 35
86 80
36 38
52 81
63 5
7 98
23 4
80 42
60 74
39 2
70 90
66 99
57 35
27 21
37 78
62 57
98 11
4 11
50 12
14 30
15 78
2 15
71 53
23 19
10 78
60 65
30 92
28 44
60 7
4 93
47 78
28 90
38 46
56 60
31 30
65 51
22 32
65 53
63 46
36 75
74 96
70 49
36 94
83 29
5 69
0 89
82 9
95 78
12 32
65 36
29 88
50 71
64 47
53 0
97 92
17 16
32 87
7 94
9 58
70 46
4 83
28 71
99 44
21 48
89 16
75 76
