168
25 98
79 39
96 94
73 41
92 35
32 7
68 29
82 76
28 4
61 41
9 37
29 50
60 91
95 54
47 86
72 38
97 19
4 61
58 95
68 79
6 21
68 95
55 11
30 57
70 29
67 43
76 69
40 49
71 16
51 45
44 14
8 58
29 11
81 84
12 87
21 51
47 23
51 4
16 33
31 2
58 3
52 75
39 12
54 23
4 41
89 23
56 63
32 47
61 79
91 3
33 36
48 93
98 45
37 68
40 17
42 81
15 49
30 55
4 11
56 45
84 74
78 54
71 50
29 96
79 27
87 63
54 29
65 31
29 27
84 44
27 80
59 69
3 33
77 68
9 66
16 62
57 88
83 56
67 91
10 26
21 19
23 63
95 84
29 39
10 91
64 18
75 85
76 87
22 3
26 45
63 65
21 34
11 26
88 44
29 55
5 6
80 28
20 62
4 13
29 30
23 37
78 47
9 71
15 17
18 12
31 65
49 48
25 91
58 33
53 58
32 60
79 22
83 14
6 77
72 58
92 14
78 80
52 39
92 87
39 25
18 67
47 21
0 29
42 3
60 8
44 39
58 54
30 20
7 52
90 94
3 6
92 16
76 41
4 51
76 6
37 75
33 49
98 31
36 59
9 98
58 76
2 97
15 12
31 76
59 52
68 86
4 80
36 98
53 71
86 9
76 90
89 91
50 22
42 87
48 42
22 43
83 5
33 99
0 38
14 61
41 69
40 99
88 54
38 85
82 94
90 50
1 18
81 61
