172
69 96
34 82
75 57
97 19
7 17
19 83
92 23
1 54
26 86
15 20
22 15
37 39
81 14
46 80
25 76
58 52
94 4
8 61
55 92
28 92
43 90
16 29
50 16
23 6
86 91
39 91
57 74
32 93
4 44
64 21
52 35
36 93
17 85
24 50
2 95
95 30
2 12
97 76
90 37
86 98
52 94
41 80
92 41
92 94
33 80
99 37
55 13
56 68
61 70
11 73
35 48
29 21
57 13
89 76
98 70
27 10
34 78
95 72
32 55
65 64
78 31
8 23
57 9
94 21
18 63
82 21
46 65
95 83
63 78
8 33
94 12
73 37
26 92
72 22
80 40
55 28
82 83
21 85
57 41
8 94
72 16
34 8
8 55
94 1
27 14
47 42
64 16
54 2
60 64
7 0
77 41
45 7
86 24
78 76
48 95
87 61
68 21
84 35
0 88
41 77
71 24
88 39
1 26
67 42
33 97
80 10
44 53
58 23
15 79
16 25
38 71
57 36
63 24
48 37
30 39
66 48
98 27
83 67
80 98
10 22
91 85
7 52
32 60
28 32
52 62
3 20
17 53
76 46
43 57
97 14
3 33
76 9
51 79
92 73
84 73
50 68
59 18
6 97
55 51
47 57
89 55
47 37
42 13
95 51
39 43
89 51
12 15
15 98
71 90
40 52
16 95
5 40
80 63
46 29
22 20
16 90
13 85
79 57
25 53
19 91
15 69
75 52
21 28
53 22
0 80
30 57
36 53
94 8
43 98
72 51
38 25
43 43
