164
57 18
86 82
16 36
73 59
84 37
68 34
72 80
84 22
25 19
48 22
56 45
76 73
88 14
72 85
75 98
18 15
80 1
30 41
15 47
63 52
23 6
70 17
9 34
77 20
28 9
82 21
87 21
0 0
94 87
15 50
76 63
77 91
71 55
97 45
57 37
90 63
13 28
52 27
74 28
55 52
50 41
26 8
90 9
74 89
97 81
71 47
68 8
80 58
96 67
71 13
78 5
69 61
86 28
80 91
78 50
71 46
27 18
88 7
80 77
72 23
73 68
80 38
58 49
55 37
82 57
70 91
43 37
69 96
17 45
3 9
68 36
53 13
25 44
76 14
88 47
83 15
87 99
80 42
91 86
75 54
10 5
80 65
81 91
81 41
82 87
66 67
0 3
57 29
28 42
80 50
56 5
26 24
15 35
5 28
77 65
19 28
53 11
62 45
93 78
58 23
50 3
51 44
47 19
77 56
80 26
53 3
95 8
58 42
92 61
95 53
11 9
77 0
93 8
57 22
86 7
97 29
35 11
86 62
82 95
69 84
92 82
51 35
87 23
81 34
79 44
76 93
88 92
28 15
54 18
97 1
85 74
79 96
71 27
81 69
87 53
97 58
4 17
84 13
88 75
41 35
16 21
62 28
91 75
73 30
83 30
81 54
48 26
89 2
11 10
96 14
66 73
14 26
59 40
75 81
99 5
85 78
92 31
93 91
79 10
84 97
17 10
83 46
52 4
54 42
