170
71 33
59 4
40 13
35 60
40 56
24 83
15 43
80 90
55 31
74 67
34 99
38 2
77 95
7 22
52 80
69 42
64 90
69 24
28 74
34 6
18 19
40 19
72 19
75 74
29 65
43 97
5 14
55 51
96 34
10 67
30 42
95 89
90 9
76 2
15 54
63 79
60 27
51 23
88 28
94 57
20 66
14 49
78 46
81 18
85 90
84 63
18 96
41 64
77 55
44 12
82 61
99 5
95 80
3 0
35 10
12 12
50 59
20 90
41 1
80 81
66 28
42 97
90 56
0 57
34 78
43 33
53 40
6 3
23 47
55 8
63 50
30 19
66 2
69 57
3 96
31 37
45 8
5 55
12 73
62 0
28 25
93 26
58 62
63 62
45 39
42 37
25 55
15 81
12 13
91 52
17 74
53 77
53 43
73 58
64 89
50 70
87 89
62 89
19 51
32 15
72 92
90 50
35 31
46 76
59 98
6 52
83 54
48 97
94 80
93 76
37 40
88 87
87 35
21 34
32 92
6 5
66 11
13 12
75 47
81 39
83 93
66 41
49 39
75 22
57 59
22 93
3 4
14 57
50 23
33 22
73 16
52 30
56 95
28 76
96 3
46 26
24 33
18 12
79 28
74 56
10 65
84 51
58 44
99 0
12 74
72 69
39 92
76 30
50 8
92 47
47 2
83 9
45 28
73 30
66 38
99 1
51 5
67 52
4 8
4 97
86 19
34 39
4 21
80 2
21 50
24 32
78 37
1 4
79 4
15 80
