166
63 97
29 45
46 18
81 14
89 62
53 84
16 43
36 55
60 75
48 91
28 78
48 19
79 62
53 99
18 64
92 5
84 5
66 27
97 27
84 33
76 74
67 44
43 28
87 86
61 36
66 94
75 88
61 43
37 62
92 78
35 21
90 57
7 97
8 98
84 9
0 50
60 87
13 39
68 73
84 41
50 93
2 56
21 36
84 66
70 13
17 34
20 34
13 74
13 79
29 40
88 16
52 37
22 25
46 22
34 31
44 70
53 46
73 42
57 9
49 37
18 31
7 20
40 50
37 73
63 58
95 10
93 15
82 71
6 78
56 58
35 11
68 34
71 48
53 79
56 73
56 87
72 36
80 22
59 95
95 90
52 44
97 22
80 66
20 46
23 49
95 69
67 83
37 26
1 60
31 11
8 34
14 82
9 79
3 19
95 52
14 6
12 91
47 55
61 5
19 84
44 73
79 45
73 33
40 10
34 17
81 73
29 92
91 34
48 50
9 41
88 80
41 22
76 35
51 65
31 31
42 84
36 70
41 86
28 24
12 54
19 44
51 18
91 73
96 87
10 59
35 41
31 69
44 49
13 28
25 50
72 91
55 91
43 48
88 12
95 97
72 59
37 1
32 23
42 53
8 27
2 24
40 39
66 30
46 87
88 68
40 21
12 17
31 5
73 49
98 72
31 88
23 20
0 29
59 89
68 4
53 70
90 48
12 58
10 61
38 66
29 17
69 68
45 91
67 10
44 33
2 95
