161
79 50
26 49
22 83
80 80
78 40
35 72
93 26
14 73
52 39
88 93
83 79
43 50
95 4
39 27
30 56
6 22
4 39
30 6
3 73
76 81
41 3
86 31
15 8
13 30
81 37
46 74
44 55
72 25
32 72
81 85
16 27
29 87
92 97
50 97
18 10
19 89
68 46
22 95
66 94
66 53
16 91
37 42
19 30
48 48
64 2
16 15
64 47
43 23
76 9
15 94
58 34
85 40
93 60
50 16
58 26
44 8
45 36
32 36
96 31
11 33
86 88
26 76
65 63
89 5
10 47
23 65
33 48
59 93
43 45
89 43
1 67
71 12
40 94
20 64
94 74
31 80
1 62
56 54
16 56
43 78
56 72
52 44
72 85
67 77
7 20
86 49
41 54
80 64
85 72
52 16
60 12
34 95
16 86
72 39
90 68
67 3
17 74
56 45
11 62
18 51
51 11
55 65
65 9
77 97
7 79
72 2
10 79
50 74
41 64
67 81
30 14
5 35
91 63
72 19
46 8
19 3
36 38
89 42
0 33
58 80
14 83
35 13
44 37
9 16
99 76
17 50
25 56
79 24
25 45
44 11
5 10
17 43
28 31
67 66
21 67
70 80
80 94
69 31
38 25
63 51
36 87
40 87
30 59
21 87
28 24
57 35
51 90
12 55
73 67
58 56
75 53
76 91
5 4
8 85
29 68
42 65
98 69
67 59
94 86
67 33
42 34
