117
40 27
23 72
25 45
93 51
28 87
92 26
22 45
94 89
68 28
25 25
25 27
94 93
22 81
25 34
24 79
87 28
25 43
24 27
93 42
27 61
90 40
22 58
90 92
23 59
77 22
91 54
25 90
94 87
25 76
92 89
90 70
91 28
84 26
94 30
26 54
22 32
26 51
94 65
91 70
93 50
27 86
27 45
92 93
73 24
92 97
27 54
95 34
62 22
23 80
59 25
27 65
90 41
87 25
92 43
67 26
39 28
32 28
80 24
44 23
25 69
27 36
23 82
94 62
23 64
93 85
94 53
92 48
90 60
74 26
63 25
23 57
24 67
92 84
89 36
91 67
69 27
89 56
35 26
66 23
62 26
80 25
26 37
56 27
26 53
26 50
55 25
84 25
50 25
90 38
46 23
90 76
23 85
94 61
94 76
23 39
94 25
24 26
89 82
92 31
46 28
29 26
23 65
91 45
34 24
91 57
91 33
90 66
48 23
32 23
95 79
91 72
24 89
25 91
69 24
90 77
88 26
91 78
