183
62 26
49 44
4 40
63 77
28 95
26 5
12 92
64 66
2 19
33 88
10 62
45 78
19 85
33 70
41 54
58 49
61 61
98 69
17 94
10 80
89 13
77 5
93 49
22 80
85 73
59 98
53 72
19 6
71 63
37 5
29 96
7 10
53 53
36 28
89 41
11 37
90 57
1 95
67 61
99 44
34 65
49 85
76 34
70 67
93 66
54 21
71 9
76 70
65 46
96 76
45 58
50 38
48 13
90 50
63 12
8 36
0 13
19 98
58 13
77 85
36 14
39 74
31 9
40 11
33 28
58 8
33 38
36 78
46 95
79 47
22 40
26 58
25 27
75 51
84 83
33 49
88 28
19 65
31 27
98 58
98 39
23 34
48 29
42 85
21 62
64 91
56 86
50 4
40 24
19 18
4 72
27 51
79 45
76 67
85 68
48 70
38 90
90 58
93 76
58 16
4 97
12 18
29 62
41 79
25 43
99 80
27 67
4 86
57 55
4 22
45 45
12 98
52 27
52 37
50 62
80 94
66 21
69 2
83 5
13 9
91 88
15 42
65 13
0 61
29 87
44 97
91 82
75 16
33 26
25 66
42 45
84 77
16 90
14 49
73 38
77 45
10 53
46 92
70 5
95 30
41 15
7 8
93 6
84 79
97 10
46 6
53 36
69 16
87 56
67 51
13 96
61 50
26 71
54 89
88 97
29 91
98 88
50 75
56 31
55 66
55 96
54 37
18 48
74 39
52 81
81 69
74 89
97 64
23 77
8 57
96 50
57 34
18 11
74 54
53 5
45 53
21 98
54 0
43 30
65 28
27 1
37 67
75 98
