165
0 2
32 18
19 94
24 27
85 12
75 47
78 18
88 43
55 10
6 20
61 52
81 76
13 98
23 10
25 91
82 31
17 18
98 71
73 92
91 7
69 98
65 9
18 72
28 83
97 33
12 85
21 11
66 64
63 29
86 52
11 19
3 1
10 90
62 97
96 39
78 54
22 16
59 30
9 54
88 80
94 58
15 59
97 44
98 11
53 25
58 12
84 21
64 14
91 49
90 48
4 55
12 88
29 11
13 5
76 86
61 71
17 51
60 80
26 64
93 63
2 3
58 42
84 71
29 3
69 51
87 23
73 21
23 12
23 84
16 28
0 24
62 45
67 95
68 39
4 69
8 13
65 39
68 91
89 77
81 62
79 33
73 61
72 4
97 58
13 80
18 2
95 77
57 73
83 16
23 14
75 19
73 63
81 5
72 29
54 98
57 95
14 55
17 20
17 75
21 88
2 62
20 85
95 32
13 64
6 94
11 76
93 27
83 82
11 53
27 77
60 70
7 72
56 23
88 56
13 72
27 99
51 90
16 79
53 15
29 24
87 9
51 2
21 76
66 89
69 84
18 24
68 95
16 23
97 53
3 81
3 56
17 67
51 82
51 65
18 11
82 22
9 24
87 21
26 93
97 3
69 65
28 3
4 88
31 16
56 3
23 71
68 79
67 33
86 58
15 24
6 14
29 5
56 51
76 81
23 17
53 97
24 50
24 18
3 17
99 39
77 22
94 4
2 18
9 58
75 23
