169
14 23
59 21
22 7
18 16
57 71
62 96
79 96
91 40
19 7
72 21
56 35
90 45
99 9
17 47
3 53
87 49
34 91
4 89
27 50
25 76
68 1
37 83
5 12
27 59
27 26
52 67
89 55
88 2
11 35
77 93
94 37
74 39
64 38
79 82
97 14
81 86
35 12
68 52
11 34
50 46
85 37
51 6
52 94
91 64
71 57
74 59
4 24
85 33
59 6
54 34
90 60
49 55
76 53
48 77
12 68
34 11
75 30
30 47
10 29
43 46
91 91
52 74
22 41
7 6
86 40
35 34
6 79
10 12
97 3
72 33
47 83
98 23
4 17
33 44
83 2
85 12
45 41
25 30
34 23
61 67
17 40
40 63
47 66
15 99
28 6
51 23
61 88
20 70
46 26
21 63
34 66
96 50
63 58
82 65
6 92
44 33
22 26
1 8
33 37
69 87
55 23
80 14
0 78
87 4
17 29
2 3
21 99
34 81
43 87
75 55
78 11
36 84
64 80
23 80
30 19
2 96
79 62
53 65
97 63
60 47
66 76
43 38
6 45
72 84
66 79
88 90
7 59
91 18
0 84
59 12
88 19
29 19
41 39
28 74
60 80
62 16
53 83
47 14
85 54
76 78
57 94
38 89
60 46
20 83
37 45
61 9
57 48
71 78
98 79
50 12
45 57
96 78
38 55
67 67
99 38
67 19
1 1
24 22
14 67
31 50
80 42
86 82
37 47
41 50
41 94
4 7
86 56
73 98
72 93
