167
15 87
57 38
0 56
24 27
52 8
4 94
3 12
90 31
96 40
61 39
7 86
45 7
73 65
6 6
48 12
83 64
54 86
7 97
60 58
96 29
38 22
36 36
51 43
51 67
5 15
9 84
15 82
69 89
21 43
7 23
63 62
94 77
37 52
39 8
21 90
66 0
36 68
71 93
47 91
52 48
45 75
74 17
22 71
28 45
84 25
93 60
31 47
96 78
86 0
44 50
47 38
13 49
90 52
54 87
77 61
4 42
2 61
98 22
43 28
69 28
3 46
78 32
85 87
33 1
74 57
12 42
85 8
98 75
65 88
0 29
80 79
76 23
16 70
41 3
8 87
26 75
29 62
70 11
48 98
81 88
26 98
55 70
87 92
90 33
83 55
6 42
11 91
83 43
57 97
59 92
66 87
55 0
49 63
73 43
3 25
96 71
19 76
47 34
55 21
32 20
63 7
93 11
19 23
10 71
67 39
34 72
6 5
95 28
37 39
81 68
26 87
25 60
59 44
34 74
28 67
5 88
27 57
3 92
47 67
25 83
78 44
39 85
93 58
99 4
99 22
55 11
63 28
76 75
53 86
18 64
50 20
69 51
42 61
68 86
36 44
79 72
32 6
9 31
86 9
9 38
72 58
99 85
83 46
40 58
18 97
80 5
62 97
81 33
64 5
97 53
51 81
38 43
9 71
60 62
84 76
68 59
96 58
46 4
95 42
61 64
86 49
97 11
2 20
0 88
91 27
75 4
73 23
