139
90 65
12 51
98 62
69 53
53 63
88 54
65 61
31 92
92 37
61 54
17 94
52 8
30 0
91 46
36 28
13 76
98 36
99 9
7 85
92 87
37 99
95 33
76 18
89 8
72 47
96 39
96 57
17 21
94 75
99 83
15 74
39 30
21 34
80 57
21 19
76 53
44 35
94 65
43 50
96 89
78 38
35 44
21 60
18 56
85 59
98 3
98 88
96 30
94 93
51 18
96 15
95 84
89 76
87 42
77 81
87 95
8 34
43 83
90 98
80 19
44 55
2 89
94 23
41 16
77 2
90 14
92 17
6 5
19 15
8 8
92 70
99 46
91 30
92 90
99 82
53 28
85 28
88 58
23 29
92 21
82 76
14 53
66 34
25 39
21 62
87 5
6 62
89 26
61 3
74 16
90 42
6 58
98 67
50 11
91 3
96 80
96 26
94 41
90 11
98 21
88 50
92 25
27 49
96 42
59 56
95 47
90 33
80 92
12 14
82 38
90 61
38 71
93 58
37 34
93 76
53 60
94 4
91 57
94 15
37 33
91 92
47 2
36 51
75 13
96 78
48 7
96 11
92 83
7 39
90 51
2 3
45 38
94 80
63 62
3 2
39 77
98 12
91 81
96 50
