169
95 77
52 99
72 83
50 25
66 45
73 46
31 68
78 46
72 65
77 67
88 98
67 87
86 33
92 68
75 40
92 41
20 20
45 21
8 66
26 25
40 16
33 44
18 77
42 33
55 22
93 0
57 7
95 31
3 16
26 50
62 98
3 51
17 37
34 39
75 59
63 1
25 82
24 26
88 17
12 89
17 16
56 38
15 48
14 12
70 63
19 60
16 70
86 57
14 28
32 30
24 11
96 3
88 24
80 8
87 60
70 41
28 61
94 82
78 98
32 8
89 89
6 57
51 55
89 47
31 47
89 10
40 23
26 44
48 30
84 55
37 12
34 49
52 15
40 49
47 94
18 52
84 94
56 42
23 92
76 35
42 81
21 49
52 77
15 21
20 5
84 79
30 24
5 43
14 60
53 36
96 35
50 7
31 69
47 89
85 87
69 55
60 73
4 35
22 33
53 84
16 92
39 38
14 81
50 83
67 16
31 14
3 36
63 17
96 57
35 7
36 74
94 69
99 21
97 28
43 14
79 21
40 4
73 72
9 26
26 2
46 43
8 14
9 97
83 38
64 97
74 5
83 29
16 86
46 42
73 18
38 80
83 26
55 2
8 51
39 62
28 74
9 77
65 57
69 77
51 68
23 37
36 4
90 98
92 71
61 87
66 50
96 51
34 75
50 29
92 60
97 96
85 11
17 65
44 66
37 46
52 44
87 66
22 44
95 14
28 80
61 14
81 90
4 72
61 81
41 59
60 54
63 51
6 80
0 86
