170
31 8
11 34
74 53
46 31
35 73
94 8
57 27
30 49
18 63
61 63
30 82
11 37
73 25
56 87
77 41
97 80
76 0
82 80
60 96
55 12
34 16
64 36
45 44
92 48
16 90
34 38
49 2
28 58
47 86
49 23
5 64
65 76
2 50
73 46
63 72
38 44
44 91
56 94
58 64
88 14
45 17
28 96
42 43
80 80
74 73
91 45
63 41
33 13
76 90
20 59
23 67
10 62
67 44
82 21
37 12
24 12
59 46
14 42
98 30
29 70
32 93
62 71
9 2
84 9
12 71
25 83
22 90
60 3
45 82
4 61
18 22
14 71
32 40
96 36
34 32
88 98
6 91
9 7
20 45
30 62
93 79
65 50
46 24
19 6
74 86
51 81
78 81
54 0
51 31
72 40
57 31
81 51
2 68
64 88
74 12
50 39
16 78
5 65
43 2
5 50
59 38
67 94
60 14
57 15
22 76
81 74
78 24
12 97
60 81
79 62
47 55
35 82
75 31
53 50
7 15
90 72
40 31
17 23
60 23
94 57
7 27
26 13
30 3
8 63
34 6
31 54
15 34
97 93
12 1
1 31
56 14
93 34
0 88
66 82
20 35
99 26
26 26
25 30
2 58
98 6
86 60
99 59
77 96
51 55
48 36
46 42
92 97
52 52
31 68
88 34
4 13
92 95
0 94
97 22
97 73
30 22
35 78
65 59
11 51
97 57
78 27
1 98
95 44
91 31
30 92
97 43
5 46
74 66
98 92
88 58
