139
64 27
40 5
93 24
94 15
46 48
87 55
9 50
20 96
74 37
30 89
28 74
36 15
48 36
15 72
59 85
97 31
27 50
18 35
14 81
55 96
68 24
96 48
10 41
26 59
82 99
4 27
87 3
16 61
59 29
18 41
26 0
49 94
46 26
88 8
10 84
40 84
87 45
11 53
94 94
72 14
26 16
58 5
1 34
84 29
82 26
65 73
49 56
51 73
63 91
84 17
10 93
59 32
10 90
47 79
91 58
3 74
57 27
39 90
75 60
84 9
50 25
18 47
84 51
31 15
93 10
90 67
93 55
72 26
5 89
54 73
83 38
97 20
30 46
31 82
38 82
90 4
75 85
87 26
29 58
27 87
95 65
24 73
60 83
64 15
94 32
18 36
86 40
26 86
96 39
95 69
30 97
73 97
83 71
88 75
53 4
28 14
90 25
21 2
2 10
27 10
38 0
28 6
53 25
25 34
4 60
25 55
96 46
92 70
41 28
28 62
54 0
27 98
57 71
56 89
4 82
24 96
28 80
40 27
27 91
51 95
36 26
81 59
59 92
19 58
98 0
94 2
96 4
26 63
27 40
15 25
61 35
31 4
47 88
20 85
36 25
83 2
97 24
29 22
94 73
