165
7 36
96 56
29 65
32 46
50 64
67 82
59 25
44 55
35 72
29 76
69 79
29 1
91 8
0 10
9 14
17 35
23 54
43 79
9 91
7 49
23 40
28 89
60 94
22 4
37 85
38 75
11 33
11 6
86 4
23 63
65 26
73 60
74 51
56 72
46 44
79 67
61 65
33 5
77 46
99 47
83 78
22 46
89 7
11 53
71 87
2 3
84 93
94 70
64 53
17 47
82 99
56 87
51 29
50 75
93 35
35 19
96 81
0 40
61 19
39 35
84 41
74 81
43 1
96 15
84 32
25 29
43 93
3 85
70 11
58 23
81 16
48 2
43 99
45 41
94 91
43 70
3 45
73 90
47 28
40 8
59 81
93 20
65 95
60 65
33 56
75 27
17 58
86 25
21 94
40 90
0 95
37 56
53 23
43 50
7 66
9 59
90 35
2 27
32 63
50 46
77 74
23 50
14 18
26 67
92 28
69 58
32 68
37 12
20 83
95 23
53 61
98 2
94 93
45 54
87 15
3 73
68 20
95 74
2 52
11 90
61 7
27 52
8 86
7 2
32 64
42 21
39 84
33 78
85 55
63 14
1 36
68 29
14 50
4 78
78 33
90 66
83 25
76 25
47 27
41 72
88 54
21 37
25 61
64 86
3 86
7 42
42 78
71 37
39 9
81 23
86 3
81 9
24 31
45 14
40 34
46 13
77 51
69 99
87 39
12 32
43 8
14 63
97 68
6 20
55 43
