164
25 62
37 87
3 69
29 50
97 35
50 70
78 49
51 40
58 28
22 56
35 87
59 24
48 48
60 16
69 17
60 55
32 33
92 82
89 32
45 37
47 67
55 32
19 67
0 51
97 89
42 59
95 33
84 71
1 11
92 9
43 11
68 84
98 46
85 98
58 83
36 6
45 74
77 39
91 21
31 84
75 95
26 12
46 65
35 11
88 73
87 48
2 31
16 52
94 37
15 97
73 48
67 3
64 83
14 78
46 78
74 60
24 39
49 97
98 48
99 51
70 90
80 80
84 88
8 66
73 55
13 42
54 96
27 98
3 26
78 58
80 83
9 45
80 29
61 53
90 28
40 68
8 27
78 22
3 95
37 22
40 54
53 13
81 13
8 35
95 92
48 33
38 82
55 95
83 8
44 46
96 10
46 1
62 66
55 91
14 32
82 67
57 48
10 35
6 72
11 93
89 79
19 33
3 68
18 74
33 57
21 12
30 90
74 67
87 86
76 88
9 21
32 72
57 66
2 8
17 38
45 26
5 24
71 23
15 12
9 73
13 29
3 15
70 12
62 64
91 72
67 49
79 69
28 13
65 82
32 14
4 64
53 52
55 28
76 70
62 61
6 78
55 85
49 45
10 56
92 45
90 17
74 39
59 88
59 96
93 48
53 85
73 79
10 48
77 52
78 29
88 86
50 62
92 74
15 24
31 18
64 99
25 32
80 66
55 50
52 35
81 59
30 92
35 28
63 33
