173
71 7
61 86
64 75
79 1
53 74
4 14
59 6
44 22
60 81
18 42
13 92
33 95
37 5
68 78
55 22
59 61
1 72
45 3
43 51
6 90
86 45
0 46
92 15
56 33
9 3
62 39
40 17
24 88
0 90
15 79
70 27
43 81
77 46
58 95
11 97
62 67
21 49
64 5
50 3
39 37
17 70
29 0
95 69
30 33
89 92
97 14
31 73
74 9
41 57
7 61
31 27
81 90
67 98
82 20
42 82
31 22
58 13
52 79
72 57
57 14
67 69
3 8
98 29
25 67
90 51
36 7
81 33
10 23
56 70
7 89
82 80
41 68
0 24
77 57
89 85
25 61
43 15
47 13
25 17
91 10
92 75
79 74
74 29
95 52
2 37
48 94
95 36
91 30
49 59
93 56
34 68
43 12
62 54
65 36
59 98
10 60
43 63
67 6
55 30
39 32
90 3
55 49
17 7
67 83
95 15
0 83
6 17
76 94
33 12
70 42
92 24
76 13
13 49
31 96
56 53
59 88
91 32
27 75
86 66
9 50
2 83
16 18
87 7
98 52
3 49
7 70
81 27
61 22
79 10
96 29
57 35
94 72
34 76
99 42
25 39
74 85
99 58
57 3
99 43
86 6
83 62
47 91
48 83
69 67
9 38
69 26
16 90
32 82
70 15
12 51
18 47
51 15
38 79
26 55
58 25
33 66
61 27
55 53
37 52
34 97
83 14
87 15
7 72
76 19
23 49
17 4
99 81
38 56
45 43
31 59
76 98
74 95
82 55
