164
73 57
39 29
53 95
45 76
87 69
52 85
82 45
58 83
54 56
50 93
8 89
59 19
35 9
36 43
21 59
10 42
17 63
40 97
62 99
86 22
28 67
27 39
68 25
8 23
86 81
87 26
50 39
68 33
9 57
12 90
77 77
28 6
28 65
36 34
4 11
6 75
6 98
33 61
85 45
36 37
70 87
50 5
48 52
72 91
71 24
58 73
6 72
11 53
2 91
84 87
46 50
94 97
2 80
13 45
82 10
48 33
1 31
38 19
12 70
29 51
29 80
20 94
13 56
68 47
34 80
93 31
63 16
27 78
19 6
71 55
43 41
87 95
13 12
81 94
58 75
75 52
18 97
71 0
14 94
24 83
31 41
88 62
28 72
27 33
57 68
99 72
1 23
21 95
54 64
75 26
28 16
68 76
4 83
34 77
91 57
72 22
87 53
92 72
33 13
42 49
48 16
88 5
78 58
45 60
0 50
20 70
41 84
80 57
88 11
27 89
20 24
6 66
24 3
58 98
50 24
64 73
92 93
63 59
70 19
28 13
92 88
76 43
93 13
12 84
47 60
68 59
93 40
82 40
64 66
70 54
89 47
93 91
13 32
13 21
57 86
43 37
71 8
44 91
6 86
17 35
10 71
78 83
45 65
9 2
73 98
32 87
48 93
82 66
83 33
0 3
93 87
12 77
40 12
70 79
95 83
58 58
97 90
35 84
34 64
3 67
42 57
37 75
22 78
54 36
