166
97 25
91 85
86 31
55 88
88 99
83 74
58 27
39 16
33 20
35 88
71 25
38 94
12 92
0 35
11 96
10 8
30 48
72 8
21 30
85 72
52 92
18 96
84 49
8 90
48 19
32 46
49 30
55 11
67 83
78 6
22 86
29 30
74 94
47 2
52 35
59 52
76 20
2 47
89 42
72 81
57 96
53 46
38 74
57 41
7 75
60 39
41 53
28 24
92 62
92 0
64 36
92 83
63 45
63 91
96 17
4 53
70 92
25 92
17 48
66 21
67 31
3 63
39 3
90 90
44 17
69 88
97 34
6 24
3 99
15 67
40 63
56 81
85 88
82 32
92 4
95 87
78 97
16 45
4 34
48 54
13 73
53 80
47 63
50 45
96 42
83 44
80 26
66 78
33 40
38 54
93 11
48 86
99 9
92 30
69 5
18 2
80 66
25 0
96 77
64 14
62 16
67 93
16 82
33 57
43 75
40 32
81 13
68 66
99 64
33 65
61 74
68 69
45 13
77 44
36 68
65 61
60 79
30 87
90 9
11 99
90 13
60 41
97 84
77 13
80 61
66 48
81 71
84 64
79 31
33 70
9 61
18 10
96 56
28 22
93 52
84 89
12 35
86 83
35 52
97 62
65 74
25 75
35 60
91 3
72 3
18 41
30 97
21 5
81 51
11 32
17 40
60 67
1 10
90 16
53 62
93 39
14 44
69 62
9 49
33 96
26 93
71 73
45 55
69 0
8 52
23 22
