170
91 38
2 41
85 19
93 93
33 22
68 1
94 41
23 85
81 96
50 38
23 97
45 53
73 34
65 36
17 71
50 75
10 39
5 59
77 79
9 92
79 68
17 20
17 24
69 25
28 12
11 29
19 78
91 49
88 98
39 84
55 18
39 13
27 41
2 54
42 20
34 17
74 69
54 24
18 91
29 62
91 25
82 88
98 11
51 68
91 64
96 54
3 39
44 86
22 49
90 24
76 13
81 61
59 71
33 48
38 71
73 66
39 85
96 8
27 8
10 6
87 85
28 84
31 7
26 75
62 86
32 19
14 82
59 7
74 60
15 35
9 13
50 69
39 97
22 2
53 93
77 88
53 46
27 0
55 84
51 25
31 82
75 94
96 5
50 13
49 82
10 56
25 24
98 91
35 87
95 49
86 33
50 28
85 91
33 34
53 20
49 43
13 93
62 1
72 88
80 54
96 84
31 41
84 7
35 79
49 59
92 16
35 92
83 32
98 90
74 7
8 54
14 55
86 97
87 90
68 23
41 7
41 67
63 16
59 85
74 16
68 61
94 21
95 53
24 53
99 28
67 98
68 64
7 24
94 67
88 90
36 67
32 52
93 90
70 11
29 94
56 97
46 24
43 63
57 71
40 90
93 64
97 62
47 72
4 32
78 84
23 57
48 14
79 98
91 3
26 43
35 46
10 60
63 76
79 43
24 70
49 19
72 83
68 41
26 72
70 68
89 68
52 73
38 5
75 54
43 74
47 49
3 91
41 1
91 5
85 54
