172
11 89
88 7
55 93
19 66
98 33
51 10
59 99
89 33
28 88
63 12
84 89
24 26
20 13
62 8
61 97
55 22
23 85
5 86
99 50
6 29
34 77
0 98
50 19
47 53
35 42
37 11
13 76
9 96
36 46
26 61
53 87
36 24
79 94
47 75
46 12
90 25
20 69
7 38
80 15
41 60
77 3
64 40
44 68
82 69
33 66
78 91
47 0
13 30
75 30
92 46
25 29
95 85
28 68
45 18
69 72
32 13
62 36
67 71
3 49
99 40
23 4
21 76
70 14
65 94
36 94
30 85
79 64
83 66
83 56
61 18
93 20
94 65
17 43
34 72
64 82
1 19
21 66
16 2
54 91
66 12
13 6
11 14
58 36
38 64
57 15
41 91
56 22
18 55
13 80
16 99
5 98
77 59
66 9
77 65
35 88
36 54
79 38
15 42
49 29
48 49
70 68
66 88
3 24
6 98
8 17
36 55
88 50
55 30
6 79
93 82
23 96
39 8
43 32
89 81
97 12
52 34
41 34
77 75
59 21
32 99
29 45
69 58
52 42
57 5
25 41
66 21
71 43
20 22
6 34
58 48
45 7
11 4
27 50
43 84
34 35
59 84
8 3
44 10
58 63
85 1
42 43
2 35
37 60
13 46
70 25
20 15
36 84
15 86
79 25
66 1
51 59
28 4
54 59
29 5
95 65
42 67
50 7
46 24
93 26
92 1
77 80
46 34
52 48
65 18
1 39
43 77
70 87
19 51
74 71
2 56
71 67
78 31
