176
16 98
91 73
43 60
78 33
71 6
32 16
42 44
84 57
18 91
42 65
77 72
98 19
87 58
23 20
86 19
45 36
16 67
10 90
7 45
37 68
52 91
74 36
58 95
32 20
30 21
95 45
26 2
63 1
66 50
33 68
40 41
26 59
46 84
48 73
10 28
85 16
91 70
67 42
79 37
64 21
5 64
37 65
76 87
17 88
91 30
18 2
59 51
65 18
95 35
60 69
48 2
38 38
72 89
31 95
35 49
49 51
53 2
65 38
62 90
29 42
58 20
53 77
66 98
84 76
72 32
48 26
58 70
17 23
9 55
96 14
95 92
26 46
46 19
94 13
66 35
83 78
16 37
34 32
70 59
68 94
98 53
69 69
62 45
69 45
34 16
30 85
30 79
82 34
71 54
73 57
29 82
72 67
89 7
22 37
79 55
6 42
64 85
51 64
74 69
45 18
41 76
13 64
23 31
29 28
41 56
44 25
90 18
78 37
85 22
3 8
14 96
85 41
73 6
84 7
4 10
80 79
55 34
65 99
28 95
26 27
71 39
65 83
14 13
29 63
38 55
65 8
95 54
86 51
97 80
4 59
32 84
78 96
41 10
38 94
93 39
15 8
41 6
83 33
3 0
0 64
92 67
4 78
8 15
77 48
46 39
77 13
47 37
20 62
85 81
30 71
98 5
54 39
17 27
29 13
9 72
33 0
23 67
43 73
57 36
0 42
23 42
39 12
61 26
97 73
26 60
99 10
32 99
57 81
45 14
84 14
51 67
9 33
45 99
2 17
32 6
2 11
