177
50 30
58 94
13 19
5 89
69 61
56 10
39 0
95 62
27 83
19 23
5 72
80 72
78 0
53 95
47 69
60 86
35 32
94 21
28 71
58 6
83 29
23 89
70 48
89 94
98 55
23 42
84 13
31 96
90 73
46 48
43 58
27 36
76 72
42 97
34 89
32 51
77 57
81 47
55 22
56 31
87 75
98 92
40 90
92 49
4 25
82 19
4 97
5 39
12 48
45 27
62 38
57 44
71 9
78 80
53 68
45 51
55 84
4 10
59 48
19 39
79 5
11 29
91 43
71 71
84 43
85 12
62 6
29 67
40 10
83 3
22 61
31 46
21 85
5 18
44 67
40 50
58 73
84 83
21 48
75 90
39 60
25 98
79 25
4 46
43 20
49 12
11 5
13 79
41 71
26 7
17 97
33 96
39 65
51 7
68 35
37 92
38 84
66 97
63 79
87 85
72 87
94 33
68 84
91 33
41 93
62 57
36 23
6 39
72 69
34 86
94 92
36 33
91 7
78 9
76 13
20 43
36 28
66 75
65 68
31 81
53 53
31 19
66 25
72 96
33 26
35 15
74 33
31 55
47 36
45 96
50 92
64 73
97 66
39 15
9 83
98 11
31 26
24 94
95 51
97 8
79 39
92 71
93 58
81 90
4 92
65 91
5 59
68 85
59 55
34 57
37 45
41 28
80 53
84 18
7 6
35 38
86 6
48 92
97 67
43 35
30 8
33 41
5 66
36 80
73 85
5 48
64 54
81 92
43 25
82 73
56 84
39 39
83 77
48 35
17 90
42 37
98 1
