168
88 86
63 71
61 3
57 91
86 48
25 18
35 63
33 44
91 45
63 60
72 3
92 78
21 36
75 61
26 51
4 50
66 75
82 75
62 12
15 54
65 86
10 28
50 68
6 20
51 34
82 70
68 52
37 29
30 27
42 44
53 14
63 20
80 15
89 68
45 0
96 93
14 26
60 78
14 4
29 21
36 26
63 18
70 78
24 60
18 48
61 24
91 36
14 47
95 75
75 10
99 97
34 84
20 71
21 42
53 19
69 30
94 90
72 25
17 8
14 42
65 33
95 52
63 38
31 97
22 33
42 56
29 59
87 12
10 60
82 19
97 66
53 83
3 98
20 31
19 63
97 62
79 32
89 2
14 89
23 5
85 73
92 64
62 50
2 7
34 4
23 87
0 74
74 27
32 70
45 75
49 6
43 41
23 25
81 6
95 17
17 1
56 34
49 44
10 35
41 27
87 36
97 50
72 14
8 77
77 81
52 39
40 37
26 90
57 27
55 86
19 81
17 30
24 80
99 7
40 86
73 44
82 2
22 10
3 20
79 94
33 34
5 97
52 27
85 60
52 55
77 11
27 56
90 21
99 39
60 85
2 86
40 95
83 39
11 10
94 9
90 15
17 34
58 12
83 25
37 82
38 81
31 33
10 12
43 70
12 67
46 57
62 45
98 33
90 83
94 57
99 78
69 91
2 21
76 85
71 59
80 33
32 83
28 66
9 71
6 69
99 25
94 2
25 76
13 13
23 2
2 12
20 77
80 13
