170
32 69
30 36
69 81
48 47
21 52
57 45
71 80
34 37
95 98
91 48
96 54
7 80
31 88
20 98
6 64
67 58
19 43
77 4
95 26
48 56
76 18
67 78
44 5
69 6
76 75
25 27
80 39
33 38
61 66
7 44
32 9
15 38
82 34
91 43
29 9
77 59
43 30
27 64
86 2
61 8
11 6
42 95
7 49
31 25
76 79
33 88
98 83
2 73
10 30
27 4
9 19
42 66
2 14
83 57
36 93
14 9
72 94
60 94
60 19
80 47
9 1
17 21
9 90
37 65
80 37
59 55
76 44
29 87
4 29
43 35
33 41
38 29
19 73
33 28
15 65
63 89
17 97
65 18
32 96
86 56
73 66
98 21
3 95
67 76
55 23
37 73
22 20
79 94
15 26
5 71
53 96
86 66
60 27
18 23
10 10
69 44
46 37
97 95
79 70
12 21
18 26
38 79
7 13
87 37
90 75
1 93
55 51
76 29
39 0
53 43
11 84
13 61
40 57
60 41
21 2
62 30
98 30
69 59
11 39
52 60
36 15
66 4
47 10
88 75
66 96
38 95
49 38
65 30
65 61
26 94
72 92
66 71
4 25
39 53
58 99
53 75
42 42
52 33
30 30
7 4
4 9
2 32
53 70
35 36
87 59
82 21
23 81
38 45
75 61
66 83
95 78
97 91
64 15
92 10
17 43
63 53
92 41
18 40
37 75
18 61
75 34
31 34
35 30
3 0
70 87
17 4
51 48
3 78
90 1
93 5
