155
24 93
56 32
43 7
65 72
47 48
41 13
61 19
98 49
20 10
20 55
6 42
71 98
64 68
16 21
69 11
73 5
23 53
28 47
52 43
55 82
47 99
85 79
94 12
45 12
3 44
93 59
55 92
26 93
48 3
62 17
40 21
24 1
8 87
12 74
3 90
34 36
91 18
33 34
97 55
81 35
75 95
20 13
69 7
80 84
89 68
47 8
73 0
85 23
12 68
93 58
45 60
87 73
21 58
53 93
57 29
69 53
78 38
81 82
27 40
12 76
56 87
17 61
36 31
7 29
29 37
86 67
57 79
15 17
37 22
6 89
95 9
91 13
11 33
88 71
73 49
43 67
17 62
50 98
97 94
97 7
7 86
13 69
96 98
64 74
58 37
30 88
82 29
25 42
0 2
69 58
71 48
5 36
67 19
98 5
76 46
85 30
44 62
26 48
52 40
80 86
95 2
74 42
28 88
39 68
36 25
50 47
89 21
9 83
38 70
59 78
24 99
43 60
50 50
22 2
36 73
0 94
4 96
71 56
38 75
90 67
35 28
2 51
50 2
63 21
66 60
42 63
36 81
48 56
65 62
37 76
12 28
35 80
77 88
27 96
8 80
78 42
91 62
31 87
1 97
31 81
61 28
52 90
5 38
60 25
72 55
76 89
46 51
13 23
68 15
1 50
12 21
25 2
18 67
96 1
21 8
