175
54 26
32 0
83 22
21 26
43 0
68 81
15 44
11 81
3 54
53 11
12 50
88 69
12 13
10 72
12 91
73 42
30 2
89 26
49 35
6 95
79 38
63 77
46 26
97 32
29 50
78 45
28 86
9 43
49 40
1 9
41 97
34 26
1 49
22 60
9 3
44 25
60 41
13 85
34 40
18 78
76 10
14 62
90 45
25 69
63 7
68 76
89 67
64 45
61 62
84 33
79 80
8 29
74 51
94 74
18 37
65 67
94 93
76 97
65 68
66 41
54 75
15 83
18 97
99 65
44 86
21 11
88 27
7 79
34 2
95 22
35 36
66 96
58 58
23 57
27 89
44 20
61 21
53 92
40 66
40 83
11 9
15 90
51 26
75 41
5 81
71 14
43 80
72 30
49 19
79 67
57 32
82 10
2 0
66 74
17 26
55 14
98 7
75 84
61 82
74 25
62 82
82 90
27 62
67 52
64 13
80 17
79 87
30 48
60 16
18 7
6 9
58 80
56 56
55 20
83 51
59 13
43 62
88 33
56 76
56 10
80 23
18 64
98 75
38 43
37 16
7 52
79 74
46 87
41 45
93 8
33 9
14 99
91 90
46 51
23 47
56 96
73 58
44 69
14 21
84 55
54 46
60 87
74 77
49 27
9 76
69 56
49 46
66 20
38 93
16 1
58 66
75 54
29 18
3 46
36 45
6 50
94 3
20 76
12 76
41 14
14 5
48 97
47 97
92 50
24 52
23 16
23 99
34 70
68 4
83 11
62 27
67 21
43 15
17 75
13 70
