176
36 57
77 79
73 27
26 27
73 53
15 3
41 85
82 86
91 91
41 76
98 30
40 77
24 75
60 35
76 88
33 94
41 39
92 7
28 89
74 90
48 26
97 29
29 8
3 98
78 49
29 56
47 69
52 76
69 68
63 68
38 27
15 88
15 37
34 54
88 71
72 4
16 20
44 78
25 69
95 17
88 5
6 67
50 51
44 1
7 58
29 37
61 37
55 69
21 76
41 83
61 31
48 64
94 54
80 93
63 5
13 44
6 93
23 38
3 73
58 50
50 54
23 73
72 16
22 66
6 41
68 96
95 21
66 14
94 67
95 0
38 92
36 63
17 46
69 31
23 52
40 25
16 81
34 43
18 15
60 61
8 1
20 87
70 33
77 12
30 17
5 6
24 13
3 32
24 33
89 27
14 45
36 4
73 45
51 42
23 57
93 24
41 3
43 14
72 82
87 87
6 98
87 96
74 2
46 7
20 91
5 12
52 32
25 75
5 56
89 32
79 68
91 83
57 74
1 46
38 54
67 19
3 83
85 28
76 9
92 94
47 26
86 18
64 23
94 80
5 36
25 57
70 51
13 16
32 47
59 14
39 66
59 8
92 52
38 3
45 97
29 32
56 29
86 41
44 73
76 62
34 5
81 2
43 62
47 93
84 38
62 80
2 82
82 50
92 57
51 50
95 60
79 9
61 90
18 59
12 80
89 55
71 25
80 97
97 94
95 97
11 83
3 39
41 67
27 97
76 78
51 17
7 77
3 59
48 56
28 85
17 31
41 73
58 95
20 46
91 73
61 85
