170
20 10
74 62
36 56
16 6
59 17
89 12
24 67
3 42
22 83
44 31
10 59
86 17
12 54
9 11
58 27
85 46
8 73
7 82
80 95
55 48
93 21
5 2
22 96
98 76
31 65
44 84
12 81
87 70
87 25
32 5
80 14
26 31
31 79
87 16
83 9
56 74
47 91
19 31
87 72
98 27
25 75
32 87
39 20
39 82
92 51
95 47
92 93
52 10
42 63
36 76
71 73
46 60
57 65
69 58
11 85
51 83
22 4
50 26
32 54
73 28
70 27
14 77
25 15
85 90
73 47
50 20
28 70
14 37
80 34
92 35
98 35
36 40
0 23
60 79
70 7
46 42
93 0
47 7
74 44
24 40
13 98
40 4
53 84
64 22
11 3
56 45
4 61
26 9
89 65
3 12
93 17
22 13
7 96
88 90
83 63
50 65
75 38
8 42
66 85
58 49
61 52
32 93
70 20
62 45
30 37
2 88
72 59
97 3
78 2
82 26
25 18
20 45
9 48
6 54
37 8
21 55
60 68
95 31
62 72
37 32
79 3
17 93
35 18
23 31
91 83
55 77
15 89
50 12
14 92
63 16
59 3
69 67
91 68
92 76
15 29
7 92
34 48
24 99
70 53
73 10
23 86
45 14
50 70
75 84
39 54
45 54
16 17
15 34
81 46
89 36
97 81
96 87
52 87
32 26
42 30
56 37
49 72
25 48
92 38
20 23
4 78
30 89
62 98
43 77
10 15
3 56
87 77
41 92
52 75
61 10
