131
13 35
18 79
11 50
11 29
48 16
30 78
15 30
4 22
51 71
28 97
2 64
10 39
22 16
56 42
33 81
0 17
17 40
17 29
3 12
49 40
29 83
10 42
54 38
25 96
12 29
18 18
13 3
10 65
10 10
10 16
2 90
9 1
8 53
11 25
19 5
31 29
90 16
15 3
9 36
97 25
50 50
8 9
52 99
12 27
45 11
32 52
23 35
79 79
1 83
59 30
7 78
46 44
2 69
25 53
32 23
32 15
15 73
12 54
48 29
25 70
25 73
82 15
12 6
4 99
12 48
1 16
7 86
13 89
35 38
75 16
54 34
2 9
90 38
19 36
96 3
15 1
63 13
32 45
8 21
1 7
19 9
33 91
13 84
11 69
14 77
86 76
4 78
1 5
30 30
6 78
99 18
8 16
54 31
61 9
30 39
78 11
15 10
11 12
11 84
12 7
26 86
11 7
14 16
5 7
10 1
0 3
33 89
2 13
12 57
1 2
60 12
24 44
99 3
9 17
11 22
9 21
12 55
26 14
2 12
25 12
48 60
17 7
2 5
17 18
98 2
99 2
29 36
30 2
99 8
13 88
8 87
