167
34 70
81 27
32 48
96 78
23 45
92 88
23 58
58 46
78 93
47 92
14 1
54 52
18 97
53 19
99 12
59 69
57 82
38 53
40 67
3 53
55 14
94 11
73 62
52 33
21 48
40 1
28 2
51 29
61 22
5 48
59 7
65 82
36 77
75 54
65 67
4 21
30 68
95 56
41 28
17 2
18 23
37 21
90 76
29 62
84 61
72 92
42 60
39 72
74 96
48 8
94 39
74 24
70 7
82 6
2 40
85 12
60 63
85 33
50 48
90 95
85 4
22 11
49 27
51 61
97 47
46 97
46 49
34 55
61 56
9 25
28 92
51 95
95 54
75 83
40 6
22 30
3 50
25 92
47 71
18 51
14 86
10 74
41 71
3 4
80 57
1 18
43 19
65 62
47 41
56 74
46 61
8 70
15 66
77 38
44 63
59 23
60 43
21 56
15 48
70 93
45 92
65 76
29 60
38 27
42 24
29 35
1 5
33 64
39 30
72 41
96 88
56 65
46 21
31 34
71 37
55 72
69 21
78 3
83 59
23 11
40 90
91 72
26 18
72 88
4 99
59 77
64 51
99 29
30 20
87 1
24 24
20 43
27 82
9 17
24 38
70 21
1 62
33 58
32 64
71 69
10 34
62 35
60 55
97 37
63 46
78 62
15 21
48 74
10 40
18 25
29 54
96 73
58 59
88 41
24 83
87 52
82 65
89 43
67 46
78 13
37 59
56 67
15 35
62 90
95 32
91 44
85 83
