171
4 81
77 66
73 85
29 99
6 23
2 75
30 6
5 91
67 68
11 89
57 5
12 96
70 63
55 11
65 65
26 79
48 93
20 49
46 64
33 15
49 82
78 45
21 94
98 13
73 59
2 16
66 23
52 3
82 28
10 4
88 18
87 30
52 26
62 40
31 84
70 96
79 91
11 53
81 85
72 85
85 91
63 99
39 58
72 18
20 56
73 34
52 5
21 76
4 48
63 59
28 93
25 83
94 19
43 58
44 89
62 53
10 99
6 15
54 42
30 77
89 13
8 97
16 72
59 79
67 51
92 22
80 3
88 23
76 61
36 37
68 19
36 7
40 31
9 51
45 61
60 7
75 9
55 38
92 98
79 51
34 71
18 10
64 8
99 36
52 70
26 86
37 95
96 2
39 63
67 29
94 26
30 65
57 90
41 43
94 9
49 27
36 91
54 86
64 77
34 78
28 76
49 33
62 91
10 8
66 54
26 52
12 32
83 19
84 22
27 47
17 29
78 83
22 26
13 79
23 88
32 63
6 12
22 32
55 51
3 65
48 42
87 25
65 1
88 37
31 93
78 0
54 75
55 21
52 21
79 10
3 78
49 20
57 1
2 48
49 12
61 85
32 96
84 57
75 91
50 85
33 41
62 71
21 51
27 5
97 75
87 94
37 49
2 37
36 56
17 85
27 69
81 53
3 87
66 75
99 67
7 58
78 54
11 92
64 61
55 77
58 25
18 84
67 34
46 25
44 48
93 47
11 66
96 43
15 47
99 16
68 60
