92
22 82
32 65
6 93
76 25
94 10
27 72
88 13
3 95
16 84
54 51
52 48
34 64
73 32
47 49
76 23
77 27
60 45
6 92
60 36
44 59
74 27
89 12
35 61
26 76
34 65
16 86
79 23
63 40
40 61
12 87
15 88
86 18
81 15
50 55
85 14
40 59
92 5
69 32
96 3
91 8
18 79
80 21
87 11
20 85
54 50
54 44
95 7
46 56
9 93
33 69
54 49
27 75
30 70
8 89
30 74
40 57
47 51
99 1
47 52
32 68
95 6
2 98
60 38
92 10
57 46
0 98
59 44
24 77
13 86
29 71
41 60
52 49
24 78
65 39
13 87
66 37
87 15
11 87
57 42
50 51
12 89
19 82
3 98
61 43
80 19
21 80
44 58
67 33
59 39
75 30
67 32
73 27
