169
79 13
60 52
55 48
17 25
70 33
9 47
73 12
40 88
54 57
36 37
77 16
16 12
80 2
69 56
58 98
20 32
47 19
44 96
20 44
49 50
92 60
90 9
90 97
31 34
18 42
83 64
75 50
6 61
38 7
11 5
16 59
19 38
43 97
16 52
52 2
23 79
7 37
60 46
32 29
89 74
78 33
69 18
36 7
35 13
92 34
76 89
73 2
91 53
2 70
51 26
16 10
60 77
70 28
40 22
68 70
66 35
52 76
56 85
95 0
62 78
24 44
35 78
42 24
51 3
70 68
59 25
88 8
87 1
23 91
49 79
43 63
34 71
71 25
34 26
66 43
97 23
64 32
44 44
32 81
36 51
70 82
77 37
6 47
15 4
33 29
44 37
65 59
46 86
85 48
66 88
87 25
16 73
58 32
87 18
80 40
82 4
94 75
33 62
13 89
87 88
76 27
80 80
31 10
46 30
66 5
32 75
1 37
86 74
9 51
72 13
24 28
96 67
24 55
63 23
58 41
59 2
35 68
49 81
57 82
63 54
66 80
4 7
82 75
21 77
56 87
84 97
37 44
32 34
47 65
22 5
35 18
79 82
1 63
59 6
5 80
89 81
8 26
85 11
72 96
19 1
73 45
54 90
2 81
96 9
5 32
13 43
43 83
65 67
75 21
16 25
92 32
40 78
31 57
41 75
67 72
49 66
9 78
44 0
67 74
47 10
46 56
42 66
96 63
69 27
44 71
56 28
63 78
2 24
1 9
