175
12 70
12 36
43 85
36 92
84 6
16 54
55 79
79 67
73 75
38 77
2 14
2 41
57 62
7 18
61 13
30 93
91 2
58 56
64 41
82 25
76 98
21 69
11 41
96 10
64 16
39 53
92 44
88 13
58 37
40 36
72 92
6 88
39 25
28 99
4 81
74 37
66 2
15 67
34 57
76 95
6 3
23 12
39 87
7 7
28 30
13 12
68 43
96 32
60 48
55 66
83 28
62 33
13 29
41 62
69 58
52 56
98 86
4 73
89 66
4 51
43 78
29 47
81 20
31 32
9 54
53 47
28 12
4 45
96 63
30 38
91 17
88 35
22 81
95 66
59 82
39 68
69 93
99 1
50 4
83 2
51 23
54 13
10 36
1 0
58 95
9 14
85 68
58 97
47 24
92 88
33 81
87 34
25 74
55 32
31 20
26 91
49 81
82 31
26 67
8 46
89 81
47 8
42 43
48 32
31 25
46 76
64 50
59 63
19 93
44 5
45 86
99 43
16 78
20 82
97 46
57 17
40 59
36 60
38 29
50 63
24 33
37 66
50 94
26 82
37 36
97 97
17 23
63 92
90 77
47 99
24 52
63 22
24 46
90 55
10 62
49 71
47 51
36 7
36 99
38 11
24 24
49 76
24 61
11 21
6 2
77 73
18 33
16 9
59 44
14 98
87 12
53 4
30 53
22 99
22 85
34 75
28 74
33 63
60 87
46 32
20 25
40 1
90 57
53 74
1 90
14 1
99 55
45 21
69 27
61 90
98 80
58 75
25 84
32 46
61 81
