106
87 48
2 72
62 72
58 73
10 47
2 48
52 77
56 50
21 49
89 51
54 75
62 49
15 72
96 47
7 78
65 50
48 76
25 49
62 73
84 75
90 78
63 75
73 75
16 72
68 52
84 53
48 47
26 77
25 50
41 75
25 72
34 78
9 75
92 47
67 77
47 75
91 73
33 51
84 74
67 76
93 53
81 48
78 47
11 53
98 52
74 48
38 75
88 74
6 76
25 75
76 74
16 74
68 75
14 73
11 49
33 73
30 52
69 51
72 52
57 51
97 51
81 49
32 73
26 75
41 47
77 52
42 51
56 49
30 76
49 48
82 73
31 74
0 76
18 77
1 75
14 51
54 48
37 52
90 74
62 51
11 73
51 47
7 47
77 75
45 50
95 78
15 49
94 72
61 52
81 73
20 78
93 48
36 53
91 74
39 49
10 49
51 49
97 75
20 48
74 50
49 50
1 50
5 51
14 48
5 48
20 73
