171
46 93
14 64
32 10
36 94
73 92
95 75
73 14
94 46
21 52
11 60
63 97
26 19
16 50
55 97
71 77
79 2
91 42
69 34
51 42
23 22
67 91
67 13
93 6
16 58
60 51
20 65
90 26
12 88
96 11
38 73
83 26
1 13
71 82
27 39
7 26
37 16
96 96
91 9
3 60
27 43
20 76
44 56
7 6
49 46
24 8
45 92
8 8
93 65
64 50
46 13
18 1
66 75
90 69
37 86
34 5
17 61
59 54
81 79
14 54
5 46
55 44
99 99
89 60
10 54
0 77
1 86
11 43
53 6
85 81
90 53
62 84
11 50
37 66
77 30
76 34
69 72
70 1
96 88
34 56
52 38
89 74
4 55
56 11
43 89
3 31
26 99
40 37
6 28
41 25
94 0
0 69
14 14
18 78
90 4
66 9
43 69
27 95
7 67
10 49
78 4
22 50
11 1
48 4
11 84
57 13
91 47
11 14
92 15
16 15
42 2
25 58
27 8
6 79
62 58
61 83
53 75
32 98
21 73
64 28
5 16
74 76
46 68
13 95
91 39
44 19
31 41
64 81
91 60
87 29
21 32
13 37
35 23
21 86
26 51
74 94
42 76
82 68
47 78
98 18
86 0
56 58
40 84
94 25
94 51
6 49
96 69
80 94
13 74
47 90
33 34
27 67
87 55
25 25
71 29
3 52
16 74
19 29
9 20
66 19
37 93
31 67
13 86
15 44
46 63
40 46
14 81
96 1
4 51
19 96
79 33
9 33
