156
24 25
37 84
15 41
62 8
17 40
1 75
25 76
13 19
6 49
67 85
50 93
83 19
63 79
19 2
6 3
69 41
13 51
76 48
45 5
17 33
9 81
62 34
31 1
7 85
55 93
83 8
85 1
7 57
39 5
66 63
83 98
89 58
78 26
37 31
49 24
23 40
8 67
82 36
90 44
64 98
44 19
17 54
19 85
46 45
9 8
16 2
74 65
66 53
33 8
50 63
71 34
50 41
95 95
74 46
0 39
9 42
73 27
97 12
12 27
65 44
51 29
1 29
68 34
19 68
67 75
76 63
27 83
56 25
27 31
80 29
41 70
91 39
61 94
91 78
79 99
57 18
65 53
66 80
80 93
28 3
39 33
44 85
16 3
31 17
71 24
12 60
90 51
76 82
39 97
25 83
72 53
95 39
71 75
92 36
0 96
22 47
32 97
66 0
86 18
23 46
48 37
97 9
17 11
28 40
40 82
26 91
19 16
96 82
94 80
13 65
69 17
42 58
88 71
97 31
86 66
19 63
56 36
5 36
59 89
38 35
74 22
59 45
50 32
2 14
60 72
3 95
62 61
84 59
19 22
51 55
58 50
10 88
17 59
56 44
35 59
22 63
52 90
24 51
79 45
78 40
19 30
75 3
8 97
35 33
68 67
4 64
19 95
55 33
47 92
40 65
21 82
73 13
70 95
89 94
21 31
89 95
