167
60 14
51 17
49 0
88 56
84 30
94 8
98 75
90 91
75 40
85 96
39 3
32 56
72 4
70 51
10 95
19 96
67 52
39 76
60 32
90 71
77 50
50 84
67 38
70 29
6 71
62 62
18 85
71 91
26 71
90 30
31 4
12 9
80 84
55 6
19 69
92 63
74 57
16 54
20 81
81 64
43 34
73 84
90 50
89 16
46 32
57 47
98 5
97 21
52 68
11 59
60 66
33 31
71 24
45 60
16 67
33 29
22 10
26 77
25 31
0 17
63 70
44 40
29 43
1 92
73 11
89 21
82 17
38 68
85 90
39 27
10 6
8 44
64 2
34 1
97 54
50 99
54 35
7 1
4 62
32 39
80 75
46 50
63 84
66 76
30 23
35 50
50 89
17 98
71 66
92 0
61 99
50 96
80 24
7 76
98 94
66 9
37 63
79 97
32 19
0 10
55 24
31 80
64 34
35 87
57 20
64 95
99 68
77 40
90 58
84 15
49 49
23 42
29 35
49 16
57 93
86 40
36 12
41 9
82 2
22 75
91 66
47 42
6 12
42 87
38 89
90 61
37 60
67 2
78 22
46 72
71 72
94 23
2 6
78 5
96 12
64 15
86 7
80 80
42 14
29 47
3 2
40 38
12 18
53 96
85 40
74 67
2 77
92 23
47 46
11 24
32 9
82 24
42 92
90 83
53 83
21 34
20 93
57 2
78 67
51 10
58 42
6 97
44 0
52 40
29 10
89 45
81 69
