163
94 74
85 18
18 58
91 50
74 84
98 53
80 54
54 99
40 53
65 12
40 87
18 61
3 63
94 82
68 97
83 92
9 61
65 79
16 14
56 87
90 35
93 24
94 83
34 45
87 64
94 20
24 74
67 7
17 98
19 7
65 84
87 72
29 12
59 59
51 93
7 35
11 43
72 62
17 86
16 35
78 45
89 92
41 75
44 7
19 30
74 42
62 98
48 17
20 32
3 82
77 62
66 54
45 41
51 79
68 34
3 41
89 14
70 14
19 33
37 74
20 5
33 66
20 68
17 53
73 6
67 73
66 44
28 64
4 26
60 0
72 61
54 2
96 41
25 54
40 45
23 63
59 16
34 84
13 67
71 70
74 78
32 30
79 61
88 33
42 34
59 91
46 75
52 52
38 18
8 82
95 13
35 54
62 25
60 59
26 59
93 97
99 45
46 67
76 32
83 97
28 25
44 78
47 48
24 51
95 35
73 12
49 71
25 8
13 32
65 38
72 56
21 60
58 78
23 12
47 52
12 80
76 75
76 20
70 80
5 1
26 8
48 82
18 56
78 47
27 99
26 50
23 95
38 36
7 55
41 56
13 20
52 24
8 33
11 74
18 19
6 90
61 7
29 78
53 30
2 88
17 76
57 12
3 75
23 29
6 48
66 53
41 5
23 0
55 69
75 1
5 13
83 62
36 97
75 50
84 77
6 99
13 83
80 28
75 13
67 63
29 74
18 8
15 99
