181
95 51
57 79
31 86
8 62
91 54
6 8
24 14
26 83
0 22
9 2
0 18
0 75
40 93
9 75
6 16
7 86
88 55
57 58
69 91
75 69
72 11
56 39
34 14
70 69
32 76
30 43
15 84
0 84
24 66
96 11
31 68
83 63
21 42
27 70
7 49
57 71
90 99
2 58
24 74
45 94
24 27
53 7
25 99
39 12
93 30
65 16
37 21
29 35
34 19
35 7
95 58
65 70
81 49
88 73
48 77
25 7
47 43
18 22
35 97
8 41
86 12
56 85
8 58
89 37
57 28
49 2
94 60
79 54
0 70
56 94
78 2
47 14
16 46
49 88
2 30
90 92
65 26
41 51
40 79
63 63
27 56
0 33
64 42
98 86
55 82
67 7
78 93
57 22
15 5
61 49
49 96
74 36
61 91
16 65
54 96
41 97
3 7
22 22
24 1
9 26
57 36
49 47
88 26
39 69
70 47
93 7
63 19
79 84
58 51
65 1
74 4
80 14
99 0
6 20
53 35
82 41
34 49
56 66
38 64
63 83
46 33
70 78
29 25
14 48
98 27
48 65
65 33
46 70
7 35
37 7
40 39
70 43
0 40
90 1
66 79
72 24
24 36
40 36
35 28
8 88
86 61
24 93
15 57
97 41
49 30
77 98
81 28
95 19
39 1
17 75
97 64
85 42
86 44
32 97
16 16
77 49
96 98
72 83
86 19
34 64
48 18
95 36
73 5
2 12
87 86
46 82
1 91
24 51
64 55
97 76
17 1
50 8
94 93
72 98
82 35
34 1
1 2
16 33
30 50
32 57
35 74
