160
24 28
96 97
33 71
5 86
33 95
16 73
66 85
30 92
23 87
23 41
36 92
6 49
17 18
54 65
12 58
29 60
52 96
0 24
68 88
16 46
6 95
52 88
14 15
6 25
38 79
30 67
61 81
28 37
51 76
35 86
10 83
10 51
60 77
2 19
20 67
8 44
76 80
3 92
15 87
1 95
30 83
38 60
5 18
18 45
45 72
30 98
0 49
1 9
64 74
1 63
60 98
21 74
33 91
12 75
7 48
58 84
70 97
25 39
6 21
61 99
34 77
66 68
9 17
0 88
67 70
34 53
16 55
61 73
9 94
48 59
26 84
21 52
12 80
46 95
37 94
79 95
56 60
19 91
44 54
6 79
61 65
6 42
75 98
8 38
60 71
27 49
11 61
57 80
23 86
7 46
18 26
23 36
11 22
2 57
35 66
2 56
26 63
76 78
31 39
25 30
67 94
55 71
28 29
20 59
32 53
72 87
48 82
26 92
10 72
8 97
2 18
30 44
36 62
26 46
8 90
4 59
54 81
48 84
65 98
12 40
35 45
33 63
21 35
35 99
19 39
61 90
15 71
24 75
74 98
37 44
50 64
16 35
21 84
5 11
41 53
44 81
57 92
9 31
40 71
81 84
37 80
70 91
23 68
50 65
79 82
52 72
19 81
37 81
48 72
54 57
48 89
22 80
21 97
46 97
19 62
13 39
31 74
27 89
36 96
25 82
