166
20 76
70 50
79 94
22 50
0 23
43 47
10 8
62 10
43 66
99 95
40 97
83 56
44 80
49 74
15 64
60 87
36 7
96 21
1 36
73 18
26 39
73 72
43 84
31 95
71 71
52 15
57 54
45 28
8 23
61 96
85 62
49 51
33 71
21 94
56 92
39 74
80 5
87 98
81 70
75 54
44 76
25 37
67 36
33 63
25 80
70 78
53 18
56 94
71 37
90 39
33 10
85 48
97 64
15 10
21 29
97 59
13 49
21 25
87 86
68 81
48 43
9 47
39 1
92 25
75 32
68 25
11 14
57 13
37 33
71 1
11 55
15 95
4 30
73 47
33 1
48 71
44 5
27 35
45 98
90 7
2 69
43 56
80 43
40 58
24 89
56 30
68 65
6 78
9 37
13 3
87 9
88 45
17 58
65 55
61 53
30 28
97 79
83 7
63 87
53 36
89 77
96 12
64 2
90 68
19 30
96 51
20 63
31 40
23 15
13 40
83 50
79 72
1 42
29 97
15 50
92 24
14 85
16 8
92 26
79 17
5 5
65 33
63 34
36 82
6 43
18 38
41 5
8 99
94 88
3 55
47 51
90 82
83 69
93 84
52 92
66 67
47 61
67 98
2 29
90 23
96 75
13 33
31 68
88 32
29 81
33 43
36 38
49 55
60 27
74 97
44 67
12 19
26 96
65 78
26 2
73 64
79 22
8 66
45 16
94 32
37 66
74 44
22 23
45 96
1 76
49 79
