122
15 1
98 3
1 56
3 70
64 3
91 3
27 4
15 3
74 4
90 4
15 2
88 3
12 0
36 2
80 4
4 3
0 9
3 62
2 59
94 0
65 0
0 26
4 2
85 4
2 54
0 13
7 4
1 4
27 1
7 3
40 0
3 46
17 2
8 2
0 25
91 1
43 1
1 83
0 46
64 2
3 17
77 3
18 3
13 3
82 2
1 34
95 1
72 4
46 4
2 17
66 2
2 77
22 1
2 97
2 49
0 15
38 2
2 79
35 0
56 1
2 19
2 92
67 3
2 64
1 59
59 3
87 0
1 71
81 3
0 68
1 66
0 47
79 0
70 3
1 92
60 2
1 44
1 41
1 75
0 1
54 3
70 0
0 12
0 40
34 1
56 0
0 82
2 95
1 53
2 8
0 69
76 2
1 84
3 33
51 3
41 2
0 60
84 0
3 5
1 69
1 26
33 0
41 1
1 29
23 1
0 84
1 76
50 4
72 0
0 56
1 39
1 33
49 0
1 31
32 3
99 4
26 1
1 21
47 2
27 3
1 47
0 88
