174
61 12
15 15
6 61
2 24
7 64
93 34
95 62
96 24
35 23
4 63
58 72
94 27
61 19
65 2
5 18
93 28
60 69
28 98
48 77
53 38
70 66
65 28
17 52
57 49
20 36
48 6
56 70
92 43
12 23
11 59
60 97
9 16
70 54
49 28
72 63
71 71
55 77
85 19
54 44
16 38
69 76
43 95
5 56
93 9
66 40
86 50
95 81
15 17
26 83
70 46
15 75
95 72
54 47
10 8
85 46
59 2
86 70
6 83
40 7
65 24
7 38
3 84
82 97
75 43
5 1
33 57
7 89
24 99
24 2
85 29
76 29
46 46
35 95
24 88
53 74
88 86
58 39
32 68
69 20
35 92
6 6
16 50
85 60
19 41
96 97
43 90
94 94
23 52
45 58
21 97
12 71
35 52
80 65
99 40
56 94
68 91
73 24
37 84
36 65
46 12
25 96
31 1
6 51
63 50
53 32
0 31
18 63
51 47
69 78
95 47
33 10
1 78
96 43
30 96
27 80
35 7
31 60
98 44
79 34
59 91
24 21
77 90
90 95
38 58
99 91
98 49
11 30
87 42
21 4
88 1
24 89
97 68
87 22
30 54
83 39
38 34
67 42
28 23
22 72
11 64
82 36
94 15
23 74
89 91
24 38
92 97
43 63
33 29
34 99
22 41
70 55
18 70
82 73
83 89
20 6
13 47
69 62
85 91
67 33
20 53
59 60
58 31
47 0
23 11
15 19
33 81
76 70
38 96
67 60
63 58
47 21
43 3
17 55
55 13
