167
80 64
17 29
82 99
9 1
82 60
36 92
76 37
64 60
93 70
44 62
21 10
94 26
49 98
80 12
59 82
81 42
3 57
35 67
93 67
13 44
1 65
24 12
8 87
96 23
41 36
31 6
66 69
14 62
84 43
7 48
42 48
19 92
45 19
31 51
63 90
40 31
84 2
50 78
33 44
11 6
63 5
24 76
73 88
73 66
54 48
64 32
40 5
20 45
78 81
30 38
72 48
91 8
83 34
14 75
81 95
82 5
29 32
14 17
19 47
20 60
63 73
37 73
12 69
67 63
52 91
53 59
9 18
41 21
49 78
7 25
90 0
46 15
6 9
70 88
26 9
58 81
82 87
94 15
11 51
58 53
89 89
37 77
76 77
76 16
24 2
81 50
52 73
88 14
93 89
57 96
91 23
9 58
9 54
89 49
39 62
51 37
15 81
14 65
78 19
22 39
28 68
79 28
69 95
28 90
90 41
89 70
87 82
93 42
59 43
73 42
40 59
4 79
44 6
0 94
43 44
90 94
22 5
5 95
26 87
84 81
41 49
29 86
42 52
46 78
0 85
32 4
21 83
66 88
36 54
31 57
21 93
28 24
83 78
47 32
21 86
65 73
97 60
7 14
13 39
93 92
71 78
32 10
75 23
19 95
59 85
29 14
23 22
9 36
10 69
98 68
23 89
55 51
30 76
31 97
97 50
85 54
40 38
17 12
67 51
40 83
59 50
85 75
57 45
94 93
50 43
66 16
65 22
