164
69 35
88 7
81 92
82 79
68 46
29 19
90 69
15 25
53 1
92 4
69 57
63 89
40 88
52 82
45 28
26 92
73 41
39 64
8 43
58 92
50 44
21 13
57 66
99 8
63 86
26 1
78 24
31 31
16 54
31 76
13 63
77 61
44 96
99 84
30 40
99 75
40 47
32 66
79 91
87 89
33 14
2 92
51 58
25 72
17 71
54 49
48 32
94 59
78 91
96 10
79 18
33 83
32 61
61 91
24 39
87 45
31 10
62 26
30 33
89 16
67 40
37 64
28 65
44 97
3 22
8 84
42 84
60 98
41 22
35 27
11 23
63 17
94 87
93 78
48 49
14 91
54 96
70 51
26 85
97 23
39 13
4 48
76 64
34 59
17 85
61 28
41 56
14 10
55 34
16 47
24 37
56 16
66 12
97 48
45 90
74 7
96 85
30 97
75 84
81 54
96 9
22 94
78 7
18 29
61 67
80 98
99 99
51 12
17 41
40 52
29 93
41 11
78 67
97 80
21 24
10 72
12 36
53 67
75 47
58 17
59 49
32 90
52 67
30 5
64 38
59 75
20 18
88 62
53 18
7 64
78 51
10 79
72 64
44 68
58 83
21 7
40 67
75 73
29 27
58 71
99 62
88 57
87 35
40 17
95 1
48 73
4 10
23 65
2 87
64 23
83 40
11 13
13 45
30 3
39 71
67 45
63 46
87 39
69 80
51 11
5 97
31 21
37 73
5 68
