172
72 62
60 42
87 21
34 78
56 47
45 50
95 74
71 50
17 75
39 8
58 6
77 98
26 71
43 57
47 46
25 46
26 99
39 2
59 87
75 14
23 80
74 22
82 24
39 10
66 4
5 97
82 95
90 70
8 28
18 8
44 57
21 41
57 54
14 61
3 48
82 26
21 32
73 5
14 45
57 32
62 55
0 56
9 92
65 46
61 62
49 69
61 34
44 19
89 70
53 71
19 15
44 53
89 80
9 42
48 6
91 12
42 85
44 87
56 76
55 22
25 92
59 27
34 29
92 31
76 18
0 69
89 31
71 26
54 17
27 70
24 27
68 75
50 37
24 52
71 42
72 46
4 22
28 13
81 78
15 53
75 62
69 53
13 63
67 77
33 83
84 93
88 8
11 80
22 53
73 9
38 44
14 34
37 43
3 0
74 88
1 95
63 80
36 46
5 64
74 52
70 82
89 16
85 74
59 14
96 2
34 61
58 65
95 80
67 37
43 19
30 17
11 73
4 21
13 68
1 61
43 66
16 23
3 68
79 46
76 73
83 58
84 61
1 17
42 36
63 2
70 27
58 35
75 82
94 34
9 85
43 94
87 35
97 12
87 0
39 24
92 79
64 93
36 39
78 66
24 94
86 24
81 71
70 16
99 84
47 2
31 42
11 49
97 78
62 38
28 85
67 34
16 29
54 44
73 61
31 52
31 93
64 17
76 58
97 4
78 98
40 86
81 84
17 79
73 57
99 52
97 99
96 18
12 24
76 2
95 47
85 79
14 99
