173
63 91
65 9
75 50
24 37
78 55
99 23
43 7
44 35
91 91
35 63
27 41
9 23
7 25
42 31
50 41
65 20
79 94
36 56
40 6
83 78
98 82
84 48
9 35
83 36
72 11
96 19
29 65
51 83
18 82
37 6
83 53
87 80
37 47
61 74
38 3
95 62
78 49
78 42
21 16
50 12
67 77
41 52
46 62
67 91
10 34
52 24
10 6
91 50
73 88
33 5
38 89
55 59
69 22
4 0
74 8
13 89
12 30
22 67
77 43
23 28
27 79
12 19
37 84
11 59
68 76
58 28
77 27
8 44
86 83
53 20
67 34
73 84
30 52
49 30
70 71
2 48
88 58
76 61
43 72
13 49
1 29
58 42
63 27
87 10
33 73
3 99
25 24
26 45
1 62
83 9
72 82
26 14
52 67
2 7
54 15
58 65
33 86
65 84
89 25
37 68
90 23
36 89
26 72
79 81
81 57
88 33
40 68
71 80
42 21
50 56
35 97
2 72
33 56
91 84
7 76
21 71
74 35
1 19
88 80
21 44
54 79
64 51
71 28
20 80
65 39
92 6
81 75
44 4
4 40
8 85
83 96
8 64
61 89
72 54
30 35
63 66
87 87
7 96
68 8
87 69
37 95
5 92
70 0
92 80
46 74
49 54
77 87
36 98
29 59
12 2
10 86
10 83
0 25
16 63
42 77
30 83
90 28
12 47
60 11
67 87
89 93
40 3
68 62
53 74
57 54
48 0
64 3
93 84
73 22
14 44
53 87
24 33
95 97
