103
48 29
86 78
65 50
59 13
79 31
83 12
61 63
29 16
40 39
36 2
63 66
18 39
94 6
42 36
18 24
65 53
51 72
78 82
2 50
81 0
10 5
37 9
40 2
53 1
13 82
55 14
16 84
8 60
39 56
59 75
67 23
76 73
22 76
65 28
69 34
82 85
76 32
50 77
88 54
69 38
51 84
44 60
87 45
14 48
46 60
72 54
41 28
10 25
26 76
11 75
6 56
13 74
16 27
76 27
11 55
17 38
3 46
98 45
68 26
54 89
63 5
4 4
32 1
75 54
63 4
39 6
4 56
65 77
27 2
29 12
97 51
93 3
86 79
60 76
13 39
16 35
24 32
15 25
77 69
41 65
2 1
51 57
73 57
63 81
13 53
89 73
41 27
2 9
42 24
16 72
24 29
44 57
37 68
6 16
92 56
5 11
60 55
88 42
3 61
2 16
54 1
24 30
55 2
