154
53 60
50 31
43 88
11 58
61 46
14 17
33 59
56 40
55 97
59 52
59 57
25 31
55 30
32 44
21 19
58 29
23 22
86 7
19 93
49 93
90 13
56 56
44 92
56 53
55 26
11 9
62 50
25 60
97 95
46 47
34 46
13 45
38 83
84 1
44 33
13 38
50 47
55 44
44 96
86 8
38 25
43 42
15 60
29 35
25 58
22 93
64 28
16 16
32 41
44 89
35 62
9 6
36 49
43 61
17 53
80 77
80 75
40 49
80 6
54 87
25 36
32 32
33 47
97 89
53 54
63 43
47 36
48 40
25 40
72 76
45 31
40 57
5 3
38 52
25 93
32 33
42 61
18 19
79 11
33 39
53 26
24 45
15 24
34 54
45 45
87 10
3 1
45 54
13 33
33 63
58 36
27 53
32 54
36 29
38 45
39 40
40 34
43 36
6 69
30 26
47 87
79 9
29 50
11 70
59 41
46 60
77 70
10 64
52 59
53 94
83 7
76 74
26 25
40 41
56 34
14 68
52 92
45 57
81 69
22 95
57 31
45 50
50 43
64 32
65 56
56 37
13 13
49 39
42 29
51 51
43 26
60 27
32 29
84 11
28 24
51 34
13 65
3 5
64 55
13 60
44 25
59 62
65 59
7 62
65 35
56 92
63 25
1 1
36 34
80 0
4 0
6 9
3 0
54 47
