174
77 45
10 11
79 18
1 53
81 16
82 96
18 16
41 20
76 65
44 28
22 42
81 28
47 1
80 38
58 11
73 23
61 58
40 90
47 63
70 49
88 36
6 63
13 64
84 78
83 65
16 31
78 49
49 64
7 99
96 39
30 0
7 77
91 18
24 11
90 82
17 44
92 31
59 70
34 99
51 10
85 95
19 93
11 70
48 50
92 71
58 50
43 34
39 2
83 26
68 62
38 24
62 37
94 54
10 7
99 18
66 12
67 70
34 71
52 25
25 6
43 10
96 92
84 85
49 19
27 85
72 58
17 1
31 8
6 39
41 60
23 28
12 30
81 64
50 93
84 88
6 8
33 98
21 1
11 22
73 66
69 35
1 76
77 34
35 56
5 21
74 94
57 94
94 66
11 42
61 33
82 42
74 30
1 70
77 14
90 50
98 99
17 24
93 57
15 97
11 51
39 4
50 41
2 96
45 46
59 37
90 97
54 59
46 95
46 18
72 38
52 75
23 98
69 77
50 97
39 86
83 52
97 13
6 45
3 11
43 19
7 81
71 17
56 43
88 58
95 46
98 68
7 12
37 52
97 76
78 91
19 5
47 74
62 67
41 42
15 87
62 64
62 22
30 17
85 99
7 73
0 68
32 75
79 2
61 94
59 60
2 19
37 7
33 86
83 91
40 10
33 18
7 59
56 66
41 92
53 98
81 87
2 80
82 6
19 72
83 70
30 37
97 1
52 55
17 57
79 82
17 70
53 50
58 89
60 97
77 74
64 63
90 20
54 98
71 99
