143
96 80
5 94
99 83
56 56
11 12
90 46
93 76
15 79
1 95
99 24
10 86
93 56
4 11
3 19
4 62
9 76
20 25
13 42
0 5
7 23
2 84
99 52
6 59
2 12
34 33
95 64
27 48
16 37
1 17
96 33
22 58
99 16
99 18
2 39
1 65
91 30
36 36
20 3
38 84
91 52
17 37
15 46
97 70
99 31
33 84
29 55
95 20
29 87
19 7
96 27
97 57
3 90
51 29
7 69
99 55
48 16
95 68
98 60
31 42
98 42
18 22
93 94
94 85
13 25
98 76
11 99
25 92
49 81
8 85
7 68
97 94
96 83
92 33
95 13
93 89
2 40
97 54
29 32
13 12
54 47
1 11
7 34
25 43
23 8
2 37
11 55
11 81
98 25
97 59
96 49
5 61
15 75
3 92
27 31
95 63
0 21
18 57
2 3
4 39
16 42
31 48
21 98
57 38
20 39
58 67
29 38
27 24
99 39
13 51
0 22
16 57
10 32
39 24
93 88
35 24
44 21
84 13
89 25
3 22
28 59
27 11
28 15
14 18
52 20
10 57
42 15
3 99
9 33
97 72
20 95
26 30
57 81
24 32
36 25
4 69
30 25
91 42
10 28
98 34
95 41
31 55
20 35
30 50
