166
92 42
84 69
42 65
31 64
38 94
69 75
90 25
79 85
32 56
67 70
53 81
29 90
28 93
25 19
55 81
22 88
29 76
0 56
63 53
91 90
70 15
17 11
55 6
89 13
78 79
16 66
7 65
93 55
71 55
82 68
44 90
35 23
83 45
18 53
78 21
57 70
54 71
36 61
35 69
83 63
64 13
42 41
78 94
1 88
62 47
82 35
73 36
39 34
66 3
51 96
97 92
79 19
32 72
60 88
40 24
66 45
76 77
66 49
7 89
98 7
15 27
13 69
47 75
67 64
39 37
34 82
45 72
64 67
47 97
74 46
86 10
28 40
69 18
42 95
11 96
17 51
99 73
85 97
28 97
46 49
13 35
40 67
85 33
91 37
69 44
95 41
51 81
60 16
59 76
24 81
10 10
81 57
54 40
25 49
30 1
69 80
61 41
15 62
58 21
47 58
11 63
18 3
36 29
84 47
78 34
99 40
96 66
81 62
65 42
13 44
61 82
65 23
10 76
93 36
98 16
46 89
86 46
62 37
46 80
5 20
90 78
36 75
48 52
97 35
45 28
98 56
79 60
26 69
85 14
98 60
66 34
95 74
94 60
81 96
22 26
87 31
19 69
32 37
84 79
31 93
63 74
86 74
84 30
98 80
36 62
43 8
83 26
69 20
50 31
66 74
94 71
50 85
57 11
62 93
67 79
57 88
16 31
82 19
86 22
74 42
7 96
85 90
82 88
38 74
42 2
67 88
