121
26 79
7 11
11 24
27 48
28 57
10 50
6 4
10 42
5 78
10 87
24 60
10 51
10 60
6 42
9 84
25 64
23 9
22 2
9 7
6 77
7 71
7 82
10 9
5 90
24 28
9 29
10 17
10 46
7 30
22 71
7 36
8 48
8 23
23 10
28 63
6 55
6 72
24 71
6 68
25 96
25 75
8 65
27 76
8 21
6 24
24 9
28 13
10 82
22 14
24 76
28 4
24 46
26 0
27 42
10 59
24 27
10 2
6 11
27 88
11 35
5 95
8 12
8 69
10 74
22 54
24 30
25 89
25 66
27 59
7 28
7 88
26 33
27 67
28 53
27 35
24 97
28 27
24 24
24 54
10 35
24 83
6 21
9 77
9 87
11 64
7 56
11 51
11 14
7 98
25 7
9 16
10 61
25 73
7 91
10 81
24 99
10 40
26 45
27 46
9 37
26 53
25 97
26 1
26 50
23 90
27 15
22 35
27 25
9 96
28 80
10 92
26 82
27 17
9 3
23 53
26 90
26 42
6 96
25 23
8 45
26 38
