156
45 40
14 15
11 31
58 69
17 20
42 49
35 84
7 52
38 23
1 1
28 60
33 29
67 51
5 99
76 32
62 47
24 87
25 93
21 36
49 2
50 56
30 69
13 23
28 32
59 33
8 30
79 74
79 32
28 80
65 16
90 19
25 65
64 63
38 63
24 74
76 88
66 38
33 58
46 62
42 86
39 55
41 33
16 26
23 57
47 76
24 5
27 76
94 49
73 19
69 44
97 54
53 72
54 65
15 37
9 16
45 94
15 56
24 79
75 29
68 24
90 46
71 82
12 76
21 54
29 7
49 15
86 34
63 43
33 7
27 45
60 65
63 25
67 54
73 29
77 54
61 34
64 2
55 28
72 76
79 63
80 69
36 52
64 38
67 66
71 58
72 25
74 64
68 25
23 27
28 22
82 61
34 62
74 71
34 39
80 60
88 70
37 15
64 29
37 59
34 20
82 72
25 32
34 75
58 51
67 82
39 60
33 33
30 39
82 39
22 64
29 27
21 62
64 62
86 14
80 23
45 15
81 80
83 23
59 76
21 75
23 70
74 12
38 46
74 23
61 69
54 74
4 72
76 18
17 76
44 55
39 91
54 25
19 29
31 49
72 43
59 57
38 16
55 52
2 70
21 40
39 23
34 34
21 20
69 61
23 80
35 74
97 49
60 63
72 70
12 69
84 44
63 53
84 83
82 78
19 66
57 34
