165
59 38
83 11
23 73
23 7
22 17
63 45
99 74
68 31
87 7
34 60
54 87
31 79
38 80
5 69
87 55
80 68
75 16
13 44
31 91
64 63
2 12
88 41
27 83
62 31
30 29
60 76
59 11
62 25
14 91
53 47
9 18
49 21
90 81
80 13
72 54
75 72
98 53
19 79
86 90
13 33
57 29
46 60
92 54
45 79
86 77
17 41
14 53
31 16
41 34
1 45
5 45
51 38
28 38
93 29
30 73
13 84
16 83
5 57
69 43
50 83
48 55
74 83
83 37
61 88
87 60
26 66
49 32
13 56
75 76
55 67
70 89
17 29
64 4
76 25
90 95
43 78
25 60
19 3
59 48
48 11
4 34
50 93
55 44
66 75
96 33
56 12
49 36
91 6
60 1
82 64
36 81
2 63
55 58
16 43
4 98
46 66
50 48
23 98
7 56
35 95
25 81
55 84
82 71
35 26
13 98
81 74
80 22
49 5
14 88
99 23
20 41
40 7
7 53
57 28
13 74
4 86
9 76
41 21
63 9
72 84
41 27
54 20
90 68
72 95
63 95
63 49
20 61
8 40
30 7
9 99
79 64
91 56
86 85
58 91
80 5
27 51
88 46
78 55
32 3
12 67
93 16
7 24
82 44
62 81
23 25
38 60
28 46
76 81
75 20
70 37
46 94
45 33
82 58
78 88
89 49
38 78
64 21
88 97
56 23
99 12
97 45
62 91
3 77
77 10
93 57
