170
65 42
70 56
59 85
66 99
57 39
28 62
68 65
97 30
14 45
38 41
38 16
0 99
53 81
97 77
55 7
28 78
2 11
93 20
23 27
37 70
57 47
93 57
92 6
14 13
10 12
22 15
67 13
96 41
30 69
68 95
16 85
17 74
87 72
78 73
95 43
48 21
96 31
51 46
8 71
58 97
17 57
81 80
37 91
3 31
71 18
64 11
13 54
40 83
42 59
2 5
12 71
7 10
69 51
87 87
43 79
63 78
38 65
67 30
70 74
37 17
90 76
25 28
78 23
89 24
5 18
42 32
32 12
21 60
78 27
7 95
14 29
39 7
38 79
62 74
40 31
13 73
86 46
81 19
16 5
28 26
83 27
83 9
96 67
48 59
50 93
34 65
95 91
3 26
83 86
9 23
75 62
24 37
1 62
35 36
63 22
53 70
7 62
23 46
45 96
21 30
49 7
1 93
13 58
52 51
24 79
80 52
38 54
2 85
80 30
70 8
59 87
63 54
73 83
9 13
68 71
18 72
94 44
92 47
54 64
9 24
20 15
11 90
64 0
22 91
25 99
14 68
69 44
29 4
63 5
48 82
27 21
35 23
60 62
6 8
72 40
73 9
43 19
60 51
53 71
1 20
20 95
85 11
40 12
71 89
99 25
46 8
72 65
27 45
45 78
19 90
29 12
63 59
97 11
66 87
73 57
99 38
83 16
11 1
2 57
17 66
44 73
34 58
67 5
77 13
74 8
58 18
79 91
19 25
84 43
80 98
