101
60 62
27 64
98 6
31 23
8 25
56 93
7 56
63 65
33 99
64 58
1 29
0 63
30 63
33 26
31 28
7 27
34 95
60 91
63 96
34 97
63 21
65 98
31 30
7 62
61 24
3 96
1 28
58 23
34 28
33 91
4 91
5 59
62 60
59 97
28 23
58 57
3 30
7 29
33 61
36 61
63 93
36 63
62 28
0 94
98 2
30 65
27 92
4 24
59 58
32 94
1 99
56 31
32 97
6 23
6 59
64 98
32 92
34 22
36 29
59 92
99 7
58 94
2 27
37 58
57 99
6 92
1 56
33 57
59 23
6 27
63 98
61 94
63 63
29 29
31 24
30 60
31 59
60 22
4 58
61 28
7 95
3 95
1 57
98 0
2 66
60 63
58 29
2 92
36 94
63 58
35 62
3 63
30 94
0 23
64 63
1 59
60 26
30 99
99 3
5 65
8 98
