167
3 73
84 11
95 14
97 13
71 3
62 46
41 15
66 14
10 60
78 58
44 0
51 61
85 56
72 48
51 62
71 98
8 14
71 39
15 5
47 97
69 83
14 32
90 28
64 99
18 21
80 93
37 73
29 38
17 66
52 91
18 28
47 16
42 20
87 59
11 65
96 85
44 36
13 93
76 64
9 50
74 57
24 53
14 84
14 75
31 12
70 25
80 14
96 23
91 64
10 89
79 21
54 57
21 43
70 27
96 40
47 9
79 84
80 5
60 28
69 66
66 63
26 17
35 7
98 73
45 53
13 94
93 76
10 42
1 57
91 21
41 76
1 28
47 57
43 63
4 38
94 98
73 7
29 56
32 40
54 35
14 48
91 2
74 28
5 49
86 26
23 32
89 38
52 37
14 0
81 85
48 28
21 16
61 22
30 97
3 86
90 84
54 64
68 4
8 76
19 93
84 79
84 10
9 76
7 6
25 86
87 86
53 20
17 77
39 67
23 47
84 16
48 5
22 76
80 94
40 29
52 17
5 15
81 53
48 92
57 41
65 27
77 69
91 32
86 90
44 71
7 22
58 19
81 81
48 26
71 80
2 4
74 35
97 18
85 47
16 99
51 45
60 49
53 68
83 38
70 11
25 10
55 23
41 47
90 5
82 4
60 10
43 29
64 51
34 84
41 97
99 32
83 71
90 2
34 26
87 1
41 12
61 16
3 48
40 68
70 75
37 13
31 25
48 22
42 5
69 32
49 18
58 14
