140
40 11
37 7
61 0
83 1
41 6
16 1
65 2
70 8
49 13
90 5
87 6
63 17
59 17
25 15
36 2
12 14
27 15
52 14
26 1
86 0
14 10
6 4
9 9
2 12
90 8
41 11
85 3
6 1
84 13
10 7
63 3
36 18
51 7
71 10
5 20
70 14
19 7
34 12
80 11
77 8
10 16
14 16
6 11
20 10
68 16
0 20
88 13
27 8
37 14
35 5
91 15
53 6
35 0
84 10
9 1
96 11
75 18
64 1
14 4
76 13
88 12
53 17
82 14
54 7
2 17
58 11
5 4
79 3
11 0
59 1
40 13
69 15
97 15
16 3
85 4
82 8
59 8
51 4
58 12
76 5
18 16
24 11
4 2
92 0
19 16
64 8
71 8
43 11
15 12
39 0
35 17
95 8
48 10
60 13
32 13
34 10
78 1
2 10
98 0
30 12
77 2
94 17
28 3
61 11
25 8
43 15
66 0
20 0
66 14
0 1
94 2
95 1
31 6
69 2
61 6
29 5
42 0
0 7
95 11
23 10
40 8
53 4
89 2
8 14
50 1
48 3
45 4
23 3
27 2
71 4
68 10
28 1
5 17
50 2
19 5
44 1
2 7
97 6
73 0
52 0
