160
22 95
55 53
45 62
13 89
41 70
61 74
99 69
4 94
52 50
90 11
19 10
62 4
42 10
61 47
59 72
70 32
32 73
88 82
88 59
80 14
41 24
44 80
99 38
25 93
75 39
60 9
34 62
35 92
47 41
83 23
85 53
64 19
47 6
70 38
47 54
15 42
16 40
73 24
44 75
34 27
83 93
59 92
52 22
42 69
88 5
92 67
71 4
1 62
58 85
38 92
0 68
49 24
82 2
24 5
39 51
16 92
76 5
81 8
41 62
85 81
58 18
75 99
78 71
56 88
8 23
22 22
7 28
12 12
74 93
1 20
92 34
26 83
37 2
82 33
94 90
47 52
3 40
91 77
33 95
91 97
94 40
66 37
61 27
2 41
76 62
45 92
5 71
7 33
97 16
53 16
80 40
52 39
55 23
19 78
48 10
74 46
3 77
50 6
49 49
30 68
12 26
61 58
46 45
59 93
72 57
1 48
12 87
35 97
0 54
20 94
19 13
19 47
39 60
26 8
93 14
14 2
46 47
55 34
73 53
31 29
15 79
52 90
32 65
45 59
68 52
2 18
56 64
10 70
67 5
41 76
42 31
43 33
83 90
3 59
14 39
66 31
9 2
56 28
60 35
65 42
80 85
73 16
81 91
32 55
46 86
45 2
21 43
26 41
0 10
26 86
44 85
94 8
58 8
69 45
99 12
17 25
0 82
25 29
12 81
21 25
