168
6 35
95 38
27 6
13 77
31 90
31 4
17 51
2 17
10 14
24 28
44 48
10 73
40 2
28 2
88 75
95 56
72 95
22 9
15 38
53 57
78 78
36 76
71 32
97 39
74 45
39 80
7 64
61 6
44 85
89 70
35 67
89 29
38 39
76 87
32 99
30 81
6 42
33 68
73 20
71 80
80 70
86 25
16 17
82 85
85 12
77 44
61 59
93 76
11 85
44 27
13 51
67 16
56 65
89 59
13 1
23 41
48 48
4 72
45 7
72 76
69 45
29 74
5 48
77 70
97 52
90 16
73 6
84 36
3 53
27 48
45 72
46 33
21 46
66 34
15 8
40 11
29 91
36 46
52 46
49 7
77 2
65 14
14 47
37 30
38 61
55 21
2 90
20 59
68 26
99 82
91 39
94 71
42 21
45 71
52 25
43 37
75 49
89 46
94 52
82 38
96 62
17 68
28 30
3 12
62 75
4 61
73 33
64 83
48 62
75 39
18 95
35 32
38 24
66 52
20 79
33 64
25 37
28 48
4 55
35 95
27 21
5 2
95 35
69 55
71 18
15 95
80 10
21 83
7 70
65 61
23 87
26 59
54 16
42 36
86 0
87 52
87 51
72 42
83 92
35 88
87 17
70 12
13 90
92 97
47 82
44 25
87 92
5 58
81 56
83 7
42 84
36 35
73 63
13 67
98 90
79 31
34 52
57 91
96 1
66 87
64 58
62 86
18 87
97 56
85 48
82 34
82 3
71 94
