164
11 5
5 20
79 40
53 70
91 55
8 77
22 19
16 23
56 65
12 35
70 47
79 70
9 50
33 33
35 86
49 7
17 43
48 84
18 81
29 12
51 49
96 46
39 39
97 98
61 93
50 38
51 22
97 59
85 14
99 49
34 28
31 58
75 75
93 2
46 71
3 73
78 17
46 24
55 52
82 70
48 89
21 76
11 59
25 76
9 30
32 80
48 78
27 88
86 7
72 16
45 57
70 20
8 60
35 7
31 4
96 26
20 43
33 35
87 52
96 16
11 70
7 72
88 76
98 67
97 8
62 24
44 32
69 44
33 51
9 64
75 40
63 4
2 5
23 25
49 97
20 68
55 75
86 28
44 24
16 98
51 65
41 34
64 1
19 61
7 0
52 32
80 7
13 21
86 4
59 78
54 34
5 90
12 67
1 58
46 28
78 89
39 95
17 87
10 11
6 55
27 57
16 50
51 26
80 51
50 94
40 95
28 85
42 67
72 59
50 33
37 78
25 29
43 13
42 17
32 30
1 70
69 64
67 56
63 9
51 20
10 45
92 18
25 99
60 15
4 11
68 29
31 33
67 92
59 47
60 46
72 54
62 93
97 36
17 38
12 41
41 87
92 53
36 66
31 85
40 45
67 16
99 70
32 53
52 2
70 25
1 10
67 32
88 92
31 79
66 21
77 59
70 30
80 73
36 18
1 20
5 62
97 84
37 66
59 26
86 61
41 8
40 4
60 91
40 89
