169
73 82
21 25
14 64
32 95
23 33
49 99
6 65
10 67
4 91
82 97
11 48
18 55
27 99
27 87
88 97
7 86
50 87
58 97
56 91
25 87
45 51
11 36
67 66
20 47
1 12
0 51
66 80
68 77
19 60
37 59
41 43
9 75
50 70
12 10
33 73
19 72
49 56
8 81
57 78
79 91
6 56
44 91
63 77
60 59
10 96
16 40
29 31
37 81
25 25
25 59
57 74
26 77
26 32
52 61
71 97
43 86
20 42
57 87
5 17
10 14
34 81
8 69
7 50
87 93
28 72
45 56
35 43
67 88
17 56
17 66
31 35
53 57
81 78
45 95
13 28
25 47
0 37
4 82
76 89
42 60
53 66
17 22
86 95
10 28
5 19
5 76
59 98
15 96
12 46
42 46
42 63
6 57
47 57
1 14
13 60
30 93
4 5
4 48
22 75
91 89
39 79
43 70
3 33
92 95
10 18
31 75
10 75
58 85
59 80
18 47
12 30
23 42
1 17
15 92
51 92
17 81
49 82
29 59
47 65
69 73
83 97
76 80
25 64
82 86
23 90
81 88
21 31
8 40
62 83
84 87
35 62
22 61
40 56
25 94
11 10
2 23
19 34
45 93
29 83
7 78
31 80
24 36
25 77
56 68
6 63
58 59
30 41
7 24
39 97
48 61
92 99
31 88
23 66
21 86
63 74
1 47
7 80
67 85
41 89
76 99
37 83
1 45
9 26
24 53
45 96
1 6
2 69
46 98
14 20
