177
23 57
38 42
59 96
60 18
72 88
32 91
4 74
71 28
38 14
22 96
56 31
17 64
41 67
37 71
68 64
86 80
28 88
95 61
61 76
72 61
19 93
47 13
25 71
2 40
49 10
43 50
85 60
54 45
60 96
87 68
50 22
16 62
37 11
32 84
82 75
85 19
63 28
35 65
26 52
88 17
76 14
38 56
1 65
85 86
49 88
98 15
61 41
22 97
63 38
2 22
59 15
87 48
91 33
83 58
66 24
13 87
65 41
72 2
4 60
51 25
66 29
0 18
64 37
79 19
9 42
74 29
17 90
96 37
84 71
94 35
56 38
70 14
12 31
44 29
85 8
56 72
55 87
78 39
48 81
71 72
35 56
17 77
14 74
46 79
14 94
22 51
27 45
1 38
10 54
84 97
7 9
68 51
73 53
48 51
45 57
20 42
41 24
17 82
97 93
77 46
40 58
81 94
15 64
38 58
72 19
58 46
46 21
44 18
26 75
4 83
60 34
20 28
3 68
43 15
40 5
33 88
10 51
15 11
62 67
53 0
19 73
72 50
22 82
31 57
53 67
34 41
42 62
69 22
35 2
41 97
49 82
52 74
92 38
61 53
27 30
91 67
89 51
7 81
98 28
58 54
68 87
6 1
41 10
23 19
44 1
68 17
16 69
36 45
10 71
52 44
52 4
67 53
78 81
2 1
5 26
6 44
25 36
53 40
70 10
28 29
13 93
33 27
48 64
46 69
7 59
12 12
15 50
37 77
20 83
58 95
98 1
37 96
1 14
26 25
0 57
54 91
55 4
