178
30 1
23 46
89 27
57 64
12 22
76 74
96 38
85 97
62 3
30 27
65 75
24 9
31 61
83 64
92 46
46 77
19 81
64 70
31 49
34 64
64 24
33 74
59 41
79 87
35 70
62 45
69 60
15 6
13 61
19 1
57 69
68 19
39 56
36 35
69 65
27 20
80 51
71 95
91 69
36 57
27 82
9 50
4 19
70 32
87 91
65 53
21 18
99 51
73 99
69 38
87 73
77 75
62 62
95 86
41 8
38 88
59 49
50 60
47 73
23 96
97 32
54 37
7 66
41 21
94 19
48 35
2 20
73 4
48 80
20 52
66 77
57 16
37 40
80 58
19 23
81 21
35 32
60 37
2 55
9 79
55 85
45 3
87 44
66 78
98 50
48 45
21 36
26 74
55 57
48 15
17 67
15 73
84 48
43 48
92 9
75 13
67 79
28 5
87 21
89 70
1 81
52 14
64 88
47 40
51 17
99 27
49 57
70 10
74 82
54 4
31 79
91 99
69 85
58 57
48 97
14 42
19 91
54 28
79 65
29 6
9 8
39 9
27 58
13 92
9 13
34 89
11 70
25 63
30 44
88 32
21 65
42 92
15 50
86 62
98 21
69 27
88 36
59 22
8 74
21 84
47 32
1 6
40 44
46 62
56 33
59 86
51 32
58 35
68 49
34 27
59 81
35 4
19 76
16 74
43 54
48 89
36 29
6 13
48 54
45 26
81 40
26 69
13 29
27 37
2 91
61 95
78 77
77 60
41 39
40 1
92 94
42 28
39 92
50 3
55 45
30 41
1 3
81 73
