189
16 52
22 76
4 71
36 0
18 44
34 75
27 80
19 81
14 19
23 15
43 86
34 14
42 92
27 97
1 43
3 46
40 35
21 37
27 51
32 35
46 67
25 57
9 33
20 18
23 64
35 61
43 73
46 52
23 50
37 4
46 88
38 86
37 63
14 68
19 89
35 19
2 15
18 9
24 39
32 68
16 23
13 60
1 47
45 79
28 8
11 89
14 83
27 46
24 86
32 18
32 32
46 26
41 20
10 69
33 54
16 65
39 78
34 25
14 41
23 19
14 7
2 19
0 85
42 47
32 46
8 44
39 7
36 96
41 9
39 14
10 41
29 26
41 93
35 93
3 85
30 17
12 63
4 19
39 3
17 92
12 2
5 77
15 44
8 55
3 92
12 52
13 17
27 69
43 65
48 40
43 32
3 11
40 71
23 40
9 17
8 9
6 31
5 62
6 79
37 41
45 1
14 81
32 60
31 83
34 79
42 74
3 59
15 75
27 23
35 7
11 18
46 72
45 52
26 6
37 60
44 4
44 21
22 7
43 36
19 32
19 3
23 60
29 89
12 1
27 2
16 12
21 63
30 53
2 64
35 71
44 94
7 5
31 6
18 26
33 52
30 2
0 93
5 28
43 46
5 2
32 56
37 87
10 83
29 74
23 70
47 16
40 33
26 73
5 66
35 29
15 94
48 10
7 52
20 97
30 39
0 23
22 56
32 63
43 25
25 35
38 50
13 33
35 45
10 73
45 57
17 32
5 34
2 33
25 32
4 55
19 84
14 54
6 97
3 69
28 93
40 37
2 1
23 89
11 29
6 38
8 97
38 55
0 32
9 25
0 77
27 9
2 80
12 86
0 3
