172
77 98
65 37
28 25
64 29
13 94
80 40
98 25
71 2
43 57
64 13
16 25
59 32
8 14
97 41
80 84
78 59
20 14
73 26
20 18
49 87
62 9
87 76
11 35
39 67
17 34
32 30
42 62
71 76
17 89
3 81
80 5
74 35
71 71
19 21
10 59
2 24
13 22
19 55
25 47
28 12
20 63
33 39
47 74
41 43
51 19
40 1
56 94
16 49
46 32
59 61
53 34
23 33
25 84
81 67
83 88
16 20
83 72
25 74
40 61
84 0
17 88
48 25
73 94
66 73
89 88
21 86
27 19
81 59
54 8
97 46
76 30
4 2
56 89
17 9
57 15
2 45
42 37
30 12
82 20
88 19
74 58
82 92
71 82
8 60
38 57
45 61
80 96
88 85
95 89
83 28
43 20
79 54
1 55
40 11
14 98
83 75
35 60
29 32
62 60
74 55
89 12
54 68
6 51
44 43
6 71
84 66
35 21
5 26
54 42
79 47
86 8
13 29
59 41
84 61
64 0
10 78
74 9
27 13
93 61
86 54
34 97
87 22
29 7
62 39
70 37
27 90
73 24
87 71
35 7
69 88
92 61
59 85
4 51
53 51
21 12
55 56
13 54
1 72
1 34
24 7
50 45
71 99
52 7
78 29
7 87
29 67
33 55
44 78
18 65
56 53
32 87
97 59
80 63
46 37
39 51
21 23
47 3
99 46
93 27
67 43
77 67
31 59
10 83
33 46
79 73
29 55
91 97
41 79
93 75
47 45
65 3
64 42
