158
59 28
83 73
41 10
98 32
3 50
71 17
27 32
25 17
82 92
79 93
13 17
13 86
67 79
63 68
26 55
59 18
95 8
19 94
3 59
69 99
94 71
70 87
7 70
30 7
65 27
67 45
19 31
95 11
72 69
4 46
79 34
99 19
48 33
86 98
84 37
16 49
50 41
68 88
41 71
49 76
31 23
59 32
86 33
13 41
64 29
99 76
7 43
65 95
10 3
69 84
23 52
22 34
17 56
90 32
81 19
57 42
71 5
94 67
4 6
35 65
2 75
28 39
37 66
45 89
43 16
45 36
3 82
70 0
13 89
21 65
48 64
68 32
6 62
94 95
38 19
27 1
0 31
73 31
70 27
78 44
27 92
12 59
45 77
93 29
49 18
12 15
83 89
84 27
26 12
53 12
38 95
52 49
57 40
83 77
15 74
0 10
7 51
89 88
97 8
36 90
21 88
52 80
67 40
19 10
22 18
57 54
21 5
40 80
17 83
88 18
75 63
12 98
75 2
26 77
86 43
22 86
39 50
32 37
73 11
4 54
9 54
33 55
36 60
61 72
35 30
19 5
93 92
93 39
57 45
49 89
17 25
78 55
57 98
94 15
63 75
46 69
9 83
79 99
58 23
56 26
34 85
36 75
83 29
87 38
58 44
2 54
20 89
88 50
10 96
40 96
26 23
74 34
52 70
99 6
21 8
73 26
35 22
77 31
