166
40 97
69 80
17 48
1 38
43 92
85 45
17 74
92 52
90 15
9 76
78 67
34 15
15 52
21 17
15 30
53 53
90 41
47 61
39 45
36 37
16 97
3 89
60 87
28 19
58 99
1 18
51 36
57 15
80 84
98 83
68 35
33 52
49 75
56 11
43 59
8 32
2 47
3 80
76 41
72 22
97 3
28 74
0 63
86 0
79 73
40 14
58 73
45 67
43 73
77 51
21 64
22 73
47 60
37 66
31 7
93 99
81 6
60 2
16 90
44 1
72 60
36 21
5 72
46 71
53 14
91 70
83 30
39 53
65 33
67 55
26 89
15 81
55 29
7 14
84 65
29 29
48 27
86 93
13 82
91 78
44 86
21 55
3 56
38 49
54 22
26 55
95 76
79 18
34 93
0 32
87 75
20 81
85 90
17 26
28 66
95 52
94 62
96 68
17 96
58 51
9 84
41 62
83 59
9 68
86 68
52 41
21 13
67 30
23 26
92 9
54 98
64 40
65 18
87 37
96 47
40 18
7 77
31 52
30 79
36 80
9 38
58 68
34 95
70 13
34 12
50 70
49 97
53 76
26 14
16 2
22 43
71 32
60 25
92 70
12 35
81 17
75 8
60 52
1 51
8 64
21 36
80 32
65 15
11 1
85 58
54 7
26 77
36 25
89 6
23 25
75 99
10 96
23 3
53 21
90 31
45 93
74 16
81 12
82 83
41 71
96 18
87 6
0 82
2 74
97 30
59 14
