165
10 93
97 19
22 68
22 74
89 0
93 8
57 98
57 12
45 67
14 15
73 77
98 82
77 55
74 37
54 85
53 56
26 7
94 43
9 52
10 70
96 4
33 9
64 11
9 80
91 97
16 34
32 95
98 4
89 36
87 70
47 28
59 94
5 83
69 88
34 73
7 98
35 13
96 27
54 43
78 59
45 78
40 54
4 8
60 65
33 53
76 9
0 29
18 0
45 92
12 57
7 87
64 92
71 80
94 90
1 3
77 52
50 42
74 96
20 88
54 15
73 33
50 61
69 33
39 48
51 48
38 26
62 51
42 33
42 25
81 25
92 93
71 44
33 71
10 17
75 63
30 46
5 96
44 75
75 68
35 32
46 48
81 15
55 59
2 11
73 52
4 99
25 68
65 80
36 57
60 89
12 84
6 0
90 42
37 38
14 38
11 8
13 30
68 32
75 5
51 2
15 86
73 38
51 95
72 69
68 65
50 81
53 37
89 18
23 92
30 51
72 41
80 49
53 29
33 20
5 12
84 93
33 85
22 13
46 5
27 52
61 31
59 53
83 2
28 74
84 48
65 35
34 29
28 93
58 17
27 57
13 94
68 96
65 14
17 41
12 42
47 75
81 28
68 23
68 19
77 79
30 54
81 53
77 36
50 53
5 90
77 98
69 0
96 98
71 35
58 21
62 17
99 95
47 47
25 89
91 71
0 13
72 11
18 41
83 12
30 72
1 99
83 15
73 24
34 97
16 0
