163
33 92
7 81
29 15
22 55
69 52
86 37
34 52
21 10
54 36
89 20
15 40
66 3
80 90
60 80
17 97
31 59
92 28
90 7
38 17
38 20
16 65
73 38
69 14
72 34
94 49
71 8
98 64
93 71
50 77
95 10
21 60
71 77
74 60
90 64
25 35
8 7
48 61
37 74
17 30
91 79
42 25
1 93
67 13
7 56
40 64
25 64
1 83
45 65
70 57
1 61
8 30
98 35
90 95
83 32
80 17
12 27
92 21
8 42
80 48
16 20
62 71
49 46
8 83
80 30
22 67
32 24
91 4
98 3
52 79
10 98
20 43
40 77
10 86
4 92
96 28
81 72
17 85
81 36
60 58
25 90
30 7
58 90
76 28
57 85
12 51
73 11
20 80
97 92
95 52
94 69
58 4
51 27
68 19
41 88
78 61
85 96
65 66
49 21
70 73
21 87
82 90
13 60
6 62
99 50
63 93
81 13
16 91
97 16
14 11
80 42
69 1
28 7
76 89
26 28
34 69
84 90
89 29
93 21
35 31
33 94
3 70
14 72
0 47
76 48
98 56
37 63
82 64
54 73
43 4
10 5
32 74
4 56
84 20
32 39
88 66
54 91
96 21
7 39
83 49
79 42
91 87
13 77
50 40
65 85
35 29
48 32
6 96
53 39
26 71
65 80
45 50
29 65
1 39
28 78
0 80
27 89
32 82
55 10
58 45
86 86
87 81
96 23
55 59
