152
37 77
64 64
30 64
73 93
35 49
21 86
9 77
59 80
9 25
28 94
13 80
78 80
66 83
46 68
14 38
1 15
36 68
57 63
13 34
40 61
9 39
17 28
46 95
42 67
8 85
8 17
45 92
14 81
10 87
23 34
23 97
3 97
32 57
68 95
21 75
17 59
24 95
25 42
28 62
2 21
37 60
90 96
46 63
49 93
49 70
14 48
30 88
8 43
9 65
45 56
51 60
8 57
88 95
2 86
11 51
62 72
28 88
73 96
31 56
34 87
1 25
4 87
18 38
79 92
21 96
15 85
55 81
0 8
37 91
33 91
18 93
71 82
23 43
4 28
63 98
62 67
14 58
64 94
53 88
50 55
3 59
50 86
59 79
10 92
57 75
9 62
50 64
79 87
14 18
73 88
28 35
44 83
34 46
12 21
56 95
13 95
35 72
21 68
65 72
11 81
54 66
64 79
15 48
15 54
10 49
1 74
66 91
5 24
28 69
91 96
20 29
68 79
91 92
17 41
81 84
44 53
70 73
21 50
12 74
43 52
61 91
42 74
44 76
53 74
54 73
41 89
1 50
65 84
19 40
0 6
12 27
31 33
0 88
87 97
34 97
63 89
25 26
12 14
14 69
8 20
28 82
49 75
69 88
19 22
96 98
5 58
20 98
18 43
14 93
3 98
6 96
17 46
