91
79 82
13 80
94 77
8 77
10 81
65 82
27 80
29 84
12 82
80 82
94 82
31 84
13 83
83 77
27 78
18 80
39 79
3 82
71 83
55 79
8 78
46 79
79 83
7 83
6 84
41 79
23 78
56 82
62 81
59 83
53 78
44 81
89 84
86 78
61 79
40 82
80 81
73 82
89 79
66 81
96 78
44 82
17 82
10 82
34 79
85 83
76 77
38 79
56 83
19 79
28 78
86 82
49 79
54 81
63 78
24 79
76 84
67 84
25 81
6 82
74 80
51 79
58 78
82 80
47 83
37 78
1 79
18 79
20 80
33 84
71 82
66 83
27 81
28 80
1 80
94 78
76 80
86 79
52 81
0 79
93 79
71 81
33 79
92 82
46 80
38 81
71 78
91 83
32 84
97 83
97 78
