160
17 62
48 95
86 52
37 86
83 90
91 87
65 89
55 63
87 22
75 28
47 34
46 9
78 13
18 89
96 31
14 4
60 78
72 15
73 11
5 79
9 20
97 64
59 51
37 69
61 63
1 55
50 12
10 73
8 65
88 27
75 31
88 74
69 9
36 46
95 4
30 49
35 43
84 95
29 97
43 5
45 50
22 25
63 68
87 37
65 2
84 29
57 89
22 8
26 69
90 61
84 65
42 64
0 34
92 4
75 60
22 69
13 95
82 13
37 23
64 97
99 57
59 5
25 54
79 76
10 7
66 13
53 20
91 81
13 88
18 61
87 63
71 57
18 21
32 68
28 18
79 0
67 70
7 98
7 47
44 1
61 24
6 69
95 15
52 92
7 5
22 42
50 46
96 89
26 50
13 10
24 73
8 74
73 36
19 58
52 96
73 23
31 10
29 10
51 79
6 56
23 28
72 40
36 56
62 45
76 91
10 94
28 90
73 45
88 76
94 38
54 22
19 31
51 4
13 54
34 95
22 37
18 75
22 96
13 68
24 9
54 52
75 69
40 17
84 79
17 81
16 48
98 93
57 13
40 41
59 18
41 4
59 33
5 8
1 70
27 44
4 63
29 29
17 49
32 6
50 97
20 32
53 98
21 14
58 71
28 86
64 50
63 12
11 45
67 15
50 50
93 17
45 73
83 18
60 40
48 24
50 26
26 25
43 46
35 5
38 11
