175
73 60
69 98
25 90
9 25
31 92
61 61
28 53
82 79
92 70
11 45
0 31
13 34
88 62
39 67
0 52
75 39
31 28
71 33
15 18
14 12
15 26
34 89
91 2
88 94
76 8
78 64
5 95
62 22
52 85
18 68
75 98
50 90
93 55
86 12
89 78
40 50
10 21
43 20
23 76
67 24
72 54
16 85
26 42
62 15
73 53
91 80
9 35
93 73
82 53
4 85
45 79
9 0
99 29
64 5
93 45
47 85
79 19
28 3
53 25
13 37
38 23
36 52
82 37
85 72
20 98
45 27
3 73
58 39
78 2
69 48
89 33
49 78
80 71
56 49
86 48
19 37
40 40
46 97
66 74
90 65
67 44
4 67
68 2
32 73
13 14
50 64
36 81
68 5
44 64
97 95
85 28
22 45
99 60
94 93
18 17
94 86
57 49
27 64
14 61
36 57
60 7
58 30
36 46
7 16
9 59
18 23
14 60
53 9
87 55
30 4
3 12
30 75
86 33
71 5
29 13
55 81
82 50
30 48
81 13
23 98
99 35
79 93
20 0
54 83
38 13
26 1
27 79
66 78
6 80
55 55
55 30
32 25
97 46
64 91
6 35
97 72
6 40
51 37
39 97
64 31
1 58
56 73
1 43
72 41
71 72
46 24
18 48
88 80
18 44
74 90
48 17
39 35
64 86
98 65
40 0
27 21
19 1
69 89
80 67
53 78
21 12
45 71
75 72
62 12
93 29
57 64
8 90
43 14
3 98
83 85
20 8
47 33
25 11
0 87
69 13
