164
24 60
87 23
73 77
48 56
29 13
54 54
57 86
84 21
61 48
82 92
83 47
93 0
6 61
43 7
71 24
69 73
31 25
35 74
79 44
95 45
10 37
7 13
50 49
66 81
8 97
68 3
54 51
48 24
13 12
66 22
62 58
72 1
51 5
61 60
29 99
4 82
14 19
19 58
14 77
16 61
44 13
98 1
42 18
49 52
48 93
62 98
5 32
23 93
57 42
33 93
34 52
50 7
75 68
12 52
1 27
29 7
27 90
15 62
0 75
24 31
77 39
73 12
60 5
99 36
47 78
8 46
39 10
80 23
70 72
83 78
38 71
37 97
58 79
60 36
15 49
28 56
63 90
51 90
20 35
8 81
54 25
55 85
42 55
55 62
1 78
80 32
46 10
8 6
42 25
24 82
48 35
19 16
53 23
36 78
22 70
41 34
26 16
57 25
13 80
79 58
93 74
99 53
9 67
24 69
50 70
63 64
45 95
30 63
11 61
51 83
93 73
57 30
69 40
81 95
4 94
39 48
98 16
50 67
55 95
81 20
96 10
92 46
86 95
6 56
39 23
98 57
19 91
90 6
76 25
29 76
5 97
44 58
22 18
86 30
55 32
61 7
66 3
18 45
60 96
28 95
66 55
71 51
51 35
6 33
41 28
47 1
98 76
41 98
88 87
36 43
14 89
89 3
75 74
95 23
90 52
40 81
60 98
90 80
75 28
88 48
22 74
63 17
80 48
3 0
