164
50 72
35 16
96 58
25 59
78 35
51 69
4 88
95 86
14 86
23 26
45 47
83 31
76 57
21 79
12 25
61 65
11 86
21 86
48 50
44 17
94 30
46 90
51 44
62 97
22 8
40 45
65 93
51 13
98 75
50 50
11 39
17 13
93 49
72 71
76 37
47 94
76 1
52 18
84 20
4 48
3 31
86 26
12 95
67 92
29 66
68 64
24 42
34 97
58 28
81 45
18 54
87 41
84 2
25 34
58 11
35 87
52 88
48 8
87 78
44 56
65 27
85 72
0 23
98 13
47 88
79 73
18 70
72 27
52 50
72 18
30 15
12 18
52 24
43 98
0 12
80 67
46 18
72 12
18 28
57 43
81 94
93 96
42 71
56 53
7 71
70 43
65 69
41 27
49 55
2 56
37 17
19 30
79 88
55 95
4 35
85 18
90 90
11 78
98 91
16 82
44 12
11 43
15 90
78 23
12 64
51 37
25 31
94 34
10 1
31 26
44 77
82 95
29 80
28 88
80 59
52 74
65 56
49 17
57 18
42 30
49 79
50 85
13 31
83 63
53 75
95 39
59 25
14 38
93 45
78 57
74 78
66 90
94 50
25 52
20 46
74 6
25 82
50 97
63 36
22 23
21 36
52 3
14 0
62 73
40 83
60 1
98 62
22 68
98 5
82 56
48 2
55 32
78 9
99 16
99 2
59 92
82 96
85 54
3 43
76 48
62 81
63 16
68 11
65 25
