148
79 23
31 71
72 69
60 63
47 53
30 69
99 99
64 66
82 83
6 10
32 33
76 75
84 82
72 28
99 3
51 49
32 68
34 35
45 47
62 61
41 42
23 24
88 16
54 46
12 13
5 92
70 71
2 94
9 12
24 79
11 9
58 14
86 16
39 63
55 46
60 61
8 88
30 72
68 33
66 66
40 41
10 93
74 28
5 4
76 77
19 82
62 38
82 84
59 58
19 84
99 1
7 94
97 5
20 20
80 79
18 85
1 1
85 12
24 80
18 21
33 35
96 7
2 95
77 21
87 90
18 18
71 26
49 53
88 9
1 2
88 84
16 15
54 51
36 66
65 63
37 61
77 74
17 13
11 86
40 61
14 87
39 41
64 34
59 60
28 24
44 48
75 24
70 32
74 72
47 56
86 86
31 32
50 53
28 25
94 93
89 88
21 81
58 56
91 94
38 66
24 27
84 16
72 73
46 46
91 92
7 90
94 4
27 76
14 88
41 43
76 27
89 14
61 37
89 10
91 91
98 98
30 31
43 54
79 82
94 95
81 21
22 23
65 33
46 49
56 42
59 43
36 39
82 18
46 52
27 74
97 98
18 79
28 71
32 32
63 36
24 24
68 65
59 38
32 69
55 55
1 4
43 56
93 8
39 57
36 40
3 6
3 99
9 8
