171
82 50
88 87
91 48
44 25
28 23
25 5
22 61
8 71
65 1
13 47
2 45
61 6
19 26
11 12
6 5
31 80
15 21
64 77
6 97
87 3
50 12
72 48
15 60
33 34
5 59
37 19
1 33
25 66
28 45
72 59
3 26
35 12
62 22
44 85
8 77
71 97
46 66
57 29
83 16
97 9
15 36
72 68
42 67
91 36
20 66
71 8
87 64
61 62
69 17
55 66
73 93
87 27
6 77
52 57
95 8
53 25
43 13
44 34
55 43
8 30
48 41
18 83
25 91
12 34
74 54
4 90
2 95
37 84
23 51
39 6
80 0
18 33
59 86
90 45
91 11
4 10
36 70
61 98
57 79
44 46
25 1
81 2
2 31
96 50
10 82
49 57
56 81
62 15
76 66
68 28
35 63
27 16
71 87
82 34
86 14
44 63
77 58
13 23
59 16
90 3
13 18
66 78
94 63
96 21
40 89
43 44
33 57
10 23
62 10
42 83
22 7
39 21
41 51
39 31
36 38
48 43
18 25
36 4
4 66
45 52
61 22
29 13
34 1
4 6
31 65
20 75
27 73
23 29
50 16
13 1
35 8
91 99
21 52
45 87
16 96
0 19
45 2
72 86
91 51
20 90
93 17
92 26
18 93
11 37
7 47
35 23
4 75
96 89
65 61
0 2
78 52
18 7
19 82
34 55
51 29
31 4
60 73
56 50
49 25
51 5
22 12
86 66
27 90
86 78
83 37
96 84
49 27
3 80
96 13
21 48
54 65
