165
33 92
9 70
44 92
54 22
2 41
62 2
50 61
65 12
60 52
27 51
0 81
71 44
88 57
47 10
49 32
47 51
76 24
20 38
80 32
53 93
88 50
34 34
2 93
89 35
86 33
84 77
73 72
93 56
44 42
85 17
3 46
77 37
99 41
44 21
22 70
46 37
11 60
16 9
41 37
78 18
52 78
9 97
76 89
16 44
32 35
94 42
22 87
32 89
76 19
69 80
90 50
43 2
42 18
80 99
89 7
54 71
57 89
60 47
76 67
38 65
73 9
13 18
76 95
59 30
1 30
12 85
87 38
80 74
20 90
31 49
30 79
96 8
15 38
90 12
0 72
14 73
76 47
94 48
20 87
61 97
55 54
78 39
83 87
27 38
68 25
34 17
97 22
15 39
43 49
79 95
89 73
15 67
5 3
52 87
15 27
48 72
74 79
30 65
92 73
80 82
85 3
50 36
49 54
87 0
57 36
35 73
25 79
27 40
8 89
66 72
29 99
41 52
91 17
81 96
29 26
19 22
98 18
15 80
22 76
1 16
53 33
56 73
34 96
84 54
35 21
46 34
49 14
13 57
51 9
33 52
42 76
99 52
97 30
47 93
99 28
62 39
64 38
6 95
73 98
44 9
31 18
29 13
57 9
66 39
23 57
8 22
9 36
38 46
70 68
60 62
85 40
17 85
5 2
37 39
93 0
33 27
62 82
36 29
78 10
97 48
15 91
99 87
28 70
50 95
87 70
