157
79 38
81 43
27 15
31 70
34 47
43 55
38 14
19 26
67 57
57 96
47 4
29 46
4 6
12 16
67 84
4 85
22 18
72 39
60 60
7 88
75 4
39 54
6 49
35 60
91 85
57 24
38 70
38 62
1 39
98 87
68 91
87 27
60 35
52 67
3 25
99 67
72 10
98 32
92 16
45 42
62 33
52 94
74 17
30 61
71 88
81 52
85 75
43 74
1 81
43 33
22 3
37 16
66 24
68 98
53 62
72 55
44 47
56 19
39 46
99 64
22 71
76 80
49 98
57 76
55 11
79 32
80 32
27 75
58 12
26 91
64 17
39 97
38 53
22 89
24 79
99 37
21 21
18 64
65 37
86 95
85 39
87 55
3 26
83 64
33 49
56 38
36 37
2 66
81 27
24 14
31 15
31 61
95 3
53 45
36 90
89 90
59 67
3 94
94 7
30 35
92 25
65 14
0 67
73 30
65 6
52 86
29 51
80 77
70 3
71 36
67 29
58 90
87 64
44 80
96 73
57 55
38 33
33 77
44 83
81 14
6 2
43 23
63 82
61 10
55 53
74 95
17 6
94 10
47 44
77 97
81 2
90 15
20 58
20 30
7 67
99 68
78 18
27 8
4 71
89 1
11 52
31 6
7 69
75 18
1 18
88 82
49 65
96 18
48 63
52 74
69 2
32 63
99 19
14 32
96 29
30 79
96 12
