171
21 70
44 71
66 56
2 23
29 64
9 45
12 33
41 44
24 97
62 94
20 73
91 50
79 86
71 85
31 48
49 70
14 1
0 54
48 62
80 79
85 58
96 74
74 67
31 34
59 82
27 11
28 2
85 29
90 84
66 16
22 49
69 94
71 67
36 83
53 7
93 96
87 78
86 38
36 80
86 6
51 43
92 8
59 15
83 49
34 40
59 86
53 66
92 36
2 66
67 8
42 59
9 17
76 32
69 35
59 64
23 32
97 81
41 3
72 62
30 54
3 44
63 56
1 42
39 29
40 40
22 65
60 73
45 67
66 62
65 82
80 26
28 41
69 45
98 43
55 29
29 83
12 19
89 40
53 2
10 58
27 21
51 90
21 22
99 49
77 99
64 28
72 88
10 87
47 93
43 91
75 83
17 54
36 87
88 75
94 33
74 72
65 42
6 72
9 53
51 28
7 66
38 50
60 59
16 31
36 4
17 63
51 60
94 24
33 92
57 0
97 36
76 42
27 80
5 27
0 72
36 63
55 65
67 1
59 40
0 8
19 88
77 23
42 23
63 70
31 67
25 48
30 51
8 85
12 79
40 21
58 32
72 90
49 2
15 61
89 75
25 73
98 28
80 31
19 41
45 26
3 60
29 81
52 80
14 42
19 13
68 79
88 23
82 19
66 2
51 6
0 2
76 99
68 32
69 80
3 30
53 74
29 44
1 53
91 22
88 92
8 37
64 76
8 40
75 82
2 95
3 27
31 94
73 42
43 60
22 5
83 45
