172
93 44
38 81
49 34
89 39
82 41
69 30
10 56
41 62
65 52
97 76
89 9
27 96
90 35
6 16
6 87
9 65
68 91
28 4
53 86
93 71
21 56
52 63
13 70
50 28
43 54
8 79
25 35
35 79
6 30
49 47
66 33
67 0
72 12
91 16
21 69
85 89
81 45
97 65
44 38
50 60
30 71
71 58
91 60
58 31
1 15
17 52
32 68
4 85
32 29
70 55
79 23
78 8
10 22
11 26
39 54
30 83
95 7
30 15
86 58
27 18
1 73
29 20
13 46
10 12
64 96
22 23
4 0
8 94
18 48
17 17
60 64
13 32
48 15
71 10
31 89
92 11
47 18
19 31
53 78
39 7
30 5
61 49
5 74
88 70
96 81
66 76
78 56
18 27
80 13
65 32
76 8
82 54
42 52
79 32
84 82
87 54
91 80
69 98
31 61
30 73
67 65
56 79
8 40
77 2
71 24
28 70
30 10
48 96
65 19
34 51
9 53
17 23
15 13
56 15
7 75
4 94
55 73
33 7
48 76
76 26
94 34
29 66
31 24
54 65
62 30
63 40
35 28
54 26
0 6
69 13
86 97
70 82
43 38
97 6
1 51
13 81
33 59
75 51
38 98
71 22
86 93
76 73
30 85
82 57
87 24
10 50
23 87
16 82
10 6
97 46
56 70
20 65
9 96
40 31
45 13
22 80
36 2
97 91
53 5
44 11
99 18
29 85
1 74
59 70
4 87
17 34
31 53
33 86
0 90
37 8
64 27
47 46
