150
17 40
49 82
66 81
34 53
94 2
70 16
83 3
31 27
13 76
5 75
11 77
43 93
13 9
10 26
93 49
24 7
11 55
88 26
9 13
71 6
54 17
39 78
68 5
34 94
45 8
72 19
13 49
48 55
63 90
5 34
35 11
15 79
29 4
89 16
10 34
14 91
9 94
12 18
1 55
47 92
45 47
21 92
3 16
10 93
64 13
78 15
33 16
20 65
88 7
50 17
1 98
74 16
70 27
47 12
94 18
1 49
29 2
10 5
41 16
8 81
26 31
80 14
53 48
15 47
10 85
44 1
36 47
31 22
28 36
55 80
93 10
11 2
25 10
83 20
83 17
22 54
44 82
94 12
10 39
41 17
18 54
0 64
10 68
34 10
1 12
90 20
43 86
91 16
12 16
34 5
34 98
19 89
58 15
23 46
8 98
4 66
2 90
73 94
21 57
15 23
15 39
16 46
13 36
32 94
26 26
15 9
47 73
39 15
32 39
72 26
16 86
41 63
16 96
14 3
2 2
19 3
41 11
4 21
37 33
0 18
81 24
45 4
2 7
4 95
29 1
13 10
23 17
13 44
38 6
14 14
23 76
78 40
43 67
78 35
47 39
24 6
13 87
12 5
37 32
24 22
1 7
6 58
5 1
11 93
14 96
6 3
4 9
2 97
56 9
19 1
