170
91 78
75 68
26 49
20 94
56 42
50 32
0 56
24 65
38 87
26 68
80 0
70 88
38 68
22 10
15 65
60 61
0 42
1 35
48 85
71 97
10 36
22 81
16 95
11 55
88 17
30 73
87 58
77 76
33 67
34 40
33 34
18 46
77 48
12 76
27 14
43 94
80 78
52 57
40 66
21 39
85 80
59 49
93 72
22 51
49 50
52 55
21 64
98 68
7 32
42 91
45 33
39 8
78 50
66 26
30 20
26 14
28 59
30 37
36 13
79 91
36 49
81 31
62 23
77 19
33 81
54 11
18 40
78 25
44 29
3 83
37 46
38 56
94 25
89 72
65 34
0 70
2 44
91 95
35 22
85 39
19 25
96 60
30 85
71 88
29 43
64 64
24 41
89 48
96 16
18 97
87 89
4 61
92 19
88 24
98 10
52 80
13 4
56 41
65 80
87 43
58 29
56 74
23 10
33 19
98 12
60 2
25 33
91 10
17 0
84 30
3 40
37 76
65 4
1 23
16 74
38 27
44 75
3 77
10 52
79 86
36 15
76 90
82 44
61 18
72 47
81 84
14 94
50 96
89 21
98 62
7 43
42 25
19 4
33 68
90 75
32 9
18 20
35 3
18 69
79 98
84 54
43 11
77 5
12 97
90 27
16 90
64 73
63 15
16 35
65 55
91 33
70 31
50 73
2 61
9 10
98 54
5 62
84 85
9 83
26 1
95 36
13 30
63 89
58 18
35 14
59 86
65 1
41 71
73 89
90 99
