168
23 13
13 45
64 82
68 25
30 55
57 33
1 85
18 2
84 6
72 83
53 22
66 3
31 32
68 61
86 66
15 13
46 28
76 25
97 69
47 88
81 95
47 62
95 71
2 60
43 69
86 56
29 26
94 13
66 47
55 60
58 45
43 9
6 63
94 98
25 53
52 90
83 77
78 3
99 34
41 22
0 15
83 50
26 85
30 97
47 76
95 4
2 70
0 26
25 48
24 29
0 50
50 80
83 68
63 5
26 38
70 41
59 62
20 80
25 83
80 86
28 94
64 89
48 99
56 74
16 82
71 10
3 30
12 4
70 17
99 80
21 86
43 39
65 12
29 57
85 3
35 19
47 1
78 59
25 57
66 99
39 97
15 64
32 47
96 97
42 15
42 82
40 2
92 49
22 66
93 62
35 26
3 57
76 10
28 21
44 86
22 29
45 15
68 23
64 32
31 72
82 74
6 89
52 31
2 77
83 10
80 19
59 51
56 63
37 38
35 77
20 45
41 99
29 8
68 4
55 59
38 92
79 40
19 11
82 38
76 12
87 43
36 89
1 1
60 29
24 42
7 9
25 44
11 69
15 75
42 39
8 99
49 36
35 52
59 75
43 60
18 33
76 36
61 1
37 11
45 69
34 3
7 38
86 96
28 79
38 58
81 70
74 1
9 44
67 35
48 87
46 56
22 2
54 96
14 81
14 37
19 7
75 38
49 43
21 7
70 0
87 58
3 37
50 84
76 33
91 2
86 80
16 32
59 38
