171
53 44
26 34
14 95
97 79
32 87
86 50
68 83
0 61
37 9
56 9
77 95
57 4
64 36
99 35
27 72
68 27
68 15
63 42
71 12
27 54
34 39
45 74
53 54
50 63
87 24
91 82
72 48
12 37
22 17
96 19
20 0
88 79
13 55
28 25
8 66
74 27
80 70
5 33
63 18
63 69
3 84
86 88
31 43
55 12
21 6
48 10
10 78
15 5
93 74
45 12
93 30
38 89
77 9
9 24
35 94
39 85
2 6
32 2
23 47
36 17
18 60
6 4
34 70
87 16
99 83
73 95
47 4
49 19
96 51
73 42
95 89
25 13
59 80
46 16
90 21
43 32
32 95
57 38
2 53
54 98
58 83
78 43
36 92
88 2
43 67
92 20
12 41
9 27
52 47
29 11
22 44
25 66
6 92
13 63
24 22
46 4
80 17
8 72
82 8
19 19
40 97
42 8
26 94
10 5
24 49
15 47
85 61
91 64
74 36
30 31
16 69
68 85
58 52
83 41
13 40
29 61
76 82
9 20
58 12
70 29
89 33
46 62
34 82
5 12
46 72
62 47
30 82
57 93
27 99
26 2
51 90
56 82
83 49
92 25
56 19
79 34
27 81
9 16
95 94
14 32
49 46
41 45
2 34
25 38
90 7
14 18
49 3
90 10
18 94
6 85
62 24
37 26
16 39
43 2
49 39
70 76
93 48
85 24
2 90
76 81
44 84
83 29
32 61
80 23
50 17
33 67
33 21
16 30
85 75
96 68
11 81
