177
34 89
51 16
63 42
34 40
62 83
17 89
81 77
30 29
67 4
10 83
20 49
51 85
3 16
93 39
89 96
41 22
90 57
4 51
70 35
58 32
66 70
20 53
78 93
1 58
91 77
82 6
44 21
89 80
80 98
12 90
14 44
52 63
24 5
16 7
79 65
8 33
63 67
27 23
33 13
1 87
48 91
69 93
46 16
6 58
34 45
82 43
85 62
40 71
80 57
64 95
33 38
41 52
6 8
52 6
14 17
34 1
53 71
36 68
73 14
41 84
51 97
84 7
92 95
65 29
1 31
16 85
37 6
15 36
9 35
10 28
62 89
30 93
42 79
3 86
71 98
88 92
14 24
73 44
81 19
23 92
73 41
4 80
92 51
30 85
30 81
73 20
67 77
14 74
97 78
3 24
60 48
97 36
51 55
0 2
54 23
54 96
21 94
7 92
54 8
52 21
65 22
98 34
93 62
52 31
3 93
21 23
98 71
50 37
9 51
6 11
46 63
49 1
62 32
50 8
0 81
64 25
63 44
79 52
46 58
51 31
79 14
97 38
99 49
26 21
63 10
28 92
73 68
42 30
35 31
12 23
15 71
67 17
97 26
3 28
33 42
86 68
26 37
48 99
39 39
96 2
12 43
54 11
66 53
10 3
95 49
57 68
32 57
90 24
8 45
95 65
11 40
9 42
99 67
8 95
50 66
27 47
51 76
1 16
26 32
14 12
48 73
35 21
28 7
25 59
0 72
22 11
43 42
16 61
90 61
69 31
33 52
72 24
70 18
12 72
89 12
40 2
79 99
