174
62 82
93 93
1 63
90 87
54 36
14 34
7 64
51 40
11 16
14 33
29 49
20 85
34 6
3 66
23 81
63 43
28 5
47 20
67 39
16 56
43 64
51 66
40 50
90 63
46 45
30 46
74 28
83 88
25 91
24 23
12 77
8 51
54 71
35 25
49 68
14 89
28 20
14 24
33 27
81 46
31 97
62 19
80 25
77 49
88 56
54 15
36 42
91 40
84 96
54 81
14 56
4 18
22 70
44 9
80 52
44 28
63 14
25 59
74 99
17 27
39 79
87 97
71 66
44 75
25 54
49 85
90 46
24 66
58 46
95 0
51 62
41 50
1 23
40 9
75 35
33 78
60 54
6 5
2 82
21 80
69 52
52 47
7 68
70 80
79 6
34 21
28 82
37 35
44 47
81 21
25 30
62 83
22 66
85 10
20 17
44 77
23 94
85 44
2 15
36 89
40 53
54 77
24 42
53 33
47 6
74 55
95 78
36 83
18 56
16 2
91 79
25 38
30 35
36 29
96 91
40 40
69 75
65 35
1 11
20 30
71 60
49 50
63 2
78 80
64 18
53 97
24 5
73 80
99 49
77 35
5 28
80 64
89 62
40 43
64 26
53 52
12 84
69 25
72 39
57 1
57 85
60 97
89 10
80 38
87 56
13 7
21 32
67 45
33 13
11 90
43 39
55 32
69 93
56 26
50 21
73 91
49 23
67 20
50 24
38 94
67 60
1 98
19 12
88 79
76 64
37 93
36 97
2 1
63 98
97 71
6 62
49 0
53 4
45 37
