172
83 45
9 5
52 10
17 81
8 65
66 23
67 2
61 20
85 18
54 29
21 47
24 93
61 9
32 89
71 17
95 84
69 67
44 7
37 56
15 62
61 75
15 12
73 42
87 91
3 53
20 77
90 95
11 2
64 27
75 55
39 79
55 87
87 53
68 36
36 12
46 2
76 10
67 85
80 59
85 81
55 7
41 86
56 18
29 85
94 99
7 74
22 34
69 84
92 33
31 53
59 81
2 98
97 95
0 0
51 69
62 55
0 27
77 72
50 0
26 91
40 79
34 25
17 87
39 94
93 90
6 87
13 42
83 14
15 72
49 91
99 92
79 80
7 25
43 71
98 76
63 34
71 40
4 18
14 48
67 49
40 2
82 83
60 85
73 59
37 47
38 78
23 72
1 63
59 0
93 44
4 83
96 35
62 87
87 64
98 60
76 48
71 34
49 44
86 27
0 39
38 67
22 29
41 94
4 23
75 7
75 63
13 54
60 14
26 30
11 59
84 35
53 79
93 12
97 20
88 27
8 58
57 92
44 91
19 53
21 81
4 7
91 69
75 67
84 28
91 22
14 92
32 46
58 96
49 40
60 4
97 74
96 25
77 34
95 9
3 32
30 98
18 90
30 63
53 72
31 44
77 0
8 40
87 59
11 19
86 4
73 53
45 48
47 45
16 59
58 65
70 90
27 12
3 6
8 85
9 28
36 51
72 63
39 5
31 62
81 28
35 62
49 72
62 33
45 42
40 41
71 9
27 67
32 4
15 21
57 53
2 12
99 32
