182
87 9
58 82
4 37
7 59
28 41
28 51
34 42
32 31
40 61
51 23
28 65
82 10
98 84
38 68
93 92
22 96
41 89
99 51
10 59
91 16
98 81
95 29
20 67
60 86
91 48
9 18
37 8
31 10
90 99
55 28
29 56
39 27
73 36
48 33
39 78
24 82
3 24
56 86
79 19
77 95
11 31
79 63
40 92
80 28
53 54
90 7
79 92
6 39
39 63
68 46
81 88
66 74
16 42
2 7
32 15
36 25
69 72
69 44
72 64
55 4
91 24
75 12
32 24
71 95
78 43
50 14
76 24
11 6
14 33
88 89
38 96
61 30
47 9
15 70
20 92
50 47
81 9
20 39
59 70
36 83
15 89
16 44
12 50
0 86
12 34
36 17
2 98
52 71
13 67
99 15
12 28
68 36
54 9
24 89
83 16
36 32
30 45
19 82
43 65
9 94
77 35
49 93
53 83
80 74
67 90
8 91
19 41
5 72
34 79
68 48
14 13
46 75
47 97
27 95
40 84
78 13
86 60
9 76
49 39
7 86
17 9
20 95
20 76
46 69
65 68
51 6
88 1
33 72
94 55
25 42
87 77
0 77
69 1
22 87
73 27
9 49
86 19
85 75
31 75
82 70
44 51
41 22
97 96
37 49
6 44
68 80
83 32
20 14
72 40
62 53
35 69
24 49
39 76
69 98
3 54
31 19
7 48
7 83
27 26
81 62
12 4
78 47
64 91
52 86
67 6
63 29
2 70
82 52
1 88
66 32
68 77
14 59
7 6
2 14
26 80
10 25
7 1
3 59
51 44
17 15
11 18
99 61
