168
46 0
38 74
96 58
75 27
84 64
63 42
92 46
75 59
23 46
13 32
90 16
35 23
91 66
11 70
97 44
26 66
1 90
35 41
80 39
64 48
3 44
50 2
77 88
78 95
67 22
69 60
28 84
2 27
87 57
51 79
69 80
80 28
56 23
71 73
27 25
57 76
49 59
71 31
57 52
89 46
42 7
92 80
42 66
67 73
39 61
41 55
87 43
15 79
86 91
57 10
66 19
78 81
96 10
80 62
71 19
90 28
36 55
59 33
82 64
63 89
41 21
49 90
90 26
81 60
38 1
57 63
5 85
28 11
7 64
91 85
2 26
76 13
15 96
38 10
82 93
54 49
86 21
95 26
52 85
15 49
52 14
22 56
47 26
86 73
45 9
35 60
23 70
50 35
7 59
88 39
38 89
56 69
50 18
99 62
28 16
73 94
33 66
80 21
37 79
50 42
26 3
10 7
97 12
91 54
1 11
11 82
16 36
99 78
59 67
45 61
43 39
90 9
47 42
75 72
86 84
65 76
52 92
79 10
34 85
77 46
4 8
48 36
35 15
37 45
30 13
97 3
78 57
82 50
96 48
29 42
41 96
27 9
76 82
21 8
3 52
22 74
92 88
43 52
95 41
51 98
75 12
28 47
89 48
18 9
76 79
53 9
95 58
71 48
29 76
26 62
71 4
8 11
46 12
83 24
59 8
32 4
24 25
35 92
68 65
95 66
24 10
72 65
27 81
26 61
11 88
58 4
51 23
1 22
