164
35 15
14 70
16 60
33 50
85 56
56 17
97 9
68 18
77 94
77 76
54 57
55 33
97 99
35 86
33 65
19 26
41 71
22 51
10 32
51 36
83 33
22 11
5 4
39 2
93 91
24 64
43 8
21 41
90 12
53 90
52 24
38 25
77 35
67 51
16 83
4 87
33 35
46 26
93 87
96 23
29 39
68 76
73 88
72 21
9 10
85 92
7 56
94 68
97 55
79 71
43 17
89 20
98 65
83 23
89 0
27 25
68 10
64 39
94 15
81 67
50 90
90 65
25 70
11 90
80 18
59 66
63 65
91 83
38 32
99 46
62 6
35 57
11 71
95 97
94 52
89 94
16 96
82 79
40 54
89 69
8 2
72 57
66 92
3 99
43 68
54 63
90 77
55 93
32 41
98 49
45 56
3 50
92 42
27 75
63 41
48 44
12 50
65 46
51 79
13 42
82 15
85 53
8 86
33 62
39 68
32 83
25 4
38 37
74 25
1 4
73 42
52 70
51 84
61 91
57 76
22 13
87 98
29 52
77 12
76 28
82 44
42 59
34 25
7 27
3 64
83 10
78 31
3 35
21 5
28 2
59 20
4 72
16 48
3 89
48 13
67 49
30 56
17 43
75 55
67 34
81 18
85 84
90 73
74 97
16 8
26 81
44 99
15 76
74 14
64 66
7 44
55 39
86 85
87 15
78 20
21 8
30 60
8 95
48 35
8 19
45 37
49 3
34 92
6 51
