171
8 61
70 40
98 4
40 38
82 61
97 91
14 92
6 77
62 87
72 82
80 95
98 15
54 45
63 69
47 54
40 51
57 88
17 58
73 70
29 45
42 95
16 35
88 69
61 18
31 37
63 7
37 13
92 24
59 43
30 21
43 48
3 79
48 61
47 36
45 83
7 27
66 84
99 60
67 95
6 48
76 66
32 26
30 71
60 92
52 81
79 50
90 72
66 8
35 63
74 96
69 76
38 81
97 4
82 11
69 44
75 38
22 7
26 68
88 94
75 73
4 15
36 42
96 18
88 12
32 77
41 86
38 47
2 20
19 22
65 41
75 24
22 32
7 14
31 54
91 15
1 10
69 28
93 41
67 15
19 30
77 50
92 34
13 57
37 84
66 27
35 47
72 50
17 59
66 33
73 57
98 80
30 91
19 74
30 88
29 50
56 33
59 84
29 2
63 14
26 54
56 72
22 48
98 52
53 29
73 5
62 30
72 47
7 22
84 85
0 47
45 31
45 97
57 54
23 99
24 56
69 49
19 66
75 88
16 22
0 56
92 92
1 79
74 59
31 35
71 20
95 11
62 3
25 64
3 75
37 6
98 18
57 94
42 43
27 72
81 29
13 50
15 32
59 14
61 49
90 84
6 3
12 25
72 88
18 52
49 87
0 99
16 13
7 6
83 71
96 27
79 40
26 39
83 64
44 79
65 55
41 91
99 64
60 55
28 27
1 53
37 86
82 0
12 13
56 64
83 49
93 70
46 95
71 9
28 29
77 7
85 1
