175
62 47
14 70
67 48
17 62
92 28
80 61
52 54
69 85
52 33
69 11
39 74
82 35
61 5
77 46
49 20
26 12
58 33
96 75
20 37
77 73
34 4
43 38
34 14
32 25
39 26
64 61
37 30
88 38
49 5
2 1
0 77
77 31
91 44
8 89
43 65
37 79
55 52
4 82
83 16
9 80
55 15
66 21
29 82
70 77
37 68
47 57
3 2
31 34
58 88
62 81
89 4
64 77
1 24
40 12
89 31
74 88
50 38
79 18
68 2
71 34
66 2
44 7
96 61
32 0
16 18
62 2
16 27
40 27
98 80
66 57
70 46
66 68
91 88
6 2
2 53
32 27
7 50
96 5
64 36
33 20
5 55
33 42
97 52
44 6
59 60
24 77
2 60
36 63
78 13
87 30
47 78
56 81
81 70
19 5
99 8
39 98
28 97
95 58
84 61
86 55
27 34
37 16
99 21
89 78
13 55
72 33
42 34
37 18
19 16
52 96
75 93
8 75
49 93
65 95
62 28
20 89
7 42
55 94
5 4
61 28
23 16
86 12
1 9
43 48
84 25
64 30
51 43
16 16
49 52
67 38
6 59
35 83
35 63
72 86
44 92
35 88
32 98
25 18
46 74
4 93
28 8
68 35
54 5
49 27
64 52
40 60
85 73
99 85
13 92
49 12
54 38
41 29
70 20
63 87
43 53
61 1
73 65
31 4
80 83
69 27
76 71
0 26
47 30
82 25
71 95
58 36
36 48
29 38
78 82
43 80
45 82
3 4
57 68
97 91
39 53
