161
5 11
6 15
95 25
73 99
59 12
61 8
66 41
17 30
33 53
45 9
12 8
25 76
69 88
72 48
65 48
6 4
22 79
73 86
30 68
0 49
35 76
55 46
66 76
98 55
57 99
13 49
34 32
23 94
30 35
34 90
87 17
82 98
64 59
10 39
68 11
37 94
75 81
55 10
96 44
80 51
45 22
12 70
77 3
46 93
97 58
30 85
20 6
39 61
91 27
48 96
28 26
43 46
3 69
49 29
28 94
27 16
41 69
2 38
36 46
89 24
71 85
98 99
16 24
50 54
7 23
80 3
58 54
23 71
50 13
76 60
26 10
3 59
95 4
46 71
75 12
70 60
98 4
54 21
52 72
88 51
56 19
18 72
23 65
19 99
85 26
57 33
4 62
40 53
1 90
4 76
25 31
74 91
6 48
75 16
30 77
45 17
54 35
68 71
38 3
98 9
50 42
88 4
77 75
56 59
17 45
7 52
25 33
25 63
93 78
93 87
37 67
64 43
99 74
2 26
74 39
44 14
51 67
53 22
37 34
52 33
30 13
67 72
65 6
4 87
62 31
72 46
34 58
84 43
5 99
37 38
54 94
39 48
47 62
75 63
81 7
76 35
8 74
55 72
20 23
29 50
19 9
53 20
60 50
24 95
98 37
48 46
17 14
64 72
96 35
78 93
95 97
99 25
12 94
35 14
31 64
8 43
59 6
8 44
52 91
83 89
99 64
