172
78 65
92 0
91 56
80 98
46 29
15 93
78 67
1 21
3 83
59 50
21 72
6 97
19 56
36 8
39 77
21 22
20 7
39 14
51 40
90 72
10 76
71 51
95 76
84 72
17 91
61 78
0 4
56 92
82 14
11 15
96 49
46 12
15 38
3 34
10 86
50 72
37 81
5 85
18 36
75 99
43 60
68 54
35 99
17 84
48 42
3 90
97 56
71 48
53 55
84 76
16 46
38 32
92 36
95 97
68 70
9 2
60 93
84 55
60 97
32 57
27 79
94 52
72 82
4 1
20 79
1 61
47 91
64 22
72 66
98 62
78 20
95 62
21 10
12 52
90 77
37 37
54 29
56 9
30 90
25 57
99 2
0 66
92 93
47 12
1 63
13 59
2 95
64 9
38 87
75 55
32 61
71 77
23 97
54 97
77 73
47 80
76 67
32 44
7 16
34 75
86 11
94 70
15 48
15 89
23 39
63 46
54 46
56 30
39 65
53 15
28 26
24 45
65 62
95 79
11 6
20 51
44 71
50 24
56 14
68 6
60 30
41 74
72 95
68 26
38 51
29 9
44 1
88 82
49 43
53 71
46 41
73 62
28 39
92 14
85 47
81 62
78 33
17 2
23 24
38 59
59 19
53 19
46 36
10 22
46 18
96 39
79 76
71 30
75 38
20 16
1 38
96 27
69 90
36 87
54 68
90 32
27 99
51 99
35 26
0 55
40 39
77 24
76 1
75 7
43 44
94 32
36 25
11 99
99 67
74 11
95 37
35 1
