174
4 91
93 77
4 82
92 16
61 61
97 74
73 93
19 71
20 18
42 29
62 42
64 79
90 48
38 46
0 66
86 90
56 31
51 49
17 91
28 1
25 67
89 58
76 32
19 79
17 59
76 7
79 88
13 49
4 51
69 69
37 44
4 17
2 7
47 3
74 98
29 50
90 38
42 34
7 34
39 14
64 17
9 80
51 88
94 1
71 51
62 8
79 97
62 15
79 2
1 41
49 37
64 20
33 14
30 81
59 21
76 93
61 99
19 38
91 17
98 68
85 35
40 73
76 66
44 52
31 61
43 88
99 5
40 86
46 49
21 51
15 67
27 30
68 60
1 55
29 7
15 89
15 19
92 54
37 51
66 83
58 52
54 49
54 16
61 3
31 35
3 78
2 15
64 35
46 44
25 85
12 96
57 80
93 56
64 7
64 48
13 23
78 61
8 58
18 0
90 41
78 15
80 43
26 3
62 47
48 93
33 3
80 5
89 96
24 72
57 56
19 29
78 56
50 24
58 87
66 41
15 81
45 41
7 20
59 25
94 45
14 46
47 28
56 43
11 17
86 73
92 83
6 75
93 35
85 5
60 62
25 5
42 82
42 95
1 93
7 43
27 2
94 99
38 4
49 78
13 90
8 64
92 13
12 78
83 99
82 2
47 67
60 84
41 8
6 6
31 80
66 9
71 65
36 84
40 11
82 1
83 62
52 96
72 21
74 28
71 10
13 10
74 82
95 10
51 5
59 98
99 9
22 74
57 74
6 65
22 4
26 88
51 31
98 84
2 3
