166
6 24
22 16
3 56
19 60
34 89
69 70
39 6
42 16
99 70
94 17
34 84
68 0
63 25
4 12
71 99
0 9
6 29
83 85
62 8
97 2
37 14
77 57
46 60
93 97
64 37
66 51
50 54
65 22
46 33
16 68
58 81
8 40
7 49
83 61
63 39
56 93
15 80
47 30
50 77
65 44
93 46
76 30
73 29
37 28
37 18
14 46
31 47
29 81
26 63
38 31
54 49
36 43
50 98
78 23
43 92
82 69
38 22
17 20
84 15
24 42
31 18
40 52
7 35
83 7
74 86
53 30
5 58
11 85
26 45
24 12
14 15
20 28
10 78
23 30
44 28
60 55
17 48
15 68
81 90
47 14
98 12
61 43
9 16
48 81
26 55
77 70
28 96
87 39
46 95
40 46
94 42
3 25
53 41
30 74
84 54
63 27
12 55
55 26
32 61
75 67
4 43
52 73
32 94
66 33
65 15
57 74
10 27
61 99
39 26
31 0
71 24
54 91
43 68
32 66
82 20
52 92
39 59
41 98
40 73
54 37
98 26
28 70
22 52
0 49
48 39
34 60
14 95
72 87
18 0
38 53
82 27
13 98
58 73
88 25
37 55
44 54
93 60
60 62
22 56
85 1
82 2
32 53
18 99
80 1
27 59
48 20
67 82
14 59
5 86
19 24
11 96
79 10
26 74
29 10
62 22
14 87
87 87
12 19
94 63
45 49
92 41
82 43
39 62
39 81
60 92
98 46
