169
5 27
83 88
90 57
39 39
64 85
8 18
36 45
67 75
63 75
86 41
49 77
4 6
82 36
34 84
39 68
12 60
45 82
43 60
5 70
48 51
61 36
5 25
9 74
9 6
16 14
47 27
26 42
70 72
10 26
13 56
69 58
21 64
4 57
73 61
93 94
92 51
28 30
97 19
85 43
46 78
31 9
32 41
55 61
64 95
78 75
33 14
37 68
40 84
22 4
71 78
79 26
24 67
87 93
69 39
39 96
51 45
50 76
32 53
79 59
29 25
72 97
43 38
76 43
38 41
47 46
13 66
54 8
26 99
19 37
56 73
43 35
76 85
84 94
1 3
58 93
50 19
82 64
25 54
31 23
8 11
15 0
89 37
6 56
95 44
18 83
95 86
39 8
87 64
44 5
5 30
90 76
5 80
83 66
57 98
87 86
57 12
31 90
17 81
95 81
48 7
10 53
82 80
38 65
5 64
20 80
96 76
39 46
66 5
19 3
52 99
29 5
45 97
81 28
59 89
50 90
28 81
8 88
76 10
35 84
81 58
24 33
26 77
98 87
23 51
28 90
22 32
85 51
16 17
76 33
75 67
74 38
86 54
57 21
80 82
54 58
87 60
53 53
18 7
24 83
64 28
22 46
0 6
38 54
62 45
90 18
0 69
82 72
29 70
77 79
34 78
48 36
6 17
71 34
77 27
51 36
20 87
80 64
71 89
20 96
53 84
83 1
84 3
58 2
24 0
27 83
36 22
33 87
53 60
22 68
