178
34 75
73 61
75 66
66 87
28 67
99 46
95 13
44 47
52 10
45 67
54 98
37 1
34 60
74 88
87 59
80 5
97 19
10 4
65 64
54 96
66 25
2 7
43 61
97 92
71 68
33 96
80 4
72 16
90 21
70 43
5 76
12 81
84 52
67 48
68 3
11 94
17 14
2 36
37 31
9 7
89 50
11 37
8 66
15 65
14 57
42 57
32 18
99 99
84 18
38 96
32 40
10 76
89 89
67 33
46 42
27 57
29 20
82 62
59 51
89 58
32 77
10 35
62 95
62 89
78 63
33 34
99 37
61 16
93 1
39 63
91 77
38 8
91 66
30 11
98 32
73 95
55 76
41 87
82 86
91 41
9 83
23 59
55 75
10 29
99 76
46 27
70 11
36 24
95 72
84 44
48 72
38 80
75 45
64 24
1 28
23 14
1 83
19 85
50 81
36 69
5 32
42 89
59 89
48 10
55 19
42 15
2 49
56 49
73 36
6 49
29 34
82 79
35 43
80 66
34 88
78 56
69 78
41 70
3 69
50 39
24 3
83 12
7 97
71 3
43 73
29 7
46 9
57 27
66 55
53 54
74 59
66 68
42 34
53 60
43 29
15 51
59 79
49 96
10 98
27 23
41 79
52 25
24 41
23 46
74 82
64 82
98 71
92 88
59 3
49 56
72 97
56 43
47 98
27 24
68 44
53 13
3 97
60 57
7 86
42 24
20 46
13 3
95 86
59 2
58 31
29 74
58 82
41 50
19 90
55 43
73 9
27 76
8 15
2 66
81 45
53 86
99 81
80 35
