175
16 24
85 31
12 2
14 86
27 46
20 41
73 20
9 16
57 18
85 57
77 53
8 40
91 7
86 9
17 17
33 12
19 59
6 15
55 55
65 68
64 5
59 32
72 77
90 52
42 34
92 10
9 84
74 14
64 37
95 77
55 85
47 88
66 33
7 4
33 97
54 11
27 36
75 76
52 97
48 17
4 33
94 2
85 69
55 76
7 47
36 44
34 37
25 25
42 61
78 62
41 47
72 57
55 99
13 25
48 54
7 28
22 25
57 55
45 99
38 1
92 48
88 27
61 86
72 56
11 91
96 67
81 89
3 28
22 26
88 59
43 14
10 10
85 45
43 13
3 10
91 43
67 76
43 32
43 24
93 36
74 64
70 18
14 90
52 20
51 7
69 94
45 96
67 55
91 17
56 97
13 73
22 54
0 2
47 28
41 29
62 93
65 44
81 39
25 20
68 48
21 8
65 86
28 67
46 44
29 57
62 86
37 68
56 23
22 4
35 21
29 71
90 66
34 57
24 75
82 82
38 79
54 78
31 41
27 2
18 11
41 41
97 13
37 66
70 91
67 12
4 45
64 99
82 3
86 12
42 67
31 15
83 83
33 1
27 7
81 16
18 87
29 87
15 49
79 70
15 13
74 92
79 16
63 77
77 82
0 3
44 20
43 7
94 20
43 9
17 90
15 29
11 9
37 15
79 56
83 29
59 46
57 17
99 15
86 73
32 54
59 8
50 38
17 1
62 16
68 18
25 17
89 69
30 29
33 3
72 15
2 6
89 5
1 50
97 67
25 98
