168
35 68
25 77
83 55
59 70
53 55
65 1
33 60
22 15
61 1
70 35
35 66
36 8
32 82
69 61
42 30
82 63
52 34
46 57
72 63
23 64
59 58
41 84
67 75
54 19
74 31
63 70
85 45
21 60
52 85
67 67
62 4
84 36
69 46
64 58
35 85
42 61
50 86
36 75
61 56
23 48
70 78
50 38
59 54
22 63
71 43
27 80
70 20
71 42
21 32
61 3
35 75
64 4
80 65
41 68
51 74
23 30
48 60
54 71
33 1
43 56
70 32
23 45
42 73
23 12
56 71
39 24
23 71
22 8
61 69
82 67
85 53
44 70
55 59
58 60
26 71
69 37
69 66
45 30
35 3
47 36
35 4
40 26
47 79
70 16
73 25
20 28
42 78
77 68
55 74
82 47
84 64
85 61
75 62
24 4
46 72
36 69
55 17
41 16
39 20
64 63
59 87
22 52
34 1
63 86
62 83
76 71
58 28
37 61
55 84
29 1
85 36
68 78
55 12
54 31
36 66
23 5
86 42
36 58
32 72
81 38
22 55
39 77
68 61
74 5
61 65
70 1
37 10
79 39
72 14
22 58
70 2
21 38
44 35
21 25
22 14
68 49
72 23
48 86
74 36
74 38
57 24
45 33
69 72
53 18
69 8
65 85
40 58
43 74
72 29
37 15
70 58
43 86
56 9
56 3
55 23
51 36
83 53
29 69
38 9
73 9
21 20
40 71
56 32
32 65
71 55
23 42
39 22
72 71
