142
78 24
40 36
81 17
12 85
41 41
16 82
78 18
5 5
32 33
40 61
31 30
75 78
89 12
37 60
62 66
68 32
20 19
11 11
18 83
56 58
67 30
10 90
90 12
53 53
40 42
71 30
57 60
88 8
46 45
37 36
53 55
24 79
24 26
34 61
98 0
46 50
90 94
62 59
4 7
60 42
76 75
63 35
37 65
10 7
44 42
72 29
76 79
87 87
11 13
83 17
80 84
29 68
91 92
31 69
61 65
77 78
64 68
32 35
45 48
4 6
72 27
31 32
98 3
17 19
52 48
44 55
82 20
20 81
22 73
71 24
35 66
55 44
44 58
25 70
15 85
21 77
23 78
89 91
54 50
67 35
22 24
92 4
23 75
76 22
38 64
93 9
27 74
84 15
57 42
47 55
83 83
26 70
89 89
16 12
88 85
67 65
98 97
1 98
52 46
65 68
60 61
38 35
39 61
4 4
45 54
9 86
23 25
18 19
83 81
96 0
11 12
54 48
26 26
18 17
61 41
64 38
95 93
94 2
26 29
60 39
46 47
71 70
4 1
18 15
19 21
79 78
4 94
2 1
98 99
31 67
22 80
7 88
7 95
0 96
51 48
49 53
68 70
4 91
97 97
69 69
82 14
75 73
