123
25 28
3 76
6 5
34 36
13 12
0 4
44 48
2 56
0 78
33 34
2 75
3 40
0 24
0 7
17 19
90 91
93 93
0 82
13 16
93 94
44 42
83 80
54 53
18 21
59 59
84 86
3 41
0 50
38 40
89 88
18 18
96 97
0 79
41 40
0 53
8 10
75 77
83 86
77 79
90 88
94 96
2 43
2 22
31 34
38 37
68 67
0 94
54 54
25 23
3 36
59 58
24 27
2 33
70 67
0 52
75 73
16 15
73 76
0 71
23 20
62 64
53 53
43 42
2 45
2 96
77 76
2 25
0 77
86 87
61 64
2 11
0 33
1 3
61 62
57 55
28 26
43 44
1 58
65 62
0 2
3 65
3 71
27 29
29 32
8 9
6 9
97 97
1 1
48 47
83 79
78 77
50 51
69 71
1 30
10 13
32 28
1 46
44 47
33 32
0 90
1 49
2 81
69 69
98 97
70 73
2 41
1 9
2 69
1 67
3 59
48 48
0 35
0 87
1 16
3 90
0 85
4 7
0 70
0 23
0 31
1 40
0 19
0 61
