167
19 95
24 36
83 34
25 1
76 15
13 44
7 49
55 67
85 38
91 50
11 21
10 91
71 4
69 84
85 94
43 13
44 21
42 38
53 16
51 33
19 87
26 43
37 42
12 36
70 88
72 58
36 66
75 7
88 98
25 86
33 98
4 82
16 65
2 89
52 84
5 52
92 80
49 14
41 7
66 63
59 42
89 89
59 34
32 50
17 54
39 62
40 49
73 94
91 18
80 61
74 31
84 89
67 72
80 85
11 65
78 63
69 81
70 49
24 67
20 73
40 30
82 95
98 32
2 35
17 82
1 56
49 19
42 26
94 61
38 14
81 64
83 45
70 71
5 71
58 82
82 75
7 96
31 39
27 70
44 40
39 47
23 88
52 94
64 25
24 56
94 87
76 10
55 6
46 0
70 9
36 38
24 59
55 90
93 27
52 52
19 13
8 81
88 62
84 68
45 43
23 92
38 73
35 32
82 10
33 12
77 92
25 73
28 51
13 77
42 62
22 82
89 38
39 31
88 81
70 35
89 52
18 18
54 74
29 88
29 30
6 40
27 66
94 14
66 54
90 76
96 9
40 68
48 48
91 54
52 74
49 69
96 47
91 14
89 3
54 72
20 5
72 19
74 70
90 71
49 51
63 33
84 30
1 20
51 40
74 77
13 37
32 69
55 98
12 28
46 57
47 29
76 43
7 29
57 25
65 88
78 29
57 50
14 24
20 9
69 0
37 2
46 62
12 72
3 29
98 28
86 68
10 74
