158
69 12
22 11
80 35
22 66
72 39
47 75
13 54
10 91
23 94
96 70
19 24
96 32
79 8
47 35
97 75
42 13
18 74
84 93
35 59
42 76
87 19
83 19
77 83
17 26
93 32
43 65
76 65
60 34
84 50
34 89
64 60
84 13
99 79
5 8
34 3
84 7
61 9
26 15
78 86
80 24
54 48
12 31
11 11
5 24
83 30
34 69
63 94
26 23
95 53
39 86
91 47
47 51
52 6
12 86
58 37
23 2
97 83
84 99
59 3
89 78
54 89
4 17
41 49
20 93
12 23
55 70
88 52
6 84
45 59
2 24
44 42
53 72
70 78
29 22
92 20
48 95
64 69
36 3
41 31
15 87
93 74
90 29
76 53
29 8
4 52
95 3
92 88
33 17
35 90
29 51
37 41
2 39
48 85
1 14
65 9
44 91
25 47
28 32
81 70
94 60
63 39
43 82
11 91
11 82
75 21
41 58
51 60
14 52
12 7
97 10
96 44
31 60
51 80
56 29
47 3
8 13
13 7
26 80
5 44
17 13
4 44
48 8
95 56
47 88
74 12
57 97
75 28
31 97
55 64
32 79
45 28
65 31
41 4
67 25
53 29
57 16
76 1
51 50
49 48
70 87
44 23
16 68
58 44
44 38
13 71
79 65
55 37
80 97
91 43
42 22
76 64
93 1
79 96
4 33
96 19
70 83
74 92
1 66
