205
49 57
83 74
41 78
27 47
97 34
5 75
61 35
0 46
66 99
87 27
23 10
63 45
49 86
42 26
28 19
36 45
30 33
67 34
83 46
14 21
17 79
1 27
47 82
29 78
90 90
3 73
27 73
64 87
68 46
75 8
40 58
92 49
79 61
51 74
71 94
55 70
73 54
28 70
77 38
6 61
0 98
44 9
14 29
84 82
76 93
85 95
30 85
84 20
3 18
55 58
31 59
2 39
7 69
8 85
36 36
40 92
30 41
54 83
39 58
40 49
55 3
38 76
26 39
92 7
4 92
27 18
28 26
86 69
14 50
25 53
16 31
97 5
65 7
64 78
1 1
20 72
21 88
88 26
64 2
2 79
56 51
89 1
40 28
37 50
62 58
52 18
56 91
96 0
42 97
30 51
12 46
78 85
63 19
19 9
15 56
55 43
68 64
41 40
71 88
78 50
12 14
32 12
3 34
73 19
18 26
77 12
61 53
53 78
63 29
66 18
88 34
48 0
79 3
43 17
60 68
50 22
49 98
84 37
8 46
11 58
71 41
19 40
30 7
28 32
1 11
15 90
63 85
16 64
38 67
91 94
4 53
52 40
76 44
78 27
16 17
84 51
27 88
89 16
43 2
98 15
67 73
61 9
24 94
47 14
19 2
6 26
45 72
41 64
49 61
17 50
1 61
70 64
61 78
13 82
92 65
15 66
76 22
75 34
4 13
61 93
6 7
30 91
91 70
42 30
81 76
67 58
36 11
18 93
39 21
75 70
53 12
42 88
27 81
68 41
22 0
71 80
11 35
38 3
38 83
8 34
8 19
53 28
62 4
15 6
92 41
85 13
87 60
90 53
84 4
70 0
13 77
55 35
48 49
72 25
72 48
51 34
48 9
1 91
27 24
25 66
1 59
80 67
97 24
89 80
65 22
