169
8 58
54 38
21 64
10 65
5 8
35 69
81 62
55 3
79 50
48 28
90 33
16 48
21 4
31 3
22 20
12 54
83 37
90 11
21 74
84 87
49 94
77 79
98 28
16 49
8 71
17 26
53 39
59 44
40 86
71 15
88 2
97 37
96 79
27 10
47 95
58 31
22 27
27 34
21 67
79 47
6 66
83 40
21 11
64 36
8 81
78 89
41 72
92 59
71 68
30 1
98 9
84 64
43 38
7 35
54 15
49 68
46 27
73 69
48 74
75 21
35 47
23 50
3 3
94 54
19 37
42 26
58 77
50 81
22 45
39 79
26 84
90 24
65 71
32 80
61 84
61 6
33 56
73 39
16 3
44 6
5 24
39 64
92 40
41 91
28 59
9 49
35 13
68 98
14 44
90 5
88 89
96 46
93 23
10 46
74 28
79 79
4 42
13 19
86 4
66 48
8 8
66 25
53 24
41 21
78 18
39 65
31 17
64 96
32 48
67 92
12 60
82 22
40 2
63 42
23 15
48 92
94 41
18 86
95 19
90 10
86 13
69 13
86 98
43 13
57 65
26 6
52 2
13 22
63 77
48 58
71 36
58 35
32 53
63 8
92 52
42 50
72 12
73 73
67 8
24 34
43 41
85 52
94 63
85 51
79 43
31 87
43 86
73 97
37 51
64 32
43 64
53 45
37 19
32 96
80 37
11 97
66 37
50 47
13 40
82 6
57 57
53 76
40 69
97 85
27 28
10 70
93 9
74 1
44 2
