166
69 4
43 5
4 25
96 84
60 77
75 26
25 20
3 68
93 24
84 52
1 3
19 44
1 54
18 11
19 51
72 69
77 63
93 17
61 1
10 28
89 79
18 35
99 18
17 13
31 10
56 84
48 68
25 25
8 58
71 73
17 88
48 50
59 53
11 24
98 80
86 68
5 56
82 88
78 91
58 37
29 85
1 45
35 66
42 77
93 39
70 51
97 59
24 15
98 42
32 39
9 55
22 84
36 11
76 77
64 94
68 80
55 93
43 72
40 41
33 51
27 49
86 79
81 28
5 90
43 79
4 7
10 16
86 62
70 77
10 88
62 97
67 61
32 65
26 32
90 92
94 51
49 39
58 21
63 62
2 64
49 7
22 95
25 56
16 41
81 43
38 93
74 65
44 2
41 67
50 66
67 66
53 55
59 44
30 33
59 14
57 45
41 49
38 88
39 12
9 24
20 63
12 11
35 44
19 69
77 69
8 14
69 19
86 16
83 26
55 73
37 27
77 99
8 4
29 57
44 90
94 29
3 97
2 24
39 27
0 50
48 86
7 94
65 70
59 92
45 53
41 92
18 30
66 5
89 22
7 20
10 84
62 29
68 39
29 90
76 58
25 50
2 13
80 0
12 33
23 65
13 74
2 16
28 48
24 48
53 64
66 42
98 70
47 66
62 34
84 37
9 66
29 3
30 42
56 12
9 69
98 66
37 91
15 80
35 30
39 17
96 68
28 0
44 33
88 82
79 41
4 70
