165
63 85
92 87
20 60
89 38
33 6
29 41
71 96
75 12
43 76
93 32
33 18
70 82
54 34
96 63
77 73
58 96
66 88
17 91
16 77
97 0
81 2
61 16
34 88
22 35
66 41
75 6
89 39
10 89
71 19
96 99
70 56
41 24
2 42
28 95
11 58
19 96
2 85
46 56
17 98
27 10
13 95
64 81
14 54
26 28
4 55
1 25
12 26
60 65
18 81
85 83
19 5
83 7
31 65
21 91
44 5
5 19
36 28
90 34
78 62
34 59
75 48
54 47
75 23
67 72
71 4
62 7
95 2
1 18
83 65
50 30
35 55
89 28
40 35
90 28
93 51
25 81
95 73
43 8
97 48
79 91
4 10
76 27
82 88
88 70
91 27
78 85
6 20
40 93
1 54
86 58
61 49
87 77
10 86
64 41
12 67
23 68
19 41
51 62
6 64
52 15
25 74
60 46
79 80
44 44
78 17
83 70
68 34
72 17
97 73
13 74
27 20
82 42
62 62
10 50
17 46
27 88
15 34
58 10
34 36
42 32
65 70
83 23
49 0
50 98
84 47
40 83
57 35
23 98
50 41
26 51
74 30
29 71
65 76
25 1
42 61
11 12
9 68
10 52
77 22
39 58
23 8
98 53
25 56
47 10
58 89
29 65
49 20
56 76
48 53
25 42
19 8
1 91
54 39
91 40
69 48
70 52
15 3
26 80
43 89
54 67
49 11
75 36
87 88
37 32
47 13
