173
49 89
1 45
52 70
29 68
31 54
41 13
17 49
35 76
82 36
48 80
48 84
44 24
81 49
47 20
55 87
3 69
45 76
1 99
21 12
7 12
89 35
97 99
16 70
54 39
18 94
56 12
18 14
3 8
80 19
67 38
52 42
15 53
5 50
34 4
15 9
54 78
80 9
55 20
89 87
5 5
9 63
74 95
65 66
7 96
29 61
66 11
95 9
28 43
5 45
8 23
31 25
86 62
8 22
63 94
36 4
84 23
10 77
80 13
12 22
93 24
30 11
48 53
70 64
41 35
34 90
22 8
27 82
73 77
87 58
26 36
35 12
5 89
86 46
27 29
26 17
62 56
72 99
59 15
50 50
81 60
94 81
97 44
27 88
64 96
59 24
6 76
11 83
27 75
74 29
62 24
4 55
84 74
46 7
58 82
23 49
25 71
52 63
13 16
12 2
9 42
83 6
95 74
37 29
47 22
76 4
63 7
7 51
1 88
13 54
54 75
59 4
20 2
87 23
39 86
24 2
50 25
26 27
28 13
43 48
66 25
75 82
27 47
60 70
70 0
30 83
12 93
60 82
82 13
74 57
79 96
85 70
46 28
6 31
87 40
7 84
26 85
21 6
30 48
2 63
60 76
30 81
8 87
73 34
85 2
59 82
0 32
99 3
70 29
60 21
85 97
70 57
57 22
71 51
49 13
42 85
32 98
59 7
90 30
50 45
83 85
43 76
57 48
18 78
56 11
97 72
44 81
80 89
8 18
95 57
63 97
45 57
94 57
5 8
