163
44 3
21 84
8 81
94 81
10 31
77 34
20 79
59 26
15 20
38 38
86 37
65 28
49 27
39 38
84 39
13 55
15 35
61 14
33 35
84 41
4 85
14 40
93 46
85 43
55 11
96 48
89 54
27 83
88 46
94 73
84 85
75 85
80 36
93 52
9 72
40 79
41 81
17 17
48 38
82 44
43 43
74 10
31 27
15 84
91 86
39 25
6 77
74 12
82 89
19 53
73 88
11 77
77 84
59 32
78 18
20 21
83 33
83 71
31 76
71 11
30 23
45 0
36 69
72 18
75 12
83 70
11 38
29 33
54 11
34 32
34 21
9 78
74 42
90 51
86 71
90 76
59 29
12 79
15 23
94 50
10 82
47 41
28 77
47 88
86 75
47 30
18 54
38 74
89 84
85 49
39 70
59 11
43 8
90 81
43 41
78 15
14 73
28 22
35 73
10 85
88 42
88 70
93 85
35 29
36 9
28 40
64 24
82 86
41 79
35 70
62 15
13 58
86 83
47 26
36 24
53 12
27 82
18 52
49 9
44 6
29 82
21 36
62 32
92 69
12 74
79 38
20 60
32 79
23 37
36 11
51 90
36 84
62 29
54 18
36 5
49 82
87 35
53 26
33 82
45 25
78 44
51 6
20 56
34 24
37 30
8 88
26 27
51 2
10 84
52 83
39 31
44 25
19 18
22 37
7 38
53 83
10 38
78 33
11 34
31 73
23 82
31 39
56 85
