165
12 23
79 69
36 81
55 5
29 1
29 70
83 37
19 19
80 73
94 51
20 42
54 78
68 0
52 16
6 75
26 60
67 38
38 64
1 33
55 70
66 71
77 22
7 44
0 89
39 85
55 27
36 56
93 68
89 78
61 53
98 10
49 27
18 53
53 10
83 62
59 91
68 26
97 57
36 9
66 58
92 4
53 81
19 5
97 20
8 39
47 7
45 92
86 20
48 81
67 5
34 53
53 19
21 56
40 64
1 65
57 82
23 81
44 16
10 33
56 89
97 16
56 72
9 55
76 51
44 28
15 23
60 92
57 71
40 35
65 47
69 97
72 42
4 33
32 78
34 39
79 45
73 24
22 47
79 43
61 98
7 95
36 71
16 39
13 2
73 84
54 53
52 71
70 80
31 26
52 75
95 37
24 25
14 96
74 37
90 30
69 29
85 50
75 84
35 59
1 83
42 84
46 45
66 91
48 52
49 87
44 25
35 93
15 80
89 2
55 52
5 3
16 24
66 59
43 72
1 95
9 28
1 38
84 2
38 29
7 66
52 4
52 30
1 4
29 67
85 34
36 45
80 64
97 95
93 57
67 14
35 95
34 14
15 65
28 50
53 68
35 65
68 56
56 0
74 99
72 14
6 81
84 21
32 99
57 17
50 66
78 60
66 9
69 9
82 27
22 62
79 21
38 96
12 76
91 87
92 36
87 97
58 9
42 66
83 31
20 67
5 15
83 80
14 83
84 18
41 2
