177
86 67
79 27
74 34
70 99
40 42
89 15
98 14
94 14
36 56
79 29
84 41
25 74
24 4
92 47
85 81
23 94
87 26
96 96
35 14
88 46
4 83
75 88
4 73
83 3
44 70
23 31
45 66
35 76
20 22
41 72
75 77
65 69
56 99
95 75
89 31
89 32
30 4
15 49
91 83
66 38
16 62
80 29
10 17
41 56
40 99
48 52
64 4
61 96
9 39
32 36
89 48
20 12
72 23
43 88
81 63
60 3
56 18
51 75
43 52
12 61
76 37
94 62
41 7
34 68
65 21
95 89
15 57
41 35
52 7
21 67
37 74
73 88
13 20
29 19
78 18
75 50
12 6
32 54
2 8
24 46
63 79
38 25
8 2
77 12
90 98
78 90
65 41
60 52
47 17
43 24
30 56
94 37
50 42
92 55
99 81
17 92
19 6
13 45
88 56
59 61
57 26
24 63
32 43
9 28
36 19
71 49
4 97
87 60
82 93
98 68
31 77
68 1
29 84
30 59
32 9
80 59
67 11
41 37
29 64
46 97
45 7
61 88
39 9
54 64
28 76
91 25
20 50
89 59
93 4
19 15
19 88
62 84
3 77
50 72
79 57
39 1
66 92
41 45
16 79
66 28
51 3
95 53
72 2
26 50
12 49
72 63
79 77
43 16
37 17
33 87
34 48
55 0
82 50
81 74
44 93
44 4
64 96
53 78
72 10
90 86
74 82
7 22
1 42
4 23
10 11
22 57
35 21
94 71
10 25
52 13
96 30
45 0
98 54
2 49
35 52
1 19
60 97
