181
42 57
31 28
19 43
89 90
5 42
80 15
24 9
84 73
24 30
95 95
79 4
78 16
86 6
26 60
14 48
2 55
47 26
81 77
69 62
91 54
4 72
85 16
29 92
59 25
64 34
9 50
69 96
18 95
62 1
96 48
24 61
10 64
76 42
25 0
40 28
46 79
41 51
87 81
7 59
29 84
58 71
11 91
59 74
51 97
37 60
52 82
16 37
62 48
37 80
70 76
11 32
93 86
66 98
65 3
9 73
85 41
43 87
92 39
1 52
92 45
30 45
71 5
42 65
15 0
75 33
69 53
68 92
12 4
71 92
58 53
61 40
45 70
25 37
75 40
89 18
21 76
45 38
30 83
87 11
39 45
24 13
10 79
72 32
17 77
87 87
53 14
97 26
58 58
81 49
31 42
52 84
86 53
51 4
3 30
73 13
88 68
3 88
1 92
87 51
39 16
19 84
75 35
49 84
11 38
72 44
82 9
71 98
22 39
43 16
18 9
62 8
58 30
53 5
36 29
42 9
27 95
41 90
55 45
47 86
39 8
85 86
21 48
97 75
56 40
4 79
11 80
1 35
15 9
13 6
16 26
85 3
48 16
37 96
88 57
36 1
39 98
34 24
29 20
7 69
94 70
54 43
82 97
50 49
5 12
86 76
78 66
60 96
82 82
78 55
43 10
48 35
85 47
35 55
2 5
88 91
35 85
52 53
11 84
78 89
77 82
92 71
74 76
82 34
27 29
74 73
33 46
41 69
66 87
51 67
36 13
88 98
46 29
33 41
6 9
45 56
95 89
87 85
72 63
45 91
7 5
59 98
