167
65 51
21 84
48 57
31 35
24 46
20 56
96 25
32 38
96 75
21 69
49 19
52 29
78 34
38 88
4 38
22 26
36 9
89 40
35 94
64 57
82 62
93 53
26 92
8 64
31 30
29 60
56 52
93 6
93 78
88 5
13 78
38 80
45 51
39 83
82 48
0 76
85 86
56 22
62 85
22 75
84 37
88 21
69 29
51 16
14 0
37 93
37 48
52 53
16 44
56 99
86 58
64 24
7 56
22 89
17 34
53 24
45 81
14 30
60 28
42 25
61 39
6 51
23 35
32 58
97 95
83 28
16 91
99 6
59 0
40 66
24 5
4 68
0 94
18 23
87 3
92 3
9 4
71 15
24 38
72 35
75 20
79 40
21 62
26 7
22 2
47 61
50 82
67 11
34 70
3 14
24 86
68 73
27 87
74 30
67 8
6 78
94 88
71 40
45 96
88 32
90 85
2 34
57 47
77 72
50 61
93 26
17 62
72 25
71 91
58 98
37 52
14 67
50 9
46 70
79 22
70 82
98 32
36 21
82 55
23 68
62 89
94 94
57 18
26 41
54 65
97 25
64 89
16 99
48 73
49 13
34 61
36 39
44 13
76 2
3 13
53 59
88 93
62 56
87 65
18 31
67 75
3 22
6 25
39 65
60 81
30 14
70 78
95 20
29 16
9 33
71 8
15 72
79 95
13 63
74 77
95 40
50 67
43 5
76 37
91 98
88 67
97 1
34 82
47 17
44 36
0 1
23 2
