127
16 81
9 10
17 80
37 39
69 83
83 85
95 46
71 30
67 86
68 78
37 85
83 63
18 35
37 12
56 3
3 94
30 19
23 75
17 64
25 27
64 65
59 38
56 57
2 54
42 40
95 45
0 2
38 63
10 94
2 97
87 85
70 73
70 78
19 18
79 81
18 67
98 4
50 47
52 52
13 85
34 67
79 27
63 17
10 39
72 19
75 72
33 17
26 80
75 25
60 10
5 56
64 13
55 97
94 53
60 63
66 31
70 16
94 5
19 78
22 29
29 83
94 6
78 79
14 64
12 91
55 42
43 59
88 88
81 34
39 89
94 97
14 61
94 43
83 81
88 11
25 24
32 68
62 38
26 30
42 6
22 19
75 75
9 61
33 32
82 67
53 98
69 68
72 27
56 93
90 38
93 58
50 3
46 47
77 21
29 22
40 94
42 9
5 4
27 72
9 60
45 94
87 17
41 59
88 65
80 17
61 61
56 45
94 91
86 39
64 89
15 36
6 43
56 91
13 14
46 7
89 60
42 45
48 55
18 68
34 84
37 36
2 47
84 37
20 72
63 36
47 99
61 88
