164
82 15
46 66
36 96
72 34
64 87
22 44
4 60
32 10
18 8
28 71
56 31
76 18
82 53
20 95
13 80
81 46
53 69
46 64
55 44
81 97
82 3
71 66
77 84
98 53
39 18
13 56
45 57
11 39
11 76
82 26
21 34
16 54
74 57
84 94
76 45
57 3
56 45
92 50
59 16
82 87
21 6
95 11
64 66
14 22
62 19
88 8
41 82
90 44
82 64
94 72
19 98
93 90
2 78
4 55
85 42
49 30
42 24
86 31
69 12
75 63
35 11
19 63
6 7
20 47
47 85
53 36
43 93
12 29
73 97
97 23
80 89
89 42
94 93
4 9
38 75
86 24
18 24
29 87
46 73
4 78
35 52
23 26
62 53
48 21
42 61
72 41
81 10
31 57
49 79
12 18
57 50
65 50
32 71
39 86
38 52
9 84
7 39
61 79
70 93
40 2
39 51
78 17
9 11
40 73
48 95
37 25
67 46
5 77
23 28
90 68
28 42
97 63
25 59
31 49
29 78
23 53
95 66
90 87
3 4
97 85
31 7
33 77
74 5
45 2
68 59
12 15
95 6
23 24
87 16
63 96
29 60
4 31
23 47
1 35
26 90
68 61
75 28
68 53
19 92
67 74
74 94
2 73
31 98
72 83
3 15
51 73
46 79
45 69
90 18
79 82
25 47
88 9
46 52
12 63
97 44
26 1
61 8
14 97
97 30
64 8
19 29
17 47
49 89
18 64
