192
9 72
42 7
18 84
2 30
13 30
21 92
1 43
43 16
24 11
15 93
39 80
40 28
44 50
21 89
19 61
16 1
2 82
25 86
0 67
17 25
9 1
2 96
40 81
14 6
19 8
16 52
14 28
11 97
30 16
43 37
2 53
5 86
10 2
22 41
9 43
2 2
29 27
4 97
6 50
2 16
6 45
46 2
37 61
25 30
15 62
30 14
13 15
33 65
37 72
26 34
18 57
34 0
38 3
30 26
25 20
25 1
16 14
5 25
7 31
2 9
10 13
10 20
35 68
19 81
32 92
46 94
44 45
45 75
45 89
44 81
4 30
32 71
24 55
12 31
20 78
44 65
27 56
41 47
5 91
2 37
44 57
42 56
22 22
34 73
39 22
40 40
28 91
37 31
2 8
18 31
3 24
13 39
7 36
23 65
45 22
37 18
12 81
17 34
9 89
40 61
22 17
33 95
32 3
14 45
32 48
38 27
16 39
22 80
6 70
12 73
37 49
24 4
14 92
33 61
20 72
24 71
30 79
43 35
26 58
5 75
36 55
36 40
43 99
38 68
35 95
32 39
34 99
35 85
19 3
16 71
41 92
12 6
16 96
30 7
21 43
22 29
32 52
34 41
28 0
18 80
1 58
24 47
9 85
13 64
12 88
11 78
16 69
19 50
13 18
25 75
11 70
9 54
6 57
29 89
38 82
42 14
13 52
33 9
18 97
26 38
23 97
2 47
10 57
44 69
41 36
0 73
10 61
29 49
45 26
36 43
7 67
10 25
2 63
29 44
7 4
0 93
30 71
37 23
0 12
1 76
22 88
32 85
16 47
35 17
32 29
42 94
9 98
25 99
41 1
27 23
4 21
28 62
