180
59 50
71 0
64 51
64 35
20 9
0 25
30 21
90 38
46 37
75 14
2 46
66 13
70 26
66 45
5 11
32 50
9 11
67 11
60 33
75 11
71 48
16 13
90 23
14 22
82 0
80 51
70 11
21 38
78 26
34 1
86 1
74 33
46 23
91 26
50 49
25 49
33 49
2 61
9 34
44 12
67 2
16 0
65 35
94 13
13 14
64 10
25 2
33 0
2 21
88 23
50 26
84 36
80 14
76 2
37 11
25 13
89 13
36 12
44 47
78 51
60 49
16 48
26 3
94 2
75 35
87 38
3 34
90 50
32 12
17 12
42 37
79 22
45 46
23 26
42 3
44 38
53 24
16 51
88 38
54 13
39 35
36 35
23 48
86 12
80 2
37 0
63 23
3 25
76 35
17 36
38 47
59 13
92 47
91 14
58 0
77 12
11 36
20 22
5 60
54 2
38 12
0 35
68 35
76 48
18 34
34 22
44 1
3 60
32 11
73 2
29 10
30 46
14 1
56 34
33 24
30 33
28 3
54 51
1 10
51 46
6 34
30 38
27 11
2 10
92 2
19 0
10 22
54 10
18 26
6 2
36 47
57 24
25 23
54 35
13 48
46 10
9 36
84 22
62 2
48 10
18 1
11 48
67 24
74 22
8 22
80 39
73 24
85 13
48 11
62 22
53 36
66 24
72 48
2 48
25 37
30 36
28 50
39 2
87 1
13 23
4 10
65 0
72 36
39 22
84 50
6 51
44 26
52 0
3 1
53 0
49 38
42 22
4 2
54 50
56 33
28 36
86 50
49 1
28 23
2 0
