184
67 98
91 8
47 38
50 88
18 20
12 93
34 25
88 32
63 7
97 23
26 50
76 87
8 97
22 84
4 41
95 11
53 91
75 5
54 95
26 4
80 22
51 15
68 57
17 4
55 46
70 1
84 73
1 63
9 19
46 69
55 76
58 96
6 85
79 41
16 89
36 54
13 6
62 65
20 8
87 92
44 67
79 28
76 6
5 50
80 92
63 43
31 17
68 23
85 21
80 74
53 30
14 86
74 98
39 16
15 35
86 11
81 12
96 86
58 4
70 63
55 42
56 99
3 81
75 52
57 46
28 2
86 47
91 62
81 45
38 10
86 0
68 39
93 29
47 54
34 38
73 58
17 67
25 60
53 17
30 34
61 13
42 74
0 56
91 73
88 14
83 82
64 30
38 44
60 31
92 91
10 60
27 76
36 47
90 76
48 62
73 31
25 58
19 54
77 24
94 48
14 24
79 86
18 99
17 60
48 13
74 23
59 93
6 3
12 98
89 55
52 54
79 61
12 60
1 88
15 56
82 61
20 35
33 19
22 60
30 59
57 72
31 83
48 48
56 78
4 44
8 59
80 14
78 32
74 73
58 69
11 65
74 6
60 84
55 74
35 34
16 25
13 52
59 1
24 19
50 44
9 89
74 16
36 6
54 57
25 85
42 27
79 80
89 20
10 26
25 53
6 6
20 26
87 41
60 60
32 94
35 14
60 94
72 88
17 64
82 62
2 29
34 49
5 55
13 2
73 49
25 74
0 54
54 99
82 9
95 81
69 9
73 13
32 97
1 32
3 34
46 54
87 74
7 11
6 56
69 11
59 74
57 53
25 73
99 68
