165
95 72
33 39
28 56
94 58
8 68
83 87
33 94
58 38
32 75
49 36
47 26
2 92
69 22
19 34
31 37
39 88
58 0
69 53
42 23
44 30
92 40
19 44
52 88
80 34
97 61
76 41
87 31
87 69
69 85
74 87
59 43
22 6
64 76
26 11
66 53
33 27
62 63
87 75
47 32
90 49
3 0
18 18
80 37
83 73
79 76
18 59
66 5
61 54
99 21
70 43
75 17
2 53
82 36
0 83
94 43
30 70
29 62
25 16
49 1
56 18
49 62
24 32
13 91
70 36
2 31
42 7
73 78
27 2
61 67
16 47
18 46
78 0
84 51
10 44
4 96
63 34
28 93
1 13
8 85
78 51
2 11
76 29
99 40
1 73
63 92
9 57
73 12
41 38
29 24
24 88
58 86
64 10
14 57
10 29
18 20
45 95
60 88
62 77
38 58
59 12
9 84
31 18
36 82
44 74
67 41
6 58
76 90
88 51
41 39
62 19
25 74
97 29
38 26
10 50
95 69
20 32
49 79
98 55
79 93
83 83
72 63
5 35
38 53
44 13
43 81
14 52
40 47
89 79
24 66
2 20
87 13
86 58
5 76
22 75
20 82
39 18
17 76
38 63
9 18
39 39
27 19
43 66
61 1
37 54
12 15
28 78
23 42
41 46
38 30
59 23
98 71
44 46
6 47
39 67
47 6
99 69
67 46
92 29
13 88
43 3
25 22
18 33
73 95
99 75
59 94
