178
24 48
72 11
64 39
81 84
88 58
78 34
31 58
27 50
71 16
21 77
93 63
90 82
8 49
44 68
94 68
67 18
6 41
86 5
95 58
97 2
57 39
12 33
24 44
3 63
9 86
26 37
91 63
57 98
73 87
74 99
69 52
63 89
96 7
82 9
61 75
80 95
40 57
78 56
5 85
12 77
10 49
38 35
58 57
40 17
29 25
40 65
2 25
24 5
81 92
32 53
52 6
84 62
64 10
81 47
5 47
17 63
81 68
39 30
51 47
55 87
33 21
61 22
9 38
88 4
26 89
47 48
51 68
97 26
84 41
45 15
62 43
42 70
49 98
83 25
35 42
37 49
56 21
26 62
96 53
85 34
38 82
68 85
38 50
16 13
28 3
62 2
87 16
38 70
39 89
31 90
81 10
71 22
72 67
62 17
85 78
61 77
18 33
28 84
46 84
82 86
0 50
0 36
21 94
68 35
35 33
57 65
9 96
28 33
50 33
88 16
67 3
40 41
80 2
54 35
13 29
4 21
90 31
63 72
35 26
8 17
64 48
30 79
77 77
19 7
92 96
80 17
58 5
10 25
73 28
27 95
69 25
6 10
56 71
23 75
39 18
94 83
45 76
85 55
62 90
38 22
52 76
2 84
26 20
19 51
48 27
87 64
86 88
55 31
48 52
0 6
38 99
3 96
14 57
97 50
77 30
4 87
11 5
88 39
97 96
18 2
13 64
44 84
82 28
16 48
19 73
25 47
62 24
90 87
97 75
66 82
33 1
47 1
3 98
43 22
10 96
47 88
63 66
62 6
