104
84 88
23 29
19 22
13 11
12 19
0 4
76 78
83 79
8 6
14 17
27 25
51 49
87 89
89 82
43 46
8 7
8 10
86 88
84 85
1 4
39 38
77 76
82 82
84 87
35 41
40 44
25 22
78 71
66 64
5 3
28 34
3 5
47 46
13 10
6 0
11 7
70 65
39 37
71 66
28 33
76 84
20 23
16 18
37 39
29 30
71 71
77 72
41 40
82 81
65 67
33 29
72 69
18 14
28 27
76 80
17 20
16 14
74 71
42 41
49 42
66 67
68 66
73 75
60 59
53 58
79 80
66 63
27 24
31 30
65 69
32 36
28 24
43 47
59 58
56 60
46 50
61 63
12 13
52 55
4 2
44 44
76 74
56 55
33 32
19 19
30 33
46 51
23 20
72 72
47 45
52 47
55 56
48 53
21 19
38 39
37 36
57 57
60 63
49 48
80 80
62 64
2 1
2 3
62 58
