166
79 8
38 39
60 69
43 33
10 82
87 78
62 38
32 35
52 30
21 27
55 18
98 58
11 71
66 53
41 16
60 11
79 81
62 2
27 6
22 10
78 82
8 50
28 86
10 60
87 34
82 43
93 44
14 77
86 89
9 23
86 62
46 42
71 32
47 75
22 41
74 24
30 15
66 33
78 31
83 17
32 38
25 80
71 64
30 31
83 62
73 1
73 89
71 72
17 58
66 8
28 4
35 61
50 99
45 82
45 6
76 6
22 12
53 13
46 52
79 59
77 14
38 87
70 6
15 41
65 88
7 44
31 21
14 51
65 62
27 21
44 58
88 84
92 9
96 79
83 46
88 44
42 0
13 10
78 61
59 14
36 63
36 68
90 96
28 69
47 70
76 60
88 29
30 91
99 19
48 62
71 28
37 69
76 75
10 13
0 31
52 18
59 63
12 18
83 94
21 2
85 73
22 5
33 10
22 26
41 72
22 45
7 14
81 27
6 90
5 4
1 67
6 19
34 30
52 23
55 12
11 7
34 70
27 75
48 80
2 44
2 60
5 30
7 24
1 0
3 25
70 94
59 4
50 39
29 89
20 76
54 30
33 45
30 79
60 72
44 93
60 86
6 72
19 34
24 23
85 52
84 0
67 68
98 0
36 27
25 20
14 82
74 83
25 48
97 68
7 97
3 17
80 36
26 45
83 66
11 54
47 38
2 10
18 97
43 10
59 86
9 83
84 3
83 77
23 94
54 45
48 14
