169
87 65
2 22
0 86
60 88
14 18
68 8
64 27
89 82
77 96
21 35
44 2
95 27
89 19
13 86
51 19
77 77
10 5
59 57
44 29
22 50
73 30
71 64
31 66
37 12
1 71
72 75
94 82
82 66
18 14
87 47
37 81
38 27
76 60
82 94
28 51
98 4
34 18
15 46
46 18
57 48
1 29
37 1
22 62
82 31
74 83
13 70
23 61
27 88
41 87
71 60
43 22
78 26
86 3
1 68
62 80
36 13
30 40
36 88
48 49
45 79
19 86
68 96
77 93
86 42
19 67
41 77
47 75
22 43
41 15
5 64
44 69
14 2
35 68
41 59
17 27
5 28
9 11
42 41
88 23
84 72
76 72
87 13
18 30
55 83
2 11
71 95
91 73
38 69
29 94
83 69
55 29
89 91
34 34
36 77
61 14
35 92
90 4
93 99
2 33
29 5
33 38
63 9
64 38
74 98
80 88
10 49
72 57
7 85
87 59
40 72
54 96
26 48
78 71
85 32
31 30
98 50
41 90
35 36
30 17
67 56
17 70
61 65
25 16
20 98
98 69
59 58
55 21
67 52
27 30
52 98
91 24
12 70
22 21
51 41
42 85
95 64
85 30
32 57
89 54
26 22
59 39
10 60
7 15
67 65
11 52
22 75
59 32
56 42
23 15
95 44
0 73
4 69
20 23
58 10
89 80
79 34
31 69
4 78
67 3
79 5
2 16
67 90
55 54
39 30
27 62
3 39
37 45
52 35
91 75
