134
62 44
36 55
39 47
12 46
60 51
80 60
40 43
71 55
9 55
49 47
23 43
72 43
50 45
32 45
59 57
37 56
86 43
33 48
40 55
29 56
85 49
65 59
84 54
20 60
19 43
9 47
24 60
88 57
57 45
47 60
4 57
16 59
73 59
31 40
34 55
83 48
77 41
16 56
43 42
28 39
42 49
70 46
55 46
57 43
20 54
35 49
12 59
41 54
38 60
6 59
13 42
51 57
94 49
73 40
90 58
57 60
91 55
15 50
94 46
46 52
60 56
90 54
78 47
94 57
31 45
17 49
84 52
68 53
99 38
68 41
9 43
73 52
50 47
77 54
83 43
62 39
44 50
3 56
31 56
52 50
3 45
79 51
86 48
97 54
10 43
25 50
97 43
25 56
35 41
14 58
5 46
64 45
17 56
5 52
16 45
80 58
51 43
68 54
82 59
54 49
38 38
94 55
10 53
31 53
25 46
73 54
25 49
28 54
34 50
95 49
97 52
20 52
3 53
59 43
53 58
72 50
64 50
29 47
80 44
89 44
30 50
97 39
50 56
92 46
46 44
0 52
22 47
47 46
25 44
15 53
46 41
66 60
53 41
68 56
