192
50 57
4 66
29 73
83 86
29 27
12 61
12 75
36 94
50 18
52 31
88 70
40 88
2 89
88 37
51 37
9 48
70 90
75 83
20 59
2 50
62 61
69 19
70 80
51 98
32 68
28 48
27 86
22 43
83 79
83 4
89 7
76 52
52 78
57 49
48 51
81 89
17 61
1 40
62 70
29 6
29 90
99 66
0 0
99 0
71 29
70 61
62 25
25 97
22 99
8 70
63 43
32 0
65 73
18 33
3 76
19 90
2 80
69 98
70 42
21 26
70 14
1 5
47 36
28 18
19 11
20 19
34 45
48 67
76 77
83 67
11 19
62 17
59 90
69 24
67 3
95 2
75 87
79 23
40 70
80 31
52 19
52 10
28 79
79 49
91 76
19 81
68 55
12 89
61 0
86 56
40 98
98 19
93 45
58 30
55 67
40 56
12 39
65 12
1 60
82 39
68 70
10 78
97 97
43 9
80 20
68 47
68 87
9 0
22 71
4 93
89 90
46 63
36 79
39 48
16 85
30 98
13 49
92 20
42 48
99 50
18 48
75 68
38 31
9 99
81 67
98 8
78 61
57 99
42 1
30 17
79 7
89 57
15 19
12 11
37 26
46 91
42 17
8 27
37 63
28 40
92 78
99 26
59 4
98 34
41 40
57 87
42 79
88 97
43 76
97 57
21 40
98 81
98 15
87 0
89 31
1 70
98 92
10 36
31 61
82 44
59 40
69 2
27 50
85 15
78 98
2 25
22 27
19 7
92 47
38 37
25 36
66 93
57 9
76 44
56 75
97 37
52 0
0 7
49 88
98 61
84 97
97 88
2 21
78 6
33 9
59 77
22 1
3 56
2 30
72 7
0 99
82 0
