192
93 47
4 3
32 38
12 49
1 5
67 85
23 21
9 77
32 55
22 49
14 55
47 4
25 63
24 28
96 41
23 39
49 35
68 34
4 39
11 55
25 97
69 30
68 60
4 66
26 72
12 27
13 30
71 53
21 59
11 0
68 93
16 97
29 59
24 10
5 55
23 36
81 18
25 86
16 82
8 16
18 33
0 79
46 15
68 15
28 35
69 66
79 41
4 11
68 50
72 22
19 16
50 32
72 7
22 67
91 47
50 27
72 80
20 42
47 9
21 32
23 89
16 41
28 72
29 82
13 17
92 9
9 88
0 46
0 90
16 7
11 19
21 47
13 95
0 84
72 23
7 30
18 18
75 1
4 13
49 45
30 2
1 19
6 22
96 33
72 72
2 29
6 91
16 50
88 19
8 34
69 0
26 79
78 5
26 14
27 44
24 64
79 44
2 14
22 70
1 43
20 10
2 59
8 41
22 3
0 45
71 88
17 89
94 19
26 23
69 41
29 3
32 73
14 73
26 50
10 79
10 6
7 84
24 6
13 0
18 60
92 3
68 77
6 76
32 86
8 8
31 49
5 80
8 50
29 96
29 21
13 27
24 2
7 24
1 53
2 96
12 86
13 43
31 90
79 32
31 29
20 86
2 39
7 69
16 69
9 64
69 8
1 22
49 41
21 57
18 10
17 87
81 33
68 44
48 20
29 16
1 25
8 44
3 46
0 31
19 0
27 56
20 80
10 58
74 51
18 96
30 45
19 92
25 77
77 20
17 75
5 33
0 15
16 18
1 36
13 64
2 77
0 68
16 35
51 1
2 0
20 23
32 8
0 34
1 72
4 61
28 27
2 5
9 69
0 7
81 2
30 68
4 95
