172
62 94
72 91
61 30
77 20
62 92
27 55
38 3
71 40
78 29
45 57
60 36
50 41
37 20
47 23
12 48
70 91
51 65
65 66
77 43
61 34
29 31
89 80
10 45
96 76
18 90
39 96
4 18
85 6
28 88
17 84
34 67
6 63
88 31
17 7
19 56
17 45
58 43
47 18
78 61
41 64
58 81
82 78
53 37
24 18
91 14
47 15
98 24
82 55
84 42
5 17
30 39
31 87
29 11
15 75
72 14
32 2
97 70
32 83
1 60
97 80
48 45
79 7
81 97
53 42
34 70
47 75
44 83
51 56
15 21
40 47
66 50
21 54
81 89
10 71
43 47
88 35
43 37
20 22
73 51
27 21
58 95
57 83
26 32
89 90
18 37
69 78
64 61
58 85
96 49
21 22
24 64
87 56
41 25
67 19
18 38
8 57
22 46
20 33
3 55
92 15
77 41
25 2
3 42
96 64
2 82
22 51
17 54
62 69
26 62
45 23
36 20
79 3
27 7
95 97
3 63
88 97
22 35
59 58
16 33
98 42
54 71
23 41
58 68
60 9
33 38
73 0
65 86
84 91
38 37
39 45
65 88
48 70
85 61
36 89
76 97
37 60
2 29
1 45
45 51
65 78
23 58
83 22
37 4
2 77
48 29
22 67
33 8
79 52
3 36
65 0
56 12
66 42
67 2
44 95
96 60
20 13
64 36
98 7
98 29
74 9
63 37
92 83
61 81
45 53
28 26
24 82
8 3
57 74
99 92
31 29
98 57
31 62
