155
61 53
85 79
18 15
42 18
34 91
96 23
22 42
1 8
34 38
72 57
5 13
75 23
17 35
73 26
20 2
98 97
1 41
34 64
50 61
67 42
11 43
34 21
20 50
35 12
5 28
19 50
43 56
51 21
27 21
35 11
36 96
46 70
32 61
41 42
81 78
38 48
88 74
85 57
94 4
17 7
60 46
20 28
30 40
40 31
91 5
32 73
30 55
95 74
28 29
2 45
74 52
87 19
30 49
6 3
80 83
15 14
47 1
18 72
43 11
92 68
66 46
42 10
23 24
36 80
53 47
83 54
55 89
79 82
23 40
9 9
20 79
10 14
4 17
43 2
4 18
97 26
32 31
73 17
14 12
43 77
44 25
23 38
35 59
22 91
85 8
38 42
45 12
69 53
17 15
88 18
98 21
16 22
9 0
49 15
67 77
99 2
42 77
9 8
13 48
13 40
48 38
89 57
56 85
25 32
31 43
26 27
97 98
94 10
46 51
46 35
68 5
61 9
72 69
26 47
22 23
31 52
16 29
13 24
0 30
88 28
21 21
48 4
7 31
35 27
19 44
1 40
19 19
45 39
30 16
4 3
14 29
33 23
30 26
1 57
51 27
92 42
43 15
37 26
18 21
15 90
96 30
20 88
33 40
9 29
90 8
7 5
40 0
62 76
4 9
84 27
1 59
39 30
57 75
23 21
29 42
