157
14 74
24 61
99 97
52 57
68 29
92 19
9 58
95 31
47 46
72 68
91 37
93 90
80 50
59 66
96 27
44 68
93 58
83 87
87 73
84 56
50 90
86 3
26 41
74 29
94 97
50 43
76 80
23 96
44 24
60 20
13 14
80 64
7 51
12 84
31 52
72 56
55 79
52 35
87 25
80 56
34 59
67 99
35 56
54 89
79 88
42 63
32 82
95 79
99 36
24 50
38 29
63 61
57 36
38 7
90 11
96 71
33 97
60 89
64 63
32 24
70 77
46 67
38 74
79 79
26 85
28 62
66 75
62 35
57 37
32 5
57 60
42 98
10 39
39 52
7 80
30 29
85 71
21 55
35 69
84 14
60 54
58 15
24 0
36 10
63 53
6 11
15 58
65 10
98 89
58 6
76 18
97 8
66 64
82 90
31 66
84 38
44 8
78 48
26 7
58 46
24 83
94 47
57 98
18 27
61 42
64 67
50 66
47 94
49 6
79 94
77 10
55 30
79 43
73 22
72 34
29 96
79 68
7 93
31 65
46 53
5 99
2 53
64 71
44 78
69 48
34 48
79 6
42 6
73 18
20 42
66 16
25 88
56 27
52 49
26 67
66 69
74 10
67 81
22 11
4 64
74 87
32 74
7 60
19 17
71 35
88 56
69 75
92 51
21 26
85 21
35 19
10 1
12 17
30 70
54 71
11 13
45 99
