165
16 11
10 43
86 11
25 51
60 55
41 0
53 25
34 14
52 0
14 85
32 95
88 73
25 31
63 57
76 8
43 68
21 7
98 84
83 96
9 65
18 31
99 4
87 20
11 22
81 40
91 93
78 55
83 60
73 86
4 13
17 7
38 90
90 35
69 77
2 78
63 49
1 25
99 68
90 36
0 32
56 65
24 7
29 36
35 21
94 97
93 60
81 3
79 61
2 48
94 28
91 26
6 83
48 74
54 53
74 46
38 62
19 18
69 67
70 11
1 35
85 56
93 65
94 42
57 23
63 7
74 23
28 38
90 81
38 84
52 33
13 23
37 58
45 3
21 55
55 53
28 54
68 39
11 34
39 14
40 92
22 93
93 3
39 80
92 68
24 86
67 98
64 43
46 89
96 50
57 9
93 73
24 44
65 38
58 36
67 26
19 35
75 82
82 48
33 33
56 0
68 20
30 84
11 66
59 97
84 96
5 57
76 65
29 9
48 8
7 78
76 78
67 88
10 50
96 95
24 18
99 74
70 55
15 34
3 97
53 77
26 54
84 15
67 31
53 72
22 89
20 81
86 4
11 80
24 30
88 42
82 67
97 93
46 20
32 79
54 64
31 10
1 58
2 86
79 44
12 64
14 47
97 61
91 51
66 4
66 26
20 99
47 64
43 21
46 46
45 87
16 2
25 92
61 93
54 81
51 41
97 69
45 14
55 30
94 84
97 82
30 6
35 40
60 84
1 76
33 7
