163
5 16
73 54
48 48
57 79
19 1
62 88
80 37
14 42
6 44
82 59
84 48
72 54
99 5
27 54
14 94
97 59
79 29
71 71
44 81
23 23
44 39
16 19
8 10
57 48
38 18
64 84
41 56
94 36
66 36
66 2
10 33
82 95
75 54
50 1
76 3
97 97
24 6
8 63
61 47
55 26
59 52
34 56
25 7
19 37
72 60
83 24
2 99
78 59
24 21
90 97
17 76
80 33
96 96
56 84
41 50
70 13
18 13
93 94
17 40
4 4
46 95
21 94
49 6
37 24
98 16
30 35
59 75
99 65
35 39
62 45
79 6
1 18
65 26
14 70
33 74
11 28
10 23
61 57
99 74
14 69
92 86
15 54
56 88
66 40
90 40
38 80
9 80
80 2
39 13
68 80
67 30
57 21
20 50
11 19
49 2
52 48
44 90
44 15
45 32
21 49
32 3
65 6
11 13
97 29
14 85
68 10
98 85
91 12
0 20
38 42
54 34
2 79
64 5
65 52
32 97
38 0
34 69
58 4
82 41
95 21
10 54
72 27
34 4
65 13
85 12
41 98
87 45
86 21
96 0
17 81
79 73
98 74
45 13
14 23
85 63
53 30
71 30
94 80
46 65
2 1
35 94
48 56
57 85
85 39
97 68
99 22
89 64
81 19
38 93
51 54
21 26
66 61
49 29
86 7
35 96
72 7
43 75
79 51
96 81
98 80
5 60
64 15
41 29
