167
13 20
3 31
37 38
20 57
95 94
46 98
74 77
69 51
96 81
32 48
20 80
60 98
39 28
77 90
33 53
49 22
14 14
4 70
26 62
85 87
80 84
30 40
7 10
9 86
81 19
12 56
49 14
65 20
8 21
96 67
37 19
72 70
93 36
27 81
49 45
82 29
39 7
5 3
54 38
97 9
66 62
96 24
63 33
83 81
58 84
91 77
19 12
48 7
37 35
70 49
27 90
35 58
40 45
71 89
82 59
70 78
74 13
78 50
46 70
69 78
53 74
34 38
37 48
88 61
62 89
69 65
88 99
90 70
91 46
80 47
31 60
68 78
55 71
89 18
12 80
34 9
4 13
68 54
99 80
84 33
43 8
25 22
34 32
86 76
91 71
98 20
19 36
80 37
19 23
81 1
48 31
62 75
45 50
69 36
18 1
42 74
6 6
29 78
65 35
58 32
74 7
56 42
11 6
78 23
2 55
83 21
15 81
66 75
7 55
65 47
58 36
19 63
85 27
25 48
5 50
3 81
1 77
0 8
16 32
89 86
77 3
46 53
31 74
2 71
15 67
1 38
47 78
55 61
59 81
2 97
32 94
58 26
34 23
66 3
70 21
12 29
73 64
80 52
79 34
29 19
26 41
16 61
9 51
74 31
56 56
9 75
26 51
74 2
85 48
38 50
41 13
10 60
26 22
99 22
96 66
24 15
95 42
5 43
27 75
53 57
37 97
57 54
22 98
25 89
97 91
16 87
65 27
