174
85 48
52 79
41 3
52 23
50 11
94 18
16 71
64 30
50 76
10 63
88 13
29 95
65 55
93 16
28 53
46 85
40 65
24 90
68 33
96 88
1 36
38 83
60 57
24 4
13 24
90 38
9 58
42 90
66 77
73 98
83 57
83 74
81 14
5 41
73 38
79 94
83 87
70 97
23 66
49 94
51 6
58 63
88 22
65 37
43 88
80 24
3 67
43 18
57 21
44 23
10 25
30 44
33 90
91 93
36 48
2 2
54 18
27 31
91 26
78 80
64 52
11 8
72 4
89 89
74 12
98 44
73 32
2 22
20 78
12 92
85 6
93 27
15 66
47 3
66 23
47 17
6 55
36 82
26 77
48 58
13 33
53 96
65 94
70 74
41 91
40 26
55 54
18 98
6 34
33 19
61 69
87 1
77 57
89 39
79 36
7 7
13 78
9 73
7 43
0 93
11 84
1 14
16 6
52 50
39 45
15 41
61 60
77 50
43 12
6 85
84 55
96 6
97 14
82 27
27 43
50 27
28 5
15 38
88 94
16 14
15 35
73 40
84 62
53 71
64 20
21 32
36 97
6 3
31 36
96 61
62 25
75 10
23 22
95 9
1 62
60 64
0 10
81 33
30 98
59 26
92 35
91 74
46 34
77 82
58 98
78 9
92 68
50 83
55 69
6 44
77 90
97 20
41 97
8 18
10 56
24 5
14 52
3 89
15 74
80 14
7 52
23 42
75 83
47 29
96 66
8 50
93 63
18 87
2 93
29 8
11 60
17 27
23 97
81 1
