175
31 77
1 42
43 16
35 26
58 58
38 31
17 18
87 73
13 58
64 98
54 11
97 77
34 81
27 85
36 49
73 49
88 27
76 9
63 35
53 64
26 90
92 49
78 36
56 85
84 54
48 18
15 55
14 48
42 33
93 91
6 78
71 64
63 67
66 74
70 81
43 59
19 48
23 42
0 43
93 66
6 91
91 38
16 74
63 97
78 67
13 67
28 63
93 96
29 51
52 27
56 14
12 51
27 21
0 78
53 41
16 18
0 71
69 2
48 21
36 6
35 57
90 45
18 80
24 46
82 20
29 4
43 73
6 24
59 83
58 9
19 23
84 61
86 52
83 83
95 13
17 11
71 55
13 32
88 21
99 55
2 80
71 13
40 26
9 42
83 2
64 5
80 18
25 43
55 23
51 92
81 97
17 95
85 6
30 18
18 28
96 0
66 51
76 40
15 43
80 14
85 12
51 31
16 35
62 81
52 30
70 41
64 32
46 55
87 5
19 29
70 44
40 24
22 55
39 11
78 23
97 89
62 89
99 46
64 84
37 96
69 96
5 86
75 25
75 15
47 89
51 50
59 46
24 88
51 61
50 38
83 61
11 82
53 73
41 86
49 59
40 52
44 37
86 46
59 70
23 8
28 5
71 68
36 63
71 94
7 60
83 90
91 4
72 90
27 6
41 65
58 78
43 13
62 28
55 71
72 74
73 98
46 67
27 67
79 73
54 7
26 37
14 10
90 0
68 64
44 55
0 99
47 39
8 59
29 34
17 96
40 80
25 67
74 77
22 98
81 40
