177
52 41
16 51
83 6
20 38
49 6
45 61
25 86
11 67
39 39
70 44
85 52
65 82
1 62
79 90
61 26
35 46
57 21
41 56
77 10
9 35
30 25
59 94
9 54
83 47
60 59
28 19
48 37
97 11
5 70
63 97
64 50
41 26
88 82
46 40
46 44
75 28
87 67
37 54
60 72
73 81
47 3
82 82
52 23
2 42
57 49
19 93
86 11
56 4
24 2
15 89
52 49
8 10
7 87
36 87
53 58
43 19
84 33
84 74
18 34
82 47
16 48
60 84
39 79
29 66
98 59
7 92
32 9
64 87
75 10
48 29
92 32
23 79
76 3
95 72
6 14
47 99
2 28
38 10
10 3
70 13
65 30
57 52
92 45
86 39
49 74
81 52
51 70
52 35
2 8
46 69
4 67
43 52
50 51
43 23
86 69
68 50
58 61
0 23
46 56
64 70
39 7
26 33
94 53
69 76
0 74
3 69
58 85
47 56
39 31
37 4
81 90
68 24
79 49
51 63
46 49
81 23
92 95
55 32
63 45
69 12
4 32
89 55
37 16
65 61
1 82
42 12
30 51
0 54
98 46
34 69
33 56
55 14
78 81
2 13
10 2
99 35
58 0
95 3
25 25
0 46
87 98
92 76
80 56
41 0
64 9
28 74
9 47
79 74
94 9
37 64
68 69
62 37
3 38
21 87
52 10
57 78
9 44
71 39
20 74
63 4
21 14
89 84
40 20
10 39
27 94
35 21
31 98
71 36
96 1
77 44
72 38
59 9
75 66
46 16
3 18
89 1
93 77
