172
68 20
26 25
48 12
15 57
50 85
91 32
90 38
16 9
14 8
57 51
92 20
20 18
45 35
25 53
21 23
99 42
97 51
15 83
74 96
2 60
99 94
66 68
27 89
54 10
25 92
47 34
15 95
87 91
48 71
19 30
24 75
7 0
75 24
96 19
0 52
74 73
20 46
39 6
58 89
27 35
92 74
34 97
57 15
68 44
49 18
29 10
13 72
13 12
38 55
17 73
38 73
59 21
61 68
97 14
17 37
88 62
22 26
34 85
30 7
70 9
71 25
77 67
2 11
41 63
33 70
81 83
84 46
42 87
34 68
66 50
76 4
90 69
14 3
31 15
57 33
15 65
40 69
99 75
73 50
63 95
81 42
66 46
12 98
72 54
54 75
36 7
50 92
28 96
57 39
82 2
32 47
58 83
93 57
13 39
43 70
37 92
58 31
67 82
91 28
71 31
67 87
73 21
38 35
40 24
54 45
51 35
31 94
79 11
45 3
7 43
77 43
43 91
69 93
14 90
71 44
2 62
83 58
73 7
91 69
76 45
0 64
62 57
55 24
32 74
67 59
67 3
18 77
99 27
10 42
82 78
86 28
87 12
39 49
63 39
76 50
97 0
71 36
48 27
44 99
70 40
34 10
20 36
2 39
3 82
71 0
66 75
22 10
17 15
64 46
28 71
71 29
28 8
42 22
26 97
54 73
76 93
29 39
89 52
1 45
74 89
22 85
50 1
9 67
75 62
8 55
46 2
88 1
65 56
92 61
31 67
60 62
54 65
