174
6 17
80 28
27 25
89 40
56 48
7 68
56 96
65 0
69 91
69 25
22 94
32 72
4 30
94 26
79 74
20 67
58 35
16 74
67 21
59 43
65 44
56 14
73 91
77 21
87 63
96 6
75 35
3 82
80 5
59 75
91 56
51 25
53 86
17 60
42 88
48 45
48 32
82 60
27 99
20 49
71 12
95 34
78 34
26 53
14 9
90 67
6 23
5 46
93 56
68 92
53 56
56 90
10 32
42 48
36 17
85 19
73 55
7 64
52 29
69 52
95 29
32 93
88 8
36 27
17 97
45 87
13 41
62 6
94 79
72 41
99 97
37 35
73 2
80 99
32 21
48 14
70 86
65 71
80 94
89 22
45 36
55 59
98 22
96 30
84 79
34 38
50 52
80 77
49 98
37 14
41 75
91 7
35 67
19 38
50 93
25 63
33 52
47 54
95 96
75 78
19 13
86 30
57 84
97 39
73 50
55 28
91 89
65 4
71 28
25 14
73 68
49 60
23 71
21 65
68 11
39 40
4 6
45 66
4 56
42 20
60 53
63 54
45 1
7 74
27 83
19 57
47 62
37 98
47 25
67 65
98 16
30 8
29 85
36 7
64 46
15 84
22 62
74 61
58 65
19 28
48 82
21 47
98 59
20 3
71 7
31 55
95 76
52 39
23 20
62 38
51 78
5 87
52 71
78 64
53 2
14 61
51 66
81 39
46 64
20 77
15 14
84 14
9 30
83 53
56 59
66 83
2 24
28 88
47 14
61 47
49 67
2 91
57 41
2 93
