171
21 89
0 52
20 12
6 61
16 76
22 24
20 66
27 19
28 93
24 8
74 11
8 35
89 59
78 96
47 98
31 10
92 93
13 8
61 68
10 59
51 17
79 33
74 62
82 97
40 94
13 71
17 83
53 21
70 81
11 41
6 54
65 65
80 69
15 52
83 18
94 22
34 98
74 40
18 38
61 39
85 64
46 78
72 12
28 86
22 36
93 23
98 97
83 24
35 84
89 90
1 14
75 16
23 6
80 0
67 79
3 0
67 27
31 62
85 9
44 12
90 76
48 87
88 5
66 89
25 26
28 63
51 7
79 92
73 95
37 4
75 5
85 29
9 37
65 14
95 90
88 23
48 40
10 34
83 55
85 69
15 20
15 28
52 8
73 27
90 81
13 66
60 56
31 88
58 80
64 76
32 30
79 88
64 1
21 76
90 41
74 74
66 3
43 4
35 89
93 52
5 14
34 84
42 33
0 34
76 62
13 54
94 30
96 7
34 7
3 75
55 9
5 20
81 28
75 98
17 95
46 91
43 36
80 74
60 71
10 75
68 43
2 21
60 9
65 24
99 71
0 29
75 49
76 89
53 90
31 1
40 71
36 63
69 40
36 33
64 77
60 62
92 53
72 79
42 24
72 0
12 17
28 65
73 75
43 83
9 51
86 42
46 51
12 33
50 32
23 3
78 81
61 53
2 9
61 45
4 92
23 90
78 83
13 94
64 75
11 48
77 61
31 5
98 50
7 70
99 42
32 27
93 54
58 71
43 65
73 80
18 71
