182
8 24
79 58
17 9
80 7
38 97
46 97
79 90
30 96
33 90
35 77
38 2
84 3
83 6
22 64
32 75
78 96
81 98
47 34
19 1
74 58
95 97
65 98
44 54
34 90
91 78
93 76
61 56
3 21
32 8
70 63
18 44
32 42
71 79
60 69
14 54
34 77
94 95
55 29
53 40
61 44
48 53
40 61
5 22
65 42
46 76
84 58
78 74
51 8
32 22
63 7
5 0
40 77
60 20
83 8
26 26
79 39
54 92
56 77
35 53
67 39
79 93
55 23
51 39
7 60
22 19
36 8
30 71
67 23
68 3
91 93
20 55
2 56
64 5
61 35
67 41
92 77
38 3
80 94
36 38
49 76
77 19
67 20
38 7
89 71
28 58
83 40
40 22
20 8
67 87
83 60
82 77
70 27
54 60
30 94
21 59
79 23
49 44
67 5
48 56
61 97
40 59
52 24
62 3
23 2
34 41
18 21
10 60
33 97
25 58
2 33
33 36
81 62
50 4
19 7
24 24
67 79
62 55
3 5
7 1
79 43
38 54
98 89
79 2
76 37
15 37
68 57
5 37
17 96
50 92
8 28
69 23
60 74
37 27
34 2
47 7
10 23
7 54
37 39
38 55
35 17
4 54
79 81
1 9
82 24
6 5
36 20
36 23
20 38
82 29
8 6
55 62
84 25
4 43
46 95
47 2
62 75
52 22
44 72
5 44
20 41
65 55
50 40
52 4
54 55
78 9
62 76
98 79
51 93
65 96
80 79
46 77
79 77
77 72
43 22
77 55
5 39
63 93
19 39
53 97
8 40
49 21
80 23
