176
16 36
61 51
62 24
68 90
28 10
30 16
34 67
75 46
10 98
18 12
87 13
21 24
52 66
65 34
23 62
74 43
88 10
10 22
79 97
71 64
30 11
13 1
17 88
98 1
16 25
1 56
64 96
61 82
93 99
90 97
23 90
9 7
15 85
12 66
76 57
81 49
54 94
10 10
93 94
27 97
78 77
89 69
40 10
46 4
83 23
29 35
63 7
93 13
52 58
14 58
39 64
39 16
54 14
57 66
95 82
98 84
77 67
95 4
40 70
11 92
20 41
8 53
40 4
33 0
6 77
55 19
70 80
40 2
13 23
49 56
49 40
92 47
99 41
10 30
26 43
25 28
74 2
61 38
90 60
82 11
82 97
31 55
64 87
81 89
61 13
18 44
49 31
13 7
84 67
53 42
73 35
31 84
27 27
80 17
35 27
84 89
53 76
15 61
41 89
51 13
43 49
63 77
13 72
98 32
18 92
84 79
76 32
65 31
38 43
69 59
52 49
7 61
74 10
11 74
16 19
94 78
1 85
0 74
46 25
22 35
50 9
62 78
41 52
32 71
93 51
52 91
39 26
68 2
95 45
67 46
96 76
29 45
36 50
27 1
16 66
86 7
88 26
40 63
43 45
21 43
94 32
56 72
79 38
8 85
15 29
69 82
73 36
32 76
51 88
32 81
87 57
94 76
76 82
39 81
46 65
95 63
44 19
11 80
5 66
82 7
99 35
24 45
94 89
90 83
19 56
94 63
56 4
58 46
62 1
85 86
82 60
4 70
66 87
71 1
45 33
46 20
