168
14 80
33 46
53 81
6 26
8 93
60 79
58 60
56 90
39 66
3 27
21 84
14 5
74 22
49 59
12 37
69 80
19 56
30 18
12 84
69 67
92 85
89 8
83 77
49 86
60 2
99 11
50 25
11 99
8 98
45 86
96 46
20 91
59 66
35 75
80 0
92 65
65 40
8 75
83 24
71 19
54 68
62 65
47 99
41 95
32 15
23 47
25 89
86 86
27 62
29 46
73 59
30 26
85 10
18 72
6 65
11 66
44 48
99 71
88 92
55 34
4 76
55 32
3 33
83 39
69 84
71 8
80 11
89 62
56 16
70 59
55 84
90 1
98 40
4 67
2 80
57 99
36 46
74 90
7 71
57 79
21 3
66 75
24 6
31 88
58 26
5 58
92 50
74 77
18 24
81 44
56 53
60 20
94 59
67 86
13 51
45 23
36 58
87 93
18 63
89 87
79 84
96 74
36 30
52 41
76 67
84 63
40 58
36 45
14 11
7 16
32 58
82 85
55 76
88 21
70 47
92 32
25 39
69 60
50 67
20 46
78 57
49 51
1 26
37 59
69 34
95 96
92 70
1 52
17 74
1 84
27 31
0 96
77 85
4 14
65 22
84 1
9 2
60 58
65 59
30 94
99 6
76 20
51 13
38 37
29 54
52 60
69 2
4 56
48 7
75 0
76 63
28 85
77 3
74 87
81 91
99 83
85 16
66 3
95 21
33 82
55 4
78 3
40 71
99 21
64 63
52 79
67 54
95 25
