192
29 6
29 52
51 55
31 2
25 75
48 3
13 0
42 17
27 53
8 66
51 40
57 34
33 26
42 2
1 55
35 72
23 70
37 44
6 17
34 35
53 20
47 67
35 79
35 51
36 55
38 7
31 27
36 23
21 75
17 14
49 2
14 45
9 51
52 34
56 9
32 22
50 52
15 69
2 64
8 8
0 31
15 22
16 28
10 35
14 62
21 5
12 49
5 57
48 55
25 69
30 13
47 30
27 8
3 7
56 56
33 2
50 41
28 68
53 43
53 36
14 37
54 51
33 63
19 56
27 71
30 34
9 54
50 14
39 56
28 63
6 61
3 35
57 13
47 51
22 64
21 50
38 63
27 6
12 9
26 79
24 42
29 21
48 5
32 78
24 30
1 70
41 72
30 39
5 56
58 19
43 33
9 61
34 13
47 43
46 36
40 48
48 49
12 21
50 51
15 51
33 49
47 35
42 42
8 57
4 47
31 77
54 71
5 33
3 0
42 66
25 29
41 26
51 54
28 28
48 14
8 49
25 65
48 28
5 44
9 40
53 6
12 57
5 26
0 39
57 1
3 5
6 40
5 3
50 68
9 44
7 36
30 57
6 67
0 19
10 7
42 23
57 44
54 64
26 33
24 58
11 12
49 58
50 66
23 35
50 69
29 33
47 18
11 2
25 13
26 22
4 13
8 22
10 29
26 49
23 29
8 69
4 63
26 50
46 21
46 62
69 68
31 57
32 37
51 61
11 70
0 46
1 16
30 44
6 30
50 28
20 23
21 15
6 23
9 20
8 12
52 0
30 2
10 28
50 9
8 2
51 17
54 26
23 0
27 15
47 61
28 16
24 0
40 8
29 2
50 24
24 43
7 71
