172
81 78
50 58
50 92
35 95
17 91
21 99
7 19
76 52
67 92
66 63
25 22
41 32
72 58
89 65
24 26
61 73
16 23
65 21
70 76
12 64
63 25
0 64
77 77
97 18
31 80
58 16
16 4
94 82
9 89
6 54
93 87
48 9
88 37
72 39
70 66
48 48
9 65
26 68
6 7
27 75
63 94
3 80
54 85
68 20
16 56
70 28
54 76
99 77
94 15
11 39
59 90
80 41
98 71
14 82
63 3
75 26
47 75
95 20
76 11
39 91
64 38
77 94
83 11
18 63
31 85
92 2
2 90
1 51
66 35
78 22
71 11
82 3
1 39
13 62
71 32
29 61
47 81
11 1
2 32
2 47
53 56
2 87
47 0
94 30
70 7
62 81
44 69
60 68
92 97
64 13
85 27
19 41
25 47
15 87
79 83
20 66
45 13
24 10
72 79
85 86
91 61
43 42
28 67
43 31
23 5
73 77
80 29
62 39
87 56
45 41
83 10
53 88
52 12
77 8
56 79
92 25
94 8
34 44
82 76
47 90
33 59
50 51
82 5
63 7
44 66
77 80
39 61
51 6
3 95
75 69
71 87
87 35
87 50
32 26
82 16
71 56
80 12
24 88
21 10
18 47
56 67
61 78
46 93
0 18
40 77
34 1
7 61
80 32
57 17
68 23
33 40
92 52
14 44
59 38
6 70
54 69
49 44
54 18
1 10
31 68
83 94
70 83
89 45
41 19
85 11
96 44
89 94
52 34
8 49
31 69
82 36
2 46
