158
58 29
55 72
88 13
48 90
35 30
27 0
50 71
44 18
62 37
89 28
63 62
17 55
46 39
61 50
82 53
84 21
71 58
44 71
13 42
15 48
37 48
1 33
64 26
46 0
0 90
70 77
20 74
32 1
68 99
79 80
77 46
75 64
35 89
18 0
9 82
71 8
2 8
44 86
78 97
24 25
33 19
46 19
54 4
96 27
6 99
73 33
32 6
29 74
66 20
78 25
10 96
37 87
90 48
87 25
63 86
73 51
74 0
57 89
67 16
82 31
57 84
39 56
34 39
91 64
12 52
69 44
1 63
93 21
37 17
79 15
12 5
76 41
29 49
18 58
26 42
22 65
17 65
22 4
14 16
77 13
68 34
32 12
57 64
5 31
35 72
7 22
44 48
62 9
87 91
95 45
60 4
35 61
90 3
97 50
14 30
76 11
55 61
7 44
26 98
36 10
98 40
95 83
12 39
77 88
29 62
41 64
33 81
97 82
41 62
6 63
4 46
99 26
95 91
71 86
49 73
63 17
14 22
37 78
74 8
44 93
63 97
45 11
47 94
73 81
12 19
23 55
39 27
23 33
5 73
34 60
88 5
50 41
85 96
49 29
80 95
75 47
20 16
1 15
40 46
10 70
38 8
46 55
3 71
23 8
73 26
43 57
45 29
75 69
33 39
66 6
41 97
3 81
26 82
39 30
66 70
84 97
80 88
27 70
