178
44 32
22 4
96 61
70 23
33 12
67 28
96 21
87 73
52 59
44 82
84 26
4 28
61 96
5 91
61 36
61 38
32 89
71 21
3 73
81 93
5 42
48 58
66 5
76 32
48 95
1 7
17 87
26 95
76 11
45 94
57 67
23 16
85 19
91 55
9 6
4 61
45 86
83 11
62 15
8 84
32 35
88 40
73 1
88 78
63 97
59 2
27 39
54 83
13 41
61 73
48 20
51 62
43 13
72 90
15 34
58 58
87 14
3 36
26 21
10 40
24 14
59 21
97 8
48 79
37 40
41 94
5 30
32 86
56 62
77 12
67 20
78 59
73 91
87 85
58 82
16 18
97 66
38 29
12 13
59 99
25 3
69 95
13 29
2 24
94 41
35 58
2 30
95 34
24 37
84 6
72 55
65 30
25 42
97 83
88 64
28 78
66 51
61 66
97 71
33 70
9 72
41 54
29 75
95 32
37 45
44 72
30 50
35 65
78 18
31 97
13 77
41 49
57 96
36 54
85 20
59 59
9 89
35 17
32 4
78 43
43 68
89 4
7 52
99 91
48 64
99 43
11 64
37 51
35 14
46 25
98 27
13 91
62 34
69 46
98 35
14 1
88 88
98 74
52 9
59 8
72 49
95 68
77 23
34 44
88 14
71 40
19 75
82 2
89 30
32 2
62 86
89 35
48 39
62 24
84 51
41 23
93 7
15 85
2 43
4 97
29 62
72 16
46 29
79 99
8 50
41 44
9 10
64 36
76 17
20 1
99 20
50 12
15 96
1 67
24 83
0 98
0 53
56 26
