172
98 66
76 57
28 58
74 48
99 79
67 97
68 2
62 42
82 59
56 7
98 5
7 40
95 25
96 55
82 33
95 51
87 12
22 5
23 92
1 28
60 24
20 62
98 99
89 34
36 30
29 84
64 35
19 21
31 4
61 88
80 74
10 1
78 70
63 58
5 31
72 49
28 13
0 65
6 9
38 76
69 8
73 97
50 54
87 31
36 94
94 49
68 10
90 55
38 25
19 4
11 18
18 84
96 62
28 95
51 70
13 37
50 0
27 44
87 14
42 72
39 59
56 73
85 46
3 80
18 99
87 66
24 58
94 85
41 83
13 61
37 66
83 18
90 61
28 78
69 34
15 7
30 35
96 11
80 7
93 37
21 68
10 31
54 29
87 29
31 21
66 24
64 19
94 35
12 5
16 74
76 15
90 72
40 5
41 7
21 24
47 62
53 21
68 63
84 89
86 52
6 96
41 97
79 67
7 20
72 17
30 66
12 22
91 47
32 21
88 21
99 76
86 87
88 49
46 43
45 66
74 18
99 86
75 41
62 72
25 68
62 37
44 66
92 85
75 80
8 89
98 45
11 89
62 46
12 13
29 27
68 56
40 44
57 33
18 26
14 7
59 99
35 60
67 19
82 66
76 29
31 52
60 32
3 69
55 37
94 2
58 25
32 76
87 5
95 42
25 52
85 69
88 84
75 13
70 91
56 9
22 75
99 12
26 63
21 79
98 3
91 89
30 71
92 1
47 86
39 89
52 90
94 26
64 91
93 19
0 77
49 11
23 30
