88
30 29
53 69
39 54
48 48
11 11
92 97
35 41
77 97
85 71
72 76
18 37
59 62
69 52
78 72
47 63
74 90
54 56
65 68
32 31
1 4
54 57
45 45
68 86
74 74
88 83
89 71
42 32
16 6
90 73
30 28
24 39
28 31
89 89
17 29
62 43
42 59
41 48
71 85
37 36
61 68
11 27
13 26
76 93
16 32
4 2
45 60
44 53
36 15
23 13
64 65
65 43
4 4
63 58
28 17
64 45
17 20
47 43
72 84
54 39
48 68
21 18
87 88
27 11
54 62
85 70
72 81
40 18
65 46
58 54
26 14
81 85
58 40
42 22
70 62
54 58
58 55
58 61
30 16
55 41
85 81
85 83
7 13
82 70
88 88
57 56
86 89
1 1
85 88
