169
7 1
85 59
62 83
57 20
65 28
85 16
5 21
47 15
45 51
55 15
56 62
60 21
62 68
6 43
5 45
23 38
77 66
28 68
27 24
24 20
8 57
86 89
75 25
78 92
13 75
6 7
25 63
93 81
19 75
29 76
47 81
26 64
64 37
23 14
69 57
10 17
44 45
61 19
66 58
47 0
76 66
21 86
33 26
91 64
55 83
48 69
1 56
7 62
69 77
65 71
83 78
73 52
48 31
52 92
58 40
84 39
4 58
47 74
15 71
35 44
24 76
70 16
83 52
31 96
42 53
61 50
78 9
40 80
69 29
40 46
39 8
57 64
29 4
44 58
46 27
44 23
97 47
92 33
16 15
97 65
98 15
27 84
95 81
36 86
46 99
1 74
84 98
47 55
77 23
67 75
83 83
42 96
43 28
1 37
4 90
28 35
56 4
85 67
37 34
95 85
76 47
44 93
19 12
58 30
29 63
2 22
99 86
54 54
47 63
52 44
19 59
40 79
70 71
71 14
47 88
60 56
41 65
59 28
95 27
6 34
50 83
31 78
61 90
87 40
14 87
65 21
42 14
37 72
9 55
93 73
50 99
89 64
38 62
36 9
76 44
60 7
4 81
97 23
56 91
73 10
23 80
40 91
16 99
28 40
66 41
36 69
16 10
57 96
4 12
69 46
23 92
64 96
20 47
51 91
76 71
74 59
2 54
33 21
89 95
70 84
27 22
54 30
64 63
66 54
22 54
42 2
37 79
98 17
99 38
