143
44 30
73 61
18 3
67 90
68 66
93 89
67 95
90 49
23 36
90 54
59 97
22 45
54 94
70 80
1 3
61 66
79 52
67 54
3 17
76 69
65 72
96 81
70 58
93 63
78 90
25 9
61 82
39 46
43 15
82 98
86 68
90 66
68 51
87 81
90 77
76 56
86 53
14 24
53 52
13 33
68 72
56 50
70 85
66 74
95 75
58 54
73 73
99 54
68 83
69 91
97 93
94 73
40 21
31 43
86 56
95 65
51 89
86 95
88 50
50 54
83 80
60 79
79 97
13 48
64 56
57 71
98 52
93 82
61 50
82 57
7 32
17 35
21 22
46 29
63 88
75 81
41 33
90 61
62 62
62 79
80 62
84 99
96 92
49 85
36 34
86 96
6 29
50 80
98 72
95 60
95 58
74 65
54 81
78 78
60 70
63 56
62 81
73 91
94 53
6 26
85 91
56 85
72 68
58 60
51 86
57 75
71 53
64 76
88 88
89 88
16 44
54 60
29 41
64 59
60 63
60 94
99 67
50 97
83 55
38 13
36 13
98 86
59 87
48 74
82 67
64 94
85 72
87 74
43 25
87 91
6 36
17 29
76 99
94 94
65 83
53 64
53 66
62 87
93 91
92 93
13 3
92 98
98 65
