178
5 29
5 33
5 76
61 80
43 77
99 14
77 9
8 62
12 86
72 16
6 22
39 85
88 63
93 75
4 44
98 91
66 91
3 70
88 20
88 15
15 17
18 6
1 80
1 40
91 61
83 88
42 91
35 85
6 47
52 1
76 69
29 19
13 23
59 74
33 40
84 80
73 47
4 32
77 84
10 32
87 44
43 11
33 99
71 6
72 87
47 63
94 81
3 54
41 23
50 18
44 49
27 48
44 68
52 37
83 26
37 89
85 76
22 95
51 9
93 34
26 70
22 34
7 90
61 96
69 6
92 95
47 78
76 79
42 74
69 65
62 40
60 58
41 28
58 18
46 54
68 83
75 2
71 55
80 80
98 64
13 84
84 37
77 62
37 93
55 71
29 6
12 7
12 10
52 67
96 54
36 20
3 6
33 49
64 43
69 52
1 4
67 3
18 57
42 36
91 36
70 20
40 54
86 96
94 11
63 1
33 47
19 49
21 52
57 61
61 91
69 89
82 63
12 60
36 76
64 8
21 34
62 67
39 39
73 68
76 54
38 69
92 53
32 68
59 62
33 38
5 68
33 13
9 42
86 61
94 96
99 5
37 16
78 33
85 69
53 60
66 28
97 26
46 37
74 97
24 0
57 88
56 31
67 29
20 81
7 40
28 7
45 26
68 95
89 87
34 27
76 22
66 9
56 98
38 10
21 4
86 48
17 25
19 12
32 52
6 5
20 27
80 28
67 43
30 42
39 77
9 70
63 50
60 22
93 59
37 26
63 36
1 14
7 53
49 79
67 31
78 60
30 81
58 88
