123
41 80
41 52
75 77
9 84
63 70
50 82
7 77
16 0
17 3
47 62
82 62
52 49
4 24
27 2
68 79
42 60
52 62
14 19
18 14
5 21
33 43
6 72
3 34
36 48
41 58
2 49
26 34
48 72
3 11
27 36
3 6
3 12
87 8
10 86
45 6
13 9
1 79
6 1
16 8
25 2
2 68
4 64
59 59
10 10
18 24
22 28
4 3
20 3
4 85
94 91
2 12
34 5
11 99
3 56
3 7
68 4
55 4
42 2
1 7
83 5
80 48
17 14
72 52
91 95
60 43
72 39
1 4
79 81
69 69
19 16
1 11
72 71
11 8
79 70
30 39
79 38
70 61
40 69
89 93
21 17
16 1
2 9
12 0
13 18
21 19
50 5
4 45
13 2
3 27
50 40
77 3
76 76
10 14
62 50
61 79
97 9
5 14
11 15
92 91
42 39
75 74
1 18
75 8
2 18
3 8
8 3
3 43
3 0
16 17
4 8
95 95
14 2
8 2
88 99
90 93
1 0
92 98
2 0
92 97
8 20
2 19
7 10
0 12
