167
96 57
92 54
82 35
68 62
65 14
93 15
92 71
51 61
75 66
17 70
0 31
11 63
53 91
32 29
20 64
96 15
80 28
61 75
21 12
67 57
57 97
54 80
54 14
21 78
76 68
74 56
6 3
83 31
66 7
17 61
82 87
81 53
9 10
4 13
84 74
71 68
95 32
26 44
21 60
77 93
62 39
75 42
74 80
9 71
6 28
8 16
65 90
53 75
55 71
76 97
95 45
97 63
98 83
72 79
22 15
95 27
33 1
11 3
79 75
21 7
94 78
51 80
57 71
97 3
86 57
86 24
62 18
59 91
56 28
92 11
27 72
21 0
81 9
1 8
32 10
58 59
54 27
3 0
82 12
67 50
15 59
16 8
87 63
84 30
65 64
61 88
17 76
23 29
75 5
71 72
68 46
54 50
94 86
56 86
22 85
76 63
91 26
36 38
88 41
81 60
94 21
69 85
73 60
66 70
70 55
85 37
99 7
69 92
56 12
74 25
59 3
85 83
11 81
92 34
80 72
22 16
34 20
73 50
25 1
76 87
87 75
53 47
91 96
84 28
50 74
66 24
20 21
71 90
14 5
72 64
82 41
61 23
91 11
72 78
63 9
59 93
53 15
36 48
73 21
75 88
66 28
85 4
56 42
84 52
87 52
88 79
60 30
10 27
92 57
18 16
87 2
57 34
90 12
54 31
25 12
15 77
29 29
91 36
15 11
15 24
65 98
95 4
95 52
90 83
14 22
92 1
2 18
