171
99 87
34 24
15 7
80 11
91 77
78 88
63 36
85 67
25 90
85 2
26 12
75 68
84 33
55 49
32 73
65 26
22 96
0 52
2 43
53 64
81 95
97 41
51 86
98 36
84 87
24 56
22 17
91 58
26 40
58 58
58 59
63 21
32 2
34 95
63 91
17 81
43 94
31 79
78 57
37 33
4 9
19 37
35 89
36 51
33 37
23 53
61 41
53 92
74 42
7 39
38 1
90 66
68 69
43 7
25 74
25 6
78 18
54 35
21 59
87 32
66 15
56 93
27 56
90 72
95 98
14 76
61 53
47 5
11 29
92 38
10 57
18 88
49 64
26 63
75 46
91 90
47 95
53 21
81 46
43 47
80 70
34 31
37 66
48 60
27 90
30 21
92 61
12 89
33 56
45 33
43 89
87 15
26 82
72 31
29 71
84 30
44 70
72 74
58 79
45 27
27 35
80 0
73 38
75 26
29 58
80 50
28 17
50 17
44 65
43 19
97 28
83 43
73 61
28 78
74 74
75 47
34 68
79 51
80 77
55 72
30 90
58 47
95 70
62 96
35 51
37 9
91 6
33 46
10 34
84 3
77 14
92 8
50 79
37 83
31 49
13 67
15 3
4 22
52 29
58 89
54 19
96 52
3 50
90 92
44 74
44 80
54 17
32 41
97 48
33 64
49 54
50 80
7 54
69 80
14 38
20 0
95 77
49 18
37 82
61 60
20 71
46 23
91 96
29 42
44 53
41 79
74 77
99 56
63 41
31 51
64 72
