108
0 52
3 10
3 64
3 88
4 19
4 41
5 55
6 83
7 6
7 36
7 98
8 76
9 50
10 2
11 42
13 21
14 11
14 87
15 28
17 60
17 77
18 15
18 97
19 51
20 31
21 3
21 70
22 62
25 3
25 20
25 38
26 77
27 91
29 5
29 39
30 70
32 37
32 90
34 9
34 81
36 42
36 51
36 56
36 76
38 16
38 97
39 45
40 79
41 11
43 32
43 72
44 63
44 99
45 84
49 13
49 46
50 89
51 4
51 30
53 9
53 67
55 0
55 87
56 54
57 38
57 43
58 25
60 1
60 8
61 17
61 68
61 89
62 55
62 65
64 96
66 48
67 3
67 26
69 42
69 64
69 77
70 47
71 32
71 95
72 57
74 25
78 34
79 9
80 20
81 2
81 49
82 64
83 24
84 69
85 92
87 58
88 24
88 38
89 2
89 11
92 6
92 42
93 64
95 22
95 54
97 75
97 88
98 46
