196
4 28
5 68
6 9
7 24
7 47
7 54
7 75
8 33
8 93
8 99
9 12
9 64
10 42
10 84
11 70
12 77
13 33
13 86
13 96
14 11
14 58
14 64
15 5
15 41
16 21
16 28
16 48
16 90
18 49
19 5
19 35
19 65
19 68
20 26
20 76
20 85
20 92
21 39
21 53
22 12
22 23
23 99
26 29
26 61
26 86
27 50
27 89
28 35
28 44
28 71
28 96
29 79
30 8
30 19
30 54
31 14
32 42
32 49
33 19
33 54
34 9
34 33
35 16
35 61
35 81
35 97
36 27
37 72
37 77
37 93
40 79
41 9
41 26
41 41
41 48
41 83
41 90
42 17
42 24
43 54
43 64
43 97
44 33
45 70
46 21
47 78
47 86
48 5
49 30
49 38
49 40
49 61
50 13
50 93
50 98
51 50
51 57
51 72
53 77
54 13
54 47
54 58
55 5
55 19
56 70
57 43
57 83
57 97
58 30
58 33
58 65
58 93
60 21
61 62
61 83
62 47
62 58
62 96
63 17
63 42
63 74
63 89
64 6
64 28
64 35
64 68
68 22
68 26
68 77
68 99
70 32
70 47
70 53
70 64
71 7
71 14
71 40
71 72
71 86
71 91
74 14
74 49
74 70
75 28
75 36
75 63
76 75
76 85
77 4
77 42
77 53
78 19
78 91
78 96
81 98
82 33
82 48
83 8
83 58
83 72
84 15
84 45
84 88
85 28
85 75
86 19
86 62
86 86
88 49
88 98
89 76
91 14
91 40
91 53
91 83
92 9
92 62
93 23
93 26
93 70
93 89
94 35
95 14
95 84
96 40
96 54
96 97
98 25
98 52
98 70
98 74
99 8
99 20
99 36
99 65
99 90
