107
0 25
0 58
1 1
1 49
1 79
3 20
3 83
4 31
4 90
5 66
6 40
7 53
7 78
7 89
9 4
9 34
10 58
11 11
12 1
13 81
15 54
15 65
15 92
15 96
18 38
20 43
21 55
22 1
22 9
24 27
24 57
24 63
26 19
26 87
29 94
30 6
30 13
30 76
31 27
32 35
34 43
37 21
37 55
37 99
38 1
39 65
40 85
45 79
46 66
47 35
47 58
48 11
48 88
51 1
51 82
52 40
53 26
53 31
53 46
54 92
55 8
56 64
57 36
59 5
59 24
59 73
60 13
60 44
64 28
65 54
65 84
67 74
67 99
70 41
70 56
71 63
72 49
73 8
73 77
73 90
74 94
76 0
76 18
77 30
77 42
77 48
77 61
77 82
81 28
81 76
81 98
82 13
82 35
82 86
84 59
84 69
85 40
87 0
89 65
89 88
90 18
90 48
90 96
92 58
93 30
93 81
99 76
