104
0 63
1 73
2 83
3 5
4 68
5 87
7 78
9 28
9 50
11 44
12 33
14 25
15 82
17 6
17 62
20 35
20 68
21 6
21 14
21 42
21 50
22 27
23 62
23 96
27 24
27 36
28 18
30 84
30 99
31 31
31 46
32 40
32 63
33 78
35 14
35 82
37 60
39 21
41 39
41 79
42 65
43 0
44 54
44 71
44 93
48 16
48 43
48 87
49 23
51 38
52 3
52 53
53 9
54 90
55 1
55 49
56 22
56 35
56 75
57 27
57 50
60 16
60 28
62 0
63 18
63 77
63 89
64 46
65 59
65 74
67 63
68 5
69 91
70 76
71 31
71 42
71 53
72 13
73 57
75 34
75 69
76 96
77 7
77 73
77 90
79 52
79 84
80 28
82 69
84 40
84 95
86 20
86 80
87 8
87 70
88 61
89 3
89 36
89 74
94 55
94 87
96 78
97 92
98 61
