114
0 7
0 81
1 42
1 52
3 89
4 46
5 67
5 96
7 23
8 10
8 80
10 60
11 86
12 2
13 19
13 96
15 51
15 73
15 87
17 47
17 61
18 97
19 75
21 78
22 14
22 34
24 1
24 11
25 24
25 43
25 53
26 87
26 98
27 61
27 75
27 93
30 13
30 79
31 53
32 4
32 66
34 22
34 95
35 60
36 44
37 4
37 12
38 81
40 19
40 47
42 38
42 90
42 96
44 27
44 36
44 56
47 69
48 8
48 18
48 50
49 28
49 89
50 1
53 22
53 98
55 72
56 6
57 27
57 82
58 1
58 91
59 76
62 30
63 43
65 38
65 52
65 81
65 95
67 30
68 0
69 91
70 22
71 42
72 6
74 59
75 55
75 92
76 75
78 27
78 43
79 91
80 19
80 84
84 13
85 8
85 45
85 75
87 15
88 49
88 57
89 92
90 29
92 4
92 98
93 71
94 59
94 65
95 23
95 29
95 93
96 40
97 13
98 81
99 37
