102
1 33
3 74
3 95
5 7
5 52
8 82
9 1
9 13
10 30
11 53
14 40
14 72
16 90
17 8
17 99
19 31
19 68
22 76
23 85
24 29
25 0
25 89
26 41
26 72
29 9
29 79
30 4
30 43
30 97
31 26
31 61
34 90
35 40
36 17
37 79
38 60
40 73
42 42
44 81
48 62
49 24
49 93
50 28
50 76
51 0
52 47
52 53
52 97
54 83
56 13
56 23
56 42
58 6
58 95
59 89
61 69
62 9
62 25
63 78
64 14
64 49
65 37
65 57
67 8
67 20
67 67
68 73
70 80
71 29
71 53
71 86
72 19
72 46
73 1
74 74
75 64
77 44
77 49
77 76
79 27
81 15
81 68
82 40
82 63
82 82
83 94
85 51
88 17
89 33
89 36
89 74
90 11
92 46
93 56
93 87
94 64
97 7
97 27
97 80
97 97
99 35
99 41
