97
1 3
6 3
6 48
7 72
9 57
9 86
11 45
12 89
13 28
14 35
16 84
17 59
18 18
19 27
19 48
19 89
21 54
23 33
23 73
26 94
29 36
29 47
30 8
31 82
32 26
33 53
34 41
34 71
34 97
35 22
38 58
39 15
40 19
40 50
41 72
41 86
42 56
42 92
44 13
45 35
45 39
48 19
48 47
48 85
50 23
51 61
51 69
51 90
51 97
57 18
58 24
59 81
60 29
60 35
61 43
62 66
62 99
63 12
64 70
64 85
65 80
66 34
68 49
69 10
69 27
69 46
72 18
73 40
73 88
74 82
75 76
76 43
76 67
78 10
79 58
79 72
79 96
80 88
81 31
81 51
83 61
85 22
85 47
86 97
87 13
87 28
87 50
87 72
91 64
94 32
94 46
97 84
97 94
98 28
98 51
98 59
99 68
