110
0 61
1 53
2 5
3 77
4 29
5 58
5 94
7 8
7 51
8 88
9 74
11 13
11 25
12 57
12 75
13 35
13 87
14 40
14 52
14 67
14 95
16 80
18 18
18 30
19 54
20 25
20 96
22 4
22 83
23 43
23 49
25 17
25 92
26 8
26 74
27 25
29 62
29 97
30 34
32 76
34 14
34 68
37 11
37 31
38 6
38 94
40 66
41 18
41 80
42 90
43 9
44 75
47 53
47 60
47 93
50 45
50 77
51 37
52 12
52 20
52 27
53 61
53 90
56 18
56 97
60 91
61 15
61 26
61 69
62 42
62 56
63 3
63 84
64 11
64 22
66 67
66 75
66 98
68 19
69 1
69 57
73 12
73 78
74 63
74 96
76 28
77 25
78 2
81 36
82 4
82 19
83 72
84 77
85 56
85 63
86 7
87 40
89 89
90 3
90 46
91 62
93 16
93 85
94 96
95 28
95 33
95 48
96 5
97 65
99 58
