106
2 29
2 38
2 68
2 92
2 97
3 0
4 23
4 74
5 99
6 13
8 33
9 4
10 20
12 6
14 49
14 71
14 98
15 64
16 50
16 59
17 91
19 62
20 44
20 75
21 40
22 8
24 91
26 51
26 97
27 20
27 44
28 83
29 88
30 78
31 25
31 30
32 8
32 56
32 92
36 22
37 35
37 49
39 83
40 9
41 59
43 22
45 12
48 64
49 39
49 52
49 75
49 90
50 0
50 27
50 86
54 67
55 6
55 15
55 27
55 91
56 37
56 42
56 72
59 12
60 2
61 50
61 77
61 95
62 64
62 71
63 7
65 19
65 35
65 90
68 61
68 98
70 53
71 11
71 68
73 24
76 90
77 63
78 49
79 25
79 95
81 34
82 13
83 88
85 58
85 64
85 98
87 3
90 67
91 31
92 20
92 62
93 86
94 14
94 46
96 25
96 78
97 2
97 36
97 68
97 98
98 89
