112
0 11
0 46
1 94
2 13
2 58
2 71
3 19
3 38
5 57
8 69
8 80
8 86
10 44
11 22
12 7
12 12
12 55
13 51
15 30
16 74
17 83
18 3
18 44
19 65
20 93
21 58
23 28
24 1
24 36
24 52
26 24
27 21
27 98
28 75
30 37
30 59
33 21
34 0
34 92
35 44
35 79
36 66
37 13
37 59
40 5
40 92
42 55
42 72
43 40
43 79
46 15
46 19
46 48
47 89
48 4
48 99
52 57
53 9
55 36
55 55
55 93
56 31
56 66
58 45
60 79
60 86
62 22
62 51
64 75
65 36
66 1
66 11
66 81
68 64
69 19
69 33
69 45
70 92
71 26
72 4
75 12
78 17
78 62
78 83
78 96
79 24
79 39
80 49
81 1
81 53
82 93
85 7
85 30
86 89
87 77
88 39
89 22
89 60
89 85
90 12
92 64
94 8
94 90
95 62
96 13
96 33
96 47
96 93
97 53
97 77
98 85
99 70
