103
0 36
0 67
1 53
2 97
3 19
3 85
5 88
7 14
7 45
7 50
7 58
7 77
12 4
14 67
16 96
17 86
19 29
19 71
21 42
21 53
21 89
23 12
23 60
23 79
24 37
25 2
26 8
26 52
27 59
28 18
28 92
29 28
30 77
31 25
32 42
33 66
35 9
35 25
36 74
37 46
37 53
39 9
39 41
41 35
42 3
43 66
43 86
46 77
46 90
49 42
49 84
50 10
50 64
52 31
52 53
53 21
53 45
54 67
57 13
58 36
58 74
59 31
60 6
60 48
61 61
61 99
63 79
65 3
65 32
66 11
66 25
70 70
72 12
73 35
73 54
74 63
78 46
78 84
78 94
79 26
80 12
80 54
83 67
85 77
86 56
87 47
87 98
89 17
89 25
90 6
92 69
92 83
93 41
93 92
95 3
95 32
96 10
96 25
96 76
97 18
99 1
99 81
99 97
