109
1 3
1 16
1 97
2 28
2 93
4 79
6 65
6 84
10 37
10 57
10 79
10 97
11 15
14 24
14 57
14 71
16 48
17 32
18 9
20 58
20 87
21 20
22 53
22 80
24 86
25 36
26 13
27 4
27 44
27 96
29 23
29 74
30 66
30 79
31 58
33 51
33 65
34 97
35 14
35 31
36 80
37 74
38 6
38 25
39 88
41 1
41 53
41 63
41 94
42 17
43 78
45 34
46 37
46 46
46 65
48 27
48 53
51 66
52 37
53 55
53 93
55 1
56 2
57 11
57 17
57 71
57 79
59 60
60 28
61 90
64 18
65 10
65 82
66 54
67 89
68 29
69 35
71 15
73 75
74 8
76 25
77 37
78 51
80 61
80 96
82 88
83 40
83 51
84 77
85 7
86 68
86 88
87 1
87 29
87 61
88 38
88 98
92 49
92 80
93 64
94 20
95 33
96 13
97 39
97 57
97 94
98 65
99 4
99 29
