103
0 31
0 52
2 14
3 3
3 58
3 86
4 8
4 20
6 45
8 54
8 70
9 9
9 78
11 89
12 42
12 64
12 98
13 14
13 33
14 48
15 9
15 52
16 18
18 70
18 92
19 41
20 27
20 61
21 4
21 54
22 84
24 0
26 24
26 37
26 98
27 71
31 40
31 45
32 11
32 99
33 83
34 56
37 36
37 97
38 21
39 39
41 62
42 3
42 30
44 74
45 41
46 35
49 99
50 77
51 13
51 34
52 17
55 57
55 84
58 41
59 25
60 60
61 4
61 30
63 17
64 2
65 49
66 27
66 97
67 37
68 11
71 53
71 57
71 87
73 31
74 78
74 93
75 12
75 68
76 36
76 87
77 60
79 55
80 65
80 75
80 90
82 84
83 96
85 47
86 13
86 19
86 74
88 88
91 7
92 18
92 67
93 78
94 44
94 88
95 53
97 68
99 4
99 65
