114
0 8
1 92
2 29
2 84
3 4
3 23
4 34
4 68
5 59
6 79
6 90
7 99
9 15
9 26
11 47
14 58
15 4
15 29
15 74
15 91
18 20
19 60
20 80
21 48
22 39
24 30
27 5
27 60
27 73
28 53
30 14
30 87
31 7
31 48
31 96
32 2
33 62
34 92
35 28
35 43
37 18
37 81
38 67
39 33
39 49
40 8
40 58
40 79
42 49
43 2
46 21
48 64
48 85
49 43
50 33
52 13
52 43
55 2
56 32
57 21
57 72
59 97
60 82
61 57
62 46
63 4
63 29
63 84
64 76
67 11
68 24
68 59
69 37
69 64
69 75
71 6
71 43
73 3
73 21
74 86
75 65
77 34
79 44
79 54
80 12
81 26
83 44
83 64
83 92
85 15
86 57
87 34
88 25
89 63
89 99
90 84
92 55
93 15
93 83
93 90
94 40
94 49
94 74
95 59
95 96
96 8
96 66
97 29
98 0
98 87
99 14
99 20
99 41
99 77
