107
0 5
0 63
1 92
2 9
3 29
4 47
4 81
4 97
6 19
6 34
7 41
7 54
10 25
10 34
10 76
11 63
11 89
14 53
14 74
15 10
18 37
19 46
19 56
23 28
23 65
24 9
24 48
24 82
25 1
25 19
27 53
27 93
29 40
30 48
30 66
31 72
32 81
34 9
34 40
35 70
36 22
36 88
37 16
37 58
37 96
38 48
39 43
40 10
42 77
44 64
47 52
48 18
48 38
48 93
49 4
49 8
50 44
52 50
52 71
53 19
53 26
55 62
57 13
58 35
58 83
59 6
59 94
61 66
62 45
63 53
63 74
63 89
65 11
65 18
66 90
67 1
67 67
68 28
69 45
69 94
72 11
73 19
73 37
73 97
74 61
76 77
76 90
77 59
77 82
78 12
78 55
78 67
80 41
80 96
84 81
85 41
85 91
86 11
86 26
86 76
87 61
91 57
92 97
95 60
95 93
96 72
98 38
