110
2 46
2 69
3 87
3 94
4 79
5 3
5 10
7 31
7 49
8 88
10 43
12 15
12 56
12 62
13 22
13 69
13 96
14 50
15 14
15 86
17 7
17 31
19 48
19 58
20 79
21 72
22 65
25 6
25 29
25 40
25 47
25 60
27 66
28 92
31 11
31 51
32 24
32 62
33 33
33 39
33 75
33 98
35 3
36 89
37 80
39 52
40 15
40 28
44 69
45 76
46 4
46 36
46 48
46 64
47 56
49 73
50 13
52 99
53 7
53 37
54 89
56 28
56 44
57 67
59 53
60 81
61 20
62 67
62 86
65 24
65 41
65 63
66 5
68 82
69 57
69 88
70 11
71 19
71 46
71 95
73 70
74 28
75 53
77 11
77 83
78 2
78 36
78 42
80 21
83 85
84 6
84 52
86 12
87 26
87 45
88 65
89 95
90 19
90 38
90 71
91 11
92 5
93 48
95 51
96 2
96 83
97 13
97 65
97 78
99 90
