104
1 18
1 61
2 28
4 87
5 46
6 41
6 58
7 76
7 82
8 10
8 18
10 96
11 75
12 40
14 25
16 85
17 65
17 95
18 30
22 63
23 13
23 38
24 21
27 91
28 29
28 48
28 62
28 66
28 75
28 79
29 23
32 41
34 73
34 91
34 98
37 56
37 82
38 9
38 89
39 27
41 48
42 34
42 80
43 19
44 14
45 89
45 95
48 52
49 41
50 73
51 20
54 27
54 88
56 41
56 55
56 67
59 76
61 23
61 47
61 71
61 80
62 10
62 33
64 96
66 38
66 50
67 25
67 66
67 83
68 9
69 75
70 14
71 27
73 49
74 84
75 38
75 55
76 10
76 30
76 69
76 94
79 95
80 18
80 87
81 45
81 60
83 90
85 40
85 47
85 74
86 27
86 59
88 13
90 90
92 10
92 71
94 27
94 35
94 51
94 90
95 21
97 61
97 83
98 63
