109
0 45
1 75
2 37
2 86
3 8
3 50
3 69
3 94
4 25
6 54
7 30
9 96
10 44
11 3
11 14
11 19
11 50
12 29
12 74
12 85
14 8
14 34
15 39
17 57
18 20
19 1
19 96
21 14
23 33
23 49
23 63
24 99
27 77
27 91
30 18
30 27
30 52
31 13
31 63
33 6
33 80
33 93
34 69
37 47
39 88
40 62
41 93
43 20
44 68
45 31
46 3
46 45
47 37
47 96
49 31
49 53
50 26
50 77
52 13
52 91
53 53
53 83
54 63
55 7
56 20
57 15
58 92
59 69
59 98
60 37
60 79
61 85
62 62
63 28
64 74
65 3
65 35
66 81
67 94
68 17
72 75
73 22
73 96
75 46
77 10
77 88
79 42
79 82
82 60
83 6
83 50
84 1
84 91
85 56
88 21
88 40
88 65
90 2
90 97
92 55
93 72
93 85
93 93
94 2
95 28
96 77
98 44
98 50
98 64
