112
0 49
1 6
2 84
3 57
4 39
4 98
5 27
5 90
6 30
6 44
7 19
7 95
9 4
9 9
10 95
11 52
11 68
12 7
12 40
13 78
17 14
17 22
18 3
19 69
19 92
20 18
20 59
23 38
23 72
23 86
25 5
26 23
26 74
29 34
29 39
29 82
30 20
30 54
30 97
32 63
33 91
34 16
34 75
35 46
38 96
39 24
39 86
40 14
41 62
41 76
42 33
46 51
47 37
47 88
50 1
51 4
51 18
51 25
51 64
53 14
53 86
56 8
56 21
56 51
56 98
57 62
58 3
58 37
59 91
61 20
61 28
62 68
66 11
67 41
67 55
68 3
69 17
70 6
70 37
71 25
72 97
74 55
74 70
76 14
76 25
77 2
79 41
79 52
79 76
80 49
80 64
81 93
82 80
84 20
85 37
85 72
86 86
88 13
88 55
91 25
91 42
91 51
91 79
93 68
94 59
95 9
96 2
96 81
97 87
98 24
98 33
98 95
