86
0 32
2 80
3 36
3 44
4 17
4 48
4 65
5 12
5 23
5 32
5 75
6 94
7 90
8 82
9 69
9 98
10 61
11 35
12 53
13 21
13 75
14 72
15 16
15 59
15 92
16 46
17 30
17 67
17 99
18 22
18 40
19 56
20 78
21 71
21 88
22 35
23 77
24 28
24 40
25 55
25 96
26 65
28 32
28 50
28 90
30 72
31 95
32 82
34 65
35 39
35 53
35 59
35 71
36 76
36 92
37 99
39 84
40 49
44 79
45 93
46 56
46 63
49 99
50 53
50 73
52 88
53 68
53 76
54 60
57 91
58 84
59 66
59 95
63 73
63 79
64 66
65 96
67 90
70 75
73 93
74 87
75 99
81 88
81 97
87 92
91 95
