109
0 46
0 82
2 15
4 26
4 57
6 15
7 52
7 75
9 58
10 84
11 45
12 31
13 21
13 77
13 96
16 12
17 26
17 72
18 65
20 48
22 11
23 66
24 28
24 76
27 87
28 51
28 96
31 15
31 82
32 61
33 34
33 71
34 20
35 4
35 41
36 45
36 93
38 62
41 5
41 87
41 94
42 57
43 10
43 27
45 90
46 34
46 73
50 86
51 96
52 16
52 52
52 57
53 5
54 29
54 44
56 73
57 83
58 71
59 8
59 39
59 97
61 65
61 93
62 60
62 84
64 11
66 21
67 68
67 78
68 27
68 51
70 18
71 96
72 33
72 59
73 79
75 45
76 26
76 64
77 84
78 91
79 0
79 17
79 38
80 47
81 60
83 25
83 86
85 2
85 19
86 61
87 71
88 50
88 57
88 80
88 95
90 42
91 5
91 68
92 15
92 99
93 34
94 54
95 22
96 72
97 46
97 59
98 83
99 1
