94
0 98
1 11
4 3
4 17
4 84
5 32
6 93
8 41
10 8
10 62
10 99
11 16
11 51
12 66
12 75
14 5
14 82
16 27
16 54
16 72
17 14
17 47
19 20
20 4
20 31
20 92
20 98
21 9
23 40
24 23
24 60
26 47
26 78
28 20
28 67
29 27
29 84
29 95
30 34
31 7
31 26
33 94
34 43
35 37
37 15
37 59
37 85
39 89
40 9
41 40
42 73
43 32
44 19
47 8
49 48
49 60
50 17
50 96
52 26
54 68
55 42
56 35
58 55
61 9
61 18
62 57
63 69
63 94
66 2
67 5
68 47
68 66
70 71
73 54
73 80
74 18
74 92
76 8
79 3
79 86
82 78
83 52
85 21
85 84
86 91
88 69
92 44
93 92
95 29
95 84
96 35
97 98
98 89
99 49
