107
0 79
1 86
2 42
3 7
3 27
3 34
3 56
6 61
6 72
6 85
7 24
7 94
9 9
9 78
10 36
12 45
12 63
12 68
13 28
13 50
15 34
16 17
16 73
18 0
21 31
21 88
22 18
22 46
22 68
23 7
24 28
24 52
26 59
26 71
28 37
31 20
31 87
31 95
33 84
35 8
35 30
35 47
35 52
35 70
36 36
38 58
39 4
40 94
41 21
43 81
45 10
45 33
45 40
47 81
48 37
48 59
49 72
49 97
50 52
51 6
51 21
52 2
53 77
55 72
56 29
56 37
56 89
60 11
60 42
60 83
63 20
64 5
64 51
67 25
70 5
70 49
71 17
71 77
73 42
73 81
74 25
74 62
75 52
75 96
77 36
78 90
79 49
79 99
81 27
82 7
82 13
83 67
84 37
84 59
86 10
86 91
88 17
89 33
89 47
89 80
91 54
92 90
93 42
94 10
96 31
96 58
96 71
