104
1 60
3 7
3 35
4 21
4 27
4 90
6 2
6 75
8 4
9 46
9 49
10 7
10 14
10 83
11 22
12 53
12 64
13 36
13 89
13 94
15 17
15 68
17 27
17 45
18 76
20 34
21 59
22 91
24 22
24 81
25 32
25 49
26 14
26 55
26 67
29 7
29 62
29 72
29 85
30 32
30 77
33 94
36 21
36 39
36 64
39 5
39 44
39 74
39 96
41 33
42 53
45 70
46 7
46 36
46 91
50 13
51 22
52 60
56 46
56 67
56 84
57 34
57 73
59 55
60 63
61 81
62 23
63 16
63 37
66 61
67 99
68 70
68 85
69 34
69 57
72 10
73 26
74 68
75 1
75 33
75 46
75 94
82 97
83 25
83 37
85 5
86 62
86 75
86 98
87 10
87 48
87 83
87 89
88 30
91 11
91 38
91 71
92 43
93 82
95 52
95 95
97 31
98 73
99 64
