104
0 79
1 7
2 27
2 73
3 18
4 54
5 84
6 34
6 98
7 46
9 60
9 91
10 8
10 15
10 54
11 73
13 39
13 83
15 92
16 72
17 59
18 2
18 45
19 52
20 38
21 13
21 86
22 5
23 93
25 48
25 78
26 22
28 69
30 1
32 44
32 58
32 72
34 29
34 35
34 82
37 23
37 68
39 45
39 91
41 5
42 72
43 2
44 19
45 87
47 10
47 63
50 32
50 78
50 95
51 4
51 58
52 27
52 44
55 68
56 76
56 83
59 47
60 57
61 80
62 29
64 96
65 82
66 16
67 67
68 11
68 54
71 85
72 7
73 51
74 22
74 67
74 74
74 89
75 3
75 81
77 38
77 60
78 86
79 95
80 37
81 72
81 76
84 25
85 12
88 93
89 21
89 62
91 6
92 43
92 75
94 14
94 55
96 34
96 48
96 82
96 93
97 24
99 3
99 61
