111
0 0
0 34
1 95
3 30
4 50
4 91
5 11
6 62
7 34
9 59
10 4
11 28
13 38
13 80
14 20
16 8
19 13
19 18
19 24
19 60
20 46
21 72
21 83
22 32
22 93
22 98
23 1
23 41
25 12
25 68
26 35
27 96
29 8
29 28
30 70
31 86
33 3
33 18
33 95
34 24
34 38
34 54
38 26
38 72
40 8
42 46
43 15
44 26
44 76
45 88
46 41
46 64
47 8
47 56
51 40
51 95
52 13
53 80
55 0
56 49
57 62
57 70
57 92
60 23
60 88
60 95
61 45
61 68
62 6
62 16
63 81
65 33
65 37
68 1
68 6
69 92
71 82
72 18
72 58
73 48
73 72
73 76
74 11
75 36
75 65
77 4
77 25
78 80
78 94
80 90
81 30
81 50
82 42
82 61
82 78
83 0
85 15
86 23
86 69
87 92
89 28
89 42
91 49
92 43
93 63
94 17
95 84
96 10
96 80
97 76
98 38
