106
0 11
0 83
1 94
2 3
2 17
2 46
3 26
3 42
3 57
4 77
5 12
6 20
7 29
8 39
9 14
10 96
12 62
13 93
14 28
14 77
14 82
15 9
16 91
19 2
20 30
21 9
21 95
22 54
24 22
24 35
24 48
24 88
25 85
28 75
29 32
29 42
30 18
32 24
32 62
34 7
34 75
34 89
34 97
36 41
38 60
38 94
40 84
41 17
41 44
43 39
44 6
44 82
47 22
47 31
47 43
48 51
48 57
48 91
49 66
49 96
52 3
53 13
55 72
56 1
56 35
56 46
56 96
57 19
60 24
60 89
61 16
61 43
63 60
63 64
63 96
66 14
66 81
67 74
69 83
70 27
71 42
71 89
72 0
72 11
73 77
74 24
74 39
74 52
79 60
80 32
83 73
84 2
84 22
84 55
85 88
89 63
90 30
90 39
91 96
92 46
93 11
93 87
94 81
95 27
95 62
97 86
