109
1 16
2 64
3 47
4 10
4 54
7 22
7 31
8 77
8 99
10 2
11 66
12 73
14 16
14 29
14 46
16 94
17 10
17 63
18 26
18 41
19 43
19 79
19 99
21 56
25 5
26 24
26 40
26 59
26 90
27 83
28 27
28 66
28 76
28 97
30 19
31 10
32 46
32 55
34 83
34 85
35 61
36 2
37 41
38 28
38 64
39 52
39 93
40 16
41 9
41 70
42 37
45 54
46 2
47 60
48 20
48 70
50 42
51 31
51 55
51 74
52 92
53 48
54 44
55 81
57 1
58 39
58 59
59 65
60 35
60 45
60 96
63 82
64 75
65 2
66 32
67 7
68 46
68 65
69 19
71 7
72 35
72 73
72 97
73 25
73 58
75 45
76 39
76 90
77 95
79 79
82 22
82 33
82 52
82 60
84 3
84 45
84 68
86 10
88 26
88 32
89 72
93 36
93 53
93 67
95 78
98 2
98 22
98 81
99 57
