201
0 27
0 74
0 81
0 90
1 9
1 23
1 34
1 68
2 47
2 54
2 98
3 14
3 42
4 84
5 58
5 64
5 70
6 23
6 29
6 37
6 41
6 51
7 98
8 0
8 89
10 77
11 86
12 66
13 10
13 21
13 77
14 59
14 69
14 96
15 4
15 37
15 46
15 51
16 17
16 32
19 30
19 48
20 20
20 61
20 83
21 11
21 44
21 80
22 9
22 97
23 1
23 34
23 71
24 54
24 91
26 70
27 17
27 20
28 4
28 6
28 27
28 35
28 66
29 49
29 84
29 95
30 42
30 56
30 79
33 9
33 41
34 15
34 35
34 82
34 93
35 21
35 49
35 70
35 80
36 54
36 99
37 27
39 39
39 58
40 22
41 28
41 72
42 12
42 45
42 67
42 80
43 4
43 18
43 50
47 1
47 35
47 49
48 29
48 65
48 72
49 20
49 58
50 89
50 96
51 5
51 13
51 82
52 42
52 77
54 51
54 58
54 65
54 78
55 95
56 35
56 47
57 3
57 71
58 9
58 16
58 86
59 23
59 30
61 28
62 23
62 34
62 43
62 49
63 60
63 69
63 94
64 6
64 55
64 98
65 11
65 75
67 56
69 17
69 44
69 95
70 38
70 78
71 3
71 70
71 87
72 23
72 29
72 67
73 9
74 50
75 44
75 99
77 21
78 0
78 33
78 58
78 61
78 71
78 75
78 85
79 6
80 30
82 7
82 14
82 35
82 80
83 4
83 53
84 64
84 75
85 32
85 60
86 42
86 87
86 94
88 91
89 6
89 44
89 83
90 23
90 54
91 38
91 49
91 74
92 2
92 12
92 30
92 72
93 96
96 18
96 24
96 42
97 57
97 66
97 84
98 70
99 0
99 28
99 38
99 52
99 81
