106
0 21
0 56
1 9
1 45
3 66
3 96
4 27
5 53
6 2
6 40
6 80
7 73
8 15
8 33
10 26
10 77
12 11
12 92
13 82
16 28
17 19
17 39
17 92
21 54
23 67
24 3
24 39
25 12
28 90
30 2
30 25
30 51
30 61
30 66
31 31
32 42
34 15
34 56
34 86
35 51
36 22
36 68
36 96
39 12
39 50
40 91
42 35
47 76
49 3
49 48
52 57
54 44
54 67
55 36
56 0
56 78
57 9
57 92
58 21
59 61
60 75
61 31
61 45
61 54
61 67
61 99
63 48
65 23
66 7
66 13
66 36
66 81
67 94
68 88
69 71
70 22
70 40
70 58
74 12
75 2
75 26
76 31
77 87
78 37
78 80
79 44
79 69
80 21
80 53
84 16
86 68
86 94
88 32
89 73
90 3
90 17
90 48
91 10
93 28
93 54
94 95
95 84
96 13
96 44
96 77
97 60
