109
2 71
3 52
4 3
4 90
5 64
7 30
9 20
9 53
9 94
10 84
11 6
12 77
15 35
17 55
17 99
19 92
20 47
20 77
22 13
23 82
24 7
24 41
24 57
29 12
29 42
29 54
29 92
30 1
30 20
30 71
33 54
35 64
35 75
36 19
40 4
40 14
40 76
40 85
43 42
45 13
45 23
45 34
47 68
48 48
48 60
50 5
50 81
52 55
53 95
54 74
55 34
56 24
56 45
56 60
56 71
57 28
57 51
57 79
58 92
59 3
60 10
60 40
60 56
60 75
61 18
61 87
61 95
63 61
65 35
65 90
66 20
68 72
69 66
70 8
70 24
71 46
71 82
72 58
73 39
74 3
74 72
74 95
76 21
77 60
78 2
78 53
78 98
82 74
83 44
84 9
84 21
84 93
86 90
87 23
87 61
88 71
89 33
89 39
92 49
93 7
94 36
96 12
97 46
97 88
98 33
98 56
98 99
99 21
99 66
