111
0 23
0 38
0 83
1 34
1 50
3 11
3 59
3 92
5 23
7 5
8 44
9 37
9 84
10 62
11 27
11 30
12 61
15 50
15 69
16 44
17 83
18 57
19 15
20 64
22 93
23 11
23 31
24 25
24 47
25 2
25 37
25 75
26 14
28 70
28 79
30 54
31 14
31 23
32 34
33 45
33 87
39 97
40 28
41 63
41 81
43 52
44 6
44 11
46 34
47 22
47 57
49 78
49 88
50 13
50 40
52 18
52 64
53 26
53 76
55 32
55 83
56 6
56 12
58 2
58 41
58 87
60 51
60 59
62 13
62 76
63 21
66 49
67 89
68 42
68 84
69 96
70 27
70 73
71 5
72 19
72 52
72 63
73 43
74 36
74 81
74 95
76 13
77 32
77 40
77 96
78 77
80 50
80 89
81 69
82 10
83 98
84 33
86 21
86 65
87 42
88 89
90 46
90 81
92 23
93 54
94 13
95 27
95 91
96 38
97 75
98 47
