115
1 63
1 90
2 17
2 81
3 11
3 26
4 45
5 38
5 71
5 76
6 27
6 55
7 98
8 91
9 19
10 9
10 45
11 46
12 65
12 96
13 31
15 1
15 76
16 16
18 50
19 88
22 5
25 19
25 32
25 41
25 91
26 82
27 47
29 64
30 4
30 68
31 29
31 85
32 23
33 16
34 39
34 76
34 90
34 99
36 44
36 51
36 69
38 2
40 80
43 84
44 95
47 80
49 37
49 71
50 15
50 97
52 27
54 57
54 91
55 0
55 47
56 30
56 62
57 37
60 70
60 97
61 7
61 33
62 13
62 82
63 44
63 58
63 63
64 88
66 9
66 24
66 50
66 96
67 55
68 2
69 35
69 81
69 93
71 27
71 43
71 98
72 62
73 76
74 47
75 83
76 20
79 31
79 64
80 14
80 86
81 75
81 80
82 41
83 8
85 63
89 80
90 8
90 23
90 52
91 13
91 35
91 97
95 0
95 7
95 95
97 23
97 77
98 40
99 57
99 66
