108
0 36
0 81
1 14
1 23
3 43
3 91
5 54
6 32
7 96
8 19
8 58
9 3
11 13
14 23
14 72
15 86
15 92
16 53
16 81
17 67
17 97
19 7
19 20
20 31
23 83
23 90
25 15
25 29
25 53
28 12
28 76
29 24
30 56
30 93
32 39
33 78
34 7
34 47
37 58
38 95
38 99
39 27
40 75
41 49
42 43
42 81
43 57
43 90
44 18
45 9
45 34
47 39
47 59
48 16
48 67
48 80
49 94
52 15
53 24
53 40
53 65
54 51
55 33
55 95
56 68
57 2
58 10
58 25
61 75
62 20
64 17
64 64
67 45
68 17
69 87
70 23
70 92
72 37
72 51
74 8
74 44
75 56
78 75
79 10
80 61
81 34
81 64
83 40
85 22
85 63
85 86
85 99
89 37
89 54
89 74
90 44
93 56
93 84
94 5
94 23
94 73
94 92
96 29
96 37
97 1
97 14
97 84
99 73
