86
0 1
0 6
5 25
6 16
11 36
12 7
16 26
16 48
17 10
17 20
17 36
17 43
22 4
24 43
25 23
26 14
28 9
28 41
35 11
41 31
47 35
48 22
49 1
49 27
52 10
54 22
54 36
54 43
55 4
55 16
58 27
58 50
61 43
62 30
67 54
67 60
67 69
68 16
70 6
70 26
70 46
70 87
71 34
72 81
73 62
73 96
74 70
75 55
75 87
77 7
77 16
77 47
78 0
78 27
78 92
79 65
81 55
81 60
81 78
81 97
82 44
82 87
83 24
83 35
84 10
84 14
84 73
86 29
87 20
87 99
88 31
88 48
89 2
89 76
89 82
90 61
90 92
92 7
94 45
94 54
94 86
95 5
95 71
95 81
98 31
99 11
