97
1 2
2 98
3 54
4 9
6 19
7 1
10 65
12 11
14 54
14 75
15 43
15 80
19 51
20 17
20 92
23 34
23 56
25 25
25 64
25 85
27 46
28 75
30 18
31 33
31 90
32 65
33 7
33 17
33 39
34 78
37 89
38 57
38 98
39 4
39 17
41 65
43 29
43 55
44 99
45 40
45 78
47 24
48 9
48 66
49 56
50 3
51 24
51 97
53 44
53 77
54 90
55 30
56 50
57 8
57 45
58 24
60 1
60 58
62 84
63 68
63 98
64 51
65 8
65 91
66 2
67 35
67 41
70 20
70 28
70 90
71 58
72 68
74 2
75 18
76 47
77 30
77 54
77 74
78 98
80 40
81 6
81 88
83 82
84 17
84 59
87 26
87 53
87 90
89 13
90 34
91 23
91 55
92 48
94 79
97 1
97 89
98 34
