113
2 7
2 64
4 35
4 69
6 23
6 41
8 46
9 17
9 76
12 34
12 63
12 83
15 23
15 55
16 13
16 33
16 93
17 5
17 50
17 71
17 86
17 97
18 38
18 64
19 83
21 51
25 69
25 89
26 26
26 31
26 47
27 61
27 71
28 57
29 15
30 34
31 79
32 6
32 48
32 86
32 91
34 73
35 13
38 25
38 35
38 87
40 39
41 8
41 63
42 20
42 53
43 93
44 16
44 47
44 76
45 8
45 54
46 40
46 99
48 71
51 17
53 11
53 86
54 39
55 72
56 46
58 30
58 67
59 54
59 79
60 36
60 61
60 91
61 11
63 95
65 51
67 33
67 59
68 2
69 7
70 65
70 77
70 82
71 49
72 12
72 21
72 27
74 37
74 83
77 45
77 61
78 8
78 95
82 25
83 38
83 78
83 87
85 39
85 72
86 92
88 30
89 42
89 67
90 24
90 51
91 5
91 95
93 89
94 60
95 30
95 75
96 4
97 70
