112
0 10
1 96
2 21
2 64
2 76
4 37
4 85
6 81
8 60
9 96
10 7
12 20
12 64
12 98
13 41
14 91
15 9
15 52
17 60
18 89
20 97
21 6
21 19
21 36
21 67
21 79
23 42
24 30
25 60
26 69
27 4
29 52
29 83
31 30
31 95
33 37
33 89
35 11
35 51
35 70
36 26
36 64
38 4
38 78
39 27
40 85
40 95
43 13
43 42
43 54
44 80
47 31
47 60
47 70
48 94
49 10
49 45
50 37
52 6
53 76
53 86
54 31
54 97
55 53
56 19
56 73
57 3
57 33
59 63
60 10
60 87
61 50
63 14
63 21
66 19
66 77
67 49
68 4
68 66
69 57
70 30
71 9
72 17
72 52
72 98
74 37
74 43
76 63
77 86
78 92
79 5
79 46
80 72
82 75
83 83
84 28
86 56
88 97
89 66
91 14
91 53
92 42
93 9
93 76
94 82
94 87
95 39
95 45
98 9
98 55
98 65
99 30
