95
0 67
0 80
1 23
2 4
2 92
4 19
4 57
6 14
6 98
7 74
11 19
11 59
12 27
12 52
13 93
13 97
14 63
15 1
15 88
16 78
17 24
17 68
18 96
19 10
19 52
20 17
21 82
21 88
23 16
24 31
24 63
24 73
24 92
25 50
26 11
28 19
28 87
29 4
29 73
29 97
50 92
52 67
52 85
53 99
54 23
55 5
56 13
57 42
58 76
59 97
60 51
60 69
62 28
63 41
65 14
66 90
66 95
67 64
68 6
69 37
69 83
70 47
72 6
72 92
74 19
74 25
75 63
75 84
76 47
78 59
80 75
81 18
81 32
82 7
84 24
85 60
85 73
86 82
87 11
87 48
87 52
88 41
89 17
92 10
92 25
92 32
92 60
93 2
93 77
96 10
96 74
97 43
97 54
97 59
98 34
