112
0 1
0 6
1 48
1 79
2 45
4 57
5 3
6 12
6 79
6 85
6 96
8 17
8 28
12 13
12 21
13 98
14 34
14 72
17 47
17 67
18 27
19 15
20 6
20 41
20 79
21 23
21 97
26 9
26 18
27 34
27 56
27 75
28 27
30 49
31 4
32 67
33 41
33 86
34 13
35 51
36 34
37 27
37 53
37 82
40 41
41 89
44 60
45 41
46 29
46 36
48 13
49 60
49 67
50 76
50 83
51 44
52 62
53 5
55 10
55 97
56 24
57 32
58 36
58 69
59 48
59 59
61 13
61 88
62 81
63 96
64 47
64 66
65 10
67 2
67 19
68 39
68 78
69 55
71 99
72 84
72 92
73 37
73 75
74 30
75 55
75 59
78 81
79 64
79 87
80 11
82 37
82 94
84 16
84 84
85 91
86 3
86 51
86 57
87 31
88 20
89 43
90 40
90 64
92 90
95 63
96 23
96 50
97 7
97 17
98 0
98 77
99 38
