109
1 10
1 27
1 60
1 94
3 19
3 87
4 65
5 6
5 45
6 38
6 99
9 26
10 29
11 85
12 39
12 69
12 74
13 91
14 49
17 64
19 20
20 42
20 94
22 62
24 99
25 76
26 43
26 72
27 29
27 86
28 53
29 69
30 63
31 49
33 0
33 20
34 9
35 70
38 39
39 23
39 48
39 72
40 84
42 10
43 54
44 49
45 3
45 30
46 61
46 97
47 42
48 72
48 91
51 10
51 46
51 82
51 97
53 23
53 68
56 87
57 0
57 38
57 92
59 58
59 67
60 44
63 85
63 94
66 10
66 30
66 59
68 37
68 50
69 4
69 87
70 59
71 20
73 94
74 64
75 29
77 19
77 42
77 61
77 74
82 6
82 76
83 3
83 52
84 67
84 91
86 24
86 42
87 33
88 48
89 10
90 55
90 86
92 32
93 26
94 60
96 6
96 78
97 41
97 56
97 72
97 86
98 12
98 16
99 26
