110
0 84
4 38
4 50
4 71
5 17
7 64
8 45
8 81
10 17
10 27
10 54
11 97
13 50
14 24
15 10
15 91
16 36
16 65
16 85
17 20
18 50
18 71
18 92
20 60
21 1
24 36
24 80
26 14
26 27
26 45
28 50
28 77
29 0
29 64
30 10
31 28
33 39
34 5
35 51
35 71
35 77
38 45
39 8
39 59
40 13
40 80
41 35
42 20
44 39
46 18
47 27
47 62
48 93
49 81
50 66
50 73
51 6
51 32
51 97
52 23
52 85
53 41
53 56
55 3
56 12
60 88
61 79
63 1
63 76
65 18
65 54
65 95
69 47
69 62
69 78
70 85
71 3
72 20
72 42
74 67
75 36
75 58
76 72
79 9
79 22
79 89
80 42
82 12
83 96
84 33
84 78
87 53
88 43
89 26
90 59
90 69
90 86
90 94
92 17
92 86
93 1
93 6
94 76
95 72
96 35
96 96
97 2
97 61
98 24
99 54
