107
0 89
1 29
1 96
2 55
2 64
3 93
5 15
5 47
6 67
7 3
8 61
9 32
9 46
11 39
13 72
13 80
13 97
15 5
16 35
17 23
19 61
20 90
21 49
21 68
22 13
22 96
24 32
25 75
26 81
27 2
27 24
29 50
29 95
30 17
30 56
31 64
31 68
34 11
35 7
35 43
35 82
36 76
37 31
44 82
45 13
45 40
46 32
46 93
47 4
47 27
49 55
50 39
51 25
53 2
53 15
53 51
54 85
56 96
57 25
57 66
59 2
59 83
60 18
60 88
61 32
61 45
62 37
62 46
64 64
64 68
65 74
65 80
65 96
67 54
71 54
73 3
73 69
74 32
74 40
74 48
74 94
75 9
75 87
77 25
78 44
78 87
79 72
80 22
82 59
82 82
85 51
87 12
87 96
91 18
91 99
92 31
92 46
92 71
92 80
93 58
97 22
97 34
97 40
97 59
98 6
98 71
98 92
