113
0 36
0 43
0 90
2 8
4 48
4 84
5 26
6 1
6 42
7 70
8 22
9 37
9 50
10 83
11 63
12 32
12 91
13 8
14 15
15 57
17 80
18 49
18 93
20 36
21 51
22 2
22 42
23 64
25 53
27 60
28 90
29 32
29 76
30 5
30 52
30 66
34 65
35 48
35 59
36 7
36 80
37 21
39 71
39 79
39 87
40 11
40 35
41 41
43 19
43 90
44 51
44 77
45 97
46 0
46 9
46 54
47 45
48 25
49 29
49 65
50 1
51 60
53 43
54 72
57 25
57 77
57 84
58 65
58 91
60 86
62 11
62 64
63 21
66 28
67 15
67 57
69 97
70 17
70 81
72 59
73 24
73 39
73 77
73 90
75 51
76 77
78 46
80 34
80 51
81 9
81 25
81 64
82 14
82 96
83 76
86 41
87 51
88 8
90 2
90 17
90 25
90 35
90 67
92 37
94 78
94 93
95 2
95 11
95 72
96 22
96 66
97 47
97 56
