101
0 28
0 96
1 65
2 10
3 48
3 70
5 20
8 76
9 24
9 36
9 52
9 67
11 43
11 90
13 27
14 12
14 72
15 34
15 50
16 97
18 78
19 56
21 12
22 33
23 15
23 38
23 63
27 98
28 73
28 91
29 50
30 18
30 61
32 82
34 11
34 32
35 88
37 5
42 24
42 56
44 7
44 69
44 78
45 2
45 46
46 36
47 64
50 12
51 50
51 67
51 97
52 31
52 39
53 85
54 45
56 96
57 88
58 27
58 58
59 16
59 66
60 52
61 82
63 97
64 16
64 34
65 51
65 82
68 5
70 12
70 82
73 25
74 89
74 95
75 63
76 37
76 49
76 56
77 70
78 19
78 29
79 63
80 11
81 7
81 87
84 67
84 82
86 95
88 45
88 76
88 86
90 17
91 37
92 11
93 25
94 74
95 85
96 34
96 52
96 92
97 45
