113
2 87
3 35
3 43
3 76
3 82
4 12
4 20
5 49
8 24
8 42
8 98
9 60
9 74
9 90
12 0
12 48
12 55
13 95
14 17
14 78
16 42
18 5
19 73
20 90
21 48
25 35
26 13
26 58
27 63
28 68
28 76
29 81
30 30
31 17
32 0
32 95
33 52
33 71
34 96
35 16
36 7
36 77
38 56
41 33
41 39
42 13
43 18
43 66
44 51
44 84
45 2
45 62
46 43
46 93
48 14
49 80
51 53
52 1
52 74
54 20
55 36
55 97
56 31
56 50
57 6
57 69
58 27
59 14
59 60
60 40
61 76
61 87
62 4
62 20
63 54
65 35
65 82
68 99
69 4
69 66
70 12
71 27
71 40
71 75
71 84
72 57
74 45
75 99
76 2
77 11
78 91
79 74
81 20
81 46
81 54
82 29
83 18
87 62
87 82
88 3
88 53
89 9
89 25
90 91
92 37
93 31
94 71
95 15
95 41
96 10
97 51
97 57
99 82
