110
1 7
1 49
2 12
3 23
3 80
3 92
4 65
5 30
5 75
6 3
7 57
7 89
7 99
10 21
10 70
11 80
12 54
12 91
13 13
13 44
14 32
15 63
17 21
18 92
18 98
21 3
21 24
21 59
22 74
25 80
26 8
27 38
27 51
27 85
30 15
31 56
31 66
31 75
32 34
32 63
33 43
34 76
35 5
35 17
36 39
37 29
37 85
39 12
41 50
42 57
42 87
42 95
44 36
46 50
46 61
46 73
47 4
48 19
48 90
50 87
51 95
52 37
52 49
52 63
55 84
57 56
58 97
59 76
60 65
62 18
67 7
67 49
67 56
68 34
68 74
69 19
69 77
71 26
71 56
72 90
73 96
74 0
76 75
77 24
77 47
77 79
79 86
80 9
80 97
81 44
81 59
82 35
85 45
86 70
86 82
87 22
88 5
89 27
90 39
90 50
90 58
90 93
91 11
92 88
93 14
94 70
95 81
95 99
97 76
97 89
