104
0 48
0 99
1 11
3 36
3 53
5 61
6 27
7 74
8 92
9 48
12 4
12 99
13 66
14 4
14 45
14 72
14 80
15 38
17 32
20 10
21 98
22 88
24 22
25 1
28 72
28 90
30 27
30 96
31 54
32 19
32 45
37 64
37 86
38 3
38 53
39 92
40 19
40 70
43 31
44 60
45 43
47 16
48 26
49 16
49 48
49 75
50 5
50 59
50 86
51 94
54 11
54 28
54 61
54 78
56 38
59 43
59 99
60 50
62 76
64 15
64 40
64 66
66 87
67 33
67 73
67 92
68 8
68 49
68 61
69 3
69 18
69 80
72 27
75 90
76 7
76 22
76 44
78 66
79 98
80 30
80 63
81 11
81 50
82 86
83 70
84 46
84 75
87 31
87 42
88 3
90 90
91 14
91 54
91 83
92 7
92 95
93 80
95 17
96 38
96 59
96 64
96 87
97 12
99 28
