105
1 21
1 38
1 49
2 94
3 57
5 84
6 97
8 15
8 30
8 38
9 4
11 79
13 42
13 85
14 1
16 58
18 16
18 46
19 65
20 71
20 96
21 23
23 85
24 5
24 61
25 29
25 69
26 48
28 44
30 87
31 3
33 36
34 11
34 54
35 44
35 66
35 74
35 97
36 61
36 86
37 35
38 22
39 92
41 56
42 10
42 62
42 80
43 68
45 46
46 26
47 2
47 17
47 54
48 32
49 42
49 79
51 5
53 16
54 48
55 57
55 92
56 86
57 34
57 61
58 24
59 99
60 7
61 19
61 40
61 83
63 1
65 13
65 91
65 97
67 10
67 41
67 84
68 71
69 28
69 60
72 68
73 28
75 77
76 3
77 96
78 66
79 24
79 34
79 55
81 89
82 15
82 65
86 4
90 0
90 34
91 6
91 49
91 83
94 22
95 30
95 65
97 13
97 38
97 82
99 52
