110
0 0
0 14
2 64
3 73
4 11
4 40
7 58
8 45
8 71
9 16
11 31
11 56
12 93
15 12
15 24
15 66
15 99
16 41
16 88
19 2
19 40
21 21
21 61
24 34
25 1
25 44
25 65
27 12
27 29
27 59
27 94
29 21
29 98
30 75
31 20
31 85
32 3
33 32
33 65
35 15
35 51
39 24
39 66
40 72
41 42
41 59
42 36
42 98
44 11
45 70
46 4
46 17
47 24
47 55
47 83
48 40
50 67
53 72
54 29
55 4
56 24
57 38
57 89
58 48
58 78
59 96
59 99
62 68
63 1
63 13
64 43
65 37
66 18
66 47
66 85
67 59
67 95
70 44
70 67
72 4
72 40
72 89
73 55
74 72
75 32
76 47
76 96
78 40
79 14
81 41
81 74
83 54
84 7
84 81
85 34
86 75
87 15
87 19
89 92
90 56
91 45
91 69
93 38
94 14
94 30
94 75
95 80
96 49
98 6
98 21
