106
1 37
3 42
4 22
4 57
4 64
4 89
5 70
5 96
7 6
7 50
10 86
12 32
12 78
13 18
15 95
19 49
20 22
20 41
21 61
23 95
24 86
25 40
27 69
29 8
31 40
31 52
32 27
32 35
32 92
33 16
33 79
33 86
34 21
35 48
35 59
38 35
38 86
38 93
39 13
39 25
40 4
40 70
41 21
41 59
42 50
42 96
45 35
46 24
46 69
46 93
48 11
49 30
50 52
51 93
54 69
55 9
56 25
56 83
58 46
59 34
59 55
59 99
60 85
61 5
61 74
64 56
65 85
65 93
67 38
67 67
69 22
70 59
71 6
71 49
71 73
72 90
74 31
74 76
74 97
77 84
78 4
78 13
79 21
79 89
80 26
80 39
82 56
83 49
84 12
84 73
85 2
86 19
88 7
89 84
89 94
91 43
92 33
92 72
93 24
94 3
94 60
95 54
95 67
95 92
96 48
97 8
