107
1 2
1 13
3 33
3 97
4 3
5 73
6 16
6 64
7 27
8 7
8 84
9 3
9 87
10 31
10 48
11 20
11 97
13 13
13 43
15 22
16 38
16 60
16 70
17 50
18 46
19 2
19 25
20 21
20 96
22 81
26 7
26 88
27 93
28 26
30 66
31 30
32 42
33 36
33 87
34 93
36 11
36 73
37 76
38 33
38 98
39 3
39 17
40 48
40 56
40 67
43 94
44 40
45 6
45 27
49 51
50 61
50 70
53 96
54 38
54 76
55 44
56 23
56 29
56 51
57 69
57 96
59 21
61 6
61 41
63 15
63 55
64 74
64 81
65 29
65 63
66 92
67 5
71 79
71 90
72 59
72 95
73 46
74 5
74 30
74 78
75 72
76 17
77 64
79 97
80 34
82 4
82 51
83 21
84 53
88 64
89 75
90 37
90 44
92 1
95 24
96 79
96 99
97 12
98 21
98 55
98 92
99 31
