103
2 9
4 2
4 48
6 90
7 30
7 55
9 79
9 85
10 10
13 45
13 70
13 90
14 14
14 75
15 2
15 24
16 8
17 97
18 60
18 82
21 10
21 28
21 65
22 37
22 77
22 96
24 49
27 61
27 87
28 14
28 17
30 48
31 1
34 36
35 6
35 43
36 29
37 68
38 93
39 16
40 46
42 61
42 65
42 81
43 2
43 87
45 21
47 17
49 48
49 93
49 96
50 26
50 38
52 11
52 30
52 73
53 99
54 22
57 8
57 56
57 83
59 19
60 68
60 76
62 86
62 95
63 43
64 6
65 38
65 64
65 76
66 12
66 25
67 53
67 83
69 32
70 16
74 54
74 66
74 87
76 8
76 26
76 39
76 45
76 80
77 92
78 70
82 81
83 20
84 56
85 10
85 45
86 91
87 31
89 69
90 25
92 93
93 49
95 8
95 74
97 68
98 21
98 34
