111
2 76
4 7
4 45
4 95
5 37
5 60
6 79
7 67
7 98
8 56
8 82
10 15
12 3
12 45
12 80
15 19
15 36
15 89
20 14
20 46
21 35
21 57
22 61
22 78
22 89
23 69
26 74
27 24
27 96
29 7
29 60
30 35
31 87
33 16
33 54
34 60
34 92
35 49
36 1
37 40
38 55
40 24
40 69
40 79
41 85
44 3
44 97
45 39
45 64
46 77
47 16
47 26
49 69
49 93
50 22
50 29
50 52
51 55
52 43
55 95
56 77
57 52
58 13
58 57
59 30
61 6
61 37
62 81
63 88
65 23
65 65
69 13
69 51
69 83
70 18
70 33
70 95
71 2
74 26
74 46
74 91
76 77
77 11
77 66
79 49
80 7
80 99
81 93
82 35
83 17
84 28
86 86
87 67
89 30
89 43
89 55
90 51
91 5
91 82
91 91
91 98
92 18
94 3
94 71
94 97
95 26
96 59
96 64
96 99
98 27
98 79
