109
2 22
2 54
2 88
3 15
4 79
5 42
6 2
6 60
9 69
10 78
10 96
11 93
12 4
12 87
13 13
13 32
13 45
13 55
17 45
18 34
19 27
21 11
21 68
23 30
23 52
24 86
24 98
25 41
26 6
26 11
27 19
28 86
29 77
30 4
30 69
32 42
33 25
34 58
35 32
36 95
37 4
37 76
38 11
38 19
38 50
41 30
41 87
43 80
44 64
46 53
47 13
47 34
48 21
48 43
48 64
49 90
50 6
50 27
50 72
53 38
53 48
53 83
55 10
55 75
58 27
58 79
59 2
60 47
60 66
60 97
61 16
61 75
64 56
65 22
66 84
67 68
68 29
70 9
70 83
72 59
72 76
73 50
77 35
77 47
78 13
80 7
80 95
81 35
84 27
85 15
86 46
86 63
86 74
86 91
87 11
88 69
88 81
89 79
90 34
92 19
92 92
93 50
93 75
94 29
95 39
96 22
97 3
97 32
97 82
