103
0 29
2 91
3 61
5 57
6 71
7 15
7 49
7 66
9 77
11 27
12 10
12 37
12 85
12 96
13 5
13 55
14 31
14 47
17 42
17 98
19 62
20 56
21 82
22 38
23 27
23 79
23 96
24 47
30 10
30 43
30 59
30 88
32 32
36 77
37 26
38 71
39 43
39 61
40 52
41 38
42 11
43 17
43 81
43 94
44 29
45 61
46 50
46 67
47 8
48 43
49 61
51 86
52 22
52 65
55 18
55 35
55 42
55 52
55 66
61 76
62 61
62 87
63 75
63 96
64 92
66 10
66 34
67 56
67 71
67 81
68 41
70 1
70 49
72 14
72 81
73 40
73 60
75 97
76 11
76 74
77 58
78 44
79 21
82 18
82 49
82 89
84 2
84 74
85 40
86 69
87 30
89 11
89 64
90 92
91 44
91 51
92 95
94 36
95 98
96 83
97 12
97 22
97 54
