104
1 40
1 51
2 1
2 18
4 66
7 25
7 43
8 30
9 15
10 68
10 74
10 99
12 1
13 86
14 38
14 43
15 22
18 26
18 49
18 94
19 4
21 56
22 85
24 44
25 13
26 36
26 91
28 22
28 84
29 49
29 54
31 3
31 34
33 59
33 70
34 1
36 63
38 27
38 49
38 67
38 74
39 88
40 22
40 33
42 63
44 73
44 96
45 8
46 24
47 94
48 70
49 49
49 64
51 11
51 31
52 40
55 25
55 73
56 9
56 16
56 66
57 55
58 83
59 62
61 44
62 83
63 33
63 54
63 66
63 78
64 50
65 9
65 23
65 91
71 18
73 62
73 94
74 5
74 25
74 66
74 83
75 37
77 11
77 56
78 93
79 24
81 62
83 13
83 80
84 65
85 4
85 54
86 32
89 43
90 2
91 76
91 96
94 10
94 36
94 44
95 31
95 53
95 88
96 77
