109
0 33
0 45
2 96
3 18
4 7
4 58
4 67
4 77
5 85
7 49
10 90
11 19
12 3
12 73
14 66
15 40
17 34
17 68
17 89
18 24
18 44
20 8
20 97
21 14
21 31
22 20
22 40
23 26
25 76
25 87
26 43
27 19
28 28
29 76
31 56
31 61
31 88
33 14
34 80
35 9
35 65
36 71
36 94
38 37
38 58
39 32
40 15
42 24
42 95
43 78
45 47
45 58
45 90
46 16
47 31
48 85
49 6
50 70
51 62
52 52
52 97
53 2
53 17
53 35
53 82
54 19
54 66
58 88
60 38
61 72
63 73
63 84
66 4
69 38
69 90
70 23
70 47
72 74
72 78
74 46
75 68
75 89
76 58
78 18
78 37
79 27
81 8
81 53
83 69
83 97
84 1
84 19
85 59
86 83
87 92
88 14
90 36
90 59
91 46
92 19
93 32
93 52
93 76
93 83
95 15
96 91
97 4
97 41
99 39
