104
0 42
0 61
1 78
3 48
4 16
4 88
6 10
6 62
7 24
8 64
9 99
10 51
11 29
12 80
13 87
14 95
15 4
17 49
18 74
18 92
20 55
21 10
21 35
22 27
22 82
24 87
25 74
27 48
28 4
29 84
30 42
31 80
32 8
32 12
32 65
32 74
32 95
34 52
38 40
38 59
38 93
42 30
44 44
46 24
46 58
46 93
47 10
48 87
49 66
51 21
51 29
51 73
52 82
54 10
54 36
55 3
55 78
58 7
58 54
59 85
60 75
60 90
62 26
64 39
65 0
65 7
65 60
66 29
67 21
67 54
67 67
67 99
68 78
69 35
69 82
72 15
72 63
74 97
75 80
75 91
76 4
76 9
77 58
78 46
81 50
81 67
83 27
83 56
84 88
85 12
85 21
86 30
86 96
91 40
93 19
94 26
94 97
95 11
95 45
96 1
98 17
98 39
98 65
99 72
