106
0 79
1 6
2 38
2 71
3 64
4 25
5 58
6 47
7 35
9 80
10 53
13 4
13 42
13 49
16 11
16 73
18 90
19 28
19 58
21 2
21 37
21 54
21 79
23 31
23 44
31 79
32 13
32 29
33 58
35 37
36 21
36 28
36 41
36 51
37 9
37 79
38 68
38 73
39 60
40 91
42 79
42 99
44 27
46 12
46 96
47 37
47 85
48 2
48 21
48 52
48 75
50 44
50 59
50 67
53 84
54 28
54 79
57 1
57 92
58 41
58 48
59 53
60 99
62 31
63 58
63 78
64 4
64 26
66 84
67 24
67 34
67 43
69 55
69 68
70 14
71 74
71 98
73 47
74 29
75 90
77 3
77 18
78 36
79 74
80 82
80 99
81 13
81 67
82 43
85 3
85 76
85 95
86 8
87 81
88 18
89 49
89 59
90 28
91 35
91 86
92 11
93 51
93 76
96 2
97 64
98 23
