109
1 49
2 28
2 69
2 76
2 84
3 55
3 60
4 15
8 29
9 24
9 45
9 64
10 5
10 12
10 77
10 96
11 53
11 82
14 42
14 49
14 86
16 13
16 63
17 4
17 59
19 77
21 29
22 49
22 70
23 20
23 53
23 96
24 84
25 5
25 26
26 41
26 61
28 95
29 8
30 22
32 69
32 85
33 43
34 15
34 53
35 5
36 37
37 69
38 95
40 1
41 24
41 83
41 93
42 56
43 45
43 78
44 66
46 16
46 90
49 6
50 11
50 38
51 46
52 41
52 97
55 9
55 74
57 60
59 14
59 52
61 89
62 48
62 79
64 96
65 8
66 20
67 29
67 73
67 93
70 0
70 14
70 32
70 82
74 76
75 89
77 6
77 35
79 25
79 94
81 1
81 66
83 81
84 24
86 55
88 29
89 63
90 7
90 71
92 26
92 39
93 14
93 19
93 50
93 57
94 76
95 68
95 97
96 2
97 86
