108
0 27
0 36
1 93
4 18
4 74
5 3
6 32
6 52
6 66
6 97
7 43
7 59
7 79
7 83
10 6
11 89
12 52
13 22
13 28
13 59
14 65
16 40
17 3
18 32
19 12
19 42
19 56
20 68
20 96
21 85
22 2
22 21
22 31
22 62
23 50
24 40
24 81
25 95
27 25
28 30
29 15
30 5
35 36
36 99
37 61
39 7
39 58
39 82
41 32
43 45
43 71
44 92
45 8
45 20
48 64
48 87
49 27
49 34
50 56
52 37
53 92
55 32
56 44
57 22
59 37
60 93
62 11
62 52
63 71
63 85
65 64
66 4
67 38
67 48
67 78
67 83
68 96
71 51
71 77
72 16
73 24
74 46
75 0
75 32
75 65
76 60
78 37
78 95
79 46
79 85
83 8
83 17
84 29
85 7
85 66
87 57
87 76
87 97
88 20
90 42
91 48
93 36
96 11
96 33
96 41
96 78
96 97
97 85
