109
1 10
1 66
2 16
2 81
2 92
3 3
6 99
7 74
9 6
9 79
10 47
13 9
14 86
15 22
15 60
16 54
17 68
17 95
19 8
22 96
23 79
24 35
25 71
26 44
29 6
29 31
30 9
30 20
30 77
32 44
33 87
35 1
35 54
35 68
36 17
36 61
38 28
40 10
41 91
42 36
42 72
45 2
46 61
47 2
47 36
48 40
48 70
49 17
49 47
51 14
51 83
51 97
52 37
53 91
55 21
56 14
57 4
57 41
61 18
61 70
62 35
62 67
64 84
64 97
66 9
67 32
69 0
69 25
69 73
70 53
70 95
71 82
72 39
73 10
75 66
76 51
76 60
76 88
77 21
79 66
80 39
80 72
81 22
81 83
82 5
82 15
82 98
83 87
84 28
85 42
85 57
88 69
89 1
89 61
90 17
91 29
91 84
91 90
93 24
94 51
94 65
95 7
96 71
96 92
97 18
97 54
98 12
98 66
99 4
