106
1 86
3 45
3 93
4 3
4 58
4 98
5 8
5 37
7 29
7 42
8 77
9 64
11 80
13 18
14 74
14 99
15 37
15 84
17 30
17 66
18 54
19 11
19 60
20 3
20 76
22 36
23 57
24 7
24 63
24 96
25 51
26 13
27 25
28 28
31 66
31 76
32 47
35 53
36 18
36 97
38 46
38 86
39 74
40 34
41 53
43 78
45 3
45 18
46 46
46 72
48 24
48 78
50 50
50 95
53 2
53 34
53 69
56 13
56 97
57 87
58 80
59 58
61 3
62 87
62 97
63 25
64 14
64 53
65 35
67 48
67 67
68 10
68 81
69 94
70 35
70 56
71 6
71 59
72 80
73 2
75 9
75 19
75 75
77 45
78 26
78 32
79 49
79 54
80 94
81 62
83 67
83 81
86 18
87 35
88 67
89 93
92 17
92 27
93 46
94 76
95 32
96 13
96 39
97 42
97 87
98 52
