164
0 3
0 8
0 29
0 71
0 77
1 20
1 33
1 55
1 89
2 15
2 40
2 83
5 7
5 14
6 42
7 2
7 63
8 27
8 54
9 50
9 78
9 90
10 23
10 33
10 84
14 63
15 23
16 2
16 9
16 46
16 54
17 77
18 16
18 35
18 85
21 14
22 43
23 6
23 21
23 26
23 76
24 50
24 82
25 0
25 55
25 89
26 37
26 71
26 96
27 63
29 28
29 84
30 16
30 19
31 0
31 49
31 54
31 99
32 32
32 60
32 72
33 6
33 41
33 76
37 7
38 47
38 89
38 97
39 21
39 41
40 3
40 70
40 75
41 16
41 35
42 65
45 35
46 28
46 75
47 13
47 47
47 70
48 4
48 87
48 97
49 19
49 61
50 40
51 0
53 35
54 9
54 65
55 85
55 89
56 52
56 71
56 78
57 23
57 58
58 26
58 44
59 98
61 28
61 63
61 84
62 1
62 20
62 36
63 12
64 59
64 79
65 9
65 71
66 43
66 89
67 49
70 96
72 16
72 78
72 85
72 94
73 6
73 37
73 43
73 69
75 21
75 49
77 35
78 40
80 16
80 47
80 56
80 87
80 91
81 2
81 29
81 98
83 63
85 70
85 84
86 64
87 13
87 97
88 3
88 43
88 55
89 26
89 93
90 22
90 34
94 0
94 76
95 5
95 65
95 85
95 91
96 22
97 16
97 49
97 97
98 35
98 41
98 58
99 28
