110
0 66
2 20
2 73
3 33
3 44
3 54
6 49
7 6
7 98
8 18
9 76
10 26
10 70
11 31
11 45
12 38
13 57
14 5
14 82
16 12
17 34
17 55
17 62
18 94
20 28
22 3
22 98
23 19
23 72
25 48
25 85
26 36
28 28
29 40
30 96
31 4
31 7
32 61
32 80
33 67
35 42
36 37
37 3
37 61
41 8
41 75
43 49
43 83
43 96
45 26
45 58
45 66
47 72
47 79
48 45
48 93
49 19
50 51
54 31
55 13
55 36
55 89
58 98
60 52
61 30
62 11
62 87
62 95
65 52
65 77
66 6
66 31
68 26
69 65
69 69
70 3
70 37
70 79
71 74
71 99
72 16
72 31
73 50
73 55
75 98
76 44
78 58
80 20
80 72
80 93
83 4
85 62
85 70
86 51
87 97
88 23
88 44
88 80
89 10
89 85
92 26
92 34
93 12
94 87
95 55
95 76
97 62
97 99
98 59
99 19
