105
0 17
0 76
1 27
2 59
2 83
4 1
5 9
5 64
7 51
7 83
9 35
9 93
11 11
11 27
11 65
12 74
13 17
13 47
13 70
14 20
17 67
19 51
19 56
20 37
21 4
21 97
22 40
24 19
24 73
24 91
25 7
25 81
26 53
28 60
29 0
31 31
32 22
32 65
32 97
33 81
35 7
35 55
35 88
35 99
36 38
36 62
40 94
43 11
44 2
45 77
46 63
48 9
48 23
50 46
52 32
52 49
52 68
55 76
55 91
56 12
56 41
58 0
58 31
59 67
60 49
60 64
60 94
62 9
64 0
64 18
65 55
66 30
66 43
68 22
68 91
69 78
71 60
72 27
72 45
73 63
73 71
77 45
80 93
81 63
83 34
84 74
85 49
86 19
86 44
86 90
87 1
87 43
90 91
91 70
92 30
92 97
93 23
94 10
94 43
96 48
97 17
97 63
97 86
97 96
99 43
