111
1 64
1 84
1 92
2 55
3 79
4 11
5 26
5 93
6 71
7 46
8 55
9 38
9 91
11 3
13 18
13 46
13 58
13 63
14 73
17 11
18 26
18 38
19 47
19 85
20 2
20 96
22 62
22 80
23 89
24 15
25 24
26 70
26 83
27 2
27 9
29 77
30 35
30 47
31 22
32 4
32 57
33 46
33 99
36 77
36 87
38 54
38 65
41 29
41 35
41 50
41 60
42 5
42 42
43 18
43 81
47 99
49 33
50 44
51 80
52 56
53 75
54 94
55 49
58 44
58 49
59 79
60 99
61 6
61 24
62 60
62 87
63 33
64 51
66 70
68 16
68 76
69 91
70 38
70 65
75 33
76 17
76 64
77 24
77 49
78 88
79 38
79 80
81 5
81 95
82 12
82 50
84 0
84 55
85 78
86 62
87 36
87 42
87 91
88 25
89 3
89 14
89 68
91 19
92 51
93 89
94 41
94 92
95 69
96 25
96 59
98 47
