104
0 91
1 47
4 43
4 67
5 10
5 97
7 20
9 74
10 83
12 40
12 46
13 11
13 69
14 52
17 21
17 86
17 93
18 30
18 62
19 15
21 24
21 65
22 3
23 36
23 75
26 81
26 95
28 32
30 9
30 17
30 40
30 65
31 26
31 92
32 5
33 80
35 62
35 75
38 55
39 26
39 68
40 85
41 11
41 46
42 19
43 98
44 30
46 90
47 73
48 11
50 29
50 58
50 82
52 49
52 67
53 18
54 2
54 92
58 79
59 30
59 95
60 14
60 72
61 65
62 48
62 91
63 22
65 38
66 43
66 84
68 11
69 49
72 53
74 43
74 74
75 50
75 67
75 83
77 89
77 96
79 6
79 24
80 17
80 58
82 83
84 37
84 90
85 48
85 57
88 6
88 62
89 17
89 37
90 69
93 1
94 24
94 59
95 48
96 9
96 75
97 82
98 62
99 89
99 99
