105
2 69
3 19
3 63
3 97
4 52
5 2
8 26
8 45
8 93
9 81
11 71
12 99
14 51
15 22
16 33
16 64
17 80
18 8
18 41
18 51
19 14
19 76
22 23
23 36
25 95
26 46
28 52
29 72
31 86
31 93
32 13
34 24
34 32
34 79
35 41
36 61
38 46
39 1
39 10
40 94
41 38
42 59
42 88
43 20
43 46
47 3
47 36
47 43
47 53
47 68
53 67
54 19
54 45
55 73
57 57
58 8
59 87
60 28
61 16
61 35
61 42
62 38
63 63
64 55
64 83
64 91
65 2
66 17
67 29
67 36
67 78
70 80
71 48
71 56
72 8
72 75
73 25
73 41
73 61
75 0
75 91
77 18
77 55
78 67
78 79
78 97
80 42
82 81
83 25
85 0
86 33
86 61
86 91
89 11
89 72
90 17
90 25
90 82
93 34
94 78
95 99
98 16
98 81
99 5
99 46
