106
0 53
4 87
6 21
7 65
8 96
9 75
10 9
12 43
13 63
14 34
14 51
15 13
15 26
15 69
20 2
20 27
21 66
21 79
22 55
23 86
25 17
25 71
26 48
27 41
27 95
30 79
31 1
31 87
33 93
34 23
34 64
34 83
35 56
36 33
36 74
37 27
39 92
40 65
41 39
42 43
42 72
43 26
43 75
44 7
45 55
47 1
47 82
47 87
47 96
49 35
49 46
49 71
51 81
53 40
54 8
55 70
55 88
57 21
59 80
59 93
60 49
61 38
61 70
63 14
63 48
64 67
65 5
65 32
65 74
67 44
69 20
69 85
70 49
70 72
71 39
73 56
75 78
77 25
77 34
77 61
78 96
79 85
81 20
81 58
84 65
84 89
85 6
85 14
86 23
86 31
86 98
87 46
87 80
89 75
89 89
91 40
92 70
94 8
95 32
96 55
96 64
96 94
97 41
97 74
99 19
99 82
