93
1 71
3 0
5 70
5 98
6 51
8 30
10 68
10 78
12 16
14 37
16 26
19 21
19 58
20 65
20 74
21 39
21 55
23 30
23 69
23 82
24 44
25 2
25 84
26 8
27 73
27 79
27 93
29 25
29 40
29 67
32 9
32 35
32 57
33 24
33 32
34 50
36 61
36 72
37 82
38 16
39 46
40 25
40 57
41 63
42 89
44 34
46 17
47 40
48 94
49 60
49 73
50 6
52 27
53 65
55 73
56 31
58 56
60 51
60 63
61 70
62 34
63 23
64 5
64 40
64 78
65 64
66 16
66 27
66 46
66 83
67 55
71 60
72 74
72 79
73 26
74 43
74 89
75 15
75 70
76 20
76 63
78 29
78 55
81 23
82 62
83 80
84 36
84 43
84 73
87 18
88 71
89 47
98 52
