109
1 47
2 36
2 86
3 13
3 67
5 54
5 77
7 20
7 98
8 28
8 44
9 58
9 65
11 72
11 95
14 45
14 89
15 52
16 0
16 81
17 29
19 42
21 24
22 18
22 59
22 63
22 71
22 81
24 5
25 99
26 49
28 68
29 33
29 79
31 90
32 5
34 14
35 95
36 58
37 25
37 83
39 35
40 7
40 75
42 29
43 17
43 79
45 60
46 51
47 6
47 93
48 67
49 26
49 56
50 33
50 40
52 84
54 47
54 72
56 21
56 57
56 89
57 27
58 13
59 96
60 7
61 79
62 38
62 48
63 2
63 91
64 21
64 85
65 31
65 62
68 44
68 95
69 36
70 76
70 86
75 56
76 17
76 25
76 73
77 9
77 80
79 38
79 88
80 19
80 63
83 12
83 57
84 85
84 90
85 41
85 69
87 96
88 47
89 54
89 78
90 7
93 79
94 57
95 30
95 44
97 15
97 55
97 79
98 23
