110
0 56
1 75
2 28
3 50
4 39
5 25
5 44
5 87
6 14
7 3
7 79
8 17
8 66
11 4
12 59
12 83
13 96
14 29
14 48
16 74
17 68
18 21
18 44
18 93
19 7
19 14
20 30
22 75
24 45
25 54
26 88
27 99
29 10
29 15
31 24
32 39
34 89
37 6
37 13
37 28
39 72
41 19
41 35
41 67
42 49
44 75
44 97
45 6
45 60
47 3
47 28
48 44
49 19
50 91
50 96
51 54
54 35
55 41
55 64
56 16
56 23
57 10
60 47
61 19
63 98
65 28
66 16
66 59
67 0
67 49
68 27
68 67
69 97
70 31
70 44
71 82
72 5
72 9
72 76
73 58
74 32
78 20
78 65
80 6
80 77
81 37
81 84
81 94
82 56
83 71
84 15
84 90
85 10
86 2
87 46
87 57
89 24
90 65
91 31
91 76
92 5
93 83
94 40
94 97
95 3
97 76
98 14
98 21
98 31
99 24
