104
0 11
0 52
0 66
1 19
1 41
1 74
1 94
2 85
3 57
6 25
7 72
8 10
9 31
9 39
10 77
12 2
13 88
15 13
16 28
16 43
16 94
17 78
19 7
19 22
20 2
21 40
22 44
23 30
24 93
26 12
26 86
30 63
33 58
34 28
34 91
34 96
35 72
36 3
37 93
39 52
39 60
40 78
42 10
42 22
43 67
44 32
44 49
44 61
45 41
45 74
46 3
46 12
46 84
47 51
47 90
49 22
49 47
51 6
51 16
53 35
55 21
56 30
57 9
57 16
57 57
58 63
58 88
60 32
60 96
61 47
61 73
65 5
65 19
65 33
68 42
70 53
71 33
72 17
74 5
74 26
74 40
75 95
77 0
78 87
78 92
79 9
79 63
81 69
82 24
82 55
83 41
84 31
84 94
86 60
87 82
89 35
90 7
91 79
91 96
94 13
97 39
97 67
97 91
98 13
