105
1 87
2 58
3 46
3 64
4 68
5 3
6 15
6 37
9 2
9 65
9 71
10 87
14 47
15 17
15 38
15 94
16 57
18 4
18 64
18 77
19 89
20 49
23 82
24 37
24 57
25 50
25 76
26 8
28 17
28 28
30 3
30 87
31 49
33 67
34 81
36 42
37 9
37 33
37 98
38 79
39 85
40 5
40 65
42 24
42 32
42 68
44 42
45 50
45 82
46 4
48 25
50 10
50 47
52 61
53 13
55 23
56 68
57 94
62 6
62 16
62 59
62 76
64 85
66 35
66 55
68 17
68 94
70 42
70 76
71 10
71 23
72 48
74 33
74 83
75 19
76 3
76 63
76 89
78 73
79 39
80 13
80 78
81 31
81 43
81 55
82 87
84 2
85 21
86 5
87 13
87 48
87 92
89 37
91 60
92 35
92 70
92 76
94 31
94 91
94 98
96 51
96 58
97 3
97 38
99 84
