108
0 3
1 11
3 70
4 62
5 22
5 89
7 8
7 49
7 56
7 61
8 33
9 30
9 74
10 2
12 70
13 9
13 20
13 50
14 42
14 61
16 99
17 85
18 40
20 21
21 45
21 66
21 81
22 28
23 75
25 96
26 22
28 55
29 31
29 59
30 9
30 86
31 35
31 80
33 53
34 5
35 15
36 84
37 66
37 80
38 31
38 42
41 6
42 26
42 34
42 90
42 98
43 15
44 56
48 69
49 31
49 36
49 65
49 75
49 94
50 7
50 27
50 84
51 21
52 1
55 38
55 50
57 72
58 16
58 64
58 80
60 22
63 8
63 44
64 1
64 91
67 14
68 25
70 54
71 32
71 44
74 62
74 75
75 15
76 59
78 39
78 52
80 5
80 72
81 88
85 2
86 60
86 76
88 14
88 28
88 49
89 54
90 5
92 96
95 20
95 27
95 35
95 45
95 60
96 99
98 8
98 70
98 85
99 53
