110
0 16
2 56
3 39
3 66
4 1
5 26
6 20
6 75
6 82
7 60
8 46
9 33
10 8
10 54
12 89
14 51
14 68
14 78
16 12
16 40
17 60
17 93
18 30
18 75
20 83
22 20
22 50
22 98
23 40
23 59
25 26
26 74
27 91
28 44
30 29
31 82
31 93
32 58
34 1
34 43
34 61
37 74
38 58
39 88
40 12
40 99
41 22
41 50
42 8
42 56
43 70
43 94
44 1
44 31
45 63
46 19
46 54
48 82
49 41
50 12
50 78
50 88
51 1
51 23
54 68
56 8
56 72
57 56
57 95
58 34
58 42
59 12
59 17
60 77
62 98
65 32
66 39
66 66
67 20
70 31
70 55
70 71
70 87
71 0
71 21
72 13
72 63
73 48
79 77
81 38
81 95
82 23
83 76
84 60
84 70
85 49
86 12
86 99
87 81
89 18
89 38
91 65
92 47
93 69
94 17
94 34
95 32
96 0
97 98
98 38
