110
0 4
0 96
2 56
2 66
2 79
3 18
5 14
7 78
10 10
11 21
11 48
12 61
12 72
13 41
15 27
16 25
16 53
17 4
17 92
18 77
20 49
21 37
21 68
21 72
21 85
24 7
25 19
25 97
26 65
27 82
28 56
29 4
29 76
30 44
31 37
31 50
32 28
33 63
34 70
36 33
36 57
36 93
37 40
38 4
39 21
39 88
41 30
43 43
44 50
44 61
45 22
46 33
46 68
46 78
48 4
49 18
49 54
49 87
50 98
51 32
51 61
54 15
55 40
55 47
55 56
56 4
58 84
59 36
59 66
60 18
60 43
62 1
62 68
62 98
63 25
63 88
66 37
66 78
67 83
68 23
68 51
69 11
69 63
70 32
72 6
75 86
75 96
76 13
76 20
76 64
79 42
79 76
82 56
84 20
84 47
85 63
86 96
88 30
88 35
88 72
89 92
91 12
92 44
93 96
94 18
94 81
97 22
98 29
98 36
98 50
