99
1 17
1 33
1 47
1 77
2 25
2 65
2 90
3 3
3 8
3 40
3 55
3 59
3 68
3 84
3 97
5 18
5 32
5 48
7 75
8 80
10 7
10 22
10 33
10 43
10 63
10 92
12 15
12 50
12 55
12 85
13 1
13 70
15 7
15 22
15 32
15 42
15 77
15 93
18 60
18 65
19 3
20 28
20 38
20 47
20 92
22 10
22 20
22 70
22 75
23 3
23 15
23 55
23 80
23 85
25 28
25 42
25 63
27 35
28 50
28 90
28 95
30 3
30 12
30 43
30 62
30 77
32 25
32 70
33 20
33 30
33 55
33 85
35 2
35 12
35 38
35 48
35 63
35 78
35 92
40 13
40 23
40 33
40 43
40 78
40 93
42 1
42 50
42 55
42 70
42 85
43 5
43 60
43 65
45 12
45 22
45 33
45 42
45 78
45 93
