108
1 73
2 0
2 36
2 57
3 88
4 23
4 44
4 80
6 52
8 16
8 36
8 61
9 52
9 81
12 24
13 33
13 95
17 7
17 57
18 66
18 88
19 18
19 35
20 46
22 24
23 11
23 87
25 17
25 73
27 31
27 51
27 96
28 3
29 26
30 58
31 13
31 89
32 43
33 8
33 22
33 63
34 35
34 94
35 54
38 1
38 78
39 22
39 63
40 12
40 36
40 46
45 34
45 62
46 42
48 85
49 21
49 74
51 6
51 43
54 67
54 94
55 34
55 49
58 40
58 59
59 89
60 12
63 45
64 9
64 58
65 31
66 3
69 36
70 74
71 4
71 86
71 98
74 8
74 26
76 31
76 39
76 54
76 62
80 19
80 66
80 75
80 97
81 28
82 85
82 90
83 46
84 6
84 9
84 61
85 22
85 69
86 54
87 1
88 91
89 74
89 80
90 61
91 14
94 96
95 23
95 88
96 56
97 47
