109
0 31
0 54
1 48
2 10
3 75
5 4
6 62
7 83
8 57
8 72
9 52
10 4
10 74
10 96
11 42
12 15
12 87
15 21
15 58
17 42
18 33
18 84
19 7
20 92
21 51
22 21
22 36
22 87
23 15
24 66
25 31
26 3
26 9
26 74
28 39
28 54
28 91
29 24
31 21
33 53
34 36
34 84
35 26
35 64
36 14
37 75
39 52
39 93
40 69
40 77
40 99
42 12
43 87
45 37
46 16
47 79
49 65
50 48
51 19
51 69
51 93
53 41
55 57
56 14
56 28
56 78
57 21
57 47
59 32
60 28
60 97
63 72
66 82
67 44
67 93
68 88
69 27
69 31
69 70
70 7
71 1
72 83
73 14
73 66
73 99
76 30
78 42
79 19
79 34
80 88
83 56
83 96
84 30
85 39
85 77
86 70
87 18
88 49
89 89
90 32
91 97
92 8
93 16
94 40
94 69
97 31
98 7
98 21
98 77
