104
2 0
2 12
2 99
3 30
4 84
5 6
5 52
7 90
8 17
9 67
11 80
11 97
12 56
13 1
13 10
14 34
14 92
16 42
17 2
17 86
19 9
19 73
24 66
25 88
26 7
26 71
27 52
30 27
31 47
31 54
31 84
32 70
32 93
33 57
34 75
35 16
35 32
35 99
36 8
38 50
39 35
40 73
41 25
42 50
42 89
45 67
46 76
47 7
47 26
47 80
50 44
50 54
52 38
53 84
53 99
54 1
54 14
54 58
57 21
57 97
58 31
58 54
59 67
61 93
63 12
63 34
65 63
67 0
67 19
67 92
68 85
69 37
69 80
70 14
71 34
72 73
73 22
73 46
73 55
73 64
75 31
75 97
76 57
77 8
78 79
79 15
79 50
80 47
82 91
83 53
84 25
85 1
85 14
87 31
87 95
90 69
92 44
93 91
94 9
95 83
96 27
97 3
97 21
98 98
