100
2 76
2 93
3 29
4 58
5 0
5 13
5 97
8 6
8 34
8 83
9 45
9 58
9 65
12 76
13 11
13 63
13 89
14 51
16 91
17 19
20 18
20 58
22 35
22 43
24 71
24 92
26 56
27 14
27 78
28 97
29 61
30 9
31 24
34 50
35 46
35 96
36 71
37 82
40 21
41 27
41 33
42 10
42 97
43 56
44 3
45 22
45 92
48 3
48 81
49 39
50 51
51 8
51 22
53 67
53 86
55 34
55 53
55 63
56 23
56 29
58 58
59 97
60 6
62 44
62 79
63 88
65 34
66 20
66 67
68 5
68 39
70 55
70 73
72 2
72 13
72 23
72 70
73 26
75 52
77 76
78 41
80 36
80 60
82 21
82 50
82 76
82 95
87 26
87 48
88 97
90 52
90 82
91 46
92 6
94 75
95 2
95 23
98 14
99 38
99 57
