110
1 13
2 2
2 43
3 20
3 33
3 75
4 91
6 5
6 79
7 27
7 97
8 45
8 61
8 68
9 36
10 2
11 14
11 20
15 25
15 36
15 60
18 24
18 93
19 7
20 29
20 65
21 56
21 81
22 1
22 48
24 4
24 79
25 14
26 89
28 22
29 77
30 41
32 4
33 13
33 37
33 57
33 64
34 2
35 24
36 9
38 18
38 33
38 70
40 85
41 47
43 61
44 51
45 4
45 11
45 87
46 25
47 31
47 43
48 3
48 17
48 59
49 10
50 28
51 64
55 49
56 43
56 79
57 24
57 84
59 7
59 63
60 72
60 98
61 18
64 14
66 20
67 3
67 63
68 28
68 78
69 13
71 46
72 66
72 94
73 89
75 51
75 58
80 32
81 52
82 4
84 15
84 26
84 42
88 45
88 67
88 78
89 88
90 4
90 27
90 35
91 54
92 14
92 96
93 48
93 59
93 89
94 12
95 7
95 83
97 21
