107
0 72
0 76
1 95
2 15
2 35
3 26
3 81
4 4
6 70
7 52
7 65
8 0
10 18
12 89
17 32
18 90
20 24
21 16
21 60
21 79
22 4
23 13
26 71
27 46
27 91
28 53
29 6
30 16
31 59
32 82
33 12
33 49
33 64
33 72
35 34
35 39
36 91
36 97
37 18
37 48
39 58
40 30
40 52
40 65
42 73
43 84
45 47
46 65
48 24
49 6
49 43
49 83
49 97
50 66
54 11
56 49
56 59
56 75
56 85
56 96
57 23
57 39
59 69
60 12
60 34
63 24
64 55
65 14
65 81
66 5
66 33
67 98
69 36
70 29
70 55
71 0
71 88
72 12
73 91
74 20
78 4
78 18
78 40
80 29
80 33
80 96
81 79
82 39
82 55
82 93
83 73
85 81
86 64
88 0
89 29
90 15
91 89
92 6
92 55
94 12
95 23
95 87
98 17
98 30
98 64
99 39
99 71
