105
0 2
1 68
2 8
2 31
2 48
2 59
3 43
4 22
4 94
6 74
7 83
8 39
9 48
11 12
11 63
12 82
14 32
14 58
15 17
15 39
17 4
18 53
19 73
19 85
20 63
23 23
23 48
24 36
24 97
27 5
27 76
28 10
28 47
30 53
30 66
31 34
31 81
32 42
32 93
36 76
36 87
37 31
38 0
39 63
41 53
42 44
43 18
43 90
44 24
45 63
47 69
49 2
49 61
50 42
51 93
52 23
52 80
53 5
56 1
57 15
57 66
57 72
58 33
61 58
61 85
62 43
63 64
63 93
64 14
64 25
64 77
66 2
66 31
67 8
68 85
69 96
70 64
70 90
72 48
73 79
74 33
74 42
75 68
75 99
76 88
77 82
81 19
82 27
82 34
82 47
86 63
88 51
88 76
89 6
89 21
89 92
91 41
91 80
94 9
94 94
95 34
95 39
96 25
98 52
99 77
