105
0 46
1 8
1 90
2 75
3 93
4 13
5 67
7 3
7 54
7 76
8 25
8 46
8 84
9 27
10 95
11 9
12 72
14 14
15 29
16 80
18 48
18 56
18 86
19 27
20 35
20 66
25 22
27 66
27 85
28 74
29 7
29 15
30 97
31 20
31 69
32 52
33 28
33 61
34 87
35 2
35 10
35 81
37 30
38 53
42 8
42 62
43 97
44 19
45 41
46 14
46 35
46 52
47 98
49 46
51 26
51 76
51 82
52 59
54 7
56 83
57 12
57 74
58 66
60 29
61 50
63 62
63 78
66 41
66 56
66 95
68 30
69 19
70 12
70 97
71 1
72 25
73 82
74 62
74 74
77 30
78 3
78 54
80 12
81 48
82 19
83 60
84 37
84 82
86 69
86 93
87 24
87 55
90 39
91 63
91 80
92 7
92 11
93 34
93 73
95 45
96 67
96 96
97 18
98 7
99 80
