105
0 44
0 58
1 19
2 37
3 72
3 79
5 61
7 38
9 55
10 8
11 81
12 34
15 25
15 91
16 4
16 75
16 98
17 35
17 46
18 21
18 69
19 83
20 94
22 17
22 49
24 33
25 1
25 9
25 41
25 62
28 56
28 87
29 46
30 70
31 38
31 66
33 15
33 19
34 5
34 46
35 10
36 90
37 23
37 69
37 79
40 10
40 63
41 57
43 28
43 75
44 92
48 81
50 53
51 94
52 37
52 71
53 8
54 43
54 80
59 25
59 48
59 60
60 18
61 88
63 0
63 16
63 64
63 73
65 56
66 5
68 31
68 81
69 50
72 33
72 84
72 95
75 90
76 48
76 71
77 83
79 2
79 78
80 26
80 98
82 17
82 89
85 84
86 34
86 45
86 55
87 31
88 78
89 19
89 73
89 90
90 8
91 49
92 29
93 60
93 98
94 22
96 66
98 11
98 36
98 53
