108
0 23
2 17
2 54
2 60
2 73
3 0
4 31
4 85
5 39
7 9
8 45
8 66
9 95
11 38
13 81
14 61
16 4
16 43
16 74
18 10
18 65
19 31
19 79
19 85
23 3
23 40
25 50
26 59
27 15
27 33
27 84
29 8
29 47
29 78
29 94
30 52
31 26
31 70
33 20
35 91
36 7
37 77
38 39
39 60
39 96
39 98
40 3
42 26
44 41
44 83
45 15
46 6
46 68
46 89
47 59
49 79
50 86
50 94
53 32
54 23
54 59
57 66
58 33
58 45
59 74
60 49
61 3
61 91
62 11
64 28
64 82
65 47
65 99
66 1
66 63
67 5
68 37
69 14
69 82
70 22
73 40
74 34
75 13
76 3
76 19
78 36
78 59
80 68
80 88
81 93
82 74
83 11
83 39
83 98
84 81
85 3
86 49
88 4
88 58
88 67
91 2
92 60
93 69
94 14
94 97
95 50
98 31
98 80
