103
0 64
2 57
2 91
3 10
6 37
6 85
7 13
8 3
8 20
10 66
10 77
11 26
12 55
12 83
13 42
14 17
14 69
16 30
17 60
17 95
18 6
20 48
21 23
23 0
23 15
24 42
26 59
26 96
27 71
28 44
28 49
28 80
29 30
30 61
31 16
32 7
34 22
34 66
34 97
36 81
36 89
37 38
38 45
41 34
41 65
42 9
42 99
43 61
44 18
45 3
45 71
48 3
48 86
50 65
51 49
52 12
52 56
52 83
53 41
54 7
55 22
55 94
58 11
58 49
60 81
61 66
62 39
63 26
65 15
69 38
70 76
71 12
72 45
72 81
72 86
74 28
74 94
75 34
77 47
78 80
79 15
80 10
82 72
83 26
83 90
85 1
86 48
86 57
87 40
88 77
89 22
90 19
90 64
92 32
94 9
94 50
95 71
95 86
96 21
98 37
98 67
98 96
99 79
