116
0 0
0 30
1 72
1 76
2 24
3 18
4 58
4 87
5 12
6 43
7 48
7 94
8 4
8 80
11 26
11 72
12 12
12 33
12 91
13 39
13 45
13 68
14 60
17 15
17 86
17 91
17 97
18 24
19 10
20 50
20 57
23 9
25 5
25 92
26 19
26 58
27 27
27 32
29 85
30 23
31 17
31 48
32 39
32 55
32 80
34 26
35 91
36 65
37 4
38 0
39 73
41 22
41 40
41 52
43 87
44 27
47 77
47 98
48 53
49 16
49 36
50 65
51 0
51 74
52 10
52 22
52 81
52 92
54 96
55 64
56 68
57 8
57 30
59 8
60 68
61 47
61 88
63 32
63 79
64 23
66 69
68 5
68 52
69 42
69 94
71 17
71 23
71 30
74 18
74 43
75 67
75 98
78 16
78 95
80 3
81 76
82 56
82 62
83 46
85 97
86 11
86 69
88 92
89 25
89 78
90 37
90 49
91 60
95 79
96 33
97 66
97 72
98 5
98 38
99 26
99 50
