112
1 14
1 80
1 84
2 23
2 54
2 98
4 10
4 70
4 91
5 48
7 80
8 37
10 18
11 32
11 48
11 60
11 94
12 3
12 25
14 11
14 44
14 66
17 15
17 86
19 32
20 76
20 96
21 41
22 53
23 64
24 80
24 87
27 95
28 26
29 40
30 60
30 67
31 15
31 48
32 28
33 80
34 15
35 9
35 48
35 73
37 25
37 63
38 68
39 36
39 98
40 64
40 81
40 90
41 75
43 98
44 93
46 40
47 51
48 33
49 7
49 22
49 45
49 67
50 11
50 84
51 71
53 54
54 5
54 88
59 30
61 83
63 71
65 32
65 45
65 53
66 91
67 1
68 51
68 79
69 34
70 99
71 9
72 69
74 28
75 42
76 76
76 89
77 95
78 62
79 16
79 21
79 36
80 46
81 57
82 31
83 8
84 62
84 70
88 17
88 90
89 9
90 0
90 48
91 74
92 97
93 27
95 13
96 22
97 58
97 94
99 50
99 81
