105
1 18
2 45
3 8
4 28
5 49
5 89
6 61
9 9
10 69
10 87
12 79
15 50
16 94
18 33
20 10
23 27
23 58
24 65
24 75
25 9
25 47
27 4
29 42
29 80
31 9
31 16
31 23
34 66
34 94
36 43
36 57
36 79
37 3
37 22
37 87
38 12
39 75
39 97
41 52
43 64
44 8
46 38
48 12
48 16
48 25
49 0
49 42
49 79
51 88
52 31
52 61
54 5
54 47
54 97
57 52
57 70
58 25
58 76
59 9
59 41
60 3
61 67
62 32
64 50
66 21
66 76
67 86
69 20
69 34
70 52
70 56
71 1
71 67
73 56
73 80
74 91
74 97
75 49
76 12
76 28
77 76
79 41
79 61
80 54
81 20
82 97
83 66
85 87
86 74
87 42
88 47
88 52
89 18
90 10
92 89
93 27
94 25
94 57
95 47
95 62
95 68
96 1
96 77
98 12
99 41
