111
0 89
1 4
2 66
3 51
4 25
4 33
4 73
5 94
7 5
7 46
7 86
8 11
8 21
8 57
12 33
12 72
13 50
13 80
14 43
14 96
15 89
19 9
19 25
19 41
20 61
22 13
22 48
23 6
26 28
26 73
27 0
28 37
29 68
30 60
30 82
31 48
31 54
33 23
33 40
34 88
35 60
38 15
38 30
39 69
40 57
41 3
41 26
42 5
42 35
42 55
42 68
46 99
47 13
48 47
50 3
50 90
51 35
51 67
52 56
53 80
54 22
55 72
56 35
56 64
58 70
59 90
61 6
63 40
63 94
65 46
67 34
67 66
67 75
69 49
70 12
70 16
72 98
73 54
73 91
74 46
74 59
75 30
76 74
78 16
80 46
81 31
81 75
82 20
82 69
85 51
85 91
86 10
87 20
87 86
88 15
88 66
89 58
89 97
90 71
90 80
91 4
93 87
94 68
95 42
96 53
97 7
97 14
97 48
97 97
99 22
99 65
