111
1 75
2 10
3 54
4 17
4 44
4 63
4 76
4 99
5 30
8 23
9 3
10 14
14 61
14 93
15 29
16 13
16 22
17 52
19 34
19 58
19 68
22 8
22 72
25 45
25 55
25 67
25 97
26 33
28 71
28 76
29 28
29 37
30 19
30 87
31 5
33 34
33 51
34 16
34 83
36 44
36 49
37 61
38 6
40 85
41 93
42 28
42 52
43 39
44 45
44 61
46 84
46 96
49 37
49 77
49 92
53 46
54 30
56 72
56 85
57 59
57 92
59 46
60 34
60 51
61 3
61 13
62 84
64 21
64 56
65 8
66 25
67 44
67 71
67 93
68 38
69 16
69 85
71 9
72 2
72 48
72 55
73 73
74 88
75 69
76 21
76 41
76 49
77 8
78 12
78 60
78 94
79 32
83 0
84 49
85 68
88 13
88 35
89 84
90 26
91 92
93 39
94 73
95 14
96 21
96 27
96 68
96 89
97 48
97 60
98 3
98 85
