111
0 36
0 57
0 64
1 0
1 94
3 22
4 88
6 1
6 85
9 21
9 99
10 14
11 51
13 76
14 4
15 37
16 85
17 49
17 56
17 91
18 21
20 11
20 38
20 77
22 55
25 24
26 74
26 97
27 45
27 76
29 34
32 60
32 93
33 26
34 9
34 42
34 74
34 78
34 89
35 1
36 30
36 98
37 63
39 40
39 46
40 15
43 58
44 0
44 39
44 73
46 81
47 13
48 87
49 32
49 43
50 38
51 17
52 56
53 68
53 72
53 99
54 26
55 46
56 15
56 91
60 9
60 31
60 95
62 79
63 19
63 49
63 64
66 4
68 54
68 69
70 28
70 49
70 64
71 96
72 67
72 92
73 3
73 83
75 9
75 77
76 55
77 23
78 36
78 61
81 70
81 94
83 15
84 56
87 12
87 72
87 77
88 51
90 35
91 53
91 95
92 2
94 24
96 1
96 33
96 42
96 52
96 70
97 61
98 46
98 79
99 64
