111
0 11
0 67
1 1
1 92
2 82
3 43
4 19
4 67
5 49
5 87
6 36
6 55
9 10
10 16
10 22
10 45
10 62
10 79
13 5
13 80
14 27
15 88
15 98
17 70
18 20
18 39
18 47
20 3
20 49
20 56
20 78
23 2
23 32
24 68
26 87
28 7
31 1
31 12
31 63
31 80
32 52
33 37
36 45
38 87
40 33
41 8
42 15
42 50
42 79
43 39
44 44
44 70
45 95
46 89
47 6
48 52
49 82
50 40
51 26
52 88
53 33
54 14
54 98
56 46
57 56
58 75
59 25
60 13
60 97
61 84
62 46
64 62
64 76
65 19
66 4
66 38
66 59
68 66
68 86
70 11
71 53
72 18
72 96
73 30
74 82
76 99
78 57
78 64
78 90
79 4
80 15
81 43
85 0
85 93
86 5
86 98
87 38
87 58
88 77
90 17
90 48
92 98
93 4
93 35
93 53
93 82
95 10
95 45
97 74
98 5
99 65
