108
1 15
2 78
2 86
3 68
5 24
6 29
9 8
9 86
10 20
11 81
12 32
12 68
13 46
14 3
14 97
15 75
16 17
16 54
17 42
19 31
20 50
23 9
23 68
24 2
24 33
24 56
25 22
26 27
27 77
27 92
29 65
31 96
32 15
32 51
32 95
34 29
35 63
36 44
37 77
37 88
38 15
39 26
40 92
41 98
42 81
43 73
45 59
46 12
46 28
46 54
46 88
47 66
48 18
51 0
51 41
51 85
54 10
55 16
55 76
56 23
56 56
57 37
57 48
60 89
61 25
61 73
62 32
64 12
65 3
65 86
67 18
67 38
68 7
68 65
69 23
69 48
70 56
70 83
71 97
73 37
76 16
76 41
76 66
77 47
79 24
79 89
80 96
82 3
83 67
83 88
84 41
85 75
88 8
88 53
88 95
89 16
89 83
90 68
91 23
92 44
92 87
92 94
93 81
95 37
96 16
97 23
97 45
97 76
