112
1 6
3 25
4 67
5 76
6 30
6 58
7 14
8 5
9 23
9 88
11 19
11 49
12 62
12 71
13 56
14 1
15 12
16 65
18 5
18 95
20 38
20 47
20 79
21 31
22 87
24 4
24 66
24 73
26 70
26 99
27 26
27 42
27 56
27 79
30 83
30 88
31 28
33 11
33 40
33 58
35 22
35 72
36 80
36 96
37 48
38 14
38 84
39 7
40 36
41 42
41 51
41 65
42 60
44 97
46 48
47 7
47 27
47 37
47 76
47 81
49 18
50 38
50 83
52 55
52 75
53 61
54 10
54 42
54 90
55 4
56 96
58 19
60 29
60 35
60 73
60 89
61 49
62 7
65 92
66 87
68 73
68 98
70 36
70 91
71 60
72 78
74 9
76 44
77 58
77 72
77 82
78 25
78 31
79 35
80 68
81 32
81 89
83 3
84 94
86 42
86 56
86 67
86 76
88 85
90 52
93 18
93 76
94 36
94 46
94 91
97 87
98 80
