100
2 2
3 46
4 34
5 7
5 29
6 39
8 16
9 9
10 26
10 49
10 95
11 85
14 12
15 27
16 3
16 19
16 90
18 71
20 26
20 84
21 10
21 56
23 2
24 39
24 74
26 83
27 19
28 27
28 50
28 97
29 10
31 56
32 43
32 68
33 17
34 2
36 98
38 35
39 43
39 65
41 77
42 27
43 7
44 69
45 46
45 61
46 16
47 97
48 32
50 9
51 15
51 55
51 98
52 35
52 87
55 25
55 77
58 18
58 51
58 98
60 31
60 75
61 6
61 47
62 96
64 41
64 87
66 35
66 67
67 16
67 92
68 76
70 17
70 54
71 45
74 18
75 80
77 62
78 89
79 16
80 56
81 39
81 66
83 12
84 83
85 3
85 27
88 71
89 44
90 59
92 9
92 51
93 4
94 15
94 22
94 41
94 66
96 80
98 14
98 68
