106
1 30
2 35
2 83
3 52
4 17
4 93
5 96
8 37
9 31
9 72
9 78
12 66
13 38
13 45
14 22
14 75
14 91
16 58
17 2
19 77
20 18
21 57
21 89
21 94
22 9
22 63
23 84
26 1
26 33
26 87
27 27
27 72
29 46
30 52
31 95
32 10
32 66
35 37
37 14
37 47
38 4
39 60
40 29
41 0
41 70
42 47
43 25
43 38
44 11
46 19
47 50
47 54
48 66
51 44
52 16
52 33
53 23
53 74
54 84
54 99
55 90
56 7
56 42
57 47
58 70
62 36
65 84
66 26
66 64
67 54
69 72
69 92
70 2
70 36
70 83
72 11
72 19
72 48
72 58
74 75
76 28
77 11
77 92
80 44
81 65
81 89
82 36
83 31
83 74
84 98
86 0
86 54
86 70
87 78
88 10
88 37
88 67
91 89
92 16
92 46
92 80
93 29
93 58
97 5
97 59
98 29
