113
1 11
1 24
2 37
3 14
3 64
4 43
5 30
5 48
6 81
11 13
11 78
12 92
13 7
13 20
13 54
13 69
14 48
14 89
15 28
18 13
19 67
19 75
20 24
20 94
22 15
25 3
26 47
26 82
27 22
27 33
27 54
29 92
30 11
32 77
33 20
33 64
33 95
34 60
35 88
36 3
38 43
40 30
40 47
40 56
41 78
42 6
42 22
43 12
43 70
44 40
44 73
44 91
45 98
46 1
46 5
47 36
49 49
49 60
50 74
50 89
51 4
51 85
53 30
54 36
54 52
55 9
55 99
57 14
57 40
57 66
61 72
62 29
63 0
63 35
63 95
67 12
67 60
69 36
70 26
70 81
72 96
73 26
75 3
75 70
75 86
76 15
77 63
78 92
79 38
80 49
80 96
81 14
81 22
82 72
83 7
84 28
84 96
87 44
87 53
89 15
91 25
92 46
93 32
93 42
93 76
94 1
94 52
94 88
95 58
96 10
97 72
98 83
99 22
