113
1 22
2 46
2 66
2 90
3 6
3 50
4 95
6 20
6 58
7 12
8 27
8 68
10 55
10 84
11 71
12 14
12 22
14 32
16 48
17 13
17 89
18 35
18 43
18 79
19 61
19 70
21 93
23 24
23 49
24 15
24 62
26 87
28 32
28 93
30 3
31 9
31 27
31 45
31 56
31 64
32 39
34 53
35 92
36 30
37 12
39 20
40 65
40 83
41 2
43 47
43 76
43 90
44 38
44 64
44 86
49 7
49 55
50 39
50 52
52 58
52 64
52 96
53 71
56 22
56 44
57 85
58 13
58 76
59 31
59 54
60 3
61 44
61 92
63 35
63 99
64 65
65 61
66 72
67 16
67 79
68 78
69 6
69 34
72 47
73 75
74 28
74 65
75 95
77 69
78 53
78 99
79 0
82 29
82 41
84 54
84 81
85 23
85 58
85 91
87 37
90 70
91 16
92 42
93 48
93 81
94 22
94 95
95 33
95 39
96 57
96 68
98 16
98 79
