108
0 41
1 29
2 19
2 54
3 87
6 10
7 22
7 51
9 67
9 89
11 26
13 30
13 49
13 95
15 55
15 74
16 99
19 7
19 60
20 2
20 90
20 97
21 39
21 52
22 82
23 70
24 38
24 94
26 1
26 31
26 49
27 92
28 68
28 77
29 11
29 19
31 38
33 63
34 87
36 6
36 29
36 57
37 17
40 38
40 87
41 9
42 31
43 25
43 92
45 63
46 44
47 8
47 55
47 75
49 0
49 14
50 52
51 29
51 62
52 99
53 39
56 73
57 47
58 35
58 67
59 10
60 94
61 58
61 87
62 16
64 41
64 88
65 69
66 83
67 55
69 32
69 80
70 2
72 46
72 55
72 94
74 5
75 10
75 14
75 23
75 32
75 71
76 81
79 66
81 0
81 23
82 81
83 91
84 12
84 46
84 59
86 67
89 77
90 26
90 31
91 40
91 88
92 50
92 98
96 2
98 52
98 65
98 76
