108
0 58
2 43
3 4
3 89
4 30
4 47
4 74
5 95
6 54
7 11
7 42
7 86
9 20
10 3
10 59
10 83
14 9
15 17
15 55
16 69
16 95
17 46
17 77
18 9
22 1
22 6
24 70
24 86
25 33
26 49
27 25
27 71
29 14
29 80
31 52
31 60
31 86
32 45
33 95
35 13
36 4
36 77
37 34
41 14
41 51
41 59
42 24
43 89
44 77
46 50
47 31
47 83
48 11
49 23
50 41
51 67
51 80
52 48
53 74
53 88
55 11
55 22
55 62
58 43
59 15
60 22
61 79
61 85
62 7
63 59
63 69
63 97
64 26
68 54
69 2
69 60
69 97
71 36
72 30
72 81
73 55
75 95
76 77
77 6
77 35
80 19
81 60
81 97
82 12
82 91
83 2
84 83
85 4
85 24
85 50
85 72
86 47
86 57
89 88
90 37
91 27
93 84
94 59
95 20
96 4
97 44
97 70
99 97
