99
1 86
2 3
3 18
4 33
4 75
5 65
5 93
6 38
6 43
9 55
9 79
13 34
14 21
14 26
14 94
15 3
17 65
18 55
18 81
19 39
20 19
20 44
24 51
24 58
24 61
24 82
28 3
28 24
31 59
32 11
32 72
33 97
35 67
35 79
37 42
37 54
39 27
40 64
40 92
41 30
41 35
42 18
42 70
43 85
44 2
44 44
48 6
48 28
50 50
52 4
52 75
52 84
53 18
54 11
54 14
54 50
54 67
56 23
56 86
57 71
58 3
61 95
62 54
63 89
66 47
67 12
67 40
67 58
67 73
68 3
68 99
71 9
71 25
73 38
73 81
76 49
76 97
77 85
79 19
79 62
82 32
82 67
82 75
83 40
83 47
84 20
84 98
85 2
89 32
89 85
91 3
92 69
93 52
93 80
95 34
95 58
96 12
98 93
99 19
