111
0 10
0 50
0 83
2 19
2 43
3 98
5 77
6 39
7 2
7 23
8 52
11 14
12 23
14 8
14 60
15 43
17 50
17 84
18 66
20 14
20 24
22 29
22 91
23 61
26 74
27 7
28 48
29 60
31 86
32 18
32 40
32 55
32 76
35 12
37 52
37 71
39 21
40 9
40 17
40 94
41 37
41 45
43 1
43 53
44 4
44 83
46 68
46 93
49 19
50 46
52 49
52 66
52 97
53 3
55 14
56 77
58 2
59 61
60 28
61 18
61 54
62 82
62 92
63 38
64 97
67 1
67 12
67 92
68 23
68 70
71 99
72 6
72 49
73 60
73 73
73 85
74 22
74 36
76 12
76 18
76 75
76 91
77 48
78 34
80 2
80 29
80 64
82 56
82 70
82 94
84 41
86 29
86 48
88 14
88 61
88 82
89 5
89 24
90 56
91 76
91 89
91 97
93 34
94 71
95 47
96 17
96 67
96 90
98 27
98 52
98 81
