113
0 48
2 37
2 93
3 5
3 30
3 59
3 88
5 51
5 73
6 82
6 93
7 42
8 8
8 66
12 36
12 82
13 43
15 7
16 27
17 73
18 0
18 49
18 83
19 42
22 13
22 75
22 94
23 62
24 82
25 98
26 29
27 1
28 10
28 33
32 15
32 88
34 20
34 42
35 30
35 77
35 83
36 0
36 57
37 46
39 9
41 50
41 94
42 65
42 88
43 17
43 38
43 71
44 12
45 56
46 81
48 28
48 86
48 94
49 18
49 47
51 39
52 43
52 51
52 86
53 5
53 70
54 14
57 98
58 58
60 27
60 38
60 51
60 74
62 2
63 9
65 87
68 96
70 44
70 54
70 64
70 91
71 16
73 73
73 97
74 41
76 4
76 31
76 65
78 34
79 18
80 79
81 97
82 52
82 88
83 10
83 38
84 0
85 80
86 49
87 18
87 70
88 11
88 61
88 95
89 86
92 56
93 40
95 49
95 69
96 89
97 25
97 76
98 96
