108
0 2
2 36
3 10
3 69
3 77
3 97
5 23
10 1
10 37
10 54
10 63
14 70
14 78
15 31
15 95
16 42
16 64
17 58
18 89
20 23
21 29
22 42
22 69
23 1
23 85
24 76
25 61
26 5
26 36
26 90
29 15
30 39
32 59
34 23
34 32
34 71
35 10
35 93
37 52
37 86
39 24
39 37
39 61
39 78
40 66
43 11
44 79
47 47
47 61
47 73
49 16
49 94
50 10
50 53
50 65
51 83
53 28
53 60
54 19
55 26
56 97
57 17
58 4
58 38
59 46
59 54
62 81
62 87
64 22
65 57
66 78
66 92
68 72
70 9
70 29
70 41
71 16
71 84
74 34
75 75
76 27
78 0
78 20
79 96
80 38
81 44
81 60
85 32
85 37
86 56
88 4
88 21
88 68
88 87
89 95
90 79
91 40
92 99
93 53
93 73
94 0
94 24
95 32
95 89
96 9
96 17
97 95
99 30
