103
1 31
1 73
3 5
3 13
4 58
4 78
6 61
7 40
8 82
10 13
10 29
11 23
11 97
13 79
16 48
16 62
18 57
19 10
19 24
19 32
19 90
20 41
20 65
21 97
22 28
25 49
26 4
26 89
27 60
30 74
31 9
32 42
33 59
33 67
34 97
35 26
35 79
37 12
37 21
37 51
39 85
42 2
42 48
43 70
44 58
44 93
45 24
45 79
46 65
49 74
50 83
50 92
51 2
52 33
53 69
54 48
57 42
58 6
61 81
63 17
63 98
65 91
66 10
66 47
66 54
66 63
69 96
70 78
71 56
72 15
72 26
72 38
73 65
74 1
74 35
75 82
78 45
78 90
79 17
79 89
80 6
81 13
81 51
81 65
82 83
84 32
84 97
85 25
85 91
88 9
88 19
89 42
90 17
91 73
92 88
95 31
95 54
96 8
96 65
97 23
97 46
97 87
98 93
