106
0 58
1 53
2 33
2 89
3 79
4 9
4 44
5 0
5 39
7 15
7 55
9 99
10 4
10 28
10 85
11 58
12 20
14 66
15 91
16 6
16 61
16 98
17 35
17 51
18 27
21 87
22 16
22 60
25 52
26 73
28 82
29 2
29 59
32 16
32 23
33 33
33 97
34 8
34 46
36 37
37 52
39 13
41 67
43 23
44 38
44 75
46 52
47 63
48 12
49 47
50 89
51 18
51 54
51 72
54 96
55 43
57 29
57 74
59 56
60 43
61 3
61 14
61 31
62 66
62 93
63 7
66 84
68 43
68 59
69 96
70 2
70 28
72 87
73 12
73 76
74 9
74 61
75 51
77 25
77 45
78 84
79 31
80 12
80 93
81 21
83 44
83 62
83 71
86 14
86 40
86 52
87 84
89 2
89 32
89 87
90 22
90 49
90 75
92 9
93 75
94 64
94 82
95 89
96 8
99 19
99 63
