109
0 96
1 21
1 39
1 62
1 89
2 7
2 8
3 47
4 85
6 39
8 17
8 88
9 47
10 96
11 59
12 27
12 81
13 7
15 64
16 13
16 29
16 51
19 73
20 3
20 94
22 46
23 78
24 15
24 37
25 59
26 7
27 92
28 87
29 29
29 48
29 54
33 2
33 77
35 22
35 37
37 97
38 41
39 56
39 86
40 26
40 49
40 71
42 19
42 66
45 85
46 72
47 24
48 1
51 49
51 70
51 99
52 6
52 31
54 18
55 77
55 87
55 94
57 35
58 55
58 65
61 7
62 39
62 47
62 68
62 90
63 20
63 74
65 26
66 2
66 82
68 35
70 15
71 20
71 49
71 96
75 66
76 30
77 69
77 78
78 89
80 94
81 6
81 14
81 48
82 29
83 65
83 79
84 56
84 83
87 41
88 53
88 88
89 16
89 32
90 4
90 78
93 82
94 60
95 4
95 66
96 78
96 97
97 28
97 49
