109
0 13
1 28
2 60
3 69
4 1
4 29
5 22
5 45
5 73
6 87
7 2
7 15
7 57
9 94
10 51
11 12
11 74
12 21
14 7
14 81
16 98
17 75
18 37
19 7
20 27
20 61
20 94
22 12
22 41
22 80
23 20
24 44
27 3
27 65
27 88
28 77
29 18
30 46
31 8
31 90
33 24
34 31
34 83
35 61
36 71
37 39
38 65
42 3
42 12
42 74
43 35
43 92
44 6
45 59
47 39
47 53
47 81
48 73
49 20
50 11
52 96
54 22
54 47
56 12
57 30
57 87
59 4
60 37
61 64
61 73
63 85
64 11
64 49
69 34
69 64
69 69
70 6
71 93
72 25
73 1
74 64
75 88
76 9
76 84
78 26
78 59
79 35
80 3
80 76
81 6
81 98
83 50
84 63
84 87
85 22
85 35
86 43
86 59
86 76
89 9
89 27
90 81
90 99
92 67
93 44
95 82
96 58
98 15
99 2
