106
1 17
2 66
2 82
3 28
3 38
3 73
4 12
6 67
10 9
10 50
10 89
12 60
13 0
14 73
14 87
17 15
17 46
18 97
19 25
21 33
22 79
23 19
23 61
23 68
24 13
24 45
24 50
27 2
28 30
28 86
29 18
31 59
31 71
33 13
33 40
33 94
34 47
34 69
34 87
36 3
36 75
38 34
39 68
39 81
40 29
40 91
41 86
43 15
43 73
44 38
45 1
45 23
45 59
45 77
49 50
50 33
51 41
52 20
53 96
55 6
56 19
56 53
58 30
58 38
58 44
58 80
59 91
61 62
62 12
64 39
65 2
66 29
66 65
66 93
67 9
69 54
72 62
74 26
75 56
75 96
76 73
76 88
79 3
79 92
80 31
81 67
83 95
84 41
86 50
86 64
87 13
87 29
88 5
88 21
88 70
89 57
89 84
90 79
92 26
93 88
95 5
95 48
95 62
97 83
97 98
98 67
