99
0 3
0 12
0 27
0 36
0 45
0 57
0 68
0 93
2 20
2 75
2 85
3 80
5 12
5 58
5 68
7 5
7 35
7 45
7 50
7 90
8 0
8 25
8 30
8 40
8 95
10 18
10 72
10 83
12 10
12 65
13 55
13 60
15 18
15 28
15 38
15 78
15 87
17 0
17 5
17 45
17 50
17 70
18 95
20 37
20 62
20 83
22 15
22 20
22 25
22 30
22 55
23 10
23 75
23 90
25 37
25 48
25 62
25 82
27 5
27 70
28 0
28 95
30 13
30 23
30 33
30 43
30 52
30 63
30 77
30 87
49 2
49 13
49 22
49 32
49 42
70 3
70 13
70 23
70 33
70 43
70 53
70 63
70 72
70 83
70 92
74 49
75 74
76 1
80 4
80 43
81 32
82 18
88 5
88 18
93 45
94 18
94 41
95 10
95 33
