104
0 85
0 93
2 51
3 72
4 8
5 19
5 31
6 95
7 84
9 75
9 92
10 5
10 50
10 67
12 21
13 13
13 42
13 90
16 35
18 73
19 60
20 7
24 54
25 98
27 19
27 28
27 35
29 67
29 82
30 23
32 60
33 45
34 17
35 6
35 74
35 84
36 34
37 25
38 90
40 15
40 98
42 64
44 80
45 15
45 38
45 73
45 85
46 25
46 90
48 5
48 8
48 42
48 56
49 26
51 95
52 50
53 64
53 81
55 15
55 54
58 34
59 97
61 21
61 94
62 60
63 12
63 44
63 55
63 88
64 4
66 49
69 28
69 62
70 9
71 86
73 23
74 78
75 47
75 72
76 33
76 40
77 56
77 64
78 10
80 6
80 21
81 1
84 21
85 62
85 86
87 54
88 2
88 81
89 18
90 65
90 78
91 91
94 72
95 5
96 28
96 82
96 96
98 53
99 57
