104
2 5
2 34
2 46
3 10
3 97
4 69
5 52
6 77
9 12
10 19
10 28
10 52
10 62
11 86
12 4
14 82
16 55
17 65
18 7
18 35
19 79
22 98
24 17
24 88
25 23
26 63
27 37
28 51
28 79
28 84
29 91
31 22
32 40
32 61
33 8
33 75
34 50
35 55
36 36
37 11
38 28
39 92
40 71
41 16
41 46
42 49
44 56
45 46
46 8
47 29
47 98
48 75
50 19
52 70
55 40
55 52
55 57
57 47
57 83
59 33
60 77
61 23
61 97
64 36
65 29
65 61
66 46
66 76
67 4
67 91
68 22
68 53
70 64
71 67
71 77
71 91
74 4
75 13
76 26
76 33
77 2
78 91
79 50
80 36
83 18
83 27
83 47
84 61
84 86
85 74
86 22
87 36
90 71
91 80
91 86
92 25
93 47
93 97
97 23
98 7
99 42
99 69
99 79
99 89
