105
0 11
1 4
1 36
2 93
4 2
5 62
6 23
6 43
6 82
8 52
9 9
9 33
11 65
12 56
12 75
12 83
12 91
13 17
15 38
16 7
17 99
18 26
19 81
20 14
20 89
21 35
21 68
23 7
24 97
25 55
26 41
26 79
29 22
30 7
31 30
33 20
33 97
34 86
39 4
39 25
39 47
39 96
40 66
41 84
42 58
43 35
43 90
44 18
47 12
47 30
48 85
49 5
50 50
50 79
51 15
53 92
54 70
55 20
55 98
58 50
60 26
61 65
62 57
64 53
65 33
65 74
67 20
68 31
68 95
69 97
72 3
74 38
74 75
76 50
76 88
77 9
77 15
77 82
79 95
80 0
80 36
81 23
81 59
82 71
83 29
83 67
83 86
85 6
85 50
87 22
87 38
88 1
89 13
89 28
90 36
90 65
90 92
93 7
93 87
94 70
95 65
96 23
96 47
97 14
99 60
