108
1 42
2 94
3 45
3 69
3 80
5 88
6 27
8 84
9 61
10 38
12 34
14 9
14 51
16 23
17 17
17 45
17 57
17 68
17 98
18 30
18 75
20 47
22 82
22 90
24 41
27 3
27 9
27 20
28 37
28 70
28 87
32 51
32 81
33 19
33 61
35 26
36 6
38 49
39 93
40 13
40 76
41 64
42 25
42 33
43 73
44 56
44 68
45 87
46 18
49 34
49 90
50 51
51 24
51 57
52 29
54 73
55 7
56 14
56 44
57 61
58 36
58 82
59 70
60 28
62 7
62 97
64 86
65 49
66 64
66 74
68 2
68 56
69 14
69 43
69 81
70 96
72 51
73 91
75 18
75 68
75 74
76 35
77 99
78 18
78 23
78 62
79 9
80 40
82 91
83 83
84 8
84 48
86 23
86 59
87 52
88 47
89 2
89 28
89 74
91 42
93 95
94 1
97 14
97 45
97 56
97 68
97 79
97 90
