114
0 18
1 78
2 6
2 40
2 45
2 52
3 69
4 14
5 29
5 37
5 59
7 13
7 88
9 0
9 34
9 65
10 44
13 52
14 40
16 31
16 89
19 42
20 48
20 76
20 93
23 19
23 31
25 0
26 73
27 21
28 87
29 94
31 49
32 21
33 7
34 61
34 68
35 50
37 8
37 81
38 20
38 55
39 28
39 34
39 45
39 67
39 88
40 40
42 21
44 15
45 2
45 62
47 52
48 67
49 41
49 58
49 72
50 45
50 96
52 6
52 32
53 22
54 12
55 49
57 21
57 61
57 82
58 5
59 2
60 94
62 8
62 70
62 81
63 29
63 37
65 45
65 84
66 50
68 38
69 28
69 71
70 10
70 59
71 65
72 30
74 9
75 74
75 80
76 0
78 48
80 24
80 87
81 58
82 82
84 5
84 44
84 74
86 50
87 32
87 68
88 3
88 85
88 98
90 9
92 36
92 54
92 72
93 93
95 13
95 44
95 78
98 2
99 34
99 56
