111
0 64
2 60
3 38
3 49
4 12
4 43
8 83
10 1
11 13
11 68
13 41
13 55
13 99
14 7
15 68
15 85
17 33
19 15
19 74
21 81
22 24
22 46
23 98
24 9
24 34
24 74
26 93
27 22
27 54
28 10
28 69
30 39
30 47
31 13
32 71
33 93
34 98
36 10
36 68
36 82
38 92
39 53
40 24
40 34
40 60
41 85
42 98
45 19
46 1
46 11
46 69
47 34
49 91
51 25
51 38
51 47
51 74
52 62
52 84
55 12
57 42
57 50
59 71
59 86
60 18
60 31
61 64
61 80
63 95
64 58
65 43
65 50
66 40
66 69
66 84
67 4
69 21
69 60
71 11
71 29
71 44
71 95
72 41
72 52
73 2
75 89
76 26
77 59
78 14
78 44
79 71
81 48
82 81
84 2
84 57
86 95
87 10
89 25
89 50
89 61
92 2
92 35
93 15
94 20
95 71
97 24
97 41
97 48
97 93
98 56
99 73
