110
0 68
2 87
3 58
5 76
7 10
7 53
8 23
9 65
10 72
10 94
11 30
12 83
14 2
14 20
15 9
17 25
17 59
17 93
18 64
19 37
19 44
24 0
24 25
24 63
24 93
26 46
27 31
28 11
31 15
31 54
31 68
32 49
33 77
34 83
35 28
36 0
37 45
38 5
38 72
39 52
39 61
40 8
40 80
41 26
41 90
42 44
43 19
45 34
46 4
47 23
48 61
49 42
50 48
51 10
51 88
54 16
54 55
55 68
56 99
57 2
57 22
58 50
58 76
59 17
62 3
63 37
63 82
64 49
64 58
66 7
66 99
68 30
68 88
71 1
72 81
74 11
75 62
76 33
76 46
77 40
77 67
79 96
80 23
80 54
80 74
82 11
82 57
82 83
83 7
83 89
85 26
86 66
87 97
89 59
89 61
90 86
91 6
92 13
92 48
93 91
93 98
94 29
95 74
95 81
96 2
96 63
97 44
98 34
98 85
99 78
