108
0 53
0 83
1 98
2 27
4 35
4 56
5 65
5 74
6 96
7 17
8 11
11 39
12 51
12 73
13 6
13 97
14 64
15 79
17 25
17 71
17 85
20 55
22 5
22 42
22 46
22 93
24 30
25 63
27 86
28 50
30 19
32 31
33 91
34 60
34 80
35 46
36 11
37 40
37 74
39 57
39 69
43 95
46 26
46 52
47 82
50 11
50 81
50 99
51 62
52 2
52 66
53 75
53 87
55 42
56 16
56 32
57 98
58 57
58 77
58 86
60 65
61 3
61 23
61 61
65 6
65 40
65 64
65 77
65 82
66 56
67 18
68 37
70 87
71 2
71 60
72 6
73 77
73 82
74 47
76 11
77 19
77 64
78 88
79 43
80 1
81 54
81 81
82 17
82 25
85 11
86 92
87 5
87 30
87 61
88 41
90 19
90 82
90 89
91 7
92 66
92 97
96 37
96 49
97 23
97 75
98 7
98 57
99 78
