113
0 33
1 8
1 21
1 50
1 62
1 81
1 95
2 85
3 42
5 10
7 52
8 67
9 18
10 34
10 82
10 87
11 0
11 58
11 64
13 93
15 47
16 22
19 40
20 65
21 2
22 8
22 96
25 24
25 87
29 46
29 67
29 71
30 85
30 94
31 59
32 2
32 38
33 30
35 44
37 57
38 18
39 32
40 79
41 95
42 46
43 28
44 90
45 14
45 69
46 79
47 1
48 41
49 47
50 7
50 13
50 55
53 92
54 68
55 37
55 86
57 56
58 18
58 77
61 40
61 70
62 94
63 7
64 19
64 35
66 0
67 63
68 27
70 21
70 89
71 9
71 33
71 78
73 57
73 83
74 42
74 73
77 25
77 79
78 14
78 54
79 93
80 8
80 85
82 3
82 34
83 20
84 78
85 11
85 30
85 41
85 51
86 64
86 86
86 93
89 60
90 56
91 0
91 38
91 97
92 88
93 6
94 28
94 46
95 28
95 81
97 11
97 20
99 71
