124
0 61
1 4
1 66
2 39
4 22
4 28
4 82
4 92
5 49
7 13
9 38
9 73
10 90
11 10
11 59
12 1
12 18
12 29
12 65
13 48
13 99
15 92
17 1
17 42
17 76
17 81
18 50
19 27
20 11
20 20
23 35
23 63
24 8
24 78
27 17
28 29
28 42
28 94
29 9
29 46
30 3
31 34
31 76
32 68
34 21
34 92
35 41
35 69
36 31
37 84
38 7
40 18
41 54
42 38
42 87
42 96
43 43
45 5
45 67
46 20
46 60
47 11
47 48
48 0
48 46
48 82
50 91
51 49
52 11
52 29
54 75
54 99
56 21
57 8
57 34
57 41
59 72
60 4
61 13
61 87
63 53
63 69
63 91
64 23
65 76
66 9
66 34
66 80
71 1
71 80
72 17
72 53
72 67
74 42
75 9
76 14
76 37
77 90
78 62
79 5
80 33
82 24
82 54
83 10
83 83
85 71
85 93
87 36
87 55
88 43
89 18
91 4
91 11
91 35
91 51
91 66
92 90
95 71
95 78
96 18
97 4
97 48
98 66
99 96
