104
1 62
1 86
2 33
4 6
4 11
5 77
7 45
7 67
9 95
10 15
10 22
11 41
11 86
13 52
14 5
14 28
15 18
16 70
17 8
18 56
20 2
21 67
21 74
23 23
24 41
26 0
26 35
27 73
27 96
28 11
29 55
29 81
31 65
32 2
32 37
34 17
35 24
35 59
35 76
35 83
37 8
37 94
39 31
40 97
41 46
41 59
42 49
42 66
43 10
44 86
45 57
46 2
46 19
47 14
47 42
47 96
48 90
49 30
49 74
54 3
54 71
55 86
57 62
59 26
59 46
63 17
63 95
64 84
65 6
65 24
66 66
67 39
67 57
70 80
71 34
71 46
71 99
74 90
75 15
75 22
75 50
76 9
76 41
76 67
79 2
79 55
79 80
79 96
81 29
81 91
85 97
86 18
87 13
87 26
88 5
91 44
91 68
93 18
95 46
95 83
96 36
96 81
97 27
97 90
