117
0 52
0 97
2 8
2 34
2 69
2 84
4 29
4 40
6 25
6 88
7 7
8 46
8 63
8 75
9 55
10 11
12 40
14 85
14 90
15 18
16 0
16 29
16 77
17 96
19 37
20 4
20 43
21 72
23 14
25 37
25 82
27 19
27 63
28 95
29 75
30 1
31 87
32 33
32 81
33 48
33 99
34 15
34 26
34 67
35 8
37 56
37 90
38 41
38 46
40 21
43 14
43 32
44 69
45 94
46 62
46 83
49 23
50 40
51 28
51 80
52 11
54 60
55 94
57 4
57 66
58 85
58 98
59 75
61 24
61 60
62 11
63 32
64 38
65 2
65 16
66 84
68 40
68 49
68 97
69 27
70 21
72 2
72 12
73 46
74 15
76 94
77 55
78 20
78 34
78 43
79 61
81 99
82 2
83 22
83 95
84 75
85 14
86 48
87 84
88 31
88 39
89 65
89 90
91 9
91 15
93 59
93 76
94 71
95 28
96 6
97 20
97 58
97 87
98 34
98 42
99 69
99 74
