106
0 78
3 66
4 31
6 96
7 85
8 21
9 12
10 37
11 92
12 26
13 4
15 60
16 6
16 20
16 35
19 75
20 27
20 99
21 64
21 81
23 5
23 31
23 56
23 69
26 51
26 93
28 2
29 85
30 17
30 44
30 60
31 23
31 72
31 79
31 96
32 37
35 67
36 23
37 29
37 63
37 92
39 7
39 75
39 99
41 44
43 56
44 47
44 83
46 64
46 71
47 54
48 2
48 14
51 25
52 90
56 9
56 33
57 90
58 98
59 27
59 71
62 34
62 46
64 58
64 90
65 0
66 6
66 64
67 92
68 20
69 24
70 53
71 14
71 95
72 33
74 18
74 55
75 41
75 45
78 80
79 64
79 71
82 36
83 46
84 6
84 88
85 59
87 13
87 22
88 30
89 52
89 72
89 86
90 67
91 3
92 34
94 22
95 53
96 39
97 10
97 65
97 98
98 4
98 45
98 74
98 87
