99
1 5
2 53
3 43
6 23
8 40
11 31
11 57
12 38
13 69
14 5
14 87
16 2
17 78
19 15
21 54
22 35
22 90
23 72
24 4
25 98
26 38
27 14
27 59
28 0
28 78
28 92
30 22
30 44
31 70
32 56
32 81
33 24
33 39
33 49
33 90
35 6
35 35
36 63
38 78
38 94
42 1
42 29
43 46
43 89
44 6
44 31
46 56
46 66
47 77
48 18
48 62
50 84
51 92
53 17
54 29
54 61
55 82
56 48
56 91
58 72
59 33
60 57
63 42
63 94
64 17
66 24
67 70
68 15
71 75
73 35
74 80
75 46
76 59
77 14
77 25
77 70
78 50
79 1
79 74
79 92
82 46
82 69
82 91
85 4
86 31
89 18
89 68
89 91
90 60
92 9
93 79
94 52
95 29
96 36
96 97
97 45
97 75
97 86
99 59
