# Penalty: 47600.85693658004
115
0 34
1 15
1 99
2 48
3 38
4 3
4 65
5 79
6 21
6 72
8 88
9 35
10 63
11 17
11 93
12 53
14 26
15 11
16 34
16 87
17 74
18 60
18 98
19 47
19 69
21 13
22 30
22 37
22 78
23 53
25 0
25 93
26 25
26 73
28 8
28 56
30 93
31 68
31 76
32 10
32 39
32 51
33 39
35 63
35 87
36 19
37 70
38 43
39 27
40 36
40 80
41 18
41 89
42 53
47 39
47 75
48 96
49 7
49 12
50 33
51 59
54 52
54 69
54 85
55 10
56 28
56 36
56 64
58 23
58 90
60 5
62 33
62 66
63 90
64 98
65 39
66 81
68 21
68 43
69 65
69 94
70 85
71 56
72 30
73 1
73 14
75 62
76 22
77 82
78 69
80 56
81 0
81 7
81 34
81 43
81 97
82 69
83 29
85 3
85 21
85 50
89 81
91 59
92 19
92 44
94 66
96 16
96 35
97 75
97 78
97 90
98 99
99 1
99 29
99 48
