# Penalty: 39433.66858797148
108
1 20
2 48
3 14
3 39
3 55
3 63
3 88
5 6
6 35
6 83
7 98
8 76
9 0
10 44
11 14
11 21
12 84
14 27
14 51
16 60
16 98
17 77
18 69
19 4
19 19
19 52
20 31
22 0
23 75
24 61
25 95
26 21
26 38
27 4
29 35
29 91
31 43
32 8
33 77
33 84
35 70
36 39
36 51
36 56
37 78
37 99
38 16
43 31
43 47
44 70
44 99
45 11
46 14
47 64
47 86
48 4
50 29
52 90
53 9
53 37
53 45
53 67
54 58
54 84
57 41
58 1
58 25
58 52
58 88
60 64
61 9
61 21
64 2
64 72
64 93
65 45
66 24
68 77
69 42
69 66
70 4
70 30
72 58
72 95
74 25
74 48
77 1
77 8
78 34
80 46
82 15
82 25
84 69
85 41
85 67
85 91
87 9
88 24
88 61
91 0
95 54
96 7
96 41
97 66
97 89
98 47
98 73
99 22
