# Penalty: 39971.457428698006
104
0 66
0 72
1 83
2 88
3 5
5 70
8 23
9 82
10 33
10 45
10 51
14 28
14 65
16 4
17 50
17 84
19 10
19 43
20 35
20 68
21 61
23 3
23 99
25 26
26 14
27 36
28 99
29 48
29 84
30 63
31 23
31 31
32 40
33 78
33 83
34 11
39 0
39 61
40 22
41 79
43 39
44 54
44 71
44 93
47 26
47 88
48 3
48 35
48 40
48 65
49 19
50 9
51 89
52 47
55 5
56 19
56 35
56 55
57 31
57 73
60 50
61 27
62 11
63 71
63 77
63 89
64 19
64 46
64 58
66 0
67 63
68 5
69 15
69 91
70 41
71 47
72 78
73 35
73 57
73 70
74 29
76 7
76 99
77 74
77 92
79 52
79 83
80 28
82 69
84 98
85 19
86 77
87 82
88 7
88 40
89 3
89 60
89 70
91 35
94 86
97 77
97 92
98 52
98 61
