# Penalty: 158855.3911089482
196
4 42
4 84
5 14
5 21
5 63
5 91
6 7
6 28
6 35
6 49
6 56
6 70
6 77
7 99
11 21
11 35
11 84
11 98
12 14
12 28
12 42
12 56
12 77
13 49
13 63
13 70
13 91
14 5
20 21
20 49
20 56
20 63
20 70
21 6
21 11
21 27
21 43
21 83
21 92
21 99
22 35
22 77
27 28
27 35
27 63
27 70
28 6
28 11
28 41
28 55
28 78
28 94
28 99
29 21
29 49
29 84
34 42
34 49
34 63
35 5
35 13
35 29
35 34
35 55
35 69
35 94
35 99
36 21
36 77
36 84
41 21
42 4
42 11
42 27
42 34
42 41
42 48
42 57
42 71
42 76
42 85
42 94
42 99
43 63
48 21
48 28
48 70
48 84
49 6
49 13
49 43
49 57
49 62
49 92
49 99
50 35
50 49
50 77
55 28
55 70
55 77
56 5
56 13
56 36
56 41
56 55
56 64
56 83
56 94
56 99
57 21
57 49
62 21
62 42
62 56
62 63
62 77
62 84
63 4
63 13
63 29
63 34
63 50
63 71
63 94
63 99
69 42
69 63
69 77
69 84
70 6
70 11
70 20
70 36
70 48
70 55
70 71
70 94
70 99
71 28
76 49
76 63
77 4
77 13
77 22
77 27
77 43
77 57
77 71
77 76
77 83
77 92
77 99
78 35
83 35
83 49
83 63
84 6
84 13
84 29
84 69
84 76
84 93
84 99
85 21
85 42
85 56
85 84
92 7
92 13
92 42
92 93
93 21
93 28
93 56
93 98
94 35
94 49
94 63
94 70
94 77
94 84
99 5
99 14
99 21
99 28
99 35
99 42
99 49
99 56
99 63
99 70
99 77
99 84
99 93
99 98
