# Penalty: 45021.338948182485
115
0 43
0 50
0 82
0 91
1 6
2 64
3 12
3 98
5 26
5 46
6 80
10 90
12 0
12 61
12 99
13 19
14 51
15 81
16 45
16 74
17 74
17 92
18 66
20 0
21 40
21 49
21 78
22 34
23 16
24 11
24 72
25 24
26 87
26 95
27 61
28 52
30 13
31 98
32 54
32 61
32 66
33 3
34 77
34 92
35 21
37 44
38 40
38 81
39 0
39 99
40 10
40 19
42 90
44 26
45 40
45 47
45 58
46 16
47 5
47 69
49 28
50 1
50 51
52 70
52 92
53 6
53 22
54 99
58 84
58 91
59 76
60 23
60 35
61 1
61 39
61 46
63 55
65 31
65 95
67 92
68 78
70 22
71 42
72 6
72 58
74 0
74 94
75 60
76 74
78 42
78 91
80 27
82 14
82 21
82 83
83 9
83 77
84 44
88 28
88 57
89 11
89 93
89 99
91 52
91 72
94 59
94 94
95 1
95 29
96 40
97 13
99 24
99 38
99 66
99 81
