# Penalty: 44138.03373566737
113
0 1
0 50
0 95
1 38
1 81
2 65
3 20
3 55
4 32
4 74
5 94
6 4
6 48
8 16
9 72
10 56
11 29
12 23
13 92
14 0
15 8
15 76
16 46
16 93
18 59
19 41
19 86
22 10
23 32
23 45
23 70
25 64
26 98
27 9
27 26
28 69
29 45
29 82
30 59
31 30
31 64
32 98
33 25
33 51
33 87
34 79
35 40
36 0
37 11
37 54
37 83
39 19
40 27
41 77
42 54
44 1
44 41
45 66
45 86
47 24
49 70
50 8
50 27
50 43
50 63
51 37
52 15
54 58
54 89
58 12
58 30
60 54
61 2
61 82
62 91
63 24
64 18
66 34
66 65
67 73
67 86
69 11
71 50
73 38
74 29
75 45
77 25
77 93
77 99
78 8
79 27
79 52
81 24
81 78
82 7
82 38
83 84
84 69
87 89
88 27
89 14
89 39
90 57
91 3
93 93
94 28
95 68
96 43
98 13
98 25
99 42
99 45
99 65
