# Penalty: 41708.68543725643
112
0 46
0 54
1 17
2 10
2 22
2 39
2 70
2 99
3 59
4 82
7 69
8 86
9 44
11 23
12 8
12 52
14 60
15 12
15 28
16 82
18 3
18 45
18 92
19 74
20 53
20 67
21 57
22 28
23 34
25 25
26 0
26 22
26 98
29 59
29 75
30 37
32 79
33 18
34 0
34 92
35 14
35 44
35 59
36 62
41 3
42 72
42 91
43 40
43 55
43 79
44 47
44 98
46 19
49 4
49 90
50 11
52 57
54 7
55 36
55 54
55 67
56 31
56 95
58 46
59 79
61 23
62 38
63 51
63 89
64 75
65 15
66 1
66 9
66 81
67 94
68 33
68 64
69 43
72 25
73 4
74 98
75 12
77 19
77 64
77 95
78 41
78 48
80 83
82 0
82 5
82 26
82 53
83 91
87 75
87 85
88 39
89 28
90 91
91 68
92 13
92 60
93 18
95 36
95 62
97 53
98 10
98 15
98 49
98 95
99 70
99 77
99 88
