# Penalty: 41488.99699432523
109
0 0
0 91
1 97
2 12
2 28
4 78
4 85
5 55
6 65
7 40
8 80
10 97
11 15
13 56
14 23
14 71
16 48
17 32
18 6
19 92
20 57
21 78
22 24
22 53
25 36
26 87
27 3
27 74
27 96
28 16
29 21
29 42
29 63
31 58
31 79
33 67
34 32
34 50
34 97
35 8
36 26
37 17
38 0
38 62
38 76
39 83
39 91
42 12
42 53
44 95
45 34
45 77
46 37
47 41
48 64
50 53
51 26
52 2
53 41
53 54
53 93
54 69
56 77
57 12
59 20
59 59
60 1
60 27
60 75
61 90
65 82
66 6
67 89
68 16
68 29
68 53
69 35
73 17
73 75
74 8
74 51
76 21
77 38
77 65
78 39
80 90
80 96
81 52
83 7
83 68
84 93
86 64
86 77
88 0
88 38
89 25
92 98
93 64
94 20
94 81
95 13
95 48
96 27
96 32
96 41
97 56
97 94
99 1
99 61
