# Penalty: 42644.354819790446
110
0 10
0 32
0 46
0 53
1 85
2 81
2 89
2 99
3 71
4 15
4 65
6 4
6 32
6 43
8 25
9 60
9 66
11 85
12 44
13 93
14 31
16 6
18 45
18 97
19 22
19 55
19 60
21 57
22 2
23 60
23 74
24 7
24 91
28 77
30 2
30 96
31 44
32 58
34 52
34 90
35 37
35 40
35 66
35 81
38 15
38 97
39 22
40 0
40 5
40 45
40 74
40 91
41 66
46 6
47 77
48 27
48 38
49 21
51 70
52 51
54 35
54 55
56 4
57 20
59 69
61 5
61 59
62 84
63 80
64 28
64 75
65 22
68 12
68 44
69 6
69 63
70 6
70 49
72 17
72 29
72 79
74 69
76 42
77 30
77 62
78 90
79 73
79 86
81 13
81 20
81 66
83 2
83 58
87 5
87 87
88 10
88 20
90 74
92 38
92 82
93 47
94 10
94 24
95 33
96 57
96 97
97 2
97 41
97 62
99 76
