# Penalty: 40495.657724875826
110
0 21
0 39
0 47
0 87
1 7
2 51
3 73
3 94
4 54
5 68
6 32
7 14
9 47
10 3
10 73
12 10
12 28
12 99
13 86
14 38
14 51
15 18
18 2
19 34
20 61
21 65
22 52
22 96
23 14
23 33
24 20
24 77
24 98
27 65
27 91
28 49
30 18
31 29
31 79
31 94
33 2
33 67
35 15
35 86
37 47
39 16
41 60
41 91
44 0
44 68
45 25
45 32
45 48
46 29
47 96
48 41
49 30
51 50
51 77
51 89
52 13
54 53
55 6
55 21
55 81
58 61
58 92
59 16
59 68
60 31
60 37
60 85
62 62
63 99
64 76
65 3
65 35
67 94
68 79
69 15
69 72
73 49
73 96
74 21
74 75
78 83
79 3
79 7
79 44
81 88
83 6
83 50
83 60
86 40
88 2
88 56
88 91
89 62
89 99
91 20
93 76
93 85
94 27
96 3
96 53
96 96
98 64
98 80
99 44
99 52
