# Penalty: 35923.213267180414
99
1 22
1 48
2 69
3 35
4 27
4 42
5 97
7 51
9 12
9 21
10 87
12 80
14 3
15 13
17 35
17 70
18 64
18 94
19 56
20 89
22 2
22 38
23 67
23 98
25 18
27 24
27 50
27 80
29 11
31 56
32 20
33 35
33 69
33 85
35 49
37 25
38 4
39 40
39 58
40 51
40 95
41 63
41 75
44 60
45 23
46 97
47 16
47 81
50 5
52 26
52 38
52 46
52 66
52 81
55 51
55 54
57 41
58 83
59 4
60 66
62 54
64 86
66 11
66 16
67 6
67 23
69 35
69 52
70 76
71 70
73 41
73 55
76 84
77 33
77 50
78 57
79 62
81 41
82 33
82 91
83 9
83 17
84 0
84 22
86 65
86 72
86 77
88 15
89 93
91 60
93 80
94 28
95 44
96 5
96 34
96 58
99 28
99 50
99 86
