# Penalty: 42149.05147630521
112
0 8
0 29
0 53
2 56
3 38
3 84
3 88
3 96
3 99
5 6
6 30
6 44
6 54
8 21
10 8
10 67
10 98
13 40
13 74
14 2
16 22
17 17
18 67
18 93
19 58
20 84
21 0
21 14
23 38
24 28
25 74
26 54
27 3
27 68
28 39
29 34
29 85
29 99
30 20
33 91
34 63
35 16
35 75
36 47
36 98
38 24
38 64
39 87
40 13
42 75
43 35
43 52
47 0
48 29
48 38
48 87
51 4
51 20
52 13
54 22
54 67
54 99
55 0
55 40
56 51
56 63
56 83
57 6
59 91
61 28
61 69
63 22
66 43
67 13
67 26
69 3
69 54
70 37
71 16
71 71
72 58
72 98
73 6
77 0
77 25
77 65
79 18
79 41
79 55
79 72
80 83
81 93
82 69
83 19
83 87
84 47
85 40
89 54
91 10
91 78
92 51
94 27
95 59
95 69
96 2
96 44
96 82
97 8
98 29
99 22
99 83
99 99
