# Penalty: 40652.80351999703
106
0 11
0 23
0 77
0 86
1 46
2 30
2 61
3 97
5 65
7 23
9 71
9 83
10 42
11 6
12 11
12 88
13 54
15 30
15 93
16 21
16 52
16 77
19 7
23 11
23 96
24 1
24 16
24 45
27 32
29 99
30 24
31 56
31 77
32 18
32 44
35 63
36 84
37 95
39 5
39 15
40 0
40 37
40 39
43 35
43 72
44 61
45 86
45 98
46 4
46 18
47 23
47 66
48 90
49 46
52 39
53 55
53 82
54 7
54 50
55 3
55 21
55 73
56 32
57 65
58 83
59 75
60 8
60 58
61 28
62 99
63 69
65 38
66 92
67 3
67 58
68 11
68 31
68 46
68 96
69 65
71 3
72 35
72 79
73 28
73 59
75 95
76 20
78 75
81 13
82 86
83 49
84 56
84 70
85 7
85 29
86 39
89 78
90 55
90 85
90 94
93 26
95 77
96 42
96 62
99 21
99 49
