# Penalty: 39943.30910483251
109
0 27
0 41
1 13
1 81
5 57
7 52
7 76
8 29
8 79
9 12
9 58
10 88
12 99
13 21
15 43
16 73
17 26
19 46
20 8
20 65
22 67
22 74
23 7
24 30
25 51
25 88
26 13
28 96
31 32
31 82
33 42
34 20
34 59
35 94
37 3
37 75
39 42
39 82
40 3
40 25
40 67
41 59
44 90
44 97
45 72
48 12
48 34
50 73
51 87
51 96
52 53
53 18
53 58
54 5
54 29
54 42
55 38
57 84
58 71
62 7
62 23
62 92
63 56
63 67
63 84
63 99
64 11
67 26
68 50
69 72
69 79
71 14
71 96
72 35
72 55
74 79
75 17
75 43
76 93
77 64
78 30
78 39
81 85
82 45
82 58
83 0
83 86
85 24
85 66
86 18
87 71
88 50
88 57
88 80
89 0
89 96
91 68
92 17
93 34
94 40
95 5
96 21
96 53
96 72
97 97
98 58
98 83
99 0
99 41
