# Penalty: 36979.325040308315
95
0 12
0 84
0 98
4 3
4 18
4 32
6 93
7 99
8 41
9 17
10 61
11 7
12 49
12 68
12 75
13 26
14 82
15 3
15 53
16 15
18 92
19 20
19 47
20 31
21 2
21 8
22 72
22 97
23 40
24 24
26 47
26 59
26 75
27 96
28 19
28 67
29 5
29 26
29 35
30 81
32 87
34 43
35 30
35 95
37 15
37 83
38 36
39 89
40 38
40 58
41 75
42 32
43 7
45 23
48 47
49 4
49 61
50 11
50 23
50 96
53 68
55 36
55 42
55 54
60 8
62 22
63 57
64 5
64 69
65 95
67 1
68 47
69 64
70 70
72 94
73 20
73 80
74 55
74 88
75 13
80 5
81 78
83 88
84 48
88 69
88 86
89 19
92 44
94 97
96 90
97 37
97 81
98 32
98 52
99 98
