# Penalty: 41353.8654782491
104
0 1
0 9
0 25
0 51
0 91
0 99
2 18
2 34
2 42
2 58
2 66
2 74
2 82
10 1
10 99
11 10
11 18
11 26
11 74
11 82
11 90
12 34
12 42
12 50
12 58
12 66
28 2
28 18
28 34
28 42
28 66
28 90
29 10
29 26
29 50
29 58
29 74
29 82
30 99
38 50
38 74
39 26
39 42
39 82
40 1
40 10
40 18
40 34
40 66
40 91
40 99
42 58
48 42
48 82
49 50
49 58
50 1
50 10
50 26
50 66
50 74
50 91
50 99
51 18
51 34
59 18
59 34
60 1
60 10
60 26
60 42
60 50
60 66
60 74
60 82
60 91
60 99
62 58
70 1
70 99
71 10
71 18
71 42
71 50
71 58
71 66
71 82
72 26
72 34
72 74
72 90
88 50
89 2
89 26
89 66
89 74
89 98
90 91
91 34
91 42
91 58
92 10
92 18
92 82
