# Penalty: 40486.209571255946
107
0 35
0 62
1 6
2 23
3 28
3 49
4 90
6 6
8 74
9 23
9 46
9 64
9 83
10 7
10 14
10 91
12 0
12 50
12 71
13 36
13 66
13 98
14 77
16 29
17 47
17 86
20 15
21 33
21 64
23 19
24 56
25 27
25 49
25 79
25 94
26 13
27 65
29 72
29 85
30 61
31 6
31 78
32 33
33 94
35 40
36 3
37 21
39 43
39 74
39 96
40 58
40 65
41 33
45 70
47 7
47 15
47 35
47 92
52 22
52 64
52 85
53 75
57 34
57 42
57 58
58 71
58 82
61 23
61 61
63 16
63 39
65 33
67 99
68 70
68 85
69 54
69 62
70 8
73 1
73 26
73 35
74 68
77 48
79 33
79 41
79 94
81 48
82 99
84 1
85 24
85 77
86 62
86 82
87 9
87 95
90 28
90 67
90 99
91 40
93 13
93 47
93 82
95 52
98 94
99 31
99 69
99 72
