# Penalty: 39741.87839902494
107
0 25
1 53
4 77
6 14
6 32
7 0
8 89
9 52
11 34
13 1
13 28
13 73
14 64
15 49
15 81
18 68
19 11
22 14
22 59
22 82
23 52
24 61
24 78
26 36
27 97
28 29
29 11
31 58
33 0
34 37
34 45
34 90
34 97
35 5
36 24
36 66
36 71
38 55
42 96
43 18
43 49
44 9
44 25
46 73
47 90
48 55
48 80
49 13
49 38
50 60
51 74
52 30
52 78
53 0
53 20
53 52
54 92
55 69
56 36
56 60
59 23
59 95
60 54
61 15
61 44
63 2
63 30
66 29
66 71
68 13
68 49
68 66
70 45
71 65
73 2
74 60
74 85
76 11
76 19
76 97
77 28
77 37
79 4
80 0
81 78
82 15
82 22
84 44
85 49
85 85
88 22
88 69
90 34
90 79
91 48
91 51
92 64
93 5
94 27
95 95
96 11
96 90
97 72
98 2
98 35
98 96
99 80
