# Penalty: 39362.309801077754
106
0 14
0 89
1 40
1 55
1 72
3 22
3 28
3 61
3 94
4 3
5 84
7 8
7 36
9 20
9 70
10 59
13 1
13 99
16 50
18 73
19 10
19 44
20 58
20 93
21 16
22 32
25 54
25 84
26 5
27 38
27 89
29 32
30 21
30 72
31 26
32 6
32 82
34 65
35 49
37 71
38 17
38 51
40 29
40 83
40 94
43 23
44 0
44 8
44 15
44 38
44 74
45 99
47 29
48 83
49 50
51 77
52 31
53 45
54 25
54 59
54 66
54 96
56 13
56 84
57 28
59 53
60 15
60 78
60 91
61 61
62 9
62 68
63 43
63 97
64 2
66 84
70 25
72 97
73 60
73 84
74 9
75 54
77 3
77 57
78 82
79 77
80 36
81 14
82 52
83 20
85 32
85 64
86 40
87 18
87 81
88 87
91 97
92 24
92 58
92 65
92 74
93 2
93 10
94 85
95 80
96 42
