# Penalty: 46383.35422881007
119
0 38
0 53
1 6
1 68
1 94
2 83
3 23
3 72
4 99
6 60
7 58
8 2
8 41
9 18
10 65
12 55
12 76
13 36
13 90
14 42
17 9
17 33
18 17
18 83
18 93
19 69
21 3
21 53
22 89
25 25
25 41
25 63
26 75
27 2
27 9
27 18
27 75
29 34
29 93
30 25
30 45
34 14
35 77
36 51
36 69
37 46
38 62
39 3
40 24
40 83
43 90
44 66
46 2
46 98
47 18
47 24
49 10
49 51
51 45
51 74
52 38
53 67
54 17
55 33
55 51
55 77
55 80
56 26
57 91
58 99
60 34
61 56
61 65
62 0
63 5
64 16
64 21
66 93
67 30
68 71
68 84
69 17
69 50
69 79
70 4
70 21
70 37
72 44
72 99
73 88
75 78
76 49
77 4
77 75
77 97
78 61
82 17
82 32
82 63
84 92
85 10
85 23
85 47
87 32
88 72
91 3
91 80
93 40
93 77
93 94
95 9
95 24
95 71
97 36
97 99
98 19
99 0
99 64
99 84
