# Penalty: 42796.9074023943
114
0 10
0 25
1 38
1 80
2 19
2 45
2 99
3 69
3 84
5 9
6 39
6 97
8 64
9 51
10 11
11 0
12 57
14 23
14 29
16 99
18 17
18 81
19 61
21 46
21 54
22 19
22 85
23 75
24 2
25 77
26 18
29 74
30 8
30 34
30 58
33 52
34 17
34 92
35 30
35 96
36 20
36 48
36 62
37 57
38 1
38 36
38 85
42 6
45 43
45 71
46 26
47 63
48 14
48 94
49 99
50 22
50 57
50 77
51 29
52 0
52 50
52 56
53 7
53 16
54 34
54 39
56 87
57 79
60 67
60 91
61 8
61 85
62 37
63 24
63 54
64 74
64 96
67 65
69 40
70 61
71 12
71 69
77 66
77 85
77 98
79 0
79 26
82 36
82 75
83 20
83 45
83 51
83 81
83 99
84 31
84 60
88 13
89 22
90 65
91 3
92 81
92 88
93 48
94 60
95 86
97 19
97 89
99 0
99 24
99 36
99 42
99 56
99 64
99 96
