# Penalty: 44868.2683089165
112
0 92
2 70
3 52
3 65
4 3
7 21
7 75
7 82
9 97
10 32
10 53
11 6
13 35
16 44
16 99
18 51
18 77
19 60
20 94
21 15
23 82
24 35
25 10
25 45
26 56
28 2
29 12
29 96
30 19
30 38
30 71
31 52
32 57
34 22
36 75
38 62
39 83
40 4
41 32
41 78
42 12
42 22
42 69
43 50
44 42
46 11
46 82
47 4
47 56
47 64
50 36
51 76
52 45
53 99
54 70
54 92
55 31
55 59
56 24
56 51
56 78
58 3
59 8
59 41
59 76
60 17
60 37
60 56
61 95
62 88
63 61
67 20
67 37
68 91
69 66
69 72
70 8
71 46
72 58
73 26
73 41
74 3
74 72
76 22
76 50
76 80
77 60
78 95
81 2
82 90
82 97
83 19
83 44
83 94
84 6
84 77
85 64
88 23
88 35
89 39
90 69
93 7
93 35
93 48
95 51
97 53
98 10
98 29
98 87
99 21
99 67
99 96
