# Penalty: 45112.68130581545
113
0 9
0 60
1 96
2 21
4 76
4 98
6 84
7 37
7 79
8 59
10 7
10 66
10 97
11 40
13 21
14 50
14 91
16 9
18 95
19 17
20 3
20 58
20 68
20 84
22 34
23 76
24 44
26 50
26 62
26 69
27 4
27 29
28 88
29 40
31 95
33 26
34 12
34 30
35 47
35 70
36 64
36 92
37 8
40 27
41 46
41 77
42 12
42 51
42 99
44 30
44 83
46 10
47 59
47 77
47 95
48 47
48 69
49 29
50 78
52 2
52 87
53 35
53 54
54 5
56 19
56 69
56 95
58 7
58 49
59 33
60 64
60 87
64 49
64 77
65 15
65 23
66 31
66 68
68 3
69 19
71 59
71 99
73 63
74 12
74 52
76 85
77 19
77 41
78 35
78 91
79 3
79 71
80 45
81 78
82 87
84 28
84 70
88 56
88 98
89 68
90 14
91 39
91 52
93 11
94 82
94 87
95 46
95 77
98 9
98 28
98 37
98 65
99 54
