# Penalty: 38816.135417920304
107
0 54
1 30
1 91
1 96
3 63
5 15
5 47
5 66
6 96
8 2
9 32
9 46
10 62
13 99
14 39
14 73
14 80
15 5
15 88
17 24
17 34
19 61
20 91
21 9
21 75
22 49
23 67
25 29
27 82
28 0
28 24
29 53
29 95
30 17
30 59
31 68
34 11
35 1
35 43
35 60
36 80
37 31
38 76
44 26
44 82
45 32
45 41
46 14
47 1
47 93
49 57
51 25
51 52
51 85
52 0
55 39
55 65
56 16
58 23
58 97
59 48
59 89
60 79
61 32
61 39
61 64
61 67
62 0
64 16
64 42
64 83
65 76
65 97
67 53
70 57
73 27
73 69
74 8
74 40
75 0
75 44
75 97
76 85
77 23
79 70
79 88
80 26
80 43
81 81
82 52
82 59
83 10
86 99
90 31
90 74
91 97
92 14
92 46
92 60
95 77
96 72
97 34
97 40
98 58
99 6
99 22
99 90
