# Penalty: 28246.72640267199
85
1 8
1 58
1 73
1 80
3 29
3 34
3 91
8 84
10 39
11 55
12 92
14 85
15 28
15 48
15 73
16 60
19 1
19 40
19 98
20 33
26 37
26 56
26 63
26 71
26 85
27 98
28 2
28 9
28 17
28 92
29 48
31 79
38 26
39 2
39 82
41 17
42 91
43 51
43 83
45 56
47 85
50 26
50 41
50 93
54 0
55 71
55 96
56 88
58 26
58 37
60 72
60 92
61 1
61 28
62 12
63 82
69 25
72 58
73 13
74 98
75 39
76 84
79 7
82 16
82 24
82 36
83 1
83 39
84 56
84 71
85 48
87 25
88 99
89 17
93 7
93 53
93 67
93 73
94 3
95 26
96 39
96 46
97 32
97 91
99 22
