# Penalty: 46230.210003930624
114
0 6
0 43
0 90
1 33
1 52
2 28
4 84
5 41
6 1
7 22
7 70
8 6
8 47
8 63
11 33
11 54
11 87
12 16
12 26
14 61
14 91
18 49
18 79
21 34
21 67
21 95
23 4
23 42
23 52
23 76
27 3
27 33
27 58
27 68
27 93
30 62
32 54
33 22
33 62
34 77
36 46
38 6
38 85
39 14
39 55
39 71
39 92
40 35
41 79
42 50
44 22
46 0
46 9
46 39
47 45
47 93
48 25
48 56
48 99
49 27
51 63
52 2
52 76
53 43
55 89
55 93
56 58
56 68
56 78
57 25
59 86
61 10
61 22
62 63
66 28
67 57
68 10
68 97
70 81
71 20
71 41
71 51
72 88
73 24
73 44
73 75
74 63
77 12
77 64
78 48
79 78
80 21
80 75
81 7
82 35
82 96
87 41
88 3
88 8
88 52
89 38
90 25
91 36
92 17
93 65
93 95
95 3
95 69
96 24
96 79
97 52
98 13
99 46
99 69
