# Penalty: 35750.82278324686
101
0 28
0 51
0 96
1 16
2 8
2 68
6 24
6 81
8 42
8 72
9 36
9 64
10 52
10 97
11 92
15 11
15 26
15 35
15 81
18 9
18 53
20 72
21 65
23 32
24 39
24 56
27 15
27 16
27 70
27 98
28 52
30 61
30 82
31 91
34 11
34 32
37 84
38 3
41 44
42 24
42 56
43 78
44 10
44 38
44 65
44 72
46 0
47 48
49 66
51 31
51 88
51 97
52 11
52 39
54 47
56 90
56 96
58 27
59 68
59 80
60 52
60 57
61 11
62 32
64 51
66 99
67 83
69 2
69 14
71 15
72 99
73 79
73 88
74 22
75 19
76 37
76 49
76 62
76 69
77 28
77 56
79 9
82 64
82 84
82 91
83 4
85 99
88 69
88 86
89 47
90 18
90 75
91 26
92 11
93 36
95 75
95 85
96 92
97 45
98 33
99 53
