# Penalty: 44446.819873879125
112
0 5
0 23
0 95
1 49
1 80
1 99
2 30
3 10
3 67
3 86
5 72
8 53
9 0
9 15
9 18
11 70
11 80
13 44
13 91
14 32
15 58
16 19
17 27
17 56
18 98
20 3
20 75
22 93
24 57
25 33
25 80
26 8
26 73
28 55
28 63
28 85
29 41
30 15
30 58
32 34
33 62
34 16
34 76
34 83
36 40
36 49
37 5
38 28
39 60
41 99
42 81
43 15
43 64
43 92
44 75
45 36
47 52
48 20
48 93
49 59
50 3
51 49
52 37
52 85
54 62
54 96
55 84
56 18
56 55
58 79
60 99
61 67
65 17
65 73
66 49
66 56
68 33
70 22
71 0
71 6
71 56
71 77
72 91
74 27
74 98
76 49
78 83
79 99
80 8
80 43
81 73
82 59
84 36
84 71
84 77
84 84
86 43
87 11
88 5
88 98
89 27
90 21
90 50
90 57
91 36
93 92
95 71
96 83
96 89
97 11
97 98
99 72
