# Penalty: 39638.566316278455
105
0 55
1 39
1 94
4 20
7 28
8 96
9 60
10 10
10 52
11 43
13 33
13 85
14 73
15 91
16 21
16 56
16 75
21 85
24 4
24 21
24 47
24 99
25 1
25 56
26 73
27 16
27 40
27 93
29 61
31 19
31 44
31 81
34 5
34 78
36 32
37 51
37 86
37 92
38 47
38 67
39 0
39 93
41 10
44 92
45 17
45 63
45 72
46 52
47 25
49 18
50 40
51 23
51 72
51 81
55 45
55 97
56 87
58 71
60 6
65 3
66 19
66 37
67 23
67 60
67 66
67 72
67 88
67 99
72 16
72 79
73 67
74 55
75 4
76 97
77 84
77 99
78 32
78 39
79 54
80 80
81 11
82 65
82 93
83 70
85 33
87 21
87 98
88 53
89 82
90 5
90 24
90 50
90 69
92 92
94 17
94 38
94 50
94 65
95 55
96 90
97 10
97 30
98 4
98 64
98 80
