# Penalty: 39128.083897177545
105
0 39
1 21
1 56
3 51
3 98
6 16
6 97
7 83
8 30
8 38
8 76
11 2
13 42
13 85
14 1
18 16
18 46
18 54
19 64
19 71
19 98
21 23
22 87
23 4
24 63
25 29
26 68
27 42
28 46
29 85
31 4
31 36
34 11
34 45
34 61
35 67
35 74
35 98
36 50
36 86
38 26
39 31
39 92
40 57
42 10
42 67
43 24
43 79
45 15
46 32
46 47
47 2
47 72
49 53
50 78
50 94
51 5
51 41
53 16
53 83
55 31
55 95
56 45
56 56
56 61
58 22
61 5
61 38
61 83
64 71
64 98
65 12
65 91
66 0
66 21
68 5
68 41
71 69
72 28
72 58
73 84
74 29
75 77
76 2
79 34
79 55
79 67
80 13
80 23
80 96
83 91
86 1
87 65
89 2
90 37
91 49
91 82
92 6
94 21
95 30
95 65
96 8
97 38
98 49
99 86
