# Penalty: 43598.92613946449
110
0 0
0 60
1 18
1 41
2 10
3 59
4 78
7 43
8 13
8 31
9 59
10 75
13 24
13 40
14 93
14 97
15 66
16 85
17 12
18 0
20 62
21 45
22 21
23 63
24 34
25 44
25 56
27 1
27 29
28 97
29 75
30 12
30 23
31 14
31 32
31 85
31 99
34 2
34 64
36 14
37 53
38 67
40 76
41 42
41 59
42 2
42 35
42 98
43 27
44 12
46 18
46 71
46 85
47 23
47 39
50 67
52 53
53 3
55 30
55 94
56 36
56 80
57 51
58 72
59 0
59 99
61 22
62 87
63 32
63 41
65 19
65 50
65 67
67 9
67 44
67 69
68 84
69 64
69 97
72 4
72 37
72 89
73 55
73 69
76 31
76 96
78 49
78 74
79 14
79 39
83 54
84 42
84 77
85 5
85 34
85 83
88 15
90 22
90 56
92 93
93 38
94 31
94 68
95 15
95 45
96 74
97 23
98 6
99 52
99 79
