# Penalty: 39869.73661997282
106
1 38
2 58
3 42
3 65
3 72
4 22
5 90
6 6
7 50
7 98
8 84
12 77
13 27
15 95
17 18
17 19
19 64
20 41
20 51
22 95
23 39
24 86
27 69
28 6
29 22
29 44
30 52
31 94
32 12
32 27
32 35
32 78
32 86
34 58
35 21
36 48
38 9
38 94
39 0
39 35
39 69
39 85
41 17
43 25
43 50
43 99
45 35
45 58
46 69
47 94
49 10
50 30
50 52
52 70
53 93
55 9
55 79
56 86
58 24
58 34
58 46
58 98
60 55
61 74
62 6
65 53
65 87
65 93
67 39
68 47
68 69
68 73
69 8
69 23
71 63
73 89
73 97
75 13
75 71
76 35
78 19
78 27
78 86
79 3
80 47
80 55
82 41
82 91
84 11
84 19
84 73
85 4
89 85
89 94
92 7
92 33
93 39
94 25
94 67
95 61
96 53
96 94
97 49
98 64
99 1
99 9
