# Penalty: 43239.83519433831
111
1 12
2 24
2 87
4 76
4 97
5 17
6 38
6 45
6 72
9 56
10 28
10 44
10 90
11 11
11 26
14 57
14 69
15 31
17 47
18 6
19 0
19 27
19 63
21 83
22 33
22 43
22 69
23 57
23 77
23 88
24 1
24 9
26 18
26 49
27 58
30 67
31 97
32 7
32 32
33 23
33 83
35 45
37 63
38 40
40 28
40 85
41 59
41 96
43 0
43 71
45 42
46 74
47 6
47 46
50 39
50 55
50 68
52 20
53 13
53 27
54 89
57 85
59 36
61 2
61 20
62 53
63 76
64 8
64 71
66 45
66 58
67 33
68 50
70 85
71 27
72 0
72 93
73 13
73 46
73 77
74 61
74 85
78 17
79 75
80 9
80 35
81 1
81 20
81 58
81 97
82 47
83 39
85 72
90 0
90 49
91 16
91 22
91 88
94 33
94 60
94 68
94 76
97 20
97 29
97 90
98 9
98 51
98 82
98 99
99 33
99 65
