# Penalty: 41622.58465408905
112
0 48
1 63
1 72
3 35
3 99
4 7
4 42
4 56
4 77
4 95
5 66
7 84
12 1
13 35
14 19
14 45
14 82
15 14
16 89
18 62
20 34
20 46
20 56
21 16
22 93
23 63
23 77
24 73
25 99
28 34
29 14
29 57
30 6
30 25
32 55
32 87
34 92
35 26
35 46
35 59
36 39
36 53
39 1
39 80
41 69
41 99
43 24
44 41
44 77
45 11
45 64
45 85
46 2
47 19
48 41
49 69
50 27
50 55
51 93
53 50
55 75
57 12
57 52
57 94
59 30
59 87
60 8
60 80
61 58
62 36
64 23
65 66
69 13
69 19
70 33
70 50
70 82
71 2
72 99
73 26
74 47
74 76
75 90
76 9
77 64
77 99
80 40
81 4
81 93
84 27
85 49
86 88
87 35
88 18
89 54
89 99
90 41
90 51
90 92
91 5
91 27
91 69
94 19
94 82
95 68
95 75
96 2
96 59
96 96
96 99
99 30
99 78
