# Penalty: 39419.578186876344
107
0 15
1 46
1 73
3 0
3 89
4 52
4 83
6 16
8 44
8 68
10 99
11 0
11 8
11 37
12 26
13 55
14 63
15 9
15 33
16 84
16 96
20 77
21 21
22 8
22 69
23 59
24 50
24 93
24 99
25 84
27 32
27 51
28 74
29 13
29 23
30 54
32 35
32 47
33 67
33 99
35 31
35 85
36 80
38 9
39 58
39 91
40 64
42 1
42 39
43 86
44 27
46 77
47 32
48 6
48 49
49 21
50 97
51 76
51 79
52 0
53 58
54 64
55 36
56 47
56 99
58 16
58 75
59 30
59 80
60 54
60 60
61 90
63 21
63 37
67 42
68 18
68 22
68 94
69 2
69 60
75 41
75 65
75 74
77 91
78 6
82 2
82 14
82 17
82 26
82 98
83 33
83 65
90 58
90 80
90 85
91 2
91 16
92 68
94 45
97 46
97 85
98 9
98 31
98 52
98 61
98 97
99 1
