# Penalty: 92966.59968326247
164
0 4
0 30
0 36
0 76
1 0
1 14
1 56
1 70
2 20
2 42
2 85
3 91
5 14
5 21
5 28
5 35
6 0
6 42
6 63
6 77
10 5
10 57
10 83
10 93
11 49
15 21
15 35
15 58
16 46
16 86
17 0
17 63
17 78
18 5
18 15
21 91
21 98
23 6
23 50
23 63
23 70
23 77
23 84
24 41
25 0
25 21
25 28
25 35
26 13
26 56
30 28
30 70
31 21
31 35
31 42
32 4
32 51
33 0
33 98
34 56
34 62
34 78
34 83
35 14
38 5
38 15
38 71
39 0
39 77
40 61
40 96
41 21
42 43
42 93
43 35
43 49
46 44
47 6
47 14
47 22
47 28
47 63
48 87
48 97
49 0
49 49
50 34
50 69
50 78
53 84
54 6
54 92
55 21
55 28
55 35
55 49
55 99
57 42
57 77
58 63
59 56
59 70
62 56
63 21
63 42
63 48
63 93
64 16
65 0
65 35
65 63
66 77
66 85
67 7
67 28
67 70
71 21
71 76
71 84
72 13
72 42
72 93
73 6
73 35
73 69
74 99
75 49
78 27
78 34
78 57
79 42
79 84
80 65
81 0
81 14
81 49
81 91
81 98
85 28
86 19
86 90
87 70
87 84
88 12
89 0
89 36
90 41
90 57
91 63
91 98
94 34
95 0
96 83
96 99
97 5
97 21
97 28
97 42
97 49
97 56
98 14
98 63
99 77
99 91
