# Penalty: 43443.89382560547
111
0 77
1 57
1 64
1 84
1 92
3 27
4 11
4 44
5 54
5 97
6 35
6 88
10 60
10 72
11 3
13 18
13 46
14 67
16 76
17 25
17 40
18 1
19 13
19 47
19 85
19 97
21 61
23 92
24 84
26 16
26 76
27 23
28 10
28 65
29 0
29 49
29 61
30 35
30 82
32 24
34 5
34 45
34 99
35 74
36 66
37 92
40 51
41 35
41 60
42 6
42 29
42 42
43 17
43 85
44 53
48 34
48 79
49 99
50 95
51 45
51 73
52 62
54 99
56 51
57 42
57 79
58 46
62 4
62 23
62 87
63 33
64 68
65 48
66 60
67 16
68 65
68 76
69 91
73 42
76 49
77 20
77 89
79 12
79 26
79 34
79 41
79 80
80 63
81 2
81 50
82 62
83 54
83 97
85 78
87 4
87 35
87 43
88 91
89 0
89 14
89 68
92 21
92 49
93 20
94 42
95 69
96 25
97 89
98 91
99 51
99 61
