# Penalty: 39307.458835467856
105
0 47
0 91
1 12
4 67
5 99
6 43
7 23
8 76
10 82
13 25
13 48
14 12
15 39
15 55
16 62
16 86
17 93
18 31
19 15
19 69
21 63
23 4
23 26
23 35
24 72
26 83
27 94
29 8
29 31
30 23
30 40
30 65
32 0
33 79
33 87
34 14
34 28
35 62
35 84
38 55
39 68
40 46
40 73
40 85
42 13
42 19
44 99
45 29
47 7
47 70
47 91
50 32
50 58
51 15
52 49
53 2
53 79
53 95
54 65
59 30
59 46
60 65
60 72
60 79
61 17
61 95
62 88
63 25
65 38
66 45
67 9
67 79
72 38
72 57
73 49
75 67
76 5
76 74
77 24
77 99
78 21
78 50
78 62
78 83
78 91
82 83
83 88
84 38
86 37
86 55
90 48
90 62
92 5
92 69
93 16
94 57
95 1
95 25
95 99
96 9
98 48
98 64
98 72
98 80
99 89
