# Penalty: 41798.0905501446
111
0 68
1 44
1 54
1 95
2 38
3 21
3 79
5 59
5 82
7 6
7 11
7 43
7 99
9 74
11 51
13 26
15 65
17 88
17 98
18 29
18 47
18 71
19 12
19 27
20 56
22 3
23 87
24 14
25 43
26 98
27 1
28 38
31 18
33 4
33 97
34 54
34 75
35 87
38 58
39 10
40 2
40 92
41 19
41 34
42 26
45 9
45 42
45 46
45 61
45 77
47 0
47 18
48 95
49 53
50 39
50 75
54 8
54 20
54 25
54 65
54 89
55 69
56 97
58 11
58 36
59 40
61 64
61 96
62 53
63 19
63 62
67 8
67 48
67 80
69 74
70 96
72 18
72 33
74 54
75 41
75 65
76 77
77 23
77 48
79 17
79 32
79 69
80 10
81 2
81 41
81 84
83 92
85 66
86 27
86 85
87 53
87 96
88 80
90 36
92 20
92 71
93 60
94 31
96 0
96 91
97 44
97 51
99 15
99 67
99 77
99 99
