# Penalty: 46805.69880901668
93
1 71
3 0
5 70
5 98
6 51
8 30
10 68
10 78
12 16
14 37
16 26
19 21
20 54
20 78
21 39
21 55
22 62
22 69
22 72
23 30
24 44
25 3
25 84
26 79
27 93
28 75
29 11
29 25
29 37
29 67
31 32
32 9
32 57
33 24
34 50
36 29
36 72
37 62
37 82
38 16
39 46
40 25
41 59
42 89
44 34
44 61
46 17
47 40
48 94
49 60
49 73
50 6
53 65
54 27
54 35
55 73
58 56
60 51
60 63
61 70
62 34
63 23
64 5
64 40
64 78
65 64
66 16
66 27
66 46
66 83
67 55
69 71
71 60
73 26
73 78
74 15
74 43
74 89
75 70
77 21
78 29
78 61
81 23
81 53
81 75
83 62
83 80
84 36
84 43
87 18
88 71
89 47
98 52
