# Penalty: 43695.997002217824
111
0 3
1 17
1 33
1 59
1 99
2 85
2 94
4 64
5 7
5 26
7 13
7 99
8 74
10 25
12 43
13 7
13 53
13 72
14 0
14 59
14 89
16 13
17 27
18 57
18 66
19 25
21 13
21 88
23 45
23 98
24 29
24 78
25 39
28 2
28 10
29 22
29 61
29 99
31 68
33 27
33 58
35 38
35 93
36 52
36 82
37 17
37 75
38 33
38 70
39 41
42 10
44 19
45 58
45 76
45 96
48 8
48 50
49 84
49 94
50 21
52 64
53 5
53 70
56 45
57 36
57 83
58 22
59 99
61 51
61 60
61 73
61 85
62 29
63 7
64 81
65 44
67 1
67 54
67 97
68 9
68 63
69 19
70 38
71 72
73 84
74 5
76 57
76 66
77 24
79 95
80 12
80 78
82 30
83 15
84 51
85 44
85 88
88 75
89 24
89 50
89 69
91 87
94 8
94 22
94 45
95 59
96 31
96 65
98 24
98 73
99 37
