# Penalty: 46025.94009663399
112
0 16
0 57
1 39
1 70
1 76
2 22
2 62
3 82
4 1
7 24
8 42
8 58
10 8
10 75
11 30
11 65
13 90
15 52
16 12
16 40
16 61
16 77
18 70
18 95
21 82
22 28
22 50
23 18
24 41
24 99
25 24
27 59
28 43
29 73
29 89
30 27
31 3
32 59
32 63
33 86
34 43
34 91
35 90
36 10
37 74
38 57
39 4
39 24
39 98
41 0
41 99
42 69
43 57
44 13
44 47
45 21
45 64
46 28
48 11
48 80
49 54
50 42
51 23
51 86
52 67
53 75
55 4
56 0
57 34
57 53
57 95
58 43
60 72
62 13
62 98
63 19
65 32
65 69
65 76
66 39
68 20
69 64
70 55
70 69
70 87
71 0
72 13
72 32
73 26
73 48
77 97
79 40
79 77
82 72
83 19
83 80
83 98
84 60
85 47
87 8
87 40
87 81
89 18
91 65
92 50
94 34
95 69
96 0
98 16
98 32
98 37
99 97
