# Penalty: 42843.297995884845
111
0 18
0 49
0 54
0 64
0 90
2 82
3 35
5 15
5 30
5 76
8 65
9 82
10 37
12 99
14 2
15 30
15 51
16 75
17 88
17 96
18 9
20 81
21 24
21 41
21 58
22 1
22 39
22 74
23 62
25 18
26 9
26 53
26 92
28 80
29 68
30 28
30 75
30 98
31 4
34 12
35 80
36 34
36 46
37 54
37 66
38 20
38 28
38 95
40 71
42 18
42 60
43 91
44 0
44 15
44 77
48 59
48 96
49 37
49 68
51 27
52 78
53 10
53 24
53 42
53 52
56 96
60 71
61 2
61 12
61 40
61 52
62 27
62 66
63 87
64 33
65 56
67 16
69 34
69 82
72 63
73 13
74 20
75 43
76 69
76 99
77 15
78 9
78 15
78 47
82 83
83 29
83 67
84 74
85 58
85 91
87 33
88 5
89 41
90 98
91 12
92 52
92 73
94 7
95 67
98 19
98 54
99 2
99 30
99 44
99 70
99 84
