# Penalty: 38091.55183508977
104
1 29
1 97
2 0
2 15
2 85
4 7
6 54
6 67
8 99
9 92
10 21
12 60
12 77
13 10
14 0
15 34
16 42
17 86
18 93
19 13
19 66
20 73
21 0
24 89
26 70
27 52
28 5
28 55
31 29
32 48
32 71
32 93
33 14
33 85
34 55
35 10
35 36
35 99
37 76
38 50
40 33
41 23
43 66
43 72
43 93
44 51
45 3
46 73
47 27
48 80
48 97
49 2
49 45
50 54
52 38
53 11
53 84
54 58
57 16
58 31
58 99
59 67
59 92
60 56
61 14
61 19
65 35
66 0
66 95
68 67
68 88
69 37
70 14
70 79
71 21
71 34
72 73
74 47
74 53
74 66
75 97
77 6
77 13
77 33
78 50
78 58
81 78
82 55
84 25
84 93
85 1
86 15
86 47
87 32
90 69
91 96
92 43
93 91
94 10
97 81
98 29
98 98
99 2
99 20
