# Penalty: 34623.3461449297
100
0 78
1 30
1 56
2 15
2 95
3 1
6 7
6 33
6 99
7 44
8 61
8 81
9 64
12 49
12 88
13 11
13 62
13 76
17 20
18 17
18 96
21 42
21 56
22 36
24 71
25 19
26 94
27 56
27 78
27 99
29 9
31 66
33 23
35 43
35 96
36 29
36 50
36 71
36 81
40 37
42 10
42 23
42 57
42 99
44 4
44 96
45 22
46 1
49 5
49 39
49 51
49 80
52 87
53 23
53 67
55 33
56 28
56 51
57 61
59 20
59 97
60 45
61 8
62 56
62 79
63 38
63 90
65 16
66 55
67 3
67 41
67 64
67 73
70 22
72 70
74 16
75 53
76 0
76 27
76 42
76 76
79 33
80 49
80 61
81 79
81 97
82 20
85 95
87 48
88 27
89 83
90 52
92 6
93 44
94 23
95 1
98 17
98 75
99 39
99 57
