# Penalty: 41512.25642605149
110
0 8
0 20
0 30
0 52
2 50
2 90
4 36
8 43
8 95
9 17
9 64
9 74
11 0
11 33
11 82
12 21
14 39
14 94
15 0
16 14
18 23
19 30
19 52
19 88
20 6
21 45
21 68
21 75
24 39
25 29
25 59
28 52
28 62
28 84
33 14
35 99
36 27
36 86
39 70
41 18
42 30
44 45
44 53
45 11
45 75
46 97
47 83
48 70
50 17
50 33
50 92
51 0
51 27
52 48
52 75
55 42
58 1
58 16
58 29
59 55
60 97
61 9
62 23
62 91
63 62
63 80
64 13
65 56
66 31
66 37
66 72
66 92
67 46
70 74
71 10
72 15
73 27
77 0
77 3
77 91
77 93
78 9
78 37
78 45
79 59
80 21
80 99
81 65
83 39
83 72
84 44
84 54
85 18
86 24
87 1
88 30
89 77
94 30
94 51
94 90
94 96
95 46
96 0
97 59
97 73
97 94
98 35
98 65
99 6
99 13
