# Penalty: 40155.68847857248
107
0 40
0 78
1 20
1 94
2 24
2 69
3 3
3 65
5 86
6 69
7 0
7 52
9 15
10 91
18 33
19 80
19 90
20 3
20 21
21 29
21 60
24 91
25 15
25 43
26 71
28 5
28 50
28 60
28 79
31 45
31 67
32 12
32 73
34 32
35 14
35 36
36 53
36 90
37 97
38 60
39 18
40 30
41 46
42 50
42 69
44 85
45 77
47 61
48 24
48 45
49 4
49 97
50 70
52 83
53 41
54 10
54 50
54 90
55 23
56 59
56 75
56 98
58 37
60 72
61 13
64 31
65 22
65 81
67 4
67 55
70 15
70 38
70 97
71 0
71 29
71 87
72 93
73 7
73 57
75 19
76 96
78 0
78 18
79 36
80 57
80 79
81 43
83 25
83 66
83 73
84 96
86 55
86 81
87 41
90 1
90 15
92 9
92 27
93 92
94 1
95 26
95 87
98 15
98 40
99 32
99 64
99 72
