# Penalty: 39307.34433513926
106
0 2
0 6
0 49
0 69
1 25
1 29
2 59
3 43
4 97
5 43
5 75
6 65
7 84
8 80
9 48
10 36
13 17
13 60
14 39
17 3
17 16
17 55
18 86
19 31
19 72
20 63
23 23
23 32
23 48
25 97
26 12
27 44
27 52
27 76
29 7
30 66
30 82
31 34
31 93
35 78
36 39
36 87
38 0
38 27
39 63
40 18
40 51
42 44
44 24
44 91
47 61
47 68
49 44
50 3
50 28
51 84
51 93
52 57
55 3
55 65
56 1
56 76
57 34
58 17
59 83
61 25
61 58
62 43
62 77
62 94
63 64
66 15
66 30
67 0
68 81
68 85
69 93
70 46
70 99
71 6
71 64
74 88
75 35
75 44
75 68
76 80
76 99
80 19
81 27
81 36
82 47
87 3
87 60
88 76
89 21
89 53
90 93
91 80
93 41
95 36
95 96
96 8
97 26
99 43
99 52
99 77
