# Penalty: 38117.91558320562
105
0 73
1 47
1 90
2 11
4 29
4 95
6 63
6 86
7 3
7 54
7 76
8 12
8 46
10 26
10 98
13 70
14 14
15 9
16 31
16 80
17 26
18 48
18 56
19 85
20 66
23 38
24 21
26 4
27 86
27 99
29 9
29 70
30 18
31 49
31 58
31 65
33 29
33 75
35 88
37 8
37 81
38 0
38 28
38 53
42 6
43 60
43 97
45 35
45 41
46 14
47 21
47 99
48 54
48 79
49 44
50 61
53 5
53 83
54 26
55 13
55 76
57 82
59 66
61 29
62 48
62 99
64 42
67 0
67 64
67 77
68 30
68 96
69 19
70 9
70 57
72 84
73 26
74 74
75 3
75 35
75 53
75 60
80 12
81 24
81 48
83 40
84 57
85 83
86 93
89 69
90 25
90 83
91 7
92 54
92 60
93 34
93 40
94 12
94 72
98 5
98 43
98 67
99 19
99 83
99 93
