# Penalty: 34688.94851154209
84
0 1
0 97
1 35
1 46
3 21
3 65
3 93
4 5
4 10
4 73
5 56
9 64
10 3
11 35
11 75
11 84
12 12
12 17
12 23
12 37
12 89
12 97
13 54
14 6
15 46
16 77
17 40
20 89
22 20
22 43
23 2
23 26
23 57
23 78
24 63
25 2
25 9
27 33
31 3
31 20
31 53
33 10
33 30
33 95
34 89
35 38
35 48
39 2
39 12
40 67
41 21
41 73
44 6
45 85
47 41
47 46
47 76
47 95
49 16
50 52
51 19
52 43
54 79
57 16
58 8
61 13
61 91
65 84
66 3
70 5
70 26
71 94
72 17
78 36
79 12
81 27
82 17
86 1
88 5
91 16
91 23
94 13
95 1
95 48
