# Penalty: 43289.03853895504
112
0 14
0 56
0 82
1 25
1 94
3 6
3 77
4 70
4 99
5 94
6 39
7 49
8 81
11 32
11 60
12 3
12 19
12 25
13 41
14 49
14 65
15 13
15 32
17 16
17 75
17 85
19 66
21 96
22 42
22 89
23 49
24 80
26 97
28 57
28 63
29 16
29 42
30 25
31 48
32 28
34 9
34 78
36 12
36 60
36 69
36 84
37 25
37 77
37 97
40 93
41 34
41 48
42 63
42 85
46 73
47 6
47 42
47 50
47 51
47 96
49 33
50 11
50 23
50 67
52 88
53 54
53 71
53 84
54 5
56 27
61 84
62 29
63 50
63 71
64 99
66 91
67 1
67 45
68 35
69 78
70 26
70 49
70 69
71 9
73 42
73 97
78 16
78 46
78 90
79 27
79 60
79 76
80 35
81 54
83 8
84 31
84 70
85 58
87 17
91 77
92 0
92 26
92 47
92 91
92 98
95 9
95 96
97 54
98 29
99 14
99 63
99 81
