# Penalty: 37433.50516552216
104
0 36
0 46
1 68
2 6
3 25
3 75
3 98
4 15
4 89
5 63
8 34
8 72
10 46
10 51
10 96
11 6
12 27
17 99
18 18
18 31
18 69
20 9
20 47
23 78
24 63
25 69
26 94
27 11
27 19
27 33
27 77
28 27
28 49
29 90
34 33
34 56
36 66
37 13
37 35
37 61
37 93
38 3
38 50
40 77
41 21
43 45
43 69
43 90
43 97
44 6
47 17
48 45
48 66
48 73
50 23
52 10
52 51
53 18
53 28
53 33
54 59
55 2
55 93
56 75
57 46
57 99
60 53
61 7
61 30
63 74
64 46
65 58
67 11
68 38
70 88
72 46
73 73
73 82
73 99
74 32
75 15
76 92
77 41
77 62
78 0
79 77
80 97
81 46
83 3
84 16
84 41
84 51
88 24
88 90
95 28
96 56
96 77
97 8
97 37
97 91
97 99
98 62
99 25
99 43
