# Penalty: 41265.56617360312
112
0 1
0 5
0 17
0 80
1 41
1 64
1 93
3 58
3 86
4 48
5 7
5 34
5 65
6 60
8 41
8 77
10 16
12 22
12 91
13 82
14 5
15 47
15 99
17 66
18 20
18 31
18 34
19 0
19 54
19 90
22 51
22 78
23 3
23 69
24 34
26 87
28 6
29 55
31 1
32 34
32 82
33 61
34 15
36 87
37 45
38 81
39 51
40 36
41 8
41 28
42 14
44 70
45 49
45 95
46 43
47 77
48 4
48 87
50 13
50 26
50 36
50 99
53 93
54 31
54 47
57 56
58 75
59 25
60 13
60 64
60 98
61 84
64 46
65 19
65 79
66 4
66 60
67 38
67 83
69 68
70 11
70 96
71 51
74 20
74 81
75 29
76 89
77 61
78 5
78 43
79 16
79 97
81 65
83 2
84 94
86 60
86 77
87 3
87 38
88 97
90 49
91 19
93 35
93 54
93 82
95 3
95 10
95 45
96 99
97 74
99 6
99 69
