# Penalty: 43614.631502766344
111
0 15
0 90
2 78
3 22
3 67
7 29
8 6
8 68
9 22
9 36
9 86
11 3
12 15
12 53
14 45
14 78
14 97
15 32
19 39
19 73
20 50
20 68
23 0
23 8
23 29
25 90
26 26
28 56
28 79
28 98
29 11
29 18
29 35
31 63
32 95
34 49
35 79
37 16
38 45
38 66
38 89
39 30
40 57
41 27
41 95
42 8
42 80
43 31
43 74
45 90
45 99
47 62
48 55
49 0
49 8
49 70
50 16
52 39
54 8
54 25
55 37
56 56
56 87
57 20
57 48
57 75
59 91
60 32
61 72
63 10
63 26
64 36
65 4
65 86
67 18
68 39
68 65
69 48
70 8
70 56
71 97
72 23
72 79
76 16
77 24
77 46
77 67
78 37
79 91
80 96
81 0
82 90
84 41
84 74
86 68
87 7
87 96
88 25
89 16
90 57
90 83
93 45
93 65
95 39
95 79
95 86
96 16
96 95
97 77
98 42
99 23
