# Penalty: 44772.32773969451
113
0 31
1 9
1 67
2 51
2 74
3 98
4 82
5 35
7 29
7 69
9 6
9 17
9 32
10 97
12 1
13 80
14 59
17 13
17 48
17 66
22 44
22 88
23 11
25 58
25 64
26 32
28 23
29 75
30 3
30 11
31 41
33 0
33 16
34 58
34 67
34 79
34 89
36 33
37 21
37 96
40 52
40 62
40 84
41 7
41 90
43 14
43 25
43 39
44 32
44 47
44 72
45 54
46 78
47 10
49 99
50 70
51 39
53 13
53 25
53 73
53 96
54 51
55 34
55 44
55 85
56 58
58 18
59 2
62 81
63 49
64 1
64 61
64 86
66 22
66 33
66 98
67 70
68 41
68 58
70 82
71 7
73 69
73 99
75 14
75 85
76 59
77 1
77 35
79 44
81 34
81 42
81 62
82 19
82 51
82 85
83 2
86 15
86 79
88 60
91 87
93 25
93 50
93 64
94 44
96 13
96 95
97 1
97 30
97 71
98 86
99 19
99 43
99 99
