# Penalty: 44858.816391006214
114
0 14
0 37
0 66
1 7
1 24
1 32
3 84
4 43
7 52
8 14
9 77
13 7
13 24
13 56
13 91
14 28
14 70
15 51
16 74
17 13
19 67
19 91
19 96
21 25
24 14
25 46
27 52
27 81
28 1
29 34
29 98
31 1
31 8
31 24
32 58
32 81
33 64
33 95
35 88
36 18
38 61
39 4
40 42
41 65
42 12
42 22
42 48
43 29
43 42
43 73
43 94
44 78
46 35
47 6
48 99
49 30
49 49
49 60
49 74
49 83
50 0
50 89
52 6
53 53
55 37
57 46
57 66
58 30
59 16
59 99
60 7
62 72
62 93
63 0
63 39
64 63
65 30
66 12
67 79
71 24
71 41
71 93
74 12
74 84
75 30
75 51
76 0
77 67
78 61
78 92
80 5
80 69
80 98
81 36
82 16
82 55
84 33
85 24
87 97
89 15
90 50
91 25
91 44
92 81
93 32
93 90
95 0
95 57
96 12
96 44
96 74
98 49
98 83
99 21
