# Penalty: 210399.86148781847
205
0 1
0 6
0 18
0 22
0 34
0 38
0 50
0 54
0 66
0 70
0 78
0 90
0 98
4 2
4 10
4 22
4 30
4 38
4 42
4 50
4 58
4 70
4 74
4 86
4 94
10 12
10 20
10 28
10 36
10 44
10 52
10 60
10 68
10 76
10 84
11 3
15 94
16 98
20 6
20 90
21 0
21 16
21 24
21 32
21 40
21 48
21 56
21 64
21 72
21 80
22 0
22 16
22 24
22 32
22 40
22 48
22 56
22 64
22 72
22 80
23 7
27 90
27 98
28 94
32 3
33 12
33 20
33 28
33 36
33 44
33 52
33 60
33 68
33 76
33 84
34 12
34 20
34 28
34 36
34 44
34 52
34 60
34 68
34 76
34 84
35 2
35 93
43 98
44 7
44 89
45 0
45 16
45 24
45 32
45 40
45 48
45 56
45 64
45 72
45 80
46 0
46 8
46 16
46 24
46 32
46 40
46 48
46 56
46 64
46 72
46 80
46 88
50 98
52 2
52 94
57 12
57 20
57 28
57 36
57 44
57 52
57 60
57 68
57 76
57 84
58 4
58 12
58 20
58 28
58 36
58 44
58 52
58 60
58 68
58 76
58 84
58 92
64 90
65 98
68 6
69 0
69 16
69 24
69 32
69 40
69 48
69 56
69 64
69 72
69 80
70 0
70 16
70 24
70 32
70 40
70 48
70 56
70 64
70 72
70 80
70 96
71 7
75 90
76 2
81 12
81 20
81 28
81 36
81 44
81 52
81 60
81 68
81 76
81 84
81 92
82 12
82 20
82 28
87 2
87 38
87 42
87 54
87 58
87 70
87 74
87 86
87 94
92 89
92 98
93 0
93 8
93 16
93 24
93 32
93 40
93 48
93 56
93 64
93 72
93 80
99 2
99 8
99 17
99 25
99 31
