# Penalty: 40062.37514476907
106
0 3
0 43
1 21
3 69
7 36
7 45
8 64
9 7
9 71
9 82
10 23
11 98
12 39
12 52
13 59
14 4
17 46
17 86
20 26
20 34
20 74
22 20
22 67
24 40
25 7
25 12
25 30
26 48
26 85
28 30
30 4
30 54
30 99
31 79
33 16
33 49
36 69
36 75
37 21
39 52
40 38
41 3
41 66
41 93
43 87
44 27
45 10
46 90
46 98
47 63
49 0
50 41
50 70
51 25
51 46
52 83
53 15
54 75
55 29
56 3
56 55
57 36
58 62
60 47
62 7
62 83
63 30
64 39
64 72
64 99
65 92
68 50
69 27
70 11
70 33
70 70
71 98
73 44
75 0
76 22
77 65
78 48
79 36
79 78
80 41
80 92
82 22
83 16
83 37
84 62
85 91
86 8
86 53
88 96
90 30
90 56
91 0
91 11
94 64
95 50
96 20
96 83
97 26
97 40
99 5
99 35
