# Penalty: 45413.59018001701
114
0 27
1 50
1 90
3 6
3 10
3 44
3 66
4 70
4 95
5 60
6 19
6 52
7 27
10 14
10 23
10 84
11 76
12 30
14 53
15 12
16 82
18 35
18 42
19 9
19 69
20 63
20 90
20 98
22 65
23 18
23 49
25 25
26 87
27 92
28 32
29 2
29 57
32 46
32 53
32 63
33 10
34 28
35 37
37 91
38 13
38 67
40 28
40 83
42 18
43 75
43 90
44 3
44 38
45 50
46 88
47 7
47 57
47 64
50 39
52 50
52 58
53 73
55 79
56 45
56 62
56 97
57 13
57 20
57 84
60 94
61 52
62 3
62 28
62 37
63 96
64 60
65 45
66 35
68 68
69 81
70 5
70 19
71 63
71 74
71 81
72 47
73 25
76 77
76 99
77 55
77 67
77 95
79 0
81 42
82 61
83 26
83 38
83 90
86 54
88 83
89 23
89 67
92 16
92 96
94 42
94 81
95 33
96 24
96 50
97 59
97 66
98 16
98 82
99 37
