# Penalty: 33684.7386531967
100
0 2
0 86
1 30
3 14
3 67
4 75
5 44
5 93
6 38
7 56
9 79
10 30
11 23
15 3
15 97
17 23
18 66
18 81
19 17
19 40
19 56
20 62
23 44
23 49
26 57
26 81
28 0
28 24
29 75
33 97
34 12
34 43
35 67
35 79
36 59
37 36
38 50
39 15
40 29
41 28
41 71
41 86
41 94
42 60
43 0
48 6
48 28
49 44
50 50
51 19
51 84
52 0
52 74
54 12
54 14
54 50
54 67
56 1
56 23
57 71
57 88
58 87
59 99
61 91
63 54
65 9
65 39
66 98
67 58
68 3
68 44
68 74
70 9
71 25
73 80
75 42
76 85
77 47
77 99
78 61
80 20
82 48
82 68
82 75
83 0
83 39
83 99
84 32
86 15
90 34
91 3
93 71
93 87
94 80
95 53
95 58
96 8
96 35
99 19
99 98
