# Penalty: 45372.64818980685
114
0 91
1 51
1 80
3 6
3 30
3 36
3 42
3 59
3 97
5 73
6 54
8 8
9 66
9 96
10 83
11 38
15 7
15 44
17 22
18 0
18 41
18 50
18 77
18 84
21 95
22 25
22 75
23 16
24 63
24 98
25 7
27 33
27 79
28 0
29 91
31 0
31 14
31 83
33 78
34 20
34 42
34 62
35 30
37 46
38 51
39 8
40 14
40 56
41 94
42 88
43 65
43 71
44 35
46 17
47 90
48 12
48 28
48 83
50 47
50 54
50 98
52 38
52 70
53 84
54 3
54 43
54 55
55 11
57 63
59 98
60 27
61 4
61 37
61 50
62 75
64 92
66 0
67 95
68 46
69 50
70 90
71 16
71 66
71 73
73 29
74 41
74 99
75 2
76 64
77 34
79 10
79 81
80 17
80 52
82 99
83 87
84 57
85 40
86 49
87 1
87 18
87 70
87 79
87 86
88 11
88 95
93 41
94 57
97 94
99 24
99 49
99 68
99 77
99 86
