# Penalty: 42898.42420230091
109
0 2
1 70
2 10
2 36
2 92
3 23
3 77
6 52
6 59
7 38
9 0
12 28
13 61
13 83
14 70
15 47
15 55
16 99
18 89
19 30
20 22
20 72
22 69
23 1
23 45
23 85
24 59
26 5
26 90
27 36
29 15
30 68
32 59
33 7
33 98
34 32
35 23
35 38
37 53
37 62
37 94
38 28
38 84
39 78
40 66
41 36
43 11
46 80
47 57
48 74
49 16
49 47
49 94
50 8
50 28
50 52
50 67
52 84
54 23
54 63
55 17
56 30
58 98
59 43
60 52
61 1
61 40
62 25
62 77
63 86
64 56
66 78
66 92
69 44
69 68
70 9
70 29
73 13
73 81
74 1
74 27
74 76
75 36
77 39
78 97
80 18
81 60
82 31
83 49
85 87
86 36
88 4
88 21
90 56
90 68
90 96
91 40
92 76
92 89
94 0
94 24
95 17
96 73
96 95
96 99
97 8
98 55
99 27
99 32
