# Penalty: 35298.879741419994
103
0 33
0 70
1 55
2 12
2 76
3 5
6 29
6 58
6 83
7 40
11 13
12 79
12 99
13 23
14 59
15 63
16 29
16 48
19 93
20 7
20 64
21 26
21 97
23 31
23 43
25 49
25 62
26 4
27 76
27 90
31 39
31 61
31 72
33 8
34 75
34 99
37 13
37 51
38 27
38 83
39 24
41 96
42 51
43 0
43 70
44 24
44 58
46 65
46 78
48 0
49 71
49 84
49 95
52 33
55 41
56 67
58 6
58 48
61 19
61 91
63 9
63 81
63 99
64 46
64 53
64 62
66 77
67 14
68 97
70 34
71 39
72 61
73 0
73 65
74 30
75 81
77 81
77 91
78 18
79 67
80 6
80 46
81 85
82 26
83 51
84 12
84 20
84 93
85 99
87 33
88 42
90 4
91 71
92 88
95 16
95 54
96 46
96 65
97 10
98 93
99 24
99 31
99 87
