# Penalty: 36885.33373036787
105
0 27
0 59
0 84
1 45
1 77
1 94
2 11
2 33
6 81
9 46
11 19
13 65
13 85
15 38
16 30
17 5
17 21
17 51
18 9
21 89
22 56
24 17
24 49
24 81
25 7
25 98
26 29
26 41
27 57
29 84
32 35
32 95
33 6
34 42
34 79
35 59
37 14
37 22
38 61
41 84
41 89
41 97
43 1
43 22
45 68
45 91
49 2
49 10
49 45
49 73
50 37
52 65
54 9
55 67
55 79
56 26
57 33
58 0
58 53
61 83
62 98
63 49
64 6
64 91
65 25
66 18
66 35
66 41
69 57
69 99
70 8
71 82
72 65
74 23
74 46
75 80
77 82
78 6
78 59
81 39
81 66
82 0
82 46
83 15
83 57
83 95
83 97
86 18
88 4
89 74
90 34
91 26
91 41
91 49
92 94
93 82
94 6
96 66
97 73
98 3
99 30
99 51
99 60
99 82
99 96
