# Penalty: 39360.17783340403
105
0 68
0 89
0 96
1 5
2 51
4 90
5 20
5 30
9 75
9 82
10 49
10 67
10 99
11 4
11 22
12 90
13 42
15 36
16 7
17 13
18 73
19 60
24 98
25 53
26 30
27 35
29 18
29 66
29 82
30 44
31 23
31 55
34 17
35 5
35 26
35 84
36 36
36 70
37 11
40 94
41 99
42 64
42 70
45 5
45 94
46 29
46 37
46 51
46 77
46 83
47 44
48 13
49 24
49 65
49 81
51 2
52 94
53 52
55 59
57 16
57 79
59 97
60 36
61 98
62 63
63 12
63 44
63 55
64 4
64 30
65 87
66 23
68 48
70 9
71 62
73 86
74 45
74 72
75 24
75 80
76 33
77 56
77 64
78 40
79 0
79 12
80 21
81 5
82 90
85 20
85 62
87 54
89 1
89 80
90 86
90 92
91 66
92 21
95 5
96 27
96 74
96 97
98 54
98 83
99 48
