# Penalty: 42446.61605180732
109
0 40
0 67
1 45
1 97
3 25
3 80
3 87
7 41
9 60
9 84
12 34
13 15
14 9
14 51
14 67
16 21
17 45
17 57
17 98
18 30
19 73
19 81
22 48
25 91
26 5
26 21
26 39
27 70
29 63
30 0
30 33
31 84
32 20
32 51
33 25
33 79
35 4
37 62
38 49
39 25
40 11
40 79
40 96
42 20
42 33
42 66
43 73
43 88
44 56
46 22
48 57
49 50
49 92
50 35
51 29
52 74
55 7
56 24
57 13
57 45
57 61
58 70
60 80
60 86
62 7
62 30
63 35
63 49
63 98
67 11
67 65
67 85
68 79
70 2
71 41
71 52
72 51
72 98
73 93
74 18
74 68
75 74
76 25
77 13
77 40
78 99
79 19
80 36
84 8
84 47
84 62
84 83
85 62
86 54
86 93
88 1
89 74
91 22
92 43
93 28
93 48
93 94
94 68
98 14
98 91
99 0
99 44
99 60
99 74
