# Penalty: 44264.6517982617
112
0 38
0 61
0 66
1 51
2 14
3 44
3 82
5 68
10 11
12 0
12 89
13 41
13 55
14 5
14 99
16 69
17 33
17 83
18 13
18 73
20 93
21 24
21 50
22 99
24 34
24 53
25 24
26 10
28 77
28 91
29 49
30 5
30 67
31 13
31 37
31 74
33 98
35 9
35 82
37 34
38 69
38 92
39 53
40 60
43 24
43 32
43 99
44 84
46 1
46 70
48 8
48 18
49 37
51 46
51 74
51 86
51 95
52 25
54 39
55 66
57 13
57 52
57 91
58 30
58 69
59 83
60 19
61 64
61 98
63 47
63 54
65 0
65 36
65 85
67 70
69 52
69 64
70 57
71 23
71 29
71 43
71 91
71 99
72 2
72 40
73 7
76 26
78 72
79 9
79 46
79 62
81 79
82 44
83 45
84 2
86 61
88 94
89 8
89 28
92 19
92 35
92 51
92 65
94 71
95 55
96 12
97 0
97 23
97 41
97 50
97 93
99 76
