# Penalty: 41766.584029445476
110
0 86
2 59
2 70
4 77
7 10
7 53
8 95
9 22
10 29
10 61
11 74
12 83
13 4
14 21
16 43
16 59
17 9
17 25
18 64
19 37
19 91
23 45
24 62
25 96
26 1
27 27
27 31
27 77
28 11
30 26
30 58
31 0
31 15
32 49
32 81
33 69
38 43
39 19
39 52
39 67
40 1
40 64
41 89
42 44
43 8
43 29
43 83
46 3
46 21
47 33
49 41
49 62
49 89
51 9
51 48
53 96
54 57
55 0
55 18
55 68
58 16
58 50
58 76
62 21
62 36
63 1
64 30
64 49
64 81
64 99
65 3
66 60
68 88
70 64
71 1
72 81
75 14
75 47
76 34
76 38
76 66
77 73
77 97
78 57
79 22
79 51
81 4
83 82
84 10
85 91
86 25
87 59
87 67
87 97
89 85
91 6
91 62
93 72
93 91
94 14
95 48
96 29
96 79
97 1
97 44
98 83
98 99
99 36
99 60
99 76
