# Penalty: 44190.11736043808
114
0 6
0 32
0 42
0 51
0 65
0 78
0 89
1 15
1 95
3 10
6 1
7 51
8 20
8 61
8 67
9 35
10 80
10 87
14 60
16 0
16 24
16 43
16 96
18 64
19 40
21 99
22 8
25 24
25 46
27 89
28 67
30 57
30 73
30 85
30 94
31 30
33 43
36 0
36 36
36 59
39 14
39 32
41 13
41 76
41 93
42 45
44 37
44 79
44 98
45 30
45 67
47 93
48 1
48 2
49 43
49 50
50 13
52 56
54 68
54 93
55 37
55 84
56 22
57 79
61 5
61 16
61 41
61 70
62 0
62 94
64 36
67 18
67 63
69 25
69 40
69 92
71 9
71 31
71 57
73 85
74 78
76 54
76 86
77 25
77 70
78 97
79 12
80 5
80 18
80 38
80 79
83 44
84 1
85 33
85 91
85 94
86 7
86 77
87 60
88 48
89 64
93 45
93 53
94 37
94 87
95 0
95 27
95 99
96 6
96 81
97 11
97 20
97 31
97 69
