# Penalty: 54008.93648430363
124
0 2
0 22
0 49
0 67
0 80
0 96
1 38
3 63
4 29
5 17
7 39
8 10
8 48
8 68
8 89
10 0
10 64
11 18
12 99
15 12
15 28
15 75
16 44
16 58
16 93
17 82
18 0
19 20
19 27
21 49
23 61
24 10
24 33
24 78
26 96
28 26
28 41
29 17
29 49
29 65
30 7
30 73
32 0
32 33
35 21
35 47
35 91
37 6
38 66
38 82
39 58
40 18
40 27
40 98
41 40
42 87
43 45
44 59
45 52
45 66
45 80
47 4
47 12
47 22
48 0
50 46
51 93
52 28
52 76
54 9
55 21
55 50
57 69
57 99
58 33
59 4
59 44
61 13
61 66
61 86
64 0
64 80
65 8
65 58
66 27
66 92
68 32
68 72
71 0
71 80
72 55
72 67
73 12
73 20
73 41
76 92
77 15
77 34
77 59
78 56
79 5
83 10
83 26
83 54
83 71
83 83
84 29
84 95
87 41
88 67
90 3
90 19
90 37
91 51
91 92
93 73
94 9
94 31
95 78
97 48
98 20
99 1
99 65
99 99
