# Penalty: 38923.09080892757
105
0 7
0 11
1 62
1 86
2 33
4 67
5 77
6 45
8 83
9 22
9 97
10 16
11 40
12 4
13 27
13 52
15 69
16 18
18 56
19 2
20 5
22 66
24 74
24 98
25 24
25 40
26 36
26 82
28 1
29 9
29 55
29 78
31 4
32 37
32 62
34 17
35 82
36 74
36 88
37 10
37 33
37 58
37 94
39 24
39 99
40 63
42 49
43 56
44 70
44 86
45 44
46 28
46 96
47 0
47 10
48 16
48 23
48 90
49 43
50 75
52 76
56 86
57 3
57 62
58 46
59 31
60 87
61 99
63 7
63 17
63 25
63 35
66 66
68 99
70 80
71 43
71 60
73 32
74 65
74 89
75 7
75 14
75 50
76 24
76 41
77 98
78 0
79 80
81 33
81 91
83 55
84 98
87 3
87 17
88 26
90 10
92 19
93 46
93 65
95 46
95 89
96 77
96 83
97 27
97 39
