# Penalty: 46309.2171913511
118
0 4
0 25
0 35
0 99
1 53
2 39
2 69
3 85
4 29
5 6
6 88
8 63
8 70
9 12
9 40
9 48
10 55
12 76
12 88
14 26
16 0
18 20
18 35
18 92
19 98
21 2
22 75
23 40
24 15
24 34
25 61
25 94
26 82
27 20
30 1
30 99
31 70
31 80
32 31
32 87
34 8
34 15
34 29
34 48
35 65
37 56
38 48
39 11
39 42
40 32
40 93
43 23
44 69
46 62
46 96
47 23
47 84
48 38
49 80
50 10
51 28
55 64
55 97
56 0
56 59
57 9
57 83
60 63
60 75
62 15
62 22
62 28
62 98
63 81
64 36
65 97
66 0
67 20
69 32
69 50
70 0
70 44
73 36
73 56
74 7
74 15
74 20
74 47
76 63
76 93
79 20
80 39
81 96
81 99
82 74
83 22
83 90
84 1
85 13
85 81
86 50
88 78
89 38
90 31
90 55
91 13
92 63
93 7
95 62
95 71
97 23
97 29
97 42
97 86
99 4
99 38
99 70
99 75
