# Penalty: 39673.617301765385
106
1 32
1 80
3 66
4 88
4 94
8 30
8 42
9 11
10 23
11 92
13 6
13 55
14 0
14 37
16 77
18 62
19 22
20 27
21 6
21 33
21 56
21 81
21 99
23 71
23 95
26 62
27 86
28 44
28 50
29 0
29 22
29 93
30 73
31 37
31 78
32 12
33 21
34 65
36 27
37 92
38 62
39 7
39 75
42 57
43 42
43 85
44 99
47 47
47 69
48 63
49 54
50 13
51 0
51 25
53 94
55 9
56 98
58 35
59 28
61 73
61 88
62 46
63 62
64 65
65 0
66 6
66 33
66 57
67 93
68 17
68 93
69 23
71 10
72 47
73 54
74 34
74 80
74 98
75 20
78 39
80 34
80 66
80 72
82 87
83 4
84 44
85 59
86 19
87 13
88 30
89 52
89 72
89 86
91 3
91 67
92 33
93 22
96 38
96 52
97 10
97 65
98 4
98 46
98 87
98 99
99 73
