# Penalty: 36129.43223947918
101
0 5
1 45
2 53
3 24
3 39
7 56
10 38
11 64
12 32
13 89
14 80
15 1
16 6
19 32
21 18
21 54
22 74
22 90
22 99
23 1
26 34
26 59
27 40
27 69
28 14
28 79
28 92
29 55
30 74
31 20
32 0
32 90
33 43
33 49
34 35
35 20
35 79
36 63
38 94
39 5
42 30
42 48
42 77
42 91
44 1
45 3
46 56
46 63
47 18
47 77
48 32
48 68
50 84
50 94
51 27
53 17
54 61
57 50
58 43
58 90
59 33
59 74
59 83
61 57
63 16
63 94
64 39
66 72
67 24
69 18
72 78
73 34
73 73
75 66
76 2
76 46
76 58
77 14
77 50
78 73
79 26
79 92
81 47
82 91
83 65
85 4
86 31
90 93
91 69
92 15
93 6
94 59
94 79
96 36
96 53
96 97
97 91
98 45
98 55
98 74
99 28
