114
0 99
1 3
1 67
2 14
3 32
3 43
4 49
6 21
7 72
7 78
7 94
8 88
9 63
12 53
13 22
13 32
14 13
16 74
16 87
16 95
18 38
18 48
18 61
18 69
22 30
22 52
22 90
23 79
24 13
25 25
25 40
26 73
27 58
28 3
28 6
29 53
30 68
30 91
31 76
33 18
34 37
35 13
35 40
36 63
37 71
37 88
39 28
40 36
40 43
41 78
41 89
43 51
44 19
46 9
46 41
47 75
47 94
48 59
51 17
51 67
52 31
53 36
54 52
54 65
55 10
55 86
56 24
60 5
61 66
61 91
62 22
62 33
64 89
64 97
65 39
66 81
67 23
68 43
70 85
70 93
71 0
71 30
71 64
73 15
73 58
74 86
76 44
76 72
77 1
78 27
78 62
80 5
80 97
81 57
82 37
83 50
83 71
86 5
87 27
88 21
89 81
91 58
92 20
92 44
93 77
94 63
96 16
96 35
97 46
97 77
97 90
97 97
98 30
99 0
