108
0 52
3 10
3 64
4 19
4 88
5 37
5 55
7 6
7 81
7 98
8 76
9 33
9 50
10 2
11 42
13 21
14 11
14 87
15 28
17 60
17 77
18 15
18 97
19 51
20 31
21 1
21 70
22 8
22 62
25 20
26 38
26 77
27 91
28 6
30 43
30 70
32 37
32 90
34 9
34 74
34 81
36 41
36 51
36 56
37 78
38 16
38 99
39 45
41 11
43 32
43 72
44 63
45 84
47 95
49 13
49 46
50 89
51 4
51 30
53 9
53 67
55 0
55 87
56 54
57 11
57 38
57 43
58 25
60 5
61 17
61 68
61 89
62 55
62 65
64 96
66 48
67 3
69 25
69 42
69 77
70 47
71 32
71 95
72 63
74 55
75 24
78 34
79 9
81 2
81 18
81 49
82 25
82 64
84 69
85 92
87 58
88 24
88 38
89 2
89 11
92 6
92 42
93 64
95 22
95 54
97 75
97 88
98 46
