104
0 66
0 72
2 83
3 5
5 70
5 87
7 78
9 50
10 27
11 44
12 33
12 64
15 82
16 24
17 6
20 35
20 68
21 6
21 14
21 42
21 50
21 61
22 27
23 96
27 24
28 18
28 34
30 84
30 99
31 46
32 40
32 63
33 32
33 78
35 14
35 82
39 21
39 61
41 39
41 79
43 0
44 54
44 71
44 93
45 63
48 19
48 24
48 42
48 87
49 37
52 3
52 47
53 9
53 58
54 90
55 1
56 22
56 35
56 75
57 27
57 50
60 16
60 28
62 0
63 18
63 77
63 89
64 46
65 59
65 74
67 63
68 5
69 91
70 76
71 31
71 42
71 53
72 13
73 57
75 34
75 69
76 96
77 7
77 73
77 90
79 52
79 84
80 28
82 69
84 40
84 95
86 20
86 80
87 8
87 70
88 61
89 3
89 36
89 74
94 87
96 78
97 92
98 55
98 63
