109
0 49
1 3
2 78
3 30
3 42
4 59
5 12
7 90
8 26
8 84
9 40
11 63
12 66
12 79
13 4
13 14
14 73
16 41
18 23
18 57
18 85
20 46
21 8
21 35
23 75
24 18
25 47
25 67
25 93
29 55
29 66
29 98
31 12
33 38
34 41
35 9
35 77
35 99
36 18
36 86
38 56
38 66
41 14
41 26
41 97
42 72
43 87
44 7
44 19
44 38
44 55
44 82
47 43
47 63
47 75
48 16
48 93
49 35
51 49
55 59
56 47
59 55
60 37
61 28
61 84
62 6
64 2
65 95
66 63
67 53
67 75
67 85
69 10
69 15
69 29
69 39
70 70
70 80
72 5
75 49
76 24
77 32
77 67
79 56
79 73
80 43
81 3
81 13
84 56
84 94
85 6
85 29
86 47
86 66
86 74
86 81
87 23
87 40
88 95
89 12
90 55
92 34
92 67
92 85
96 72
96 88
97 13
97 22
98 60
