113
0 5
0 98
1 51
2 71
4 28
4 37
4 67
4 78
4 95
5 4
5 19
5 58
9 71
10 14
11 46
11 57
12 12
12 91
13 23
14 0
14 63
16 31
16 46
16 77
18 92
20 9
20 86
21 40
21 46
21 71
24 64
25 32
27 9
27 43
27 69
27 96
28 27
28 81
28 96
29 57
30 49
31 31
33 25
33 66
33 78
33 87
34 39
36 81
37 12
40 1
41 52
41 56
41 77
42 18
42 25
43 82
45 39
45 66
46 0
48 48
49 24
50 7
50 41
50 63
50 70
52 15
53 58
54 89
56 27
56 35
57 10
58 54
60 2
60 81
63 16
64 26
64 67
64 90
66 85
67 35
67 73
69 11
70 51
74 22
74 29
76 7
76 45
76 89
76 99
77 36
79 27
79 77
81 47
83 23
83 86
83 89
84 39
86 9
88 17
88 26
89 39
89 70
90 57
91 3
91 24
93 13
93 40
94 69
94 95
98 21
99 42
99 50
99 63
