112
1 5
1 62
2 28
2 85
2 93
5 69
5 98
6 74
7 25
8 15
8 61
10 3
10 58
10 92
13 41
14 30
15 6
15 18
16 45
16 53
17 91
18 78
19 19
20 94
23 57
23 62
24 6
24 36
24 42
25 77
26 51
26 91
28 97
29 1
29 52
30 45
31 18
31 65
33 83
33 91
34 27
35 77
38 21
41 9
41 23
41 34
42 66
42 74
43 37
43 83
43 94
44 4
46 58
47 97
49 14
49 45
50 3
50 35
51 77
52 17
54 30
54 49
54 51
56 78
58 65
58 70
60 31
60 86
61 7
61 40
63 20
63 53
65 15
66 58
66 67
68 40
70 20
70 55
70 84
72 94
73 37
74 63
75 70
76 11
76 49
77 26
79 67
79 81
80 21
80 75
80 92
81 31
83 0
83 58
84 87
85 17
85 48
87 75
88 62
88 97
89 79
91 30
93 21
93 67
94 43
96 10
96 28
97 51
97 96
98 35
98 55
99 78
