97
2 3
5 4
6 48
7 72
9 57
9 86
11 45
12 89
15 37
15 62
16 31
16 84
17 26
18 18
19 48
19 89
20 55
23 33
23 73
26 94
29 36
29 47
30 8
31 82
32 30
33 23
33 53
34 41
34 71
34 97
38 58
39 15
39 17
40 50
41 72
41 86
42 56
42 92
44 13
45 35
45 39
48 19
48 47
48 82
48 88
50 27
51 61
51 69
51 97
54 23
56 81
57 18
60 33
61 43
62 66
62 99
63 12
63 26
63 82
64 70
64 85
66 34
68 49
69 10
69 27
69 46
72 18
73 40
73 88
74 63
74 82
76 43
78 10
78 74
79 58
79 96
80 69
80 88
81 31
81 51
83 61
84 49
85 22
86 97
87 13
87 28
87 72
89 48
90 54
91 64
94 32
96 49
97 84
97 94
98 28
98 59
99 68
