110
0 61
1 53
2 5
3 77
4 29
5 58
5 94
7 8
7 51
7 92
10 76
11 13
11 25
12 57
12 71
12 88
12 98
13 35
13 65
14 40
14 52
15 22
15 79
18 29
18 97
19 53
22 4
22 20
22 83
23 43
23 77
24 52
25 17
25 92
26 8
27 25
29 62
29 97
30 34
30 76
34 14
36 67
37 31
38 6
38 94
40 67
41 11
41 18
41 80
42 90
44 75
47 10
47 53
47 60
47 93
50 22
50 27
50 45
50 77
51 37
52 12
53 61
53 90
56 18
56 97
60 91
61 26
61 69
62 42
62 56
63 3
63 13
63 20
63 84
64 11
66 67
66 75
66 98
68 19
69 1
69 57
73 12
73 78
74 63
74 96
76 28
77 25
78 2
81 36
81 81
82 7
82 19
84 53
84 58
84 73
87 40
87 63
89 89
90 3
90 5
90 46
93 16
93 85
94 65
94 96
95 48
96 5
97 28
97 35
97 59
