106
0 98
1 93
2 29
2 38
2 67
3 0
3 71
4 23
5 99
6 13
8 33
9 4
10 20
11 65
12 6
13 98
14 49
14 71
16 50
16 60
16 93
17 38
20 65
20 75
22 8
22 46
22 92
25 40
26 51
26 97
27 20
29 84
29 89
30 78
31 25
31 30
32 8
32 56
36 22
37 35
37 49
37 91
39 83
40 9
41 59
43 22
45 12
48 64
49 39
49 52
49 75
49 90
50 0
50 27
50 86
54 41
54 67
55 6
55 15
55 27
56 72
57 38
57 96
59 12
59 90
60 2
61 50
61 77
62 64
62 71
63 7
65 19
65 35
65 90
68 61
68 98
70 53
71 11
71 68
72 90
73 24
77 63
78 49
79 25
79 93
81 34
82 13
83 88
85 58
85 98
86 65
87 3
92 20
92 62
93 29
93 86
94 14
94 46
94 68
96 78
97 2
97 36
97 98
98 23
98 89
99 68
