112
0 17
0 46
1 94
2 10
2 58
2 71
3 19
3 38
5 57
8 69
8 80
8 86
10 44
11 9
11 22
12 55
13 15
13 51
15 30
16 74
17 83
18 3
18 44
19 65
20 93
21 26
21 58
24 1
24 36
24 52
27 21
27 28
27 98
28 75
30 37
30 59
33 21
34 0
34 92
35 44
35 79
36 66
37 13
37 59
40 5
40 92
42 55
42 72
43 40
43 79
46 15
46 19
46 48
47 89
48 4
48 99
52 57
53 9
55 36
55 55
55 93
56 31
56 66
58 45
60 86
61 79
62 22
62 51
64 75
65 36
66 1
66 11
66 82
68 64
69 19
69 29
69 45
70 92
71 29
72 4
75 12
77 19
78 62
78 83
78 96
79 39
79 50
81 1
82 93
83 28
85 7
85 51
85 86
87 14
87 77
88 39
88 86
89 22
89 32
89 60
90 93
92 64
94 8
95 14
95 62
96 33
96 47
97 53
97 77
97 93
98 85
99 70
