103
0 36
0 67
1 53
2 97
3 19
4 85
7 14
7 49
7 58
7 77
9 45
11 88
12 4
14 67
16 96
17 86
18 13
19 29
19 71
21 42
21 89
22 53
23 60
23 79
24 37
24 47
25 2
26 10
27 59
27 81
28 18
28 92
29 28
31 25
32 42
32 75
33 66
35 9
35 25
37 46
37 53
39 9
39 41
41 35
42 3
43 66
43 86
46 77
46 90
49 42
49 84
50 10
50 64
52 31
52 53
53 21
53 42
54 67
57 13
58 36
58 74
60 6
60 48
61 30
61 61
61 99
63 79
64 11
65 3
66 25
68 11
68 34
70 70
73 35
73 54
74 63
78 46
78 84
78 94
79 26
80 12
80 54
83 67
85 77
86 56
87 47
87 98
89 17
89 25
90 6
92 69
92 83
93 41
93 92
95 3
95 32
96 10
96 25
96 79
97 1
97 18
99 83
99 97
