104
0 2
0 18
0 28
0 34
3 10
3 52
3 89
3 91
4 64
4 76
8 34
9 43
10 94
11 10
11 51
13 20
15 17
15 41
15 79
15 90
16 69
17 11
19 51
21 40
21 76
21 92
24 15
24 61
25 26
25 37
25 52
26 23
26 98
27 85
30 3
30 7
30 15
30 66
31 79
33 90
35 55
36 6
36 22
36 42
36 79
36 89
37 17
40 60
40 67
41 46
41 72
42 15
42 39
46 30
47 26
47 92
48 2
49 46
50 94
51 21
51 60
52 7
55 44
56 27
56 39
56 82
57 18
58 11
59 1
60 49
61 87
62 82
63 8
64 2
64 25
65 57
66 6
66 36
67 14
67 93
70 98
72 85
73 21
75 39
76 7
77 61
78 42
80 8
82 66
82 82
84 1
84 57
84 73
84 99
86 34
86 88
87 42
89 25
93 54
94 72
95 4
96 22
96 60
98 36
