103
0 31
0 52
1 18
3 3
3 12
3 58
3 86
4 20
6 45
8 8
8 54
8 70
9 78
11 89
12 42
12 64
12 98
13 13
13 33
14 48
15 9
15 52
16 18
18 70
18 92
19 43
20 27
20 61
21 4
21 54
22 84
23 38
24 0
25 99
26 24
27 71
29 36
31 45
31 98
32 11
33 83
34 56
37 36
37 97
38 21
39 39
41 62
42 3
42 30
44 74
45 41
48 32
49 99
50 77
51 13
52 17
55 84
56 36
58 41
58 59
59 25
60 60
61 4
61 30
63 17
64 2
65 49
66 27
66 97
67 37
68 11
71 53
71 57
71 87
73 31
74 78
74 93
75 12
75 68
76 36
78 88
79 55
79 59
79 64
80 75
81 92
83 96
84 85
85 47
86 13
86 19
86 75
89 70
91 7
92 18
93 78
93 88
94 44
95 53
97 65
98 88
99 4
99 66
