107
0 46
0 83
1 35
1 90
2 11
2 52
4 73
5 6
5 64
5 84
6 20
6 98
7 57
8 27
8 34
8 68
9 83
11 41
12 44
13 93
14 37
15 60
16 6
19 22
19 96
20 45
20 53
22 55
24 64
24 76
24 91
25 8
25 73
26 2
28 58
29 46
30 96
31 78
33 38
33 67
34 6
35 53
35 92
36 39
36 88
38 97
39 1
39 14
40 45
41 7
41 23
41 65
41 75
45 11
47 23
47 37
47 74
49 29
53 49
54 35
54 55
55 19
55 70
59 69
60 4
61 59
61 81
62 84
64 8
65 28
66 17
66 62
66 74
68 43
70 50
71 4
71 7
71 75
72 29
73 15
73 64
75 86
77 23
77 41
79 73
79 90
80 9
80 30
80 66
82 2
83 20
83 58
85 6
87 10
87 73
88 84
90 42
91 23
91 49
93 60
93 62
94 10
95 2
95 78
96 31
97 41
98 94
