114
0 8
1 92
2 29
2 84
3 4
3 23
4 34
4 68
5 59
6 79
6 90
7 99
9 15
9 26
11 47
14 58
15 4
15 29
15 74
15 91
18 20
19 60
20 80
21 48
22 39
24 30
27 5
27 15
27 60
27 73
28 50
29 43
29 88
30 10
31 96
32 2
33 62
33 91
35 28
35 43
37 18
37 81
38 67
39 33
39 49
40 8
40 58
40 79
42 49
43 2
46 21
48 64
48 85
49 43
50 33
52 13
52 43
55 2
56 32
57 21
57 72
59 97
61 57
61 81
62 46
62 84
63 4
64 76
65 33
66 26
67 11
68 59
69 64
69 75
70 41
71 6
71 25
73 3
74 86
75 65
76 19
77 34
79 44
79 54
80 12
81 26
83 44
83 64
83 92
85 15
86 57
87 34
88 25
89 16
89 40
89 63
89 99
90 84
92 55
93 83
93 90
94 49
94 74
95 59
95 96
96 66
97 6
97 13
97 29
98 0
98 41
98 87
99 20
99 77
