107
0 5
0 63
1 92
2 9
3 36
4 30
4 47
4 81
4 97
6 19
7 41
7 54
10 25
10 34
10 76
11 63
11 89
14 53
14 74
15 10
18 37
19 46
19 56
23 28
24 9
24 48
24 82
25 1
25 19
25 64
27 40
27 53
27 93
30 48
30 70
31 24
31 75
32 41
32 81
34 9
35 70
36 20
36 88
37 58
37 96
38 48
39 43
40 10
42 77
44 64
47 52
48 38
48 93
49 4
49 8
49 14
49 22
50 44
52 50
52 71
54 29
55 62
57 13
58 35
58 83
59 6
59 94
60 71
62 45
62 76
63 53
63 89
64 66
65 11
65 18
66 90
67 1
68 28
68 98
69 45
72 11
72 93
73 19
73 37
74 61
75 77
77 59
78 12
78 55
78 67
78 84
79 42
79 97
81 89
84 42
84 81
85 91
86 11
86 26
86 76
87 61
91 57
92 99
95 60
95 94
96 72
98 38
