110
2 69
2 82
2 91
4 46
4 79
5 3
5 10
7 31
8 88
10 43
10 52
12 15
12 56
12 62
13 22
13 69
13 96
14 50
15 14
15 86
17 7
17 31
19 48
19 58
20 79
21 72
23 65
25 6
25 29
25 40
25 47
25 58
28 92
30 66
31 11
31 51
32 24
33 33
33 39
33 75
33 98
35 3
35 64
36 89
37 80
39 52
40 15
40 28
44 69
45 76
46 4
46 36
46 48
46 64
47 56
49 73
50 13
52 99
53 7
53 37
54 89
56 28
56 44
57 67
59 53
60 81
61 22
61 70
62 86
65 24
65 41
66 5
66 66
68 82
69 57
69 88
70 11
71 19
71 46
71 95
73 70
74 28
75 53
77 11
77 83
78 2
78 36
78 42
80 21
83 85
84 52
85 10
87 11
87 26
87 62
89 42
89 95
90 19
90 38
90 70
91 1
93 9
93 45
95 51
96 83
97 2
97 65
97 78
98 14
99 90
