104
1 18
1 61
2 28
4 46
6 58
6 86
7 43
7 79
8 10
8 18
9 74
10 96
12 40
12 76
14 25
16 85
17 65
17 95
18 30
23 13
23 38
24 21
25 60
25 76
27 91
28 29
28 48
28 66
29 23
31 59
31 76
32 41
34 73
34 91
34 98
37 56
37 82
38 9
39 27
41 48
41 89
42 34
42 80
43 19
44 14
45 95
48 52
49 41
49 88
50 73
51 20
54 27
54 88
56 41
56 55
56 67
59 75
60 10
61 23
61 47
61 79
62 33
64 48
64 69
64 96
66 38
67 25
67 66
67 83
68 10
69 75
71 26
73 16
73 49
74 84
75 38
75 55
76 10
76 30
76 69
76 94
79 95
80 18
80 50
80 87
81 60
83 40
85 47
85 74
86 27
86 59
86 92
87 90
88 13
92 10
92 71
93 90
94 27
94 35
94 51
95 21
97 61
97 83
98 63
