109
1 45
1 52
1 75
1 86
2 37
3 8
3 69
3 91
4 25
6 54
7 30
9 96
10 44
11 3
11 14
11 19
11 50
12 29
12 74
12 85
14 8
14 37
17 31
17 57
18 20
19 1
19 96
21 14
23 33
23 49
23 63
24 99
27 77
27 91
29 62
30 18
30 27
30 52
31 13
33 6
33 67
33 80
33 93
37 47
39 88
40 62
41 34
41 93
43 20
44 68
46 3
46 45
47 28
47 96
48 37
49 32
49 53
50 77
52 13
52 91
53 53
54 63
55 7
55 81
56 20
57 15
58 92
59 69
59 98
60 37
61 85
62 62
63 28
64 76
65 3
65 35
67 77
67 82
67 94
68 17
72 75
73 22
73 96
75 46
77 10
79 42
79 87
80 78
81 1
83 50
84 61
84 91
85 4
88 2
88 21
88 40
88 65
89 55
89 95
93 52
93 72
93 85
94 2
95 28
96 77
96 96
98 44
98 50
98 64
