98
0 48
1 25
3 31
4 41
4 69
6 29
7 96
8 23
8 51
10 3
10 89
12 10
12 80
15 13
16 36
17 70
18 4
18 54
18 64
19 92
20 86
22 98
23 15
23 38
23 67
23 82
28 10
28 22
31 56
32 48
32 70
32 84
33 35
35 18
37 25
38 5
39 43
39 58
39 64
40 95
41 76
43 53
43 62
45 25
45 83
49 16
49 45
49 95
51 40
51 82
52 7
52 65
53 27
56 49
56 55
57 39
58 5
58 66
58 82
61 56
63 13
64 86
68 8
68 15
69 26
69 51
69 66
70 76
71 42
72 36
72 56
73 87
75 48
78 33
78 64
79 55
80 89
81 18
81 41
82 33
83 9
85 2
86 65
86 81
87 25
87 89
88 14
88 69
90 80
91 56
94 4
94 42
95 30
96 59
98 34
98 51
98 85
99 27
