86
2 33
2 82
3 39
3 44
4 17
4 48
4 65
5 12
5 23
5 75
6 94
7 90
8 83
9 69
9 98
10 34
10 64
10 93
11 39
11 56
13 21
13 75
15 16
16 46
16 53
16 70
16 90
16 96
17 30
18 22
18 40
19 59
19 68
20 78
23 77
24 38
24 49
25 96
26 65
26 70
26 89
26 94
27 29
27 54
28 41
31 35
32 69
32 82
34 94
35 39
35 55
35 63
35 71
36 76
37 99
38 68
39 84
40 49
44 79
45 93
46 56
46 63
49 86
49 99
50 53
50 73
51 69
53 76
54 60
57 66
57 82
58 88
60 94
63 73
63 79
64 66
67 90
68 99
70 75
73 93
74 87
75 99
81 88
81 97
89 92
92 96
