105
2 19
2 46
3 29
3 62
3 78
3 87
4 10
6 67
6 97
7 23
9 15
9 71
10 21
10 37
10 87
12 96
13 10
13 54
15 30
15 91
16 77
19 51
20 9
20 16
23 11
23 94
26 3
27 32
28 47
30 24
31 56
32 18
33 79
33 99
34 45
35 62
36 96
37 4
37 35
38 84
41 96
42 12
42 42
43 0
44 72
45 5
45 35
45 60
45 85
46 18
48 25
48 65
49 46
49 90
52 6
52 39
53 72
53 81
54 51
55 22
56 32
57 59
58 1
58 82
59 66
60 8
60 99
62 36
62 72
64 65
65 28
67 3
67 95
68 14
68 60
68 67
68 88
72 31
72 48
72 79
73 3
73 38
73 59
75 20
76 25
77 93
79 74
79 87
81 13
81 49
82 69
83 57
85 7
85 38
85 85
86 25
86 53
88 80
89 94
93 78
94 29
95 43
95 60
97 49
99 22
