109
0 46
0 82
2 15
4 26
4 57
4 76
6 15
7 52
9 58
9 77
10 84
11 45
12 31
13 21
13 96
16 12
16 73
17 26
18 65
20 48
22 11
23 66
24 28
24 76
27 87
28 51
28 96
31 15
31 82
33 34
33 61
33 71
34 20
35 41
36 45
36 93
37 3
39 63
41 83
41 94
42 6
42 57
43 10
43 27
44 90
46 34
46 73
48 88
49 50
51 96
52 16
53 5
54 29
54 44
54 57
56 73
57 84
58 71
59 8
59 39
59 85
59 97
61 65
61 93
62 60
64 11
66 21
67 68
67 78
68 27
68 51
70 18
71 96
72 33
72 59
73 79
75 45
76 26
76 58
76 64
78 91
79 0
79 17
79 38
80 47
81 85
83 25
83 88
84 61
85 2
85 19
87 71
88 54
88 57
88 80
89 96
90 42
91 5
91 68
92 15
92 98
93 34
94 54
95 22
96 72
97 46
97 59
98 83
99 1
