94
0 98
1 11
4 3
4 19
4 84
5 32
6 93
8 41
9 16
10 8
10 62
10 99
12 48
12 75
14 4
14 67
14 82
16 27
16 54
17 14
18 45
19 0
19 7
19 20
19 69
20 31
20 88
20 96
23 40
24 23
24 60
26 27
26 47
26 78
28 20
28 67
29 84
29 95
30 34
31 7
31 26
33 94
34 43
35 33
37 15
37 59
37 85
39 89
40 38
42 73
43 32
44 9
44 19
47 5
49 48
49 60
50 23
50 96
52 15
54 68
55 42
56 35
58 55
61 9
61 18
62 57
63 94
64 69
67 1
67 8
68 47
69 65
70 71
73 21
73 54
73 80
74 92
75 13
75 88
79 5
82 78
83 52
83 88
85 21
88 69
88 86
92 44
93 92
95 29
95 84
96 35
97 98
98 89
99 49
