107
0 79
1 86
2 33
2 42
3 7
5 29
5 57
5 64
6 72
6 85
7 24
7 94
9 9
9 78
10 36
12 64
13 28
13 46
13 51
15 33
16 17
16 73
17 70
18 0
21 31
21 88
22 18
22 46
23 7
23 59
24 28
24 71
26 53
27 70
31 20
31 36
31 87
31 95
33 87
35 8
35 30
35 39
35 47
35 52
35 70
38 58
39 4
40 94
41 21
42 43
43 81
44 36
45 10
47 81
48 59
49 72
49 97
50 52
51 6
51 21
51 41
52 4
53 77
55 72
56 29
56 89
58 37
60 11
60 83
62 50
63 46
64 5
65 23
67 19
68 49
70 5
71 77
72 15
73 42
73 81
74 25
74 62
75 52
75 96
77 36
78 90
79 49
79 99
81 27
82 7
82 13
83 67
84 37
84 59
86 10
86 91
88 17
89 33
89 47
89 80
91 54
92 90
93 42
94 10
96 31
96 58
96 71
