104
1 60
3 7
3 35
4 27
4 90
6 2
6 21
6 75
7 48
8 4
8 15
10 47
10 83
11 50
12 12
12 64
13 26
13 36
13 89
13 94
15 17
15 68
17 45
18 76
19 31
20 34
21 59
22 91
24 22
24 81
25 32
25 49
26 14
26 55
26 65
29 7
29 72
29 85
30 32
30 61
30 77
33 94
36 21
36 39
36 64
39 5
39 44
39 74
39 96
41 33
42 53
45 70
46 7
46 36
46 91
50 13
51 22
52 65
56 46
56 72
56 84
57 34
57 58
57 73
61 81
62 23
62 63
63 16
63 37
67 63
67 99
68 70
68 85
69 34
69 57
72 10
73 26
74 68
75 1
75 33
75 46
75 94
82 97
83 25
83 37
85 2
86 62
86 75
86 98
87 9
87 48
87 83
87 89
88 30
89 46
91 17
91 71
92 38
93 82
95 52
95 95
97 31
98 73
99 64
