104
1 7
2 27
2 77
2 82
3 18
3 53
5 84
6 34
6 98
7 46
7 54
8 58
9 91
10 8
10 15
11 73
13 39
13 83
15 92
16 0
16 73
17 59
18 45
19 52
20 38
21 4
21 13
21 86
23 93
25 48
25 78
26 22
28 69
30 1
32 44
32 58
32 72
34 29
34 35
34 82
37 23
37 68
39 45
39 91
42 72
43 2
44 7
44 19
45 87
47 14
48 61
50 78
50 95
51 4
51 66
52 25
52 32
52 44
55 58
55 74
55 85
58 81
59 47
60 57
62 29
62 79
64 96
66 16
68 11
68 54
69 68
70 83
72 7
73 51
74 22
74 74
74 88
75 3
75 67
75 83
77 38
77 60
78 84
79 95
80 37
81 72
81 76
84 25
85 12
88 93
89 21
89 62
91 6
92 43
92 75
94 14
94 55
96 34
96 48
96 82
96 93
97 24
99 3
99 61
