111
1 79
1 95
2 21
2 57
4 27
4 69
5 7
5 37
8 51
9 23
9 43
10 35
10 86
10 95
12 30
12 64
14 41
15 83
16 78
17 56
18 71
19 91
20 7
20 15
21 18
21 46
22 76
22 91
23 25
23 61
25 53
26 42
28 34
29 1
29 99
30 59
31 29
31 72
32 27
33 53
34 20
34 91
35 7
38 67
38 70
40 25
40 52
42 4
42 90
42 95
44 16
44 33
45 50
45 57
47 60
48 64
51 80
51 95
52 5
52 27
52 39
52 89
54 75
55 13
55 67
56 0
57 41
57 82
58 21
58 73
61 58
61 88
62 10
62 52
62 77
64 23
65 30
67 42
68 2
68 52
69 39
69 62
70 17
71 8
73 56
73 79
77 49
78 4
78 42
79 71
80 0
80 14
80 83
81 96
82 39
84 57
84 77
85 25
85 89
88 69
88 80
90 98
91 49
92 33
93 84
94 1
95 30
96 77
97 40
99 24
99 64
