106
1 21
1 39
1 94
2 3
2 8
3 26
3 46
3 57
3 81
4 13
4 74
7 29
8 18
8 39
10 92
10 96
12 62
13 14
14 28
15 80
16 72
16 91
18 6
19 2
20 30
21 95
22 10
22 54
24 22
24 35
24 48
24 88
25 85
28 75
29 32
29 42
30 18
32 24
32 62
34 7
34 42
34 75
34 88
34 94
38 60
38 94
39 44
40 41
40 84
41 17
44 6
44 82
46 96
47 22
47 31
47 43
48 51
48 57
48 91
49 66
52 3
53 13
53 95
55 72
56 1
56 35
56 46
58 19
60 24
60 89
61 43
62 12
63 60
63 64
63 96
66 14
66 81
67 74
69 83
70 27
71 42
71 89
72 0
72 11
73 77
74 24
74 39
74 52
79 60
80 32
83 73
84 2
84 22
84 55
85 88
89 65
90 30
90 36
91 44
91 96
93 11
93 61
93 87
94 81
95 27
97 86
