106
1 51
2 30
4 77
6 14
6 32
8 89
9 1
11 34
11 53
12 64
14 71
15 28
15 77
17 0
18 50
19 71
20 9
21 15
21 59
21 86
22 65
24 53
24 75
25 92
27 0
27 40
28 29
29 11
31 58
33 3
33 99
34 37
35 48
37 23
37 71
37 88
38 55
39 64
43 18
43 94
44 13
45 26
45 46
46 73
47 59
47 90
48 37
48 80
49 73
51 18
51 57
52 38
54 27
54 92
55 67
55 76
56 1
56 19
56 54
57 47
58 61
59 24
59 34
61 93
62 3
62 20
63 74
66 29
66 49
68 14
68 44
68 66
71 68
72 7
74 19
74 85
75 63
76 0
77 9
77 95
78 13
79 27
80 37
81 53
81 77
84 16
85 25
85 84
86 69
87 40
88 55
89 32
90 22
90 79
92 7
92 47
92 65
94 27
95 95
96 11
96 72
96 90
96 93
98 2
98 35
98 84
