105
0 18
1 72
2 56
3 22
3 28
3 92
4 3
4 96
5 38
6 64
6 83
7 8
9 20
9 35
10 59
10 68
12 99
13 5
15 51
18 73
19 10
20 15
20 44
20 58
20 94
22 53
22 81
23 28
26 5
27 38
30 30
30 72
31 91
32 6
32 17
32 47
32 82
33 24
34 65
37 91
38 73
40 2
40 26
40 51
41 37
41 83
44 8
44 15
46 24
46 29
47 77
49 50
49 82
50 97
51 35
52 12
53 26
54 90
55 44
55 76
56 33
56 71
56 84
57 62
59 16
60 52
60 78
61 87
62 9
62 68
63 43
63 65
63 97
64 2
66 84
68 62
69 22
72 10
72 97
73 2
73 51
73 84
78 22
80 13
80 35
80 57
80 77
81 80
85 53
86 18
86 40
86 67
87 29
87 80
88 87
89 14
89 74
90 96
91 4
91 26
92 58
92 66
94 78
94 85
95 42
