118
0 69
0 84
1 12
1 36
1 51
1 94
3 71
4 22
7 60
8 54
9 18
9 44
9 98
10 34
11 0
13 79
13 90
15 56
16 43
16 65
17 80
18 17
18 69
18 93
20 3
21 10
21 56
21 87
22 33
24 36
25 25
25 75
26 5
26 62
27 31
27 46
28 12
28 18
28 74
28 92
29 23
34 14
34 56
34 81
36 67
37 63
39 85
40 7
40 24
41 45
43 2
44 90
45 66
45 98
46 18
46 23
47 13
48 50
52 14
52 33
52 39
52 75
53 63
54 81
55 46
57 91
58 21
58 31
58 51
59 74
60 8
63 22
63 56
63 99
64 64
65 1
66 16
66 79
67 90
68 29
68 71
69 50
70 22
70 34
70 43
70 88
72 3
72 15
72 97
75 78
76 87
77 4
78 61
79 53
79 72
83 18
83 64
83 97
85 13
85 51
86 30
86 91
87 2
88 23
88 76
88 79
91 79
92 38
93 71
93 94
95 9
95 24
96 19
97 62
98 99
99 0
99 38
99 84
