113
1 38
2 45
3 10
3 17
3 24
3 67
3 79
4 84
4 96
6 39
6 97
8 11
8 64
10 12
11 2
12 22
13 58
14 49
16 29
17 80
17 96
19 15
21 20
21 53
22 59
23 75
24 5
24 44
26 15
26 86
29 34
29 77
30 8
30 62
32 52
33 57
33 70
34 91
35 96
36 20
36 28
36 49
37 13
38 35
38 85
41 42
41 63
42 9
43 3
45 91
46 30
47 57
47 71
48 8
49 16
50 22
50 99
51 1
51 31
51 58
52 48
53 81
53 84
54 11
54 35
55 40
60 70
60 88
61 8
61 76
62 40
62 83
63 23
64 52
65 94
66 73
67 65
69 14
70 61
71 69
72 38
77 97
78 64
78 84
80 1
81 28
82 82
83 20
83 53
83 77
85 48
85 58
85 99
86 33
86 36
88 11
89 79
89 90
90 23
90 68
91 52
91 61
93 8
94 84
96 1
97 19
97 37
97 46
97 87
97 93
98 23
98 55
98 61
