106
0 21
0 56
1 9
1 45
3 66
3 96
4 27
4 75
5 53
6 2
6 40
8 15
8 33
8 71
10 26
11 78
12 11
12 92
16 28
16 81
17 19
17 39
17 92
21 54
23 67
24 3
24 39
25 12
28 90
30 2
30 25
30 51
30 61
30 66
31 31
32 42
34 15
34 56
34 86
35 51
36 22
36 68
36 96
39 12
39 50
40 91
42 35
47 76
49 3
49 48
52 57
54 44
55 36
55 67
56 0
56 78
57 9
57 92
58 21
59 61
59 70
60 75
61 31
61 45
61 54
61 99
63 48
65 24
66 7
66 13
66 36
66 81
66 98
68 89
69 71
70 40
70 58
74 12
74 21
75 2
75 24
75 30
77 87
78 37
78 80
79 44
79 69
80 21
80 53
84 16
86 94
87 65
88 32
89 72
90 3
90 17
90 48
91 10
93 28
93 54
94 95
95 84
96 13
96 44
96 77
97 60
