109
2 71
3 52
4 3
4 90
5 64
7 30
9 20
9 53
9 94
10 74
10 84
11 6
15 35
17 55
17 99
18 77
19 92
20 11
20 47
23 82
24 41
25 11
26 56
28 49
29 42
29 92
30 1
30 20
30 71
33 12
33 54
35 64
35 75
36 19
40 4
40 14
40 76
40 85
43 42
45 13
45 23
46 33
47 68
48 48
48 57
49 59
50 5
50 36
50 81
54 60
54 74
55 90
56 24
56 29
56 45
56 71
56 95
57 51
58 79
58 98
59 3
60 10
60 40
60 56
61 18
61 87
63 76
65 35
65 90
66 20
66 64
68 72
70 8
70 24
70 45
71 62
71 82
72 58
74 3
74 43
74 72
74 95
77 60
78 2
78 21
78 53
78 98
82 74
83 44
84 9
84 21
84 93
86 90
87 23
87 61
88 32
88 71
89 4
89 37
92 36
92 49
97 11
97 46
97 88
98 33
98 56
98 99
99 21
99 66
