114
1 86
2 35
2 48
2 69
3 82
4 10
4 93
6 56
6 72
8 40
10 30
11 12
11 23
11 49
11 67
12 80
14 5
14 16
15 39
15 72
16 92
17 81
18 2
20 8
21 19
21 56
21 97
22 47
24 33
24 38
26 69
27 8
27 29
27 84
29 23
29 94
30 38
30 47
31 0
31 55
31 64
33 12
34 51
35 25
35 83
35 96
37 39
38 8
38 60
39 2
39 16
41 55
42 45
42 64
43 80
44 16
44 39
46 91
50 29
50 46
52 1
52 22
52 55
52 98
53 38
55 48
55 71
56 7
57 83
59 55
60 11
60 92
61 69
63 2
63 61
63 89
64 37
64 78
65 97
66 8
66 30
68 22
68 64
69 52
69 83
70 90
71 1
71 9
71 70
72 59
75 38
75 94
76 20
77 97
80 53
80 63
81 16
81 66
83 8
83 44
83 79
84 33
86 90
88 58
88 63
88 73
89 52
93 15
94 31
94 45
94 83
96 91
98 19
99 39
