111
0 38
0 83
1 34
1 50
2 27
3 11
3 59
3 92
5 21
7 5
8 44
9 37
9 84
10 62
11 27
11 30
12 61
15 50
15 69
16 44
17 83
18 57
19 15
20 64
22 93
23 11
24 31
24 47
25 2
25 22
25 37
25 75
28 70
28 79
29 14
30 54
31 23
32 34
33 45
33 87
34 12
36 30
39 97
41 63
41 81
42 24
43 52
44 6
44 11
46 34
47 57
48 20
49 78
49 88
50 13
50 40
52 64
53 76
55 21
55 29
55 83
56 6
56 12
58 2
58 41
58 87
60 51
60 59
62 13
62 76
63 21
66 49
67 89
68 42
68 84
69 96
70 24
70 73
71 5
71 17
72 52
72 63
73 43
74 35
74 81
74 95
76 13
77 40
77 96
78 30
78 77
79 71
80 50
80 89
82 10
83 98
84 33
85 68
86 21
87 42
88 89
89 46
90 81
92 24
93 54
94 13
95 31
95 91
96 38
97 75
98 47
