115
1 7
1 63
1 90
2 14
2 81
3 26
4 45
5 38
5 71
5 76
6 27
6 55
7 98
8 91
9 19
10 9
10 45
11 46
12 65
12 96
13 31
15 1
15 76
16 16
18 50
19 88
22 5
25 19
25 32
25 41
25 91
26 82
27 47
29 64
30 4
30 68
31 31
31 85
33 16
34 26
34 39
34 76
34 90
34 99
36 44
36 51
36 69
38 2
40 80
43 84
44 95
47 80
49 37
49 71
50 15
50 97
52 27
54 57
54 91
55 0
55 32
55 47
56 39
56 62
59 73
60 97
61 7
61 33
62 13
62 65
62 82
63 58
64 45
64 88
65 84
66 9
66 24
66 51
66 96
67 55
68 2
69 35
69 93
71 27
71 44
71 98
74 79
76 20
76 62
77 86
79 31
79 48
79 67
79 79
80 14
80 85
81 75
82 41
83 8
85 63
89 80
90 8
90 23
90 52
91 13
91 35
91 97
95 0
95 7
95 95
97 23
97 77
98 40
99 57
99 66
