112
1 4
1 95
2 31
2 37
3 21
3 50
3 63
5 11
5 79
8 66
8 99
9 35
9 55
9 90
11 22
11 70
13 49
14 14
14 60
18 65
20 31
21 21
22 92
24 5
25 42
25 49
26 78
26 96
28 26
29 2
29 55
30 31
30 37
31 7
32 58
33 47
34 22
35 67
36 99
37 88
38 14
39 25
39 50
40 59
40 71
41 4
43 14
43 81
45 86
47 23
47 40
47 50
47 93
48 22
49 2
51 70
52 9
52 21
52 47
54 43
55 92
56 2
56 27
56 59
57 52
57 72
58 77
59 7
59 31
60 93
62 41
62 61
64 54
64 89
65 43
66 15
67 83
67 95
68 28
68 53
70 14
70 33
71 57
76 38
76 89
77 9
78 78
79 52
79 68
80 23
80 28
81 41
81 84
82 91
83 59
83 73
85 3
85 11
86 47
87 93
89 25
90 36
90 51
91 67
92 1
93 87
94 15
95 53
96 43
98 94
99 18
99 31
