108
0 36
0 81
1 14
1 23
3 43
3 91
5 54
6 32
7 14
7 96
8 58
9 3
9 23
11 13
14 72
15 86
15 92
16 53
16 81
17 22
17 67
17 97
19 7
20 31
23 85
23 90
25 15
25 29
25 53
28 12
28 76
29 24
30 56
30 93
32 39
33 78
34 7
34 47
36 97
37 58
39 27
40 79
41 49
41 72
42 43
42 91
43 32
43 57
43 99
44 18
45 9
46 39
47 59
48 16
48 67
48 80
50 94
52 15
53 40
53 65
54 51
55 24
55 33
56 68
57 2
58 10
59 95
61 75
62 20
62 27
63 17
64 64
67 45
68 26
69 87
70 17
70 92
72 37
74 8
74 46
75 52
76 40
78 75
79 10
79 36
79 58
81 34
81 64
85 22
85 63
85 86
85 99
87 40
89 54
89 74
91 42
93 56
93 84
94 5
94 23
94 73
94 92
96 29
96 37
97 1
97 14
97 84
99 73
