86
0 1
0 6
5 25
6 16
11 36
12 7
16 26
17 10
17 20
17 36
17 45
17 51
21 42
22 4
25 23
26 10
26 14
28 42
35 11
41 31
47 35
48 22
49 1
49 27
52 10
54 22
54 36
54 43
55 4
55 16
58 50
60 28
61 27
61 43
67 54
67 60
67 69
68 16
70 6
70 46
70 87
71 34
72 81
73 23
73 29
73 96
74 70
74 88
75 55
75 60
77 16
77 47
78 2
78 64
80 11
80 93
81 55
81 89
81 97
82 44
83 24
83 28
83 35
83 65
83 77
84 73
85 12
86 19
87 7
87 99
88 31
88 48
89 2
89 76
90 61
90 82
90 92
92 7
94 45
94 54
95 71
95 82
96 82
97 7
98 13
98 31
