106
0 30
0 95
1 23
1 52
1 59
7 19
7 34
8 55
8 98
9 29
10 40
10 80
11 62
13 12
14 55
14 76
14 94
16 31
17 4
17 84
18 44
20 34
20 63
23 22
24 24
26 50
28 44
28 92
29 21
29 78
30 7
31 39
31 89
32 35
34 14
35 25
35 67
36 77
37 42
38 3
39 11
39 56
39 60
40 21
41 71
42 16
42 27
43 48
44 72
44 87
45 33
49 15
49 19
50 37
50 53
51 90
52 78
53 66
54 44
54 94
55 85
57 35
59 76
60 7
60 57
61 45
61 89
62 97
64 83
65 32
68 14
68 69
68 93
69 5
69 44
69 59
70 53
72 38
73 32
74 87
75 48
75 70
80 18
80 34
80 63
80 72
82 62
83 4
84 79
86 20
86 43
87 11
88 36
88 50
89 61
90 70
91 75
92 85
93 15
95 6
95 86
95 97
96 30
97 20
97 72
99 51
