112
0 10
1 96
2 21
2 64
2 76
4 37
4 85
5 96
6 81
8 60
10 7
12 20
12 64
12 96
13 41
15 9
15 52
15 90
17 60
18 95
19 89
21 6
21 19
21 36
21 67
21 79
23 42
24 30
25 60
26 69
27 4
29 52
29 83
31 95
33 29
33 37
33 89
35 11
35 22
35 51
35 70
36 64
38 4
39 27
40 77
40 85
40 95
43 13
43 42
43 54
47 31
47 60
47 70
48 94
49 7
49 45
50 9
50 80
52 74
53 86
54 2
54 37
54 97
55 29
55 53
56 19
56 73
58 7
59 32
59 63
60 87
62 51
63 21
64 12
66 17
66 77
67 48
68 4
68 66
69 57
70 30
71 9
72 52
72 98
73 16
76 63
76 84
77 41
78 35
79 5
79 90
80 72
82 45
82 75
83 83
84 28
86 56
88 97
89 66
91 14
91 53
92 42
93 9
93 76
94 82
94 87
95 39
95 45
98 9
98 55
98 65
99 30
