95
0 67
0 80
2 4
2 92
3 19
3 24
4 57
6 14
6 98
7 74
9 98
11 19
11 53
11 61
12 27
12 95
13 90
15 1
15 58
16 78
17 24
17 68
18 88
18 96
19 10
19 52
20 17
21 83
24 31
24 63
24 73
24 92
25 14
25 50
28 19
28 87
29 4
29 11
29 73
29 97
50 92
52 67
52 85
53 99
54 23
55 5
56 13
58 76
59 97
60 44
60 51
60 69
62 28
62 40
65 14
66 90
66 95
67 64
68 6
69 37
69 83
70 47
72 6
72 92
74 25
75 18
75 63
75 84
76 47
78 59
80 33
80 75
82 7
82 27
83 20
85 60
85 73
86 82
87 11
87 48
87 52
88 41
89 17
92 10
92 25
92 60
93 2
93 77
96 10
96 30
96 74
97 34
97 43
97 54
97 59
