112
1 48
2 45
3 0
3 5
3 80
4 57
5 26
6 85
6 96
7 1
7 11
8 17
11 77
12 21
12 32
13 98
14 72
15 14
17 30
17 47
17 67
19 15
20 6
20 41
20 79
21 97
23 26
26 9
26 18
27 34
27 56
27 75
28 27
30 50
31 4
32 67
33 41
33 86
34 13
36 34
36 47
37 27
37 53
37 82
40 43
41 89
42 32
44 40
44 60
47 29
48 13
49 60
49 67
50 76
50 83
51 44
52 62
53 5
55 10
55 97
56 24
57 32
58 36
58 69
59 48
59 59
61 13
61 88
62 81
63 96
64 47
64 66
65 10
67 2
67 19
68 39
68 78
69 52
71 99
72 55
72 84
72 92
73 37
73 75
74 30
77 59
78 81
79 8
79 64
80 14
81 86
82 37
82 94
84 84
85 91
86 3
86 16
86 51
86 57
87 31
89 43
90 40
91 63
92 90
96 23
96 50
97 7
97 17
97 63
98 0
98 77
99 38
