109
1 10
1 27
1 60
1 94
3 19
3 87
4 44
4 65
5 6
6 99
7 40
9 26
10 29
11 85
12 36
12 69
12 74
13 91
14 49
17 64
19 20
20 42
20 94
22 62
24 74
24 99
26 43
27 29
27 86
28 53
29 69
30 63
30 78
31 49
33 0
33 20
34 9
35 70
38 39
39 23
39 48
39 72
40 84
42 10
43 54
44 49
45 3
45 30
46 61
46 97
47 42
48 72
48 91
51 10
51 46
51 82
51 97
53 23
53 68
56 87
57 0
57 38
57 92
59 59
59 67
60 44
63 59
63 94
66 10
66 30
67 85
68 37
68 50
69 4
69 58
70 92
74 20
74 64
74 97
75 29
77 19
77 42
77 61
77 74
82 6
82 32
82 76
83 3
83 52
84 67
84 91
86 24
86 42
88 48
89 10
90 33
90 86
91 27
92 57
94 60
96 6
96 78
97 26
97 41
97 56
97 72
97 86
98 12
98 16
