113
2 83
3 35
3 43
3 76
3 89
4 12
4 20
5 49
8 24
8 42
8 98
9 60
9 74
9 90
12 0
12 48
12 55
13 95
14 17
14 78
18 5
19 45
19 73
20 90
25 35
25 49
26 58
26 65
28 14
28 64
28 76
29 81
30 30
32 0
32 95
33 22
33 52
33 71
34 96
35 16
36 7
36 77
41 33
41 39
42 13
42 49
42 55
43 18
43 66
44 84
45 2
45 62
46 43
46 93
48 14
49 80
51 53
52 1
52 74
54 20
54 32
55 97
56 50
57 69
58 27
59 14
59 37
59 60
59 89
60 6
60 40
61 76
62 6
62 20
63 54
64 83
65 35
68 99
69 4
69 66
70 12
71 27
71 40
71 75
71 84
72 57
74 45
75 99
76 2
77 11
78 91
79 74
81 20
81 46
81 54
82 29
83 18
87 62
87 82
88 7
88 53
89 4
90 91
92 37
93 24
93 29
94 71
95 18
95 41
96 13
97 51
97 57
99 82
