110
1 7
1 49
2 12
3 23
3 80
3 92
4 65
5 30
6 3
7 57
7 70
7 89
7 99
10 21
10 72
11 80
12 54
13 13
13 44
13 91
14 32
15 63
17 21
18 98
21 3
21 24
21 59
22 74
22 91
25 80
26 8
27 38
27 51
27 85
30 15
31 56
31 66
31 75
32 34
32 63
33 43
34 76
35 5
35 17
36 39
37 29
37 85
39 12
41 50
42 57
42 87
42 95
44 36
46 50
46 61
46 73
47 4
47 92
48 19
52 37
52 49
52 63
52 85
55 95
56 83
57 56
58 97
59 76
60 65
62 18
67 7
67 49
67 56
67 75
68 34
69 17
69 96
70 80
71 23
71 56
73 90
74 0
76 75
77 24
77 79
78 49
79 86
80 9
80 43
80 97
81 59
82 35
85 45
86 70
86 82
87 23
88 5
90 39
90 50
90 58
90 97
91 11
93 14
93 28
93 90
94 70
95 81
95 99
97 76
99 89
