104
0 48
0 99
1 11
3 36
3 53
5 61
6 27
7 74
8 92
9 48
12 4
12 99
13 66
14 4
14 45
14 72
14 80
15 38
17 32
20 10
21 98
22 88
24 22
25 1
28 72
29 92
30 27
31 57
31 98
32 19
32 45
34 67
36 53
36 84
38 3
38 91
39 62
40 19
40 70
43 31
45 43
47 16
48 26
48 58
49 16
49 48
49 75
50 5
50 86
51 94
54 11
54 28
54 61
54 78
56 38
59 99
60 38
60 43
60 50
61 15
61 67
62 76
66 18
66 87
67 33
67 62
67 73
67 92
68 49
69 3
69 80
72 6
75 22
75 24
75 90
76 44
77 9
78 66
79 98
80 30
80 63
81 12
81 52
82 86
83 70
84 48
84 75
87 31
87 42
88 3
90 90
91 14
91 54
91 83
92 7
92 95
93 80
95 17
95 60
96 38
96 87
97 12
97 61
99 28
