104
0 56
2 39
3 22
4 93
7 28
8 40
8 51
8 61
8 94
10 10
13 34
13 58
15 90
16 21
16 81
17 71
18 74
23 87
24 21
24 56
24 99
26 3
26 50
26 73
27 8
27 13
28 41
29 60
29 90
31 19
31 44
31 81
33 6
35 49
36 32
37 80
37 86
38 67
38 90
39 45
40 2
40 93
41 10
44 16
45 63
45 90
46 52
47 25
47 73
48 82
50 40
51 16
52 24
53 47
53 94
54 70
57 75
58 86
60 6
63 73
65 61
66 40
67 17
67 88
68 66
69 5
69 24
69 97
72 16
73 80
74 55
75 32
75 66
78 6
78 43
78 92
79 69
79 85
79 96
80 57
81 11
81 63
83 89
84 97
85 31
87 54
88 21
88 47
89 88
90 5
90 66
90 95
92 12
92 65
93 48
94 21
94 56
94 81
95 36
96 5
96 90
98 12
98 62
99 32
