105
1 21
1 38
1 49
2 94
3 57
5 84
6 97
8 15
8 30
8 38
11 2
11 79
13 42
13 85
16 58
17 1
18 16
18 46
19 65
20 71
20 96
21 23
23 85
24 5
24 61
25 29
25 69
26 48
28 44
30 87
31 3
33 36
34 11
34 54
35 44
35 66
35 74
35 97
36 86
37 35
38 22
38 65
39 58
39 92
41 64
42 10
42 80
44 2
45 46
46 26
46 72
47 17
47 54
48 32
49 7
49 42
49 79
51 91
53 16
54 48
55 58
56 86
57 34
57 97
58 2
58 22
58 62
61 40
61 83
61 95
63 1
64 89
65 7
65 12
65 21
67 41
67 70
67 84
69 60
72 27
73 28
73 67
75 77
76 3
77 96
79 24
79 34
79 55
79 70
81 89
82 15
82 65
86 4
90 0
90 34
91 6
91 49
91 83
94 22
95 30
95 65
97 13
97 38
97 82
99 52
