110
0 0
0 14
2 64
3 73
4 11
4 40
7 58
8 45
8 71
9 16
11 31
11 56
12 93
15 12
15 24
15 66
15 99
16 41
16 88
17 59
19 2
19 40
20 66
21 21
24 34
25 1
25 44
26 60
27 12
27 29
28 97
29 22
29 98
30 75
31 20
31 85
32 3
33 32
33 65
35 15
35 51
38 67
38 76
39 24
41 42
41 59
42 36
42 98
44 14
45 70
46 4
47 24
47 55
47 83
48 21
48 40
50 67
53 72
54 29
55 4
56 24
57 38
57 89
58 48
58 78
59 96
59 99
62 68
63 1
63 13
65 37
66 18
66 42
66 53
66 85
67 59
67 95
69 48
70 67
72 4
72 40
72 89
73 55
74 72
75 32
76 47
76 96
78 40
79 14
81 41
83 54
83 76
84 7
84 73
84 81
85 34
87 15
87 19
89 92
90 56
91 45
91 69
93 38
94 14
94 30
94 75
95 80
96 49
98 6
98 21
