106
1 37
3 42
4 22
4 57
4 64
4 89
5 70
5 96
7 6
7 50
10 86
12 32
12 78
13 18
15 95
19 49
20 22
20 41
21 61
23 95
24 86
25 40
27 69
29 8
31 40
31 52
31 91
32 27
32 35
33 16
33 19
33 79
33 86
35 48
35 59
37 94
38 11
38 23
38 35
38 86
40 4
40 70
41 16
41 59
42 25
42 50
44 97
45 35
46 69
47 93
48 11
49 30
50 52
53 94
54 69
55 9
56 25
56 83
58 46
59 34
59 99
60 55
60 85
61 5
61 74
65 85
65 93
66 51
67 38
67 67
69 22
70 52
70 59
71 6
71 73
72 90
74 31
74 76
74 97
77 84
78 4
78 13
79 21
79 89
80 26
80 39
82 56
83 49
84 12
84 73
85 2
86 19
88 7
89 84
89 94
91 43
92 33
93 24
93 69
94 3
94 60
95 54
95 92
96 48
97 8
99 68
