111
1 12
1 24
3 48
4 19
4 76
4 89
4 97
6 36
7 29
7 71
9 58
10 90
11 11
12 27
14 45
15 67
17 31
17 47
18 53
19 4
19 7
20 80
21 24
21 61
21 69
22 43
23 19
24 15
24 34
24 86
25 3
25 58
27 77
28 48
28 58
28 94
32 33
32 49
32 67
33 23
33 83
35 5
38 69
38 87
39 58
39 59
40 28
40 36
42 94
43 0
44 75
46 46
47 6
47 45
48 68
49 56
51 38
53 29
54 22
54 89
55 15
56 83
59 36
61 20
61 48
62 10
62 77
63 2
63 45
64 73
65 86
66 59
67 33
68 90
69 53
71 26
71 76
72 3
73 13
73 44
74 61
76 86
78 5
78 17
80 11
80 33
82 75
82 93
83 21
83 58
84 39
85 71
86 48
89 1
89 23
89 70
90 46
90 86
91 30
92 14
92 74
93 19
94 60
94 67
96 25
96 89
97 8
97 37
97 80
98 48
98 97
