107
1 2
1 13
3 33
3 97
5 4
5 73
6 64
7 17
7 27
8 6
8 84
9 1
9 87
10 31
10 48
11 97
13 13
13 22
13 43
15 20
16 38
16 60
16 70
17 50
18 46
19 2
19 25
20 96
22 20
22 81
26 7
26 88
27 93
28 26
30 66
32 38
33 31
33 86
33 91
36 11
36 73
37 44
37 76
38 33
38 98
39 17
40 1
40 56
40 67
41 48
43 7
43 94
44 40
45 27
49 51
50 61
50 70
53 97
54 38
54 76
55 44
56 23
56 29
56 51
57 69
59 21
60 93
61 41
63 15
63 55
64 4
64 74
64 81
64 91
65 29
65 63
70 3
70 44
70 95
71 79
71 90
72 59
74 30
74 78
75 2
75 72
76 17
77 64
78 48
79 97
80 34
82 4
83 21
84 53
88 64
89 75
90 37
90 44
92 1
96 79
96 99
97 12
97 22
97 24
98 55
98 92
99 31
