103
2 9
4 2
4 48
6 90
7 30
7 55
8 12
9 79
9 85
12 70
13 45
13 90
14 5
14 14
15 2
15 24
15 75
16 10
17 97
18 60
18 82
21 28
21 65
22 37
22 77
22 96
24 49
27 61
27 87
28 14
28 17
30 48
33 3
34 36
35 43
36 29
37 8
37 68
38 93
39 16
40 46
42 61
42 65
42 81
43 2
43 87
45 13
46 20
46 99
49 27
49 48
49 94
50 38
52 11
52 74
53 99
54 22
55 31
55 80
57 8
57 56
57 75
59 19
60 68
61 85
62 95
63 43
64 6
64 75
65 38
65 64
65 82
66 12
66 25
67 53
69 32
70 16
72 45
74 54
74 66
74 87
76 8
76 26
76 80
77 92
78 41
78 70
82 81
83 20
84 56
85 10
85 45
86 91
87 31
89 69
90 25
92 93
93 49
95 8
95 74
97 68
98 21
98 34
