103
0 29
2 91
5 57
5 62
6 71
7 15
7 49
9 77
10 29
10 65
12 10
12 37
12 52
12 85
12 99
13 5
14 60
14 96
15 43
18 31
20 56
20 75
21 62
22 38
22 80
23 27
23 96
24 47
30 10
30 43
30 59
30 88
32 32
36 77
37 26
38 71
39 43
39 61
40 10
40 52
41 38
43 81
43 94
44 16
44 29
44 65
45 60
47 8
48 49
49 61
50 39
51 86
52 22
52 65
55 18
55 35
55 42
55 52
55 66
61 76
62 61
62 87
63 96
64 92
65 67
66 10
66 34
66 76
67 81
68 41
70 1
70 49
70 56
71 41
72 14
72 81
73 66
75 97
76 11
76 74
77 58
78 44
79 21
82 18
82 49
82 89
84 2
84 74
85 40
85 67
87 30
89 11
90 92
91 44
91 51
91 64
92 95
94 36
95 98
96 83
97 12
97 22
97 54
