104
1 40
1 51
2 1
2 18
4 66
7 25
7 43
8 30
9 15
10 73
10 99
12 1
13 69
13 86
14 38
14 43
15 22
17 48
18 26
18 94
19 4
21 56
22 85
23 47
25 13
26 36
26 51
26 91
28 22
28 84
29 49
31 3
31 34
32 58
33 70
34 1
36 63
38 27
38 49
38 67
39 88
40 22
40 33
40 74
44 62
44 96
45 8
46 24
47 68
47 94
48 73
49 49
51 11
51 31
52 40
53 62
54 73
55 25
56 9
56 16
56 68
57 55
58 83
61 43
61 59
62 83
63 33
63 48
63 66
63 78
64 53
65 9
65 23
65 91
71 18
72 22
73 62
73 94
74 5
74 66
74 83
75 37
77 11
77 56
78 24
78 93
81 62
83 13
83 80
84 64
85 4
85 54
86 32
90 2
91 76
91 96
92 39
93 44
94 10
95 31
95 53
95 88
96 77
97 38
