109
0 33
0 45
2 96
3 18
4 7
4 58
4 67
4 77
5 85
7 49
10 90
11 19
12 3
12 73
14 66
17 44
17 49
17 68
17 89
18 24
18 38
20 2
20 97
21 31
22 12
22 18
22 40
23 26
25 76
25 87
26 43
28 28
29 76
30 19
30 54
31 59
31 88
33 14
33 32
33 94
34 80
35 9
35 65
36 71
38 58
38 95
40 16
40 36
42 24
43 78
45 47
45 58
45 93
46 19
47 31
47 87
49 6
50 70
51 62
52 52
52 97
53 2
53 17
53 35
53 82
54 19
54 66
58 88
60 38
61 72
63 73
63 84
66 4
69 38
69 90
70 23
71 45
72 72
72 78
74 47
75 89
76 58
77 64
78 18
78 37
79 27
81 8
81 53
83 69
83 97
84 1
85 59
86 17
86 83
87 92
90 36
90 59
91 46
92 10
92 18
93 32
93 52
93 76
93 83
96 91
97 4
97 41
98 15
99 39
