106
0 79
1 6
1 41
2 71
3 64
4 25
5 36
5 58
6 47
9 80
10 53
11 6
13 42
13 49
16 11
16 73
18 2
18 90
19 28
19 58
21 36
21 54
21 79
23 31
23 44
29 11
31 79
32 29
33 58
34 79
35 37
36 10
36 21
36 28
36 41
36 51
38 68
38 73
39 60
40 91
42 79
42 99
44 27
46 12
46 96
47 37
47 85
48 2
48 21
48 52
48 74
50 44
50 59
50 67
52 77
53 84
54 28
57 1
57 92
58 41
58 48
60 99
61 53
62 33
63 78
64 4
64 26
64 60
66 84
67 43
68 35
69 55
69 68
70 14
70 25
71 74
71 98
73 47
75 29
75 90
77 3
77 18
78 36
79 74
80 82
80 99
81 13
81 67
82 43
85 3
85 76
85 95
86 8
87 81
88 18
89 49
89 59
90 28
91 35
91 86
92 11
93 51
93 76
96 2
97 64
98 23
