107
0 18
0 44
3 70
4 2
4 82
5 91
6 53
7 10
8 16
8 44
9 68
11 3
11 25
11 37
12 99
14 56
14 65
15 10
15 33
16 82
16 93
19 78
21 21
22 7
22 69
24 61
25 48
25 84
25 93
25 97
27 13
27 32
27 50
28 74
30 23
30 35
33 64
34 54
35 45
35 80
35 85
36 10
36 31
36 98
37 58
38 89
39 65
40 38
42 1
42 29
43 86
46 77
47 32
48 6
49 21
49 47
49 79
49 96
52 4
53 74
54 56
54 64
56 38
56 47
58 16
58 31
59 61
59 98
60 54
60 80
61 26
61 90
62 33
63 73
66 2
66 14
67 42
68 94
69 25
70 58
74 36
76 92
77 65
77 75
79 95
82 6
82 26
82 66
83 14
83 17
83 33
87 1
89 57
90 7
90 17
90 85
92 68
94 2
94 43
95 78
96 48
96 96
97 64
97 85
98 8
98 34
98 52
