109
2 28
2 58
2 69
2 76
2 84
3 50
4 15
4 58
8 29
8 55
9 24
9 45
9 64
10 5
10 77
10 96
11 11
11 82
12 50
14 42
14 86
17 4
18 62
19 55
19 77
20 15
21 29
21 93
22 49
22 70
23 20
24 84
25 5
25 26
26 41
26 51
26 61
27 96
29 8
30 22
32 69
32 85
33 43
34 15
34 53
35 5
36 37
37 97
39 68
40 1
41 24
41 83
41 92
42 56
43 45
43 78
46 16
46 67
46 90
49 6
50 11
50 39
51 46
52 97
54 46
55 9
55 74
57 60
59 14
59 52
61 89
62 48
62 79
64 96
65 8
66 20
67 29
67 73
67 93
70 0
70 14
70 32
70 82
74 76
75 89
77 6
77 35
79 25
79 94
81 1
81 66
83 81
86 26
87 51
87 60
90 7
91 31
91 57
92 39
92 66
93 17
93 50
93 74
95 15
95 68
95 97
96 2
96 25
97 86
