108
0 27
0 36
1 93
4 18
4 74
5 3
5 82
6 32
6 52
6 66
6 97
7 43
7 59
7 79
8 88
10 6
12 52
13 22
13 28
13 59
14 65
16 39
17 3
18 32
19 12
19 56
20 68
20 96
21 41
21 85
22 2
22 20
22 31
22 62
23 50
24 25
24 81
25 95
27 40
28 30
29 15
30 5
31 35
36 99
37 61
39 7
39 34
39 58
39 82
43 45
43 71
44 92
45 8
45 20
47 26
48 64
48 87
50 56
51 31
52 37
53 92
56 44
57 22
58 29
58 36
60 93
62 11
62 52
63 71
65 64
65 84
66 4
67 38
67 48
67 78
68 96
69 87
71 51
71 77
72 16
72 68
73 24
75 0
75 32
75 46
75 63
78 37
78 95
79 85
81 43
83 8
83 17
84 29
85 7
85 66
87 57
87 76
87 97
88 20
90 50
91 37
91 43
96 11
96 33
96 80
96 88
96 97
98 37
