109
1 66
2 8
2 16
2 81
2 92
3 2
6 99
7 74
8 5
9 79
10 47
13 9
14 86
15 22
15 60
16 54
17 68
18 97
19 8
23 79
23 92
24 35
25 71
26 44
29 6
29 31
30 9
30 77
31 19
32 44
33 87
35 1
35 54
35 68
36 20
36 61
38 28
40 10
41 91
42 36
42 72
45 2
46 61
47 2
48 40
48 70
49 17
49 34
49 47
51 14
51 83
51 97
53 39
53 91
55 21
56 14
57 4
57 41
61 18
61 70
62 35
62 67
64 84
64 97
66 9
67 32
69 0
69 25
69 73
70 53
70 95
71 82
72 39
73 10
75 66
76 51
76 60
77 21
77 75
81 67
81 86
82 5
82 15
82 40
82 83
82 98
83 18
83 27
85 57
85 88
86 45
88 69
89 1
89 61
90 17
91 29
91 84
91 90
93 24
94 51
94 65
95 7
96 71
96 92
97 18
97 54
98 12
98 66
99 4
