106
1 86
3 45
3 93
4 3
4 58
4 98
5 8
5 37
7 29
7 42
8 77
9 64
11 80
13 18
14 74
14 99
15 37
17 30
17 66
17 80
18 61
19 11
20 3
20 53
20 75
22 36
22 60
23 9
24 63
24 96
26 13
26 50
27 25
28 28
30 44
31 66
31 76
34 51
36 18
36 97
38 46
38 86
39 54
39 74
40 34
43 79
45 3
45 18
46 46
46 72
46 78
48 24
50 50
50 95
53 2
53 34
53 69
56 13
56 97
57 87
58 80
59 58
61 3
62 87
62 97
63 25
64 14
65 55
66 36
67 48
67 63
68 10
68 81
69 68
69 94
71 3
72 59
73 2
73 35
74 9
75 19
76 76
76 84
77 45
78 26
78 32
80 44
80 51
80 66
80 94
83 81
84 63
86 18
87 35
89 93
90 71
92 17
92 27
93 46
94 76
95 32
96 13
96 39
97 42
97 87
98 52
