110
0 66
2 20
2 73
3 33
3 44
3 54
7 6
7 48
7 98
8 18
9 35
9 76
10 26
10 70
13 43
13 57
14 5
14 82
16 12
16 38
17 31
17 55
17 62
18 94
22 3
22 23
22 98
23 72
25 48
25 85
27 19
27 38
28 28
30 96
31 4
31 7
31 65
32 39
32 80
34 71
35 45
37 61
38 5
38 32
39 1
41 75
43 49
43 83
43 96
45 26
45 58
45 66
47 72
47 79
48 45
48 93
49 19
50 51
54 31
55 13
55 36
55 89
59 97
60 52
61 30
62 11
62 87
64 93
65 52
65 77
66 6
66 31
68 26
69 65
69 70
70 3
70 37
70 79
71 99
72 16
72 31
73 50
74 52
75 71
75 98
76 44
77 56
80 20
80 72
80 93
83 4
85 62
85 70
86 51
87 97
88 44
88 80
88 84
89 10
90 24
90 36
93 12
93 29
93 86
95 55
95 76
97 62
97 99
98 59
99 19
