105
0 17
0 76
1 27
2 59
2 83
4 1
5 9
7 51
7 83
8 62
9 35
9 64
9 93
10 20
11 11
11 27
12 68
12 74
13 47
14 18
17 67
19 51
19 56
20 37
22 4
22 40
22 95
24 19
24 73
25 81
25 89
26 53
27 9
28 60
29 0
31 31
32 22
32 65
33 81
33 97
34 54
35 7
35 61
35 88
35 96
36 38
43 11
43 94
44 2
45 77
46 63
48 9
48 23
49 48
52 32
52 68
55 76
55 91
56 12
56 41
56 50
58 0
58 31
59 67
60 64
60 94
61 49
62 9
64 0
64 21
65 55
66 30
66 43
68 91
69 59
69 78
71 19
72 27
72 45
72 63
73 71
76 90
77 45
81 63
83 34
84 51
84 74
84 93
86 19
87 1
87 44
90 43
90 91
91 70
92 30
92 97
93 23
94 10
96 48
97 17
97 39
97 63
97 86
97 96
99 43
