111
1 64
1 84
2 55
3 79
4 11
4 92
4 95
5 26
7 46
9 38
9 54
9 91
10 60
10 71
11 3
12 67
13 18
13 46
17 11
17 76
18 26
18 38
19 47
19 85
20 2
20 96
22 62
23 89
24 81
25 24
26 17
26 70
26 83
27 2
28 11
29 77
30 35
30 47
31 22
32 4
32 57
33 46
33 99
36 77
36 87
38 65
41 29
41 35
41 52
41 60
42 5
42 42
43 18
43 84
44 50
47 79
47 99
49 33
50 44
52 56
53 75
54 94
57 49
58 38
58 49
59 79
60 99
61 6
61 24
62 60
62 87
63 33
64 51
64 72
68 16
68 65
68 76
69 91
70 38
75 33
76 64
77 20
77 30
77 49
78 88
79 38
79 80
81 95
82 12
82 50
83 4
84 55
85 78
86 62
87 0
87 8
87 36
87 42
87 91
88 25
89 14
89 68
91 19
92 51
93 89
94 41
94 92
95 69
96 25
96 59
98 47
