104
0 91
1 47
4 43
4 67
5 10
5 97
7 20
9 74
10 83
12 40
12 46
13 11
13 69
14 52
17 21
17 86
17 93
18 30
18 62
19 15
21 24
21 65
22 3
23 36
23 75
26 81
27 94
29 31
30 16
30 22
30 40
30 65
31 7
33 80
34 3
35 62
35 75
35 92
38 55
39 26
39 68
40 85
41 11
41 46
42 19
43 98
45 29
46 90
47 73
48 11
50 82
52 31
52 49
52 56
52 63
53 18
54 2
54 92
58 79
59 30
59 95
60 72
61 17
61 65
62 48
62 91
64 25
65 38
66 43
66 84
68 11
72 47
72 53
74 43
74 74
75 50
75 67
75 83
77 96
79 6
79 24
79 90
80 17
80 58
82 83
85 38
85 48
85 57
85 86
86 36
88 6
88 62
89 17
90 69
93 1
94 24
94 59
95 48
96 9
96 80
98 62
98 70
99 89
99 99
