105
3 19
3 97
4 52
4 65
4 71
5 2
8 26
8 45
8 93
9 81
11 71
12 99
14 51
15 22
16 33
16 64
17 80
18 8
18 41
18 51
19 14
19 76
22 23
23 36
25 95
26 46
28 52
29 72
30 43
31 86
31 93
32 13
34 24
34 32
34 79
35 47
36 61
38 41
39 1
39 10
40 94
41 45
42 59
42 88
43 20
47 3
47 36
47 46
47 53
47 68
53 67
54 45
55 73
56 18
57 57
57 89
58 8
58 39
60 28
61 34
62 18
63 41
63 63
64 55
64 83
64 89
65 2
66 17
67 29
67 36
67 78
70 54
70 80
71 48
72 8
72 75
73 25
73 41
74 59
75 0
75 91
76 56
77 18
78 67
78 79
78 97
80 42
82 81
83 25
85 0
86 33
86 61
86 91
87 17
87 80
89 12
89 72
90 25
93 34
95 82
95 99
96 76
98 16
99 5
99 46
