109
0 65
1 37
1 74
2 4
2 18
2 26
4 47
4 95
5 34
6 75
6 96
10 85
11 4
11 67
12 22
12 55
13 47
13 89
14 32
18 66
18 79
19 17
21 24
21 73
22 42
26 11
26 77
27 32
29 59
29 66
29 81
30 38
31 3
33 52
35 66
35 75
36 3
36 90
36 99
37 85
38 52
39 8
39 18
42 33
42 66
43 51
44 1
44 79
45 69
46 55
47 35
49 33
50 12
51 88
52 65
54 21
54 55
54 78
55 42
57 15
58 27
58 43
58 63
59 90
63 7
63 26
63 36
63 75
64 51
66 86
67 65
68 3
68 12
68 77
70 20
70 71
70 90
71 25
71 31
73 6
73 83
74 52
75 25
76 51
78 64
78 93
79 42
79 82
80 79
81 57
81 72
82 97
83 9
83 51
85 38
85 66
87 34
87 81
89 27
89 60
89 86
89 93
90 2
94 49
95 23
95 64
96 15
96 84
98 98
