109
0 68
1 78
2 47
3 21
3 51
3 96
5 39
6 60
6 80
7 10
8 6
9 41
9 51
9 74
11 97
13 66
14 24
15 29
16 15
16 46
16 96
17 72
17 88
18 58
21 3
22 14
22 29
22 98
26 42
28 89
29 4
29 35
30 1
32 18
33 98
35 87
36 56
36 76
39 6
40 12
40 21
42 38
42 48
43 14
43 29
43 60
44 92
45 4
46 20
47 61
47 74
48 97
49 53
51 23
52 13
52 75
53 41
54 65
54 89
54 99
56 63
57 14
60 37
60 67
61 20
61 43
61 53
61 96
63 62
67 48
68 12
68 71
68 78
71 17
72 32
72 37
73 98
74 23
74 54
74 73
75 65
76 35
79 48
80 10
80 16
82 29
82 40
82 66
82 84
82 91
83 0
85 66
87 34
87 53
87 82
87 96
88 88
92 20
92 58
92 71
93 30
94 77
94 90
95 2
96 67
96 97
97 44
99 15
99 53
