106
0 53
4 87
6 21
8 62
8 96
9 75
10 9
12 43
13 60
14 34
14 51
15 13
15 26
15 69
17 66
20 2
20 27
21 79
22 55
23 86
25 17
25 71
26 48
27 41
27 95
30 79
31 1
31 73
32 89
34 23
34 64
34 83
35 56
35 94
36 33
39 76
40 28
40 65
41 39
42 43
43 25
43 94
44 7
45 55
46 72
47 1
47 82
47 87
48 94
49 35
49 46
50 73
51 81
53 40
54 8
55 88
57 21
57 72
59 80
59 93
61 38
61 49
63 14
63 46
63 74
63 78
64 67
65 5
65 32
68 42
68 73
69 20
69 85
70 49
73 42
73 56
75 78
77 25
77 34
78 96
79 60
79 85
81 20
84 57
84 65
84 89
85 6
85 14
85 77
86 23
86 31
86 98
87 46
87 80
89 89
91 40
94 8
94 71
95 32
96 55
96 64
96 94
97 41
99 19
99 75
99 82
