109
2 36
2 57
2 86
3 13
3 45
3 67
5 77
7 20
8 28
8 45
8 55
8 98
9 65
11 72
13 99
14 45
14 89
15 52
16 0
16 81
17 29
19 42
21 24
21 82
22 18
22 59
22 63
22 71
24 5
25 99
26 49
27 79
28 68
29 33
31 90
32 5
34 14
35 84
35 95
36 58
37 25
39 35
39 79
40 7
42 29
43 17
43 78
46 51
46 59
47 6
47 93
48 67
49 26
50 33
50 40
50 59
52 84
54 47
54 72
55 14
56 21
56 57
56 89
57 27
59 74
59 96
60 8
62 38
62 48
63 2
63 82
64 21
65 31
65 62
65 88
68 44
68 95
69 36
70 72
70 86
74 78
75 56
76 17
76 25
76 73
79 9
79 38
79 88
80 19
80 63
83 57
84 16
84 85
84 90
85 41
85 44
85 69
87 96
89 52
89 78
90 7
92 56
93 79
95 30
95 44
97 15
97 55
97 79
98 23
