110
0 60
1 5
1 17
1 92
1 98
5 26
6 9
6 32
6 84
6 97
7 63
10 72
11 14
12 53
12 59
13 3
13 22
13 44
13 73
13 88
16 4
17 14
17 22
17 27
18 57
18 66
20 89
21 19
21 95
24 79
25 28
26 45
27 63
28 99
29 6
29 22
29 37
30 66
31 13
32 23
32 60
33 39
35 15
36 10
36 80
37 92
38 53
40 69
41 31
41 43
42 21
42 82
43 10
44 59
45 96
46 76
47 19
50 93
51 50
51 64
52 6
52 70
52 81
56 45
57 35
58 22
58 76
59 85
59 99
61 52
63 89
64 61
65 5
65 28
65 44
66 10
67 54
67 97
68 79
71 5
71 72
72 18
72 37
73 84
74 4
74 68
76 60
77 25
78 94
80 12
80 77
82 30
82 52
83 15
85 25
85 46
85 70
85 88
86 77
88 47
91 87
92 23
92 47
94 8
94 58
95 68
96 31
96 74
97 25
97 42
