110
0 56
1 75
2 28
3 50
4 39
5 25
5 44
5 87
6 14
7 3
7 79
8 17
8 66
11 4
12 59
12 83
13 96
14 28
14 48
16 74
17 68
18 21
18 32
18 44
18 93
19 7
19 14
22 75
24 45
25 54
26 88
27 99
29 10
29 15
31 24
32 39
34 89
37 10
39 72
41 16
41 35
41 67
42 49
43 28
44 22
44 75
44 97
45 2
45 60
46 6
48 23
48 44
49 29
50 91
50 96
51 17
51 54
54 35
55 41
55 64
57 10
58 18
58 23
60 47
63 98
64 26
66 16
66 59
67 34
67 49
68 67
69 97
70 3
70 44
71 73
71 79
72 9
73 27
73 58
74 6
74 32
78 20
78 65
80 77
81 37
81 84
81 94
82 7
82 56
83 71
84 15
84 90
86 2
87 46
87 57
88 13
89 24
90 65
91 31
91 76
92 5
93 83
94 40
94 97
95 3
97 76
98 14
98 21
98 31
99 24
