110
0 16
2 56
3 39
3 66
4 1
5 26
6 20
6 75
6 82
7 61
8 46
8 56
9 33
10 8
13 90
14 68
14 78
15 52
16 12
16 40
17 60
18 30
18 75
20 83
20 97
22 20
22 50
22 94
23 40
23 59
25 27
26 74
27 91
28 44
31 30
31 82
31 93
32 59
34 1
34 43
36 63
37 74
38 58
39 20
39 88
40 12
40 99
41 50
42 8
42 56
43 70
43 94
44 1
44 31
45 21
45 63
46 54
47 81
49 41
50 0
50 12
50 78
50 88
51 23
54 68
55 4
56 72
57 56
57 95
58 34
58 42
59 12
59 17
60 77
62 98
65 32
66 39
66 66
67 20
69 22
70 31
70 55
70 71
70 87
71 0
72 13
72 63
73 48
80 79
81 38
81 95
82 23
82 75
83 68
84 60
85 49
86 12
86 99
87 81
89 18
89 38
91 65
92 47
93 69
94 17
94 34
95 32
96 0
97 98
98 38
