110
0 4
0 96
2 56
2 66
2 79
3 18
5 14
7 78
10 10
11 21
11 48
12 61
12 72
13 41
15 27
16 25
16 53
17 4
17 92
19 72
19 82
20 49
21 37
22 87
24 7
25 19
25 65
25 97
26 65
26 74
28 56
28 78
29 4
30 44
31 37
31 50
32 32
33 63
34 70
35 31
36 57
37 40
37 86
38 4
39 21
39 91
41 30
43 43
44 50
45 22
46 33
46 68
46 78
48 4
48 58
49 18
49 54
49 87
50 61
50 98
51 32
51 47
54 15
55 56
56 4
56 38
58 17
58 84
59 45
60 33
60 67
62 1
62 98
63 21
63 88
64 70
66 37
66 79
67 26
68 51
69 11
69 63
70 32
71 85
72 6
75 96
76 13
76 20
76 64
76 88
79 42
79 76
82 56
84 20
84 47
85 63
86 96
88 30
88 35
88 72
89 92
91 12
92 44
93 96
94 18
94 81
97 22
98 29
98 36
98 50
