108
1 73
2 0
2 36
2 57
3 88
4 23
4 44
4 80
6 52
8 16
8 36
8 61
9 52
9 81
13 33
13 95
14 20
14 26
16 90
17 7
17 57
18 66
19 35
20 46
22 16
22 24
23 11
23 88
25 73
27 51
27 96
28 3
29 26
29 33
30 15
30 58
31 89
32 43
33 8
33 22
33 63
34 38
34 94
35 54
38 1
38 78
39 22
39 63
40 12
40 36
40 46
45 34
45 62
48 45
48 85
49 21
49 74
51 6
52 46
54 67
55 34
55 53
55 55
56 93
57 11
60 41
61 60
64 11
64 87
65 31
66 3
66 42
69 36
70 74
71 4
71 86
71 98
74 8
74 26
76 31
76 39
76 54
76 62
80 19
80 66
80 75
80 97
81 28
82 85
82 90
83 7
83 46
84 6
84 61
85 22
85 69
86 54
87 1
88 91
89 74
89 80
90 61
91 14
94 96
95 23
95 88
96 56
97 47
