109
0 31
0 54
1 48
2 10
3 75
5 4
6 62
7 83
8 57
8 72
9 52
10 4
10 74
10 96
11 42
12 15
15 21
15 58
15 90
16 85
17 42
20 33
20 97
21 7
21 17
21 51
22 13
23 86
24 35
24 66
26 3
26 29
26 74
28 7
28 39
28 54
28 91
29 24
31 21
33 53
34 36
34 84
35 26
35 64
36 14
37 75
39 52
39 93
40 69
40 77
40 99
42 12
43 87
45 37
46 16
47 79
49 65
51 19
51 69
51 93
52 39
54 47
55 57
56 14
56 28
56 78
57 21
57 44
59 32
60 28
60 97
63 72
66 82
66 92
67 44
69 27
69 31
69 70
69 91
70 7
71 1
72 83
73 14
73 66
73 99
77 30
78 42
79 19
80 36
80 88
83 56
83 96
84 30
85 16
85 39
85 77
86 70
88 49
89 89
90 32
91 14
91 97
92 8
94 40
94 69
97 31
98 7
98 21
98 77
