109
0 49
1 87
2 18
2 79
3 35
3 54
5 65
5 76
6 15
10 29
10 64
11 83
11 96
12 38
13 4
13 76
14 33
15 49
17 87
17 94
18 81
20 25
20 54
21 37
22 41
22 60
23 11
24 71
25 5
25 17
25 55
26 68
26 92
28 74
28 80
30 26
31 8
32 20
32 53
32 99
33 12
33 64
35 80
36 28
37 37
37 47
38 95
39 18
39 58
40 73
43 15
45 1
45 90
48 70
48 96
49 23
49 60
51 39
52 78
53 9
53 55
54 45
56 25
56 96
57 73
58 69
58 85
60 53
61 2
61 12
61 22
61 43
65 32
65 57
67 18
69 31
71 83
72 12
73 20
73 60
75 99
76 40
77 52
78 9
79 16
79 69
80 10
82 29
82 83
83 66
84 71
85 91
86 2
86 59
87 15
87 33
88 41
88 54
89 7
92 73
92 99
93 65
95 52
96 15
97 7
98 29
98 45
98 72
98 84
