104
1 3
2 12
2 99
3 30
4 4
4 84
5 52
8 17
8 97
9 67
9 92
11 80
12 56
13 1
13 10
14 34
14 92
16 42
17 2
17 86
19 9
19 73
20 65
23 53
25 88
26 7
28 69
30 27
31 48
31 54
31 84
32 93
33 57
34 75
35 16
35 32
35 68
35 99
36 8
38 50
39 35
40 73
41 25
42 50
42 89
45 67
46 76
47 7
47 26
47 80
50 44
50 54
52 38
53 11
53 33
53 84
53 99
54 1
54 58
57 97
58 18
58 54
59 67
61 93
62 19
63 12
63 32
65 63
67 0
67 88
68 32
68 93
69 80
70 14
71 21
72 37
72 73
73 46
73 55
73 64
75 31
75 97
76 57
77 8
78 50
78 79
79 15
82 49
82 91
83 53
84 25
85 1
85 14
87 31
87 95
90 69
92 44
93 91
94 9
95 83
96 27
97 3
97 21
98 98
