108
0 76
1 51
2 57
2 87
2 93
5 40
5 60
5 84
6 25
6 71
7 4
7 98
12 8
12 76
13 18
13 55
13 85
14 28
15 98
16 49
17 44
17 88
18 78
19 40
19 66
21 56
22 14
23 27
23 87
24 69
26 60
26 90
27 16
27 63
28 76
29 6
29 36
30 33
32 26
32 52
32 64
32 72
32 90
33 84
38 17
38 76
39 22
40 62
41 85
45 9
45 63
47 20
48 48
49 42
50 80
51 35
51 71
52 13
54 26
56 36
57 59
57 90
58 86
59 5
61 44
61 75
63 58
64 1
64 91
66 86
67 67
68 12
68 56
69 77
70 2
70 18
73 44
74 36
75 93
76 9
77 42
77 63
78 28
78 73
81 87
82 11
82 19
82 34
82 64
83 48
84 91
88 20
88 84
89 34
90 5
90 64
90 95
91 75
92 28
95 38
96 13
96 22
96 67
97 48
97 56
97 92
98 2
98 29
