102
0 38
0 60
2 73
4 8
4 76
5 51
8 97
9 74
10 22
11 65
12 9
13 45
13 91
15 8
16 52
16 78
18 25
19 32
19 91
20 58
20 73
20 97
21 6
22 16
22 38
24 50
24 68
24 77
25 20
26 28
27 11
27 94
28 44
28 85
30 49
34 69
34 96
35 8
36 87
37 51
38 20
40 41
42 3
42 65
43 9
46 24
46 49
47 72
48 30
48 94
48 99
50 12
51 82
52 49
53 19
54 20
54 72
56 3
56 89
56 96
58 34
58 61
59 79
60 43
60 51
62 24
63 13
63 69
64 60
64 90
64 95
65 0
68 68
69 15
72 11
73 26
73 44
73 59
76 3
76 34
77 64
77 91
80 16
80 75
82 67
82 82
84 53
85 26
85 93
89 61
89 76
90 21
90 88
91 40
91 84
93 5
94 1
94 41
96 30
96 92
97 14
97 60
