113
1 26
2 41
2 56
2 72
2 85
4 96
5 66
6 12
6 35
6 91
7 25
8 44
10 81
11 15
13 0
13 59
15 22
15 31
15 37
15 44
15 87
16 9
17 63
18 47
19 20
20 3
22 10
22 98
24 60
26 0
26 17
26 45
26 78
27 90
28 5
29 29
29 40
31 55
31 69
32 23
32 49
33 79
34 59
35 91
36 24
37 50
38 43
39 16
40 66
41 36
44 3
44 27
44 95
45 96
46 21
47 73
48 81
49 33
49 62
51 58
51 88
52 26
54 75
55 9
55 84
58 46
59 39
60 20
61 30
61 65
61 88
63 58
64 9
65 77
67 13
67 25
67 44
68 32
69 4
69 97
71 87
73 70
74 7
74 39
75 51
75 61
76 97
78 4
79 89
80 17
80 66
81 52
82 26
83 36
83 78
85 12
85 76
85 82
87 49
88 64
88 94
89 29
90 54
91 78
92 3
92 91
94 72
96 38
96 85
97 27
97 48
97 93
98 62
