100
2 76
2 93
3 29
4 58
5 0
5 13
5 97
8 6
8 34
8 83
9 52
9 63
11 66
12 46
12 76
13 11
13 63
13 89
16 91
17 20
18 16
20 58
22 35
22 43
24 71
26 56
27 78
27 92
28 17
29 10
29 61
31 24
32 98
34 50
35 46
35 93
36 29
36 71
37 82
38 96
40 22
41 33
42 10
43 23
43 56
43 94
45 6
48 1
48 81
49 39
50 51
51 8
53 23
53 67
53 86
55 34
55 53
56 29
58 56
59 61
59 97
60 6
60 25
62 44
62 79
63 88
65 34
66 67
68 5
68 17
68 39
70 22
70 55
70 73
72 2
72 13
72 70
73 26
75 52
77 76
78 41
80 36
80 60
80 96
82 21
82 50
82 76
85 95
87 26
87 48
90 52
90 82
91 46
92 7
94 3
94 75
95 23
98 14
99 38
99 57
