109
0 8
0 52
3 22
4 33
4 85
6 39
6 50
8 43
9 74
10 17
11 82
12 64
13 0
13 21
13 94
14 39
15 34
17 0
17 25
17 77
17 94
18 31
18 54
19 14
19 88
21 68
22 6
23 44
24 58
25 28
25 36
25 52
27 62
28 85
33 16
36 27
36 86
36 96
38 71
41 18
43 74
44 33
44 45
44 53
44 96
46 9
47 83
49 24
49 35
50 17
50 92
51 1
52 44
52 48
52 75
53 68
54 54
59 12
59 16
59 25
59 30
60 97
61 90
63 1
63 38
63 63
64 77
65 26
66 16
66 71
66 92
68 44
68 54
69 13
71 75
74 3
74 36
74 88
75 18
75 29
76 48
77 3
77 10
78 23
78 58
79 63
80 45
80 94
81 69
84 28
84 54
84 99
86 18
87 2
87 41
90 78
91 93
92 34
93 51
94 46
94 89
95 78
96 9
97 35
97 60
97 94
98 17
98 67
99 3
