110
1 3
1 13
2 43
3 20
3 33
3 77
4 97
7 27
8 45
8 61
8 68
8 91
9 6
10 2
10 80
11 14
11 37
12 24
14 28
15 60
17 31
18 24
18 93
19 7
20 65
21 56
21 81
22 1
22 48
23 29
24 4
24 79
25 14
26 89
28 22
29 77
30 41
32 4
33 13
33 57
33 64
34 2
35 24
36 9
36 37
38 18
38 70
40 33
40 85
41 47
43 61
44 51
45 4
45 11
45 35
45 87
47 26
47 43
48 3
48 17
48 59
49 10
49 24
51 64
55 49
56 43
56 79
57 24
57 84
59 63
60 72
60 98
61 18
62 10
66 16
66 20
67 3
67 63
68 28
68 78
71 46
72 66
72 94
73 12
73 89
75 51
75 58
80 32
81 52
82 4
84 15
84 42
87 26
88 45
88 67
88 78
89 88
90 4
90 16
90 35
91 54
92 28
92 96
93 48
93 59
93 89
94 13
95 7
95 83
97 21
