106
0 81
2 17
2 68
4 0
4 31
4 95
6 44
7 60
9 22
9 92
10 21
10 38
13 59
13 75
14 68
15 83
17 8
17 43
17 93
18 22
18 28
21 75
21 86
22 52
24 38
25 79
26 23
27 42
28 68
30 17
31 91
32 98
33 52
34 20
34 27
35 38
35 44
38 49
38 65
39 75
41 3
42 17
43 41
45 11
45 48
46 36
46 52
48 93
50 11
51 25
51 68
51 79
52 34
52 88
52 95
54 51
54 62
54 73
58 65
59 82
60 1
60 31
60 37
60 50
60 99
62 10
63 46
66 21
66 37
66 71
70 42
70 81
72 9
74 97
75 22
75 37
75 67
78 11
78 17
78 71
80 44
80 90
82 32
82 98
83 83
84 39
85 56
85 74
86 1
89 7
89 33
90 15
90 48
91 58
91 71
93 1
94 24
94 42
94 73
96 13
96 53
97 30
97 46
98 10
98 27
99 91
