105
0 46
1 8
2 75
3 86
3 92
4 13
5 67
7 3
7 54
7 76
8 25
8 46
8 85
9 27
10 95
12 9
12 72
15 15
15 29
16 80
18 48
18 56
18 86
19 27
20 35
20 66
25 22
27 66
27 85
28 2
29 9
30 18
30 72
30 97
31 67
32 52
33 29
33 61
34 11
34 87
35 2
35 81
37 30
38 53
39 9
42 62
43 97
44 19
45 41
46 14
46 35
46 52
47 98
48 75
49 46
51 26
51 82
52 59
54 7
56 76
56 83
57 12
59 66
60 29
61 50
63 78
65 63
66 41
66 56
66 97
68 30
68 96
69 14
69 20
71 1
73 26
73 82
74 62
74 74
76 31
78 3
78 54
80 12
81 48
82 19
83 60
84 37
86 69
86 93
87 24
87 55
88 82
90 39
91 63
91 80
92 7
92 11
93 34
94 72
95 45
96 96
97 18
97 65
98 7
99 80
