105
1 19
1 42
1 59
3 72
3 79
4 35
5 38
7 62
9 55
10 8
11 81
13 34
13 95
15 25
16 4
16 37
16 69
16 75
17 46
18 21
19 83
19 92
19 99
22 17
22 49
22 65
24 33
25 1
25 9
25 41
28 56
28 87
29 65
30 70
31 38
32 49
33 12
33 19
33 44
33 68
35 6
35 10
36 90
37 23
37 79
40 10
40 63
41 57
43 28
43 75
44 92
48 81
50 53
51 94
52 37
52 71
53 8
54 43
54 80
59 25
59 48
60 18
60 61
61 88
63 0
63 16
63 73
65 56
65 65
66 5
68 31
68 81
69 50
69 84
72 33
72 95
76 48
76 71
76 86
79 2
79 78
80 26
80 81
80 98
82 17
82 89
85 33
85 84
86 45
86 55
86 73
87 32
89 19
89 90
90 8
90 76
91 49
92 29
93 60
93 98
94 22
96 66
98 11
98 36
98 53
