108
0 23
2 17
2 54
2 60
2 73
3 0
4 31
4 85
5 39
7 9
8 45
8 65
9 95
11 38
13 65
13 81
16 4
16 43
16 74
18 10
19 31
19 79
19 85
21 66
23 3
23 40
25 50
26 59
27 8
27 15
27 33
27 86
28 79
29 47
29 94
30 52
31 26
31 70
33 20
34 10
36 93
37 77
37 92
38 4
39 39
39 60
39 98
42 26
45 15
45 40
45 82
46 6
46 68
46 86
47 59
49 79
50 86
50 94
53 32
54 23
54 59
57 66
58 33
58 45
59 2
59 74
60 49
61 91
63 8
64 28
64 82
65 47
65 99
66 1
66 63
67 5
69 38
69 82
70 22
71 17
74 13
74 39
76 3
76 19
76 34
78 59
80 74
80 88
81 68
81 93
82 38
83 11
83 98
84 42
84 81
85 3
86 49
86 55
88 4
88 67
91 2
91 61
93 69
94 14
94 97
95 50
98 31
98 80
