116
0 0
0 30
1 72
1 76
2 24
2 95
3 18
4 58
4 87
5 12
7 48
8 4
8 80
9 43
11 72
11 91
12 12
12 30
12 39
13 68
14 23
14 47
14 60
17 15
17 86
17 91
17 97
19 10
20 50
20 57
21 23
23 9
25 5
25 92
26 19
26 27
26 58
28 37
29 85
30 23
31 17
31 48
32 39
32 55
32 80
34 26
35 91
36 3
36 65
39 73
41 0
41 22
41 40
41 52
43 87
44 27
46 72
47 77
47 98
48 53
48 60
49 12
49 16
49 36
51 0
52 22
52 81
52 92
53 72
54 65
54 96
55 9
56 29
59 8
61 47
61 88
62 24
62 32
63 69
63 79
64 40
68 5
68 52
69 25
69 94
70 70
71 17
72 33
73 42
74 19
75 67
75 98
78 16
79 97
80 3
81 76
82 56
82 65
83 46
85 73
86 11
87 92
88 92
89 25
89 79
90 37
90 49
91 60
95 78
96 33
97 66
97 72
98 5
98 38
99 26
99 50
