109
0 2
0 19
1 62
2 82
2 99
4 10
5 69
6 52
7 15
9 26
9 65
10 34
12 20
12 82
13 0
13 88
14 6
14 28
15 58
19 59
21 16
21 54
21 83
22 66
22 71
22 79
23 8
24 30
25 38
25 92
26 22
26 34
28 46
31 6
32 26
32 95
33 80
35 12
35 33
36 22
36 93
38 51
39 9
39 41
39 77
40 96
41 63
42 35
44 76
45 49
46 26
48 42
48 70
48 96
50 9
50 19
51 49
52 26
53 1
53 61
54 32
54 85
55 73
55 80
56 11
56 39
57 54
61 46
61 85
62 11
62 82
62 97
64 24
64 37
65 18
66 53
66 59
67 1
69 19
69 40
69 64
71 90
72 78
73 26
75 66
76 78
76 96
77 37
77 52
78 7
78 47
78 53
79 61
80 23
80 91
81 41
85 98
86 56
87 10
87 61
87 88
87 97
88 47
90 81
94 0
94 93
95 39
95 49
97 74
