116
0 65
1 0
1 53
2 20
2 32
2 65
3 8
3 98
4 39
4 41
5 78
6 4
7 87
8 27
9 58
12 9
12 39
13 19
13 63
14 48
15 70
16 77
16 92
17 57
20 49
20 77
20 88
20 93
21 54
22 33
23 70
26 11
26 81
27 64
29 87
29 99
30 30
30 92
31 1
32 40
32 57
34 25
35 52
38 66
39 9
39 42
39 58
39 94
40 3
40 78
41 87
43 66
45 45
45 91
47 0
47 72
48 41
49 69
51 4
52 11
55 54
56 27
56 82
57 0
57 95
59 10
59 17
59 81
60 37
61 88
62 56
62 64
62 75
64 3
64 28
66 18
66 65
67 86
69 91
70 34
71 50
71 57
71 62
72 40
73 86
74 7
76 67
77 0
77 58
79 37
79 73
80 82
82 24
82 44
83 21
84 88
85 52
85 82
86 3
86 28
87 14
87 65
88 59
88 69
92 10
92 40
92 92
94 82
95 21
95 33
95 57
95 96
96 74
96 90
97 10
98 28
