102
0 26
1 6
1 92
2 78
4 55
5 46
6 2
6 60
7 89
8 81
9 94
11 43
12 55
14 20
14 29
14 72
15 62
17 14
19 89
20 5
25 16
25 38
25 76
28 1
30 6
31 38
31 98
32 86
33 64
35 25
36 19
36 29
36 77
36 97
37 14
37 50
39 70
42 38
43 28
43 74
44 60
45 54
45 83
45 93
46 9
48 3
48 46
49 20
49 39
49 77
51 7
51 31
52 15
52 98
56 34
56 52
57 81
57 89
60 2
60 68
62 48
62 57
64 31
64 53
64 94
65 77
65 85
66 3
66 9
66 25
66 35
68 72
69 62
70 48
71 91
72 21
73 66
74 31
75 82
77 35
77 70
78 47
80 60
80 81
81 16
82 11
83 24
84 39
84 70
86 4
86 55
86 61
88 32
88 79
90 41
91 84
92 26
95 57
95 80
97 7
97 17
97 87
