104
0 40
0 49
1 68
1 77
2 98
4 15
4 25
4 62
4 89
5 4
10 6
10 39
10 43
10 50
10 72
12 95
16 24
16 30
16 67
17 47
17 99
18 18
20 9
24 20
24 63
24 78
26 31
26 68
26 75
26 94
27 24
28 46
28 85
29 13
32 55
35 36
36 14
36 66
37 93
38 3
38 50
38 59
38 77
39 37
42 20
43 8
43 47
44 66
44 71
46 93
47 20
47 95
48 44
49 14
50 68
52 8
52 54
53 18
53 24
53 31
54 42
54 73
55 58
56 91
58 96
59 6
60 10
61 53
62 30
62 46
64 72
66 60
67 11
67 43
69 87
70 76
72 46
73 96
74 83
75 30
75 40
75 78
76 14
77 62
78 94
79 1
81 46
83 3
85 25
85 42
85 49
85 96
87 13
87 91
93 89
94 28
95 37
95 44
96 56
96 77
96 98
97 8
99 25
99 61
