111
0 36
0 57
0 64
0 90
1 0
1 94
3 22
6 1
6 86
8 18
9 99
10 14
13 76
14 4
14 51
15 37
15 61
16 88
17 49
18 21
19 92
20 11
20 38
20 77
21 55
25 24
26 74
26 97
27 45
27 76
29 34
31 95
33 89
34 9
34 26
34 42
34 60
34 74
34 78
35 1
35 65
36 98
37 31
39 40
39 46
40 15
43 58
44 0
44 39
44 73
46 81
47 13
48 87
49 32
49 43
50 38
50 70
51 17
52 56
53 99
54 26
55 46
56 15
56 67
56 91
60 9
60 31
60 95
62 79
63 19
63 49
63 64
66 4
68 54
68 69
70 28
70 50
70 64
71 96
72 67
72 92
73 3
73 83
75 9
75 77
76 55
77 23
78 36
78 61
81 70
81 94
83 17
84 56
87 13
87 72
87 77
88 51
91 53
91 95
92 2
92 34
93 33
94 24
96 1
96 42
96 56
96 70
97 61
98 49
98 79
99 64
