106
0 50
1 22
3 6
3 13
5 49
5 58
6 33
6 38
6 84
7 26
8 44
11 93
12 17
12 58
12 80
12 88
14 16
14 68
15 48
17 99
20 26
20 59
21 32
22 1
23 14
23 53
24 72
26 46
26 99
28 57
29 8
29 65
29 79
32 4
33 18
33 48
33 94
34 71
35 44
36 57
37 63
37 80
39 6
39 28
39 58
41 12
41 48
42 23
42 70
42 98
43 56
45 93
47 12
47 17
47 59
49 36
49 53
49 79
49 96
50 74
51 29
51 91
54 45
55 38
56 88
57 28
59 11
59 46
60 78
61 52
61 63
61 74
62 96
63 20
63 40
65 20
66 30
68 0
68 80
70 50
70 69
72 29
73 87
74 96
79 0
80 22
80 44
80 93
81 6
81 17
81 55
81 67
82 86
83 61
86 25
88 1
88 92
91 37
91 50
92 98
94 60
96 15
98 0
98 22
98 41
98 68
