112
0 31
0 66
1 5
1 38
1 97
2 51
3 71
4 82
7 69
8 35
9 9
9 17
9 30
10 96
12 80
13 3
13 58
15 66
16 15
17 48
22 44
22 87
23 61
24 13
25 63
28 23
28 34
29 4
29 75
31 41
32 16
33 79
34 3
34 19
34 88
35 32
35 67
37 59
37 96
38 6
40 14
40 25
40 63
40 82
42 31
43 37
43 50
43 89
44 47
45 80
46 70
46 74
47 10
47 41
49 99
50 52
52 27
53 55
54 42
54 94
55 85
56 15
56 30
56 47
57 73
59 19
60 5
62 48
62 61
63 87
64 1
64 81
64 95
65 55
66 23
67 64
68 41
68 78
69 35
71 7
71 68
72 13
73 86
73 99
75 39
76 59
77 7
77 45
80 65
82 16
82 86
83 52
83 60
84 4
84 37
85 40
86 79
87 10
90 52
90 61
91 90
92 22
93 46
94 0
94 14
96 21
96 35
96 96
97 71
97 99
98 84
99 43
