100
2 2
3 46
4 34
6 28
6 39
7 8
8 16
10 49
10 95
11 85
13 5
13 25
14 12
15 27
16 0
16 19
16 90
18 71
20 26
20 84
21 10
21 56
23 2
24 39
24 74
26 83
27 19
28 27
28 50
28 97
29 10
31 42
31 56
32 68
33 17
34 2
36 98
37 43
38 35
39 27
39 65
41 77
43 7
43 46
44 69
45 29
45 61
46 16
47 97
49 96
50 9
51 15
51 55
52 35
52 87
55 25
55 77
56 96
58 18
58 51
60 31
60 75
61 6
61 47
61 90
62 96
64 41
66 19
66 35
66 67
66 91
68 16
68 76
70 54
71 45
73 17
75 80
77 62
78 89
79 16
80 56
81 39
81 66
83 12
84 83
85 3
85 27
88 71
89 44
90 59
92 9
92 51
93 4
94 15
94 22
94 41
94 66
96 80
98 14
98 68
