106
2 83
3 40
3 52
4 17
4 93
5 72
5 96
6 31
7 75
8 37
11 77
12 66
13 32
13 38
13 45
14 22
14 91
16 58
16 95
17 2
19 77
20 18
21 57
22 9
22 63
22 90
23 84
26 1
26 33
27 27
27 72
29 46
30 52
31 11
31 86
31 95
32 66
35 12
35 37
37 47
38 4
39 60
40 29
41 0
41 70
42 47
43 25
43 38
44 11
48 17
48 53
48 66
51 44
51 50
52 33
53 16
53 23
54 72
54 84
54 99
55 90
56 7
56 42
56 67
57 47
62 36
66 26
67 54
67 67
67 89
69 13
69 62
70 2
70 36
70 83
72 19
72 48
72 58
72 75
73 92
76 12
76 28
79 89
80 44
80 92
81 36
81 65
82 29
83 74
84 98
86 0
86 54
87 69
87 78
88 10
88 37
90 65
91 89
92 16
92 46
92 57
92 80
93 29
94 60
97 5
98 29
