113
1 11
1 24
2 37
3 14
3 64
4 43
5 30
5 48
6 81
11 6
11 14
11 78
13 20
13 54
13 69
13 91
14 48
15 28
16 11
18 91
19 67
19 75
20 24
22 15
23 96
25 3
26 47
26 82
27 33
27 54
29 26
29 92
30 11
31 20
32 77
33 64
33 95
34 60
35 88
36 3
38 43
40 30
40 47
40 56
42 6
42 22
42 77
43 12
43 70
44 42
44 91
45 98
46 1
46 5
46 36
46 75
49 49
49 60
50 74
50 81
50 88
51 4
53 30
54 52
55 9
55 37
55 42
55 99
57 14
57 66
61 72
63 0
63 31
63 95
65 38
67 12
67 60
69 36
70 26
72 79
72 96
73 26
73 84
75 3
75 70
76 15
77 63
78 92
79 38
80 49
80 96
81 14
81 22
82 72
83 7
83 53
84 28
84 96
87 44
89 15
90 50
90 78
91 25
93 32
93 42
94 1
94 58
94 88
95 49
96 10
96 72
98 83
99 22
