205
0 15
0 39
0 63
0 71
1 9
1 81
1 86
2 1
2 25
2 32
2 56
3 50
3 98
4 6
4 68
4 94
6 12
6 23
6 35
6 57
6 84
8 54
8 78
9 28
9 44
11 74
11 86
12 4
12 30
12 34
12 70
12 94
13 62
14 13
14 43
14 51
15 0
15 18
16 34
16 50
16 56
16 63
16 78
17 22
18 40
18 75
19 8
19 18
19 94
20 88
24 2
24 38
25 8
25 15
25 22
25 34
25 45
25 71
26 54
26 90
26 96
27 66
27 78
28 30
28 69
29 5
29 62
29 94
30 17
30 41
30 55
30 75
30 84
31 38
33 12
35 78
36 26
36 36
36 53
36 58
37 9
37 46
37 70
37 91
39 0
39 18
39 83
40 4
40 14
40 23
40 30
41 54
42 6
42 40
42 49
42 74
42 95
43 81
44 63
44 87
47 55
47 80
49 13
49 97
50 0
50 10
50 23
50 39
50 65
50 86
51 33
51 74
52 29
52 48
53 11
53 18
54 47
54 62
55 78
55 85
56 6
56 35
56 67
56 94
57 52
58 60
59 4
60 30
60 37
60 45
60 76
60 90
61 87
62 21
63 13
63 52
63 70
65 70
65 90
66 19
66 67
67 10
67 26
67 31
67 55
67 96
68 1
68 80
69 40
69 48
71 23
71 64
71 87
72 49
72 56
72 97
73 1
73 19
73 83
74 7
74 32
74 70
75 41
76 6
76 26
76 92
77 18
77 36
77 46
77 82
78 13
79 66
80 59
80 74
81 52
82 36
83 30
83 50
84 68
85 10
85 78
85 94
86 3
86 21
86 62
86 83
87 24
87 46
88 63
89 14
89 94
90 11
91 58
91 81
92 34
92 46
92 88
93 0
93 40
93 72
95 23
96 1
96 18
97 5
97 35
