103
1 2
1 21
4 44
5 71
8 33
8 63
9 82
10 8
10 22
10 73
12 52
12 94
13 45
15 58
16 4
16 41
17 86
18 28
18 37
20 66
21 49
21 74
22 16
23 5
24 42
25 10
25 31
26 85
27 29
29 4
29 55
32 14
32 50
33 80
35 97
37 67
38 23
39 52
39 69
39 75
40 38
41 3
42 91
43 87
44 27
45 10
45 62
47 94
49 0
50 24
51 71
52 37
52 46
52 90
53 18
54 82
55 29
55 76
56 7
57 53
58 62
59 84
61 35
62 46
62 73
64 39
65 96
67 8
69 45
70 34
70 90
71 27
71 40
71 72
72 11
72 96
75 23
75 70
76 2
78 39
78 48
80 78
80 92
82 16
83 39
83 96
84 24
86 8
86 34
86 62
87 2
87 89
88 54
90 30
91 11
94 59
95 50
95 66
96 39
96 83
97 21
97 31
99 4
