108
0 15
0 41
1 29
2 54
3 87
6 10
7 19
7 51
9 67
9 89
11 26
13 30
13 49
13 95
15 55
15 74
17 96
19 4
19 7
19 60
20 43
20 88
21 52
22 82
23 38
23 70
23 91
23 99
26 1
26 31
26 49
27 92
28 68
28 77
29 11
29 19
31 38
33 63
34 87
36 6
36 57
37 17
37 31
39 37
40 87
41 9
42 33
43 25
43 92
45 63
46 44
47 8
47 55
47 75
49 0
49 14
50 52
51 29
51 62
52 99
53 39
56 73
57 9
57 47
58 35
58 67
60 15
60 94
61 58
61 87
64 41
64 88
65 69
66 83
67 55
69 32
69 80
70 2
72 46
72 55
72 94
73 10
75 8
75 14
75 23
75 32
75 71
76 81
80 62
81 0
81 23
82 81
83 70
83 91
84 12
84 46
84 59
89 77
91 28
91 33
91 40
91 88
92 50
92 98
96 2
98 52
98 65
98 76
