99
1 86
2 3
3 18
4 33
5 65
5 93
6 38
6 43
6 75
9 55
11 79
13 34
14 26
14 94
15 3
15 21
17 40
17 65
18 55
18 81
20 48
21 17
24 51
24 61
24 82
26 57
28 3
28 24
32 11
32 72
33 97
34 58
35 67
35 79
37 42
37 54
39 27
39 30
40 64
40 92
41 35
42 18
42 70
43 85
44 2
44 44
48 6
48 28
50 4
50 50
52 75
52 84
53 18
54 11
54 14
54 50
54 67
56 1
56 23
56 86
57 71
59 96
62 12
62 54
62 92
66 47
67 40
67 58
67 73
68 3
68 99
70 9
70 80
71 25
73 38
75 85
76 49
76 97
79 62
80 20
82 32
82 67
82 75
83 40
83 47
84 98
85 2
88 16
88 35
89 85
91 3
91 34
92 69
93 80
95 57
96 12
97 48
98 93
99 19
