113
1 80
2 37
2 93
3 5
3 30
3 51
3 59
3 88
5 73
6 93
7 42
8 8
8 66
9 54
11 81
13 37
15 7
16 27
16 46
17 73
18 0
18 83
19 49
22 13
22 40
22 75
22 94
23 62
24 24
24 82
25 98
27 1
27 33
28 10
32 15
32 88
34 20
34 42
35 30
35 77
35 83
36 0
36 57
37 46
39 9
41 50
41 94
42 65
42 88
43 17
43 38
43 71
44 12
45 56
46 81
48 28
48 94
49 18
49 49
50 86
51 39
52 44
52 51
53 5
53 70
54 14
56 86
57 98
58 58
60 27
60 38
60 51
60 74
62 2
63 9
65 87
68 96
70 44
70 54
70 64
70 91
71 16
73 73
73 97
74 41
76 4
76 31
76 65
78 34
79 18
80 79
80 88
81 97
82 52
83 10
83 38
84 0
85 80
86 49
87 18
87 70
87 86
88 11
88 61
88 95
92 56
93 40
95 49
95 69
96 89
97 25
97 76
98 96
