108
0 2
2 36
3 10
3 69
3 77
3 97
5 23
10 1
10 37
10 54
10 63
14 70
14 78
15 31
15 95
16 42
16 64
17 58
18 89
20 23
21 29
22 42
22 69
23 1
23 85
24 76
25 37
25 61
26 5
26 89
29 15
32 59
34 23
34 32
34 38
34 71
35 10
35 93
36 75
37 52
38 65
38 82
39 24
40 66
41 38
43 11
44 79
47 47
47 61
47 73
49 16
49 94
50 10
50 53
51 64
51 83
53 28
54 19
55 26
56 97
57 17
57 53
57 61
58 4
58 38
59 46
62 81
62 87
64 22
64 56
66 78
66 92
68 24
68 72
70 9
70 41
71 16
71 84
74 28
75 75
77 35
78 0
78 20
79 96
81 37
81 44
81 60
83 28
86 35
86 56
88 4
88 21
88 68
89 95
90 88
91 40
92 76
92 99
93 53
94 0
94 24
94 86
95 32
96 9
96 17
96 73
97 95
99 30
