103
1 31
1 75
2 76
3 5
3 13
4 58
6 61
7 40
8 82
10 13
10 29
11 23
11 97
13 79
16 48
16 62
18 57
19 10
19 32
19 90
20 41
20 65
21 26
21 97
24 26
25 49
25 62
26 4
26 89
30 59
30 74
32 42
33 8
33 13
33 67
34 97
35 26
35 79
37 21
37 51
39 85
41 50
42 2
43 70
44 58
44 93
45 24
45 78
46 65
48 82
50 92
51 2
51 72
52 33
54 48
55 64
57 42
58 6
61 81
63 17
63 98
65 91
66 10
66 47
66 54
66 63
69 96
70 78
71 56
72 15
72 26
72 38
73 65
74 1
74 35
75 82
78 45
78 90
79 17
79 83
80 6
81 51
81 65
82 83
84 12
84 32
84 93
85 25
86 99
88 19
89 42
90 5
90 17
91 73
92 88
95 31
95 54
96 8
96 65
97 23
97 46
97 87
98 93
