103
0 3
0 15
0 39
0 75
0 93
2 22
2 28
2 46
2 52
2 62
2 67
2 86
4 12
4 36
4 96
6 2
6 55
6 74
6 82
8 45
8 63
8 93
10 4
10 13
10 20
10 25
10 32
10 38
10 79
12 48
12 72
12 96
14 7
14 56
14 62
14 85
16 27
16 45
16 69
16 93
18 1
18 10
18 17
18 38
18 80
20 30
20 72
20 90
22 22
22 43
22 50
22 58
22 64
22 98
24 3
24 33
24 87
26 10
26 16
26 52
26 70
26 79
28 24
28 60
30 2
30 32
30 38
30 43
30 76
30 89
30 95
30 98
32 21
32 51
32 69
34 5
34 13
34 61
34 83
36 30
36 42
36 96
38 11
38 20
38 50
38 55
38 68
38 77
38 85
40 3
40 39
40 93
42 22
42 28
42 58
42 73
44 12
44 36
44 48
44 66
44 84
44 96
46 2
