105
1 2
1 22
1 78
1 96
2 11
3 50
3 68
3 73
5 62
6 30
6 36
9 47
10 83
11 17
12 54
12 89
15 50
15 60
18 20
18 33
18 46
20 74
21 42
22 85
23 3
23 9
23 32
24 80
25 64
25 90
26 16
26 53
27 73
28 22
29 62
31 37
32 20
34 28
35 97
36 78
37 41
37 56
39 68
40 21
41 43
41 50
41 89
42 12
42 15
42 75
43 81
44 28
44 93
45 5
45 48
47 5
47 34
48 60
51 80
52 89
57 18
59 88
60 34
61 2
61 9
61 42
61 67
62 20
62 62
63 37
63 57
63 77
63 93
65 86
66 42
66 51
67 6
67 12
68 24
69 34
73 58
74 20
74 85
74 94
76 39
77 0
77 28
77 78
78 52
78 94
81 35
84 86
85 13
85 49
85 72
86 58
86 77
90 31
91 67
93 60
94 42
97 26
98 64
99 51
99 74
