109
0 13
1 28
2 60
3 69
4 1
4 29
5 22
5 45
5 73
6 87
7 2
7 15
7 57
9 94
10 51
11 12
11 74
12 21
14 7
14 81
16 98
17 75
18 37
19 7
20 27
20 61
20 94
22 12
22 41
22 80
25 46
27 18
27 20
27 65
28 5
28 77
30 88
31 12
31 96
33 24
34 31
34 44
34 83
35 61
36 71
37 39
38 65
42 3
42 12
42 74
43 35
43 92
44 6
45 59
46 11
47 39
47 53
47 81
48 73
49 20
52 96
54 12
54 22
54 47
57 30
57 87
59 4
60 37
61 64
61 73
63 85
64 11
64 49
67 66
69 34
70 6
70 97
72 25
72 72
73 1
74 63
74 90
76 84
77 73
78 26
78 59
79 9
79 35
80 3
81 98
82 63
83 50
84 77
84 87
85 22
85 35
85 61
86 8
86 43
89 9
89 27
90 81
90 99
92 67
93 44
95 82
96 58
98 15
99 2
