136
0 27
0 39
0 46
0 72
1 1
1 11
1 18
1 90
2 57
2 77
2 97
4 55
8 68
8 91
9 0
9 28
9 37
9 99
10 19
10 58
11 7
11 48
12 77
16 31
17 87
18 17
18 59
18 91
19 7
19 78
20 40
20 47
20 69
20 96
21 27
23 0
28 39
28 71
28 87
29 8
29 17
29 51
29 57
29 97
30 32
32 2
33 79
34 45
37 39
37 79
37 94
38 61
40 3
40 8
40 27
40 67
42 18
42 48
42 97
43 89
44 76
45 37
47 0
48 61
48 71
48 89
50 6
50 97
51 19
51 28
52 77
53 39
53 49
57 87
58 1
58 7
58 27
58 40
58 67
60 21
60 58
60 77
60 86
62 97
63 14
63 49
63 74
68 9
68 41
70 3
70 27
70 58
70 82
71 18
71 68
71 87
71 99
72 12
72 47
78 27
78 51
78 78
78 87
80 3
81 57
81 98
82 8
82 18
82 37
82 70
86 46
87 87
87 89
87 99
88 58
89 37
89 51
90 2
91 21
91 69
91 77
92 10
92 28
93 45
97 2
97 13
97 91
98 7
98 19
98 61
98 80
99 31
99 42
99 52
99 66
99 96
