104
0 54
1 34
2 80
3 29
3 43
3 62
4 18
7 2
8 19
8 48
9 71
11 57
15 33
16 22
16 45
16 54
17 77
19 8
19 63
19 82
20 92
22 35
22 56
23 40
23 50
24 23
27 84
27 89
28 2
28 59
29 8
29 29
31 41
34 67
34 69
34 85
36 39
36 56
37 4
37 19
39 44
39 96
40 64
41 36
42 95
43 16
44 27
44 54
45 19
45 45
45 80
50 70
51 32
51 44
52 53
54 67
57 14
57 40
58 11
59 80
59 97
60 71
61 32
61 59
61 87
65 39
65 45
65 65
66 90
67 21
67 81
69 53
70 1
72 91
73 0
74 11
76 20
76 40
76 97
78 5
79 31
79 52
81 61
81 75
81 91
82 42
82 99
83 25
86 1
86 33
88 53
91 81
91 94
92 14
92 99
93 50
94 74
95 67
96 44
96 81
97 96
98 8
98 26
99 58
