104
2 56
4 61
6 95
7 51
8 2
9 9
9 16
9 41
10 80
13 76
14 42
14 58
17 14
19 25
20 59
22 86
23 11
23 94
24 45
25 3
25 52
27 65
28 85
30 71
31 33
31 97
32 21
32 52
33 6
34 65
36 58
38 11
38 61
40 5
40 27
40 71
42 48
43 25
43 54
44 82
45 99
46 65
48 93
50 44
51 68
52 9
52 53
52 89
54 35
55 28
55 68
56 40
56 59
57 82
57 89
58 96
59 5
59 17
59 57
61 45
61 69
63 21
64 38
64 57
66 10
66 75
67 64
68 16
68 25
68 51
68 98
69 53
70 70
71 38
71 79
73 19
74 87
77 8
77 29
78 48
78 53
79 38
79 81
82 68
82 88
83 92
84 12
86 58
87 6
87 23
88 38
89 72
91 14
91 99
93 49
94 59
94 77
96 8
96 28
96 89
97 96
99 23
99 38
99 68
