105
0 96
1 31
2 76
3 15
3 37
3 48
3 59
3 86
8 79
9 45
13 66
13 85
14 22
14 50
15 34
17 5
17 29
19 19
21 11
22 86
23 55
23 92
24 24
24 97
25 15
26 8
26 50
27 42
28 85
29 54
30 32
33 6
34 43
34 56
34 97
35 64
36 19
36 89
37 14
37 79
41 84
41 94
43 1
43 72
44 20
44 91
47 74
48 10
49 3
49 44
51 62
52 36
55 68
56 27
57 8
57 33
57 78
58 4
58 53
60 96
62 44
62 82
63 9
64 42
64 91
65 25
66 35
67 97
69 15
69 57
70 8
71 82
72 68
74 23
74 46
76 78
77 82
78 7
79 47
79 55
80 3
80 65
81 94
82 39
83 58
84 15
86 8
86 18
86 50
88 95
89 74
89 84
90 24
90 35
91 41
92 1
93 95
95 66
95 82
96 59
97 4
97 73
98 31
98 47
98 94
