107
0 20
1 99
2 0
4 45
5 79
6 5
6 56
8 16
8 65
9 24
9 35
13 56
13 67
14 24
14 42
15 11
17 39
17 72
17 83
19 19
19 25
19 92
22 0
22 10
23 51
24 21
25 7
25 53
27 4
30 71
31 99
32 34
33 66
33 96
34 53
35 5
36 22
36 39
39 3
39 51
39 96
40 76
42 38
42 57
43 12
43 76
44 32
44 70
45 94
46 83
48 2
48 29
49 56
49 96
50 49
52 7
53 18
53 33
56 81
57 4
57 57
58 26
60 51
60 90
61 86
63 9
63 45
63 78
64 28
65 38
65 65
66 1
67 52
68 16
69 12
69 63
70 68
74 29
75 6
75 56
76 74
77 34
79 48
81 4
81 93
82 58
83 23
83 30
86 41
87 63
88 11
89 50
90 23
91 83
93 36
94 97
95 3
95 67
95 76
96 95
97 97
98 14
98 27
98 85
99 0
99 60
99 76
