104
0 85
0 93
2 51
3 72
4 8
5 19
5 31
6 79
6 95
9 75
9 88
10 5
10 50
10 67
12 21
13 13
13 42
13 90
16 35
18 73
19 60
20 7
24 54
25 98
27 19
27 28
27 35
29 67
29 82
30 23
32 60
33 45
34 17
35 6
35 74
35 84
36 34
37 25
38 90
40 15
40 98
42 64
43 9
45 73
45 81
46 25
46 37
46 90
48 5
48 12
48 56
49 26
49 83
51 42
51 95
53 64
54 58
54 78
55 15
55 51
58 34
59 97
61 21
61 94
62 60
63 12
63 55
63 88
64 4
64 46
69 28
69 62
70 9
71 51
71 86
72 49
74 28
74 78
75 72
76 36
77 21
77 42
77 56
77 64
78 10
80 3
80 7
83 21
84 91
85 62
87 54
88 84
89 18
89 80
90 0
90 65
91 5
91 91
94 72
96 28
96 82
96 96
98 53
99 57
