104
2 5
2 34
2 46
3 97
4 11
4 69
6 77
7 50
7 55
10 19
10 28
10 62
11 11
11 86
12 4
14 81
16 55
17 65
18 7
18 35
18 82
22 98
24 17
24 88
25 23
25 78
26 63
27 37
28 51
29 81
29 91
31 22
31 46
32 40
32 61
33 8
33 75
35 55
36 36
37 11
38 28
38 49
39 92
40 71
41 16
43 47
44 56
45 46
46 8
47 29
47 98
48 75
50 19
52 70
55 40
55 54
55 61
57 47
57 83
59 33
60 77
61 23
61 97
64 36
65 29
65 61
67 4
67 51
67 77
67 91
68 22
68 45
70 64
71 67
71 79
71 91
73 3
74 33
75 13
76 26
78 3
78 91
79 34
79 50
83 18
83 47
84 28
84 61
84 86
85 22
85 74
87 36
90 71
91 80
91 86
93 47
93 97
97 23
97 25
98 7
99 42
99 69
99 79
99 89
