105
0 11
1 4
1 36
2 93
4 2
5 7
5 62
6 23
6 43
6 82
8 52
9 33
11 65
12 56
12 75
12 83
12 91
13 17
14 7
18 26
18 38
18 97
19 81
20 14
20 89
21 68
22 35
24 7
25 55
26 41
26 79
26 98
29 22
30 96
31 30
32 7
33 20
34 86
38 99
39 4
39 25
39 47
40 66
41 84
42 58
43 35
43 92
44 18
47 12
47 30
48 85
49 5
50 50
50 79
51 15
53 52
53 92
54 70
55 20
55 28
55 98
61 65
62 57
64 22
64 53
65 33
65 74
68 31
68 95
69 97
72 3
74 38
74 75
74 92
76 50
76 83
77 9
77 15
79 95
80 0
80 32
81 23
81 59
82 71
83 67
83 86
84 28
85 6
85 50
87 22
88 1
89 13
89 28
90 40
90 65
90 92
91 35
93 7
93 87
94 70
95 65
96 23
96 47
97 14
99 60
