108
1 42
2 94
3 45
3 69
3 80
5 88
6 27
8 84
9 61
10 38
12 34
14 9
14 51
16 23
17 17
17 45
17 57
17 68
17 98
18 30
18 75
20 47
22 82
25 39
25 91
26 5
27 20
28 70
29 33
30 0
31 84
32 51
32 80
33 19
33 61
35 26
36 6
38 49
38 66
39 93
40 13
40 76
42 25
42 33
43 57
43 65
43 73
45 87
46 18
48 57
49 34
49 90
50 29
50 51
51 24
52 73
56 7
56 14
56 44
57 61
57 71
58 36
60 28
60 80
60 86
62 97
65 10
65 49
66 64
66 74
68 2
68 56
69 14
69 43
69 81
72 51
72 99
73 92
75 18
75 25
75 68
75 74
78 62
78 97
79 9
79 19
80 36
80 40
82 91
83 83
84 8
84 48
86 23
86 59
87 52
88 47
89 2
89 28
89 74
91 42
93 95
94 1
97 14
97 45
97 56
97 68
97 79
97 90
