114
0 18
1 34
1 78
2 6
2 25
2 40
2 45
2 52
3 69
4 14
5 59
7 13
7 33
7 88
9 0
9 65
10 44
13 52
14 40
16 31
16 89
19 42
20 48
20 76
20 93
23 19
23 31
25 0
26 73
27 21
27 22
28 87
29 94
31 49
33 7
34 61
34 68
35 19
35 50
37 8
37 81
38 55
39 25
39 45
39 67
39 88
40 32
40 40
42 21
44 15
45 2
45 62
47 52
49 41
49 58
50 45
50 67
50 74
50 96
52 6
52 32
53 22
54 12
55 49
57 21
57 61
58 5
58 82
59 2
60 94
62 8
62 70
63 29
63 37
65 45
65 82
66 12
66 50
68 38
68 87
69 28
69 71
70 59
71 10
71 65
72 30
75 74
76 0
76 82
78 48
80 24
80 87
81 58
84 5
84 44
84 71
84 78
86 50
87 32
88 3
88 85
88 98
90 9
90 66
92 36
92 54
92 72
93 93
95 13
95 44
95 78
98 2
99 34
99 56
