111
0 64
2 60
3 38
3 49
4 12
4 43
8 2
8 83
11 13
11 68
13 41
13 55
13 99
14 5
15 68
15 85
18 31
19 74
20 36
21 11
21 17
21 81
22 24
22 46
23 91
23 98
24 74
26 8
27 22
27 37
27 54
30 47
31 13
31 69
31 94
34 98
35 74
36 10
36 68
36 82
38 92
39 53
40 24
40 34
40 60
41 85
42 98
45 19
46 1
46 11
46 69
47 34
49 91
51 25
51 38
51 47
51 74
52 62
52 84
55 12
57 42
57 50
59 71
59 86
60 18
60 31
61 46
61 64
61 80
63 95
64 39
64 58
65 50
66 23
66 69
66 84
67 4
69 60
70 39
71 11
71 29
71 43
71 91
72 52
73 2
74 23
74 99
77 59
78 14
78 44
79 71
81 48
82 81
84 2
84 57
86 95
87 10
89 25
89 50
89 61
92 2
92 35
93 15
94 20
95 71
97 24
97 41
97 48
97 93
98 56
99 73
