112
1 20
1 29
1 93
4 85
5 17
5 79
6 5
6 46
7 64
8 58
9 26
11 71
14 9
14 34
14 96
16 13
16 38
16 65
16 71
16 85
17 3
18 94
19 27
19 58
19 75
22 63
23 15
24 47
25 26
25 72
26 96
28 88
29 20
30 54
31 58
34 6
34 68
35 34
36 16
36 95
37 27
41 74
41 87
43 41
44 52
44 59
46 21
46 45
47 0
47 52
47 66
48 15
48 89
49 30
51 98
52 72
52 80
53 5
54 91
56 37
56 59
56 93
57 30
58 15
58 56
58 81
59 46
59 77
61 69
62 35
63 47
64 2
65 10
65 28
67 42
67 64
68 92
69 18
69 83
71 13
71 54
74 4
75 37
75 47
75 70
76 63
76 80
78 20
78 75
78 90
83 3
83 17
83 29
83 39
83 52
83 62
83 82
84 95
86 58
88 22
88 66
89 7
91 57
92 40
95 89
96 9
96 30
96 62
96 98
97 17
97 35
97 77
