108
0 53
0 83
1 98
2 27
4 35
4 56
5 65
5 74
6 96
7 17
8 11
11 39
12 51
12 73
13 6
13 97
14 64
15 79
17 25
17 71
17 85
19 43
20 55
22 5
22 93
24 30
24 43
25 63
27 86
28 50
30 19
31 57
32 31
33 91
34 80
35 46
36 11
37 40
37 62
37 74
39 69
43 95
46 26
46 52
47 82
47 87
50 11
50 63
50 99
52 2
53 64
53 78
55 42
56 16
56 32
56 86
57 53
57 72
57 98
58 77
60 61
61 3
61 23
62 64
65 6
65 40
65 67
66 56
67 18
67 86
68 37
68 80
71 2
71 60
72 6
73 77
73 85
74 47
74 91
76 11
77 19
77 64
78 84
79 43
80 1
81 54
82 25
83 81
83 89
84 16
86 7
87 5
87 30
87 61
88 41
88 90
90 19
90 82
91 7
92 66
92 97
96 37
96 49
97 23
97 75
98 7
98 57
99 78
