124
0 61
1 4
1 66
1 95
2 39
4 22
4 28
4 82
5 49
7 13
8 89
9 38
9 73
11 10
11 59
12 1
12 18
12 29
12 65
13 48
13 99
15 92
17 1
17 42
17 76
17 81
18 50
19 27
20 11
20 20
23 8
23 35
23 63
24 78
27 25
28 42
28 94
29 0
29 46
30 7
30 19
31 76
32 68
33 23
33 31
34 92
35 41
35 69
37 84
38 7
38 39
39 27
40 18
41 54
42 41
42 87
42 96
45 5
45 67
46 20
46 60
47 12
47 48
48 0
48 46
48 82
50 91
51 49
52 29
54 75
54 99
55 10
56 21
57 34
57 41
59 72
60 0
60 5
61 13
61 87
63 53
63 69
63 91
64 23
65 76
65 78
66 9
66 34
71 1
71 80
72 16
72 53
72 67
74 41
75 10
76 17
76 36
77 90
78 62
80 33
81 8
82 24
82 54
83 83
85 71
85 93
87 36
87 55
88 12
88 43
89 18
91 4
91 11
91 35
91 51
91 66
92 90
95 71
95 78
96 18
97 4
97 48
98 66
99 96
