104
1 62
1 86
2 11
2 33
3 4
5 77
7 45
7 67
9 95
10 21
11 41
11 86
13 17
13 52
14 5
14 28
16 70
17 8
18 56
19 19
20 2
21 67
23 23
24 41
24 74
26 0
26 35
27 96
28 11
28 84
29 55
31 77
32 2
32 37
32 62
34 17
35 24
35 76
35 83
37 10
37 60
37 94
39 31
40 97
41 46
42 49
42 58
42 66
44 8
44 86
46 2
46 19
46 57
47 14
47 42
47 96
48 90
49 30
49 74
54 3
54 71
55 86
57 26
57 62
59 46
63 17
63 25
63 95
64 84
65 6
66 66
67 39
67 47
67 57
70 80
71 34
71 99
74 90
75 10
75 22
75 43
75 50
76 67
76 95
78 16
79 2
79 55
79 80
81 29
81 91
83 98
86 21
88 5
88 13
90 25
91 44
91 68
93 18
95 46
95 83
96 36
96 81
97 27
97 90
