106
0 78
3 66
4 31
6 96
7 85
9 12
10 23
10 37
11 92
12 5
12 27
15 60
16 6
16 20
16 35
16 78
20 29
20 99
21 64
21 81
22 28
23 5
23 56
23 72
26 51
26 93
28 2
29 85
30 17
30 44
30 60
31 23
31 72
31 79
31 96
32 37
34 65
35 24
36 30
37 92
38 67
39 7
39 75
39 99
41 44
43 56
44 47
44 83
46 64
46 71
47 54
48 2
48 14
51 25
52 90
56 9
57 26
58 34
58 98
59 71
59 89
62 31
62 46
63 62
65 0
66 6
66 55
66 91
67 92
68 20
69 24
69 67
71 14
71 95
72 33
74 18
74 53
75 41
75 45
78 80
80 66
81 71
82 36
83 46
84 6
84 88
85 17
85 59
87 11
88 30
89 52
89 72
89 86
90 67
91 3
93 22
93 35
93 42
95 53
97 10
97 65
97 98
98 4
98 45
98 74
98 87
