105
1 70
2 22
2 37
2 56
2 80
2 90
4 8
5 32
6 0
6 46
7 62
9 57
10 17
15 13
15 94
16 74
19 51
19 85
20 62
21 50
22 17
22 79
23 26
25 34
26 2
26 40
26 88
29 97
30 63
31 78
33 22
33 45
34 32
35 76
36 60
37 13
37 44
38 65
40 75
41 85
41 94
42 6
42 25
44 52
45 16
45 99
47 2
47 46
48 57
48 66
48 79
49 32
50 88
53 58
53 94
53 97
54 21
54 30
56 13
56 84
57 61
58 3
59 8
59 91
60 35
60 43
61 25
61 48
62 21
64 56
64 68
64 78
66 61
66 96
68 79
69 42
69 54
71 27
72 13
72 69
73 75
76 46
77 58
78 66
80 21
80 39
81 76
82 7
83 94
84 85
85 55
87 64
88 19
88 91
89 44
89 65
89 71
93 83
95 33
98 40
98 50
98 67
98 87
99 16
99 23
