111
2 2
2 43
2 83
3 12
3 33
4 3
4 74
5 32
5 58
6 24
7 49
7 71
8 41
9 9
10 82
11 90
13 62
15 16
15 21
16 80
18 8
19 26
19 45
21 12
21 54
21 96
23 1
25 35
29 6
29 72
30 51
31 21
31 33
31 80
33 15
33 44
33 68
33 95
34 71
35 39
35 54
36 26
36 85
39 21
39 75
40 10
40 88
40 92
43 28
44 13
45 37
45 51
45 68
49 16
50 57
50 61
50 76
51 4
52 14
52 71
53 36
56 24
56 31
57 76
57 88
58 61
59 15
60 87
60 98
61 37
62 2
63 65
64 10
64 43
66 28
67 31
67 48
68 83
69 89
70 7
70 45
71 22
72 65
73 19
73 56
73 95
77 7
77 68
79 82
81 30
81 97
83 58
83 72
84 37
85 79
87 49
87 63
87 86
88 13
89 42
91 21
93 35
93 55
94 77
96 60
96 98
97 0
97 12
97 82
97 94
99 22
