106
0 11
0 23
1 28
2 2
5 13
7 14
8 0
9 27
11 0
12 70
12 81
13 24
14 65
14 75
15 7
15 21
16 57
17 14
17 70
19 63
19 77
20 8
21 3
22 22
22 57
22 85
23 28
25 70
27 14
28 28
28 44
31 1
32 6
32 29
34 2
34 22
34 40
39 46
48 93
50 75
51 12
53 22
53 60
53 88
54 78
56 11
56 31
56 34
57 41
57 48
57 73
57 91
58 5
60 23
61 57
61 96
62 87
63 30
64 7
65 66
65 75
66 92
67 17
67 47
69 58
69 86
70 68
71 23
71 76
72 52
73 90
76 38
76 65
76 98
77 26
78 6
81 40
81 94
83 14
83 51
83 73
83 86
84 29
84 57
85 21
85 37
85 63
86 79
87 3
87 94
88 55
89 82
91 12
91 24
91 73
92 36
92 43
92 77
93 30
95 3
95 7
95 53
96 18
97 86
98 15
98 60
