109
0 0
0 24
0 51
1 20
1 60
1 92
2 82
3 75
4 31
4 41
5 66
6 53
7 89
8 2
9 36
9 81
11 11
13 58
14 0
15 99
16 52
17 66
17 88
19 35
19 81
21 59
22 0
23 8
23 26
23 67
24 42
25 20
26 87
28 73
29 2
29 11
29 59
31 96
32 35
34 43
35 27
36 0
37 55
37 99
40 63
40 85
42 21
44 80
46 12
46 34
46 66
48 26
49 60
50 0
50 89
51 9
54 29
54 38
55 85
55 94
56 47
56 65
57 2
59 24
60 13
60 44
60 77
61 28
61 38
61 99
63 52
66 59
67 75
67 83
68 37
68 53
72 45
73 8
73 99
74 15
74 43
74 91
75 61
75 74
76 1
77 49
77 62
78 31
80 25
81 98
82 61
82 75
82 83
83 31
83 91
84 12
84 43
84 69
87 0
89 40
89 83
90 18
90 63
90 96
93 30
93 49
93 86
97 56
99 76
