109
0 0
0 49
3 42
3 59
4 81
5 12
5 28
7 90
8 84
9 26
9 41
10 71
10 76
11 64
12 12
13 4
13 72
17 39
17 58
18 23
19 9
19 44
19 86
24 18
24 34
25 93
25 99
26 67
26 75
28 48
29 55
30 61
31 12
33 37
33 98
34 41
35 68
35 75
36 24
36 55
36 86
37 6
40 39
41 98
43 81
43 91
44 5
44 23
45 15
45 72
46 59
47 41
48 94
49 35
50 14
50 19
50 52
50 66
51 76
53 59
55 42
59 37
59 85
60 5
61 28
61 58
64 65
64 87
65 0
65 99
67 53
67 79
68 11
68 84
69 17
69 29
69 70
70 42
72 1
75 50
76 24
77 32
78 67
79 58
81 0
81 13
82 43
82 55
82 77
84 83
85 29
85 95
86 47
86 66
87 3
87 40
87 73
89 14
91 23
91 57
91 99
92 31
92 85
94 67
98 58
99 16
99 27
99 75
99 87
