103
1 52
3 74
3 97
5 7
5 33
5 85
9 1
9 13
9 42
10 30
10 54
12 71
15 89
16 8
17 33
17 99
19 68
20 85
23 73
24 29
25 0
26 42
27 6
27 47
28 67
28 87
30 97
31 26
32 3
32 59
32 77
34 42
34 90
37 59
38 18
40 78
42 42
42 74
47 27
47 81
48 62
49 57
49 74
49 94
50 1
50 28
50 46
52 97
53 23
54 83
56 12
56 43
58 90
59 49
59 68
59 96
60 7
60 25
61 73
61 77
64 16
65 10
65 37
65 57
66 69
67 24
68 7
68 32
70 78
71 90
72 19
72 46
72 82
73 1
73 73
74 51
76 43
76 63
77 46
79 27
79 79
80 35
80 67
81 93
82 16
84 64
87 83
88 18
88 32
88 51
91 38
91 76
92 46
93 11
94 57
96 6
96 98
97 27
97 65
99 35
99 44
99 80
99 87
