112
0 94
1 3
1 56
2 28
2 85
3 69
5 17
5 23
6 99
8 57
8 61
9 75
9 94
10 2
10 37
13 18
15 87
16 5
16 31
16 45
16 53
17 19
18 78
19 95
22 33
22 42
24 6
25 58
25 64
26 91
27 78
28 44
28 49
28 97
29 2
29 67
31 18
33 27
33 51
34 75
34 83
34 91
35 19
37 25
39 33
42 37
42 66
43 9
44 74
44 80
44 94
46 3
46 42
46 58
47 97
49 12
51 21
51 49
52 2
52 33
52 52
52 78
54 30
57 65
58 82
59 68
60 85
61 7
61 33
62 21
63 41
63 55
63 57
64 14
65 68
68 40
69 89
70 20
70 55
72 36
72 94
74 63
74 72
76 10
76 51
77 27
77 86
81 33
81 66
82 21
82 78
83 0
83 58
83 87
85 46
85 71
85 94
88 14
88 62
89 79
89 98
94 18
94 43
95 26
95 28
96 69
97 9
97 51
97 57
97 96
99 32
99 77
