99
1 0
4 86
5 4
6 50
6 72
7 58
8 43
12 90
14 35
15 29
15 63
17 23
17 84
18 15
19 48
19 95
21 56
22 77
23 33
27 96
29 35
29 55
29 83
30 7
30 47
32 26
33 42
34 21
34 98
36 17
36 59
37 53
37 69
37 83
41 12
41 72
43 35
43 88
43 97
45 48
46 8
46 34
46 55
48 86
49 42
49 88
50 17
51 25
51 97
52 61
53 67
54 23
57 83
59 16
60 33
60 65
62 26
62 45
62 71
63 10
63 80
63 99
66 34
66 54
66 86
67 49
69 10
71 39
72 25
73 89
74 82
75 59
76 44
77 16
77 66
79 74
80 52
80 88
80 99
82 13
82 33
82 69
83 45
83 61
84 29
86 17
88 10
88 99
91 52
91 64
91 74
94 46
97 85
97 94
98 29
98 32
98 61
98 69
99 52
