110
0 48
0 62
0 74
1 3
2 94
4 29
4 58
7 8
7 51
7 92
9 74
10 88
11 10
11 41
13 35
14 26
14 49
14 68
14 74
15 57
15 80
16 96
17 18
18 29
22 13
22 53
23 1
23 81
23 99
24 22
24 42
24 76
25 7
26 92
27 49
28 76
29 62
30 27
30 98
31 32
32 10
36 68
37 31
38 14
39 6
40 99
42 23
42 92
43 9
43 67
44 76
45 80
47 53
48 47
48 96
49 20
50 25
50 39
51 77
52 62
52 93
53 12
56 21
57 62
57 99
60 10
60 67
62 89
63 3
63 20
63 55
64 43
64 98
65 28
65 83
66 81
67 14
67 71
69 57
70 0
70 15
71 79
74 96
76 30
77 11
78 1
78 63
82 8
82 20
82 25
82 34
82 72
83 41
83 55
84 77
85 63
87 90
88 47
89 3
91 85
92 61
93 12
94 4
94 47
94 97
96 28
96 32
98 66
99 2
99 60
