105
0 65
0 99
1 83
2 33
2 57
4 19
4 43
5 15
5 76
7 49
7 86
10 57
11 4
15 86
16 67
17 28
17 71
17 99
19 56
20 35
20 80
21 12
21 42
22 57
23 52
25 2
25 88
27 10
27 30
28 15
29 59
29 81
29 94
33 24
33 26
33 42
33 66
33 77
35 8
38 47
39 42
39 54
43 9
43 36
43 66
43 93
44 84
46 77
48 3
48 83
50 9
50 62
51 24
51 51
52 31
52 43
55 15
55 47
55 67
57 3
58 39
59 46
60 72
61 30
61 99
62 65
65 80
66 12
66 25
67 1
67 36
70 70
72 14
73 53
74 64
75 36
75 96
76 45
78 81
79 31
80 11
80 48
80 56
82 65
84 26
84 75
87 98
88 5
89 17
89 69
90 47
91 54
93 2
93 92
94 24
94 85
95 32
95 39
96 10
96 98
97 77
98 2
98 18
98 30
99 84
