105
0 17
0 28
0 79
1 32
1 91
2 2
2 65
3 10
3 52
4 91
7 36
7 48
10 12
10 21
10 48
10 94
11 78
14 40
16 21
16 69
17 78
17 94
18 7
21 25
22 40
22 54
23 63
24 17
24 24
24 84
24 94
25 99
26 52
27 0
27 36
29 18
31 83
32 6
33 25
34 88
35 39
35 55
35 64
35 76
38 22
38 78
38 86
39 58
39 70
40 30
41 5
41 40
42 46
44 17
44 24
45 74
47 1
47 92
48 45
50 7
50 22
50 94
51 61
54 0
56 80
57 27
57 41
57 43
58 11
58 18
61 10
61 87
62 49
63 12
63 80
64 0
64 26
66 36
67 57
70 96
72 6
72 82
74 38
75 23
75 99
78 7
78 42
78 61
82 66
83 8
83 73
83 99
84 0
86 81
86 88
87 35
88 56
89 25
90 42
95 4
95 54
95 71
96 22
96 60
98 36
