104
0 8
0 32
0 49
1 18
2 24
2 60
3 86
4 1
4 46
5 72
6 54
7 7
8 61
9 78
9 99
11 89
12 10
14 38
15 34
16 13
16 48
17 7
17 90
18 19
18 54
20 0
20 42
20 60
20 69
21 85
23 24
25 57
26 0
26 71
26 98
27 36
28 21
30 38
32 12
32 99
33 35
33 83
34 56
35 19
35 45
37 99
39 38
40 26
42 61
43 2
44 75
45 33
47 43
50 77
51 13
52 17
52 34
53 98
55 84
58 28
58 65
59 43
59 59
60 3
61 19
64 0
64 23
64 25
65 48
66 99
68 11
68 54
70 76
71 50
71 87
72 36
72 93
74 30
74 70
76 10
76 76
77 37
78 50
78 58
78 88
79 64
80 99
81 94
82 81
84 13
85 22
86 42
87 78
87 88
89 70
91 41
92 6
92 18
93 78
95 53
97 68
97 88
98 62
99 3
