114
0 29
0 87
0 97
1 3
1 4
3 67
4 22
4 38
5 59
5 77
6 90
7 99
8 26
11 17
12 32
12 56
13 46
14 95
15 4
16 72
19 60
20 21
21 80
22 39
22 48
24 30
25 14
26 5
27 60
27 73
28 50
28 88
30 10
31 96
33 1
33 44
33 91
36 62
37 18
37 50
38 26
38 40
38 67
39 84
40 6
41 32
41 59
42 0
42 79
46 62
46 86
47 47
49 32
50 19
50 40
51 44
53 16
54 4
55 34
56 20
56 71
59 57
59 97
61 6
61 79
62 86
63 29
63 77
64 45
67 32
67 62
68 24
70 7
70 11
70 41
71 21
71 61
71 75
73 3
74 65
75 56
76 37
76 87
77 13
79 42
80 47
83 14
83 27
83 64
83 92
85 57
89 33
89 64
89 99
90 26
90 75
90 83
92 38
92 55
94 14
95 48
95 92
96 82
97 0
97 38
97 98
98 6
98 75
98 91
99 12
99 21
99 30
99 60
99 68
