109
0 1
0 12
0 66
0 93
1 84
3 30
3 36
3 48
3 98
5 17
5 54
7 21
7 38
8 31
8 77
11 62
11 89
14 55
17 78
18 7
18 37
18 42
18 61
21 83
22 48
23 28
23 52
24 9
24 21
26 37
27 66
28 93
29 0
29 70
29 82
30 49
33 4
33 37
34 76
35 22
35 41
36 65
37 18
37 89
37 96
38 11
39 57
40 41
40 50
42 61
42 77
44 55
46 5
47 0
48 38
49 17
50 45
52 22
52 53
53 95
54 42
54 69
55 62
56 29
57 14
57 99
58 69
58 83
59 6
59 92
62 73
63 9
63 34
64 46
64 53
64 85
65 18
65 65
68 2
69 45
70 30
70 96
71 36
71 91
73 14
73 23
74 61
75 77
76 56
78 97
79 63
79 64
80 81
80 92
81 14
83 44
84 42
84 81
86 26
86 90
87 11
89 60
91 75
93 56
93 59
94 99
95 93
96 73
98 38
