106
0 78
2 24
2 53
2 87
3 45
5 2
6 17
7 81
8 29
9 43
11 61
13 53
14 23
14 28
15 13
15 78
19 0
19 58
20 7
20 96
21 29
21 81
22 51
22 89
23 44
26 85
28 14
28 19
28 45
28 62
29 68
29 98
32 38
33 98
34 2
34 18
34 71
35 29
37 54
37 66
37 73
37 87
39 14
41 49
41 90
43 19
44 40
45 62
46 5
47 36
48 25
49 98
51 52
52 7
55 24
55 47
55 59
57 92
58 11
58 39
60 17
60 66
61 3
61 86
63 74
64 40
64 81
66 36
66 69
67 27
71 25
71 91
72 6
72 31
72 61
74 14
74 46
76 77
76 84
76 99
78 0
78 27
78 64
79 34
80 68
81 42
85 19
85 28
87 59
89 88
91 13
92 9
92 73
92 79
92 99
93 56
95 25
96 31
96 40
96 64
96 92
97 14
98 48
98 74
98 83
99 0
