110
1 87
1 95
2 46
2 67
3 9
4 1
4 75
6 49
7 87
9 24
9 65
9 71
10 31
10 46
11 59
13 15
13 52
15 86
16 96
17 31
19 45
19 57
20 12
20 79
21 4
21 74
23 65
25 45
26 29
26 42
27 5
28 92
30 58
30 66
31 48
31 61
32 24
33 39
33 75
33 98
34 13
35 3
35 31
37 82
40 15
40 89
41 54
42 28
44 77
46 34
46 48
46 54
47 4
47 65
47 70
49 13
50 91
52 36
52 74
53 7
54 97
56 44
56 68
57 28
60 22
60 81
61 69
62 86
63 49
65 24
65 41
66 5
66 65
67 80
69 57
70 11
70 45
71 19
71 87
71 96
72 31
73 70
75 10
76 53
77 1
78 36
79 42
79 82
80 21
80 86
84 52
86 9
86 27
88 98
89 22
89 66
90 2
90 13
90 44
90 71
93 9
94 46
94 78
95 39
97 65
98 85
98 95
99 0
99 18
99 53
