105
0 17
0 32
1 62
3 84
4 46
5 75
6 57
7 39
8 10
8 18
8 44
8 81
10 97
12 74
14 25
17 32
17 95
18 63
19 82
20 39
23 10
23 60
24 15
25 32
26 95
27 19
28 59
28 69
28 76
29 53
30 26
31 42
31 76
31 98
34 91
35 72
36 54
36 80
38 6
39 27
40 39
40 89
41 11
41 48
41 97
45 82
46 22
48 52
49 41
50 21
50 90
51 73
54 27
55 37
55 56
55 65
56 89
57 71
60 8
60 47
60 78
63 26
63 32
63 73
64 42
64 99
65 48
65 82
66 8
67 66
68 25
69 75
70 14
71 48
72 24
74 38
74 55
74 95
75 70
75 84
76 10
76 30
79 99
80 17
80 44
80 58
80 82
80 92
81 74
83 41
85 47
86 13
87 60
87 90
88 28
91 73
92 11
93 28
93 90
95 21
96 67
97 53
97 59
98 37
99 83
