92
0 15
0 31
0 36
0 48
0 81
1 65
1 78
3 7
4 40
4 48
4 90
4 97
5 23
5 32
7 14
7 83
8 77
8 99
9 20
9 69
10 61
11 44
11 55
12 95
13 99
14 38
15 16
15 32
15 73
16 49
17 40
17 62
17 78
18 69
18 90
20 24
20 56
21 32
23 72
24 38
25 96
26 38
26 50
26 80
26 89
27 28
27 65
28 98
29 57
31 72
32 82
33 34
33 67
33 95
35 55
36 41
36 63
37 77
38 73
38 98
39 47
41 86
42 80
45 55
45 99
47 82
47 90
48 59
48 75
49 63
51 83
52 55
53 60
55 67
55 78
57 90
61 66
61 84
61 96
65 72
67 65
67 90
68 80
68 99
71 74
73 96
75 85
77 99
81 88
86 98
90 92
93 99
