107
0 76
1 41
1 90
2 9
2 57
3 25
3 32
6 73
7 21
7 89
7 94
8 39
8 64
9 13
10 78
11 62
12 52
12 71
13 46
15 27
16 17
18 31
19 0
19 77
19 87
22 34
22 46
23 7
23 17
23 59
26 53
27 68
28 71
28 87
29 28
31 8
31 37
31 99
32 21
32 87
34 52
35 3
35 30
35 47
35 70
36 93
38 55
39 38
40 23
43 38
43 79
44 31
45 9
47 2
47 81
48 59
48 73
50 36
51 53
52 7
52 21
52 29
52 99
53 77
54 93
57 12
58 37
59 70
60 83
61 53
64 5
64 23
64 45
67 19
67 51
70 4
70 24
71 46
71 77
71 98
72 19
72 81
74 62
75 37
76 53
78 91
80 30
81 10
81 96
82 50
83 38
84 3
84 58
85 13
85 68
86 19
86 91
89 48
89 82
91 36
94 88
95 9
95 53
95 70
98 31
98 44
99 58
