106
0 3
0 72
0 80
1 23
1 29
2 57
3 85
4 34
4 97
5 41
6 53
8 58
9 8
9 72
10 15
10 91
12 39
15 79
15 92
16 73
17 59
18 34
18 44
19 12
19 52
19 87
20 0
22 4
23 46
23 91
26 15
27 79
28 0
28 65
29 23
31 60
32 44
34 26
34 71
34 84
35 65
36 22
36 35
37 93
39 45
42 21
42 87
43 5
43 70
44 60
46 1
47 10
50 78
51 44
51 64
52 33
52 59
52 99
53 3
53 27
55 74
55 88
58 82
59 47
59 57
62 29
62 79
64 96
65 54
66 84
68 11
68 13
69 68
71 91
73 7
74 50
74 69
74 83
75 20
75 62
76 79
78 37
78 86
79 1
79 95
80 37
81 57
81 78
83 70
84 25
87 64
88 13
89 92
91 6
92 20
92 43
93 74
94 55
96 48
96 93
97 35
97 84
99 0
99 16
99 21
99 61
