111
0 56
1 7
1 22
2 77
2 97
3 28
3 51
3 67
5 39
6 23
7 44
8 99
9 34
10 82
10 92
12 38
12 64
14 28
16 56
16 78
17 73
18 6
18 11
18 24
19 87
21 15
21 46
22 61
22 76
22 94
24 51
24 99
27 43
29 1
30 35
30 59
31 26
31 75
33 32
34 6
34 20
34 53
36 93
37 66
37 73
38 24
39 14
39 51
40 88
40 96
45 50
45 57
46 2
46 67
49 34
49 62
49 82
51 3
51 91
52 0
52 39
52 75
53 8
53 28
54 67
56 18
56 97
57 11
58 73
58 80
60 89
61 37
61 60
62 44
62 52
64 24
64 75
65 29
68 55
69 2
70 8
71 18
72 63
73 39
74 80
75 1
75 59
76 40
77 47
78 68
78 97
79 14
80 83
80 91
81 75
83 0
84 57
85 26
85 41
87 69
88 32
89 98
91 49
92 79
95 30
96 1
96 84
98 60
99 22
99 45
99 80
