111
0 1
0 34
1 95
3 11
3 30
4 50
4 64
4 91
6 34
7 1
10 61
12 26
13 79
14 6
15 42
16 24
17 46
17 99
19 8
19 30
19 60
20 14
20 44
21 2
21 26
21 83
22 71
23 94
25 18
25 99
26 64
28 37
28 87
29 8
29 30
30 70
32 25
33 18
33 95
35 39
35 52
36 2
38 72
39 4
39 44
40 25
41 76
44 6
44 40
45 88
47 14
47 28
47 56
49 43
49 63
49 99
50 11
51 0
54 79
55 95
56 52
56 70
57 64
59 19
60 23
60 88
61 4
61 46
61 67
63 37
63 98
64 0
65 33
65 83
66 8
69 94
70 50
71 15
71 67
72 58
72 84
75 67
75 78
77 25
77 32
77 97
78 9
78 59
79 92
80 3
80 50
80 84
81 29
83 14
83 77
85 42
85 91
86 0
86 22
88 69
91 19
92 42
92 64
93 47
94 26
97 45
97 76
97 86
99 9
99 34
99 80
