107
0 7
0 16
0 29
0 48
0 76
0 99
1 80
2 0
2 62
3 12
3 44
6 17
7 32
8 39
9 96
12 59
12 92
13 13
13 76
14 28
17 82
18 6
19 1
19 94
19 97
20 9
20 30
21 55
22 51
23 39
24 22
24 82
24 88
27 33
27 45
28 73
30 18
32 25
32 97
33 66
34 75
34 89
35 7
36 15
37 41
38 60
38 94
40 85
41 44
42 40
44 5
44 17
45 28
46 89
47 22
48 80
48 99
49 46
49 52
50 67
51 3
52 9
53 57
55 0
55 48
55 96
56 35
56 70
58 19
59 89
61 26
61 43
63 64
63 96
64 13
66 57
67 74
68 79
68 86
69 10
70 44
71 0
73 27
73 39
73 77
75 14
75 56
75 89
76 58
78 25
78 29
82 54
83 74
84 20
84 90
88 3
90 30
91 39
91 44
91 64
93 87
94 12
94 96
96 62
97 78
97 86
99 27
