110
0 16
0 66
1 12
2 99
3 24
3 48
3 51
5 80
6 32
9 2
9 45
9 67
11 28
12 73
13 18
15 89
15 99
17 10
17 63
18 41
18 83
19 27
19 43
19 54
22 92
24 59
24 73
25 1
27 24
27 40
27 69
27 85
28 27
28 97
30 41
31 21
32 52
33 7
33 61
34 0
34 91
35 39
35 81
36 29
38 67
39 54
39 66
39 74
40 16
41 95
43 9
43 36
47 52
47 71
48 57
48 96
50 3
50 62
51 31
51 43
51 74
52 22
55 49
55 56
55 81
56 5
57 42
57 64
59 36
60 96
61 30
62 41
63 82
64 32
65 2
65 74
67 7
68 66
69 14
71 10
71 49
72 73
73 25
73 39
73 99
74 58
75 45
75 91
77 95
78 39
79 58
81 81
82 23
82 47
82 52
84 3
85 34
86 10
87 71
88 30
89 66
91 22
93 67
94 38
95 54
97 79
97 84
98 2
98 22
99 53
