201
0 5
0 22
0 27
0 34
0 41
0 50
0 55
0 71
0 76
0 83
0 92
1 99
3 14
4 0
4 21
4 28
4 35
4 42
4 49
4 63
4 70
4 98
5 77
5 84
5 93
6 56
13 7
13 15
13 36
13 64
14 0
14 22
14 29
14 43
14 48
14 55
14 71
14 76
14 83
16 95
20 15
21 6
21 24
21 29
21 36
21 45
21 50
21 57
21 72
21 80
21 87
21 93
21 99
22 0
22 64
26 0
27 22
28 8
28 14
28 29
28 36
28 43
28 57
28 64
28 69
28 78
28 83
29 51
30 95
34 92
35 4
35 16
35 22
35 31
35 38
35 43
35 50
35 71
35 78
35 85
35 99
36 57
41 15
41 21
41 36
42 0
42 6
42 28
42 43
42 50
42 57
42 62
42 70
42 76
47 5
48 0
48 15
48 58
48 63
49 24
49 31
49 36
49 45
49 50
49 72
49 80
49 87
49 94
49 99
54 44
54 88
54 94
55 0
55 16
55 56
56 6
56 22
56 36
56 50
56 64
56 71
56 76
57 29
62 57
62 71
63 5
63 10
63 24
63 30
63 36
63 43
63 50
63 64
63 78
63 92
63 99
69 57
70 0
70 8
70 15
70 22
70 27
70 36
70 43
70 64
70 69
70 85
70 96
71 79
77 1
77 5
77 22
77 30
77 32
77 43
77 50
77 58
77 73
77 80
77 85
77 99
78 63
83 48
83 57
83 79
83 85
84 1
84 6
84 13
84 29
84 36
84 43
84 64
84 69
86 95
90 15
91 52
91 74
91 99
92 21
92 29
92 36
92 85
93 0
93 5
93 92
94 42
94 56
94 70
98 13
98 20
98 41
98 62
98 71
99 0
99 30
99 37
99 51
99 58
99 79
99 86
