107
0 6
0 24
1 45
1 78
2 54
2 67
4 27
5 99
6 2
6 40
7 73
8 15
8 33
8 53
10 93
11 78
14 11
14 25
16 17
16 53
17 27
17 42
18 83
18 96
22 10
23 40
23 67
25 1
26 49
26 92
29 65
30 2
30 25
31 31
31 44
32 48
32 56
34 15
34 66
34 86
36 22
36 96
37 56
37 72
40 13
42 35
42 49
42 91
44 77
48 51
50 42
52 67
53 4
53 38
53 61
56 0
56 53
56 81
56 95
57 43
57 65
58 21
59 36
60 6
60 75
60 99
63 15
63 59
65 24
65 50
65 80
67 6
67 36
67 94
68 70
70 40
70 58
70 89
73 22
73 27
74 11
75 2
76 37
77 30
77 87
78 55
79 23
79 81
80 46
80 68
84 16
84 94
87 65
88 32
89 72
90 17
90 48
91 4
91 10
93 28
93 54
94 95
96 13
96 77
97 84
99 44
99 60
