115
0 9
0 50
1 34
1 90
3 82
4 64
4 97
6 56
7 9
7 71
8 25
8 34
9 32
9 52
12 7
12 20
13 39
13 79
13 93
14 68
17 73
18 96
19 9
19 82
20 2
21 34
21 55
22 17
23 41
24 70
25 50
26 7
26 39
27 29
27 55
27 93
28 0
28 67
29 11
29 23
29 46
30 86
34 51
35 25
35 97
37 39
37 65
38 8
38 81
39 1
40 16
40 55
42 45
42 70
42 82
43 59
44 39
45 17
45 93
50 22
50 45
51 28
52 1
52 54
52 98
54 81
55 51
55 72
56 7
57 40
59 59
60 11
60 94
61 69
63 36
63 85
64 6
64 80
65 97
66 30
67 63
68 8
68 24
70 74
70 93
71 50
71 82
72 0
72 57
73 14
74 64
76 39
76 96
77 20
79 35
81 17
81 64
81 71
82 42
82 48
82 98
83 79
87 5
87 65
88 49
88 58
88 73
88 91
94 12
94 45
94 83
95 30
98 17
99 39
99 90
