112
0 29
0 43
0 50
0 83
0 96
1 10
1 59
3 37
4 23
6 66
7 5
7 18
7 45
7 81
8 30
10 24
12 40
13 60
15 50
15 69
16 58
18 85
19 9
19 15
19 47
20 64
23 24
24 31
24 94
25 0
25 78
27 70
28 14
28 40
28 47
30 27
30 36
30 65
32 52
33 48
34 88
35 11
38 27
40 97
41 6
41 48
41 81
42 10
42 64
45 27
45 56
46 34
46 77
48 10
48 20
49 43
50 93
51 83
53 3
53 63
53 76
55 21
55 29
55 89
58 10
58 41
59 0
60 61
61 51
62 72
63 40
64 18
64 81
65 21
65 99
66 47
66 88
68 71
69 19
70 23
70 94
71 62
72 43
73 2
73 52
73 82
74 35
76 13
77 31
78 38
80 79
80 87
80 98
81 54
82 30
83 98
84 12
85 65
85 71
86 17
87 78
89 42
89 47
89 89
92 24
93 54
96 12
96 38
97 48
97 75
97 91
98 30
