115
0 23
0 83
1 7
1 59
2 14
2 92
3 36
3 46
3 71
6 45
6 92
6 98
7 29
8 7
8 76
9 16
9 57
12 32
12 71
13 50
13 99
15 0
15 76
18 18
18 50
18 89
21 31
23 42
24 4
24 83
24 90
25 19
28 47
28 63
30 4
30 68
30 85
33 16
33 28
33 77
33 90
36 44
36 51
36 69
36 99
37 23
37 37
38 2
38 75
43 99
45 14
46 83
48 69
48 80
49 37
50 23
52 45
52 92
52 99
54 0
54 56
54 63
55 36
56 30
58 12
58 97
60 65
61 79
62 9
62 71
62 88
63 32
63 42
64 25
64 56
66 10
66 49
66 82
68 94
69 97
70 1
71 44
71 54
72 26
72 33
73 98
74 79
76 20
76 62
77 44
79 12
79 31
79 81
81 66
81 75
81 80
82 44
84 88
85 7
89 60
89 80
91 14
91 35
91 53
91 97
93 21
94 7
95 57
96 41
97 77
97 95
98 64
99 2
99 7
99 23
