113
0 32
0 99
1 4
1 37
1 58
3 21
4 49
5 79
6 37
7 10
8 54
8 66
8 99
9 73
9 90
10 47
12 21
15 13
15 61
18 65
20 31
21 21
22 99
23 47
24 38
25 2
25 25
25 76
26 93
28 6
28 52
29 46
31 3
31 25
32 30
32 37
33 53
33 58
34 23
35 67
36 56
36 99
37 84
38 14
40 1
40 71
40 84
41 49
44 85
45 16
46 43
47 23
47 95
48 1
48 47
50 21
52 23
52 27
52 41
52 89
54 46
54 70
55 2
55 7
56 54
56 59
58 75
59 7
59 31
59 73
60 94
61 38
62 55
64 61
65 79
66 29
66 90
66 99
67 15
67 58
68 45
69 16
70 53
72 33
74 6
74 84
77 38
79 69
79 93
80 23
80 52
80 86
81 28
81 78
82 42
82 60
83 3
85 11
85 72
86 48
87 94
89 68
90 0
90 51
93 87
94 15
94 23
95 38
98 42
98 53
98 99
99 18
99 30
