108
0 91
1 8
1 23
1 78
3 35
4 99
5 1
5 54
6 40
7 18
8 58
9 35
11 71
12 94
15 14
15 23
15 87
17 50
17 68
17 79
17 97
18 4
20 31
20 87
21 22
23 83
24 93
25 53
26 12
28 9
28 32
30 56
30 76
31 25
32 39
33 44
33 77
34 58
34 95
36 26
38 99
39 8
39 53
39 74
39 78
41 43
42 58
42 91
43 5
43 14
46 30
46 39
47 20
47 69
47 81
50 57
50 94
52 27
53 10
53 65
54 2
54 33
56 52
57 10
57 40
57 68
57 95
59 27
61 75
63 17
64 64
67 18
67 45
68 18
69 92
70 87
71 28
71 50
73 34
74 44
75 54
77 31
78 4
78 76
80 9
80 58
80 66
82 36
85 22
85 74
85 86
85 99
87 40
88 61
91 41
91 53
93 84
94 5
94 23
94 73
96 97
97 1
97 13
98 54
98 73
99 30
99 39
99 84
