89
0 1
0 6
1 16
2 28
8 36
13 6
15 35
15 44
16 10
16 27
17 20
18 50
20 3
24 42
27 7
28 15
30 24
31 41
37 10
39 34
45 29
46 21
47 35
49 0
52 4
52 24
53 11
53 38
53 44
55 2
55 21
56 28
58 50
61 43
62 25
62 55
64 63
65 71
67 7
69 14
70 22
70 34
70 46
71 61
71 79
71 85
72 27
72 52
72 88
73 69
73 96
76 9
76 16
76 64
78 2
78 57
79 48
79 88
79 94
81 64
82 42
83 9
83 28
83 35
83 73
84 14
84 23
84 99
85 52
86 57
86 77
89 23
89 80
90 0
90 30
92 7
92 59
92 77
92 99
93 49
93 91
95 84
97 7
97 55
97 67
99 13
99 29
99 44
99 78
