97
0 3
2 98
3 54
4 9
5 22
7 1
7 67
12 13
12 79
15 43
15 53
18 78
19 16
19 93
21 51
23 34
24 66
25 21
25 86
27 46
27 58
28 79
28 91
29 63
31 33
32 7
32 17
33 17
33 39
35 99
38 56
38 91
39 17
40 1
40 54
40 78
43 30
43 98
44 67
45 40
45 76
47 26
48 9
49 6
49 69
50 59
52 26
52 99
53 45
53 77
55 30
56 9
56 52
57 1
57 60
57 91
58 24
58 45
60 95
62 65
62 84
64 2
65 90
66 8
66 53
67 44
68 37
68 58
70 23
70 93
71 29
71 69
75 1
75 18
75 47
75 53
77 30
77 74
78 99
79 80
80 88
81 5
81 38
84 17
84 62
85 55
86 90
89 13
90 27
90 34
91 54
92 48
94 92
95 25
96 77
97 1
97 35
