113
1 35
1 65
1 73
2 7
4 39
5 49
6 22
8 63
9 18
11 50
11 80
12 83
14 96
15 33
15 55
15 91
17 5
17 12
17 27
17 71
18 51
18 99
19 39
19 65
20 89
21 31
24 21
24 31
24 71
24 83
26 46
27 55
27 67
30 1
30 62
30 87
31 13
31 31
32 48
33 79
34 73
35 12
35 95
36 88
38 25
39 35
40 41
41 8
41 63
42 53
43 49
44 56
44 75
45 8
45 37
45 93
46 22
49 18
49 99
50 8
52 73
53 89
54 21
54 39
54 73
55 67
57 45
57 84
58 28
59 57
60 36
62 9
62 51
62 66
62 93
64 96
66 31
66 77
67 59
68 2
70 8
70 16
70 65
70 81
71 37
71 49
74 28
74 83
75 20
76 62
77 45
78 95
81 10
81 24
81 38
82 79
83 87
85 71
86 25
86 92
87 40
87 54
88 65
91 2
92 97
94 25
94 29
94 43
95 58
95 90
96 4
96 74
98 71
