95
0 68
0 82
1 2
1 29
2 19
2 88
2 96
4 57
6 13
7 58
7 74
9 95
9 99
11 20
11 53
12 61
13 90
14 26
14 96
15 1
16 25
16 78
17 68
20 9
20 18
20 51
20 87
23 72
23 83
24 15
26 93
27 31
28 13
28 50
28 64
29 4
29 20
29 76
31 99
32 85
49 66
50 90
51 83
52 99
53 5
56 23
57 13
59 76
60 29
60 51
60 96
61 68
62 38
62 43
64 12
66 95
67 36
67 64
68 6
68 49
68 89
69 83
72 4
74 25
74 49
74 65
76 20
76 55
76 84
76 96
80 4
80 24
81 32
82 60
83 15
83 41
83 72
85 53
86 8
86 82
88 76
90 45
91 18
91 24
94 8
94 62
95 59
96 30
96 74
97 2
97 78
99 8
99 39
99 46
99 56
