112
0 0
0 6
0 80
1 44
1 53
3 60
4 3
4 21
4 27
5 11
6 79
6 84
6 96
10 33
11 69
12 13
13 23
15 30
16 97
17 3
17 47
17 67
19 39
19 81
20 16
21 24
23 99
24 6
26 75
28 34
29 26
29 56
30 20
30 53
31 3
33 41
33 86
34 13
34 49
34 67
36 22
37 82
38 34
39 55
40 43
41 63
41 89
42 36
45 29
46 57
47 11
48 66
49 41
49 83
50 3
50 76
51 62
53 48
54 71
55 10
55 97
56 24
56 30
58 39
58 81
59 49
60 9
60 46
60 60
60 96
62 87
63 14
64 67
66 79
67 19
68 0
68 38
69 55
69 82
71 99
73 37
74 33
74 56
74 78
75 59
75 94
76 82
78 7
81 65
82 37
82 79
82 86
82 95
83 14
86 32
86 57
87 3
87 47
88 20
88 42
88 94
90 36
91 63
95 93
98 23
98 63
98 77
99 2
99 7
99 17
99 36
99 50
