110
0 27
0 61
0 94
2 7
2 61
3 3
3 19
3 87
5 45
7 24
7 99
8 38
9 31
10 73
10 84
13 69
14 37
15 92
17 53
18 61
20 94
21 41
22 73
23 23
25 43
25 54
26 78
27 27
27 60
27 99
28 68
28 85
29 23
30 7
30 47
31 1
35 23
35 62
35 70
35 82
37 44
38 74
39 8
39 35
39 53
43 31
43 58
45 3
45 54
45 70
45 99
47 40
48 84
49 64
49 93
51 10
51 23
52 0
53 45
53 68
54 91
54 99
55 83
57 38
59 66
60 44
61 58
64 63
66 9
66 30
66 98
67 51
67 85
69 4
69 58
70 36
71 92
72 97
74 20
75 20
75 34
76 62
76 69
77 42
79 78
81 74
82 4
82 24
82 48
83 31
83 40
83 66
84 52
84 91
86 0
88 9
89 89
91 33
92 56
93 26
94 59
97 11
97 42
97 56
97 73
97 78
97 90
99 3
99 21
99 26
