110
0 15
0 88
1 50
2 38
3 43
4 73
6 55
8 14
8 81
10 27
12 65
12 99
13 49
14 8
14 25
15 91
17 20
17 40
17 67
18 89
19 93
20 2
20 51
20 63
20 76
22 10
22 36
25 84
26 0
26 27
26 45
27 79
30 10
31 27
31 49
31 63
32 34
32 71
35 0
35 43
36 50
37 8
37 77
39 59
40 13
42 36
42 81
43 22
44 18
46 40
47 63
48 28
48 82
48 93
49 56
52 6
52 25
52 68
52 99
53 86
54 31
54 42
54 75
55 3
56 12
57 81
59 73
63 0
63 97
64 88
65 18
65 54
69 38
69 47
70 86
71 2
71 64
71 77
73 21
73 71
74 62
75 43
75 68
78 6
78 34
79 78
81 21
83 88
83 96
84 33
86 10
86 55
86 87
89 70
90 23
90 45
90 59
90 94
91 5
92 17
93 0
94 70
94 76
94 86
95 57
98 1
98 24
98 32
99 54
99 99
