114
0 37
0 43
0 90
2 83
3 11
3 52
4 20
4 59
5 71
7 90
8 39
11 98
12 20
12 25
12 48
12 56
12 74
13 1
16 92
17 74
18 4
19 45
19 79
23 62
24 89
25 35
26 58
27 48
27 66
27 76
28 14
30 22
30 30
30 93
31 85
31 99
32 0
34 52
35 73
35 80
36 7
39 15
39 55
40 34
41 39
41 64
42 13
43 0
43 52
44 84
45 18
45 40
45 60
47 0
47 92
50 81
51 15
53 74
54 22
54 55
55 36
56 31
57 13
57 69
58 6
58 27
58 52
58 99
59 92
60 22
61 2
61 58
62 40
62 53
63 84
64 75
64 99
68 38
69 4
70 67
71 27
71 42
71 59
71 74
71 84
72 17
74 0
74 8
75 15
75 99
76 46
79 73
79 91
80 22
80 57
81 46
82 29
83 15
84 51
85 83
86 2
86 61
90 7
93 21
93 29
93 37
94 71
94 91
96 14
97 41
97 51
97 57
98 18
99 87
