105
0 33
0 49
0 99
1 9
1 55
4 26
4 78
6 33
6 64
8 3
8 91
9 97
10 50
13 66
13 74
14 2
14 39
16 47
17 32
18 99
20 10
20 80
23 4
23 87
24 22
29 27
29 55
29 92
30 73
32 45
34 19
34 62
35 53
35 96
36 88
37 94
38 71
39 1
39 33
41 16
42 59
46 75
47 1
47 42
48 18
48 58
49 12
49 27
50 86
52 13
52 51
52 95
53 27
53 62
53 80
56 38
58 99
60 43
60 56
62 76
63 64
64 15
64 20
65 38
66 0
66 93
67 46
67 59
67 71
68 88
69 80
70 5
70 30
71 25
72 92
74 6
75 46
76 22
80 63
80 98
81 11
81 31
81 68
82 54
82 86
83 68
84 48
84 75
87 31
89 2
89 40
90 14
90 90
92 7
92 99
93 56
93 81
96 84
97 37
97 61
97 62
98 13
98 19
99 23
99 80
