108
0 0
0 12
1 33
2 4
2 65
2 96
4 27
5 73
6 48
6 90
7 0
7 17
8 6
9 83
10 32
13 43
14 22
15 8
15 62
16 38
17 44
17 97
18 69
19 25
19 53
20 20
20 99
21 3
21 19
22 83
25 88
26 7
27 91
28 25
31 64
31 87
32 34
33 69
34 40
35 31
35 94
37 10
37 75
38 15
38 57
38 66
38 99
39 3
39 48
40 32
44 25
45 6
46 41
47 93
49 51
49 70
52 99
53 21
53 75
54 38
54 43
54 63
55 53
56 68
57 95
59 26
61 20
62 4
62 13
62 38
62 73
63 55
63 60
63 81
64 93
65 32
68 76
69 3
70 60
70 95
72 91
73 46
74 1
74 30
74 80
76 18
77 64
79 72
80 22
80 34
80 47
82 97
84 53
85 1
89 75
90 60
91 43
91 67
92 1
92 39
93 10
96 78
96 99
97 24
98 21
98 28
99 52
99 95
