104
0 9
3 29
3 93
4 2
4 48
5 9
7 55
9 69
9 78
9 85
11 17
13 45
13 90
14 24
14 62
15 8
15 75
16 80
16 99
19 0
19 7
19 35
19 99
21 28
21 66
23 79
25 51
27 61
27 87
28 14
30 19
30 48
31 1
33 6
34 27
34 36
34 41
37 69
37 97
38 15
42 0
42 81
43 62
44 64
44 89
45 45
46 16
47 22
49 94
50 30
50 38
50 50
50 99
52 73
54 12
54 34
55 24
56 53
58 8
59 68
59 80
59 99
60 77
61 61
62 39
62 90
63 19
64 6
64 44
64 74
65 23
65 96
66 53
66 82
67 16
67 63
69 29
73 43
74 54
75 15
75 87
75 97
76 9
77 24
77 69
77 78
78 40
81 72
82 20
83 81
85 10
86 54
86 91
87 31
89 68
90 25
90 47
92 93
93 48
95 8
95 74
98 35
98 66
99 23
