110
0 23
0 85
1 16
4 42
4 58
4 78
7 0
7 74
8 61
8 96
9 99
10 6
11 44
12 79
12 87
12 95
13 13
14 31
15 33
17 53
19 27
19 49
21 11
21 66
22 29
23 52
24 2
24 87
25 99
26 10
26 22
27 40
28 76
29 69
30 26
30 85
33 56
34 1
34 42
34 76
34 93
38 50
39 19
39 28
39 34
40 0
40 79
41 7
41 87
42 63
43 9
43 32
46 63
49 22
49 40
49 57
50 9
50 28
50 91
51 74
51 85
54 34
55 48
55 78
57 62
58 7
59 0
60 28
60 47
61 16
61 99
62 52
62 71
63 81
65 22
69 85
70 68
71 79
71 83
72 8
72 28
72 59
74 35
74 51
78 35
78 45
79 12
79 95
80 7
85 13
85 28
85 63
86 73
86 91
88 12
89 32
90 48
90 65
91 76
91 85
92 18
92 92
94 43
95 50
96 29
97 83
98 2
98 23
98 74
99 36
