104
1 32
2 92
3 64
4 57
6 14
7 48
7 69
7 73
8 35
8 81
10 29
10 96
11 11
12 51
14 5
14 60
15 44
15 82
16 30
18 99
20 56
20 63
21 40
23 27
23 81
23 98
24 47
24 77
29 91
30 10
30 60
31 40
32 32
36 23
36 62
36 77
37 52
38 36
38 71
39 31
41 45
41 59
42 17
42 94
43 9
43 81
44 51
45 66
47 32
48 43
49 3
51 51
52 61
52 85
53 21
53 34
53 66
54 65
55 43
59 19
59 87
61 77
62 61
63 99
64 93
66 8
66 34
66 76
66 83
67 42
67 46
67 66
70 1
70 58
71 41
71 61
73 15
74 77
77 20
78 42
78 97
79 54
80 10
80 74
82 93
83 1
83 16
83 53
83 75
84 29
86 69
87 39
89 9
89 65
91 51
91 99
92 34
93 90
95 42
96 99
97 56
97 84
98 11
99 24
