104
0 50
2 1
2 18
4 66
5 40
5 48
5 99
6 34
10 73
11 20
11 28
12 36
14 0
14 88
15 27
15 70
16 45
17 51
18 97
19 2
21 26
21 60
22 45
22 82
24 36
25 13
25 52
26 82
26 91
27 1
27 22
31 34
32 56
32 62
33 48
33 70
34 1
38 27
39 32
39 92
40 22
40 61
40 69
40 75
41 49
44 7
44 96
46 24
46 49
46 67
47 94
48 41
48 73
50 8
50 65
52 32
52 77
54 52
55 25
55 67
56 16
56 83
57 7
60 31
60 45
60 61
62 54
63 66
63 78
63 86
65 49
66 24
67 4
70 21
70 92
73 4
73 64
73 99
75 10
75 23
75 37
75 68
75 84
78 93
79 54
80 82
82 26
82 62
83 6
83 59
85 10
86 1
88 31
90 53
90 75
91 39
92 97
93 44
94 10
95 28
96 77
96 89
99 34
99 55
