109
0 15
0 28
0 67
0 99
1 43
4 7
4 59
4 77
4 88
6 49
9 0
10 19
12 73
12 94
13 44
14 90
15 23
15 62
16 39
17 68
18 47
18 97
19 3
20 32
21 18
21 73
22 12
23 26
23 41
23 84
28 18
28 28
28 78
29 52
29 85
30 45
31 59
33 14
34 79
34 95
35 75
36 65
37 8
38 58
39 32
39 97
40 16
40 39
42 26
43 78
45 58
45 93
46 32
46 46
47 86
50 18
50 53
51 6
51 69
51 81
52 62
53 0
54 17
56 99
57 35
58 20
58 69
58 76
58 89
62 41
64 88
65 68
66 0
70 45
70 93
71 22
71 39
72 56
74 72
74 77
74 88
76 19
76 28
76 51
77 34
78 64
81 8
82 0
82 99
84 95
85 53
86 17
86 69
86 81
88 45
89 60
91 37
92 14
93 20
93 76
95 31
95 83
96 44
96 59
97 55
98 6
98 34
98 94
99 14
