107
0 64
1 38
1 78
3 48
4 89
5 16
5 99
6 10
6 61
7 62
9 22
9 81
10 51
11 95
12 30
12 85
15 3
17 49
17 70
19 95
20 53
20 76
20 85
21 12
22 32
25 28
27 48
27 80
28 1
28 91
30 72
31 41
31 83
32 8
32 64
32 95
33 16
34 77
36 53
36 61
38 40
39 32
40 93
44 45
45 58
46 25
46 89
47 93
49 3
49 7
49 67
50 21
51 29
52 74
52 86
54 11
54 54
56 5
56 38
56 78
56 92
60 8
60 87
62 25
62 39
62 99
63 56
63 59
64 75
66 22
66 52
67 33
68 0
68 60
68 67
68 77
69 35
71 18
72 83
72 99
75 91
76 3
77 9
77 61
79 47
81 80
82 56
83 20
83 66
84 11
84 50
84 88
85 24
85 58
86 30
86 96
91 38
93 22
94 44
96 11
98 16
98 64
98 98
99 0
99 28
99 40
99 72
