107
0 7
0 40
0 72
1 64
1 79
4 25
4 34
4 58
8 42
8 51
9 80
11 50
14 6
16 71
17 11
17 27
17 59
17 91
18 2
18 44
21 36
21 79
23 29
23 47
24 55
28 31
28 82
32 58
33 11
34 78
35 28
35 37
36 6
36 51
36 75
36 91
37 23
39 44
39 68
40 79
41 98
44 62
45 27
45 37
46 70
46 99
47 19
47 43
47 85
48 2
48 10
48 52
49 65
50 61
51 76
56 25
56 84
57 39
57 47
57 92
60 2
60 24
60 99
61 31
61 53
63 78
64 4
65 33
65 48
66 58
66 84
68 74
69 68
70 14
70 25
71 54
72 1
72 98
75 90
76 18
77 28
77 45
78 36
79 83
79 99
80 0
80 41
81 13
82 66
83 73
84 1
88 74
89 45
89 81
90 6
90 15
90 28
90 97
92 88
93 51
93 61
94 21
95 37
97 9
98 77
99 0
99 65
