110
0 57
0 80
0 84
1 29
1 49
2 66
5 13
6 52
6 67
7 81
8 3
8 24
8 29
8 62
9 45
10 97
11 11
11 90
12 50
15 76
16 15
16 84
17 39
19 0
19 55
19 62
19 96
21 29
21 72
23 79
24 24
24 89
26 4
26 20
26 41
26 48
27 96
28 8
28 54
28 60
31 67
32 24
34 5
34 12
35 40
36 84
37 53
37 98
38 36
39 68
40 27
40 48
40 91
41 0
42 56
42 84
43 20
44 66
45 76
46 90
50 1
50 13
50 46
51 38
53 11
54 99
55 42
56 74
58 12
59 53
59 58
60 89
61 99
64 21
65 82
65 95
66 28
66 47
67 73
69 5
70 14
71 0
73 36
74 94
75 80
76 75
79 5
80 0
80 27
80 38
80 96
82 62
83 51
83 80
86 24
86 60
90 7
90 33
91 57
92 26
92 40
92 66
93 11
93 17
93 50
93 74
97 2
97 95
98 71
98 89
