109
0 30
0 36
1 16
1 74
1 93
2 2
2 50
4 34
4 58
4 67
5 82
6 78
7 43
7 99
8 88
9 20
10 26
10 66
11 52
13 4
13 59
14 5
14 34
16 39
17 99
18 0
18 14
19 19
20 67
21 27
21 53
21 86
23 43
23 63
24 81
26 23
26 49
28 42
28 95
30 5
31 33
32 18
35 35
36 63
36 99
39 34
39 82
40 5
40 60
42 21
43 48
46 70
47 5
47 55
47 95
48 87
49 22
49 64
50 40
51 31
53 92
54 45
55 23
56 29
58 36
58 94
59 48
59 73
61 7
63 53
65 64
65 84
66 0
66 79
67 48
68 97
69 37
70 15
70 83
72 53
73 24
74 0
75 32
75 46
75 66
75 77
78 37
78 61
78 95
82 8
82 82
83 18
83 48
84 2
84 26
87 57
87 97
88 64
88 71
91 17
91 33
91 49
93 42
95 80
96 11
98 85
98 96
99 30
99 40
