109
0 19
0 64
1 0
1 78
1 93
2 8
5 97
6 78
8 4
8 46
8 72
13 22
14 52
14 56
14 84
15 11
17 68
18 97
21 79
22 8
22 34
24 95
26 73
27 44
28 1
28 21
29 12
29 32
29 79
30 42
33 16
33 49
35 1
35 89
36 58
38 10
38 28
38 65
39 33
39 89
42 72
43 1
45 34
47 42
47 64
47 70
49 18
49 47
51 0
51 14
51 83
51 99
52 37
53 91
54 20
58 4
58 16
58 46
59 82
60 66
60 70
61 18
62 35
64 97
66 12
67 32
68 2
68 94
69 73
70 53
72 27
73 9
74 56
74 66
75 83
76 41
76 50
77 22
78 70
78 85
80 66
82 5
82 23
82 40
82 83
82 98
83 11
84 91
87 29
87 44
88 0
90 56
90 60
91 16
91 70
93 26
93 30
94 5
94 64
94 89
95 48
95 84
97 54
97 76
98 22
99 2
99 12
99 68
99 96
