106
0 86
2 10
2 77
3 33
3 45
3 57
4 3
4 91
5 63
7 29
7 42
9 99
13 64
13 80
14 17
14 75
15 28
17 80
18 64
19 12
19 37
19 99
20 1
20 53
21 59
22 77
22 97
23 9
24 32
24 50
27 13
27 25
28 65
29 79
31 28
31 70
32 47
36 17
36 51
37 97
38 86
39 74
40 34
41 55
42 47
43 19
44 2
44 79
46 72
48 45
50 50
50 78
51 2
51 27
53 69
53 95
54 15
54 99
55 88
56 30
59 12
59 24
59 58
59 81
60 99
61 3
61 86
63 35
65 54
66 47
67 63
68 10
68 34
68 81
69 71
69 98
72 5
72 59
73 34
75 0
76 9
76 76
76 81
77 18
77 45
79 26
80 51
81 49
82 64
84 95
86 19
87 34
88 65
88 79
89 69
89 93
92 17
93 25
93 34
94 37
94 48
94 76
97 47
97 87
98 13
98 53
