111
0 41
0 52
0 77
1 68
3 21
3 33
6 49
6 97
7 6
7 23
8 69
8 79
10 17
10 46
11 2
11 85
12 38
15 55
16 10
17 31
17 92
18 54
18 62
19 36
23 1
23 19
24 24
24 75
24 84
24 99
26 52
28 36
28 41
30 82
31 25
33 61
33 67
33 98
34 1
34 36
35 7
35 42
37 61
39 0
39 4
41 75
41 86
42 98
43 49
44 58
45 20
46 26
46 78
47 54
47 64
47 71
47 94
50 42
51 74
52 16
52 38
53 33
55 93
57 52
58 98
59 13
59 27
61 32
63 95
64 5
64 52
64 68
64 77
64 85
69 23
69 65
70 0
70 39
70 82
71 71
71 99
72 17
73 50
75 33
75 41
76 96
77 55
79 94
80 20
80 72
82 54
83 3
86 99
87 69
87 76
88 59
88 84
89 10
90 24
90 49
91 44
92 34
93 86
94 27
96 51
96 77
97 99
98 13
98 21
99 58
99 61
