108
0 78
1 26
2 15
2 84
3 48
3 62
4 1
4 4
4 54
5 93
6 38
7 8
7 87
9 15
9 64
10 69
11 24
11 31
11 48
12 76
14 19
17 67
18 55
20 37
20 49
22 4
22 91
22 95
23 75
24 39
26 7
26 56
27 23
27 80
28 80
31 4
31 62
32 68
33 97
34 22
34 52
35 61
36 32
37 8
37 36
37 83
38 99
39 90
40 94
42 77
44 0
44 9
44 23
46 63
49 48
50 4
52 32
54 48
54 72
55 13
55 40
55 76
56 64
57 28
57 92
59 67
60 49
60 94
62 1
62 15
62 18
64 0
65 55
67 22
67 29
67 59
68 42
68 80
68 93
70 75
72 46
72 63
73 27
76 92
77 44
77 67
82 92
83 34
83 64
84 52
84 74
86 39
86 46
87 1
88 18
92 24
92 89
92 98
93 7
93 31
94 46
95 74
97 15
97 63
97 86
99 41
99 48
99 96
