110
0 22
0 41
1 62
1 72
1 98
2 4
3 46
4 26
5 73
5 94
6 65
8 35
10 85
11 20
11 30
12 59
13 47
13 89
14 4
16 64
19 81
20 69
21 24
22 42
23 18
25 65
25 77
26 30
26 58
26 85
27 5
27 14
30 38
32 53
34 64
35 71
35 90
36 2
36 52
36 87
36 99
38 50
39 22
39 34
40 7
41 69
42 66
44 1
44 36
46 78
48 52
49 33
50 12
51 89
52 17
53 40
53 65
54 52
54 78
55 24
55 27
56 39
56 64
59 90
60 75
62 24
63 7
63 51
65 90
66 39
67 65
67 83
68 3
68 10
69 69
69 76
70 20
70 33
70 91
71 5
72 26
73 54
74 84
75 27
79 42
79 53
79 81
79 95
81 37
81 57
81 63
84 72
84 98
85 10
85 50
86 79
88 33
88 67
89 28
89 93
91 88
92 61
93 81
94 2
95 23
95 47
97 63
99 15
99 82
99 99
