107
0 52
4 21
4 87
7 63
8 78
8 96
12 9
12 28
12 33
12 43
12 69
14 63
15 49
16 0
18 12
18 66
19 28
21 54
21 83
21 86
25 71
25 97
26 15
26 42
26 48
26 79
30 0
30 54
30 74
30 90
30 96
31 21
33 80
34 37
34 65
38 74
39 92
40 8
40 28
40 35
41 65
42 0
42 44
44 79
45 23
45 50
46 72
47 54
47 93
47 98
49 87
51 69
51 81
52 33
54 8
55 36
55 92
58 46
59 12
59 71
59 81
60 20
61 37
61 88
62 69
64 51
65 32
65 44
65 65
65 74
66 3
69 20
69 85
70 49
70 72
71 39
73 56
74 78
75 87
77 20
77 34
78 60
78 96
81 57
82 20
83 91
84 14
84 65
84 99
85 74
86 5
86 23
86 31
86 47
87 80
91 40
92 90
94 71
95 34
96 55
97 8
97 62
99 14
99 38
99 69
99 83
99 91
