100
1 68
3 0
4 53
4 72
5 98
7 29
9 77
11 18
11 38
11 70
16 26
19 21
19 50
19 61
20 39
20 55
21 76
22 31
22 68
23 1
23 82
24 43
25 23
25 95
26 7
26 89
27 76
28 35
28 84
30 66
31 27
31 42
33 7
33 59
35 51
36 20
37 76
38 62
38 80
39 23
39 32
39 46
41 57
42 88
43 15
45 33
46 61
47 41
47 77
47 95
48 3
50 13
51 26
53 56
54 52
54 67
54 73
55 29
58 50
58 58
58 68
59 34
59 80
62 24
62 29
63 1
63 69
64 15
64 38
64 63
65 41
67 44
67 55
67 85
69 24
69 61
71 42
72 73
72 90
73 78
74 10
74 26
74 60
75 16
78 32
79 23
79 58
80 72
81 61
83 80
84 36
84 44
85 75
86 25
87 60
88 16
91 20
91 46
92 71
98 52
