110
0 14
0 46
0 84
1 31
2 68
4 78
4 99
5 42
6 56
7 17
8 67
9 28
10 99
12 72
13 56
16 0
16 29
16 43
16 83
17 89
18 53
18 82
19 42
20 59
21 18
22 3
24 68
25 63
26 22
27 79
28 47
28 68
28 99
29 33
31 91
33 4
34 14
34 22
35 96
37 83
39 19
39 36
39 58
39 75
40 7
42 29
42 61
43 78
46 23
46 37
46 95
47 6
47 49
47 56
49 31
50 67
53 83
55 21
55 89
56 47
57 11
57 69
59 26
60 59
61 43
61 73
61 99
62 7
62 50
62 82
63 0
63 32
63 64
63 90
65 23
68 73
69 36
70 47
70 97
71 86
75 56
75 78
76 17
76 60
78 23
78 28
78 72
79 9
81 15
81 39
81 41
81 88
82 68
83 57
87 43
87 88
87 94
88 52
88 72
89 78
90 7
90 99
93 56
93 80
94 31
95 22
97 15
99 44
99 57
99 80
