110
0 37
0 58
0 74
1 14
1 29
2 51
5 22
5 87
6 16
6 41
7 3
7 79
11 4
11 59
11 63
14 48
14 95
16 30
16 87
17 73
18 27
19 5
19 67
20 31
21 16
21 46
21 93
22 71
25 50
26 88
27 10
27 19
28 99
29 56
30 25
31 39
32 85
34 6
37 13
38 28
39 67
39 72
40 35
42 49
43 6
43 20
43 98
44 75
47 0
47 28
47 45
49 19
50 60
50 91
50 96
52 56
55 15
55 37
55 64
56 23
56 42
59 11
59 50
60 18
62 63
64 16
64 26
64 46
65 99
66 1
69 34
69 97
70 10
70 43
71 3
71 65
72 74
72 81
73 27
75 58
76 24
76 30
78 65
79 77
81 84
81 94
82 6
82 15
83 54
83 90
84 70
85 40
86 48
87 11
88 1
88 57
89 24
90 4
91 31
92 65
93 75
93 83
94 39
96 0
97 99
98 14
98 23
99 18
99 34
99 77
