106
0 8
0 40
0 49
0 66
0 87
1 14
1 94
2 73
3 23
3 54
6 30
10 28
10 72
11 78
12 2
13 88
14 10
14 41
16 77
18 43
18 44
18 95
19 7
19 14
20 26
23 93
24 1
24 27
24 43
25 87
26 10
30 56
30 63
32 73
32 93
35 1
35 50
35 59
36 30
36 93
37 99
38 10
38 24
41 46
41 64
42 32
42 77
43 71
45 2
45 50
46 10
46 62
46 76
46 84
46 91
47 39
48 47
50 6
50 22
53 90
54 31
54 36
55 16
55 21
58 56
58 63
59 8
60 32
60 48
60 90
60 94
61 15
61 71
64 36
65 5
67 43
68 21
69 34
70 53
74 4
74 40
75 18
75 99
76 69
77 24
77 85
77 90
78 0
78 65
79 9
80 22
81 39
83 94
84 55
85 31
86 60
87 82
91 34
91 79
92 6
93 97
96 13
96 68
97 42
97 94
99 11
