106
0 72
1 49
1 56
1 88
2 0
2 64
6 15
6 37
8 70
9 64
10 0
10 87
13 17
13 37
14 47
15 80
15 94
18 4
18 51
18 58
18 64
19 89
22 38
22 50
23 61
23 81
24 10
24 75
25 17
26 29
28 89
29 4
31 49
33 67
33 81
35 32
35 37
35 47
35 99
38 0
38 65
39 85
40 9
40 78
42 25
42 32
43 69
44 4
45 42
45 85
46 49
48 25
50 47
50 60
52 7
52 12
55 22
56 95
57 4
58 68
62 59
62 75
63 14
63 36
64 85
67 56
68 17
69 9
69 22
71 44
71 50
71 94
72 34
72 74
73 20
73 85
74 68
75 2
77 70
78 90
79 36
79 48
79 80
80 9
80 55
81 87
83 33
84 1
85 8
86 91
87 49
88 21
90 16
90 36
91 60
91 71
93 32
93 76
94 95
96 34
96 51
97 91
98 39
98 59
99 2
99 81
