111
1 57
1 95
2 3
2 64
3 18
3 81
5 14
6 77
10 5
10 23
10 72
11 47
12 61
13 45
14 28
15 52
15 94
16 4
17 27
18 71
18 83
20 36
20 49
20 66
21 88
23 99
24 9
24 19
26 74
27 46
27 52
27 66
29 80
30 2
30 49
31 39
32 32
33 63
34 70
35 21
36 28
36 57
37 40
38 4
38 93
39 88
42 29
42 45
42 55
43 40
45 22
46 33
46 78
47 2
47 61
47 72
47 91
50 56
52 18
52 31
52 63
52 99
53 11
54 0
56 36
56 38
56 46
56 57
56 83
59 90
59 99
60 17
60 43
62 20
62 65
62 69
63 0
64 79
66 37
67 23
67 51
68 62
71 85
72 11
72 29
75 96
76 6
76 9
76 62
78 89
79 19
79 40
79 76
81 56
84 49
85 17
87 38
87 63
87 96
88 30
90 73
90 90
91 8
91 45
94 99
95 14
97 85
98 50
99 17
99 31
99 40
