127
1 17
1 28
1 38
1 47
1 58
1 67
1 77
2 90
3 3
3 9
3 84
3 97
7 15
7 35
7 40
7 45
7 50
7 55
7 65
7 70
7 75
8 20
8 25
8 30
8 60
8 80
10 7
10 87
13 1
13 95
15 7
15 22
15 32
15 42
15 53
15 68
15 77
15 88
16 59
17 15
20 8
20 20
20 25
20 30
20 35
20 40
20 45
20 50
20 55
20 60
20 65
20 70
20 75
20 80
20 85
20 92
22 1
25 8
25 20
25 25
25 30
25 35
25 40
25 45
25 50
25 55
25 60
25 65
25 70
25 75
25 80
25 85
25 92
28 15
30 7
30 20
30 25
30 30
30 35
30 40
30 45
30 50
30 55
30 60
30 65
30 70
30 75
30 80
30 85
30 93
33 1
35 8
35 25
35 30
35 35
35 40
35 45
35 50
35 55
35 60
35 65
35 70
35 75
35 80
35 85
35 92
37 15
37 20
42 1
42 30
42 35
42 50
42 55
42 70
42 80
42 85
42 90
42 95
43 5
43 10
43 25
43 40
43 45
43 60
43 65
43 75
45 17
