109
0 71
1 35
2 41
3 0
3 53
4 23
4 47
4 80
4 87
8 11
8 39
8 81
10 52
10 63
12 23
13 95
14 8
14 33
16 16
18 26
18 50
18 66
19 52
20 34
20 92
23 88
24 10
24 72
25 3
25 17
27 51
29 12
29 26
29 35
29 90
29 92
31 68
32 42
33 58
34 35
34 97
35 23
35 54
38 0
39 8
39 63
40 46
41 78
42 16
43 35
44 20
45 59
47 29
47 45
49 21
49 73
51 6
52 89
55 34
55 43
55 49
55 71
56 93
58 59
60 35
60 88
61 13
61 59
63 28
64 43
66 4
66 10
68 38
70 74
71 6
71 86
71 98
72 0
73 25
74 32
75 53
78 60
80 41
80 67
80 98
81 28
82 17
82 44
82 74
82 85
83 7
83 63
84 49
84 91
86 72
87 1
87 93
88 22
88 58
89 5
89 86
90 9
90 76
91 59
94 96
97 25
98 61
98 91
99 46
