110
0 11
0 31
0 48
0 53
0 76
3 55
4 67
5 1
5 52
6 81
8 72
9 15
9 39
9 74
10 2
10 97
11 56
13 88
15 21
17 40
19 6
19 59
20 68
20 92
21 17
21 32
21 51
21 85
23 24
25 10
25 38
25 56
26 3
26 78
27 87
28 34
29 5
29 41
32 92
33 21
33 39
33 75
35 64
36 88
37 14
37 25
37 53
37 93
38 52
39 70
39 99
44 15
44 78
45 9
45 36
47 84
49 65
49 77
52 39
52 82
52 92
53 16
53 48
54 54
55 21
55 30
55 70
55 99
56 14
57 45
61 26
61 31
63 72
65 96
66 88
67 44
68 27
68 32
68 79
69 3
70 66
71 84
72 2
72 15
73 61
73 99
77 30
77 46
80 36
81 16
84 30
84 55
84 77
84 86
84 95
86 70
87 40
88 16
89 89
90 32
93 45
93 51
93 96
94 5
94 13
94 69
97 31
98 6
99 21
99 74
