109
0 47
0 76
0 84
2 57
2 94
3 74
5 40
5 60
7 4
7 99
9 81
10 27
12 20
12 58
12 76
13 7
14 84
15 98
16 28
16 37
16 52
16 68
18 78
18 91
20 52
20 85
21 46
21 59
22 10
24 28
24 69
26 94
27 11
28 76
29 65
30 33
31 2
32 73
32 90
33 38
34 27
35 51
35 61
35 84
38 14
39 22
39 76
41 62
41 88
45 3
47 39
48 48
49 63
50 18
50 80
52 10
53 34
54 23
54 58
54 72
56 87
56 94
57 39
59 2
60 47
60 93
61 75
62 59
64 1
64 81
65 64
67 13
67 21
69 77
70 55
73 0
73 35
73 44
74 93
75 9
75 60
76 30
77 39
78 72
79 64
80 89
82 13
82 46
83 15
83 33
83 92
88 86
90 64
90 79
90 95
91 4
91 22
91 30
92 37
94 72
96 67
97 13
97 25
98 20
98 39
98 49
98 55
99 1
99 90
