102
0 6
0 34
0 60
2 72
3 77
4 99
5 22
5 51
8 7
9 66
9 74
11 95
12 46
13 8
14 89
15 51
15 78
16 58
18 25
19 32
21 6
21 98
22 19
22 38
22 72
23 51
25 67
26 28
26 73
27 11
28 95
30 19
30 45
31 87
34 69
35 8
35 50
36 94
37 19
37 85
38 56
40 41
40 64
42 3
42 70
43 9
44 26
46 49
48 30
48 97
50 12
51 24
51 49
51 81
51 94
54 92
55 99
56 3
56 19
56 63
58 74
58 80
60 35
60 40
61 51
61 63
62 12
62 69
64 27
65 86
65 98
67 0
67 15
72 12
72 60
73 26
73 45
73 70
75 35
75 61
77 94
79 76
80 0
80 15
80 67
84 92
85 52
85 79
87 27
89 41
89 61
89 76
89 86
90 21
94 4
95 0
95 43
95 90
96 61
97 12
99 31
99 95
