113
0 29
1 42
2 56
2 72
2 99
3 36
3 86
4 10
4 67
6 92
7 26
7 44
8 16
8 81
9 37
9 60
12 0
12 85
13 10
14 31
15 22
16 51
17 40
17 63
19 20
20 3
22 10
22 46
22 62
22 98
24 41
26 0
27 15
27 76
27 94
29 3
29 32
30 22
30 57
31 73
31 79
32 49
32 91
37 59
38 43
38 52
39 16
40 66
41 22
43 38
43 96
44 1
45 29
46 21
46 99
47 73
47 82
48 35
51 61
51 94
52 26
54 57
54 75
55 9
55 84
57 48
60 41
60 63
61 18
61 31
61 59
62 8
64 85
65 45
67 76
68 24
68 32
69 4
70 16
70 89
71 99
73 71
74 7
74 50
75 41
76 96
77 56
78 1
78 67
78 92
80 17
80 78
81 52
84 16
84 36
85 27
85 76
86 83
86 95
88 64
89 29
89 48
90 54
92 97
93 77
94 5
94 68
96 85
97 24
97 45
97 61
97 95
99 41
