112
0 16
0 33
1 3
1 11
2 25
2 61
2 99
3 77
4 47
4 93
6 29
6 79
7 67
8 4
9 0
9 36
10 44
12 13
12 23
16 59
17 6
17 37
18 28
19 94
20 4
20 23
20 50
20 65
21 56
22 2
22 30
22 78
23 81
25 14
27 91
28 0
28 23
29 76
30 41
32 11
32 39
32 55
33 64
35 24
36 5
36 34
38 11
38 70
39 0
40 85
41 47
42 20
44 0
45 49
45 63
45 87
46 27
47 12
47 44
47 59
49 20
50 10
50 34
50 64
51 1
51 29
54 77
56 42
56 87
59 63
60 27
60 48
61 18
61 70
62 10
64 98
65 25
66 13
66 63
67 0
69 9
69 29
69 45
69 75
71 99
72 90
73 52
74 67
75 58
77 36
80 51
81 40
82 15
82 25
83 1
84 78
87 1
87 35
88 30
88 67
88 84
91 13
92 44
92 53
94 63
94 92
94 99
95 8
95 83
97 47
99 13
99 22
