90
0 0
0 11
0 12
0 18
0 23
0 36
0 67
0 99
1 49
3 6
3 57
3 72
3 93
6 33
7 3
8 66
11 78
11 87
12 9
12 14
12 19
12 28
12 72
12 97
13 2
13 37
14 91
15 46
15 53
16 1
19 40
20 77
22 49
23 2
23 58
24 26
24 66
24 91
25 19
25 74
28 10
29 33
30 1
31 5
31 52
31 90
32 18
33 30
33 99
34 14
35 35
36 47
39 2
39 72
40 67
42 15
42 21
45 5
47 46
47 76
47 86
47 93
49 15
49 38
51 55
52 22
52 43
55 5
57 17
57 76
61 91
63 10
64 82
65 2
72 17
72 97
73 28
74 3
78 36
79 12
81 1
81 29
82 17
91 4
91 16
91 29
94 12
95 1
95 21
95 48
