105
0 21
0 80
1 35
1 42
1 73
2 59
7 37
7 61
8 56
8 84
9 8
13 34
13 95
15 76
16 4
16 20
16 39
17 23
17 67
17 98
19 92
20 47
21 48
21 62
22 18
22 82
25 9
25 43
26 67
27 1
27 58
29 34
30 84
31 72
32 38
32 49
33 12
33 19
33 44
34 69
35 6
36 88
37 23
37 79
39 10
42 65
43 28
43 93
44 6
44 56
44 85
45 74
49 97
50 53
51 73
52 37
52 79
53 6
56 39
58 59
59 1
59 25
60 19
61 53
61 86
63 64
65 30
65 79
66 3
67 15
67 54
68 72
68 86
69 47
71 33
71 98
73 67
73 78
75 49
76 86
77 0
77 98
78 17
79 22
80 93
81 82
83 29
84 44
84 60
87 35
87 85
88 51
89 13
89 70
90 76
92 22
92 29
93 8
94 92
94 99
98 62
99 12
99 38
99 54
99 66
