108
0 0
0 30
0 53
1 37
2 57
2 73
3 18
3 25
4 64
4 85
7 97
8 13
8 41
10 36
12 83
13 64
14 74
16 4
16 45
17 82
18 10
18 65
19 31
19 87
21 15
23 3
23 40
24 59
25 50
26 79
28 31
28 47
28 95
29 86
30 52
31 9
31 72
32 18
32 24
33 77
34 94
37 92
38 3
38 8
39 39
40 60
40 99
43 25
44 41
45 68
45 82
46 6
46 17
46 88
47 59
49 79
50 86
51 19
51 96
53 32
56 37
56 60
59 66
59 75
60 2
60 49
61 5
61 29
61 45
62 10
64 91
65 82
67 47
68 3
68 63
68 98
69 20
69 38
70 84
73 22
74 13
74 39
74 57
76 3
77 19
78 34
79 71
80 74
80 90
81 95
82 37
83 14
85 84
87 47
87 57
88 0
88 6
88 41
88 67
88 98
93 48
94 15
94 62
94 97
95 2
97 70
98 31
99 79
