104
0 53
0 58
2 91
3 10
5 84
6 28
6 37
6 77
8 4
8 16
9 21
10 68
11 32
12 52
12 81
13 43
15 61
15 68
16 45
17 19
18 6
19 95
20 28
23 0
24 16
24 48
24 96
25 22
26 40
27 71
28 58
28 80
30 30
31 62
32 13
32 46
32 67
34 6
34 22
34 97
35 83
37 39
37 89
38 45
40 2
40 97
43 7
43 68
44 31
46 20
47 63
48 1
48 71
49 86
50 47
51 67
52 12
52 40
53 54
54 6
55 83
56 23
56 95
58 12
60 51
60 77
62 39
63 26
63 68
64 15
68 71
69 84
70 50
71 12
71 37
73 29
73 95
74 85
76 76
78 34
78 46
80 16
81 8
82 72
83 0
83 26
85 44
85 58
85 77
86 48
86 90
87 20
90 63
91 34
93 9
93 25
94 18
94 50
94 73
94 98
95 86
97 34
97 80
98 64
