117
0 0
0 20
0 34
0 69
1 85
2 26
2 57
2 94
3 78
5 12
6 43
7 50
8 4
9 21
10 72
11 93
12 29
12 42
12 78
13 38
14 9
14 69
15 85
16 14
16 93
17 63
18 23
19 6
19 98
22 10
22 56
23 49
25 5
25 20
25 92
26 27
26 62
29 36
29 51
29 79
30 23
30 59
31 85
32 39
33 14
33 43
34 1
34 30
34 67
35 91
36 20
36 71
39 1
41 40
41 52
43 85
44 27
45 80
47 18
47 70
47 99
48 0
48 41
48 55
49 61
50 95
52 8
52 24
52 97
53 32
53 72
53 86
54 65
57 8
59 6
62 32
63 49
63 67
63 85
64 26
64 51
65 5
65 79
66 45
67 71
69 25
69 94
71 17
71 35
72 42
73 99
74 19
76 69
78 80
80 17
80 97
81 43
82 55
82 65
83 3
83 72
86 11
86 93
87 49
89 79
90 37
91 60
92 22
92 94
97 24
98 33
98 65
99 4
99 41
99 48
99 72
99 82
