110
0 1
0 24
0 65
1 7
2 17
2 85
2 99
5 48
5 70
6 29
6 64
10 34
11 81
11 87
14 19
14 27
14 56
15 0
15 6
16 84
20 15
20 34
21 54
21 57
21 78
22 4
22 66
22 74
24 93
25 43
26 25
26 37
28 20
31 26
31 48
32 4
32 9
33 80
35 33
35 98
36 22
36 93
39 9
39 41
39 50
39 64
39 77
41 36
41 97
44 76
45 24
45 49
48 17
48 42
49 4
49 63
49 68
49 98
51 23
51 78
53 51
54 85
55 0
55 69
56 28
57 11
57 35
59 55
60 80
61 37
61 46
62 99
64 18
64 25
64 50
65 11
66 84
67 21
67 41
67 61
69 2
70 64
70 77
73 26
73 94
74 64
75 50
75 79
75 98
76 5
77 38
79 23
81 52
83 39
83 46
83 61
83 94
84 99
86 56
88 11
90 62
90 89
90 99
91 82
94 0
94 47
95 40
97 74
98 48
98 95
