116
0 50
0 60
0 98
1 2
2 37
3 8
3 31
3 42
3 64
4 21
5 61
5 79
6 4
7 87
9 40
10 26
12 62
12 94
13 46
15 78
16 21
17 11
17 51
17 57
19 70
20 73
20 89
21 45
21 79
21 96
22 33
23 71
25 11
28 29
28 93
29 64
29 87
30 3
30 41
30 99
33 25
33 57
34 50
34 62
37 59
39 7
39 15
39 42
40 78
41 0
41 87
41 96
42 67
45 45
45 91
46 38
47 72
50 65
52 4
52 28
53 14
56 55
57 86
57 96
58 62
58 79
59 0
59 10
59 16
61 56
61 75
62 35
62 93
63 82
64 2
65 26
66 70
68 18
69 63
69 93
70 34
70 48
70 53
70 86
73 41
74 7
74 67
77 0
78 59
78 75
79 37
82 26
82 44
82 83
83 10
84 0
84 92
85 76
86 17
87 52
88 27
88 65
89 60
93 67
93 96
95 12
95 21
95 43
96 34
96 80
96 90
97 4
98 28
98 74
99 57
99 98
