109
2 6
2 22
2 26
2 42
3 49
4 89
6 61
8 9
8 70
10 87
12 79
14 50
17 9
18 33
18 98
21 47
21 57
22 27
24 1
24 6
24 77
25 63
26 70
26 80
27 44
29 8
31 16
31 22
33 96
36 43
36 64
37 87
38 12
38 22
38 57
38 99
39 0
40 52
40 79
41 73
42 3
43 64
45 10
46 27
47 36
48 1
48 20
49 42
50 33
50 87
51 78
52 11
52 61
54 97
56 7
56 47
56 52
56 73
58 28
59 1
59 8
61 34
61 78
63 41
63 48
63 67
63 73
66 58
67 20
67 90
69 24
69 64
70 72
71 49
71 80
72 33
73 94
75 1
76 9
76 28
77 57
77 76
77 94
78 45
78 50
79 38
81 20
81 62
82 96
83 66
83 74
84 41
86 91
89 18
90 46
90 55
90 85
92 7
92 27
94 70
96 53
96 62
96 77
96 87
97 0
97 28
98 41
99 11
99 46
