111
0 99
1 6
1 53
1 77
2 18
3 29
4 44
4 61
4 74
8 11
8 23
9 2
11 60
15 33
15 94
16 14
16 20
16 38
17 52
17 59
20 68
21 98
22 75
24 4
24 35
25 47
25 55
25 68
27 73
29 1
29 37
29 89
30 29
30 81
32 20
33 52
34 32
35 84
36 46
38 6
38 14
39 64
41 48
41 89
41 96
43 46
44 38
45 30
45 56
46 64
46 81
48 34
49 91
49 99
51 76
53 44
55 29
55 59
56 71
57 85
57 94
58 0
58 46
60 51
60 57
61 12
61 22
61 29
62 84
64 27
65 4
65 96
66 48
67 18
67 71
69 41
70 1
70 9
70 33
72 85
73 72
74 56
75 49
76 40
77 88
78 24
78 66
79 4
79 94
81 28
82 15
83 51
83 59
86 68
87 0
87 16
89 84
90 26
90 90
91 34
92 70
93 39
94 12
95 92
97 3
98 86
99 22
99 28
99 47
99 59
99 68
