102
0 27
1 6
2 78
2 94
3 62
4 55
5 46
6 2
6 87
8 41
9 79
11 96
12 22
12 28
14 69
15 3
17 14
18 55
19 92
20 61
24 17
24 76
25 38
30 6
31 0
31 38
31 99
32 22
32 84
33 64
33 80
35 98
36 14
36 28
37 21
37 50
37 69
43 74
44 27
44 36
44 60
45 54
45 93
46 1
46 9
46 45
46 82
49 29
49 38
49 78
50 5
51 20
52 98
53 17
55 52
57 81
57 89
58 36
59 65
60 2
60 61
61 74
63 29
63 49
64 56
64 86
66 3
66 9
66 25
66 35
66 94
68 60
68 72
69 19
69 47
71 92
72 33
75 66
75 82
77 50
79 33
79 62
80 70
82 15
82 83
83 10
83 24
86 58
86 75
88 30
88 61
89 40
90 86
91 2
92 25
92 43
93 77
95 57
98 5
98 21
99 82
99 91
