108
0 6
0 26
0 54
1 14
2 42
2 47
4 81
5 58
6 32
7 26
9 14
11 40
11 93
12 70
12 80
12 87
13 59
14 17
15 48
17 99
18 0
19 63
21 26
22 31
23 14
23 53
24 45
24 67
25 74
28 57
28 79
29 5
29 99
32 75
32 94
33 20
33 48
34 0
34 58
34 65
36 39
36 83
37 5
37 29
41 12
41 25
41 62
42 48
42 55
43 98
44 69
44 94
46 77
47 16
47 29
48 54
49 36
49 60
49 91
49 96
51 12
53 52
54 45
55 29
55 74
56 80
56 90
57 39
59 45
60 7
62 74
63 24
64 40
65 16
65 30
65 54
65 61
65 97
67 68
68 54
68 84
70 0
73 87
73 99
74 28
77 92
78 41
80 23
81 1
81 6
81 55
81 67
82 16
82 60
84 82
86 24
88 86
90 0
91 44
92 38
95 13
95 58
95 96
97 1
98 22
99 42
99 62
99 71
