107
0 37
1 16
1 84
1 90
2 33
3 52
4 98
7 67
9 31
10 39
10 76
10 91
13 45
14 22
15 63
15 77
16 41
16 96
17 3
18 17
19 56
21 58
22 90
24 0
24 7
24 75
24 81
25 67
26 30
27 35
28 46
28 51
29 69
31 87
33 99
34 10
35 38
37 28
37 46
37 66
40 0
40 10
41 70
43 26
43 59
44 36
44 48
46 0
47 18
48 53
48 66
49 13
51 40
51 92
51 99
52 33
52 51
53 74
54 84
55 16
55 22
56 6
56 51
57 69
58 40
61 34
65 64
67 54
67 71
67 89
68 19
68 94
69 25
69 34
69 83
70 2
71 48
71 56
72 11
72 75
73 27
75 13
77 92
80 44
81 28
81 36
81 65
81 90
83 73
83 99
86 1
87 69
87 81
88 10
89 38
89 53
89 62
90 76
91 92
92 16
94 27
95 46
96 55
97 60
97 89
98 4
98 29
