108
0 15
0 41
1 27
2 55
3 86
6 10
7 19
8 51
9 89
10 68
10 99
13 24
14 55
14 73
15 89
15 96
16 33
17 46
19 0
19 6
19 69
20 54
22 40
22 60
23 35
23 81
24 50
24 91
24 99
26 1
27 21
27 26
28 15
28 68
28 77
29 97
31 38
34 3
34 21
34 62
35 87
36 56
39 6
39 29
40 37
42 61
42 77
42 82
43 26
43 53
44 28
44 91
45 45
46 9
49 14
49 53
50 0
50 62
52 39
53 27
53 99
56 33
57 47
57 88
58 67
58 71
58 96
60 5
60 15
61 62
62 41
62 82
65 69
65 87
67 80
69 32
69 55
70 1
71 96
72 46
72 55
75 4
75 9
75 32
76 15
76 21
77 82
80 69
81 65
82 0
82 90
84 47
84 59
85 23
85 85
86 8
86 73
90 26
90 31
90 38
90 80
92 50
93 89
96 73
97 3
98 98
99 54
99 64
