110
0 63
0 93
1 3
1 40
2 34
3 47
4 74
5 6
5 41
5 55
5 99
6 16
6 88
9 22
10 3
10 83
12 60
13 14
14 16
15 56
15 96
17 69
17 76
19 7
21 45
22 0
22 4
23 33
25 70
25 87
27 15
28 25
28 43
28 49
28 66
28 80
29 64
31 55
31 86
33 73
33 99
34 11
39 3
39 13
40 32
40 59
42 24
43 52
43 89
44 51
44 77
45 32
46 6
47 82
49 23
51 47
52 10
52 66
53 40
53 88
54 64
54 70
56 26
56 81
58 19
58 43
59 9
60 83
62 7
62 98
63 69
64 22
64 26
65 59
65 77
66 53
68 62
68 97
70 3
72 30
72 38
73 57
75 81
76 97
77 6
77 35
77 75
78 83
79 19
81 91
82 6
82 14
82 48
82 61
83 71
84 97
85 23
88 0
88 44
89 55
89 85
91 27
92 38
95 82
96 4
97 21
97 44
97 58
97 73
98 99
