112
0 6
0 17
0 41
0 48
3 76
3 84
5 22
6 2
6 99
10 26
10 40
10 54
11 10
12 59
13 19
15 43
17 7
17 26
17 50
17 65
17 83
18 59
20 15
22 91
24 32
27 4
28 48
28 60
30 75
31 87
32 18
32 55
32 77
33 38
35 12
36 73
37 52
38 99
39 8
39 21
40 17
40 36
41 6
42 45
43 53
43 88
44 1
44 95
46 70
51 43
52 4
52 18
52 51
52 65
52 99
53 78
56 14
57 20
59 0
60 28
60 62
61 53
61 97
62 92
63 82
65 40
65 67
66 99
67 1
67 9
68 23
69 88
70 76
71 47
72 6
72 41
73 24
73 61
74 19
76 86
76 93
78 10
78 47
78 67
79 33
80 29
80 58
80 74
81 2
81 38
82 82
83 70
85 94
86 47
87 30
89 2
89 63
90 13
90 54
91 85
91 97
92 21
95 47
95 69
95 78
96 30
96 90
97 17
98 35
98 53
98 66
99 83
