110
0 0
0 9
0 21
0 33
0 45
0 57
0 69
0 81
2 89
2 98
6 4
6 10
6 17
6 23
6 29
6 34
6 41
6 46
6 53
6 58
6 64
6 70
6 77
6 82
6 92
10 1
10 98
14 7
14 13
14 20
14 25
14 32
14 38
14 44
14 50
14 56
14 62
14 67
14 74
14 80
14 85
14 92
18 1
18 98
22 7
22 14
22 19
22 26
22 31
22 38
22 43
22 50
22 56
22 61
22 67
22 73
22 80
22 86
22 92
26 1
26 98
30 7
30 14
30 19
30 25
30 32
30 38
30 43
30 50
30 55
30 62
30 67
30 74
30 79
30 85
30 92
34 1
34 98
38 10
38 16
38 23
38 29
38 34
38 41
38 46
38 52
38 59
38 65
38 71
38 77
38 82
38 89
38 95
42 1
42 7
44 96
46 17
46 19
46 29
46 31
46 37
46 47
46 53
46 55
46 61
46 67
46 73
46 79
46 85
50 0
