107
0 50
0 74
0 79
0 96
1 2
2 11
2 18
3 68
4 62
5 35
6 30
7 46
9 85
11 16
11 58
12 53
14 31
14 89
17 59
18 30
19 44
19 47
20 19
20 75
22 85
23 3
24 77
25 8
25 44
25 65
25 69
26 91
27 17
28 25
28 34
30 57
31 18
31 63
33 41
33 56
34 28
35 96
36 78
40 21
40 40
40 68
40 83
40 90
41 50
42 17
42 96
44 3
44 28
45 9
45 76
46 45
47 4
47 62
48 33
48 81
52 88
56 36
57 89
58 18
58 41
59 86
61 0
61 21
62 71
62 96
63 10
63 36
64 57
64 77
65 50
65 61
67 6
68 42
70 15
72 21
72 61
73 37
74 85
74 95
76 39
77 78
78 0
78 18
78 28
79 52
81 97
82 35
84 92
85 72
86 15
86 77
86 84
87 51
90 31
90 60
92 72
94 42
96 60
97 26
98 76
99 56
99 68
