109
0 2
0 63
0 87
0 96
1 21
1 35
3 6
3 47
6 39
6 82
8 19
8 46
8 88
9 98
10 4
11 66
14 25
14 30
14 62
15 78
17 11
17 75
18 50
20 3
22 46
22 78
24 15
24 35
24 94
26 7
26 86
27 47
27 92
28 61
29 29
29 75
31 54
32 99
34 1
35 22
37 36
38 31
38 41
38 50
40 57
40 71
42 19
42 67
42 84
43 87
47 1
47 72
49 28
50 99
51 3
51 49
53 31
54 73
55 87
55 99
56 35
58 56
58 62
59 20
59 91
60 76
61 8
62 62
63 40
63 46
63 71
64 20
64 24
65 0
68 38
68 83
70 15
71 19
71 66
72 52
74 89
75 99
76 30
77 67
78 73
79 95
80 47
80 55
81 6
81 14
82 29
83 79
85 87
86 62
87 41
87 56
89 16
89 80
90 4
90 33
91 91
94 60
95 66
95 98
96 84
97 3
98 28
98 48
99 77
