110
0 8
0 58
0 67
1 0
1 34
3 23
3 74
5 0
5 28
5 45
6 87
7 14
7 95
8 71
10 21
11 50
12 3
12 56
14 9
14 81
15 77
18 37
18 99
20 27
20 60
20 98
21 3
21 39
22 12
24 67
26 21
26 82
27 18
27 45
27 78
29 4
30 88
30 95
31 48
32 84
34 25
34 31
34 71
35 8
36 60
36 88
37 65
38 38
42 0
42 13
43 36
44 59
45 74
46 1
47 40
47 81
47 93
48 15
49 20
49 52
49 73
49 99
54 22
55 45
56 11
56 31
56 73
57 66
57 88
60 3
62 10
62 50
63 36
63 87
65 66
67 71
70 10
70 33
70 97
71 24
72 90
74 1
74 63
75 55
76 84
78 4
78 34
78 76
79 11
80 59
81 50
82 5
82 27
84 98
85 29
85 77
86 43
86 63
86 91
87 21
87 28
90 97
91 13
91 83
93 44
96 65
98 2
98 62
98 81
99 18
