106
1 17
2 74
2 86
3 29
3 38
3 65
4 12
6 71
8 52
9 58
10 9
10 89
12 0
14 73
14 87
15 49
16 26
17 15
19 70
20 76
21 33
21 46
21 97
22 21
23 13
23 88
24 59
25 50
27 67
28 30
28 96
29 3
29 18
31 59
32 40
33 91
34 67
35 0
35 75
37 13
38 34
39 48
39 81
40 29
40 94
41 71
42 85
43 15
43 20
43 59
44 44
44 66
45 49
46 78
48 0
48 45
49 36
52 22
52 96
54 6
55 53
58 38
59 21
59 31
59 44
59 62
59 82
60 90
63 3
63 65
64 38
65 10
67 93
69 64
70 27
71 54
72 10
73 57
74 26
74 89
75 96
76 2
76 76
77 92
79 72
80 34
82 66
82 94
83 44
84 29
86 11
87 48
87 55
88 5
88 21
88 70
89 79
90 85
94 27
94 89
95 84
96 46
96 99
97 62
99 4
99 66
