136
0 7
0 19
0 39
0 49
0 54
0 59
0 69
0 89
0 99
1 1
1 27
2 77
8 0
8 37
8 68
8 91
9 30
10 19
10 99
11 7
12 47
12 61
12 77
17 83
18 1
18 7
18 17
18 31
19 60
20 39
20 47
20 69
20 79
20 99
21 88
24 23
28 27
28 51
28 71
28 97
29 38
29 88
30 19
30 59
30 79
31 0
31 7
34 45
34 93
38 27
38 61
39 7
39 40
39 78
40 19
40 69
41 0
41 99
42 47
42 91
45 74
46 35
48 61
49 90
50 6
50 49
50 69
50 99
51 19
52 31
52 40
52 77
53 0
56 3
56 85
58 47
58 67
59 0
59 28
59 88
60 19
60 39
60 79
62 10
62 57
62 97
64 73
68 0
68 41
68 81
69 20
69 28
70 11
70 59
70 99
71 87
72 47
72 67
74 16
78 1
78 51
78 77
79 28
80 39
80 69
80 89
81 18
81 60
81 98
82 8
84 83
85 45
87 99
88 58
89 37
92 8
92 20
92 49
92 70
92 77
92 91
93 0
93 29
94 43
97 2
97 91
98 14
98 41
98 61
98 71
98 77
99 6
99 18
99 31
99 52
99 96
