118
0 3
0 12
0 21
0 30
0 39
0 45
0 57
0 93
2 70
2 75
2 85
3 65
3 80
5 7
5 93
7 35
7 50
8 0
8 15
8 20
8 25
8 30
8 40
8 45
8 55
8 60
10 7
10 65
10 70
10 75
10 80
10 85
10 92
15 3
15 10
15 15
15 20
15 25
15 30
15 35
15 40
15 45
15 50
15 55
15 60
15 65
15 70
15 75
15 80
15 85
15 92
20 2
20 10
20 15
20 20
20 25
20 30
20 35
20 40
20 45
20 50
20 55
20 60
20 65
20 70
20 75
20 80
20 85
20 93
25 2
25 93
27 20
27 35
27 55
27 70
28 10
28 15
28 25
28 30
28 40
28 45
28 50
28 60
28 65
28 75
28 80
28 85
30 3
30 92
49 2
49 13
49 22
49 32
49 42
68 26
70 7
70 17
70 33
70 43
70 58
70 78
70 87
71 66
71 95
72 50
73 0
73 70
80 4
80 43
81 32
82 18
90 1
91 18
92 47
95 43
96 31
97 7
97 19
