104
0 18
0 40
1 34
1 56
2 28
2 80
3 62
4 19
6 2
7 56
7 68
8 48
15 44
15 50
16 21
17 82
18 35
18 76
20 7
20 92
21 59
21 66
23 40
23 50
24 21
25 83
26 35
28 2
28 59
29 8
29 29
29 87
32 38
33 86
35 70
36 68
37 4
37 19
37 60
38 41
38 97
39 43
41 24
43 61
43 99
44 20
44 32
44 54
45 80
47 47
48 14
50 71
51 32
51 55
52 45
55 12
56 66
57 40
58 8
58 95
59 27
59 81
60 71
61 57
61 84
63 37
64 1
65 43
65 65
65 89
67 23
67 82
68 51
70 40
71 0
74 12
74 88
75 21
75 98
77 4
80 27
80 92
81 22
81 53
81 61
81 77
82 42
82 93
86 33
87 2
88 57
91 80
91 94
94 10
94 74
95 67
96 50
96 98
97 27
98 8
99 42
99 58
99 79
99 95
