105
3 52
3 62
6 51
7 0
7 97
8 15
9 9
9 39
9 81
11 61
11 74
17 39
18 17
19 25
19 57
23 65
23 96
24 9
24 42
25 86
26 2
26 48
29 71
30 65
30 86
31 33
31 51
31 97
32 5
32 21
35 68
36 9
36 55
39 25
40 22
40 65
41 6
41 74
42 48
42 53
42 81
43 95
47 69
47 99
48 5
49 44
50 90
51 53
53 24
53 70
54 31
54 82
55 14
55 56
56 89
57 37
58 21
59 70
60 5
60 57
61 44
61 98
64 38
64 99
65 13
65 49
65 52
65 61
67 69
67 77
69 30
70 22
70 70
71 37
71 79
72 16
73 53
74 89
77 8
77 31
77 39
78 48
79 54
81 81
82 68
82 87
83 92
87 15
87 23
87 58
88 3
88 38
88 72
92 15
93 59
94 49
94 99
96 80
96 89
97 30
98 72
99 4
99 25
99 34
99 98
