107
0 2
0 21
1 99
2 16
4 42
4 59
5 25
5 79
6 32
7 5
8 62
9 54
11 13
12 27
16 69
17 40
17 83
18 76
19 11
19 92
21 18
21 40
21 50
22 2
22 26
25 6
26 55
27 22
29 36
31 2
31 73
32 67
33 99
34 4
35 56
36 1
36 22
36 39
37 95
37 96
39 46
39 77
41 60
43 12
43 34
43 82
44 36
45 72
45 94
46 65
48 0
48 6
50 49
50 97
52 26
52 34
52 55
53 22
56 0
56 26
57 83
58 50
58 60
60 90
61 86
62 37
62 65
63 45
63 78
64 5
65 30
67 16
68 1
69 12
70 31
70 50
70 64
70 69
75 56
76 6
77 75
79 37
80 4
80 31
80 49
80 96
82 58
83 23
86 64
87 39
88 11
89 99
90 23
91 45
94 38
94 78
94 83
96 12
96 94
96 99
98 3
98 59
98 65
98 85
99 0
99 25
99 76
