105
0 9
1 1
1 21
2 65
2 93
3 36
4 85
5 3
6 43
9 7
9 33
10 51
11 21
11 81
12 67
12 74
14 57
15 8
15 15
16 94
17 99
18 26
18 38
19 77
20 89
22 64
23 7
24 97
25 34
26 41
27 24
28 78
29 54
30 7
30 99
31 30
33 20
34 86
38 45
38 99
39 65
40 27
40 85
41 3
41 20
41 92
43 60
46 10
46 30
47 37
48 84
50 50
50 79
51 3
51 15
52 95
54 69
56 49
57 22
57 98
59 30
61 66
62 57
63 52
63 74
64 22
64 94
65 33
67 3
68 31
72 99
73 74
73 89
74 38
76 97
77 9
77 14
77 50
77 83
78 26
80 0
81 36
81 57
82 27
82 86
83 61
85 50
85 70
87 10
88 23
89 1
89 40
90 66
90 92
93 17
93 35
93 87
94 26
96 7
96 72
97 61
97 66
99 11
99 21
99 46
