114
0 18
0 50
0 79
1 14
1 34
1 54
1 58
2 7
2 27
2 40
3 69
6 32
7 13
7 88
9 65
10 0
11 47
12 89
13 38
14 54
16 50
17 34
19 42
19 92
20 18
21 73
23 0
23 32
24 90
25 20
25 74
27 22
29 94
30 50
30 59
33 7
33 69
34 45
34 50
36 21
37 8
37 55
37 64
39 25
39 33
40 84
41 38
41 88
42 21
44 12
44 61
46 1
46 50
47 74
49 58
49 97
50 45
50 67
51 38
52 6
52 32
53 23
54 50
58 2
58 14
58 61
58 86
59 9
59 18
60 94
61 79
62 70
63 36
64 0
64 29
65 88
66 43
67 51
68 38
68 60
69 28
69 71
70 11
73 66
74 8
74 85
76 0
76 60
76 75
78 30
78 48
80 82
81 90
84 26
84 30
84 44
85 73
86 50
87 68
88 5
88 12
90 85
91 3
91 99
92 10
92 30
92 54
92 72
95 94
96 42
96 79
98 2
98 31
99 60
