113
0 96
2 21
2 33
3 87
5 4
5 55
5 79
6 48
6 62
7 15
7 71
9 10
9 26
10 32
14 99
16 75
17 13
18 41
18 63
18 86
19 1
19 29
19 96
20 58
21 79
23 15
23 46
26 74
28 30
28 63
28 88
29 52
30 56
30 99
32 18
33 28
34 5
34 37
35 70
35 96
36 12
38 88
40 76
42 40
44 52
44 87
45 61
46 45
46 50
46 66
47 1
47 19
47 71
48 15
49 30
51 98
53 59
53 80
54 91
55 1
55 37
56 84
57 30
58 45
58 51
59 14
59 77
60 70
61 57
61 92
64 2
65 28
65 34
65 48
68 12
68 20
68 92
69 64
69 85
72 55
73 42
74 4
74 12
74 51
75 71
76 21
76 64
76 80
77 36
78 90
79 53
79 97
80 36
80 76
81 83
82 1
83 18
83 29
86 59
88 22
89 7
90 57
92 68
93 42
95 89
96 30
96 76
96 96
97 57
98 8
98 16
99 35
99 60
