107
0 0
0 5
0 26
0 35
1 88
2 12
2 20
2 53
5 71
7 60
8 14
10 52
12 34
12 46
12 78
12 94
13 68
15 9
17 25
18 29
18 86
19 16
19 39
20 0
20 53
20 71
23 6
23 67
23 91
25 23
27 65
30 85
30 97
32 27
33 6
34 65
35 93
36 3
36 81
37 34
38 98
39 23
40 8
40 51
44 14
44 67
46 34
46 81
47 90
51 87
52 4
52 20
52 32
52 40
52 96
54 12
57 5
57 74
58 48
58 77
59 39
60 53
60 64
64 94
65 0
65 61
67 22
67 26
67 75
68 12
69 99
72 43
72 75
72 80
73 3
73 27
73 91
75 99
76 15
76 49
77 65
77 78
80 84
80 91
81 0
81 60
82 28
83 36
83 66
84 65
85 19
85 99
87 28
89 7
89 42
89 90
91 57
91 77
93 93
94 53
95 25
97 6
98 19
98 30
98 73
99 48
99 98
