109
0 53
0 87
0 95
2 18
2 27
2 78
4 35
4 56
5 65
5 96
7 71
9 13
11 99
12 40
12 49
13 6
14 78
15 66
17 74
17 85
20 25
22 5
22 46
22 56
22 93
23 40
24 62
25 29
25 88
28 50
31 60
32 14
32 17
33 29
34 45
34 74
34 91
35 82
36 60
39 37
39 44
39 69
41 98
46 26
46 85
47 99
48 88
49 10
49 50
50 4
51 62
51 80
52 15
52 66
55 39
57 52
57 76
57 81
57 86
58 32
59 0
59 60
60 99
61 23
62 64
63 3
64 41
67 20
67 56
67 76
68 84
69 0
69 68
71 6
72 35
72 60
73 86
74 91
75 18
75 48
75 73
77 11
78 83
79 64
80 1
81 26
81 44
81 57
84 38
84 78
85 5
85 17
85 94
88 34
88 60
88 90
91 4
92 21
92 66
92 84
93 9
93 98
96 49
97 23
97 61
98 40
98 73
99 7
99 81
