105
0 75
1 38
1 79
1 89
2 22
2 56
2 61
4 8
4 32
5 45
7 0
9 56
11 21
14 97
16 75
18 11
18 52
19 85
21 18
21 40
21 61
21 78
22 47
26 23
26 38
26 88
28 1
28 62
28 99
30 44
31 78
32 22
35 77
36 9
36 30
37 44
37 60
38 65
39 77
40 93
41 84
42 25
43 7
44 52
45 32
46 0
46 16
46 61
46 69
47 46
48 78
48 99
50 56
50 89
53 32
56 83
56 91
57 20
57 99
59 1
59 11
59 43
60 5
60 62
61 27
61 49
62 34
62 56
62 90
63 19
64 68
64 78
66 42
66 61
66 97
69 80
71 26
72 13
72 51
72 69
74 75
76 46
77 65
79 59
80 25
81 53
82 7
82 87
83 21
83 37
83 94
84 78
87 58
88 91
89 65
92 41
93 74
95 81
96 67
97 35
98 39
99 16
99 23
99 51
99 87
