108
0 10
1 13
1 30
2 0
2 22
4 0
4 29
6 70
9 13
13 30
13 54
13 86
14 5
14 23
14 78
15 0
15 63
17 14
17 70
19 0
20 6
20 22
20 29
21 54
21 86
24 41
24 61
24 79
27 15
27 72
30 0
30 29
35 0
35 43
36 6
36 22
36 26
39 46
47 60
48 15
48 93
49 76
51 24
51 33
52 10
52 86
54 77
55 50
56 71
56 91
57 41
57 57
58 2
58 33
60 23
60 98
61 87
63 29
64 7
64 63
65 75
67 16
68 93
69 45
69 55
69 68
70 84
71 23
71 47
71 63
71 76
73 40
73 90
74 99
77 26
78 6
78 66
79 40
79 73
81 96
82 12
84 19
84 28
84 35
84 51
84 59
84 89
85 67
86 75
87 0
88 79
88 99
89 55
90 39
91 12
92 24
93 0
93 34
94 82
95 7
95 18
95 74
96 43
96 52
97 29
97 86
98 62
99 15
