200
0 13
0 32
1 15
1 98
2 17
2 51
3 5
3 41
4 46
4 67
5 20
5 88
6 63
6 80
7 23
7 77
8 73
8 79
9 21
9 95
10 51
10 86
11 33
11 61
12 11
12 24
13 19
13 25
14 55
14 93
15 14
15 72
16 62
16 84
17 49
17 89
18 35
18 95
19 30
19 74
20 59
20 68
21 48
21 54
22 28
22 81
23 15
23 54
24 27
24 39
25 23
25 90
26 71
26 76
27 8
27 72
28 0
28 58
29 6
29 70
30 66
30 78
31 53
31 66
32 36
32 92
33 41
33 74
34 17
34 65
35 10
35 43
36 39
36 71
37 61
37 85
38 28
38 45
39 45
39 69
40 26
40 34
41 38
41 78
42 34
42 50
43 20
43 87
44 18
44 89
45 77
45 96
46 12
46 40
47 40
47 75
48 9
48 76
49 60
49 73
50 31
50 94
51 14
51 69
52 10
52 53
53 50
53 86
54 26
54 64
55 11
55 37
56 9
56 52
57 12
57 85
58 25
58 91
59 4
59 22
60 8
60 65
61 35
61 92
62 4
62 99
63 88
63 98
64 31
64 83
65 43
65 91
66 22
66 96
67 37
67 93
68 79
68 87
69 42
69 62
70 44
70 82
71 32
71 67
72 56
72 94
73 2
73 30
74 0
74 56
75 2
75 13
76 70
76 84
77 60
77 63
78 24
78 97
79 7
79 44
80 1
80 29
81 36
81 55
82 3
82 58
83 68
83 97
84 7
84 52
85 6
85 49
86 29
86 81
87 5
87 19
88 3
88 82
89 57
89 59
90 18
90 46
91 57
91 83
92 47
92 64
93 16
93 42
94 21
94 75
95 90
95 99
96 38
96 48
97 33
97 80
98 1
98 27
99 16
99 47
