198
0 3
0 20
0 22
0 81
1 25
1 52
1 60
1 76
1 83
2 33
2 90
3 58
3 68
3 92
4 20
4 31
4 82
5 51
5 76
6 4
6 29
6 43
7 2
7 38
7 55
7 64
7 86
8 34
8 36
9 11
9 80
9 91
10 0
10 11
11 14
11 35
11 57
11 60
11 80
12 2
13 11
14 54
14 66
15 1
15 54
15 89
15 98
16 81
17 63
17 67
19 36
20 8
20 57
21 9
21 56
22 1
22 28
22 44
22 58
23 19
23 64
23 87
24 10
24 18
25 27
27 57
28 20
28 76
29 5
29 87
29 96
30 34
30 95
32 11
32 41
33 29
33 43
34 37
35 57
36 45
37 63
37 96
37 99
38 0
39 21
39 56
40 82
41 83
42 87
43 66
43 80
46 11
46 37
46 80
47 61
47 65
48 1
48 14
48 66
48 91
49 34
49 60
49 87
51 0
51 26
52 94
53 8
53 40
53 84
54 31
54 36
55 46
55 66
55 93
57 23
57 44
58 63
58 75
59 3
59 36
60 10
60 16
62 24
62 26
63 30
63 44
63 53
64 83
64 99
65 54
67 77
67 86
68 57
68 74
70 39
70 44
70 51
71 6
73 62
73 96
74 10
74 47
74 88
75 31
75 44
75 59
75 77
76 17
76 30
76 41
76 90
77 51
78 2
78 47
79 63
79 83
79 97
80 33
81 29
81 31
81 69
81 76
82 26
82 58
82 74
82 84
83 11
83 34
83 42
83 88
83 99
84 15
84 33
86 67
86 71
87 38
87 39
88 16
88 65
88 94
88 97
89 2
90 21
90 30
90 49
90 60
90 63
90 81
91 88
92 47
92 65
92 97
93 32
93 84
94 30
94 56
99 73
99 79
