200
0 64
0 66
0 75
1 4
1 68
2 81
3 66
3 71
3 84
3 86
4 88
5 4
7 68
8 52
9 25
9 44
9 79
10 30
10 43
10 45
11 47
11 51
12 26
12 30
12 35
14 6
14 62
15 82
16 27
17 84
18 8
18 66
19 13
19 33
19 51
19 52
19 62
20 32
20 41
20 44
21 5
21 68
21 70
22 63
23 28
23 35
23 59
24 25
25 26
25 34
25 98
26 17
27 33
28 37
29 25
29 33
29 40
29 63
29 86
30 24
30 41
30 78
31 47
31 86
31 99
32 33
32 65
32 80
33 29
33 77
34 14
34 41
34 81
34 82
36 78
36 83
37 61
39 24
39 59
39 78
40 19
41 63
41 93
42 0
42 37
42 55
42 72
42 78
42 81
43 40
43 81
43 94
44 51
44 92
45 65
46 42
46 89
47 71
47 85
47 93
49 17
49 18
49 20
49 26
50 1
50 36
50 40
50 45
50 89
51 9
51 11
51 90
52 49
52 50
53 5
53 35
53 55
53 88
54 7
54 48
55 29
56 22
56 38
57 3
57 53
58 17
58 48
58 73
59 25
60 13
61 19
61 27
61 87
62 91
63 0
63 20
63 60
63 79
63 80
64 57
65 48
65 72
65 90
66 45
66 65
67 5
69 7
69 13
69 61
69 78
69 88
70 92
70 93
71 43
71 50
71 59
72 31
72 76
74 55
74 68
74 98
75 37
75 74
76 92
77 85
78 9
78 28
78 94
79 55
80 31
80 71
81 51
81 82
82 66
82 97
85 18
85 40
86 3
86 41
86 74
87 21
87 62
87 82
88 5
88 9
88 68
89 33
89 35
89 63
91 72
92 3
92 85
95 94
96 53
96 54
96 63
96 75
97 80
98 58
99 91
