200
0 44
0 52
0 80
1 9
1 83
1 90
2 42
3 65
3 96
4 65
6 12
6 24
6 48
9 80
10 88
11 17
11 59
11 97
12 1
14 21
14 51
14 53
14 73
14 97
15 45
15 84
17 51
17 89
17 95
18 63
18 94
19 48
20 32
20 74
21 11
21 16
22 2
23 42
23 51
23 76
23 80
24 8
24 26
24 88
25 14
25 21
25 34
25 93
25 96
26 62
26 63
26 93
27 26
27 54
27 72
28 61
28 63
28 86
28 98
29 11
29 51
29 66
29 95
31 77
32 1
32 11
32 15
32 51
32 77
33 6
33 23
33 55
33 68
34 59
34 62
34 92
35 44
36 20
36 83
37 45
37 47
38 2
38 12
38 19
38 20
40 39
40 79
40 98
41 92
42 26
42 47
42 58
42 87
43 19
44 28
45 18
45 25
45 68
46 25
46 38
46 49
46 57
47 8
47 26
48 0
48 15
48 52
49 25
49 71
49 92
50 30
50 48
51 8
51 91
52 72
52 89
52 97
53 1
53 19
54 22
54 98
55 5
55 6
55 8
55 84
57 93
58 1
58 25
58 88
59 79
60 3
60 32
60 82
60 93
61 76
62 38
63 45
63 94
64 29
65 53
66 32
67 89
68 20
68 81
68 95
69 6
69 42
71 0
71 59
72 24
72 44
72 55
74 74
74 91
75 6
75 94
77 41
77 59
77 76
78 25
78 45
79 89
80 16
80 93
81 13
81 85
83 6
83 19
86 46
86 59
86 77
87 9
87 12
87 91
88 29
89 13
89 55
89 98
91 49
91 69
91 94
92 92
93 61
93 71
93 92
93 96
94 38
95 4
95 31
95 92
96 59
96 66
97 10
97 23
97 65
97 80
98 15
98 36
98 42
99 15
