195
1 76
3 8
3 35
3 51
5 8
5 95
6 74
7 5
7 14
8 3
8 85
9 4
10 27
10 51
10 52
11 15
11 40
11 56
12 32
13 70
14 72
14 90
15 6
15 99
16 87
18 10
19 31
19 71
19 99
20 33
22 83
23 2
23 31
23 76
24 26
24 41
26 0
26 44
26 73
26 85
27 7
27 89
28 0
28 8
28 44
28 70
28 96
29 45
30 24
31 58
31 77
31 98
33 4
33 28
34 39
34 61
34 87
34 88
35 18
35 42
35 60
35 92
37 17
38 80
39 77
40 40
40 59
40 75
42 42
42 45
42 71
43 41
46 60
46 80
46 82
46 83
47 26
47 60
47 76
48 64
48 92
49 1
50 49
50 98
51 55
51 83
51 92
52 28
52 30
52 74
53 1
54 41
54 96
55 21
55 22
56 10
56 15
56 81
56 82
57 7
58 7
58 24
58 44
58 87
58 92
58 98
59 8
59 9
59 67
59 93
60 90
61 80
62 6
62 10
62 16
62 25
62 49
63 35
63 59
63 71
64 77
65 18
65 25
65 55
65 68
66 7
66 12
66 39
68 22
68 57
68 67
68 70
68 71
69 46
70 8
70 17
70 73
70 77
70 88
71 2
71 32
71 82
72 52
72 76
73 52
73 63
74 21
74 73
75 47
76 1
76 73
77 29
77 41
77 42
77 51
77 77
77 79
78 64
79 16
79 46
79 47
79 67
80 70
81 25
81 96
82 37
83 63
83 66
83 91
84 61
84 83
86 17
87 31
87 53
88 20
88 76
89 37
91 13
91 32
91 48
92 43
93 58
94 27
94 65
95 98
96 35
96 87
96 95
97 29
97 96
98 8
98 25
98 36
99 41
99 81
