200
1 49
1 54
1 96
2 3
3 30
3 57
4 38
4 64
4 71
4 81
4 92
5 18
5 76
7 6
7 70
7 95
8 13
8 58
9 48
9 55
9 74
11 25
11 71
12 0
12 2
12 94
13 10
13 56
13 77
14 29
14 44
14 90
15 23
15 47
16 61
18 48
18 76
18 95
19 42
19 93
20 8
21 39
21 84
22 47
23 62
23 69
23 73
24 34
24 96
25 30
25 63
25 71
26 28
26 66
26 68
27 43
27 59
28 80
28 84
28 99
29 7
29 25
29 47
29 69
29 71
30 87
30 96
31 25
31 33
31 67
31 79
32 49
32 57
32 88
33 32
33 66
33 89
34 42
34 77
34 83
35 86
36 25
38 0
38 2
38 12
39 13
39 53
39 75
39 81
41 20
42 26
42 39
43 1
43 78
44 56
44 84
45 63
45 69
46 1
47 1
48 9
48 45
48 63
48 64
49 6
49 15
49 22
49 39
49 62
49 70
49 72
50 44
50 68
51 43
51 68
51 72
52 39
52 59
52 89
53 13
53 27
53 35
53 63
54 16
55 12
56 58
57 89
58 27
58 33
58 56
59 0
59 83
60 4
60 52
61 18
61 79
61 82
63 89
64 25
64 64
64 73
65 33
65 65
65 91
66 16
66 68
67 9
67 35
67 83
68 72
70 48
71 50
72 11
72 52
74 31
74 43
75 23
75 37
76 10
76 31
76 92
77 6
77 25
77 99
79 99
80 29
80 36
81 22
81 29
81 50
81 76
81 84
82 41
83 9
84 39
84 89
85 86
86 28
87 15
87 37
87 69
88 3
88 55
89 42
90 13
90 59
92 4
92 26
92 59
92 68
92 94
93 43
93 94
94 70
95 13
98 41
98 65
99 23
99 40
99 48
