200
0 83
1 5
1 26
1 59
2 93
4 67
4 68
5 28
5 71
5 85
5 99
6 63
7 16
7 73
8 3
8 23
8 76
8 98
9 91
10 55
10 58
11 4
11 61
12 39
13 17
14 29
14 45
16 8
16 55
17 76
17 88
17 93
18 47
18 51
18 81
19 19
19 21
19 95
22 36
22 44
22 58
22 64
23 63
24 3
24 9
24 33
24 58
24 89
25 6
25 64
25 77
26 42
26 50
26 57
26 76
26 79
26 96
27 1
28 3
28 18
28 93
28 96
29 43
29 46
30 95
30 99
31 1
31 21
31 51
31 53
31 68
32 17
33 29
33 82
35 85
35 89
36 76
38 19
38 34
40 25
40 65
41 11
41 94
42 39
43 68
43 76
44 1
44 4
44 36
44 65
44 73
45 37
45 56
45 82
46 45
47 12
47 14
47 59
48 95
49 58
49 95
50 13
50 47
50 79
51 18
51 76
52 4
53 19
53 35
53 47
54 54
56 28
56 32
56 63
58 79
58 86
59 9
59 68
60 7
61 22
61 39
61 84
61 85
62 18
63 16
63 31
63 42
63 52
64 59
65 12
65 40
66 66
67 20
67 41
67 69
68 54
69 86
70 42
70 95
71 22
71 37
72 18
72 55
72 65
73 34
74 9
74 37
74 93
75 72
76 27
76 48
76 72
77 63
77 83
78 12
78 51
79 25
79 26
80 0
80 22
80 32
80 68
80 80
81 1
81 65
81 76
82 1
82 56
83 19
83 61
83 92
84 86
85 62
85 73
86 0
86 15
86 48
86 73
86 87
86 98
87 80
90 60
92 19
92 20
92 28
92 79
93 24
94 46
94 68
94 96
95 9
95 41
95 49
95 55
97 57
97 79
98 26
99 35
99 49
99 75
