200
0 2
3 4
3 5
4 2
4 4
4 5
5 2
5 3
7 57
7 70
7 86
8 50
10 58
11 43
12 37
12 89
12 92
13 90
14 29
14 30
14 33
14 89
15 27
15 28
15 61
16 27
16 48
17 20
17 35
18 16
18 18
18 29
18 83
19 25
19 57
19 86
19 92
21 35
21 55
21 56
21 75
22 48
22 55
25 96
26 33
28 47
28 82
28 94
29 33
29 36
29 38
31 49
31 53
32 9
32 83
33 22
33 25
33 39
33 97
33 98
34 28
34 44
34 69
35 22
35 23
35 43
36 15
36 57
36 97
37 19
37 50
37 60
38 19
39 84
40 73
40 74
40 88
41 15
43 34
43 36
43 38
43 50
43 72
43 73
43 90
43 94
44 10
44 56
45 32
46 49
46 84
46 87
47 41
48 18
48 25
48 90
49 45
49 84
49 95
50 63
50 90
51 19
51 59
51 88
51 94
52 21
52 99
53 59
53 70
54 97
56 24
58 17
58 83
60 31
60 36
60 64
61 12
61 14
61 24
61 27
61 80
62 33
62 35
62 42
63 34
63 65
63 69
63 70
63 79
63 82
63 97
64 35
64 73
64 87
65 71
66 83
67 11
67 33
67 46
68 12
68 32
68 52
71 11
71 27
71 38
71 90
72 80
73 39
73 41
74 66
74 83
75 18
75 88
75 89
76 74
76 83
77 45
77 60
77 75
77 88
78 42
78 51
78 67
78 74
78 98
79 33
79 52
80 11
81 70
81 74
81 86
82 50
83 29
83 47
83 64
84 59
85 47
85 59
86 12
86 20
86 29
86 99
87 99
88 52
88 74
89 50
89 62
90 64
91 46
95 47
95 95
96 34
96 47
96 52
96 59
96 83
96 92
97 51
98 26
98 68
