199
0 51
0 64
0 77
2 3
3 92
4 32
4 59
5 10
5 28
5 56
6 49
6 56
7 76
7 89
7 94
8 6
8 49
9 53
9 77
10 72
10 89
11 34
12 25
12 51
12 66
12 72
13 12
13 42
13 55
13 88
13 96
14 59
14 69
14 77
15 67
15 82
16 20
16 30
16 35
16 50
17 55
17 78
17 95
18 32
18 94
19 27
19 30
20 18
20 81
20 99
21 42
21 51
21 52
21 55
22 7
22 23
23 74
24 2
24 15
24 42
24 49
24 83
24 91
25 50
28 7
28 25
28 32
28 76
28 99
29 27
29 59
29 65
30 78
30 95
31 76
32 12
35 67
36 69
37 4
37 34
37 66
38 33
39 9
39 13
39 16
40 31
40 93
40 96
41 21
41 65
43 11
43 74
43 82
43 92
44 53
44 91
46 9
46 53
47 56
47 94
49 20
49 39
49 62
49 78
49 95
50 28
50 36
50 46
51 22
51 47
51 79
52 24
52 90
53 13
53 39
55 60
56 18
57 96
58 69
61 12
61 18
61 56
62 21
62 28
62 45
62 68
62 91
63 1
63 2
63 6
63 27
63 98
64 41
65 20
65 22
65 85
66 57
66 78
66 96
67 11
67 69
68 73
70 0
70 17
71 1
71 59
71 76
71 96
72 14
74 11
74 30
74 79
76 65
76 95
77 1
79 1
79 25
80 6
80 25
80 34
81 39
82 17
82 72
82 74
82 79
83 6
83 56
84 9
84 61
84 76
85 41
86 55
86 64
86 75
87 5
87 87
88 1
88 88
88 90
90 49
90 63
91 14
92 5
92 83
93 14
93 49
93 95
94 4
94 62
95 45
95 66
96 26
96 35
97 27
97 31
97 58
97 62
99 5
99 59
