200
0 0
0 27
0 68
0 91
0 94
0 99
1 40
1 95
2 0
2 71
2 72
2 73
3 66
3 73
3 94
4 21
4 71
5 96
6 15
6 24
6 35
7 3
7 20
7 97
12 19
12 72
13 4
13 7
13 51
13 64
13 99
14 46
14 62
15 52
15 91
16 58
16 93
16 96
18 73
19 39
19 60
19 63
20 6
20 47
21 46
22 6
22 11
23 40
23 91
24 44
25 43
26 22
26 84
26 89
27 95
28 49
28 87
28 99
29 18
29 87
30 25
30 32
30 84
30 91
31 87
32 6
32 11
32 77
34 10
34 30
34 49
34 57
35 20
35 92
36 34
37 23
37 36
37 81
39 11
39 50
41 10
41 57
41 85
42 7
43 12
43 19
45 9
45 24
46 13
47 54
47 73
47 89
48 1
48 25
48 62
48 85
49 42
50 37
51 26
51 50
51 75
51 91
52 6
53 72
53 86
54 39
55 15
55 24
55 37
55 94
56 43
56 67
57 6
57 16
57 27
57 41
57 89
58 4
58 50
58 72
59 76
59 96
60 62
60 77
60 96
61 1
61 11
61 79
62 51
62 66
63 51
63 79
64 5
64 20
64 35
64 73
64 91
67 19
67 88
68 98
69 70
70 53
70 62
71 23
72 12
74 68
74 88
75 26
77 49
77 92
77 95
78 34
79 61
80 24
80 25
81 12
81 36
81 49
81 95
82 25
83 11
83 87
83 91
84 15
84 56
85 60
86 64
86 96
86 97
87 66
87 67
88 5
90 18
90 86
91 30
92 16
92 46
92 59
92 66
93 32
93 47
94 2
94 19
94 22
94 49
94 84
95 23
95 27
95 70
96 1
96 12
96 91
97 88
99 0
99 4
99 25
99 37
99 70
99 78
99 99
