196
0 8
0 15
0 43
0 49
0 56
1 10
1 97
2 68
2 73
4 12
4 20
4 60
5 39
5 71
6 59
6 81
9 67
10 10
10 51
10 69
10 87
11 20
11 23
11 42
11 45
12 8
13 8
13 14
14 9
14 30
14 50
14 57
15 3
15 81
15 83
17 67
17 93
18 72
18 81
18 84
19 5
19 46
19 74
20 28
21 26
21 36
21 52
21 60
21 67
21 92
23 24
25 0
26 19
26 27
27 37
27 73
28 76
28 96
28 99
29 59
29 61
32 38
32 90
33 19
33 45
33 78
34 64
35 11
35 58
35 93
36 65
37 0
38 44
38 64
40 40
40 79
40 90
41 53
42 5
42 69
43 19
44 57
44 70
44 74
45 40
46 4
46 47
47 98
48 13
49 19
49 87
50 6
51 55
52 60
53 53
55 9
55 39
55 56
55 64
56 28
56 68
57 32
57 33
57 47
57 56
58 43
58 93
59 22
59 77
60 81
61 53
61 87
62 73
63 1
64 23
64 53
64 79
65 11
65 38
66 66
66 84
67 0
67 17
67 31
67 45
67 75
68 1
68 63
68 80
69 32
69 42
69 92
70 27
70 31
70 62
71 5
72 28
73 27
74 6
75 17
76 13
76 39
76 62
76 98
77 19
77 22
77 49
78 12
78 62
79 50
79 53
79 83
79 93
80 0
80 39
80 81
81 26
82 50
83 91
84 7
84 53
85 76
85 89
86 28
86 76
87 37
88 30
88 42
88 76
88 83
88 89
89 13
89 87
90 58
91 20
91 65
91 66
92 14
92 92
94 35
95 10
95 15
95 51
96 8
96 50
96 77
96 94
97 12
97 61
97 90
98 46
98 87
99 55
99 67
99 72
99 93
