200
0 67
1 35
1 85
2 54
2 65
2 97
5 48
5 57
6 19
6 47
6 75
6 85
6 86
7 13
7 43
7 78
8 88
9 51
10 2
10 58
14 4
15 85
15 86
15 88
15 98
16 65
18 42
18 98
19 27
19 53
19 71
20 12
21 44
22 35
22 60
22 80
23 51
23 87
24 42
24 50
24 89
25 5
25 8
25 53
25 57
26 12
27 1
27 27
28 10
28 15
29 60
29 79
29 91
30 16
31 22
31 44
31 67
31 75
32 27
33 74
34 76
35 9
35 23
35 28
36 66
37 56
38 48
40 42
41 11
41 84
42 9
42 36
43 63
43 69
43 90
44 78
44 79
45 3
45 67
45 77
49 53
49 77
50 11
50 31
50 33
50 44
50 51
50 64
50 82
51 8
51 21
51 41
51 53
51 83
52 10
53 32
53 69
54 29
55 44
56 66
57 6
57 16
57 37
57 72
58 99
59 31
59 73
60 31
60 63
60 98
61 48
62 80
63 32
63 63
64 30
65 10
65 81
66 1
66 3
66 22
66 23
66 27
67 12
67 34
67 70
69 12
70 13
70 73
71 54
71 68
73 38
73 53
73 62
75 33
76 48
76 63
76 95
76 96
77 82
77 95
78 10
78 45
78 48
79 28
79 29
80 14
80 51
80 57
80 67
81 46
81 66
82 10
83 56
83 76
84 75
84 98
87 15
87 26
87 47
87 75
88 8
88 45
88 54
89 20
89 69
90 3
90 92
90 98
91 16
91 71
92 25
92 32
92 83
92 93
93 5
93 25
93 38
94 3
94 12
94 77
94 84
94 90
95 0
95 9
95 93
96 16
97 8
97 17
97 24
97 33
97 78
97 80
97 96
97 99
98 18
98 27
98 78
99 1
99 3
99 84
