198
0 92
2 2
2 14
2 25
2 31
3 14
3 26
3 77
3 98
4 76
6 62
6 68
6 87
7 37
8 55
8 95
9 17
9 39
11 80
12 14
12 22
12 25
12 73
12 99
13 59
14 49
15 22
15 34
16 7
16 8
16 31
16 56
16 70
17 31
17 71
18 46
19 32
19 33
19 89
20 51
20 60
21 56
21 78
22 22
23 34
23 35
23 55
25 88
25 97
26 14
26 38
26 84
27 73
28 58
28 65
29 5
29 23
29 42
29 45
30 96
31 76
31 78
31 81
32 68
33 51
34 58
34 66
34 94
35 11
35 15
35 30
35 34
36 6
36 25
36 74
36 78
36 83
36 99
37 89
38 1
38 3
39 26
39 53
39 64
39 76
40 51
40 63
41 0
41 76
41 90
41 91
42 15
42 55
42 94
43 79
44 39
45 31
45 53
46 78
47 44
47 63
48 34
48 35
48 55
48 67
49 55
50 27
51 54
51 69
52 1
52 40
52 68
52 91
53 52
53 57
54 79
55 92
57 20
57 61
58 0
58 10
58 26
58 29
58 73
59 12
59 28
59 89
61 58
61 93
62 20
62 29
64 82
64 89
66 9
66 18
66 54
67 33
67 55
68 26
68 82
69 15
69 31
69 90
71 34
72 74
73 7
73 9
73 17
75 6
76 24
76 53
76 75
77 35
78 63
78 94
78 98
80 40
80 90
81 88
82 97
84 52
85 9
85 62
85 70
85 79
86 37
86 39
86 91
87 0
87 63
87 66
87 77
89 28
89 98
90 36
91 66
91 98
92 22
92 64
92 79
93 32
93 47
95 18
95 41
95 58
95 80
95 96
96 15
97 12
97 13
97 27
97 55
98 33
98 40
98 63
99 4
99 32
99 96
