201
1 1
1 15
1 31
2 2
2 10
2 16
2 17
2 51
3 3
3 83
3 89
4 4
4 18
4 22
4 23
5 5
5 60
6 6
6 45
6 72
7 7
7 77
8 8
9 9
9 54
9 87
9 98
10 10
10 63
11 11
11 12
12 12
12 34
12 78
12 88
12 99
13 13
13 40
13 90
14 7
14 14
15 15
16 16
16 21
16 33
16 46
16 54
17 11
17 17
17 90
18 18
19 52
19 71
19 91
20 2
20 24
20 60
20 68
20 72
21 40
21 43
21 82
22 26
22 62
22 83
23 56
23 98
24 36
24 71
26 0
26 21
27 73
28 35
29 38
29 39
29 71
29 98
29 99
30 10
30 83
31 81
33 85
34 13
34 45
34 53
34 59
34 98
35 21
35 34
35 55
37 99
38 39
40 2
40 23
40 61
40 63
41 28
41 40
42 2
42 63
42 76
44 4
44 32
44 62
45 44
46 34
46 73
47 40
48 13
48 33
51 32
51 78
51 98
52 84
53 16
53 36
54 13
55 87
56 43
56 59
58 30
58 57
58 62
59 40
60 4
60 5
60 57
61 23
61 60
63 17
63 50
64 98
65 11
66 0
66 27
67 48
68 57
69 56
70 10
70 37
71 50
71 84
71 90
72 29
72 78
73 34
73 92
74 10
74 95
75 68
75 70
76 11
77 34
77 63
77 65
77 78
77 89
77 90
78 37
78 58
78 75
78 85
79 52
80 56
80 86
81 91
82 64
82 97
83 83
84 83
85 11
85 21
85 44
85 76
86 14
86 22
86 86
86 87
87 72
89 67
90 7
90 88
91 44
91 69
92 6
92 16
92 17
92 21
92 77
93 6
93 43
93 55
95 66
95 76
95 90
96 78
96 86
98 53
99 5
99 63
99 69
