198
0 34
0 85
1 12
1 47
1 53
2 8
2 46
2 64
3 13
4 6
4 18
4 62
4 71
4 85
4 90
4 98
5 4
5 63
5 67
5 72
5 81
6 23
6 29
7 5
7 26
8 30
8 33
8 41
8 65
9 43
9 57
10 25
10 84
10 93
11 46
14 5
14 6
14 34
14 42
14 91
15 95
17 53
18 20
18 60
19 25
19 97
20 45
20 46
22 8
22 74
23 56
23 63
23 71
24 1
24 91
25 9
26 7
26 77
26 78
26 89
28 95
29 43
29 58
30 76
32 4
32 37
32 46
32 66
32 98
33 54
33 80
34 36
34 41
34 51
34 87
36 95
36 99
37 0
37 13
37 37
38 40
38 45
38 90
38 92
39 7
39 14
39 64
39 99
40 46
40 76
41 22
42 73
43 67
44 7
45 38
46 9
46 25
47 20
47 29
49 39
49 75
50 29
50 49
51 55
52 35
52 54
53 68
54 55
55 51
56 20
56 21
56 55
57 35
58 6
58 19
58 59
60 68
60 84
61 2
61 8
61 78
62 28
62 69
63 58
63 59
63 84
64 76
65 84
66 6
66 14
66 20
66 42
66 73
67 28
68 7
68 63
69 3
69 9
69 44
70 52
72 5
72 14
72 27
72 32
72 63
72 77
73 6
73 67
74 62
75 17
76 88
77 84
78 31
78 40
78 66
79 11
79 21
79 28
80 92
81 4
81 18
81 21
81 73
82 22
82 56
83 0
83 58
83 66
84 59
85 6
86 12
86 20
87 86
88 9
88 75
88 85
89 72
90 47
90 82
91 24
91 40
92 23
92 47
93 12
93 31
93 80
94 58
95 0
95 1
95 42
95 64
96 8
96 76
98 39
98 40
98 43
98 78
98 97
