196
0 3
0 11
0 91
1 47
2 64
4 21
4 28
4 36
4 46
4 84
5 30
5 49
5 52
5 55
6 16
6 31
6 98
8 54
9 23
9 40
9 75
9 91
10 31
11 63
12 53
13 62
13 87
15 7
16 54
16 76
18 10
18 37
18 45
19 36
19 59
20 28
21 37
21 46
22 9
22 84
23 10
23 19
23 81
24 12
24 46
24 51
25 54
25 66
26 28
26 40
26 52
26 65
26 82
27 2
27 21
27 66
27 91
28 49
28 91
29 51
29 70
29 72
30 69
30 93
31 39
31 81
32 38
32 47
33 7
33 22
33 74
34 43
34 79
35 18
35 21
35 96
36 43
36 57
36 68
36 87
38 11
38 18
38 48
38 59
39 50
39 95
39 97
40 43
41 43
41 79
44 52
44 61
44 75
45 38
48 7
48 15
49 1
49 37
49 46
49 53
50 20
50 48
51 21
51 24
51 42
51 69
51 93
53 29
53 44
53 70
54 52
54 63
55 14
55 59
55 71
55 83
57 15
57 84
57 96
59 4
60 8
60 34
60 68
61 83
61 91
61 93
62 48
62 55
62 76
63 11
63 64
63 71
64 43
65 11
65 65
65 68
66 17
66 87
67 96
69 3
69 42
69 90
70 47
70 92
71 13
71 28
71 61
71 98
72 12
72 94
73 16
73 34
73 38
73 77
74 63
74 91
75 21
75 80
76 54
76 97
77 77
78 14
78 95
79 60
79 67
79 83
79 90
80 44
80 96
82 40
83 43
83 80
84 24
84 84
85 9
85 41
85 82
85 88
85 91
86 93
87 42
87 61
88 13
88 75
90 61
91 54
93 62
94 74
94 97
95 71
95 91
95 96
95 97
96 36
98 35
98 40
