195
0 79
0 86
1 53
1 80
3 1
3 3
5 5
5 24
5 53
6 45
7 1
7 15
7 80
8 61
9 83
10 31
10 53
11 52
12 43
12 53
12 63
14 12
14 20
14 29
14 54
14 76
16 22
16 27
16 80
17 7
17 59
19 3
19 55
19 97
20 10
20 44
20 53
20 87
21 80
22 42
22 81
23 41
24 29
24 50
24 91
26 43
27 12
27 66
27 96
28 12
28 22
28 42
28 59
28 84
29 95
30 47
31 67
31 71
32 2
32 20
33 40
33 70
34 21
34 87
34 99
35 32
35 54
36 4
36 52
37 12
37 74
37 76
38 49
38 64
39 92
40 87
41 47
42 14
43 22
43 50
43 92
44 7
45 59
46 27
46 39
46 42
48 96
49 26
49 38
49 50
50 36
50 54
51 49
52 47
52 53
53 9
53 61
54 92
55 25
55 27
55 45
55 92
57 24
57 46
57 49
57 57
57 66
58 14
58 18
58 36
59 68
59 84
59 91
59 93
60 65
61 40
61 76
61 89
62 83
62 85
63 5
63 17
64 35
64 43
65 26
65 80
66 66
66 70
66 74
68 28
68 91
69 61
70 33
71 22
71 89
72 9
73 4
73 33
74 7
74 43
74 61
74 79
76 16
76 66
76 84
77 2
78 24
78 30
78 82
78 85
78 97
79 77
80 62
81 0
81 39
81 70
82 19
82 34
83 28
83 40
85 19
87 29
87 62
88 88
89 9
89 14
89 59
89 85
90 79
90 98
91 8
91 75
92 25
92 54
92 70
93 31
93 40
93 80
94 72
95 15
95 64
96 28
96 37
96 42
96 73
96 90
97 64
98 0
98 40
98 50
98 66
98 77
98 81
98 86
99 84
