200
0 68
1 46
2 85
2 93
2 94
3 47
3 89
5 8
5 46
6 47
6 77
7 1
7 31
8 31
8 51
9 31
9 32
10 43
10 87
11 15
11 63
12 24
12 57
12 71
15 17
15 33
15 52
15 83
15 94
16 85
16 88
17 12
17 46
18 78
19 6
19 74
19 77
19 79
20 31
20 47
20 56
21 59
22 72
22 81
23 4
23 45
23 62
23 67
24 27
24 40
24 63
24 67
25 92
26 31
26 40
26 65
27 8
27 47
27 58
28 68
29 50
29 68
30 75
30 91
32 13
32 27
32 31
32 65
32 76
32 77
32 97
33 5
33 40
33 50
33 62
34 22
35 41
36 1
36 33
36 98
37 83
38 14
39 53
39 81
39 89
40 13
40 26
44 4
44 34
44 36
44 48
44 56
45 56
45 69
46 76
47 34
47 47
47 63
48 50
48 56
48 63
49 4
49 54
51 15
51 72
52 89
54 42
54 46
55 8
55 36
55 66
55 99
56 7
56 27
57 30
57 66
58 69
58 79
59 22
59 79
61 22
61 51
61 67
62 20
62 24
62 70
63 5
63 26
63 43
64 66
64 87
65 21
65 22
65 64
67 23
67 39
67 64
67 80
68 13
69 5
69 21
69 55
69 60
69 81
69 85
69 96
70 8
70 18
70 70
71 90
72 28
72 47
74 19
75 36
75 71
76 12
76 42
76 55
76 82
77 21
80 1
80 44
81 36
81 52
81 85
82 23
82 54
84 8
85 7
85 25
86 12
86 28
86 52
87 13
87 64
88 44
88 69
88 96
89 97
90 3
90 11
90 20
90 45
90 67
91 8
92 8
92 72
93 2
93 11
93 38
93 45
94 46
95 11
95 63
95 77
96 0
96 84
98 51
99 15
99 93
