202
0 16
2 19
2 31
2 60
3 48
4 43
4 84
5 18
5 58
5 78
5 86
6 8
6 55
7 45
7 73
8 84
9 11
9 41
9 80
9 97
10 20
10 39
10 73
10 94
11 25
11 76
12 24
14 75
15 30
15 96
16 24
16 31
16 63
17 83
17 92
18 65
20 32
21 38
22 40
22 60
24 18
24 62
25 12
25 29
25 62
26 68
26 75
26 78
26 93
27 74
28 51
29 21
29 24
29 61
30 29
30 67
31 79
32 72
32 90
32 98
33 40
34 56
35 72
35 82
36 71
36 93
38 9
38 80
39 9
39 25
39 30
39 49
39 89
40 25
40 87
41 14
41 45
42 37
42 95
43 89
44 20
45 80
46 52
47 90
49 38
49 43
49 74
50 19
50 20
50 22
50 75
51 52
52 25
52 75
53 21
54 30
54 91
55 40
55 67
56 87
57 74
58 56
58 65
58 69
59 77
59 80
60 11
60 32
60 73
61 26
61 45
61 49
61 75
62 78
63 49
63 50
63 71
63 78
64 40
64 50
64 96
65 10
65 33
65 64
66 10
66 11
66 75
66 83
67 48
68 26
68 68
69 8
69 12
69 23
70 26
71 74
72 16
73 26
73 36
73 39
73 54
73 55
73 69
74 12
74 48
74 82
74 93
74 96
75 38
77 9
77 70
78 8
78 16
78 18
79 30
79 92
80 47
80 60
80 84
80 97
82 19
82 74
83 38
83 39
83 43
83 58
83 92
85 42
85 44
85 50
85 58
85 88
86 12
86 15
86 26
86 30
88 29
88 61
88 92
89 89
90 9
90 72
91 13
91 88
93 19
93 91
94 12
94 28
94 73
95 53
95 59
96 23
96 35
96 51
96 65
96 90
97 23
97 58
97 84
98 59
98 81
98 84
