200
0 36
0 44
2 23
2 47
2 51
2 87
2 89
3 39
3 47
3 66
3 76
4 7
5 31
5 92
5 93
6 53
7 54
8 3
9 28
9 32
9 44
10 14
10 74
10 75
10 97
11 30
11 84
11 87
12 9
12 49
13 3
13 12
13 27
13 39
14 19
14 36
15 10
16 20
16 37
17 1
17 34
18 59
19 4
20 14
20 94
21 12
21 20
22 12
22 31
23 12
23 50
23 66
24 14
24 51
25 35
25 99
26 75
26 93
26 97
27 88
27 93
29 20
29 65
29 79
30 51
31 26
31 29
31 91
32 4
32 15
32 16
32 65
33 70
33 77
33 96
35 67
37 45
37 50
37 88
39 92
40 59
41 18
42 66
42 91
43 33
43 62
45 22
45 97
46 2
46 32
46 46
46 70
47 34
47 39
48 27
49 27
49 29
49 52
49 75
49 94
50 15
50 91
51 32
51 79
52 12
52 81
52 90
53 8
53 83
54 12
54 89
55 54
55 61
56 22
56 92
57 7
57 16
57 70
58 18
58 39
58 81
59 17
59 83
59 90
59 91
60 28
60 99
61 35
61 67
61 92
62 59
62 65
62 76
62 78
62 87
65 2
65 6
65 32
65 92
66 15
66 74
67 36
67 74
67 91
68 79
68 82
69 18
69 96
71 17
71 98
72 22
72 77
73 47
73 93
74 24
74 75
78 9
78 42
78 46
78 80
78 86
79 84
79 90
81 1
82 4
82 50
82 60
84 61
85 7
85 48
85 59
86 2
86 3
86 89
87 40
87 42
87 54
87 97
88 0
90 4
90 19
90 63
90 85
90 93
91 56
91 97
92 28
93 53
93 73
94 5
95 75
95 84
95 95
96 0
96 29
96 44
96 62
96 66
98 77
99 50
