195
0 23
0 46
1 49
3 28
3 32
3 34
3 43
4 71
6 21
6 41
7 27
8 97
10 11
10 51
10 80
10 82
10 90
11 23
11 87
12 4
12 77
13 14
13 80
13 81
14 35
15 13
16 13
16 64
16 92
17 3
17 38
17 67
17 73
18 13
19 36
19 87
19 90
19 93
20 98
21 4
21 54
21 64
21 90
23 16
23 39
23 64
23 70
24 40
24 80
24 96
25 38
27 9
27 23
28 12
29 9
29 48
30 35
30 69
30 85
31 53
31 59
31 85
32 49
32 86
33 19
33 34
33 71
34 47
34 49
34 70
34 85
36 6
36 35
37 26
37 95
38 42
39 60
39 62
39 77
40 6
40 25
40 98
41 52
41 56
41 66
42 95
43 24
43 74
44 81
46 62
47 18
47 23
48 14
48 18
48 95
48 97
49 7
50 47
50 67
51 37
51 80
52 6
52 26
52 29
52 80
52 84
53 24
54 47
55 48
55 57
55 66
57 6
58 51
59 39
59 68
59 81
60 6
61 5
62 56
62 85
62 88
63 16
64 56
64 83
65 8
66 84
67 76
68 13
68 17
69 6
69 25
69 50
69 69
70 34
71 37
72 43
72 53
72 56
72 76
73 58
73 84
74 55
75 48
76 55
76 87
77 35
77 48
77 63
78 35
78 41
79 55
80 17
80 31
80 56
81 8
81 89
82 36
82 91
83 10
83 12
83 39
83 65
84 3
84 18
84 63
85 7
85 66
85 79
86 1
86 15
86 69
87 22
87 64
89 58
89 91
90 13
91 78
92 30
93 44
94 7
94 32
94 57
95 43
95 57
96 2
96 29
96 34
96 61
97 26
97 30
97 36
97 42
97 49
99 83
99 86
