197
0 6
0 8
0 50
1 39
1 85
2 99
3 29
4 58
4 82
5 40
5 45
5 94
6 38
6 47
6 88
7 4
7 7
8 6
8 20
8 52
9 30
9 69
10 10
12 10
12 38
12 96
13 67
14 5
14 22
14 42
15 16
15 76
17 18
17 69
18 0
18 15
18 90
19 12
19 18
19 22
19 95
20 60
20 67
22 40
22 86
23 35
23 73
23 84
24 25
25 5
25 70
26 34
27 37
27 76
28 52
28 83
28 99
29 18
29 83
30 23
31 89
32 34
32 64
32 93
33 62
33 73
35 15
35 91
36 44
36 95
37 16
37 97
38 26
39 75
39 84
40 22
40 35
41 12
41 64
41 73
42 15
44 37
45 33
45 53
47 85
47 86
48 90
49 6
49 18
49 19
49 27
49 38
50 0
51 22
52 20
52 65
53 3
53 15
53 63
54 12
54 15
54 19
54 52
54 84
55 37
55 98
56 2
56 6
56 24
56 60
57 5
57 91
58 40
58 49
58 61
59 8
59 26
59 88
60 30
61 66
63 19
63 28
63 67
64 13
66 40
67 5
67 10
67 52
69 1
69 6
69 18
69 26
69 43
70 34
70 40
71 8
71 70
72 57
72 98
74 56
75 4
75 26
75 27
76 72
77 16
77 24
77 27
77 40
77 42
77 74
78 0
78 53
78 63
78 93
79 65
79 91
81 39
81 47
81 54
81 74
81 81
82 47
83 21
83 39
85 20
85 37
85 69
85 85
86 39
86 54
86 87
88 56
89 11
89 77
90 49
91 13
91 27
91 81
93 44
93 53
93 60
93 70
94 4
94 68
94 80
95 8
96 22
96 31
96 57
96 85
97 11
97 23
97 85
97 97
98 83
98 98
99 2
