198
0 62
1 21
1 44
1 88
2 9
2 27
2 78
3 11
3 44
3 67
4 30
4 61
5 99
7 20
8 25
8 65
9 68
9 74
9 88
10 39
10 84
10 90
11 13
13 7
13 21
13 28
13 57
13 93
14 12
14 76
15 88
15 96
16 32
16 80
17 32
17 50
17 91
18 7
19 10
20 6
21 9
22 16
22 17
22 94
23 8
25 1
25 12
25 96
26 31
27 45
28 30
30 16
30 27
30 58
31 99
32 18
32 22
32 57
33 55
34 42
34 61
34 77
36 97
37 7
37 64
37 95
38 35
38 86
39 4
39 84
39 95
41 0
41 14
41 41
41 72
42 1
42 70
43 98
44 19
44 71
45 73
46 7
46 35
46 62
46 63
46 90
47 18
47 46
47 84
48 24
49 67
50 41
51 83
51 90
52 9
52 46
52 51
53 50
53 72
53 74
53 75
53 79
54 30
54 38
55 19
55 24
55 57
55 70
56 66
57 1
58 34
58 80
59 72
59 99
60 6
60 59
60 74
60 83
62 10
62 67
62 69
62 75
62 97
63 27
64 28
64 36
65 5
65 31
65 60
65 96
66 89
67 13
67 58
67 92
67 98
68 5
68 65
69 2
69 4
69 31
69 68
69 79
70 47
70 58
70 95
71 1
71 30
71 57
71 77
72 4
72 5
72 29
73 33
73 37
73 80
73 81
74 20
74 22
74 27
74 37
74 57
74 80
75 18
75 61
75 92
79 11
79 76
79 86
80 49
80 73
81 56
82 7
82 71
83 6
83 15
84 27
84 40
84 68
85 6
86 36
86 78
87 8
87 55
88 54
88 85
88 92
89 81
92 28
93 62
94 44
95 40
95 76
95 80
97 21
97 41
97 50
98 21
99 51
