200
0 0
0 1
0 2
0 3
0 5
0 7
0 8
0 10
1 0
1 1
1 4
1 6
1 7
1 8
1 9
1 10
2 1
2 6
2 7
3 1
3 3
3 4
4 3
4 4
4 5
4 8
4 10
5 0
5 1
5 4
5 7
5 8
5 9
5 10
17 17
17 19
17 20
17 21
18 17
18 19
18 21
18 24
18 27
19 19
19 23
19 24
19 26
20 18
20 19
20 21
20 22
20 25
20 26
21 17
21 18
21 20
21 24
21 26
22 17
22 18
22 21
22 25
22 26
34 37
34 39
34 40
34 41
34 43
34 44
35 37
36 36
36 37
36 38
36 41
36 44
37 34
37 35
37 36
37 37
37 39
37 40
37 42
37 43
38 34
38 35
38 41
38 43
39 34
39 35
39 36
39 37
39 38
39 43
51 53
51 56
51 57
51 61
52 54
52 55
52 58
52 61
53 51
53 52
53 53
53 54
53 56
53 57
54 51
54 52
54 54
54 56
54 57
54 60
55 51
55 52
55 54
55 55
55 56
55 57
55 58
55 59
55 60
56 51
56 53
56 56
56 59
56 61
68 69
68 70
68 72
68 74
68 78
69 68
69 70
69 71
69 72
69 73
69 75
69 78
70 68
70 70
70 73
70 74
70 75
70 76
70 77
70 78
71 68
71 69
71 72
71 73
71 77
71 78
72 69
72 72
72 74
72 75
72 77
73 68
73 70
73 71
73 73
73 75
73 76
73 78
85 85
85 86
85 87
85 88
85 89
85 92
85 93
85 94
85 95
86 85
86 93
86 94
87 87
87 88
87 89
87 90
88 85
88 87
88 89
88 90
88 91
88 93
88 95
89 86
89 87
89 90
89 91
89 94
89 95
90 86
90 90
90 92
90 93
90 94
90 95
