200
0 43
0 81
1 16
2 25
4 59
5 52
5 77
6 12
9 15
9 55
9 56
9 74
9 76
10 29
10 52
10 85
10 87
11 23
11 79
12 21
12 43
12 58
12 96
13 24
14 19
14 45
14 75
15 24
15 72
16 28
17 48
17 75
18 10
18 63
18 67
19 47
19 49
20 26
21 9
22 30
22 77
23 30
23 69
24 9
24 73
25 67
26 29
26 94
26 97
27 52
27 88
28 15
29 13
29 80
30 95
31 96
32 18
32 32
32 59
32 84
33 39
33 84
34 3
35 61
35 73
35 91
36 61
37 6
37 42
37 93
38 5
39 45
39 85
40 3
40 6
40 64
41 97
42 27
42 58
42 89
42 90
43 96
44 59
44 94
46 10
46 36
46 74
47 90
48 87
49 97
50 14
51 5
51 52
51 88
51 97
52 58
53 73
53 94
54 17
54 32
54 45
54 54
55 3
55 27
55 57
55 82
55 83
56 85
57 69
58 38
59 92
60 73
60 84
60 91
60 99
61 6
61 9
61 85
61 86
62 11
62 65
63 21
63 59
65 69
66 28
66 52
67 11
67 49
67 50
67 81
68 24
68 51
69 69
69 76
70 16
70 94
71 35
71 96
72 17
72 58
72 79
73 45
73 98
74 64
74 79
76 28
77 19
78 40
78 93
79 37
79 58
79 86
80 84
81 2
82 48
82 60
83 1
83 89
84 59
84 71
84 85
85 16
85 22
85 25
85 63
85 88
86 57
86 69
87 1
87 52
88 77
88 83
88 97
89 3
89 93
89 99
90 52
90 55
90 59
91 15
91 65
91 70
92 5
92 14
92 32
92 42
93 53
93 72
94 97
95 20
95 23
95 36
95 83
96 55
96 83
97 56
98 1
98 61
98 73
99 44
