200
1 99
2 1
2 3
2 10
2 17
3 84
3 93
4 1
4 2
4 20
5 1
5 4
6 3
6 16
6 30
7 3
8 38
8 40
8 63
8 93
8 95
8 99
9 6
9 17
10 7
10 9
10 42
10 50
10 99
11 15
11 18
12 60
12 65
12 69
12 72
12 78
13 6
13 8
13 49
14 2
14 5
14 14
14 47
14 55
14 70
14 77
14 85
15 15
15 25
15 84
16 26
16 51
16 80
17 4
17 54
18 22
18 90
19 4
19 7
19 10
19 15
19 17
19 31
19 32
19 45
19 72
20 1
20 9
20 99
21 38
21 96
22 20
22 39
22 94
24 21
24 26
24 58
24 77
26 18
26 23
26 40
26 44
26 62
26 69
27 26
27 93
28 25
28 36
28 49
28 66
28 82
28 97
29 7
29 8
29 87
30 21
30 24
31 34
31 86
33 28
33 44
33 45
33 97
35 17
35 84
35 92
36 35
36 89
37 38
37 86
38 37
38 40
38 57
38 83
40 15
41 9
42 9
42 89
43 38
44 30
44 33
44 75
45 9
45 20
48 46
48 49
48 50
49 7
49 60
49 62
49 94
50 14
50 20
51 25
51 59
52 25
53 35
53 68
55 45
55 66
55 67
56 40
56 55
57 36
58 54
59 8
59 10
60 20
61 69
62 56
62 71
63 59
63 68
64 1
64 93
66 7
66 45
66 67
67 65
68 50
69 2
69 3
70 71
71 69
71 79
72 56
72 90
72 91
74 19
75 16
75 78
75 94
76 11
76 86
77 5
78 6
81 3
81 80
81 88
83 76
83 85
83 91
84 50
85 89
86 71
87 21
87 86
88 89
90 44
90 67
92 47
93 90
93 95
95 81
96 38
97 30
98 99
99 51
99 90
99 98
