200
0 88
1 34
2 78
3 7
3 27
3 40
3 58
4 24
4 55
4 59
5 27
5 32
5 33
5 92
7 62
7 71
7 96
8 37
8 72
8 87
9 22
9 38
10 11
10 46
10 66
10 76
11 80
12 27
13 43
13 64
14 48
14 62
14 70
14 72
15 17
15 26
15 30
15 31
15 52
16 0
16 20
16 32
17 15
17 33
17 75
18 31
20 48
21 5
21 31
21 85
22 33
23 20
23 53
24 44
24 61
24 68
25 8
25 68
26 28
26 56
26 68
27 52
27 73
29 35
29 86
30 21
31 37
31 96
32 30
32 47
32 52
32 70
33 7
33 10
33 36
33 89
34 85
35 28
35 52
36 38
37 31
37 52
38 3
38 47
38 58
38 70
39 93
41 23
41 80
43 8
43 9
43 41
44 33
45 36
45 38
45 59
46 10
47 36
47 78
47 82
48 53
48 59
48 61
48 70
48 83
49 52
49 99
50 2
50 39
50 73
50 81
50 99
51 7
51 75
52 54
54 6
54 21
54 27
54 79
54 90
54 91
55 29
56 39
57 70
58 35
58 40
59 13
59 85
60 80
61 5
61 51
62 44
63 21
64 19
65 22
65 49
66 4
66 6
66 25
67 22
67 24
68 3
68 51
69 18
69 75
70 7
70 47
71 83
72 4
72 23
72 26
72 44
73 39
73 98
74 17
74 59
74 77
74 80
74 82
75 34
75 54
76 50
76 64
76 92
77 39
78 96
80 12
80 27
80 89
81 49
81 97
82 5
82 57
83 15
83 35
84 5
84 40
84 89
85 58
85 68
86 11
87 48
88 20
88 93
89 36
89 79
89 83
91 33
92 9
92 53
92 87
95 12
95 73
96 29
96 42
96 58
96 68
97 32
97 33
98 59
