200
0 27
0 75
0 79
1 5
1 20
1 80
2 55
2 74
4 29
5 86
5 99
6 52
6 95
7 34
7 43
8 8
8 13
8 55
8 56
8 60
9 53
9 75
9 92
10 18
10 60
11 6
11 13
11 15
11 70
11 89
12 13
12 92
13 39
13 73
13 81
15 95
16 70
17 0
17 44
17 46
17 56
17 62
17 74
17 90
18 36
18 53
18 61
18 74
19 4
19 11
19 12
19 13
19 36
19 84
20 6
20 88
21 50
23 6
23 15
25 45
25 81
25 91
26 46
26 67
26 77
28 1
28 23
32 41
32 46
32 73
33 35
33 60
34 81
34 82
35 21
36 28
36 37
36 67
37 47
37 71
37 91
37 93
38 23
40 43
41 7
41 71
43 7
43 21
44 0
44 85
45 72
46 62
47 7
47 13
49 44
49 64
50 33
50 60
50 75
51 25
52 29
52 34
52 58
52 96
53 6
53 66
53 76
53 78
55 71
55 85
56 47
56 74
58 59
58 74
58 81
59 80
59 81
61 48
61 58
62 26
62 31
62 94
65 79
66 9
66 98
67 56
67 70
68 16
68 68
68 82
68 85
69 65
71 6
71 11
71 50
71 67
71 88
72 81
73 69
74 8
74 9
74 72
74 77
74 81
74 86
74 91
75 21
75 62
75 65
75 86
76 1
76 39
76 51
76 95
77 22
77 35
77 61
77 81
78 40
79 59
79 77
80 40
80 70
80 85
81 93
82 35
82 38
83 78
84 28
86 23
87 61
87 92
88 12
88 90
89 4
89 20
89 65
90 45
91 73
92 21
93 6
93 41
93 57
94 35
94 50
94 84
94 92
94 95
96 16
96 46
96 53
96 82
97 1
97 46
97 63
98 95
99 24
99 34
99 59
99 82
