200
0 59
0 95
1 22
1 96
2 54
2 79
3 8
3 37
3 97
4 30
5 36
5 51
6 25
6 51
6 67
7 25
8 35
8 44
8 84
8 93
9 35
9 36
10 44
10 89
10 97
11 64
12 34
13 40
13 78
13 82
14 28
14 62
15 58
16 58
17 54
17 70
17 77
17 85
18 14
18 57
19 94
20 25
20 48
21 6
21 14
21 43
21 63
21 78
21 89
22 53
22 60
22 92
23 17
23 74
24 59
24 93
25 44
26 45
26 99
27 40
27 51
28 35
29 0
29 27
29 61
30 26
30 62
31 27
31 59
31 72
31 74
32 7
32 20
32 51
32 57
33 21
33 30
33 93
34 17
34 26
35 55
36 8
36 20
36 72
37 72
38 27
38 50
38 64
39 23
39 54
39 72
40 53
40 66
40 93
41 16
42 57
42 98
43 88
44 4
46 52
46 64
46 66
47 33
49 89
50 5
50 28
50 60
50 81
51 77
52 26
52 37
52 42
52 93
53 3
53 11
53 66
54 3
54 26
54 27
54 76
54 91
54 95
55 0
56 81
57 19
58 70
58 88
59 39
59 52
59 58
59 82
60 11
60 50
60 71
60 87
61 51
61 52
61 53
63 22
63 29
63 60
63 89
64 22
64 54
64 78
65 44
66 2
68 0
68 55
69 4
69 53
69 63
70 10
70 39
70 56
71 15
71 16
72 7
72 8
74 81
75 4
75 49
75 57
78 42
78 45
79 68
79 82
79 95
80 0
80 12
80 16
82 0
82 59
82 77
82 89
83 27
83 83
84 40
84 55
85 69
86 58
87 27
88 49
88 96
89 71
89 79
89 98
90 34
91 80
92 47
93 28
93 84
96 0
96 32
96 84
98 63
99 23
99 25
99 42
99 77
