195
0 0
0 30
0 34
1 28
1 36
1 50
2 48
2 96
3 62
3 89
3 95
4 34
5 10
5 28
5 63
5 89
6 36
6 64
7 50
9 26
10 1
11 6
11 60
11 78
12 27
13 40
14 28
15 78
16 5
16 22
18 10
18 13
18 16
18 22
18 48
19 10
19 59
19 63
19 84
19 98
20 41
20 71
21 0
21 30
21 80
22 3
22 24
22 43
22 74
23 4
23 14
23 71
23 85
23 91
23 92
24 70
24 97
25 15
26 94
26 98
27 29
27 36
27 66
28 72
29 11
30 7
30 26
30 85
31 16
32 22
32 97
33 2
33 37
33 70
34 20
35 3
35 40
35 93
36 74
37 54
37 71
38 6
38 27
39 24
39 46
40 70
42 7
42 24
43 76
44 14
44 39
45 7
45 28
45 85
45 89
45 91
46 54
47 65
48 10
48 58
49 42
49 96
50 13
51 97
53 0
54 50
54 70
54 82
55 78
55 80
55 93
56 62
56 93
57 88
58 72
59 16
59 45
60 98
61 25
61 90
62 21
62 37
62 44
63 5
63 33
63 37
63 47
63 69
63 81
63 88
64 8
66 0
66 1
66 81
68 33
69 8
69 91
70 56
70 83
71 49
71 70
72 13
72 16
72 65
72 81
73 69
74 60
74 78
75 9
75 70
75 76
76 23
76 78
77 28
77 34
77 67
78 5
78 50
78 95
79 28
79 49
79 82
79 89
80 4
80 61
80 77
82 15
82 52
83 31
83 40
83 42
83 90
84 92
85 13
85 23
85 78
86 0
86 21
86 71
87 44
87 89
88 71
90 40
90 47
91 26
91 65
92 18
92 62
94 76
95 43
95 86
98 10
98 35
98 74
98 80
