200
0 28
0 51
2 75
4 78
5 32
6 29
7 77
8 2
8 12
8 16
9 36
9 55
9 88
10 0
10 88
10 91
11 1
11 2
11 50
11 71
12 63
13 33
14 66
15 26
15 50
15 74
15 78
15 80
16 1
16 73
17 48
19 8
19 59
19 68
20 15
20 67
20 84
21 59
22 17
22 54
23 13
24 63
25 52
26 28
26 31
26 38
26 52
26 76
27 94
28 26
28 27
29 14
30 0
30 9
30 56
31 2
32 60
33 38
33 96
34 48
34 71
34 88
34 97
35 5
35 39
36 3
36 36
36 64
36 88
37 53
38 22
38 24
38 66
39 57
39 71
41 55
41 96
42 11
43 48
44 20
44 94
45 48
45 88
46 26
46 57
46 70
46 82
47 13
47 39
47 60
47 75
48 92
49 16
49 36
49 55
49 60
49 79
51 54
51 71
52 38
52 59
53 20
53 28
53 36
53 67
53 77
53 94
54 19
54 89
55 0
55 52
55 78
56 57
57 62
57 69
58 36
59 21
59 26
59 45
59 54
60 93
61 32
62 0
62 17
62 23
63 4
64 73
65 49
65 66
65 72
66 13
67 31
68 16
68 28
68 51
69 43
70 12
70 43
72 4
72 67
73 19
73 64
74 88
74 95
75 83
76 14
76 61
76 97
77 19
77 26
79 0
79 7
79 30
79 35
79 39
80 76
80 78
81 16
83 24
83 51
84 24
85 15
86 42
86 84
87 24
87 68
87 83
88 34
88 68
88 71
88 78
89 20
89 47
90 5
90 53
90 76
91 66
91 80
91 81
92 25
92 32
92 62
92 67
93 6
93 93
94 9
94 12
94 30
94 88
95 71
96 9
96 74
97 1
97 97
98 33
98 38
98 93
99 11
99 82
99 90
