200
0 16
0 22
0 92
1 29
1 30
1 55
1 92
2 5
2 22
2 54
2 56
2 72
3 21
3 31
3 57
3 58
3 70
3 95
4 4
4 8
4 40
4 63
4 92
5 21
5 62
5 95
6 1
6 28
6 83
6 86
6 94
7 18
7 68
9 37
10 8
10 22
10 99
11 22
11 59
11 69
11 70
12 61
13 50
14 3
16 10
17 49
17 72
18 70
18 76
18 95
19 17
19 42
20 57
20 59
20 61
20 91
21 10
21 46
23 15
23 30
23 82
24 7
24 52
24 55
25 3
25 39
25 81
26 40
27 3
27 35
28 31
28 71
29 6
29 28
29 39
30 19
30 75
30 80
30 89
31 7
31 65
32 22
32 32
32 84
33 27
33 47
34 68
34 81
34 84
35 6
35 17
37 74
38 93
39 52
40 23
40 28
40 91
41 0
41 15
41 85
42 8
42 17
42 85
43 6
43 36
45 13
45 22
45 76
47 8
47 83
47 97
48 27
49 81
50 33
51 80
52 50
53 23
53 42
53 75
54 12
54 14
54 69
54 85
54 93
55 31
55 60
57 31
58 82
59 9
59 63
60 14
60 43
60 75
60 81
61 17
61 52
61 99
62 68
62 71
62 89
63 0
63 62
63 70
64 42
64 45
64 82
64 95
65 9
66 4
68 86
69 97
71 24
71 62
72 11
73 52
73 87
74 9
74 83
74 98
75 1
79 13
79 35
80 35
80 57
81 22
81 75
81 82
82 34
84 51
85 38
85 67
87 15
87 18
87 31
87 78
88 39
88 84
88 89
90 26
90 66
90 73
91 1
91 12
91 57
91 58
91 67
91 94
92 83
93 5
93 67
93 80
94 43
94 59
94 60
94 67
94 75
94 88
95 40
95 77
96 78
