198
0 66
1 9
1 97
2 52
2 86
3 20
3 38
3 92
4 25
5 58
5 73
6 98
7 55
8 44
8 62
9 41
10 20
11 2
11 16
11 34
11 88
11 90
12 56
12 79
13 65
15 44
15 55
16 90
16 91
17 69
19 11
19 15
19 81
20 18
20 33
20 67
20 95
21 5
21 56
21 93
22 86
23 5
23 23
23 26
24 39
24 73
24 77
25 4
25 60
26 10
26 20
27 27
27 64
27 72
27 77
28 4
28 7
28 44
28 63
29 11
29 26
29 31
29 90
30 18
30 22
30 25
30 75
32 13
33 79
34 69
35 62
36 54
36 61
37 14
39 5
39 44
39 64
40 21
40 24
40 26
41 4
41 84
44 88
44 92
44 98
45 4
45 18
45 23
45 91
46 65
46 68
46 97
47 49
49 11
49 13
49 23
50 12
50 40
50 73
51 50
53 31
53 37
54 15
54 37
54 45
54 81
55 65
56 19
56 23
56 53
56 79
57 50
57 75
57 88
57 94
59 32
60 99
61 55
61 64
61 99
62 1
62 22
63 8
63 56
64 14
64 65
65 14
65 18
65 29
66 19
67 52
67 69
67 79
67 93
68 18
68 74
68 86
69 47
70 3
70 15
70 22
70 36
70 45
70 98
72 2
72 6
72 78
72 96
74 76
74 87
75 6
75 61
77 72
77 80
78 51
79 6
79 60
80 18
80 97
83 11
83 18
83 30
83 63
84 90
85 17
85 63
86 49
86 74
87 12
87 21
87 25
87 92
88 80
89 1
89 30
91 82
91 96
92 9
92 71
93 22
93 74
94 36
94 40
94 79
94 92
94 94
95 71
95 72
96 20
96 64
97 26
97 83
97 99
98 9
98 17
98 85
99 0
99 35
