200
0 8
0 9
0 22
0 44
0 56
1 66
2 28
3 52
3 69
4 45
4 78
5 26
5 67
5 98
6 37
6 43
6 75
7 1
7 4
7 35
7 55
8 12
8 18
8 30
8 35
9 71
9 80
10 90
11 25
11 80
11 81
12 10
12 79
13 13
13 77
14 9
14 28
16 82
17 39
18 17
18 54
18 93
19 28
20 67
22 67
23 3
23 12
23 69
24 40
25 65
25 68
26 92
28 23
28 31
28 51
28 63
28 93
29 4
29 63
29 68
30 58
31 25
31 32
32 0
32 14
32 33
32 64
32 88
33 30
33 42
34 49
34 98
35 70
36 25
36 55
36 65
36 93
37 15
37 20
38 11
40 89
40 91
41 49
42 38
42 91
43 33
43 35
46 78
50 50
51 4
52 42
52 44
53 59
53 69
54 69
55 79
56 19
56 38
56 92
57 23
57 36
57 67
58 24
58 54
58 67
58 80
58 94
59 0
59 21
59 33
59 44
59 67
59 98
60 9
61 61
61 73
62 50
62 76
63 56
64 36
64 50
64 79
64 80
65 13
65 21
65 22
65 96
66 71
67 35
67 40
68 24
68 87
68 92
69 7
69 56
69 69
70 87
72 20
72 42
72 60
73 12
73 26
73 28
74 4
74 14
75 88
76 3
76 29
77 0
77 32
77 46
78 39
78 52
78 70
78 83
79 69
79 78
79 79
79 85
81 46
82 16
82 23
83 16
83 17
84 92
86 33
86 95
87 16
87 30
87 48
87 66
87 71
87 74
88 70
89 8
90 6
90 14
90 20
90 45
90 71
91 1
91 32
91 47
92 12
92 97
93 25
93 31
93 52
93 57
93 93
94 11
94 75
95 27
95 30
95 85
98 15
98 46
98 79
98 84
99 62
