200
0 69
2 50
3 92
4 0
4 63
4 66
4 72
5 53
7 18
8 6
8 21
8 83
9 31
9 94
10 75
11 5
11 7
12 53
14 37
14 99
15 34
15 77
17 53
17 58
17 77
18 46
18 79
19 13
19 49
19 94
20 49
21 77
21 84
22 45
24 12
24 38
24 44
24 54
24 80
25 8
25 43
26 12
26 54
26 59
28 52
28 72
30 4
30 17
30 21
30 41
30 94
31 10
33 51
33 57
34 76
36 20
37 64
38 77
39 2
39 12
40 85
41 6
41 76
42 40
42 83
43 44
44 11
44 21
44 23
44 32
44 41
44 68
45 48
46 14
46 50
46 58
47 36
48 5
48 83
49 62
50 56
50 78
51 74
53 24
53 36
53 92
54 43
54 57
54 61
54 97
55 28
55 31
55 53
55 60
56 21
56 68
56 75
56 77
56 78
56 81
56 90
57 31
57 43
57 92
58 22
58 38
58 49
58 54
58 55
59 51
59 88
59 95
60 78
61 3
61 10
61 57
61 75
61 98
62 17
62 35
62 41
62 86
63 64
63 86
64 20
66 22
66 61
66 66
66 72
66 92
67 34
68 10
68 46
68 65
69 74
70 57
71 6
71 26
71 56
71 65
72 8
72 47
72 73
73 1
73 4
73 24
73 44
73 80
74 0
74 6
74 41
75 41
76 19
76 51
76 70
76 93
77 23
77 58
77 63
78 52
79 4
80 0
80 99
81 21
82 75
83 20
83 22
83 41
84 9
84 46
84 88
85 61
85 95
86 33
87 25
87 35
87 38
87 39
88 69
89 21
91 5
91 37
92 33
92 35
92 46
92 51
95 9
95 36
95 46
96 88
97 98
98 12
98 13
98 20
98 30
98 54
99 22
99 24
99 64
99 89
