199
0 47
1 80
1 89
2 8
2 32
3 9
3 36
3 83
4 57
4 67
4 94
5 84
7 70
7 74
8 28
8 37
9 11
9 23
9 49
9 56
10 79
12 10
12 32
13 67
14 18
15 7
15 38
15 73
15 91
16 39
16 82
19 6
19 79
20 0
20 5
20 55
20 96
20 98
21 10
21 16
22 32
22 39
23 19
23 40
23 56
23 69
25 47
26 8
26 27
26 36
26 38
27 21
27 32
27 47
27 92
27 95
28 0
28 8
28 25
28 37
28 64
28 86
29 46
29 56
29 92
30 0
30 1
30 22
31 13
32 25
32 46
32 49
33 51
34 27
34 95
35 41
36 6
36 27
36 52
37 16
37 62
37 83
38 10
38 37
38 55
38 57
39 56
40 0
40 6
40 17
41 53
42 40
42 43
42 48
42 67
43 56
44 15
44 82
44 91
44 92
47 39
49 1
50 27
50 46
50 53
50 98
51 20
53 29
54 0
54 56
54 97
54 98
55 6
55 51
55 69
56 4
56 38
56 49
56 83
57 9
57 73
60 8
60 14
60 61
60 68
60 94
61 57
61 59
61 66
61 94
62 71
62 80
62 87
62 97
63 4
63 30
63 36
63 38
64 9
65 32
66 5
66 61
66 80
66 96
67 10
67 99
68 21
68 30
69 49
69 52
69 80
70 8
70 57
70 71
70 90
71 1
71 64
72 0
73 11
73 59
74 38
74 59
74 95
74 97
75 22
75 41
78 18
79 62
79 98
80 50
80 79
81 14
81 19
81 33
81 68
85 7
85 42
85 63
85 80
85 91
87 57
87 89
88 50
88 56
88 70
88 75
92 14
92 44
92 84
93 12
93 29
94 32
96 46
96 81
97 31
97 91
97 92
98 20
99 40
