200
0 26
0 41
0 81
1 13
1 31
1 35
1 50
1 52
1 84
1 94
2 24
2 61
3 21
3 38
4 25
5 7
6 37
7 21
7 46
7 83
8 45
8 64
9 25
9 32
9 81
10 5
10 26
10 45
11 25
11 38
11 59
12 50
13 67
14 42
14 51
15 66
17 17
17 71
17 86
18 45
18 56
18 57
18 65
19 66
20 11
20 83
21 15
21 47
22 32
22 62
23 0
23 23
24 28
24 30
25 47
25 72
25 79
25 93
26 39
27 12
27 72
28 16
28 67
30 15
30 54
31 25
32 36
33 13
33 86
33 90
35 46
37 28
38 95
39 83
40 26
41 50
42 4
42 13
42 83
43 34
44 6
44 32
44 63
45 24
45 57
47 55
47 79
48 42
49 18
49 34
49 85
49 91
50 11
50 22
51 62
51 75
52 83
53 6
53 29
53 66
55 18
55 24
55 29
55 77
56 0
56 12
57 31
57 87
58 38
58 44
60 53
60 58
62 16
62 19
62 50
62 61
63 23
63 74
65 48
65 88
66 40
66 82
66 86
67 97
68 48
69 19
69 63
69 88
70 21
70 25
70 26
70 72
71 51
71 61
71 71
72 34
72 83
72 93
73 5
73 34
73 42
73 79
74 33
74 44
74 52
74 84
76 10
76 16
77 29
77 35
77 37
77 98
78 13
78 78
80 40
80 87
80 96
81 77
81 98
82 13
82 31
82 52
82 71
82 88
83 10
83 70
84 31
84 96
85 19
85 65
85 99
86 42
87 45
87 46
87 67
87 87
88 19
88 40
88 79
88 80
89 80
89 91
90 25
91 44
91 46
91 52
91 56
94 13
94 22
94 40
94 91
95 24
95 30
95 36
95 47
95 73
96 89
97 45
98 36
99 75
