205
0 16
1 25
1 91
2 61
2 82
2 91
3 8
3 39
3 43
4 13
4 15
4 16
4 48
4 73
5 37
5 69
5 97
6 30
6 76
7 27
7 78
8 10
8 43
8 99
9 7
9 55
9 92
10 18
11 31
11 48
11 98
12 31
12 68
13 33
13 47
14 78
15 78
16 2
16 88
17 18
17 49
17 74
18 53
20 48
21 89
23 17
23 30
23 39
23 82
24 4
24 7
24 17
25 44
25 90
26 21
26 84
26 92
27 18
27 45
27 64
28 63
29 2
29 49
29 83
29 84
30 16
30 70
31 26
31 30
32 6
32 26
32 77
32 87
32 88
32 90
33 44
34 23
34 37
34 43
34 53
34 98
35 15
35 92
36 72
37 39
37 46
37 70
38 5
38 78
39 51
40 0
43 97
46 84
47 71
47 78
48 14
49 37
50 80
50 97
51 69
52 25
53 30
53 62
54 58
54 90
55 45
56 0
56 57
56 64
57 34
57 38
58 32
59 95
59 96
60 9
60 13
60 63
60 73
60 81
61 56
61 71
62 6
62 43
62 65
62 68
62 79
62 87
63 11
63 24
63 35
63 45
63 90
64 51
64 56
65 25
66 47
66 55
66 97
67 9
67 82
68 1
68 49
68 91
69 45
70 4
70 28
70 55
70 92
71 35
71 47
71 79
72 96
73 42
73 44
73 78
74 22
74 61
75 62
75 81
77 47
77 62
77 83
78 20
79 34
80 12
80 13
80 29
80 42
80 78
80 83
81 14
81 29
81 42
81 65
81 83
82 86
83 7
83 65
83 73
86 8
87 62
88 53
88 82
89 12
89 35
89 80
89 95
90 21
91 15
92 6
93 6
94 35
95 76
96 93
97 9
97 78
97 94
97 95
98 0
98 21
98 57
98 67
99 41
99 63
99 75
