200
0 29
0 31
0 33
0 35
0 39
0 96
1 6
1 7
1 19
2 51
3 4
3 21
3 60
4 39
5 10
5 76
5 82
6 21
7 13
7 35
7 64
7 65
7 99
9 52
9 70
9 71
9 93
10 56
10 68
11 23
11 88
12 24
12 61
13 15
13 47
15 12
15 13
17 31
17 60
18 62
19 63
20 20
20 67
21 65
22 32
22 49
23 4
23 40
23 44
24 98
25 45
25 92
26 27
26 78
27 50
27 53
28 55
28 76
28 94
29 8
29 27
30 6
30 32
30 39
31 0
31 22
31 45
31 54
31 60
33 5
33 37
33 50
33 99
34 65
35 70
37 23
37 87
38 17
38 57
38 98
39 12
39 73
39 99
40 3
40 49
40 71
40 81
42 2
42 16
42 69
43 86
45 13
45 16
45 21
46 25
46 40
46 84
46 95
47 42
47 47
48 19
49 3
49 47
49 49
49 93
50 19
52 2
52 69
52 72
53 9
53 23
53 59
54 21
54 40
55 27
55 47
55 89
56 53
56 74
57 3
57 94
58 61
59 10
59 70
60 5
60 33
60 39
60 77
62 31
62 52
62 92
63 40
63 63
65 17
65 90
66 30
66 81
66 87
67 43
67 89
68 30
68 43
68 97
70 51
70 58
72 16
72 31
72 35
74 38
74 87
75 7
75 39
76 40
77 70
77 91
78 25
78 50
78 87
79 30
79 38
79 42
79 52
79 66
80 20
80 80
80 93
81 27
81 58
81 78
81 81
81 87
82 43
82 84
83 13
83 28
83 62
84 3
84 46
85 75
87 9
87 91
88 47
88 94
89 65
90 1
90 54
91 23
91 49
91 89
92 38
93 17
94 12
94 17
94 85
96 44
96 55
97 53
98 96
99 20
99 30
