205
0 80
1 11
1 20
1 26
1 34
1 89
2 93
3 55
5 41
5 51
6 43
6 57
7 17
7 21
7 54
7 99
8 1
8 61
9 32
9 59
9 94
12 23
12 73
13 87
14 13
14 93
15 24
15 52
15 90
16 80
17 22
17 23
17 31
17 51
17 69
17 99
18 66
18 69
18 86
18 98
19 20
19 29
20 6
20 90
21 30
21 83
23 52
23 55
23 87
23 92
24 14
25 84
27 31
27 55
27 76
27 93
28 14
28 29
28 55
29 10
29 24
30 41
30 53
30 57
30 59
33 77
33 80
33 93
34 46
34 77
35 39
35 99
36 8
36 27
36 56
36 94
38 77
39 43
39 50
39 81
40 72
40 93
41 44
41 99
42 16
42 55
42 78
42 88
43 44
43 60
43 92
45 7
45 31
45 38
45 41
45 67
46 36
47 41
47 80
48 57
48 92
49 18
49 79
50 69
51 66
51 95
51 96
52 24
52 67
52 95
53 13
53 35
53 62
54 26
54 64
55 3
55 4
55 42
55 53
55 69
56 8
56 50
57 25
57 33
57 51
57 93
59 12
59 68
59 73
61 18
61 25
61 72
61 76
62 66
65 15
65 19
65 20
65 47
66 43
66 65
67 42
68 19
69 19
70 16
70 20
70 26
70 88
71 35
71 94
72 48
72 52
75 44
75 54
76 6
76 43
76 74
77 58
77 74
78 8
78 59
79 33
80 12
80 60
81 38
81 67
82 99
83 22
84 34
84 99
85 83
85 89
86 40
86 63
86 74
87 37
88 22
88 42
88 74
89 40
89 51
89 55
90 42
91 43
92 25
92 75
92 86
93 7
93 72
93 81
94 25
94 70
94 95
95 1
95 4
95 54
96 13
96 22
96 25
97 16
97 28
97 75
97 82
98 12
98 39
99 71
