200
0 0
1 4
2 8
3 16
5 28
10 34
11 5
13 8
14 10
15 21
15 25
15 27
15 45
16 11
17 17
17 33
17 37
17 42
18 12
18 18
18 26
18 47
18 50
20 6
22 44
25 9
26 13
26 16
26 17
26 44
27 24
27 42
28 8
28 9
29 40
30 41
35 12
40 33
45 37
48 19
48 20
48 29
50 0
50 24
50 35
51 12
51 26
52 7
52 24
52 44
53 6
53 8
53 14
53 36
53 41
54 21
54 42
55 18
55 20
55 50
56 38
57 3
58 30
59 25
59 45
60 41
60 45
60 49
61 40
62 27
64 54
65 69
67 63
68 8
68 13
68 34
68 71
69 17
69 47
69 87
70 23
70 29
70 47
70 54
70 90
71 32
71 36
71 70
71 86
71 94
72 44
72 60
72 78
72 88
72 98
73 81
74 85
75 18
75 27
75 52
75 64
75 71
75 88
75 98
76 15
77 0
77 4
77 48
77 55
77 66
77 88
78 14
78 46
78 47
78 60
78 65
78 92
78 95
79 9
79 90
80 0
80 28
80 35
80 42
80 47
80 56
80 62
80 89
80 92
80 96
81 23
81 36
81 67
81 75
81 86
81 88
81 96
82 11
82 13
82 33
82 43
82 71
82 74
82 97
82 99
83 37
83 43
83 53
83 57
83 62
83 75
83 77
84 14
84 44
84 78
85 8
85 27
85 30
85 72
86 16
86 21
86 24
86 28
86 35
86 76
87 0
87 21
87 50
87 82
88 77
89 31
89 82
89 99
90 5
90 49
90 61
90 75
90 76
90 91
91 7
91 31
91 80
92 10
92 84
92 93
93 9
93 61
93 83
94 55
95 8
95 56
95 69
95 85
96 44
96 85
97 4
97 80
98 13
98 30
99 8
