200
0 4
0 54
1 2
1 5
2 4
2 8
3 97
3 99
4 1
4 12
5 19
5 55
6 22
6 54
7 1
7 4
8 1
8 65
9 65
9 66
10 11
10 12
11 11
11 12
12 76
12 77
13 45
13 78
14 51
14 55
15 55
15 56
16 43
16 76
17 42
17 79
18 15
18 16
19 19
19 90
20 93
20 95
21 50
21 51
22 36
22 64
23 53
23 84
24 35
24 46
25 56
25 85
26 34
26 77
27 23
27 65
28 44
28 76
29 35
29 65
30 65
30 90
31 39
31 40
32 20
32 40
33 20
33 31
34 8
34 9
35 15
35 40
36 39
36 58
37 78
37 99
38 3
38 15
39 20
39 89
40 2
40 3
41 67
41 98
42 40
42 56
43 32
43 38
44 97
44 98
45 27
45 75
46 10
46 26
47 8
47 23
48 40
48 68
49 3
49 57
50 4
50 7
51 75
51 97
52 23
52 30
53 42
53 45
54 31
54 79
55 30
55 52
56 43
56 92
57 10
57 31
58 3
58 27
59 46
59 58
60 24
60 60
61 2
61 97
62 81
62 86
63 65
63 90
64 0
64 2
65 37
65 53
66 39
66 50
67 9
67 89
68 22
68 29
69 35
69 43
70 59
70 68
71 58
71 92
72 21
72 30
73 2
73 67
74 30
74 54
75 16
75 21
76 46
76 72
77 49
77 52
78 30
78 38
79 89
79 97
80 4
80 6
81 8
81 17
82 60
82 80
83 40
83 57
84 53
84 60
85 89
85 92
86 19
86 90
87 27
87 34
88 88
88 89
89 48
89 52
90 49
90 50
91 11
91 50
92 55
92 56
93 23
93 34
94 76
94 89
95 34
95 79
96 78
96 80
97 2
97 3
98 2
98 3
99 2
99 3
