199
0 31
1 20
1 21
1 25
1 49
1 58
1 61
1 97
2 28
6 97
7 18
8 27
8 39
8 58
8 80
8 96
10 34
10 53
10 64
10 77
10 98
11 40
11 82
12 14
12 74
13 93
14 4
14 30
14 58
14 77
15 31
15 44
16 34
17 84
18 36
19 64
19 65
20 32
20 42
20 44
21 21
23 50
24 26
25 20
25 24
25 25
25 52
26 78
28 47
29 18
29 40
29 42
29 87
30 9
30 33
30 93
31 21
31 90
32 5
33 16
33 23
33 67
34 33
34 39
34 42
35 12
35 15
35 69
36 1
37 67
38 19
38 25
38 54
38 61
38 75
39 23
40 42
40 48
42 11
42 27
42 56
42 69
42 87
43 46
43 51
43 87
44 18
44 35
44 89
44 90
46 15
46 74
47 21
48 39
48 54
48 90
49 22
49 39
49 55
50 16
50 20
50 50
50 52
51 36
52 35
52 67
52 68
52 81
52 93
53 65
53 76
53 90
54 43
54 47
54 91
54 97
55 82
55 83
55 88
56 76
58 9
58 36
58 59
58 77
60 91
60 95
61 43
61 45
61 56
61 77
61 86
62 5
63 43
64 99
65 29
65 30
66 12
66 81
66 91
67 44
67 46
67 83
68 15
68 32
68 72
68 93
69 6
69 44
69 67
69 91
71 33
71 36
71 60
72 44
72 51
73 40
73 50
73 89
74 31
76 72
77 46
77 63
77 87
78 35
79 20
79 73
80 15
81 65
82 4
82 35
82 74
83 5
83 64
85 12
85 80
86 9
86 43
87 18
88 34
88 59
89 48
89 64
90 67
90 86
91 73
91 76
91 78
94 5
94 16
95 89
96 8
96 51
96 84
97 29
97 71
97 72
98 73
98 97
99 21
