200
2 10
2 33
3 5
3 41
3 63
3 65
3 67
3 71
4 21
4 35
7 19
7 39
7 47
8 16
8 17
8 23
8 24
8 49
9 15
9 78
10 64
10 85
11 77
13 35
13 53
14 50
14 71
14 81
14 95
15 6
15 25
15 32
15 88
15 96
16 25
16 94
17 2
17 5
17 8
17 11
17 15
17 56
18 31
18 41
19 62
19 73
20 86
20 97
21 51
21 83
22 69
22 89
24 67
25 46
26 23
26 31
26 49
26 56
26 73
28 13
28 89
29 13
29 60
29 69
30 4
30 59
30 61
30 85
30 89
31 34
31 77
31 81
32 15
32 71
33 50
33 74
34 46
34 88
34 93
36 11
36 89
37 14
37 37
38 22
38 27
39 64
39 88
40 33
40 42
40 53
41 5
41 11
41 37
41 51
42 47
42 93
43 39
43 74
44 10
44 22
44 63
44 78
45 38
45 57
46 39
46 49
47 6
47 16
47 97
49 73
52 9
52 19
52 88
54 39
54 42
55 46
56 37
56 43
56 72
57 36
57 55
57 66
58 59
59 28
59 82
60 35
60 93
61 52
62 12
62 63
64 11
64 50
64 52
65 61
66 2
66 34
66 95
67 8
67 33
67 59
68 64
68 75
68 80
69 2
69 47
69 57
70 10
71 2
71 9
71 14
71 66
71 82
72 20
72 27
72 36
72 79
73 51
74 85
75 83
76 81
76 94
77 48
77 64
78 10
78 43
78 98
79 94
80 26
81 36
81 80
81 85
83 72
83 79
84 88
85 42
85 79
86 28
86 89
86 95
87 39
87 51
87 70
87 71
88 67
89 39
89 97
90 3
91 43
91 65
92 26
92 58
92 94
93 74
93 88
94 32
95 6
95 28
95 60
97 75
98 68
