200
0 62
0 94
1 19
2 11
4 23
4 75
5 39
6 35
6 87
6 96
7 7
9 6
9 58
9 81
10 61
11 95
12 21
12 39
12 52
12 64
12 93
12 99
13 42
14 7
14 88
16 50
17 11
17 50
18 92
20 6
20 18
20 60
20 87
20 96
21 36
21 66
21 76
21 95
22 43
22 78
23 58
23 68
23 77
24 32
25 2
25 30
25 44
27 51
27 62
28 6
28 71
28 85
29 69
30 29
30 93
31 38
31 88
31 92
31 98
32 11
33 31
33 68
34 49
34 62
34 72
35 25
35 27
36 89
37 12
37 72
38 6
38 7
38 66
38 77
41 12
41 26
41 44
41 78
41 97
42 13
42 15
42 52
42 79
43 44
43 85
44 53
45 32
45 58
47 8
47 70
47 80
47 92
48 11
48 97
49 31
49 45
49 61
50 86
51 5
51 37
52 7
52 29
52 35
52 77
52 78
52 85
52 87
53 55
53 95
54 21
54 34
54 87
55 2
55 71
56 16
56 35
56 54
57 64
57 97
58 5
58 10
58 86
59 31
59 35
60 9
60 49
60 50
62 63
62 89
63 24
64 13
64 50
65 16
65 51
65 75
66 19
66 48
66 65
67 30
68 1
68 6
68 17
68 69
69 17
69 60
71 12
72 54
73 53
73 63
74 65
74 99
75 17
75 39
75 43
76 37
76 41
76 90
77 3
77 4
77 44
77 83
78 72
79 87
80 92
81 3
81 47
82 70
82 77
83 80
83 85
84 73
86 29
86 54
86 96
87 58
87 66
90 12
90 53
91 15
91 42
91 50
91 55
91 66
91 82
92 77
92 87
93 9
93 84
94 47
95 76
97 30
97 38
97 45
97 82
97 87
98 52
98 62
98 68
99 8
99 57
