200
1 2
1 3
1 5
1 19
1 20
1 26
1 82
2 57
2 59
2 67
2 68
3 58
4 2
4 21
4 90
5 96
6 11
6 12
6 13
6 55
7 13
7 72
8 15
9 60
9 75
10 18
10 93
11 50
11 56
11 99
12 18
12 24
12 63
12 92
13 21
13 26
13 28
13 54
13 78
13 87
13 97
14 88
15 2
15 4
15 26
15 27
15 61
15 70
16 23
16 79
16 94
16 98
17 9
17 77
18 16
18 23
18 25
18 26
18 53
18 69
18 80
19 66
19 89
20 9
20 20
20 51
20 83
21 73
21 86
22 10
22 14
22 71
23 13
23 15
23 81
23 84
24 13
24 95
25 16
25 17
25 29
25 91
26 11
26 12
26 52
26 62
26 64
26 65
27 18
27 74
28 6
28 16
28 22
28 99
29 1
29 2
29 7
29 76
29 85
30 19
50 65
50 67
51 91
51 99
52 88
52 90
53 3
53 83
54 4
54 98
55 7
55 21
56 15
56 25
57 74
57 96
58 12
58 49
59 28
59 68
60 42
60 78
61 53
61 95
62 14
62 27
63 44
63 69
64 39
64 64
65 6
65 93
66 13
66 87
67 38
67 81
68 92
68 97
69 35
69 66
70 50
70 91
71 5
71 85
72 27
72 63
73 20
73 25
74 18
74 94
75 65
75 82
76 18
76 47
77 25
77 86
78 18
78 57
79 34
80 7
80 61
81 29
81 73
82 22
82 24
83 17
84 58
84 84
85 10
85 70
86 41
86 52
87 55
87 75
88 9
88 80
89 19
89 46
90 23
90 48
91 62
91 76
92 8
92 59
93 26
93 30
94 2
94 78
95 1
95 32
96 9
96 71
97 40
97 60
98 10
98 31
99 36
99 45
99 54
99 56
