204
0 0
0 5
1 3
1 51
1 79
1 82
2 7
3 5
3 45
4 98
5 58
5 78
6 9
6 19
6 26
6 87
7 3
7 13
7 94
9 13
9 79
10 30
12 22
12 35
12 71
13 12
13 32
13 97
15 49
15 65
16 46
17 6
18 16
18 30
18 39
18 47
18 69
19 16
19 65
20 81
21 27
21 79
22 8
22 24
22 39
23 23
23 99
24 9
25 77
26 32
26 73
27 20
27 25
27 57
28 18
28 51
29 4
29 5
29 18
29 75
30 26
31 42
32 11
32 48
33 50
33 68
33 83
33 84
33 89
35 15
35 39
36 25
36 33
37 36
37 49
37 56
37 83
38 43
39 52
39 81
40 89
41 42
41 92
42 39
42 62
42 87
43 43
44 31
44 34
44 38
45 58
47 27
47 40
48 68
48 76
48 84
49 13
49 57
49 85
50 74
51 47
51 65
52 4
52 46
52 83
52 97
53 12
53 24
53 63
53 64
53 76
55 32
56 33
56 69
57 8
57 25
57 49
57 95
58 37
59 11
59 24
60 58
60 79
61 16
61 46
61 85
62 65
62 88
63 9
63 46
63 68
63 96
64 81
65 17
66 1
66 40
66 68
66 76
67 53
68 81
69 84
70 19
71 35
71 57
72 77
73 40
73 78
73 92
74 30
74 32
74 53
74 83
74 99
75 60
75 92
77 56
77 61
78 84
79 9
79 79
79 86
80 39
80 65
80 96
81 16
81 62
81 94
82 13
84 56
84 81
84 86
85 1
85 5
85 30
85 37
85 56
86 14
86 92
87 40
87 50
88 4
88 17
88 18
88 44
89 57
90 61
91 38
91 66
93 63
93 91
95 77
96 50
96 61
96 65
97 5
97 9
97 37
98 3
98 48
99 2
99 15
99 23
99 39
99 79
