195
0 58
0 87
1 25
1 29
1 93
2 17
2 95
3 9
3 60
3 87
4 8
4 47
4 63
4 86
5 3
5 17
5 85
5 98
6 40
7 24
7 43
9 38
9 39
9 74
9 99
10 83
10 87
11 31
12 39
12 73
13 84
13 92
14 69
15 51
15 89
18 64
19 41
19 96
20 62
20 91
21 22
22 76
24 60
24 71
24 72
24 99
26 27
26 29
26 85
27 54
27 83
28 43
28 45
28 76
29 61
29 68
31 21
31 48
32 9
32 62
33 1
34 72
35 67
37 22
37 37
37 41
37 74
37 84
38 36
38 46
39 45
39 50
41 9
41 56
43 1
43 28
44 60
45 2
45 4
45 33
45 51
45 52
45 72
46 40
47 3
47 70
47 91
48 99
49 11
49 41
49 61
49 83
49 96
50 23
50 68
51 43
52 8
52 47
53 12
53 22
53 47
53 83
54 97
55 0
55 67
55 89
56 39
56 85
57 36
57 91
59 56
60 46
60 65
61 42
61 65
62 58
64 30
64 60
64 85
64 96
65 87
66 4
66 7
67 2
67 50
67 58
67 88
68 11
68 37
69 30
69 85
69 90
71 58
71 94
72 4
72 22
72 58
73 95
74 20
74 42
74 67
75 32
76 18
77 22
77 77
78 60
79 43
79 72
80 5
82 67
82 78
82 89
83 74
84 26
84 33
84 50
84 54
84 64
85 2
85 41
85 48
86 10
86 91
86 93
87 11
88 87
89 31
90 55
90 58
91 24
91 30
92 35
92 54
92 58
92 61
93 29
94 62
95 12
95 26
95 40
95 76
95 80
97 27
97 44
97 53
97 58
97 70
97 73
98 11
98 19
98 58
99 6
99 25
99 78
99 88
