200
1 86
2 17
2 38
3 48
4 36
5 81
6 43
6 52
6 73
8 25
8 55
9 16
9 26
9 80
10 16
10 64
11 81
11 98
12 29
13 47
13 89
14 11
14 22
14 63
14 93
15 51
16 26
16 68
17 18
17 37
18 63
18 68
18 74
18 86
19 18
19 22
19 62
20 49
20 52
21 4
21 61
21 92
22 36
23 27
23 45
23 82
24 12
25 36
27 25
27 43
27 80
28 1
28 27
28 43
28 49
28 77
28 78
29 26
29 63
30 7
30 13
30 29
31 25
31 50
32 37
33 42
33 69
34 8
34 50
34 52
34 69
34 77
35 3
36 8
36 45
36 49
36 77
38 10
38 48
38 78
39 6
39 13
39 62
40 16
40 57
41 13
41 22
41 37
41 38
41 82
42 33
44 16
44 40
44 42
45 64
46 19
47 83
48 25
48 90
48 95
49 6
49 29
49 30
50 25
50 84
51 24
51 42
51 54
51 75
51 82
52 30
52 96
53 7
53 33
53 66
54 13
54 23
54 40
55 0
55 5
55 43
55 85
59 12
60 81
61 74
61 88
62 1
63 16
63 54
63 96
65 51
65 53
65 57
66 97
67 19
67 56
68 85
68 87
69 45
69 62
69 63
70 79
71 5
71 40
71 47
71 77
72 84
73 67
74 73
75 20
75 42
76 60
77 35
77 67
77 70
78 9
78 43
80 88
80 96
81 20
81 24
82 78
82 94
84 30
84 31
84 36
85 12
85 53
85 98
87 45
87 56
87 69
87 86
88 61
88 96
89 25
90 17
90 19
90 42
90 91
90 96
91 0
91 8
91 60
91 96
92 14
92 71
92 72
92 74
93 84
94 77
95 59
95 70
96 32
97 52
98 26
98 35
98 98
99 3
99 22
