200
0 57
0 91
0 93
0 94
2 15
2 31
2 47
2 52
2 62
2 65
2 98
3 48
3 67
4 62
6 63
6 67
6 93
7 1
7 13
7 44
7 49
8 5
8 66
9 29
9 34
10 59
11 48
12 41
13 38
13 78
13 99
14 3
14 70
15 36
16 32
16 72
17 7
17 26
17 61
18 23
18 88
19 35
21 59
22 47
22 66
22 92
22 93
23 11
24 75
25 32
25 82
26 23
27 97
28 3
28 15
28 51
28 58
28 83
28 97
29 26
29 50
29 53
29 54
29 70
29 92
30 24
31 11
31 15
31 94
33 17
33 42
33 62
33 67
34 31
34 41
34 82
35 4
35 76
36 42
36 45
36 79
37 11
39 31
43 41
43 84
44 15
44 93
45 3
45 25
45 29
45 91
46 30
46 40
46 42
46 84
47 34
47 91
48 2
49 52
49 56
50 55
51 0
51 2
51 22
51 28
51 49
51 51
52 83
53 39
53 51
53 54
54 16
54 85
55 0
55 14
55 17
56 25
56 95
57 25
57 64
57 88
58 94
59 24
59 30
59 47
59 81
60 38
61 2
61 16
62 69
62 89
63 34
63 43
63 62
63 69
64 44
65 75
65 83
65 94
66 78
67 51
67 57
67 76
72 38
72 55
72 67
73 0
73 30
73 85
74 9
75 46
75 71
75 84
75 94
76 25
76 27
78 41
78 84
78 89
79 22
79 59
79 73
79 82
81 71
82 24
84 51
84 81
85 10
85 59
86 97
88 99
89 14
89 46
89 95
90 16
90 31
90 32
90 58
90 71
90 97
91 47
92 33
92 77
93 99
94 60
95 36
95 46
95 80
96 22
96 38
97 4
97 8
97 56
97 70
98 24
98 61
98 90
99 32
99 42
99 92
