203
1 35
1 74
1 75
2 59
2 82
3 9
5 27
5 92
7 82
9 53
10 42
11 53
11 84
12 53
12 89
12 94
15 74
16 83
17 26
17 38
17 49
17 58
17 62
17 85
18 35
19 4
19 43
19 95
24 71
24 84
26 8
26 16
26 17
26 53
26 59
26 94
26 96
26 97
27 4
27 11
27 16
27 36
27 38
27 46
27 50
27 56
27 61
27 62
27 65
27 95
27 99
28 0
28 1
28 5
28 6
28 7
28 12
28 16
28 17
28 20
28 73
28 83
28 85
28 89
28 93
28 95
29 2
29 8
29 17
29 81
35 26
36 2
36 25
36 82
37 25
37 84
38 1
38 2
38 4
38 17
38 27
38 28
39 26
39 27
39 91
42 85
46 51
47 26
47 58
47 82
48 93
49 24
49 86
50 38
52 96
53 0
53 1
53 26
53 71
53 72
53 93
56 25
56 73
56 86
56 95
57 0
58 26
58 29
58 73
58 91
58 92
58 93
58 96
59 30
59 35
59 37
60 3
61 84
62 15
62 82
63 27
63 72
63 92
64 28
67 24
67 26
68 26
68 27
69 26
73 12
73 16
73 84
74 58
74 83
74 95
75 36
82 7
82 57
83 17
84 26
85 0
85 1
85 3
85 16
85 26
85 36
85 37
85 39
85 70
85 71
85 99
86 26
86 39
86 46
86 49
86 57
86 73
90 25
91 8
92 4
92 17
92 53
92 65
92 71
93 26
93 27
93 56
93 64
94 5
94 72
95 1
95 2
95 3
95 9
95 24
95 26
95 30
95 31
95 32
95 33
95 34
95 37
95 38
95 46
95 54
95 71
95 75
95 93
96 1
96 3
96 4
96 22
96 24
96 26
96 30
96 33
96 36
96 37
96 38
96 43
96 47
96 48
97 37
