201
11 51
11 52
11 54
11 57
12 50
12 51
12 52
12 54
12 55
12 56
12 60
12 61
12 63
13 52
13 53
13 55
13 59
13 63
13 64
14 49
14 50
14 53
14 59
14 61
14 64
15 52
15 53
15 55
15 56
15 65
16 49
16 51
16 52
16 53
16 58
16 62
16 65
17 44
17 45
17 51
17 58
17 60
17 63
17 65
17 66
18 46
18 61
18 62
18 63
19 47
19 48
19 51
19 54
19 57
19 58
19 61
19 64
19 66
19 67
19 68
20 44
20 55
20 57
20 59
20 63
20 66
20 68
21 45
21 46
21 52
21 53
21 55
21 57
21 59
21 61
21 62
21 66
22 48
22 56
22 57
22 64
22 65
23 47
23 49
23 50
23 53
23 54
23 56
23 60
23 61
23 62
23 63
23 64
23 65
24 44
24 53
24 55
24 56
24 57
24 61
24 67
24 69
25 44
25 46
25 53
25 55
25 56
25 57
25 61
25 63
25 67
25 68
26 48
26 52
26 54
26 58
26 59
26 61
26 65
26 67
27 44
27 45
27 47
27 55
27 57
27 60
27 64
27 66
27 68
28 44
28 47
28 48
28 50
28 56
28 58
28 59
28 61
28 63
29 48
29 49
29 50
29 51
29 53
29 54
29 55
29 59
29 64
30 46
30 47
30 48
30 51
30 53
30 54
30 55
30 62
30 67
31 44
31 45
31 47
31 48
31 53
31 57
31 58
31 63
31 64
31 66
32 46
32 52
32 54
32 67
33 46
33 48
33 50
33 57
33 60
33 63
33 65
34 52
34 54
34 56
34 57
34 58
34 60
34 62
34 64
34 65
35 49
35 52
35 53
35 54
35 55
35 61
36 51
36 54
36 56
36 57
36 60
36 61
37 54
37 58
37 60
