200
0 35
0 93
1 42
1 43
1 88
2 8
2 50
3 42
4 2
4 28
4 81
4 87
5 72
7 39
7 67
8 2
8 41
9 1
9 20
9 47
9 52
9 85
10 8
10 61
10 89
11 36
12 14
12 29
13 55
13 63
13 91
14 18
16 51
16 59
18 34
18 48
18 81
19 93
21 37
21 40
21 44
21 54
21 64
22 5
22 36
22 50
23 43
23 67
25 52
25 56
25 59
26 32
26 76
27 31
28 92
29 54
29 62
29 91
30 3
30 65
30 68
32 54
32 63
32 76
33 59
34 47
34 61
35 21
35 64
35 78
36 5
36 71
36 83
37 7
37 57
37 72
37 77
38 8
38 36
39 13
39 89
40 8
40 80
40 86
40 90
41 36
41 69
41 73
42 33
42 53
43 22
43 39
43 50
44 19
44 41
44 45
44 79
45 1
45 10
45 25
45 91
45 99
46 11
46 12
47 29
47 42
48 54
48 63
49 30
50 4
50 23
50 43
51 64
52 73
53 62
54 60
55 23
55 70
55 86
56 43
56 75
58 27
58 66
58 79
58 93
59 63
61 10
61 13
61 19
61 62
62 8
62 86
63 24
63 65
64 28
65 55
66 28
67 27
67 95
68 13
68 59
68 83
69 19
69 28
70 90
70 99
71 77
73 26
73 39
73 53
73 81
73 87
74 23
74 60
75 26
76 44
76 49
77 46
77 76
79 14
79 23
79 35
79 49
79 64
82 9
82 23
82 78
82 93
82 98
83 34
83 75
85 43
85 52
86 6
86 38
88 1
88 24
88 37
88 51
89 17
90 5
90 10
91 33
91 65
91 93
92 27
92 69
93 37
94 24
94 80
95 2
95 13
95 22
95 54
95 72
95 93
96 76
98 45
98 54
99 66
