204
0 43
0 85
0 89
1 37
1 85
2 10
2 22
2 37
3 49
3 73
4 13
4 82
5 83
6 18
6 60
7 73
8 91
9 40
9 48
9 74
9 89
9 96
10 1
10 24
12 53
12 58
13 18
13 49
14 49
15 93
16 45
16 79
18 2
18 7
18 92
19 42
19 48
19 72
22 88
24 48
25 14
25 65
26 15
26 62
26 68
27 37
27 75
28 31
28 56
29 58
29 95
30 66
30 94
31 0
31 14
31 20
31 82
32 28
33 71
33 93
34 9
34 99
35 50
35 70
36 5
36 10
36 74
36 79
37 17
37 79
39 38
40 32
40 54
40 57
41 16
41 67
41 84
42 10
42 14
42 64
43 3
43 49
44 53
44 82
45 20
45 42
45 91
47 16
47 60
48 93
49 83
50 0
50 78
51 14
51 75
53 22
53 54
53 72
54 29
54 32
54 35
54 52
55 71
56 27
57 16
57 71
57 99
58 8
58 12
58 36
58 49
58 97
59 8
59 59
60 3
60 21
60 69
61 27
61 61
61 75
61 90
62 38
62 41
62 55
62 82
62 85
63 4
63 54
65 82
65 99
66 36
67 3
67 67
67 99
69 25
69 76
69 82
70 5
70 15
70 41
71 6
71 24
71 68
72 60
73 28
73 86
73 97
76 1
76 9
76 13
76 44
76 91
77 8
77 75
77 98
78 20
79 47
79 56
80 21
80 31
81 72
81 91
82 52
83 22
83 31
83 45
84 16
84 27
85 17
85 60
85 80
86 4
86 64
87 3
87 51
88 5
88 7
88 83
89 7
90 8
91 23
91 27
91 35
91 91
92 72
93 31
93 38
94 15
95 13
95 18
95 29
95 30
95 39
95 49
95 58
96 12
96 43
96 69
96 73
97 12
97 40
99 52
99 55
99 84
