205
31 66
33 60
34 66
35 62
35 65
35 66
36 67
37 59
37 61
37 63
37 71
38 58
38 63
38 69
38 71
39 58
39 59
39 61
39 62
39 63
39 66
39 68
39 70
39 71
40 59
40 62
40 63
40 64
40 65
40 66
40 68
40 69
41 57
41 59
41 61
41 62
41 63
41 67
41 68
41 73
42 57
42 61
42 63
42 64
42 65
42 66
42 67
43 60
43 66
44 60
44 63
44 64
44 65
44 70
45 58
45 59
45 62
45 63
45 64
45 65
45 69
46 62
46 65
47 61
47 73
48 67
48 74
49 65
49 67
49 70
49 72
49 73
49 75
49 76
49 77
50 72
50 74
50 75
51 60
51 67
51 71
51 72
51 73
51 74
51 76
51 77
52 65
52 66
52 69
52 70
52 71
52 72
52 73
52 75
52 76
52 77
53 56
53 67
53 69
53 70
53 71
53 73
53 74
53 75
53 76
53 77
54 55
54 57
54 58
54 60
54 69
54 70
54 72
54 73
54 74
54 76
55 52
55 54
55 55
55 56
55 57
55 68
55 70
55 72
55 73
55 74
55 75
56 51
56 52
56 53
56 54
56 55
56 56
56 57
56 66
56 68
56 69
56 70
56 71
56 72
56 74
57 49
57 50
57 51
57 52
57 53
57 54
57 55
57 56
57 57
57 58
57 59
57 69
57 70
57 71
58 47
58 53
58 54
58 55
58 57
58 60
58 67
58 70
58 74
59 49
59 50
59 52
59 53
59 54
59 56
59 59
59 70
59 75
59 76
60 50
60 52
60 53
60 55
60 57
60 67
60 74
60 75
61 46
61 50
61 52
61 53
61 54
61 56
61 57
61 66
62 49
62 52
62 53
62 55
62 56
63 51
63 54
63 55
63 56
63 57
64 48
66 54
66 55
66 58
67 57
