204
0 51
1 48
2 5
2 21
2 24
2 50
2 66
2 93
3 13
3 31
3 78
3 83
4 99
5 65
5 72
5 87
7 55
7 70
7 73
9 3
9 21
9 69
10 54
10 69
11 14
11 42
11 77
11 89
13 30
13 82
13 89
14 92
15 19
15 46
15 54
15 61
15 92
16 34
16 96
16 98
19 5
19 26
19 58
20 72
20 91
20 92
21 98
22 3
23 79
24 59
24 78
25 6
27 35
27 83
28 10
28 17
28 40
28 53
28 66
28 80
28 87
29 63
29 73
30 33
31 42
32 13
32 41
33 58
34 32
34 64
34 76
34 79
34 85
35 7
35 42
36 7
36 18
36 37
36 42
36 43
36 74
36 85
38 38
39 49
39 57
40 29
40 97
41 14
42 60
42 84
42 97
43 38
43 61
43 89
43 97
44 35
44 52
44 63
45 74
45 90
46 35
47 60
48 5
48 17
48 22
48 49
48 59
48 90
48 92
49 37
49 85
49 93
50 51
52 37
52 95
53 37
53 64
53 85
53 87
54 95
55 54
56 86
57 82
58 57
58 76
58 78
58 98
59 18
59 66
59 99
62 65
63 18
63 65
65 58
66 73
66 74
67 48
68 17
68 33
68 48
68 54
69 35
69 49
69 77
69 79
70 7
70 21
70 25
70 32
70 58
71 59
71 98
72 0
72 54
72 89
73 25
73 93
74 89
75 26
76 26
77 50
77 81
78 45
79 75
80 11
80 46
80 57
80 85
81 41
81 97
82 34
82 58
82 86
84 68
85 5
85 43
85 71
85 82
86 44
86 79
87 21
87 26
87 50
88 11
88 21
88 22
88 57
88 59
88 95
90 4
90 53
91 29
91 38
91 49
91 90
91 91
92 71
93 83
94 88
95 13
95 90
95 96
99 75
99 89
