200
0 19
0 36
0 40
0 57
2 97
3 23
3 49
3 96
5 81
6 29
6 99
7 86
8 2
8 17
8 28
8 35
8 95
8 99
9 16
9 40
11 3
11 5
11 30
11 76
13 2
13 45
13 82
13 87
14 40
15 87
16 0
16 45
17 56
18 13
18 49
18 56
18 69
18 98
19 21
19 63
19 67
20 18
21 26
21 73
21 97
22 5
22 84
23 68
23 88
24 28
24 31
25 32
26 42
26 61
26 62
27 47
27 48
27 67
28 86
29 4
31 6
32 11
32 85
33 44
33 68
33 76
33 99
34 36
34 52
35 43
35 64
35 88
35 95
36 24
36 45
36 53
36 63
36 83
36 92
36 96
37 11
37 72
37 88
38 59
39 33
39 55
40 60
41 8
41 90
42 10
42 58
42 65
42 66
42 77
43 81
44 45
45 10
45 18
45 32
45 70
46 1
46 16
46 24
46 29
47 5
47 55
48 33
48 46
48 52
49 7
49 76
51 7
51 17
51 41
52 92
53 86
54 47
54 56
54 59
55 14
55 15
55 34
55 61
56 24
56 46
57 31
57 94
57 97
58 5
58 61
59 20
59 22
59 36
59 38
59 85
60 23
61 98
62 7
63 40
63 82
63 93
63 96
64 12
64 19
64 95
65 1
65 15
65 71
66 10
66 42
66 72
67 7
67 14
67 89
69 68
70 26
70 41
70 60
70 84
73 30
73 67
73 69
75 4
75 27
75 80
76 67
77 57
77 77
78 95
79 32
79 37
79 67
80 16
80 23
80 91
81 67
82 55
83 88
85 3
85 65
89 36
89 51
90 0
90 7
90 81
90 82
91 46
91 83
92 23
93 64
94 22
95 22
95 28
96 11
96 32
97 35
97 40
97 84
98 52
98 65
