200
0 0
0 11
0 63
1 16
1 40
2 11
3 62
3 76
5 10
5 60
6 41
7 43
8 73
9 15
9 33
10 29
10 57
12 66
12 91
12 96
15 14
15 22
15 26
15 39
16 10
16 91
17 67
17 97
18 3
18 87
20 23
20 59
21 42
22 19
23 66
24 1
24 31
24 37
24 61
25 27
25 29
25 62
26 46
26 95
27 12
27 42
27 58
28 21
28 23
28 77
28 94
29 27
29 86
30 99
31 17
31 73
31 83
31 96
32 22
32 63
33 32
34 2
34 5
34 16
34 67
34 85
37 13
37 50
37 53
38 42
38 64
38 70
39 74
40 36
40 96
41 25
41 45
41 56
41 62
41 67
42 12
42 41
42 61
43 4
44 35
44 71
44 97
45 2
45 16
45 40
46 13
46 82
47 19
47 26
48 70
48 85
49 38
49 53
50 64
51 69
52 4
54 2
54 32
55 78
55 91
56 38
56 72
57 94
58 22
58 49
59 24
59 36
59 50
59 80
60 89
61 1
61 2
62 67
62 99
63 38
64 19
64 42
64 43
65 11
65 34
65 40
65 87
66 41
66 50
67 17
67 48
68 44
68 69
68 83
68 96
69 4
69 42
69 45
69 61
70 38
70 90
70 95
71 53
72 68
73 31
73 91
74 39
74 56
74 70
74 88
75 4
75 74
76 34
76 39
76 55
76 94
77 47
77 72
77 96
78 32
79 15
80 38
80 76
81 77
82 14
82 76
83 7
83 43
83 57
83 81
84 34
84 52
85 31
85 77
86 75
86 83
87 7
87 22
88 16
88 18
89 58
90 15
92 54
92 67
92 92
93 13
93 29
93 41
93 47
93 70
93 74
94 16
94 37
95 47
96 52
96 79
97 75
98 22
99 5
99 8
