203
2 66
3 24
3 37
3 91
4 20
4 44
4 57
4 72
5 8
5 23
5 50
5 93
5 99
6 42
6 91
6 98
8 5
8 6
9 86
10 50
11 84
13 30
13 76
14 18
15 92
15 97
17 41
18 43
19 21
20 62
21 43
22 49
22 84
23 42
24 89
24 93
24 96
25 37
25 71
25 84
28 8
29 27
29 54
29 67
31 6
31 21
31 42
31 78
31 86
31 94
32 15
32 32
32 52
33 21
33 29
33 48
34 36
34 79
34 88
34 94
35 27
36 47
36 58
36 94
37 21
37 23
37 58
37 92
38 12
38 33
38 83
39 3
39 68
39 95
40 36
40 37
40 87
41 14
41 18
41 26
41 48
41 71
42 23
42 99
43 33
43 51
43 59
43 69
44 26
44 36
44 50
45 25
45 92
45 96
46 96
47 30
47 37
47 68
49 12
50 93
51 51
52 30
52 93
53 7
53 70
54 70
55 24
56 81
56 86
58 9
58 32
58 43
58 49
58 97
59 53
59 55
59 86
60 7
60 73
61 55
61 57
61 77
62 57
63 5
63 72
63 91
65 38
65 84
66 54
66 67
66 68
67 87
67 95
68 37
68 49
68 73
69 8
69 25
69 73
70 49
70 67
70 89
72 8
72 61
72 97
74 33
74 88
75 74
75 86
76 15
76 33
77 11
78 37
78 83
79 2
79 27
79 56
80 5
80 19
80 29
80 49
80 89
81 73
81 91
82 41
82 54
82 72
82 75
83 10
83 47
84 75
84 76
85 7
86 3
86 13
86 18
87 73
87 83
88 84
89 91
89 97
90 9
90 32
90 33
91 40
92 23
92 35
92 69
93 5
93 59
93 62
94 49
94 67
94 70
94 92
95 33
96 56
97 3
97 50
98 67
98 92
99 7
99 10
