198
0 22
1 9
1 76
2 21
2 87
2 99
3 14
4 71
4 87
4 95
6 48
6 76
7 19
8 30
8 37
8 70
8 73
9 59
10 12
11 9
12 13
12 24
12 30
12 43
13 10
13 90
14 11
14 68
15 49
16 4
16 7
16 33
16 55
17 7
17 33
18 29
19 1
20 31
20 41
20 42
20 47
20 71
20 77
20 82
21 26
21 64
22 7
22 34
22 44
23 1
24 4
24 12
24 20
24 32
24 42
24 83
25 55
25 87
26 50
26 60
26 77
26 88
27 58
28 50
28 51
29 56
29 67
30 31
30 83
31 21
31 25
31 94
32 35
32 69
32 85
33 6
33 47
35 24
35 81
37 28
37 61
37 85
38 29
39 38
39 87
39 94
41 56
41 69
42 0
42 26
44 46
45 43
45 76
48 57
48 66
49 46
49 47
50 6
50 36
50 70
51 54
53 15
53 39
54 20
54 25
54 87
55 28
56 13
56 83
57 34
57 89
58 35
59 22
59 83
61 4
61 17
61 37
61 51
62 10
62 20
63 1
63 78
64 11
64 33
64 43
64 72
65 60
65 77
66 35
67 85
68 52
69 32
70 91
71 24
71 79
72 15
72 59
72 78
73 10
73 28
73 43
74 2
74 61
75 85
76 63
76 83
77 15
78 16
78 33
79 11
80 3
80 7
80 19
80 33
80 73
81 23
81 94
82 11
82 34
83 18
83 58
83 72
83 74
84 47
85 38
86 39
87 0
87 73
88 50
89 14
89 23
89 87
90 46
91 33
91 68
91 85
92 1
92 14
92 58
92 67
93 74
95 9
95 19
95 66
95 78
95 91
96 50
96 62
96 88
97 27
97 35
97 67
98 35
98 48
98 79
99 7
99 36
99 97
