200
0 13
1 95
2 34
2 73
3 0
3 31
3 94
4 6
4 27
4 63
5 15
5 76
5 96
6 2
6 19
6 25
7 4
7 72
8 9
8 46
8 49
8 50
8 81
9 1
9 18
9 48
9 90
10 8
11 41
11 84
12 20
12 30
13 24
13 60
14 97
15 11
15 36
16 67
17 20
17 40
17 46
17 60
18 20
18 40
18 72
19 2
19 5
19 24
19 28
19 50
19 52
20 44
21 2
21 98
23 21
23 81
25 93
26 4
26 26
27 86
28 64
29 7
29 26
30 36
30 69
32 31
32 40
32 89
33 29
33 32
33 85
33 94
34 36
34 75
35 9
35 33
35 38
35 42
35 71
35 91
36 17
36 32
36 97
37 1
37 78
38 46
39 31
39 50
39 65
40 35
40 46
40 68
41 5
41 57
42 6
43 41
44 28
45 9
45 39
45 95
47 40
49 48
49 54
51 38
51 49
51 68
52 61
52 70
52 96
53 43
53 76
54 35
54 73
54 95
55 21
56 44
56 52
56 97
58 28
58 95
59 68
61 20
61 57
62 6
62 40
62 55
63 18
64 6
64 62
64 90
65 13
65 29
65 30
65 53
65 73
65 80
65 83
66 3
66 74
68 5
68 94
69 59
69 78
70 89
71 5
71 46
71 60
71 94
71 96
73 60
73 81
73 92
73 95
74 4
74 19
74 27
74 77
74 81
74 90
75 19
75 32
75 66
76 16
76 46
77 61
77 70
77 74
79 35
79 97
80 37
80 49
80 50
81 32
82 22
82 55
83 2
83 22
86 53
86 75
88 43
88 61
88 67
89 39
90 0
91 46
91 74
92 38
93 3
94 12
94 24
95 24
95 78
96 81
97 54
97 98
98 20
98 30
98 93
99 23
99 92
