200
1 2
1 11
2 3
2 49
4 11
5 48
5 55
6 29
6 93
7 2
7 48
7 83
8 9
8 54
9 76
9 78
10 70
11 43
11 80
11 90
12 85
13 10
13 15
13 48
14 7
14 45
14 76
14 97
15 24
15 72
15 73
15 82
16 22
16 26
16 60
16 76
16 90
16 99
17 1
18 8
18 80
19 10
19 65
20 35
20 37
21 78
21 98
23 26
23 49
23 67
23 76
24 50
25 14
25 59
25 60
25 61
26 85
28 63
28 88
29 89
30 3
30 45
30 51
31 17
32 38
34 1
34 8
34 29
34 44
35 4
35 69
36 26
36 34
37 14
37 41
38 15
38 95
39 95
40 14
40 83
42 45
42 65
43 2
43 59
44 22
44 67
44 79
44 86
44 87
44 88
45 15
45 89
46 22
47 18
48 28
48 37
48 40
48 48
48 49
48 98
49 24
49 30
49 97
50 48
51 92
51 93
52 10
52 14
52 48
53 75
54 9
54 32
55 8
55 21
55 24
55 73
56 54
56 99
57 82
58 55
58 68
59 10
59 76
59 83
61 17
61 21
61 41
61 88
62 6
62 8
62 68
62 75
63 25
63 46
63 62
63 77
64 39
64 84
64 94
65 73
66 4
66 14
66 51
66 76
67 24
67 66
67 80
67 83
68 18
71 31
71 54
72 15
73 45
73 85
74 55
74 57
74 78
75 10
76 7
76 26
76 43
76 52
77 66
77 87
77 95
78 24
78 41
78 72
79 39
79 72
81 18
81 80
83 8
83 22
83 54
83 91
85 13
86 32
86 56
87 29
87 34
87 67
88 45
89 23
89 27
89 66
89 91
90 67
93 10
93 49
93 92
93 94
95 5
95 93
96 23
96 74
97 7
97 34
97 65
97 73
