204
1 74
2 37
2 47
2 96
3 38
3 62
4 4
4 10
4 80
4 92
5 34
5 40
5 69
5 82
6 44
6 54
6 57
6 79
6 99
10 3
10 84
11 45
12 14
12 83
13 38
13 45
13 89
14 3
14 46
14 47
14 79
15 21
17 34
18 14
18 46
18 89
19 61
20 91
21 48
21 54
21 55
21 79
22 33
22 36
22 48
22 75
23 14
23 66
23 72
24 71
26 77
27 6
27 25
27 59
27 73
27 98
28 26
30 32
30 36
30 54
30 85
31 6
31 16
31 89
32 7
33 48
33 94
34 52
34 61
35 41
36 57
36 90
36 94
37 1
38 2
38 26
38 79
39 53
39 78
39 83
40 68
40 81
41 3
41 25
41 71
42 69
43 40
43 65
43 83
43 99
44 1
44 79
45 14
45 24
45 25
45 75
46 5
46 76
47 63
49 26
49 56
49 57
49 66
49 70
49 92
50 19
50 25
50 28
50 50
51 41
52 29
52 69
53 52
53 77
56 30
56 51
57 76
57 96
59 6
59 14
59 29
59 51
59 59
60 6
60 52
61 28
61 86
61 87
62 37
62 39
62 78
63 8
63 21
63 25
63 65
63 67
67 13
67 18
67 67
68 12
68 31
68 52
69 4
69 34
70 84
70 97
71 51
72 13
72 19
72 24
72 35
72 90
73 1
74 44
74 78
74 79
75 26
75 64
76 10
76 48
76 77
76 89
77 7
77 67
78 11
80 99
81 5
81 7
82 38
82 49
82 91
83 26
83 28
85 18
85 86
86 86
87 55
88 43
88 69
88 98
89 3
89 29
89 33
89 55
90 4
90 50
90 89
91 82
92 7
92 21
92 26
92 53
93 73
94 16
94 61
94 94
95 57
95 96
96 1
96 67
96 78
97 99
99 27
99 29
