200
0 30
1 30
3 90
4 62
5 13
5 47
5 63
5 64
6 17
6 55
6 58
6 74
8 14
9 13
9 28
9 49
9 67
9 74
9 79
10 26
10 37
10 83
10 98
11 9
11 31
12 9
12 13
12 49
12 53
12 94
12 96
13 58
14 11
14 53
15 4
15 7
15 45
15 85
15 99
16 32
16 42
16 62
16 97
17 44
17 45
18 54
18 62
19 38
20 55
20 81
21 25
21 47
21 77
21 98
22 41
22 54
22 62
22 83
23 30
23 49
23 56
24 78
25 27
25 98
26 46
28 11
29 8
29 88
30 57
31 12
31 34
31 43
32 12
32 61
33 30
33 77
37 24
38 45
38 53
38 60
38 68
38 73
39 38
39 77
40 9
40 37
41 29
41 42
41 80
41 94
42 14
42 17
42 50
42 83
43 67
44 19
44 59
44 94
45 17
45 64
45 79
47 29
47 51
47 65
48 41
48 46
48 51
49 6
50 60
51 20
51 23
51 83
52 62
52 68
52 88
53 37
53 50
55 32
56 19
57 43
57 44
57 65
59 75
60 60
61 79
61 85
62 92
63 99
64 36
64 63
64 81
65 74
65 77
66 11
66 43
66 73
66 94
67 42
67 68
68 8
68 9
68 32
68 41
69 0
69 39
69 48
69 56
69 58
69 83
71 3
71 38
72 58
72 78
73 12
73 41
73 43
73 63
74 74
75 13
76 21
76 42
76 99
77 56
78 9
78 76
79 44
79 56
81 2
82 0
83 19
83 51
83 69
83 91
84 68
84 77
86 30
86 39
86 41
87 10
87 39
87 66
87 67
89 12
89 53
89 62
90 97
91 36
92 90
93 42
93 49
93 93
94 34
94 44
94 84
96 56
97 25
97 83
98 98
99 12
99 55
