200
0 0
0 1
0 2
0 3
0 4
0 5
0 6
0 10
0 11
0 12
0 13
0 14
0 15
0 16
1 0
1 1
1 2
1 3
1 4
1 5
1 6
1 15
1 62
1 70
1 82
1 99
2 6
2 16
3 6
3 7
3 17
3 76
3 89
4 5
4 7
5 10
5 20
6 10
8 9
8 19
8 77
9 9
9 78
10 0
10 1
10 2
10 3
10 4
10 5
10 6
10 10
10 11
10 12
10 13
10 14
10 15
10 16
10 24
10 25
10 34
10 40
10 44
10 46
10 50
10 54
10 56
10 84
10 85
10 86
10 87
10 88
10 89
11 5
11 14
11 15
11 20
11 21
11 22
11 23
11 24
11 25
11 26
11 32
11 35
11 46
11 57
11 71
12 6
12 9
12 16
12 26
13 0
13 1
13 2
13 3
13 4
13 5
13 6
13 7
13 17
13 27
13 29
13 34
13 65
13 75
13 84
13 88
14 5
14 15
14 74
15 6
15 10
15 11
15 20
15 29
15 32
15 42
15 55
16 7
17 78
18 9
18 10
18 19
18 21
18 29
20 34
21 7
21 9
21 17
23 43
23 53
23 70
23 73
24 11
24 34
25 86
25 99
27 2
27 12
27 55
29 29
29 39
29 80
29 82
30 29
30 34
30 39
30 44
30 99
32 32
32 52
33 15
33 25
33 29
33 30
33 40
34 15
34 80
34 88
35 90
44 11
44 44
46 17
49 49
49 59
50 29
50 39
51 29
51 70
51 73
51 99
55 29
55 34
55 39
55 44
57 29
57 34
58 29
61 10
61 11
61 12
77 16
77 77
80 10
80 15
82 15
87 76
88 16
88 40
95 5
98 6
99 0
99 1
99 2
99 3
99 4
99 5
99 6
99 15
99 23
