200
0 3
0 53
1 48
2 16
2 20
2 21
2 40
2 64
3 3
6 68
7 40
7 46
7 99
8 33
8 74
8 75
9 26
9 28
10 70
11 17
12 0
12 72
13 68
14 20
14 37
14 46
15 25
16 50
16 86
16 95
17 43
19 1
19 50
20 24
20 28
20 47
20 96
22 46
23 12
23 54
23 58
23 83
23 91
24 45
25 10
25 16
25 37
26 24
28 3
28 52
29 20
29 32
29 82
29 91
30 1
30 70
31 47
31 50
31 56
31 58
31 60
32 57
33 35
33 36
34 62
34 63
35 27
35 69
37 1
37 61
38 20
38 69
38 73
38 76
39 51
39 89
40 24
40 29
40 31
40 66
41 27
42 8
42 60
42 73
43 22
44 65
44 93
44 99
45 22
45 92
46 27
46 64
46 75
47 7
47 51
47 68
48 71
49 9
49 49
49 96
50 33
50 41
51 63
53 27
53 30
54 55
54 67
54 68
54 75
55 18
55 70
56 81
57 15
57 23
57 85
58 67
59 9
59 45
59 60
60 55
61 33
61 47
61 56
61 62
61 67
61 78
62 43
62 49
62 54
63 24
63 89
64 56
64 64
64 68
64 84
65 68
65 80
66 21
66 48
66 51
66 78
67 7
68 91
70 18
71 62
72 68
72 94
73 24
73 37
73 39
73 97
74 85
74 86
75 13
76 4
76 25
76 39
76 54
76 64
77 24
77 35
77 91
78 96
81 24
81 59
81 64
83 56
83 82
84 6
84 63
85 12
85 31
87 3
87 33
88 1
88 54
88 76
89 97
90 95
91 41
91 42
91 73
92 9
92 42
92 77
93 38
93 53
93 89
94 10
94 30
94 79
94 89
95 45
95 46
95 75
96 29
96 88
97 10
97 36
97 55
