196
0 30
1 7
1 17
1 67
1 98
2 44
2 57
2 66
3 45
4 10
4 49
5 5
5 8
5 59
5 76
6 59
6 86
9 49
10 2
10 73
10 93
12 0
12 17
12 76
13 64
14 73
15 24
15 38
15 42
15 88
16 36
17 71
18 23
18 41
18 47
18 95
19 12
19 98
20 5
20 20
20 68
20 96
21 10
21 31
22 31
22 33
22 42
23 24
23 75
23 85
24 14
24 18
25 18
25 27
28 27
28 31
29 43
29 57
29 59
29 88
30 19
30 27
30 76
31 13
31 53
33 59
33 81
33 94
35 16
36 32
36 56
36 65
36 74
36 80
36 93
37 7
37 11
37 60
37 64
37 67
38 15
38 38
39 94
40 24
40 33
40 37
40 56
40 97
41 15
42 79
43 16
43 46
43 56
44 25
44 56
44 78
44 91
44 94
45 61
46 49
46 85
47 18
47 46
47 59
47 89
47 92
48 33
49 8
49 87
50 62
50 71
51 3
51 51
51 80
52 15
52 52
52 55
52 61
52 67
53 83
53 99
54 2
54 98
55 20
55 35
55 97
56 20
56 67
56 90
57 87
60 35
60 41
60 74
62 86
65 2
65 71
67 88
68 22
69 22
69 39
69 47
70 37
70 44
70 91
72 44
72 71
72 79
73 70
74 57
74 72
74 91
75 78
75 86
76 36
76 48
76 66
78 18
78 26
79 7
80 97
82 10
83 54
84 16
84 67
84 92
85 0
85 56
85 83
86 14
86 16
86 20
86 97
87 61
87 95
89 38
90 12
90 20
90 46
92 15
92 36
93 16
93 29
93 35
93 59
93 73
94 20
94 46
94 78
94 83
94 85
95 6
95 53
96 41
96 92
97 13
99 36
