200
1 49
1 63
1 75
1 81
2 40
3 17
3 76
3 78
4 12
4 47
4 63
4 86
4 91
6 14
6 59
7 16
7 51
7 98
8 8
8 22
8 52
8 99
9 64
10 87
11 30
11 80
11 95
12 52
12 81
13 4
13 93
14 29
15 85
17 46
18 71
19 12
19 49
19 92
20 56
20 82
21 53
22 35
22 86
23 26
23 76
25 82
26 3
26 89
27 45
27 50
27 72
28 80
29 74
30 9
30 63
30 85
30 95
31 14
31 65
31 86
31 97
32 43
32 77
32 92
33 72
33 97
34 6
34 55
34 63
34 80
36 50
36 53
37 60
38 38
38 43
38 62
38 91
40 95
42 32
42 46
44 56
45 25
45 87
46 43
46 59
48 26
48 66
48 94
49 10
49 20
49 31
50 31
50 72
50 85
51 21
51 84
52 3
52 21
52 85
53 27
53 38
53 76
53 78
54 7
54 13
54 39
54 73
55 7
56 2
56 38
56 53
58 78
58 92
60 7
60 27
60 84
61 54
62 40
62 73
62 74
62 89
63 8
63 60
63 62
64 24
65 31
65 99
66 2
66 19
66 56
66 62
66 65
66 79
67 24
67 37
67 60
67 65
68 52
68 75
69 52
69 66
69 69
70 62
70 65
70 84
71 33
71 97
72 18
72 91
73 82
74 9
75 59
76 2
76 47
77 61
78 2
78 5
78 9
78 80
78 91
79 9
79 56
80 47
80 49
80 66
81 50
81 54
83 19
83 26
84 25
84 30
84 85
84 91
84 94
85 23
85 25
86 13
86 20
86 56
87 22
89 30
89 96
91 37
92 24
93 11
94 10
94 21
94 44
94 45
95 20
95 98
96 15
96 28
97 2
97 13
97 38
98 18
98 74
99 18
99 64
