200
0 8
0 64
0 72
1 38
1 80
2 23
2 36
3 7
6 27
6 34
6 36
6 44
6 58
7 34
7 49
7 82
9 77
10 53
11 6
11 42
11 47
13 52
14 9
14 73
15 2
15 11
15 90
16 28
16 42
16 70
18 13
18 57
19 26
20 0
20 3
20 36
20 77
20 91
21 33
21 34
21 39
21 45
23 29
23 32
23 54
23 81
25 45
25 46
30 31
31 13
31 31
31 56
31 60
31 82
32 37
32 77
33 27
33 37
33 58
34 12
34 26
34 50
34 52
35 9
35 30
35 73
36 78
36 80
37 20
37 22
37 38
37 43
37 69
38 8
38 37
38 89
39 51
39 75
40 68
41 62
41 77
41 99
42 81
43 25
43 96
44 29
45 2
45 10
45 37
45 87
46 19
46 29
46 53
46 73
46 96
47 44
47 67
47 85
49 1
49 84
50 2
50 77
51 52
51 65
51 79
52 59
54 26
54 76
54 86
55 41
55 82
55 92
56 28
56 47
57 89
58 53
58 97
59 1
59 39
59 46
60 33
60 78
61 26
61 53
62 6
62 30
62 53
63 24
63 55
63 75
64 34
64 60
64 80
64 82
64 86
65 45
66 4
67 25
67 66
68 33
68 57
68 83
69 23
69 72
69 74
69 76
70 15
70 17
70 96
71 15
71 54
71 57
72 12
72 27
72 68
74 3
74 45
74 90
75 16
75 27
75 47
76 20
76 38
77 82
77 91
78 90
79 15
79 35
80 3
80 73
81 41
81 64
81 81
81 97
82 11
83 74
84 2
86 74
87 1
87 47
87 82
88 6
88 8
88 17
88 95
89 26
89 88
90 76
91 53
91 60
91 83
92 30
92 37
94 53
95 11
95 77
96 23
97 67
98 0
99 63
