201
0 16
1 43
2 83
2 91
3 1
3 71
5 44
6 0
6 50
6 82
6 89
7 45
8 15
8 18
9 2
9 9
9 38
10 45
10 70
11 35
11 36
11 40
11 44
11 56
12 10
12 23
12 27
12 33
12 64
13 1
13 99
15 7
15 12
15 31
16 35
16 55
16 65
16 93
18 84
19 22
19 23
19 69
19 78
21 23
22 10
22 48
22 78
23 22
23 91
23 99
24 86
25 34
25 59
25 69
26 13
26 33
26 52
26 73
26 86
27 53
27 82
27 93
27 99
28 11
28 49
29 21
29 31
29 50
30 76
31 25
31 33
31 37
31 65
32 52
32 56
33 31
33 45
33 84
34 78
35 97
36 7
36 29
37 33
37 58
37 64
37 78
37 91
38 12
38 60
38 85
39 56
39 88
40 41
40 86
41 27
41 37
41 63
41 66
42 4
43 1
43 77
44 32
44 76
45 86
46 86
47 4
47 22
47 78
47 97
48 9
48 21
48 31
48 49
49 34
49 81
50 47
50 94
51 73
51 74
52 21
52 62
52 79
53 55
54 2
54 58
56 14
56 30
56 37
56 44
56 66
56 74
57 97
58 19
58 46
58 49
58 55
58 60
58 82
59 92
59 99
60 63
60 90
61 16
61 23
61 75
61 78
62 35
62 52
63 89
65 40
65 43
66 16
67 4
67 92
67 93
68 42
68 60
69 24
70 94
75 38
75 77
75 93
76 73
78 65
79 98
80 28
81 6
81 28
81 31
83 18
84 1
84 12
84 24
84 67
85 34
86 33
88 58
89 15
89 68
89 83
90 55
91 5
92 2
92 18
92 44
92 78
92 87
93 0
93 1
94 43
94 66
96 1
96 9
96 32
96 95
97 43
97 47
97 82
97 88
99 53
99 63
