200
0 60
0 68
0 85
1 52
1 78
1 85
2 13
2 31
2 56
3 47
3 52
4 49
6 60
7 15
7 26
7 27
7 46
8 6
8 32
8 43
8 53
8 79
9 12
9 67
9 82
10 9
10 22
10 52
10 62
11 3
11 47
12 47
12 48
12 53
12 76
12 95
13 13
13 88
14 39
14 52
14 82
14 85
16 62
16 77
17 15
17 42
17 56
17 75
18 29
18 57
18 64
19 3
19 61
19 74
21 53
21 70
21 77
21 78
21 94
22 22
23 31
23 48
24 18
24 27
24 86
25 6
25 60
25 96
25 97
26 39
26 44
26 53
26 97
27 95
29 8
29 69
30 10
30 96
32 68
33 22
33 42
34 53
34 86
35 7
36 14
36 34
36 68
36 97
38 70
38 92
39 37
39 92
40 45
41 1
41 25
41 84
42 58
42 68
42 91
43 76
43 90
44 91
45 18
46 64
46 68
46 78
48 13
48 14
48 88
49 40
50 4
50 37
50 44
51 48
53 9
53 39
53 97
54 43
54 75
55 9
56 14
57 51
57 53
57 58
57 59
58 14
60 60
62 87
63 80
63 81
64 47
64 73
64 99
65 27
65 92
66 21
67 7
67 14
68 14
68 82
69 28
70 73
72 0
72 34
73 14
73 75
73 82
74 78
74 91
75 36
76 94
77 27
77 76
78 7
80 0
80 1
80 2
80 35
81 82
82 65
82 81
82 94
83 0
84 24
85 25
85 53
85 80
88 6
88 9
88 26
88 31
89 26
89 55
89 60
90 38
90 65
90 68
90 74
91 15
91 17
91 76
92 55
92 59
93 7
93 40
93 49
93 59
94 2
94 25
95 13
95 18
95 48
95 94
95 97
96 50
96 74
97 97
98 1
98 68
98 86
