195
0 28
1 37
1 96
2 73
3 75
3 92
4 2
4 16
4 65
5 50
5 57
5 85
6 66
7 34
8 44
8 85
8 98
9 41
9 78
9 87
10 90
11 6
11 20
11 27
11 61
12 28
12 51
12 64
12 65
14 40
14 52
15 2
15 57
16 33
17 5
17 14
17 34
17 96
18 39
19 39
19 53
19 84
20 0
20 14
20 21
20 54
20 63
20 70
20 87
21 29
21 44
21 66
22 29
22 41
22 81
23 23
23 84
24 48
24 61
24 78
25 51
26 24
26 26
26 93
27 40
27 81
27 93
28 3
28 33
30 2
30 16
32 7
33 99
34 35
35 61
36 34
37 84
38 5
38 7
38 32
38 84
38 98
39 63
40 57
41 35
41 59
41 80
43 70
44 20
45 6
45 46
45 47
46 85
46 93
48 55
49 24
49 29
49 31
49 62
49 65
50 37
50 88
51 34
52 40
52 94
54 42
55 90
56 24
56 37
57 21
57 31
57 34
57 38
58 46
58 91
61 10
61 36
61 50
61 72
61 94
63 52
63 62
63 82
64 63
64 65
65 67
65 87
66 1
66 66
66 77
66 98
67 45
67 51
68 37
68 80
68 84
68 85
68 94
69 40
69 53
70 24
71 14
71 17
73 21
73 34
73 48
73 65
73 67
73 75
74 44
74 51
75 29
75 61
76 1
76 24
77 39
77 47
77 61
77 97
78 40
78 92
79 82
80 36
81 10
81 17
81 46
82 28
84 10
84 57
84 97
85 4
86 18
86 66
88 74
89 18
89 50
89 96
89 98
90 57
91 34
91 36
91 40
91 46
92 44
93 41
94 9
94 12
94 78
94 79
96 85
96 94
97 39
97 82
98 80
99 33
