200
0 9
0 79
1 2
2 5
2 17
2 64
3 92
4 10
6 3
6 72
7 71
7 98
8 6
8 97
9 6
9 45
9 78
12 11
14 20
14 24
14 59
15 66
16 53
16 70
16 86
16 97
17 71
18 96
20 96
20 98
21 8
22 78
22 93
23 36
23 81
24 32
24 72
25 42
27 77
28 46
28 71
29 3
29 21
29 34
29 79
30 12
30 45
31 10
31 11
31 30
32 18
32 41
33 17
33 89
34 0
34 18
35 28
35 51
35 56
35 86
36 58
36 63
37 10
37 66
38 1
39 36
40 12
40 27
40 29
40 34
40 74
40 90
41 10
41 91
42 89
43 36
44 3
45 40
46 34
46 71
47 17
47 47
47 61
48 34
48 45
48 48
49 0
49 19
49 42
49 46
49 50
49 85
49 97
50 12
50 70
50 85
51 89
51 96
52 34
52 39
53 16
53 19
53 97
54 23
54 83
54 93
56 2
57 44
58 6
58 13
58 43
59 19
60 35
61 72
61 84
62 64
62 66
62 99
63 16
65 95
66 0
66 10
66 33
67 29
67 35
67 53
67 95
68 0
69 27
69 76
70 92
71 2
71 71
72 11
72 25
72 52
72 83
73 41
73 64
74 59
74 64
75 10
76 22
76 52
76 58
76 67
77 21
78 49
78 73
78 86
79 40
79 69
79 85
79 98
80 6
80 87
80 97
81 25
81 64
81 70
81 97
82 5
82 20
82 81
83 14
83 39
83 40
83 89
84 25
84 29
84 42
85 5
85 98
87 44
87 56
88 62
88 70
89 59
89 70
90 0
90 15
90 30
91 19
91 24
92 84
92 91
93 7
93 23
93 50
93 66
94 62
95 56
96 74
97 12
97 73
98 19
98 54
98 94
99 5
99 65
