203
1 43
2 84
2 88
3 48
4 1
4 35
4 61
5 10
5 28
5 41
5 56
5 77
5 91
6 93
6 99
8 63
9 31
10 42
11 62
11 82
12 73
12 99
13 79
14 20
14 66
15 31
15 66
15 81
16 18
16 99
17 10
17 13
17 30
17 37
17 83
18 51
18 59
18 78
19 36
19 54
19 59
20 56
20 62
20 66
21 7
21 62
22 1
22 3
22 11
22 34
22 59
22 61
22 74
22 95
23 53
23 58
23 98
24 51
24 59
25 8
25 27
25 65
25 97
26 11
26 65
27 14
27 50
29 23
29 30
29 64
30 30
31 45
31 73
31 79
33 68
34 48
34 53
35 18
35 99
36 54
36 74
36 84
36 95
39 36
39 47
39 51
40 47
40 88
41 36
41 56
42 32
42 74
42 79
43 4
44 5
44 76
45 17
46 43
46 46
46 69
46 74
47 47
48 79
48 80
49 51
51 24
51 69
51 93
52 52
53 4
54 12
54 32
55 85
55 99
56 13
56 69
57 58
57 60
57 90
58 80
60 1
60 96
61 6
61 14
61 89
62 12
62 24
62 58
63 85
64 37
65 37
65 65
66 9
66 50
66 54
66 80
67 45
67 53
67 56
67 70
68 7
68 13
69 5
69 36
69 61
69 68
69 97
70 35
70 83
70 96
72 8
72 56
72 61
73 1
73 76
74 4
74 11
74 78
74 82
75 7
75 16
75 43
76 34
76 47
77 42
77 51
78 19
78 75
79 53
79 64
80 47
80 48
80 53
81 26
81 95
82 61
83 65
83 94
85 20
85 65
85 79
86 34
86 65
87 32
88 35
88 70
90 16
90 94
91 26
91 48
91 95
92 20
94 39
94 73
94 79
95 33
95 85
96 15
96 51
96 74
97 44
97 52
98 52
