205
1 24
1 29
1 77
1 85
2 18
2 56
2 62
4 7
5 0
5 50
5 62
7 54
7 66
7 91
8 85
9 10
9 38
10 17
10 47
11 29
11 62
11 67
12 22
12 29
12 68
12 70
12 73
13 25
14 48
14 76
15 17
16 17
16 18
16 20
16 56
17 70
18 39
18 50
18 55
18 65
19 95
22 6
22 7
22 35
22 41
22 73
23 3
23 40
23 91
23 95
24 9
24 40
24 42
24 80
24 89
24 94
24 97
25 21
25 54
25 73
25 82
27 54
29 2
29 22
29 60
30 81
31 63
31 66
31 95
31 98
32 97
33 6
33 32
35 10
35 22
35 52
35 58
35 63
35 85
35 98
36 90
36 98
37 90
38 37
38 61
38 96
41 9
41 96
42 2
42 92
44 0
44 11
44 63
45 23
45 61
45 77
46 10
46 60
47 46
49 46
49 49
50 7
50 30
52 76
53 34
54 30
54 33
54 39
54 42
54 48
54 50
54 69
54 92
55 14
55 32
56 78
57 74
58 40
58 48
58 62
58 91
59 1
59 30
59 47
61 67
62 12
62 19
62 20
62 51
62 67
62 96
63 20
63 57
65 28
66 1
66 23
66 40
66 78
67 32
67 54
67 55
67 91
68 76
68 78
69 20
69 43
69 58
69 60
72 25
72 44
72 60
72 65
72 73
73 63
74 29
74 65
75 69
78 43
78 91
80 34
81 66
82 36
82 76
82 95
83 37
83 62
84 36
84 44
84 90
84 92
85 32
85 51
85 72
87 1
87 17
87 47
88 21
88 41
88 46
90 88
90 96
91 29
91 91
92 25
92 32
92 45
92 99
93 72
94 9
94 24
94 32
94 99
95 17
95 24
95 46
95 84
96 41
97 60
97 65
97 94
98 50
98 96
99 40
99 45
99 88
