204
0 82
1 63
1 84
1 92
1 95
2 78
3 9
3 57
3 66
3 95
5 26
6 13
6 46
7 95
8 36
8 54
8 70
8 71
8 89
9 2
10 57
11 18
11 60
11 62
12 58
12 72
12 73
13 5
13 49
13 66
15 44
16 18
16 39
16 75
17 83
18 12
18 27
18 45
19 45
19 49
19 50
19 94
19 98
20 3
20 11
20 40
20 87
21 61
22 82
22 91
23 82
23 83
23 90
24 78
25 21
25 90
26 13
26 77
26 86
27 2
27 10
27 15
27 25
28 68
29 49
29 83
30 9
30 38
30 49
30 79
31 24
31 33
31 59
32 7
33 98
33 99
34 2
34 44
35 65
35 76
36 74
36 90
38 52
39 37
40 6
40 31
40 40
40 54
41 18
41 52
41 63
41 83
42 8
42 58
43 15
43 20
43 34
43 44
43 60
44 4
44 50
45 79
48 31
49 35
49 79
49 81
49 98
51 42
51 76
52 59
52 93
53 73
54 49
55 51
57 46
57 99
58 41
58 52
58 81
59 47
60 79
61 3
61 6
61 85
61 89
62 32
62 33
63 24
63 60
63 70
64 6
64 58
65 49
66 18
66 33
67 75
67 90
67 93
68 63
68 68
68 78
68 89
69 16
69 65
70 66
70 90
71 40
71 76
71 89
74 49
75 88
76 20
76 34
77 17
77 22
77 27
77 36
78 65
78 82
79 77
80 48
80 89
81 3
81 5
81 12
81 40
81 95
81 98
82 2
82 78
82 80
84 62
85 44
86 34
86 54
86 80
86 89
87 0
87 12
87 70
87 76
88 1
88 12
89 6
89 41
89 68
89 93
90 23
90 50
91 49
91 66
91 91
92 40
93 17
93 71
95 40
95 87
96 28
96 92
96 93
97 23
97 59
97 67
99 49
