195
0 88
0 92
0 94
2 46
2 49
2 91
4 12
4 70
4 98
5 65
6 22
6 41
7 97
9 21
10 75
10 76
10 85
13 14
13 38
13 45
14 10
14 41
14 48
14 93
15 23
15 62
16 53
16 69
16 84
17 31
18 28
18 87
19 12
19 18
20 93
21 15
21 64
22 6
22 36
22 37
22 65
23 24
24 94
25 3
25 74
25 83
26 93
27 97
28 31
28 33
28 65
28 83
29 5
29 9
29 28
29 42
29 93
30 20
30 30
31 10
31 23
31 42
32 2
32 15
32 38
33 60
33 65
33 76
33 90
35 62
35 82
36 57
36 64
37 28
37 70
37 73
38 46
38 87
39 13
39 53
39 69
40 56
40 66
41 21
42 17
42 48
42 68
42 83
42 85
43 12
43 98
43 99
44 27
44 91
45 31
47 29
47 72
48 29
48 90
49 9
49 56
50 13
50 32
50 51
51 18
51 65
52 3
52 46
52 60
52 64
52 81
54 49
54 93
57 32
58 65
58 71
59 15
59 16
59 81
60 30
60 94
61 48
61 74
61 96
62 67
63 19
63 23
63 25
63 40
63 65
63 90
63 93
64 47
64 86
64 89
65 40
66 43
67 36
67 82
68 11
68 43
71 55
72 49
73 65
74 40
74 75
75 47
75 64
75 65
76 6
76 52
76 83
76 90
77 68
77 91
78 6
78 25
79 19
79 60
79 89
79 97
80 89
82 90
83 39
83 55
84 35
84 81
86 56
86 88
87 39
87 48
88 38
88 62
90 6
90 7
90 71
91 15
91 18
91 71
92 1
92 57
95 7
95 23
95 48
96 1
96 78
96 82
96 89
97 8
97 98
98 11
98 73
99 63
99 80
99 86
