203
0 6
1 20
1 24
1 40
1 63
1 71
2 48
3 2
3 27
3 94
4 25
4 98
6 46
7 36
7 75
8 85
8 94
9 65
10 21
10 88
11 45
11 88
12 2
12 6
12 32
12 57
12 83
12 87
13 20
13 44
13 50
13 92
14 30
14 87
16 81
17 65
19 78
20 18
20 67
20 71
21 27
21 44
22 39
23 22
24 32
24 44
26 75
26 79
27 13
27 58
27 67
27 83
30 5
30 41
31 36
31 51
31 64
33 54
33 55
34 73
34 88
34 91
36 5
36 54
36 98
37 64
37 92
38 1
38 8
38 49
38 85
38 87
38 98
39 66
40 32
40 50
40 65
41 1
41 9
41 20
41 50
42 2
43 70
43 78
44 64
44 76
45 0
45 2
45 37
47 12
47 54
48 10
48 13
51 32
51 67
51 86
52 42
52 54
52 88
53 23
53 80
54 15
54 19
54 54
54 75
56 61
57 29
58 41
58 66
60 88
61 9
61 92
62 76
63 4
63 39
64 25
64 26
65 9
65 50
65 67
66 36
66 88
66 89
67 20
67 71
68 0
68 6
68 74
68 84
69 19
69 64
69 69
69 70
69 71
69 79
70 12
70 68
70 74
70 83
71 25
71 77
72 22
72 69
72 83
72 89
73 6
73 33
73 51
73 86
74 24
74 55
74 81
76 42
77 27
77 52
77 79
77 84
77 93
78 51
78 63
79 45
79 82
79 92
80 55
80 58
81 42
81 52
81 72
81 80
83 11
83 39
83 49
83 59
84 81
84 96
85 9
85 33
85 53
86 32
87 66
87 91
88 36
88 79
88 88
89 25
89 30
90 27
90 59
90 81
91 85
91 93
91 94
92 4
92 23
93 49
94 82
94 83
95 62
96 62
97 25
97 84
98 17
98 97
