205
0 3
1 2
1 49
2 1
2 2
2 12
2 13
2 48
3 0
3 12
3 13
3 47
3 48
3 58
3 59
4 14
4 46
4 58
4 59
5 60
10 6
11 4
11 5
11 6
11 52
12 4
12 27
12 50
12 51
12 52
13 26
13 50
13 73
14 25
14 26
14 36
14 37
14 72
15 24
15 36
15 37
15 71
15 72
15 82
15 83
16 38
16 70
16 82
16 83
17 84
22 30
23 28
23 29
23 30
23 76
24 28
24 74
24 75
24 76
25 74
27 3
28 2
29 1
29 2
29 12
29 13
30 0
30 12
30 13
31 14
36 56
37 6
37 55
38 4
38 5
38 6
38 54
38 55
38 65
38 66
39 4
39 27
39 53
39 65
39 66
40 26
40 67
41 25
41 26
41 36
41 37
42 24
42 36
42 37
43 38
46 59
47 57
47 58
47 59
48 57
49 30
50 28
50 29
50 30
50 76
51 75
52 74
52 75
52 85
52 86
53 73
53 85
53 86
54 3
54 87
55 2
56 1
56 2
56 12
56 13
57 0
57 12
57 13
58 14
60 79
61 54
61 77
61 78
61 79
62 53
62 77
63 52
63 64
64 6
64 51
64 63
64 64
65 4
65 5
65 6
65 65
66 4
66 27
67 26
68 25
68 26
68 36
68 37
69 24
69 36
70 38
71 57
72 55
72 56
72 57
73 55
76 30
76 74
77 28
77 29
77 30
77 73
78 28
78 72
78 73
78 83
78 84
79 71
79 83
79 84
80 85
81 3
82 2
83 1
83 2
83 12
83 13
84 0
84 13
85 14
86 77
87 45
87 75
87 76
87 77
88 44
88 75
89 43
89 44
89 54
89 55
90 42
90 54
90 55
91 6
91 56
92 4
92 5
92 6
93 4
97 48
98 46
98 47
98 48
99 46
