203
0 65
0 68
1 19
1 80
1 95
2 53
3 45
3 76
5 6
5 12
5 23
5 38
5 61
5 78
6 60
7 12
7 81
8 59
8 73
9 9
9 11
9 51
9 71
10 6
10 43
10 72
10 99
11 24
12 51
13 29
15 26
15 65
15 71
15 88
16 26
16 28
16 30
16 98
17 45
17 56
19 3
19 15
19 90
19 96
20 5
20 72
21 4
21 27
23 4
23 98
24 12
24 42
26 87
28 0
30 1
30 37
31 5
31 97
32 16
33 20
33 89
34 57
34 74
34 77
34 96
36 53
37 85
38 11
39 9
39 20
40 19
40 24
41 4
41 28
41 58
42 4
42 10
42 21
42 27
42 35
42 91
42 94
43 17
43 32
43 40
43 47
43 48
44 18
45 12
45 76
47 2
47 95
48 51
48 61
49 20
49 73
49 95
50 73
51 20
51 25
51 41
51 52
52 10
52 25
52 53
52 64
52 91
53 97
54 62
55 67
55 89
55 99
56 99
58 13
58 35
58 69
59 43
59 63
59 95
59 98
60 34
60 51
61 39
61 55
61 62
61 66
63 20
63 22
63 61
63 94
66 62
67 79
68 10
68 47
68 50
69 72
70 19
70 33
70 98
71 17
73 39
73 56
73 63
73 96
74 32
75 24
76 32
76 48
76 74
77 16
77 63
77 66
78 12
79 40
79 47
79 48
79 66
79 84
80 0
80 18
80 30
80 86
80 92
81 38
82 9
82 17
82 94
84 27
84 41
84 53
85 63
85 69
85 80
85 91
86 88
86 94
87 85
87 99
88 35
88 96
89 51
89 71
89 82
90 21
90 60
91 31
93 19
93 20
93 58
94 31
94 70
94 91
95 46
96 1
96 42
96 53
96 99
97 17
97 66
97 77
97 98
98 65
99 14
