200
1 54
2 88
5 23
6 20
6 64
6 98
7 87
8 76
9 63
10 44
10 63
10 96
11 11
12 35
13 26
14 32
14 45
14 61
14 71
15 51
15 65
16 50
17 14
17 28
18 2
18 27
18 66
19 55
19 68
20 55
22 28
22 81
23 83
23 88
24 17
24 47
25 40
25 97
27 50
27 69
27 98
29 79
29 89
30 2
30 89
30 95
31 88
32 56
32 63
32 92
32 94
33 21
33 74
34 35
35 66
35 82
36 63
36 65
36 76
36 92
37 28
38 34
38 65
39 29
40 26
40 37
40 74
40 75
41 93
42 9
43 42
43 65
44 1
45 26
45 56
45 72
45 95
46 71
46 75
46 87
47 48
47 54
47 71
47 79
47 90
48 96
49 33
49 84
51 71
51 78
52 81
54 11
54 81
55 6
55 38
55 89
56 6
56 71
57 69
57 82
58 88
59 20
59 47
59 72
59 78
59 83
60 46
61 13
61 14
61 36
61 46
61 91
62 65
62 72
63 39
63 51
65 42
65 77
66 5
66 46
66 65
66 73
67 22
67 34
68 70
69 17
69 20
69 41
69 49
69 82
69 88
70 56
71 21
71 73
72 48
72 54
73 40
74 78
75 34
76 33
76 60
76 85
76 95
77 23
77 78
79 57
79 61
80 18
80 34
80 98
81 89
82 59
83 13
83 21
83 22
83 56
83 66
84 24
84 68
84 89
85 45
85 65
85 80
85 99
86 8
86 28
86 33
86 48
86 75
86 99
87 14
87 76
88 29
88 47
89 23
89 42
90 80
90 88
91 37
91 39
91 90
92 73
92 89
93 55
94 34
94 68
94 74
95 62
96 6
96 9
96 33
96 63
97 39
97 93
98 53
98 62
98 81
99 16
99 41
99 72
