201
0 0
0 69
4 70
7 28
7 53
7 72
7 98
10 18
10 29
12 77
13 36
13 68
14 18
15 24
17 20
18 27
18 56
18 76
19 37
20 30
20 68
20 74
21 23
21 41
21 52
21 60
21 63
21 80
22 57
22 65
22 70
23 4
23 29
23 32
23 70
23 79
24 31
24 67
24 81
25 3
25 87
26 5
26 43
26 74
27 78
27 93
28 9
28 23
28 27
28 67
28 77
28 81
29 37
29 75
30 7
30 33
30 37
30 59
31 30
31 35
31 39
32 67
33 27
33 49
33 56
33 57
34 22
35 9
35 22
35 52
35 60
36 17
36 32
36 46
36 60
36 63
36 75
36 82
37 73
39 46
39 57
40 25
40 48
40 59
40 62
41 16
41 60
41 90
42 23
42 33
42 86
43 57
44 63
45 17
46 93
47 38
48 15
48 62
48 75
49 5
51 58
53 25
53 29
54 26
54 30
54 64
55 65
55 67
55 72
55 75
56 29
56 34
56 54
56 71
58 70
59 49
60 49
60 58
60 60
60 66
61 32
61 36
61 78
62 23
62 65
63 4
63 41
63 71
64 15
64 18
64 35
64 36
64 42
64 44
64 55
65 24
65 29
65 67
66 38
66 64
67 26
67 62
67 82
68 46
68 53
69 27
69 46
69 56
70 62
70 72
71 24
71 59
71 61
71 76
72 28
72 41
72 62
72 70
73 17
73 59
73 75
73 81
73 88
74 13
74 14
74 18
74 24
74 78
75 26
76 23
76 27
76 31
76 62
77 18
78 58
78 70
79 24
79 30
79 55
79 62
79 63
80 30
81 22
81 73
81 81
82 44
82 75
83 25
83 38
83 77
84 33
84 60
85 16
85 82
88 46
89 20
89 71
90 48
91 49
98 54
99 50
