203
0 45
1 34
1 46
2 15
2 65
2 84
3 46
3 56
4 78
5 44
5 68
5 98
6 53
7 44
7 78
8 26
8 42
9 19
9 56
10 56
10 65
10 97
10 98
11 74
11 97
13 54
14 42
14 72
14 83
14 89
15 31
15 53
15 87
15 90
16 27
16 28
16 51
16 84
17 45
17 83
18 1
19 29
19 39
20 18
20 44
20 60
20 80
23 4
23 70
24 24
25 63
25 81
25 99
26 46
26 69
27 79
28 49
29 36
29 77
30 31
30 70
31 6
31 14
31 88
31 93
34 5
35 83
35 93
36 24
36 97
37 60
38 8
38 34
38 57
38 77
39 77
39 82
40 9
41 18
41 27
41 34
42 76
42 79
43 7
43 31
43 81
44 60
45 78
46 56
46 58
46 92
47 7
47 9
47 67
48 35
48 38
48 49
48 95
49 4
49 23
49 29
49 57
51 31
52 81
53 84
54 20
54 69
54 85
55 49
55 87
56 45
57 14
57 59
57 91
58 9
58 10
58 25
58 26
59 29
60 9
61 0
61 40
61 50
61 76
61 96
62 4
62 7
62 50
62 51
62 84
63 21
63 23
63 30
63 48
63 81
63 88
64 88
65 2
65 31
65 91
66 64
67 37
68 74
70 45
70 84
70 87
70 95
71 88
72 56
73 17
73 76
74 80
76 9
76 19
76 71
76 79
77 24
77 27
77 55
78 62
78 74
79 7
80 16
80 22
80 37
80 57
80 87
81 10
82 56
82 65
82 69
83 14
83 42
83 70
83 90
85 58
85 92
86 78
87 7
87 40
87 46
87 53
87 85
87 96
88 5
88 50
88 69
90 96
91 56
91 57
92 30
92 79
93 7
94 58
95 16
95 33
96 32
97 23
97 31
97 45
99 13
99 55
99 77
