205
0 18
0 61
0 99
1 62
1 92
2 26
2 59
3 3
3 9
3 19
3 32
5 85
6 9
7 24
7 64
7 72
8 7
8 11
8 26
9 15
9 97
10 22
10 73
11 55
11 89
12 70
13 0
13 61
13 74
14 43
15 14
15 28
15 71
15 73
16 2
16 7
16 68
16 88
17 55
18 13
18 60
18 69
18 88
19 22
19 29
19 67
20 66
21 16
21 57
21 96
23 77
23 89
24 27
24 30
24 47
25 43
26 61
26 78
27 4
27 37
27 98
28 5
28 13
28 68
29 19
29 25
29 60
30 11
33 24
33 36
33 66
34 60
35 17
35 60
35 90
36 16
36 77
37 53
38 31
38 67
38 82
39 10
39 71
39 82
40 43
41 19
41 33
42 11
43 19
44 19
44 57
44 77
45 21
45 93
45 98
46 10
46 21
46 60
46 74
46 78
47 78
48 19
49 91
50 6
50 50
50 83
51 50
51 70
51 94
53 8
53 45
53 64
53 68
55 70
55 81
56 20
56 99
57 36
58 46
58 84
58 99
59 51
59 74
60 84
61 22
61 61
61 88
62 53
62 59
63 7
63 10
63 43
63 87
64 30
64 42
65 2
65 53
65 79
66 63
67 46
67 95
68 12
68 54
69 3
69 53
69 99
70 54
70 70
71 17
71 73
72 7
72 19
72 40
73 74
73 81
73 87
74 7
74 58
74 66
75 23
75 59
76 6
76 63
78 14
78 76
78 97
79 26
79 78
79 92
80 80
81 28
81 32
81 51
82 10
83 13
83 18
83 44
83 86
84 15
84 29
85 44
87 23
87 48
87 71
88 44
88 77
89 85
91 8
91 49
92 20
92 44
92 50
93 57
93 89
94 6
94 31
94 33
94 45
95 10
95 43
96 25
97 67
97 75
99 31
99 40
