195
0 23
0 29
0 58
0 64
0 93
0 99
1 24
1 25
1 27
1 28
1 59
1 60
1 62
1 63
1 94
1 95
1 97
1 98
2 24
2 25
2 27
2 28
2 59
2 60
2 62
2 63
2 94
2 95
2 97
2 98
3 26
3 61
3 96
4 24
4 25
4 27
4 28
4 59
4 60
4 62
4 63
4 94
4 95
4 97
4 98
5 24
5 25
5 27
5 28
5 59
5 60
5 62
5 63
5 94
5 95
5 97
5 98
6 23
6 29
6 58
6 64
6 93
6 99
29 23
29 29
29 58
29 64
29 93
29 99
30 24
30 25
30 27
30 28
30 59
30 60
30 62
30 63
30 94
30 95
30 97
30 98
31 24
31 25
31 27
31 28
31 59
31 60
31 62
31 63
31 94
31 95
31 97
31 98
32 26
32 61
32 96
33 24
33 25
33 27
33 28
33 59
33 60
33 62
33 63
33 94
33 95
33 97
33 98
34 24
34 25
34 27
34 28
34 59
34 60
34 62
34 63
34 94
34 95
34 97
34 98
35 23
35 29
35 58
35 64
35 93
35 99
58 23
58 29
58 58
58 64
58 93
58 99
59 24
59 25
59 27
59 28
59 59
59 60
59 62
59 63
59 94
59 95
59 97
59 98
60 24
60 25
60 27
60 28
60 59
60 60
60 62
60 63
60 94
60 95
60 97
60 98
61 26
61 61
61 96
62 24
62 25
62 27
62 28
62 59
62 60
62 62
62 63
62 94
62 95
62 97
62 98
63 24
63 25
63 27
63 28
63 59
63 60
63 62
63 63
63 94
63 95
63 97
63 98
64 23
64 29
64 58
64 64
64 93
64 99
99 0
99 1
99 2
99 3
99 4
99 5
