200
1 49
1 56
1 73
3 14
3 30
3 37
3 74
3 85
4 3
5 51
6 77
6 78
7 6
7 23
7 24
7 42
7 77
8 17
8 87
9 6
9 65
9 79
11 58
12 5
12 50
12 59
13 2
14 45
14 73
14 85
14 96
14 98
15 30
16 31
16 93
17 7
17 30
17 66
18 16
18 24
19 75
20 44
20 92
21 32
21 45
22 73
24 86
25 47
25 52
26 85
27 54
28 10
28 99
29 17
29 24
29 39
30 10
33 25
34 39
34 87
35 8
36 8
37 10
37 71
38 67
39 11
39 14
40 28
40 47
40 70
41 18
41 47
41 65
42 18
42 21
42 75
42 96
43 4
43 35
43 51
43 99
45 1
45 8
45 27
46 73
47 25
47 60
48 2
48 30
48 90
49 16
49 19
49 22
49 46
49 96
51 93
52 37
52 94
53 16
53 56
53 63
53 64
53 91
54 39
55 35
55 42
55 67
56 20
56 62
57 16
57 25
58 10
58 48
59 16
59 19
60 21
62 28
62 46
62 99
64 49
64 61
64 97
65 26
66 17
66 25
68 1
68 2
68 32
69 66
69 81
70 41
70 46
70 98
71 11
71 27
72 29
72 34
72 73
72 79
72 80
72 81
73 3
73 10
73 57
74 3
76 21
76 30
76 58
77 63
78 23
78 68
78 84
78 94
79 79
80 5
81 15
81 79
82 5
82 8
82 54
82 69
83 8
83 39
83 83
83 85
83 94
84 4
84 8
84 13
84 17
84 46
85 1
85 55
85 88
86 12
86 59
86 71
86 90
87 26
88 0
89 65
90 7
90 22
90 33
90 83
91 28
91 64
91 76
92 38
94 2
95 74
95 85
96 16
96 38
96 98
97 19
97 32
98 12
98 25
98 75
