200
0 0
0 3
0 6
0 9
0 12
0 15
0 18
3 0
3 3
3 6
3 9
3 12
3 15
3 18
6 0
6 3
6 6
6 9
6 12
6 15
9 0
9 3
9 6
9 9
9 12
9 15
12 0
12 3
12 6
12 9
12 12
12 15
15 0
15 3
15 6
15 9
15 12
15 15
18 0
18 3
18 6
18 9
18 12
18 15
21 0
21 3
21 6
21 9
21 12
21 15
24 0
24 3
24 6
24 9
24 12
24 15
27 0
27 3
27 6
27 9
27 12
27 15
30 0
30 3
30 6
30 9
30 12
30 15
33 0
33 3
33 6
33 9
33 12
33 15
36 0
36 3
36 6
36 9
36 12
36 15
39 0
39 3
39 6
39 9
39 12
39 15
42 0
42 3
42 6
42 9
42 12
42 15
45 0
45 3
45 6
45 9
45 12
45 15
48 0
48 3
48 6
48 9
48 12
48 15
51 0
51 3
51 6
51 9
51 12
51 15
54 0
54 3
54 6
54 9
54 12
54 15
57 0
57 3
57 6
57 9
57 12
57 15
60 0
60 3
60 6
60 9
60 12
60 15
63 0
63 3
63 6
63 9
63 12
63 15
66 0
66 3
66 6
66 9
66 12
66 15
69 0
69 3
69 6
69 9
69 12
69 15
72 0
72 3
72 6
72 9
72 12
72 15
75 0
75 3
75 6
75 9
75 12
75 15
78 0
78 3
78 6
78 9
78 12
78 15
81 0
81 3
81 6
81 9
81 12
81 15
84 0
84 3
84 6
84 9
84 12
84 15
87 0
87 3
87 6
87 9
87 12
87 15
90 0
90 3
90 6
90 9
90 12
90 15
93 0
93 3
93 6
93 9
93 12
93 15
96 0
96 3
96 6
96 9
96 12
96 15
