196
0 9
0 40
0 43
0 50
0 68
0 84
1 16
1 22
1 64
2 40
2 54
2 55
2 76
2 92
3 56
4 94
5 73
6 23
8 27
8 29
8 32
9 72
10 3
10 80
11 10
11 86
12 0
12 39
13 4
13 28
13 43
15 90
16 79
16 93
17 14
18 27
18 40
18 41
18 77
18 96
19 8
20 23
20 46
21 5
21 24
21 28
22 3
22 29
24 40
24 43
24 85
24 94
25 10
25 91
28 87
30 64
30 66
32 56
32 63
32 64
32 93
33 30
34 60
34 74
34 99
35 4
36 26
36 90
37 61
38 50
38 92
38 93
39 22
40 8
40 12
40 78
41 24
41 62
41 69
43 62
43 64
43 84
44 1
44 32
44 46
44 52
44 62
44 72
45 5
45 32
45 48
45 53
45 69
46 59
46 75
46 82
46 87
46 91
47 12
47 39
48 22
48 41
48 50
49 4
49 7
49 47
50 22
50 49
50 90
52 8
53 14
53 18
53 19
53 32
53 38
54 28
55 32
55 56
56 8
56 16
56 62
56 64
56 90
57 23
58 34
59 17
59 96
60 9
60 45
60 57
60 72
60 87
60 90
60 94
61 30
61 70
63 3
63 35
64 33
66 7
66 21
66 35
67 43
68 52
69 31
70 43
70 53
71 36
72 55
73 5
74 5
74 16
74 43
75 26
75 38
75 97
76 38
76 91
78 62
79 7
79 12
79 69
79 89
80 0
80 85
80 90
81 40
81 41
81 42
82 23
82 92
83 33
83 53
84 92
86 58
86 61
87 79
87 80
87 84
90 5
90 8
90 36
90 79
90 97
91 33
91 82
93 77
94 11
94 15
94 67
95 92
96 41
97 39
97 69
98 10
98 14
