200
1 88
2 58
2 70
3 47
3 56
3 57
3 63
4 2
4 16
5 35
5 64
6 12
6 40
6 68
7 0
8 13
8 15
8 35
8 65
9 69
10 71
11 2
11 65
11 89
12 38
12 45
12 85
12 86
13 96
14 50
15 15
15 77
16 6
16 37
17 59
17 66
18 49
18 90
18 94
20 87
21 83
22 39
22 48
22 80
24 48
24 59
25 9
25 38
26 26
27 3
27 6
27 18
27 75
28 31
28 89
29 1
30 47
31 3
31 81
31 89
32 66
33 51
33 64
34 33
35 31
35 44
35 69
35 96
35 99
36 39
37 36
37 87
38 3
38 11
38 76
39 63
39 79
40 26
40 34
40 81
41 23
41 34
41 83
41 86
43 40
43 69
43 84
44 5
44 26
44 51
44 70
45 32
45 47
45 50
46 6
46 23
46 25
47 84
50 8
50 26
50 44
50 50
50 63
52 58
54 14
55 21
57 67
57 93
59 6
60 60
61 60
62 86
63 16
64 59
64 74
64 82
65 16
65 57
65 59
65 84
66 15
66 17
66 36
66 54
66 84
68 55
69 12
69 25
69 92
70 19
70 45
70 96
71 7
71 41
71 74
71 83
72 19
72 31
72 46
73 22
73 76
73 82
74 2
74 4
74 35
74 50
74 65
76 20
76 88
77 37
77 73
78 2
78 79
79 45
79 55
79 71
80 12
80 38
81 55
82 3
82 31
82 85
83 33
84 7
85 5
85 47
85 49
85 93
86 1
86 22
86 93
87 10
87 16
87 19
87 36
87 89
88 49
88 50
89 47
89 70
90 39
90 58
90 76
91 31
91 69
91 76
92 74
92 96
93 62
94 36
94 49
94 71
95 90
96 58
97 35
97 41
99 1
99 51
99 58
99 81
