200
0 13
0 19
0 56
1 37
2 37
2 64
3 2
3 69
4 20
4 76
5 62
5 80
5 84
6 44
7 1
7 8
8 26
8 55
8 73
9 44
9 58
11 33
12 9
12 76
12 91
13 51
13 54
13 66
13 87
14 60
14 91
15 10
15 76
15 92
16 68
16 74
16 76
16 80
17 13
17 51
17 62
18 42
18 73
18 78
20 30
20 81
20 93
21 20
21 49
21 85
21 99
24 38
24 59
24 96
25 27
25 28
25 50
26 44
26 89
27 73
27 75
28 27
30 45
30 57
32 29
32 56
32 93
33 83
34 3
34 41
34 46
34 64
35 42
35 59
36 88
37 12
37 59
37 99
38 10
38 12
38 59
38 72
38 76
39 22
39 73
40 6
42 14
42 49
42 56
42 99
43 0
43 20
43 67
43 97
44 10
44 58
44 63
44 71
46 31
46 80
47 19
47 52
47 53
47 62
47 78
48 10
48 21
48 81
48 83
48 86
49 21
49 44
50 13
50 75
51 40
51 80
53 0
53 2
53 25
53 68
53 88
54 6
55 95
56 32
56 43
56 55
56 93
57 6
57 36
57 98
58 74
59 54
60 19
60 34
60 41
60 44
60 97
61 13
62 95
63 30
63 77
64 34
64 68
65 38
65 41
66 22
66 64
67 30
68 54
68 55
69 18
69 85
70 12
70 90
71 2
71 11
71 20
71 24
71 30
71 50
71 63
72 71
73 31
73 55
74 15
74 46
77 79
79 95
80 40
80 75
81 21
81 60
81 74
82 78
83 58
83 97
84 48
84 70
84 73
85 10
85 50
86 61
86 98
87 20
87 79
87 84
88 16
89 67
90 40
90 49
92 33
92 69
93 36
93 63
97 17
97 30
97 39
97 95
98 36
99 0
