205
0 1
0 18
0 93
2 6
3 13
3 79
4 20
4 57
4 66
5 19
6 16
6 18
7 75
8 14
9 47
9 77
10 8
11 21
12 27
12 70
12 73
13 49
13 62
14 59
15 43
15 61
15 93
16 51
17 93
18 2
18 6
18 25
18 52
18 72
18 74
18 80
19 69
19 85
22 47
22 50
23 17
23 36
23 66
23 74
23 86
24 10
24 97
26 18
26 68
26 80
27 44
27 55
27 63
27 75
28 2
29 37
29 46
30 5
30 30
31 4
31 48
31 50
31 78
32 39
32 72
33 57
33 60
33 65
33 66
34 31
34 33
35 28
35 42
36 58
36 68
36 91
37 87
38 3
38 4
38 7
38 21
38 30
38 56
39 38
39 93
40 6
41 45
41 90
42 30
42 41
42 52
43 30
44 47
45 41
45 45
46 2
46 24
46 31
46 36
46 59
46 81
47 24
47 61
47 70
48 61
48 77
48 89
49 4
49 89
50 17
50 53
50 55
51 20
51 97
52 33
52 61
53 14
53 30
53 38
53 46
54 2
55 38
56 45
56 83
57 36
57 47
57 55
58 34
58 43
58 56
58 81
58 84
59 16
59 69
60 43
60 46
60 64
61 20
61 97
62 2
62 23
62 65
62 90
63 37
63 70
64 23
64 80
65 81
66 21
66 51
66 77
66 80
67 63
68 37
68 85
69 25
70 13
70 51
70 62
71 31
73 6
73 84
73 95
75 99
76 11
76 62
76 87
77 64
77 75
77 77
78 21
80 54
80 57
80 77
81 40
81 74
82 58
85 64
86 19
86 49
86 95
87 28
87 31
87 63
87 73
87 93
89 30
89 37
89 44
89 71
89 72
90 72
91 10
92 92
93 44
93 99
94 16
95 83
97 31
97 38
98 29
98 47
98 52
99 20
99 30
