205
0 73
1 2
2 21
2 25
2 44
3 34
3 71
3 79
4 54
4 55
5 25
6 49
6 88
8 14
8 61
9 62
9 83
10 37
10 54
10 80
12 31
13 22
13 25
13 98
14 93
15 9
16 18
17 54
17 65
18 36
18 48
19 16
19 24
19 36
19 90
20 24
20 64
20 88
21 89
22 9
22 17
22 35
23 11
24 13
25 86
27 5
27 15
27 24
27 49
27 72
27 93
28 13
28 17
28 33
29 26
29 32
29 53
30 58
31 14
31 65
31 88
32 33
33 43
33 53
33 58
34 37
34 94
35 22
36 8
37 56
38 61
39 80
40 0
40 9
40 14
40 43
40 45
40 49
40 62
41 20
41 37
41 65
41 78
43 60
45 31
45 35
46 43
47 23
47 44
47 61
47 73
48 75
49 5
49 7
49 74
50 19
50 45
50 87
52 7
52 34
52 43
53 45
53 48
54 6
55 34
55 68
56 57
56 92
57 33
57 51
57 91
57 94
58 13
58 43
59 61
60 38
60 60
61 87
62 43
62 60
63 11
63 12
63 59
64 2
64 4
64 8
64 12
65 30
66 36
66 45
68 72
68 76
69 36
69 84
69 99
70 77
71 1
71 72
71 75
71 84
71 89
72 4
73 28
73 54
73 96
74 6
74 23
74 32
75 27
75 60
76 30
76 31
76 34
76 59
78 28
78 53
78 63
78 66
78 68
78 96
79 39
79 74
79 97
80 19
80 83
80 99
81 6
81 46
81 91
82 69
82 77
83 27
83 60
83 61
83 66
84 1
84 64
84 88
85 9
85 72
86 0
86 21
86 24
86 51
86 56
86 60
86 69
87 6
87 72
87 90
88 78
89 61
89 72
89 83
90 12
91 96
92 59
92 74
95 26
95 91
96 23
97 44
98 58
99 47
99 49
