200
0 8
0 29
0 52
0 75
1 32
1 46
1 49
2 52
2 53
2 56
3 31
3 50
3 76
4 64
4 83
5 4
5 57
6 71
7 50
7 54
8 56
8 69
9 42
9 81
9 95
10 41
10 58
11 13
11 16
11 53
11 57
12 3
12 74
12 90
12 96
13 85
14 89
15 18
15 23
15 40
17 57
18 7
18 58
18 85
18 90
19 31
19 33
19 49
20 33
20 95
21 8
21 20
21 54
21 66
21 84
22 18
22 33
22 87
23 9
23 17
23 18
23 36
23 49
24 5
24 32
24 87
25 13
26 0
26 24
26 38
26 41
26 77
28 7
28 31
28 56
29 92
31 20
32 37
35 27
35 53
35 61
35 67
35 76
36 85
37 24
37 69
38 16
38 91
38 98
40 50
41 70
41 97
42 79
43 10
43 38
44 79
45 17
45 86
47 35
47 63
47 67
47 76
51 16
51 18
51 39
51 47
51 91
52 46
52 70
53 48
54 12
54 28
54 80
55 39
55 43
56 28
56 45
56 56
57 97
58 16
58 21
58 46
59 46
61 34
61 74
62 27
63 69
64 74
66 31
66 89
66 94
66 95
67 41
67 45
67 47
67 89
68 80
68 82
69 1
69 6
69 26
69 34
70 69
70 82
70 99
72 5
72 12
72 86
73 16
73 64
74 1
75 28
75 32
76 32
76 99
77 30
77 36
77 44
79 31
81 19
81 30
81 34
81 55
81 95
82 29
82 87
82 94
84 71
84 76
84 97
85 79
86 30
86 38
87 18
87 32
87 40
87 41
88 31
88 89
89 16
89 86
90 51
91 90
91 94
92 11
92 15
92 34
93 6
93 13
93 42
93 71
93 97
94 31
94 66
95 7
97 19
98 4
98 9
99 32
99 77
