198
0 16
0 20
0 80
0 89
1 48
1 49
1 52
1 84
2 33
2 65
2 76
2 89
3 38
3 54
4 14
4 81
5 74
5 76
7 63
7 77
8 15
8 30
9 38
9 66
9 84
12 82
12 96
13 1
13 37
14 51
15 3
15 31
15 50
15 74
15 89
16 31
17 81
17 95
18 24
19 96
20 11
20 25
21 37
21 43
21 56
21 81
22 62
23 17
23 25
23 43
23 56
23 62
23 73
24 3
24 90
25 74
26 11
26 53
27 17
27 78
28 67
29 9
29 26
29 53
29 75
30 82
31 27
31 74
32 14
32 97
33 6
34 11
34 66
35 20
35 53
36 18
36 26
36 37
36 49
36 64
36 80
36 93
38 71
38 80
38 96
39 46
39 56
39 60
40 17
41 19
41 60
42 13
42 75
43 88
43 92
45 91
45 96
46 1
46 68
47 58
48 58
48 68
48 69
49 26
49 78
49 95
51 22
51 37
52 53
53 9
53 12
53 43
53 77
53 96
54 10
54 27
55 24
56 24
58 69
58 73
58 97
59 0
59 14
60 12
60 51
60 67
60 87
61 85
62 4
62 24
62 54
63 13
63 42
64 30
64 33
65 54
66 32
67 19
67 34
67 58
70 13
71 32
71 80
72 20
72 22
74 62
75 18
75 42
76 10
76 97
77 18
78 50
78 68
80 7
80 13
80 29
81 15
81 83
82 73
84 57
85 32
85 65
85 69
85 73
85 83
86 3
86 7
86 89
86 92
87 35
87 43
87 56
87 58
88 5
89 13
89 31
89 41
89 52
90 72
91 7
91 75
91 99
92 67
92 71
93 51
93 68
95 5
95 9
95 64
95 73
96 70
97 83
98 16
98 45
98 52
99 5
99 29
99 47
