196
0 50
0 59
0 85
1 78
1 95
2 40
3 60
3 84
4 55
4 92
5 72
6 39
6 58
6 99
7 40
7 41
7 60
7 61
7 82
8 6
8 27
9 3
9 98
11 83
12 29
12 85
12 98
13 52
13 58
13 74
13 86
14 8
14 18
14 26
14 51
14 78
16 30
16 66
16 85
16 90
17 38
17 98
19 45
20 54
20 77
21 12
21 69
22 54
22 57
23 60
23 85
24 92
25 26
26 71
26 78
27 8
27 14
27 33
27 65
28 65
30 75
30 89
31 5
31 76
32 29
32 31
32 36
32 51
32 61
32 70
32 75
32 84
33 28
33 92
34 24
34 82
35 64
35 90
36 15
37 20
38 62
39 77
39 87
40 16
40 74
42 22
42 86
43 63
45 6
46 48
46 63
47 62
48 20
48 41
48 78
49 78
51 32
51 48
52 34
52 82
53 11
53 25
53 37
53 72
55 92
56 39
56 57
56 84
57 86
59 5
60 45
60 90
61 4
61 73
61 78
62 58
62 92
65 3
66 83
67 11
67 65
67 78
68 11
68 15
68 53
69 74
70 0
70 21
70 58
70 75
70 79
71 36
72 34
72 35
73 9
73 41
74 46
74 91
75 11
75 36
76 29
76 61
77 40
78 87
79 30
79 40
79 63
80 13
80 74
81 47
81 66
81 89
81 90
82 11
82 17
82 31
82 35
82 93
84 17
84 47
84 93
86 84
86 92
88 81
88 96
89 6
89 20
89 31
89 37
89 66
90 85
90 94
91 72
91 78
92 28
92 62
92 65
92 93
93 5
93 67
94 22
95 15
95 23
96 48
96 64
97 11
97 20
97 37
97 51
97 90
98 24
98 27
98 48
98 58
98 66
99 4
