195
0 3
0 5
0 27
0 59
1 7
1 19
1 52
1 89
2 20
2 89
3 14
3 96
4 58
4 74
5 20
5 25
5 55
5 57
5 86
5 88
5 96
5 99
6 28
6 41
6 98
7 40
7 98
8 20
8 43
8 64
8 76
8 85
8 92
10 14
10 21
10 26
10 46
10 49
10 58
10 62
10 94
11 58
11 72
11 84
11 89
12 27
12 47
13 31
13 33
13 68
13 81
13 96
13 98
14 18
14 32
14 54
14 78
15 39
15 91
16 27
16 40
16 57
16 79
16 93
17 44
17 49
17 83
17 84
18 38
18 98
19 41
19 46
19 96
20 30
21 24
21 48
21 77
22 35
22 40
22 43
22 66
22 74
22 88
23 27
23 69
23 99
24 44
24 92
26 90
27 35
27 60
27 64
28 42
28 61
28 88
28 97
29 34
29 66
29 68
29 83
30 65
30 87
31 54
31 62
31 91
32 33
33 56
33 68
33 71
34 44
34 67
34 77
35 52
35 74
35 99
36 60
36 88
36 90
38 68
38 78
39 62
40 62
40 87
42 69
42 72
42 74
42 78
42 81
42 91
43 68
44 51
44 70
45 50
45 65
45 75
45 94
46 75
47 56
47 91
49 62
49 66
49 71
49 78
49 88
50 52
50 56
50 88
50 93
52 61
52 67
52 76
54 70
55 84
56 75
57 77
58 95
59 81
60 63
60 91
61 94
61 97
62 64
62 65
63 69
64 72
65 86
65 88
66 73
66 77
66 80
67 87
67 92
67 93
68 80
68 84
68 95
70 75
70 80
72 87
72 98
75 91
76 79
78 84
78 87
81 89
82 92
86 98
87 95
89 92
90 94
90 96
90 99
91 93
93 94
96 99
