197
1 1
1 99
2 2
2 98
3 3
3 97
4 4
4 96
5 5
5 95
6 6
6 94
7 7
7 93
8 8
8 92
9 9
9 91
10 10
10 90
11 11
11 89
12 12
12 88
13 13
13 87
14 14
14 86
15 15
15 85
16 16
16 84
17 17
17 83
18 18
18 82
19 19
19 81
20 20
20 80
21 21
21 79
22 22
22 78
23 23
23 77
24 24
24 76
25 25
25 75
26 26
26 74
27 27
27 73
28 28
28 72
29 29
29 71
30 30
30 70
31 31
31 69
32 32
32 68
33 33
33 67
34 34
34 66
35 35
35 65
36 36
36 64
37 37
37 63
38 38
38 62
39 39
39 61
40 40
40 60
41 41
41 59
42 42
42 58
43 43
43 57
44 44
44 56
45 45
45 55
46 46
46 54
47 47
47 53
48 48
48 52
49 49
49 51
50 50
51 49
51 51
52 48
52 52
53 47
53 53
54 46
54 54
55 45
55 55
56 44
56 56
57 43
57 57
58 42
58 58
59 41
59 59
60 40
60 60
61 39
61 61
62 38
62 62
63 37
63 63
64 36
64 64
65 35
65 65
66 34
66 66
67 33
67 67
68 32
68 68
69 31
69 69
70 30
70 70
71 29
71 71
72 28
72 72
73 27
73 73
74 26
74 74
75 25
75 75
76 24
76 76
77 23
77 77
78 22
78 78
79 21
79 79
80 20
80 80
81 19
81 81
82 18
82 82
83 17
83 83
84 16
84 84
85 15
85 85
86 14
86 86
87 13
87 87
88 12
88 88
89 11
89 89
90 10
90 90
91 9
91 91
92 8
92 92
93 7
93 93
94 6
94 94
95 5
95 95
96 4
96 96
97 3
97 97
98 2
98 98
99 1
99 99
