200
1 36
1 58
2 8
2 62
2 71
4 71
5 54
6 77
6 97
6 99
7 8
7 49
8 22
8 76
8 95
9 63
9 65
9 74
10 9
10 45
10 96
11 67
11 68
11 72
11 73
11 93
12 47
13 11
14 47
14 53
14 89
15 6
16 23
17 76
17 79
17 89
18 30
18 51
18 56
18 59
18 60
20 24
20 39
20 70
20 97
21 17
21 34
21 40
22 67
23 8
23 28
24 36
24 38
24 49
24 53
24 67
24 75
25 9
26 26
26 66
26 68
26 69
27 19
27 29
27 96
28 87
28 92
29 13
29 45
29 47
30 86
31 69
32 50
33 10
34 8
35 96
36 6
36 10
36 67
36 70
36 87
37 22
37 41
37 48
37 54
37 88
38 17
39 3
41 7
42 43
42 64
44 1
44 11
44 47
44 72
46 96
47 12
47 26
47 48
47 51
48 28
48 33
50 48
50 92
50 99
51 10
51 21
51 51
52 80
53 3
53 96
54 49
56 18
56 21
56 63
56 90
56 98
57 72
58 3
58 41
58 78
59 34
59 53
59 80
60 13
61 14
61 53
61 60
62 25
62 42
62 49
63 14
63 71
63 97
64 24
64 67
64 87
65 13
66 2
67 17
70 10
70 15
70 59
70 70
71 14
71 24
73 42
73 46
74 10
74 34
74 36
75 28
75 46
75 62
76 33
77 33
77 67
78 2
78 14
78 92
79 75
80 78
81 14
82 17
83 67
83 81
84 27
84 94
85 29
85 91
86 28
86 51
86 61
87 24
88 23
88 87
89 21
89 38
89 59
89 78
89 83
89 86
90 75
91 84
91 87
92 6
92 19
92 61
93 88
94 41
95 1
95 12
95 62
96 89
96 92
97 15
97 29
97 59
98 32
98 93
