200
0 28
0 86
1 58
1 72
2 53
2 96
3 40
3 43
4 12
4 97
5 10
5 85
6 36
6 95
7 14
7 67
8 79
8 90
9 25
9 35
10 44
10 59
11 1
11 16
12 37
12 60
13 21
13 31
14 11
14 87
15 19
15 33
16 24
16 42
17 37
17 60
18 49
18 65
19 23
19 98
20 0
20 18
21 3
21 8
22 12
22 97
23 45
23 99
24 9
24 76
25 62
25 92
26 40
26 43
27 0
27 18
28 15
28 55
29 4
29 30
30 79
30 90
31 5
31 77
32 22
32 46
33 71
33 81
34 51
34 89
35 52
35 57
36 52
36 57
37 44
37 59
38 14
38 67
39 24
39 42
40 50
40 68
41 36
41 95
42 1
42 16
43 29
43 66
44 20
44 27
45 71
45 81
46 20
46 27
47 23
47 98
48 19
48 33
49 75
49 83
50 25
50 35
51 64
51 91
52 9
52 76
53 56
53 82
54 28
54 86
55 10
55 85
56 73
56 84
57 7
57 41
58 49
58 65
59 32
59 48
60 17
60 39
61 21
61 31
62 11
62 87
63 61
63 63
64 6
64 88
65 74
65 78
66 4
66 30
67 22
67 46
68 45
68 99
69 6
69 88
70 13
70 34
71 2
71 69
72 7
72 41
73 51
73 89
74 53
74 96
75 58
75 72
76 3
76 8
77 17
77 39
78 64
78 91
79 50
79 68
80 2
80 69
81 15
81 55
82 54
82 80
83 26
83 38
84 13
84 34
85 73
85 84
86 62
86 92
87 74
87 78
88 56
88 82
89 32
89 48
90 29
90 66
91 5
91 77
92 70
92 94
93 54
93 80
94 75
94 83
95 47
95 93
96 70
96 94
97 61
97 63
98 47
98 93
99 26
99 38
