196
0 75
0 78
1 76
2 28
2 93
3 0
3 97
4 13
4 56
5 15
5 31
6 36
6 81
7 5
7 8
7 63
8 35
8 97
9 60
9 61
9 67
10 44
10 47
10 81
11 51
11 78
13 11
14 48
14 61
14 74
15 64
15 88
16 18
18 56
18 93
20 15
20 20
20 37
21 45
23 58
23 69
24 34
24 74
24 92
25 58
25 71
25 80
26 92
27 17
27 75
28 55
28 94
29 9
29 12
29 98
30 9
30 99
31 23
31 25
31 63
34 52
34 73
35 95
35 98
36 44
37 48
38 69
38 80
38 82
39 29
40 9
40 25
40 98
41 35
41 58
42 20
42 23
42 25
42 56
43 4
43 20
43 94
44 6
44 12
44 95
44 96
45 10
45 25
46 80
46 94
48 0
48 6
48 37
48 53
49 36
50 7
50 23
50 53
50 82
51 50
51 65
51 87
51 88
53 20
53 70
53 87
54 25
54 27
54 35
55 33
55 87
56 53
57 51
57 61
57 62
57 63
57 95
58 30
58 97
58 99
59 7
59 23
59 59
60 42
60 56
60 77
60 99
61 90
62 47
63 6
63 36
64 88
65 5
65 65
65 79
66 17
67 22
67 41
67 55
67 73
68 39
69 2
69 71
70 69
71 21
72 14
72 53
73 22
73 51
74 1
74 28
75 26
75 41
75 70
75 78
77 42
78 74
79 95
80 19
80 22
80 34
80 50
80 58
81 49
81 59
81 77
82 47
83 93
84 19
85 46
86 25
86 28
86 95
88 84
88 95
89 49
89 80
90 55
91 7
91 44
92 3
92 53
93 1
93 25
94 1
94 8
94 46
95 75
96 73
96 76
97 3
97 15
98 59
99 15
99 38
99 54
