198
0 11
0 55
2 22
2 31
2 34
4 38
4 88
5 50
6 35
6 43
7 72
9 84
10 0
10 41
10 45
10 62
10 64
10 65
10 84
10 94
11 18
11 65
11 75
11 84
12 96
13 32
13 41
14 23
14 38
14 82
16 30
16 92
17 0
17 14
17 53
17 86
19 33
19 69
19 77
20 8
20 25
20 31
20 44
22 59
22 67
22 88
23 37
23 66
24 36
24 45
25 26
25 31
26 30
26 57
27 54
27 84
27 86
28 82
29 63
31 16
33 27
35 14
35 96
37 85
37 88
38 84
39 19
39 27
41 45
41 71
42 75
43 32
43 77
44 18
44 56
44 73
44 98
45 10
45 44
46 94
47 45
47 53
47 85
47 96
48 11
48 16
49 1
49 17
49 81
49 85
49 90
50 14
50 50
50 68
50 74
50 95
51 24
52 1
52 18
52 35
52 42
52 45
52 47
52 50
52 90
54 73
54 77
55 44
57 31
57 54
57 97
58 13
58 17
58 27
59 10
59 91
60 1
60 23
61 63
62 95
63 37
63 79
63 90
64 16
64 72
65 23
65 29
65 64
66 28
66 95
67 13
67 54
67 56
67 71
68 90
69 12
70 46
71 73
72 18
72 76
73 27
74 0
75 37
76 35
76 47
77 6
77 21
77 59
77 88
78 12
78 21
79 46
79 56
79 66
80 57
80 93
80 97
81 44
81 63
81 71
82 45
82 56
82 99
83 71
84 25
85 3
85 16
85 30
85 40
85 41
86 21
86 39
86 52
87 16
87 17
87 44
89 80
91 90
91 96
92 31
92 32
92 49
93 47
94 87
95 35
95 44
95 58
96 3
96 6
96 51
96 91
97 37
97 76
98 11
98 65
98 93
99 0
99 16
