201
1 0
1 18
1 33
1 75
2 5
3 5
3 11
3 45
3 78
4 31
4 76
4 94
5 25
5 61
5 68
5 78
5 99
6 47
6 91
6 95
8 28
8 79
8 81
9 5
9 13
9 29
9 39
9 69
10 22
11 34
11 45
12 0
12 25
13 15
13 22
13 23
14 37
14 58
16 27
16 59
16 94
17 9
17 34
18 21
18 26
18 30
18 66
18 92
19 48
19 92
20 94
21 54
21 59
21 81
21 83
22 6
22 31
22 66
22 77
23 50
24 0
24 4
24 14
25 89
26 21
26 24
27 16
27 88
29 74
30 2
30 43
30 44
31 13
31 56
31 66
31 78
33 54
33 55
33 57
34 6
34 7
34 12
35 36
35 39
35 63
36 0
36 13
36 25
36 35
36 72
37 22
38 85
39 9
39 34
40 20
40 49
40 69
40 82
41 44
42 86
43 2
43 51
43 61
43 89
44 26
45 1
45 14
45 45
46 1
46 50
46 57
47 27
47 29
47 34
47 41
47 86
48 45
48 64
49 28
50 19
50 59
51 3
51 26
52 10
52 66
55 44
55 79
56 63
56 77
56 84
57 27
58 18
58 49
58 85
59 10
60 24
60 64
60 71
61 19
62 7
62 12
62 96
64 14
65 22
67 3
67 15
67 61
67 77
68 27
68 76
69 48
70 89
71 11
72 69
72 92
72 97
73 57
74 51
74 88
75 66
76 59
77 60
79 34
80 54
82 1
82 17
83 4
83 40
83 51
84 13
85 25
86 28
86 80
87 4
87 68
88 27
88 64
88 86
89 14
89 34
89 37
89 44
90 1
90 28
90 45
90 53
91 13
91 16
92 50
92 53
92 99
93 6
93 61
94 7
94 60
94 90
95 11
95 49
96 13
96 22
97 82
