195
0 70
0 79
1 31
1 83
2 15
2 83
3 15
3 94
4 43
4 45
5 97
6 0
6 2
7 95
8 24
8 37
8 90
9 36
9 62
9 91
10 18
11 68
12 39
12 61
13 56
13 69
13 75
13 81
14 84
15 41
15 94
16 10
16 29
16 45
17 11
17 44
17 85
20 23
20 84
20 93
21 72
21 78
21 89
22 36
23 54
24 81
25 52
27 38
27 39
28 24
28 71
28 79
29 98
30 15
30 52
30 66
30 92
31 20
31 88
32 21
32 50
33 37
34 28
35 36
35 52
35 98
36 19
36 28
36 75
37 40
38 44
38 52
40 65
41 3
42 15
42 20
42 75
43 38
44 9
44 34
44 41
44 43
44 48
46 52
46 94
47 91
48 38
48 54
48 93
48 96
49 9
49 36
49 70
50 14
50 34
50 77
50 86
51 33
51 94
52 11
52 37
52 60
53 24
54 35
54 70
54 73
54 95
55 51
55 88
56 74
57 37
57 62
58 62
59 10
59 30
60 46
60 80
60 99
61 52
61 81
61 82
62 0
62 39
62 49
64 10
65 37
66 36
66 74
67 81
68 22
68 40
68 69
70 9
70 44
71 41
71 97
73 81
74 20
74 24
75 9
75 71
76 97
77 11
77 39
77 67
78 42
78 45
78 88
78 91
80 17
80 34
80 72
81 81
81 96
82 81
82 96
82 98
83 1
83 55
83 90
84 41
85 2
85 37
85 75
86 76
87 0
87 8
87 15
87 58
87 72
88 13
88 31
89 35
89 58
89 69
90 18
90 51
91 16
92 44
92 48
94 22
94 40
94 73
95 0
95 28
96 32
96 47
96 56
97 51
98 8
98 15
98 46
98 89
99 26
99 44
