195
0 26
0 37
0 70
0 79
1 17
1 79
1 92
2 72
3 6
3 23
3 25
4 71
5 50
5 66
5 83
6 65
7 71
8 1
8 71
9 54
10 88
11 17
16 31
19 32
19 62
20 6
20 62
20 88
21 3
21 19
21 26
21 57
22 22
22 80
23 13
24 16
24 69
26 13
26 89
27 16
27 44
28 8
28 53
28 73
30 7
30 13
30 14
30 46
30 59
30 80
31 5
31 13
31 64
31 65
31 70
32 34
32 70
33 46
33 75
34 92
35 16
35 39
35 51
36 12
36 18
37 35
37 51
37 59
37 89
37 99
38 32
38 54
38 92
38 95
39 16
39 46
40 60
40 62
40 68
42 32
43 45
43 52
43 75
44 83
44 84
45 24
46 23
46 45
46 63
47 99
48 6
48 42
48 63
49 46
50 69
51 84
51 95
53 59
54 13
54 47
54 74
55 40
55 76
56 21
56 51
56 57
56 62
56 76
56 77
56 88
57 24
57 25
57 57
58 35
58 61
58 96
59 36
59 37
59 70
61 12
62 11
62 81
63 15
64 23
64 34
65 6
65 23
65 57
66 24
66 82
67 15
67 31
67 38
68 0
69 5
69 27
69 37
69 96
69 98
70 37
70 91
71 55
72 1
72 19
72 31
72 36
73 10
73 87
74 93
75 21
76 2
77 38
78 2
78 21
78 34
78 43
79 16
79 33
79 80
79 96
80 35
80 54
81 27
81 77
82 75
84 41
84 93
85 65
86 66
88 3
88 81
89 13
89 27
89 55
90 18
91 7
91 92
92 12
93 11
93 86
94 4
94 24
96 13
96 15
97 30
97 63
97 66
97 71
97 87
98 18
98 70
98 87
99 17
99 29
99 39
