200
0 57
0 68
1 0
1 29
1 45
1 70
2 8
2 29
2 51
2 95
3 23
3 40
4 29
4 61
4 94
5 44
6 85
7 41
7 73
9 37
9 46
9 51
9 65
10 84
11 15
11 46
11 58
11 80
12 17
12 34
13 19
13 63
15 2
15 40
16 31
16 41
17 15
17 53
17 63
19 5
19 70
19 71
20 74
21 86
22 23
22 46
22 63
23 63
23 97
24 34
25 48
26 23
26 78
27 12
27 45
27 74
27 97
28 54
29 4
29 42
29 46
29 51
29 68
30 79
30 83
30 95
32 64
34 34
34 41
34 78
34 89
34 93
36 63
37 28
38 2
38 53
38 65
38 78
38 85
40 18
40 42
40 46
41 0
41 62
42 24
42 41
42 45
43 42
44 23
44 26
44 61
44 89
45 66
45 92
46 68
46 70
47 66
48 1
48 93
49 63
49 70
50 3
50 5
50 61
51 42
51 59
51 81
52 26
53 1
53 92
55 6
55 64
55 74
56 64
57 31
57 67
58 2
58 17
58 33
58 74
59 43
59 86
60 60
60 93
61 58
61 84
62 58
62 75
63 56
63 62
63 67
64 0
64 25
64 44
64 79
65 85
66 0
66 14
66 31
66 79
69 8
69 48
69 62
69 66
69 87
69 90
70 79
70 95
70 96
71 88
72 35
72 44
72 66
73 70
74 33
74 66
74 82
74 97
75 65
75 79
75 88
76 86
76 98
77 42
77 67
79 21
79 80
80 17
80 27
80 34
80 49
82 20
83 29
84 36
84 45
85 61
85 76
86 21
87 6
88 91
89 82
90 41
90 52
90 74
91 22
91 39
91 77
92 95
93 35
94 7
95 24
95 33
95 38
95 96
96 28
97 37
97 41
98 51
98 75
99 79
