198
0 9
0 49
0 76
0 92
1 87
2 14
2 75
3 94
4 3
5 84
5 93
6 14
6 74
6 83
7 29
7 51
7 65
7 74
7 95
8 4
8 43
8 49
8 76
8 86
8 97
9 56
9 77
10 10
10 23
10 70
11 27
11 96
12 12
13 11
13 31
13 80
15 48
15 72
16 16
16 85
17 31
17 54
18 33
19 24
19 27
19 80
20 58
20 69
20 87
21 48
22 64
23 35
24 24
25 19
26 85
27 69
27 72
27 83
28 17
28 87
29 4
29 12
29 64
29 98
30 7
30 21
30 51
30 72
31 20
31 28
31 60
31 74
32 70
33 26
33 50
33 58
33 67
34 8
34 81
34 89
35 0
35 31
35 85
36 54
37 10
37 27
37 55
37 80
38 81
40 7
40 30
40 51
41 62
41 98
42 9
43 14
43 35
45 44
45 54
46 20
46 39
47 45
47 97
48 12
48 35
48 76
51 7
51 46
51 85
52 24
52 59
52 62
53 28
53 84
54 74
54 76
56 66
57 15
57 75
58 68
58 81
59 31
59 48
59 67
61 27
61 64
62 27
63 50
64 77
64 97
65 30
65 63
66 40
67 20
68 33
68 57
68 93
68 98
69 1
69 11
69 16
70 12
70 21
70 29
71 25
71 84
73 24
73 60
74 72
75 28
75 54
76 5
77 3
77 33
77 54
79 10
79 46
81 14
81 21
82 12
82 38
82 58
83 47
84 55
84 60
85 91
86 83
86 94
87 68
87 82
88 25
88 71
89 54
89 69
89 93
90 8
90 80
91 39
91 40
91 62
91 83
92 14
92 33
92 73
93 6
93 43
93 62
94 13
94 69
95 71
95 74
96 34
96 93
97 20
97 43
98 82
99 7
99 67
