200
1 1
1 19
1 21
1 66
1 91
1 99
2 4
2 12
2 19
2 34
2 99
3 5
3 7
3 11
3 12
3 18
3 47
3 75
4 35
4 55
5 4
5 8
5 58
5 94
6 4
6 64
8 35
9 5
9 85
10 11
10 17
10 18
10 77
10 87
10 88
10 97
11 4
11 11
11 15
11 17
11 18
11 19
11 36
11 39
11 66
11 81
11 86
11 91
11 95
11 96
12 1
12 4
12 14
12 15
12 19
12 25
12 26
12 35
12 46
12 75
12 85
12 95
13 5
13 7
13 12
13 14
13 15
13 16
13 17
13 18
13 21
13 35
13 48
13 55
13 76
13 86
13 95
13 96
14 4
14 8
14 11
14 12
14 14
14 15
14 17
14 18
14 37
14 45
14 88
14 98
15 38
16 4
16 44
16 54
18 39
18 79
21 1
21 91
22 1
22 4
22 19
22 24
22 46
22 56
22 89
23 5
23 18
23 26
23 55
23 58
23 65
23 76
27 1
27 11
27 31
28 3
28 35
32 1
32 4
32 12
32 21
32 54
32 91
33 7
33 12
33 18
33 19
33 27
33 37
33 47
33 92
33 98
35 30
35 32
35 35
37 14
39 5
39 65
39 75
41 1
41 19
42 12
42 19
43 7
43 67
45 4
45 8
45 45
45 48
45 74
45 84
45 85
45 95
47 14
47 84
47 94
49 14
49 41
49 54
51 15
52 19
52 46
55 8
55 78
57 14
63 12
63 92
66 4
66 84
71 19
71 26
72 15
72 19
73 5
73 26
73 95
74 15
77 14
77 34
78 39
81 19
81 26
82 12
82 15
84 1
84 15
84 18
89 5
89 15
91 19
91 26
92 12
92 15
92 21
93 12
93 47
94 14
94 15
95 4
95 14
