200
0 60
1 39
1 42
1 45
1 57
1 70
1 81
2 60
3 21
3 75
4 35
4 59
7 35
7 40
7 63
8 54
10 57
11 10
11 36
11 84
13 93
13 98
14 32
14 77
15 33
15 97
16 1
16 4
16 74
17 38
17 67
17 93
18 6
18 18
18 23
18 25
18 46
18 91
18 94
18 97
19 96
19 98
20 47
20 67
22 62
22 83
22 92
23 7
23 41
23 50
24 9
24 16
25 42
25 65
26 43
27 2
27 11
27 33
28 66
28 69
28 86
29 49
30 19
30 44
30 58
30 73
32 6
32 10
32 37
33 7
33 8
33 14
33 15
33 37
34 43
34 48
34 66
35 18
35 24
35 46
35 68
35 70
35 79
36 4
36 21
37 12
37 26
37 76
37 88
39 11
40 64
41 12
41 56
42 8
42 26
43 29
43 72
43 90
44 95
45 30
45 77
46 83
48 52
49 71
49 94
50 52
50 54
50 55
51 80
52 34
53 9
53 53
54 39
54 40
54 73
54 81
56 41
57 27
57 61
58 17
59 23
59 51
59 87
60 20
60 59
61 1
61 50
61 89
62 25
62 63
63 19
63 61
63 65
64 15
65 31
65 55
65 72
66 0
66 29
66 80
67 5
70 48
70 85
71 95
72 32
72 96
73 86
75 69
75 87
76 47
76 51
76 78
76 89
77 3
78 24
78 84
78 99
79 17
79 82
80 0
80 90
81 28
81 79
82 91
83 45
85 30
85 36
85 85
86 53
86 58
87 44
87 71
87 82
87 88
88 76
89 16
89 22
89 33
89 34
89 50
90 8
90 27
90 49
90 75
91 22
91 31
91 74
91 78
91 92
91 99
94 20
94 28
95 62
96 38
97 13
98 13
98 14
98 56
98 64
98 68
