204
0 25
0 71
1 0
1 52
2 16
2 32
2 39
2 63
2 83
3 56
4 59
4 75
4 88
6 39
6 66
7 11
8 42
8 97
11 66
12 82
13 36
14 4
14 43
14 83
15 10
15 63
16 1
16 65
16 73
17 6
17 30
18 43
19 4
19 80
20 31
20 87
21 10
21 33
21 65
22 31
23 1
23 6
23 43
24 15
24 38
24 42
24 48
24 51
25 31
25 38
25 57
25 59
26 78
27 45
27 59
27 81
27 86
27 93
30 8
30 20
30 26
30 33
31 10
31 47
31 54
31 71
31 72
31 79
31 95
32 50
33 52
34 26
34 77
34 91
35 18
36 4
36 10
36 39
37 89
37 94
37 95
38 4
38 61
40 2
40 39
40 41
40 58
41 24
41 62
42 39
42 40
42 98
43 17
43 28
43 83
44 17
44 86
45 8
45 69
46 3
46 86
46 88
47 41
47 56
47 62
47 67
47 77
48 15
48 57
48 84
48 96
50 77
51 34
51 81
51 85
51 88
52 30
53 21
53 94
54 62
56 34
56 57
57 64
57 65
57 76
58 36
60 43
60 51
61 0
61 6
61 73
61 76
62 28
63 11
63 80
63 89
64 5
64 10
64 29
65 98
66 49
66 63
66 83
67 36
67 99
68 0
68 36
68 47
69 17
69 23
69 83
70 5
70 39
70 40
71 13
71 23
73 41
74 1
74 36
74 37
74 38
75 11
76 15
76 22
76 33
77 36
77 57
78 5
78 33
78 88
79 19
80 39
80 71
80 89
81 36
81 70
82 72
82 76
83 93
84 12
85 0
85 6
85 41
85 49
85 81
86 6
86 67
86 98
88 55
89 59
91 62
92 2
92 13
92 50
93 3
93 60
93 98
94 50
94 70
95 69
96 95
96 98
98 78
99 31
