200
0 61
0 92
1 55
1 59
2 9
3 8
3 13
4 35
4 36
4 93
6 82
6 84
7 5
7 22
8 5
8 75
9 14
9 28
9 37
10 2
10 5
10 18
10 68
11 23
11 42
12 78
13 66
13 82
14 32
14 54
15 42
16 4
16 18
16 42
16 67
16 95
17 17
17 59
18 47
18 93
19 21
19 30
20 7
21 2
21 48
22 1
23 18
23 24
24 13
24 39
24 42
24 94
25 0
25 49
25 69
25 98
26 49
26 56
26 82
28 28
28 32
28 62
29 31
29 73
30 44
30 79
31 13
32 4
32 20
32 96
33 61
33 64
34 9
34 69
34 89
35 37
35 83
35 90
36 20
36 24
36 37
36 95
36 96
38 83
38 89
38 91
41 31
41 45
41 66
43 2
43 10
43 97
44 7
45 6
45 61
46 17
46 69
46 72
47 18
47 73
47 84
48 4
49 1
49 48
49 88
50 10
51 52
52 15
52 39
52 47
52 65
53 42
53 82
54 4
54 12
54 55
54 84
54 96
55 56
56 8
56 13
56 21
56 92
57 21
57 51
57 96
58 49
58 83
59 39
60 11
60 48
60 79
61 26
62 68
63 15
63 17
64 37
64 41
66 13
66 14
66 26
69 81
69 86
70 47
70 73
71 9
71 15
71 40
71 85
71 94
72 11
72 30
73 26
73 36
74 82
74 84
76 78
76 95
77 32
78 8
78 45
79 16
79 18
80 72
81 25
82 15
83 10
84 25
84 28
84 47
84 88
85 41
85 72
86 0
87 19
87 23
87 59
87 77
87 78
88 48
89 32
90 66
91 18
91 23
92 11
92 49
93 7
93 71
93 84
94 23
95 32
95 89
95 96
96 19
96 49
98 66
98 80
99 35
99 78
99 82
