204
0 18
0 33
0 70
1 58
1 79
1 87
2 0
2 1
2 28
4 24
4 85
4 94
5 15
5 57
5 80
6 10
6 13
6 43
7 51
8 2
8 7
8 41
9 48
9 92
10 31
10 80
10 93
11 23
11 37
11 43
11 71
11 74
11 90
12 10
12 11
12 36
12 38
13 28
14 41
14 44
15 69
15 84
16 16
16 24
16 61
16 90
17 8
19 24
19 93
19 95
20 12
20 49
21 55
22 5
23 12
24 90
25 19
25 60
26 25
26 30
27 35
27 94
28 5
28 24
28 28
29 48
30 57
30 87
31 41
31 45
31 53
31 81
32 21
33 15
33 37
33 93
34 4
34 29
34 39
35 66
36 0
37 3
37 89
38 22
38 52
39 38
39 52
39 71
41 0
42 42
42 50
42 85
44 24
44 29
45 79
46 55
46 99
47 15
48 38
48 63
49 2
49 55
49 72
50 10
50 18
50 22
50 23
50 55
50 72
50 92
51 34
52 66
53 66
53 75
53 83
53 95
54 10
54 23
54 30
54 62
54 68
55 6
55 70
55 97
57 11
59 32
60 32
61 8
61 67
61 69
62 24
62 67
62 87
63 47
63 48
64 30
64 34
64 71
64 77
64 81
66 42
66 53
66 94
67 3
67 7
67 23
68 17
68 70
69 28
71 17
71 33
71 41
71 94
72 25
72 44
73 21
73 99
74 16
74 21
74 40
75 68
76 99
78 19
78 95
79 78
80 14
80 57
80 63
81 5
81 45
81 54
82 5
82 97
84 10
84 63
84 67
85 70
86 90
87 80
87 95
88 13
89 22
89 51
89 58
89 62
89 79
90 58
90 93
91 77
92 38
92 59
92 79
93 62
96 33
96 34
96 67
97 50
97 80
98 3
98 49
98 71
99 26
99 40
99 64
