203
0 16
0 22
1 1
1 10
1 63
1 99
2 82
4 7
4 15
4 62
4 84
5 68
6 26
7 50
7 64
7 71
8 63
11 33
11 88
12 36
12 79
12 85
13 8
13 18
13 87
14 2
14 25
14 59
15 29
15 55
18 54
18 83
19 57
20 18
20 65
20 80
21 13
22 7
22 32
22 59
22 71
22 92
23 34
23 53
23 79
24 24
24 39
25 35
25 41
25 66
26 24
26 28
27 93
28 20
28 36
28 48
29 4
30 80
31 25
31 28
31 46
32 12
32 98
33 6
35 30
35 36
35 80
35 81
35 91
35 92
36 19
36 25
36 41
37 24
37 31
37 79
38 7
39 44
39 49
39 53
39 97
40 35
40 64
41 40
41 43
41 75
41 94
42 9
43 26
43 35
43 37
43 48
44 73
44 78
45 48
46 44
46 47
46 78
47 51
47 70
48 19
49 7
49 68
50 24
50 61
50 97
51 25
51 26
51 42
51 96
52 0
52 83
52 85
53 1
53 78
54 27
54 49
55 0
55 13
55 30
55 33
55 34
55 37
55 52
55 84
55 85
57 71
58 54
58 56
59 48
59 53
61 45
61 80
61 99
62 26
63 13
63 20
63 35
64 84
64 85
64 98
65 60
66 2
66 16
66 39
66 52
69 21
69 43
69 61
69 66
69 78
70 76
70 80
71 24
71 93
73 26
73 29
73 91
74 79
75 39
75 47
75 53
75 98
76 26
76 66
76 80
77 35
77 78
79 5
79 37
79 50
79 53
80 25
80 52
80 54
80 61
81 22
81 24
81 38
81 47
82 98
83 91
85 54
86 46
87 11
88 60
88 62
88 82
88 88
88 97
89 56
89 80
90 10
90 84
91 47
93 2
94 40
95 95
97 0
97 49
97 76
97 93
98 73
