201
0 53
0 62
1 2
1 6
1 39
2 20
2 29
2 99
3 6
3 10
4 22
4 33
5 65
5 76
5 81
5 89
6 42
7 4
7 59
8 2
8 28
8 85
9 86
10 25
10 60
11 48
12 40
13 21
13 60
14 11
14 20
14 92
15 56
16 70
16 80
17 48
18 87
19 52
19 59
19 75
20 31
20 89
22 47
22 79
22 94
23 35
23 69
23 81
27 85
27 89
27 92
28 11
28 32
28 65
28 66
28 93
30 91
31 3
31 25
31 42
31 55
31 85
32 1
32 43
32 60
32 99
33 3
36 25
36 50
36 64
37 59
38 5
38 76
39 12
39 40
39 45
39 58
39 94
40 67
41 7
42 1
42 77
42 79
42 86
43 43
43 68
43 92
43 93
44 0
44 46
44 72
46 46
46 89
47 44
47 90
48 38
49 73
50 3
50 72
51 12
51 67
53 6
53 11
54 26
54 53
55 84
55 94
56 79
57 0
57 8
57 16
59 86
59 97
60 12
60 35
60 64
61 10
61 17
61 79
62 55
62 90
63 4
63 26
63 37
63 73
64 2
64 56
65 29
65 84
66 1
66 2
66 20
66 67
67 34
69 18
69 48
69 65
69 91
70 61
71 7
71 53
71 62
72 33
72 55
72 84
73 38
73 42
73 48
73 67
74 9
75 1
75 59
75 65
76 5
76 73
77 35
77 36
79 0
79 83
80 26
80 45
80 58
82 37
83 28
84 19
84 45
84 85
85 2
85 12
85 26
85 54
85 79
86 25
86 66
86 90
87 17
88 30
88 60
91 69
92 12
92 43
92 94
93 22
94 32
94 82
94 88
94 97
95 18
95 35
95 74
96 10
96 27
96 82
97 7
97 27
98 21
98 31
98 57
98 91
98 96
99 74
