205
0 16
0 85
1 55
1 77
1 91
2 57
2 68
3 99
4 7
4 25
5 8
5 72
6 36
6 93
7 46
7 48
7 83
8 40
8 78
8 81
8 94
9 19
9 48
10 1
10 59
10 61
11 23
11 30
11 35
12 2
12 16
13 5
13 13
13 50
13 64
14 13
14 15
14 27
14 41
14 46
14 48
14 60
14 68
15 10
15 87
17 33
19 14
19 84
19 94
19 95
20 42
20 64
20 75
20 95
21 43
22 82
22 86
22 89
23 43
24 51
24 90
26 64
27 40
27 80
27 95
28 24
28 62
28 66
29 17
29 39
29 46
29 65
30 24
30 30
30 57
30 63
31 18
31 42
31 51
32 78
33 10
34 13
34 26
34 71
34 75
34 79
34 82
35 27
36 10
36 15
36 27
36 69
36 98
37 9
37 61
37 70
37 71
38 34
38 48
38 75
38 92
39 23
39 79
40 65
41 93
42 65
42 82
42 88
44 75
45 53
46 98
47 6
47 9
47 35
47 93
48 12
48 68
49 21
49 32
49 40
49 43
49 48
51 82
51 88
52 6
52 9
52 73
55 88
56 3
56 30
56 54
59 82
60 30
61 69
62 84
63 52
63 74
63 91
65 29
65 70
66 33
66 46
66 91
67 1
67 43
67 77
67 99
68 36
68 48
68 92
69 0
69 7
69 69
69 81
70 49
71 28
71 35
71 97
72 67
73 11
73 40
76 97
77 18
77 44
77 46
77 62
77 74
77 90
77 92
78 19
78 36
78 88
79 24
80 14
81 6
81 54
81 60
82 10
82 29
82 60
84 30
84 68
84 73
85 9
85 17
86 60
88 16
89 19
89 76
89 91
90 1
90 98
91 26
92 9
92 50
94 24
95 29
95 56
95 93
95 97
96 81
97 83
98 13
99 53
99 60
