201
1 8
3 7
3 8
3 20
3 28
3 91
4 44
5 26
5 50
5 61
6 58
6 63
6 87
8 85
9 9
10 11
10 80
11 70
12 86
13 48
15 79
16 32
16 35
17 50
17 96
18 11
22 8
23 8
23 25
23 48
23 55
23 61
23 75
24 8
24 25
24 62
24 68
24 72
25 5
26 3
26 80
27 8
27 42
27 44
27 45
27 78
28 82
29 11
29 14
29 23
30 17
31 6
31 13
33 21
33 93
34 16
34 41
34 66
34 87
35 44
36 10
36 24
36 59
37 44
37 55
37 79
38 15
38 79
39 1
39 20
39 43
39 54
39 78
40 73
40 87
41 62
41 64
41 99
42 6
42 51
42 66
43 10
43 61
44 64
45 25
45 38
47 12
47 38
47 44
48 1
48 17
48 19
48 23
48 88
49 43
49 77
50 13
50 61
50 79
50 80
51 1
51 33
52 95
52 99
53 7
53 47
53 87
53 98
54 50
55 50
55 61
56 48
56 70
58 25
59 4
59 6
59 11
59 52
59 77
61 33
61 42
62 67
63 50
64 20
64 49
64 78
65 88
66 24
66 73
68 58
69 18
69 65
70 65
70 80
71 22
71 34
71 50
71 65
71 70
72 49
73 3
73 28
73 92
74 10
74 80
75 58
76 77
77 47
77 74
77 79
77 91
77 97
78 10
78 11
78 30
79 41
79 64
80 19
80 52
80 57
80 96
81 59
81 60
81 66
83 22
83 95
84 74
84 89
85 72
86 18
86 40
86 41
86 66
87 85
88 46
88 55
90 18
90 49
90 87
91 16
91 28
92 9
92 24
92 29
92 47
92 56
92 68
94 78
94 88
95 55
95 60
96 68
97 10
97 25
97 39
97 48
97 64
98 43
99 1
99 14
99 77
