200
1 1
1 5
1 7
1 49
1 64
2 35
2 87
2 91
3 96
5 7
5 26
5 33
5 53
6 72
6 94
7 19
7 59
7 84
8 11
8 45
9 3
10 11
10 32
10 71
12 50
13 32
14 44
14 78
14 90
14 94
15 48
15 72
15 82
16 45
16 98
17 8
17 27
18 43
18 59
19 10
20 39
21 15
21 39
22 5
22 9
22 50
22 63
23 5
24 71
25 1
26 68
27 26
27 82
28 74
30 0
30 35
30 38
30 50
30 57
30 63
31 54
31 57
31 61
32 48
32 82
33 59
34 23
34 42
34 58
34 86
34 91
35 15
35 63
36 14
36 30
38 26
39 56
39 66
39 72
40 31
40 37
40 60
41 0
41 15
42 8
42 52
43 66
44 26
44 36
44 56
46 45
46 99
48 35
48 88
49 15
50 37
50 89
51 2
51 36
51 70
51 78
52 23
52 65
52 82
52 90
53 56
53 70
55 64
56 20
56 38
57 22
57 33
57 74
57 92
60 4
60 68
61 39
61 90
63 8
63 92
65 36
65 40
65 43
65 66
65 93
67 44
67 66
68 32
68 75
69 12
69 16
69 47
69 50
69 75
70 19
72 18
72 57
73 12
73 45
73 90
74 28
74 99
75 30
75 33
75 52
75 93
76 14
76 71
78 17
78 76
80 22
80 31
80 33
80 77
81 44
82 23
82 68
83 20
83 51
83 90
84 18
84 93
85 12
85 15
85 52
85 84
85 90
86 84
87 12
87 15
87 93
88 15
88 56
88 63
88 70
88 72
88 79
88 87
89 10
89 22
89 82
89 94
89 99
91 1
92 85
93 40
94 52
95 89
96 14
96 48
96 68
96 70
96 96
97 45
97 55
97 63
97 65
99 9
99 23
99 98
