195
0 77
1 9
1 75
1 99
2 15
2 46
2 55
2 78
3 51
4 16
4 20
5 29
6 29
6 46
6 63
6 74
6 76
8 1
8 13
8 20
9 5
10 25
13 14
13 59
14 95
15 30
15 50
16 11
16 23
16 59
17 31
17 34
18 21
18 36
19 53
19 54
19 61
19 68
21 74
23 33
23 46
23 99
24 7
24 70
25 58
25 65
25 71
26 53
26 57
27 39
27 45
27 67
27 71
27 75
28 27
28 88
29 31
30 18
30 22
30 37
30 78
31 3
31 27
31 32
31 51
32 50
32 89
34 35
34 47
34 86
35 14
35 44
35 85
37 4
37 62
38 45
38 84
39 49
40 94
41 87
42 37
42 47
42 50
43 91
44 30
44 44
44 54
45 46
45 82
46 61
46 99
47 79
47 93
48 83
49 36
49 89
51 45
51 79
55 92
56 29
56 30
56 61
56 74
57 44
57 51
57 86
58 83
58 94
60 1
60 13
61 21
61 32
61 56
61 86
62 14
62 55
63 10
63 51
64 3
64 18
64 71
64 82
65 7
65 27
65 93
66 69
67 15
67 27
67 41
67 74
68 35
68 46
69 8
69 48
70 18
70 40
71 56
71 71
71 83
71 86
72 3
72 11
72 49
72 87
74 40
74 55
75 47
75 51
75 66
75 74
76 22
76 58
76 86
77 6
77 51
77 68
77 96
78 42
79 30
80 13
80 92
81 49
81 60
83 50
83 68
84 66
85 0
85 1
86 69
86 84
88 15
88 68
88 92
89 15
90 23
90 33
91 40
91 84
93 12
93 72
94 68
94 90
94 92
96 5
96 14
96 91
97 1
97 20
97 66
98 20
98 29
98 83
99 50
99 58
99 62
