205
0 4
1 6
1 28
1 76
2 25
3 5
3 53
3 60
4 1
4 6
4 80
4 92
5 89
6 62
7 48
7 55
8 2
8 78
9 82
9 87
10 42
10 79
11 93
13 27
13 70
14 20
15 14
15 55
17 5
18 62
20 14
20 90
22 38
24 14
24 76
26 16
26 36
27 17
28 6
29 38
30 0
30 5
30 84
30 99
32 40
32 83
32 99
33 6
33 24
33 36
33 64
34 26
34 30
34 86
35 12
35 19
35 27
35 28
36 64
36 80
37 16
37 70
37 96
38 13
38 28
38 50
39 19
39 50
39 67
40 74
42 27
42 35
42 37
42 93
43 28
43 38
43 56
43 60
43 82
44 7
44 30
44 37
44 63
44 76
44 83
45 59
46 4
46 48
46 58
47 11
47 52
48 43
48 93
49 21
49 77
50 3
50 31
50 40
51 4
51 28
51 37
52 7
52 20
52 98
53 14
54 53
54 97
55 50
55 79
55 91
56 36
57 36
57 50
57 51
58 33
59 0
59 67
59 88
60 0
60 5
60 81
61 31
61 59
62 4
62 85
63 46
63 51
63 75
64 3
64 23
64 28
64 59
64 93
65 1
65 36
66 32
66 33
66 55
66 70
67 11
67 27
67 61
67 86
68 5
68 37
69 21
69 50
70 46
70 74
71 21
71 31
71 93
72 90
73 84
73 93
74 35
74 66
76 68
77 31
77 48
77 80
78 60
78 72
80 13
80 14
80 15
80 17
80 35
81 15
81 26
81 81
82 16
82 68
83 25
84 56
84 59
84 73
85 11
85 26
86 30
86 63
87 39
88 2
88 32
88 39
88 76
89 4
89 39
90 44
90 86
91 79
92 28
93 57
95 60
95 77
96 59
96 82
97 4
97 7
97 19
97 55
99 7
99 19
99 85
99 89
