198
0 49
1 25
2 38
2 75
2 89
2 99
3 13
3 15
3 66
4 64
4 86
5 6
5 17
5 60
6 25
6 61
8 37
8 49
8 52
8 73
10 43
10 46
10 70
10 94
11 8
12 8
12 48
13 96
14 25
14 26
16 16
16 32
17 9
17 99
18 69
18 99
19 46
20 20
21 8
22 76
23 65
23 68
23 75
23 79
24 93
26 13
26 18
26 25
26 29
26 34
26 61
26 63
26 77
26 97
27 96
28 31
28 33
28 69
28 96
29 47
29 75
29 87
30 11
32 55
34 34
34 64
34 93
35 94
36 58
36 69
37 13
37 38
37 77
37 95
38 47
38 49
38 62
38 68
39 3
39 5
39 35
39 52
40 2
40 61
41 71
42 46
42 67
43 7
43 20
43 69
45 18
45 73
45 91
46 8
46 64
46 97
47 14
48 45
49 43
50 20
50 53
50 67
51 12
51 19
51 29
51 33
51 73
52 18
53 9
53 10
53 25
53 34
53 91
54 60
55 19
55 32
55 44
56 18
56 74
57 4
57 59
57 94
59 54
59 97
60 54
61 7
61 10
61 32
61 72
62 44
62 51
64 47
64 74
65 73
66 11
66 57
66 74
67 8
67 10
67 40
67 60
67 88
70 44
70 73
71 83
71 97
73 46
73 48
73 83
74 14
74 41
74 94
75 33
75 64
76 1
76 63
76 77
76 82
76 93
77 2
77 15
78 91
78 94
79 60
80 48
80 94
81 5
83 5
83 97
85 41
85 90
86 3
86 24
87 16
87 23
87 26
87 51
92 28
94 37
94 76
94 99
95 6
95 89
96 25
96 26
96 59
97 11
97 35
97 55
97 76
98 27
98 37
98 44
98 55
98 57
99 6
99 63
99 98
