200
0 1
0 8
0 14
0 64
1 44
1 90
1 95
2 19
2 79
3 55
4 88
5 84
6 50
7 8
7 62
7 67
8 34
8 43
8 77
8 80
9 22
9 60
10 77
12 15
12 47
12 88
13 7
13 97
14 24
14 90
14 98
15 20
15 68
15 82
16 29
16 48
17 56
17 88
18 1
18 36
19 68
20 19
21 5
21 79
22 70
22 76
23 5
23 49
23 69
24 2
25 2
26 32
26 90
27 85
28 1
29 7
29 52
31 63
32 37
33 1
33 81
34 12
34 80
35 43
36 87
39 6
39 45
39 87
40 16
40 51
41 31
41 35
41 81
42 7
42 12
42 37
42 72
42 95
43 9
43 95
44 47
44 51
45 4
45 41
45 52
46 42
46 68
46 88
47 80
47 93
48 49
48 88
50 6
50 28
50 39
50 89
51 25
51 38
51 87
51 98
52 15
52 33
53 90
54 44
55 32
56 33
56 47
57 53
57 58
57 98
58 72
58 78
59 15
59 22
59 55
59 86
60 10
60 16
60 82
61 27
61 46
61 96
62 64
63 4
63 18
63 20
63 44
63 60
64 17
64 45
65 36
65 40
66 7
66 77
66 85
67 17
67 39
67 58
67 67
68 9
70 53
71 10
71 66
72 19
72 20
72 29
72 83
72 94
76 30
76 91
77 6
77 15
77 58
77 64
77 88
77 98
78 59
78 65
79 15
79 99
81 2
81 15
81 43
83 0
83 2
83 5
84 91
85 4
85 60
85 97
86 75
87 6
87 35
87 41
87 98
88 50
88 59
90 17
91 19
91 37
92 10
92 33
92 45
92 47
92 51
93 1
93 56
93 79
93 99
94 34
94 54
94 84
95 47
95 75
95 84
96 72
97 6
97 10
98 8
99 67
