200
0 51
1 24
2 8
3 59
4 14
4 40
4 84
5 24
5 33
5 47
5 56
6 30
6 31
7 60
8 24
8 33
8 40
9 28
9 38
9 95
10 42
10 78
11 17
11 59
12 14
12 19
12 48
12 68
12 85
13 56
13 82
13 89
13 94
14 70
14 93
15 18
15 98
16 16
17 49
19 24
20 1
20 29
20 61
20 62
20 99
21 53
22 31
23 11
23 15
23 16
23 56
24 47
24 51
25 72
26 43
26 65
27 72
28 54
28 55
28 59
28 81
28 98
28 99
29 8
30 79
32 1
32 19
32 46
32 73
33 51
33 94
34 55
34 63
34 68
34 92
35 18
35 41
35 58
36 6
36 59
36 82
37 30
38 12
38 62
38 81
39 7
39 55
40 23
40 29
40 48
40 50
41 24
41 60
41 69
42 46
42 49
42 71
43 14
43 97
44 25
44 91
45 54
46 96
47 19
47 58
47 62
47 79
47 96
48 15
48 52
48 75
48 76
49 13
49 28
49 33
49 38
50 94
51 52
51 98
52 43
52 53
52 74
52 91
54 29
55 37
55 41
56 28
56 47
56 90
58 74
58 90
59 43
59 80
60 10
61 22
61 40
61 46
61 73
62 54
63 30
63 62
63 98
64 40
64 42
65 18
65 19
65 23
66 32
66 82
67 69
68 52
69 68
70 87
71 0
71 89
72 26
72 28
73 98
74 29
74 85
78 22
78 24
78 67
79 0
79 8
79 55
79 57
79 68
80 41
80 92
81 1
81 21
81 60
82 15
82 22
82 67
82 83
83 5
83 7
83 53
83 58
83 68
84 26
85 60
86 24
87 0
88 89
90 39
91 47
92 58
92 96
93 15
93 39
96 13
96 24
96 62
97 2
97 42
98 44
99 70
