196
0 7
1 3
2 68
3 4
4 23
4 27
4 29
4 59
4 68
5 15
5 79
6 4
6 31
6 66
8 56
8 76
8 87
9 7
9 12
9 17
9 51
9 71
10 25
12 57
12 65
13 0
13 14
13 62
13 65
14 19
14 54
15 14
16 12
17 5
17 7
17 79
18 64
20 30
20 37
20 79
20 82
20 96
21 5
21 46
21 89
22 33
22 49
22 71
22 84
23 4
24 98
25 2
25 57
25 77
26 5
26 54
26 66
26 75
27 24
27 29
27 42
27 81
27 98
28 72
28 85
28 87
29 90
30 88
31 9
31 27
31 85
32 38
32 56
32 84
33 24
35 14
35 46
35 69
36 40
37 21
37 78
37 85
37 98
38 86
39 41
39 48
39 52
39 63
40 7
40 35
40 63
41 48
41 67
41 84
44 76
45 27
45 39
45 60
46 6
46 45
46 51
46 96
47 82
48 9
49 20
49 28
49 35
49 78
50 73
51 37
51 59
52 43
52 54
52 58
52 77
52 90
53 83
54 7
54 97
56 11
56 61
57 3
57 73
57 90
58 19
58 91
59 36
59 96
60 47
60 91
61 28
62 75
63 87
64 5
65 73
66 84
66 93
67 73
68 34
68 72
69 58
69 90
70 72
70 76
70 98
71 38
71 63
71 78
72 38
72 89
74 79
75 31
75 45
75 59
75 70
75 84
76 9
76 27
77 29
78 66
78 80
79 23
79 74
80 58
80 65
80 71
81 37
81 90
82 30
83 56
83 67
83 87
84 1
84 78
84 97
85 5
85 41
85 55
86 53
86 59
86 92
87 44
87 67
88 84
90 49
90 54
91 17
91 36
91 75
93 92
94 19
95 44
95 85
96 81
97 78
99 88
