200
1 31
1 49
1 65
1 70
1 82
1 99
3 7
3 37
3 74
4 69
5 51
6 34
6 68
6 84
7 82
8 33
8 95
9 16
9 27
9 35
9 67
10 3
10 30
10 99
11 7
11 78
12 58
12 95
14 82
15 1
15 48
15 57
15 68
16 12
20 48
20 87
21 88
22 47
22 85
23 12
23 42
23 58
25 59
26 25
27 3
27 65
28 26
29 32
29 78
30 6
30 21
30 73
31 38
32 13
32 15
32 78
33 19
33 43
33 69
33 87
34 96
35 2
35 35
35 60
35 77
36 21
36 31
36 67
36 89
38 7
38 23
40 59
40 65
40 81
40 96
41 87
42 16
42 24
42 27
42 37
42 46
42 51
42 62
43 34
43 70
43 78
43 91
44 29
44 75
45 8
45 46
45 70
46 9
46 39
47 47
48 54
48 72
48 80
48 99
49 10
49 39
51 27
51 94
52 40
52 96
53 44
53 58
54 53
54 84
55 15
55 27
55 72
55 75
55 82
55 95
56 18
56 32
56 43
56 49
57 87
59 5
61 18
61 50
62 2
62 59
62 79
63 88
64 21
64 23
64 82
64 96
65 48
65 61
65 85
66 3
66 35
66 43
66 56
67 1
67 67
68 24
68 55
68 68
70 40
70 79
71 5
71 8
71 10
71 99
72 14
73 66
73 68
73 96
74 59
74 84
75 36
75 57
76 56
76 86
77 4
77 43
78 60
79 47
81 37
81 65
81 84
82 16
82 18
82 62
82 88
83 5
83 52
84 42
84 81
85 60
86 12
89 79
89 89
90 50
90 58
90 64
91 23
91 44
92 88
93 13
94 1
96 15
96 46
96 93
97 33
97 72
97 86
98 21
99 40
99 46
99 69
99 72
99 73
99 84
99 99
