195
1 1
1 48
2 2
2 35
3 3
3 47
4 8
4 27
5 10
5 45
6 18
6 29
7 5
7 39
8 8
8 26
9 28
9 93
10 15
10 83
11 7
11 26
12 49
12 85
13 3
13 13
14 29
14 88
15 19
15 92
16 11
16 73
17 1
17 25
18 10
18 92
19 19
19 58
20 23
20 86
21 27
21 39
22 3
22 28
23 10
23 55
24 19
24 36
25 3
25 74
26 26
26 99
27 8
27 85
28 17
28 56
29 29
29 48
30 41
30 68
31 10
31 69
32 17
32 54
33 1
33 2
34 43
34 56
35 19
35 96
36 17
36 37
37 2
37 67
38 42
38 65
39 41
39 79
40 7
40 33
41 25
41 44
42 29
42 61
43 45
43 68
44 16
44 17
45 8
45 32
46 13
46 46
47 18
47 94
48 29
48 99
49 56
49 87
50 6
50 15
51 18
51 98
52 38
52 77
53 13
53 85
54 55
54 98
55 18
55 79
56 24
56 99
57 18
57 31
58 47
58 95
59 7
59 53
60 17
60 95
61 75
61 87
62 39
62 89
63 4
63 45
64 33
64 98
65 16
65 18
66 67
66 88
67 91
67 93
68 55
68 76
69 14
69 91
70 15
70 76
71 15
71 48
72 15
72 55
73 20
73 54
74 15
74 62
75 18
75 77
76 81
76 90
77 56
77 78
78 15
78 63
79 58
79 61
80 15
80 87
81 15
81 69
82 3
82 37
83 56
83 67
84 28
84 83
85 12
85 30
86 12
86 83
87 27
87 46
88 3
88 74
89 44
89 59
90 11
90 71
91 15
91 53
92 21
92 67
93 1
93 39
94 7
94 49
95 4
95 79
96 64
97 78
98 16
99 15
99 68
