200
21 32
22 10
22 13
22 17
22 20
22 23
22 26
22 28
22 29
22 33
22 37
22 41
22 45
22 54
22 56
23 7
23 47
23 51
23 60
23 62
24 65
24 69
25 5
25 72
26 75
27 4
27 77
29 80
30 2
31 64
31 67
31 81
32 2
32 69
32 82
33 61
33 72
34 1
34 64
34 67
34 75
35 61
35 70
35 84
36 2
36 58
36 72
36 84
37 4
37 7
37 60
37 77
38 10
38 11
38 70
38 74
39 14
39 57
39 71
39 85
40 18
40 20
40 69
40 75
40 77
41 22
41 24
41 27
41 70
41 73
41 85
42 30
42 31
42 58
42 73
43 34
43 35
43 56
43 72
43 75
43 78
44 85
46 36
46 58
46 75
46 86
47 36
47 55
48 77
48 85
49 36
49 75
50 58
50 86
51 36
51 74
52 55
52 76
52 85
53 35
54 34
54 57
54 74
54 85
55 14
55 17
55 20
55 22
55 23
55 29
55 32
55 73
56 11
56 26
56 57
56 85
57 7
57 55
57 72
57 75
58 5
58 57
59 85
60 4
60 57
60 70
60 84
61 3
61 55
61 72
62 2
62 59
62 67
62 84
63 62
63 65
64 57
64 68
65 2
65 61
65 65
65 83
66 2
68 2
68 81
69 71
69 75
69 78
70 41
70 44
70 47
70 51
70 54
70 57
70 59
70 62
70 65
70 68
71 2
71 4
71 5
71 9
71 11
71 13
71 17
71 20
71 23
71 26
71 28
71 31
71 33
71 36
71 38
71 69
72 63
73 38
74 63
74 69
75 37
75 63
76 37
77 69
78 37
78 63
80 37
80 62
80 68
81 37
82 62
83 57
83 66
84 38
84 39
84 42
84 45
84 47
84 51
84 54
84 60
84 63
