200
0 0
0 99
1 1
1 98
2 2
2 97
3 3
3 96
4 4
4 95
5 5
5 94
6 6
6 93
7 7
7 92
8 8
8 91
9 9
9 90
10 10
10 89
11 11
11 88
12 12
12 87
13 13
13 86
14 14
14 85
15 15
15 84
16 16
16 83
17 17
17 82
18 18
18 81
19 19
19 80
20 20
20 79
21 21
21 78
22 22
22 77
23 23
23 76
24 24
24 75
25 25
25 74
26 26
26 73
27 27
27 72
28 28
28 71
29 29
29 70
30 30
30 69
31 31
31 68
32 32
32 67
33 33
33 66
34 34
34 65
35 35
35 64
36 36
36 63
37 37
37 62
38 38
38 61
39 39
39 60
40 40
40 59
41 41
41 58
42 42
42 57
43 43
43 56
44 44
44 55
45 45
45 54
46 46
46 53
47 47
47 52
48 48
48 51
49 49
49 50
50 49
50 50
51 48
51 51
52 47
52 52
53 46
53 53
54 45
54 54
55 44
55 55
56 43
56 56
57 42
57 57
58 41
58 58
59 40
59 59
60 39
60 60
61 38
61 61
62 37
62 62
63 36
63 63
64 35
64 64
65 34
65 65
66 33
66 66
67 32
67 67
68 31
68 68
69 30
69 69
70 29
70 70
71 28
71 71
72 27
72 72
73 26
73 73
74 25
74 74
75 24
75 75
76 23
76 76
77 22
77 77
78 21
78 78
79 20
79 79
80 19
80 80
81 18
81 81
82 17
82 82
83 16
83 83
84 15
84 84
85 14
85 85
86 13
86 86
87 12
87 87
88 11
88 88
89 10
89 89
90 9
90 90
91 8
91 91
92 7
92 92
93 6
93 93
94 5
94 94
95 4
95 95
96 3
96 96
97 2
97 97
98 1
98 98
99 0
99 99
