205
1 82
2 38
2 91
3 18
3 31
3 55
4 33
4 53
5 51
6 31
6 98
7 70
7 98
8 40
8 76
10 36
10 67
10 79
11 74
12 20
12 31
12 38
12 77
12 89
13 46
14 22
14 65
14 77
15 39
15 66
16 56
17 5
17 79
18 20
18 94
19 90
20 15
20 17
21 75
22 60
22 83
22 93
23 9
23 56
23 65
23 90
24 35
24 88
25 1
25 2
25 74
27 30
27 44
28 54
29 49
29 66
29 70
29 87
30 49
31 67
31 97
33 9
33 39
34 12
34 38
34 66
35 12
35 35
37 29
37 39
37 49
38 2
38 12
39 45
40 28
41 24
41 60
41 67
41 73
42 9
42 60
43 26
43 38
44 0
44 45
45 27
46 13
46 19
46 38
46 64
48 19
48 51
48 56
48 69
49 54
50 15
50 35
50 50
51 41
51 72
52 74
53 31
53 82
53 90
53 98
54 8
54 18
54 40
54 75
54 92
54 99
55 5
55 25
56 48
56 69
57 42
57 72
57 84
58 67
60 36
64 34
65 55
65 65
65 87
66 25
67 70
67 86
68 64
68 81
68 90
69 2
69 90
70 5
70 17
70 49
70 50
71 11
71 73
71 85
71 94
72 0
72 34
72 76
74 10
74 28
74 56
74 73
75 10
75 90
77 91
78 13
78 42
79 28
79 93
80 34
80 63
80 65
81 33
81 34
81 67
81 87
82 46
82 73
82 89
82 98
83 30
83 38
83 67
83 96
84 97
85 10
85 67
85 75
85 98
86 71
87 37
87 54
87 76
87 81
88 2
88 64
88 77
89 12
89 16
89 70
89 90
89 91
90 36
90 39
91 27
92 19
92 77
93 27
93 48
93 55
94 17
94 45
94 60
94 89
95 28
95 61
96 60
98 7
98 26
98 32
