195
0 13
0 38
1 65
2 16
2 23
2 38
2 45
3 9
3 22
4 32
5 41
6 42
6 50
6 84
10 12
10 15
11 70
11 79
11 91
12 5
12 22
12 56
13 30
13 88
13 93
14 13
14 49
14 67
14 89
15 9
15 52
16 13
16 26
17 89
18 76
18 93
19 11
20 23
21 22
21 65
22 13
22 96
25 1
25 15
26 48
26 83
27 51
28 24
29 10
29 31
29 54
29 95
30 22
32 22
32 61
32 78
33 3
33 18
33 89
33 97
34 57
34 66
35 93
37 86
38 5
38 40
39 43
39 48
40 12
40 48
40 59
41 11
41 28
41 49
42 4
42 20
42 25
42 28
42 75
42 80
42 92
43 67
43 76
44 14
44 37
45 40
45 75
46 8
47 0
47 50
47 58
47 97
48 7
48 34
48 35
48 89
49 46
49 86
50 60
50 72
51 28
51 29
51 52
51 82
52 9
52 60
52 90
54 4
54 39
54 51
55 64
56 16
56 30
57 36
57 39
57 43
57 69
57 98
58 9
60 31
61 2
61 93
63 29
63 32
63 38
63 70
64 60
64 94
66 11
66 12
67 11
68 14
69 24
69 39
69 79
72 83
72 86
72 93
73 23
73 29
74 2
74 14
74 15
76 12
76 61
76 68
76 84
77 94
78 51
78 62
78 89
78 96
79 36
79 96
80 63
81 6
81 17
81 37
82 14
82 24
82 71
83 5
84 30
84 53
85 95
86 97
87 13
89 18
89 42
89 52
90 42
90 48
91 22
91 33
91 88
92 27
92 78
93 0
93 59
93 90
94 10
94 55
94 59
94 72
94 74
95 3
95 30
95 46
96 42
96 51
97 58
97 85
98 73
98 80
99 19
