198
2 4
3 22
3 43
5 71
6 64
6 65
7 8
8 8
8 61
8 66
9 35
9 52
10 45
11 8
11 50
11 81
12 21
12 22
12 71
13 54
13 96
14 40
14 51
14 60
15 2
15 44
16 6
16 84
18 26
18 35
19 48
19 88
20 69
21 68
22 42
22 65
22 73
22 76
23 6
23 12
23 14
23 18
23 29
24 31
24 49
24 83
25 32
26 8
27 11
28 2
28 6
28 27
28 56
28 87
30 16
31 6
31 80
32 47
32 52
32 55
32 97
33 51
33 78
34 50
35 14
35 67
36 69
37 22
37 54
37 77
38 70
39 21
39 65
39 91
40 41
40 87
41 0
41 6
41 50
41 67
41 69
42 3
42 29
42 39
43 12
44 26
44 63
44 86
45 86
45 96
46 0
46 29
47 60
47 91
48 92
49 26
49 46
49 90
50 1
50 27
50 39
50 73
51 23
51 69
52 17
52 47
52 81
52 83
54 36
55 5
55 26
55 31
55 76
56 77
57 54
57 64
59 7
59 37
60 44
60 85
61 32
63 97
64 8
64 36
64 71
64 75
64 94
65 41
67 90
68 27
68 35
68 47
69 9
69 11
70 8
70 13
70 70
71 28
71 98
72 34
72 72
73 11
73 41
74 21
74 98
75 67
76 0
76 50
77 41
77 78
78 36
78 38
78 92
80 16
80 40
80 46
80 89
81 79
82 25
83 41
84 6
84 7
84 15
84 35
84 62
85 36
85 96
86 54
86 62
86 89
87 10
87 90
88 7
88 32
88 51
89 1
90 11
90 27
90 33
90 53
92 57
93 12
94 21
94 40
94 48
94 61
95 41
95 53
95 64
96 81
97 29
97 34
97 40
97 81
97 85
98 6
98 19
98 37
