200
0 24
0 48
0 50
1 7
2 5
2 43
2 52
2 64
2 96
3 88
4 12
4 18
4 45
5 4
5 66
6 22
6 55
6 66
6 69
6 70
6 93
7 25
8 13
8 22
8 28
8 53
8 60
8 86
9 29
10 16
11 53
11 74
12 22
12 32
12 82
13 12
13 23
15 15
15 30
15 35
16 51
17 41
17 68
17 81
17 90
18 61
18 68
18 80
19 11
19 12
19 44
20 42
20 95
21 35
21 48
21 71
23 25
24 16
24 51
24 65
24 85
25 23
25 48
26 32
28 56
28 86
28 90
29 5
29 46
29 91
30 0
30 33
32 8
32 43
32 57
32 63
33 11
33 30
33 53
34 27
34 45
34 91
35 39
36 10
36 11
36 91
38 66
38 85
39 13
39 30
39 67
40 19
41 3
41 74
41 81
41 88
41 90
42 40
43 1
43 49
43 76
43 89
43 93
44 35
45 77
45 92
46 55
46 65
46 66
47 8
47 86
48 41
50 49
50 64
51 37
53 72
54 56
54 95
55 44
55 64
55 73
55 76
55 83
55 86
56 11
56 19
57 13
57 46
57 77
59 22
60 1
60 13
60 54
60 91
61 37
62 31
62 98
63 62
63 93
64 33
64 44
64 61
66 60
66 67
66 70
66 81
67 19
68 4
68 7
68 36
69 72
70 4
70 49
71 5
71 78
73 27
73 28
74 63
74 77
75 66
75 69
76 55
76 75
77 0
77 93
78 99
79 69
80 40
82 28
82 44
82 91
84 24
84 28
84 52
85 38
85 61
85 88
86 81
86 83
87 22
88 68
89 16
92 23
92 41
92 79
92 93
93 14
93 24
93 31
94 49
95 59
95 67
95 80
96 58
97 18
97 66
98 39
98 82
99 15
99 68
