198
0 44
0 56
1 27
1 88
2 17
2 52
3 41
4 12
4 54
4 56
5 19
5 20
5 85
7 22
7 68
8 66
9 10
9 53
9 86
10 51
10 89
11 69
11 97
13 25
13 56
14 72
15 32
15 47
15 94
16 53
16 54
16 75
16 97
17 2
18 5
18 8
18 89
18 96
19 2
19 3
20 8
20 81
21 36
21 42
22 60
22 69
22 99
23 36
23 54
23 90
24 91
24 97
25 1
25 40
25 82
26 49
26 75
26 90
27 29
27 66
28 12
28 20
28 80
29 94
30 69
31 41
32 37
32 87
33 37
33 60
33 61
33 86
34 6
34 55
34 65
35 19
36 29
36 59
38 30
38 56
39 31
40 8
41 24
41 91
42 36
42 37
42 85
43 62
43 92
43 93
44 31
44 55
44 63
45 77
46 6
46 45
47 11
47 13
47 14
49 1
49 17
50 13
50 27
50 39
50 53
51 12
51 61
52 0
52 99
54 38
55 35
55 45
57 35
57 46
57 67
58 64
58 74
58 87
59 7
59 48
60 12
60 17
61 96
62 14
62 43
63 60
63 68
63 85
64 39
64 81
65 72
65 88
66 32
66 81
67 71
67 78
68 57
69 3
70 46
70 80
70 94
71 30
71 95
72 52
72 95
73 11
73 15
73 21
73 96
74 6
74 48
75 35
76 6
76 7
76 30
76 84
77 10
77 23
77 79
78 14
78 71
79 0
79 21
79 64
80 91
81 68
82 1
82 45
83 24
83 58
83 67
84 9
84 83
84 89
85 90
86 48
86 70
87 59
88 28
88 78
89 40
90 34
91 87
92 29
92 39
92 40
92 53
93 26
93 31
94 48
95 4
95 98
96 75
98 62
98 65
98 74
99 2
99 51
