200
0 61
1 6
1 42
1 91
2 31
3 72
3 97
4 3
4 33
4 43
4 49
4 55
4 87
5 44
5 45
6 76
6 85
6 97
7 8
7 14
7 41
7 43
7 53
7 74
8 18
9 23
9 88
10 22
10 62
10 80
10 85
11 20
12 5
12 17
13 11
13 18
13 57
14 54
15 17
15 93
17 16
17 70
17 94
18 77
19 6
19 7
19 10
19 47
21 0
23 0
23 69
24 1
24 6
24 35
24 85
25 25
25 49
26 80
26 87
27 12
27 26
27 72
28 25
28 69
29 17
29 49
29 61
30 25
30 50
30 82
31 43
31 63
31 80
31 83
31 97
32 13
33 54
33 88
34 14
34 75
36 3
37 32
39 4
39 12
40 34
41 50
41 87
42 13
42 22
42 57
42 79
42 87
43 79
44 49
45 75
46 9
46 31
46 81
46 82
47 25
47 51
48 25
48 80
49 10
49 20
49 84
50 40
50 88
51 46
51 50
52 67
53 12
54 9
54 61
54 73
54 80
54 88
55 19
55 87
56 23
56 41
58 11
58 16
58 24
58 46
59 12
59 85
60 6
60 8
60 17
60 81
61 7
61 26
61 83
62 20
62 77
62 95
63 57
63 68
63 70
63 99
64 9
64 26
66 27
67 96
68 51
68 55
68 62
69 38
70 30
71 1
71 97
72 27
73 97
74 32
74 75
74 82
75 35
75 56
76 97
77 9
78 4
80 16
80 20
80 35
80 59
80 89
81 4
81 13
81 83
81 94
82 50
82 72
83 12
83 25
83 47
83 62
83 98
85 0
85 6
86 71
87 22
87 56
88 47
89 29
89 88
90 40
92 35
93 25
93 81
94 58
95 23
96 7
96 42
96 59
96 72
97 46
98 2
98 99
99 71
