200
6 76
6 85
8 36
8 74
8 76
8 78
8 83
8 85
8 87
10 34
10 36
10 38
12 74
12 76
12 78
12 83
12 85
12 87
13 20
14 34
14 36
14 38
14 56
14 76
14 85
15 18
15 20
15 22
16 36
16 54
16 56
16 58
19 18
19 20
19 22
20 54
20 56
20 58
20 80
21 20
22 56
22 78
22 80
22 82
23 37
25 35
25 37
25 39
26 78
26 80
26 82
28 26
28 80
29 35
29 37
29 39
30 24
30 26
30 28
31 37
31 72
32 29
33 70
33 72
33 74
33 81
34 24
34 26
34 27
34 28
34 29
34 31
35 79
35 81
35 83
36 7
36 26
37 70
37 72
37 74
38 5
38 7
38 9
38 27
38 29
38 31
39 40
39 72
39 79
39 81
39 83
40 29
41 38
41 40
41 42
41 81
42 5
42 7
42 9
43 4
43 26
44 7
45 2
45 4
45 6
45 24
45 26
45 28
45 38
45 40
45 42
47 40
47 86
49 2
49 4
49 6
49 24
49 26
49 28
49 84
49 86
49 88
51 4
51 26
53 14
53 84
53 86
53 88
55 12
55 14
55 16
55 86
58 29
59 12
59 14
59 16
60 27
60 29
60 31
61 14
64 27
64 29
64 31
66 29
71 14
73 12
73 14
73 16
74 86
76 84
76 86
76 88
77 12
77 14
77 16
77 42
79 14
79 35
79 40
79 42
79 44
80 84
80 86
80 88
81 33
81 35
81 37
82 86
83 40
83 42
83 44
84 72
85 33
85 35
85 37
85 42
85 83
86 70
86 72
86 74
87 35
87 50
87 81
87 83
87 85
89 48
89 50
89 52
90 70
90 72
90 74
91 81
91 83
91 85
92 72
93 48
93 50
93 52
93 83
95 50
