200
0 5
1 84
1 88
2 3
2 31
2 93
3 38
4 30
4 65
4 74
4 77
5 16
5 68
5 96
7 42
7 53
7 75
8 37
8 44
8 77
8 79
8 93
9 38
9 58
11 26
12 3
12 32
12 79
13 2
13 23
14 95
15 21
15 81
15 94
16 22
16 67
17 26
17 39
17 83
18 3
18 21
18 42
18 56
19 40
19 53
19 65
20 17
21 46
22 63
23 57
24 80
26 23
26 49
27 58
28 59
29 72
30 2
30 26
32 14
32 67
32 79
33 80
33 94
33 96
34 9
34 11
34 42
34 59
34 77
35 66
35 70
35 99
36 52
37 29
37 43
37 57
37 66
37 79
39 34
39 35
40 61
40 95
41 25
41 68
41 83
42 15
42 30
42 92
43 0
43 72
43 84
45 6
46 44
47 50
48 8
48 25
50 30
50 74
50 82
51 14
51 16
51 82
51 86
52 3
52 65
52 73
52 77
53 20
53 73
54 3
54 9
54 70
54 88
55 21
55 50
55 66
55 68
55 70
55 73
56 11
56 26
56 52
56 73
57 3
57 14
57 68
58 0
58 84
59 96
59 97
61 90
62 52
62 91
62 93
64 56
64 91
65 12
67 4
67 37
67 61
68 0
68 6
68 10
68 47
68 72
68 97
68 99
69 24
69 57
70 7
71 28
72 11
72 23
72 80
72 82
73 27
73 41
73 83
74 99
75 39
75 49
75 87
76 62
77 20
77 86
80 19
81 18
81 41
81 46
81 61
81 68
82 22
82 30
82 38
82 65
82 72
83 30
83 77
84 0
84 49
85 99
86 18
87 34
89 1
89 32
90 4
90 87
91 69
91 80
92 32
93 34
93 35
93 55
93 59
95 10
95 50
97 57
98 17
99 22
99 95
