201
0 44
0 51
1 17
2 8
2 85
3 21
5 74
5 78
6 98
7 3
7 21
7 26
8 1
8 40
9 12
9 25
10 25
10 51
11 17
12 9
12 58
14 21
14 44
14 61
15 48
16 58
17 8
17 81
18 16
19 24
19 66
19 85
20 13
20 50
20 92
21 59
23 91
24 31
24 93
25 5
26 46
26 61
27 62
27 75
28 51
29 6
29 18
29 74
30 53
30 57
30 59
30 60
31 84
31 89
32 52
32 78
33 14
33 41
33 56
34 11
34 20
34 38
34 57
35 50
35 52
35 73
36 53
36 70
36 73
37 10
37 22
38 15
38 37
38 72
39 11
39 24
40 6
40 43
40 97
41 3
41 22
42 7
42 16
42 47
42 55
43 36
43 50
44 6
44 86
45 0
45 93
46 3
46 71
46 95
47 68
48 70
49 18
50 43
50 50
51 4
53 5
53 77
54 12
54 67
54 79
54 98
55 77
56 0
56 15
57 28
59 18
59 26
59 64
60 94
61 2
62 52
62 89
62 99
63 28
63 41
63 80
64 1
64 83
65 11
65 23
65 37
66 1
66 69
66 96
67 23
67 68
68 90
69 10
69 99
70 22
70 47
71 4
71 49
71 86
72 9
72 22
72 60
73 76
74 25
74 39
75 47
75 84
76 33
76 88
77 19
77 91
78 13
78 27
79 32
79 65
79 75
80 48
80 55
80 58
81 4
81 58
82 2
82 31
82 73
83 39
84 68
84 92
85 28
85 82
86 32
86 45
87 13
87 49
87 63
88 13
88 56
89 29
89 87
90 23
90 57
90 83
91 4
91 61
92 69
92 99
93 48
94 45
94 49
94 76
95 15
95 35
95 88
96 27
96 64
96 93
97 52
97 81
97 83
98 16
98 55
99 67
