204
0 51
0 88
1 38
1 50
1 57
1 95
2 51
3 27
3 28
3 53
3 71
4 4
4 32
4 80
5 7
5 40
5 44
6 10
6 59
7 52
7 75
8 9
8 81
9 64
9 68
9 93
10 83
11 8
11 35
12 82
13 6
13 36
13 37
13 40
14 45
15 6
16 1
16 48
16 75
17 9
17 25
17 44
19 83
20 40
20 49
20 93
23 77
24 14
24 27
24 64
25 31
25 97
26 2
26 35
26 62
27 9
27 82
29 31
31 20
31 90
32 40
32 44
32 85
33 29
33 84
34 0
34 14
34 39
35 47
35 48
36 22
36 29
36 60
36 78
37 28
38 55
39 6
39 11
39 45
39 52
39 95
40 7
40 17
40 49
40 65
40 92
41 72
41 96
42 12
42 63
42 85
42 90
43 37
43 56
44 72
45 17
45 69
46 10
46 26
46 92
47 81
48 49
48 56
48 86
48 88
49 17
49 29
50 37
50 46
50 95
51 69
51 70
51 84
52 5
52 48
53 42
53 44
54 5
54 13
54 39
54 52
54 85
55 5
57 96
58 29
58 61
58 99
59 25
59 52
60 39
60 73
60 75
61 49
62 36
63 4
63 6
64 0
64 89
66 97
68 52
69 92
70 95
71 14
71 46
71 64
71 74
71 89
72 40
72 72
73 4
73 14
73 65
73 97
74 30
74 73
76 36
76 43
77 4
77 17
77 31
78 64
78 80
79 16
79 34
79 78
80 10
80 50
80 54
81 81
81 89
81 99
82 86
83 40
84 47
85 0
85 68
85 72
85 88
86 9
86 16
86 59
86 78
87 48
87 51
87 84
87 88
88 13
88 71
88 98
89 20
89 71
89 84
90 93
91 41
92 42
92 55
96 49
96 68
96 77
96 86
97 23
97 50
97 91
97 96
