200
0 0
0 77
1 12
2 33
2 38
3 94
4 11
4 25
4 70
5 24
5 77
8 52
8 54
8 61
9 3
9 36
11 2
12 0
12 31
13 64
13 80
14 73
15 44
15 63
16 69
16 91
17 32
17 56
17 97
18 24
20 1
20 31
20 67
20 85
20 87
21 28
22 61
22 74
23 5
24 6
24 7
24 43
24 68
24 87
25 1
25 34
25 84
26 36
26 85
26 89
26 92
27 39
27 59
28 5
28 89
29 17
30 57
31 13
32 30
32 62
32 70
33 33
33 39
33 95
34 9
34 23
36 37
36 53
36 78
36 84
37 22
37 50
37 52
37 83
37 91
38 63
38 68
38 85
39 54
39 80
40 26
42 37
42 64
43 8
43 12
43 14
44 80
45 59
46 16
46 94
47 49
47 72
47 73
48 9
48 15
49 53
49 66
50 17
50 55
50 85
51 9
51 26
51 30
51 65
52 17
52 62
52 66
54 24
54 61
55 98
56 21
57 15
57 28
57 45
57 52
59 3
59 39
59 97
60 79
61 56
63 23
63 58
63 83
63 89
64 58
64 92
65 54
66 77
68 7
68 9
68 27
68 79
69 41
69 71
69 92
71 83
72 30
72 83
73 9
73 16
74 25
75 35
75 36
76 29
76 74
76 76
77 1
77 34
78 20
78 36
79 19
79 62
79 95
80 39
81 57
83 30
83 46
84 34
86 3
86 5
86 21
86 33
86 35
86 38
87 88
88 57
88 70
88 94
89 2
89 38
89 67
90 2
90 78
91 21
91 42
91 87
92 1
92 26
92 54
92 77
92 79
92 89
92 95
92 98
93 42
93 75
94 8
94 88
94 98
95 74
96 24
96 53
97 0
97 18
97 33
97 98
98 31
98 93
99 9
99 27
