200
2 2
2 48
2 52
2 98
3 3
3 47
3 53
3 97
4 4
4 46
4 54
4 96
5 5
5 45
5 55
5 95
8 8
8 42
8 58
8 92
9 9
9 41
9 59
9 91
10 10
10 40
10 60
10 90
11 11
11 39
11 61
11 89
13 13
13 37
13 63
13 87
15 15
15 35
15 65
15 85
18 18
18 32
18 68
18 82
20 20
20 30
20 70
20 80
21 21
21 29
21 71
21 79
23 23
23 27
23 73
23 77
28 22
28 28
28 72
28 78
31 19
31 31
31 69
31 81
32 18
32 32
32 68
32 82
33 17
33 33
33 67
33 83
35 15
35 35
35 65
35 85
37 13
37 37
37 63
37 87
40 10
40 40
40 60
40 90
42 8
42 42
42 58
42 92
43 7
43 43
43 57
43 93
45 5
45 45
45 55
45 95
47 3
47 47
47 53
47 97
52 2
52 48
52 52
52 98
53 3
53 47
53 53
53 97
54 4
54 46
54 54
54 96
55 5
55 45
55 55
55 95
58 8
58 42
58 58
58 92
59 9
59 41
59 59
59 91
60 10
60 40
60 60
60 90
61 11
61 39
61 61
61 89
63 13
63 37
63 63
63 87
65 15
65 35
65 65
65 85
68 18
68 32
68 68
68 82
70 20
70 30
70 70
70 80
71 21
71 29
71 71
71 79
73 23
73 27
73 73
73 77
78 22
78 28
78 72
78 78
81 19
81 31
81 69
81 81
82 18
82 32
82 68
82 82
83 17
83 33
83 67
83 83
85 15
85 35
85 65
85 85
87 13
87 37
87 63
87 87
90 10
90 40
90 60
90 90
92 8
92 42
92 58
92 92
93 7
93 43
93 57
93 93
95 5
95 45
95 55
95 95
97 3
97 47
97 53
97 97
