200
0 33
1 14
1 31
1 32
1 72
1 78
2 56
3 2
3 8
3 33
3 75
4 56
5 41
5 76
6 5
6 61
6 84
9 13
9 29
9 39
10 80
11 14
11 77
12 15
12 22
12 96
13 29
13 78
14 63
15 57
16 45
16 57
17 30
18 9
18 49
18 92
19 25
19 48
19 62
19 99
20 66
21 23
21 25
21 29
21 33
22 41
22 42
22 95
23 4
23 48
23 49
23 50
23 95
24 6
24 29
25 59
25 91
26 1
26 91
27 2
27 49
28 49
28 88
29 60
30 8
30 59
30 71
30 76
31 42
32 99
33 7
33 59
33 70
33 77
35 10
35 12
35 27
35 97
36 77
37 52
37 85
38 86
39 21
39 49
39 53
39 82
40 0
40 50
40 83
41 49
41 72
41 93
42 60
43 26
43 68
44 50
45 68
45 80
46 22
46 57
46 62
46 67
47 93
48 2
48 72
48 79
48 85
49 81
49 92
51 34
51 71
51 73
52 30
52 34
52 36
55 33
55 44
55 67
56 47
56 50
57 5
60 8
60 81
61 17
63 10
63 54
63 89
64 19
64 63
64 98
65 45
65 61
66 9
66 48
66 60
67 53
68 76
68 94
70 14
70 36
71 67
71 97
72 33
72 58
74 2
74 27
74 39
74 83
75 63
76 17
76 92
77 46
78 15
79 86
80 5
80 17
80 44
80 51
80 81
81 8
81 12
81 49
81 65
82 53
82 91
82 95
83 11
83 24
83 99
84 33
84 85
85 22
85 32
85 95
86 11
86 18
86 93
87 42
88 6
89 41
89 43
90 44
90 71
91 90
92 16
92 85
93 72
94 10
94 52
95 93
96 62
96 68
96 95
97 7
97 25
97 32
97 53
97 66
98 87
99 46
