200
0 5
0 23
0 47
1 38
1 85
1 87
1 94
1 98
2 63
2 89
3 19
3 49
5 8
5 49
5 84
5 88
6 42
7 38
8 16
8 37
8 49
8 96
9 19
9 98
10 19
10 46
10 88
10 96
10 99
11 5
12 25
12 30
13 79
14 59
14 66
15 28
16 13
16 32
16 48
16 62
17 11
17 52
19 73
19 76
20 0
20 5
21 48
21 78
22 43
23 94
24 6
24 35
24 76
25 61
25 94
26 17
26 37
26 89
27 46
28 6
28 49
28 85
29 26
29 32
29 53
29 91
31 56
31 77
32 0
33 23
35 24
35 34
35 35
35 99
36 43
37 20
37 57
38 22
38 48
38 70
40 20
40 29
40 39
40 84
41 50
41 65
41 88
42 17
42 22
42 56
42 68
42 73
42 85
44 17
44 86
45 73
45 88
46 74
48 49
49 0
49 25
49 51
49 70
49 99
52 32
53 5
53 29
53 49
53 89
54 35
54 70
54 76
55 97
56 20
56 63
57 36
57 85
58 54
58 77
61 5
61 6
61 10
61 70
61 76
61 90
61 92
62 18
62 26
62 42
62 44
62 65
63 37
64 22
64 72
65 2
65 47
66 85
67 2
67 24
68 17
68 35
68 80
69 16
71 22
71 50
72 13
73 18
73 98
74 66
76 28
76 33
76 87
77 75
78 28
79 4
79 69
79 92
80 28
80 46
80 96
81 12
81 17
81 56
81 81
82 8
82 31
83 76
84 27
84 41
84 64
84 86
86 56
86 65
87 4
87 16
87 18
87 33
87 54
88 78
88 87
89 89
90 5
90 14
90 41
90 82
91 60
92 32
93 64
93 84
93 97
94 58
95 2
95 58
95 69
96 5
96 50
97 29
97 78
98 98
99 48
