198
0 11
1 1
1 31
1 60
3 20
3 22
3 43
3 67
4 24
5 16
5 21
5 31
5 73
6 90
7 2
7 29
7 85
7 92
8 14
8 45
8 73
9 12
9 56
9 95
10 22
10 48
10 57
11 19
11 20
11 71
12 80
12 81
13 5
13 51
13 76
14 12
16 39
16 83
16 99
18 34
18 77
19 4
20 24
20 29
20 58
21 6
21 11
21 96
22 15
23 82
24 10
24 18
24 20
24 39
24 78
25 45
26 4
26 20
27 19
27 44
27 46
27 67
27 88
28 2
28 76
28 86
29 7
29 16
29 21
31 87
31 93
32 29
32 81
33 10
33 46
34 31
34 34
34 59
34 73
35 26
35 38
36 24
36 32
36 37
36 70
36 85
37 61
38 61
38 64
38 66
39 39
39 67
40 1
42 10
42 15
42 74
43 14
43 33
45 35
45 57
45 91
46 4
46 38
46 61
47 42
47 50
47 71
47 84
48 12
48 79
49 23
49 39
49 74
50 18
52 24
52 99
53 11
53 47
54 13
54 30
55 10
56 14
56 20
56 29
57 87
58 64
58 73
60 2
60 6
60 66
61 38
61 87
62 13
64 8
64 52
65 86
66 64
67 33
67 67
70 71
70 94
71 8
71 24
71 27
71 63
71 90
72 34
73 1
73 62
73 88
74 82
75 90
76 57
76 62
76 83
77 11
77 33
78 5
78 7
78 61
78 74
79 8
79 27
79 84
80 36
82 2
82 77
82 96
83 43
83 51
83 59
84 6
84 65
84 78
84 89
85 19
85 32
85 44
86 75
86 89
87 63
88 27
88 61
88 83
89 30
89 43
89 97
91 10
92 98
93 41
94 46
95 43
95 67
96 80
97 0
97 17
97 60
98 17
