200
0 84
1 12
1 20
1 72
2 27
2 36
2 66
2 75
3 16
3 26
3 38
3 40
3 76
4 64
5 65
6 14
7 69
8 11
8 50
8 87
9 87
11 52
12 7
12 58
12 72
12 85
14 15
14 71
15 0
15 46
17 13
17 26
17 73
17 87
18 24
19 16
20 31
20 95
21 36
21 59
21 68
22 15
22 50
22 76
23 16
23 44
24 14
24 52
24 62
25 21
25 47
25 86
26 32
27 5
27 50
28 18
28 20
29 61
29 69
30 94
31 30
31 38
31 41
32 18
33 57
33 88
34 40
34 66
34 70
34 75
34 77
35 13
35 15
35 34
35 92
36 81
37 1
37 47
37 79
38 27
38 36
38 75
38 80
39 33
39 70
39 85
40 73
40 91
41 13
41 74
41 79
42 31
42 68
43 23
43 61
43 71
43 87
44 17
44 41
44 86
45 0
45 20
45 80
46 50
46 75
48 49
50 20
50 36
50 43
50 96
53 95
56 8
56 21
56 53
56 82
57 29
57 55
58 42
59 36
59 46
59 63
60 32
60 90
61 38
61 60
61 80
62 40
63 12
63 39
64 10
65 37
65 65
65 67
66 3
67 27
68 91
68 95
69 10
69 52
69 55
70 9
72 56
72 59
72 64
73 97
73 98
74 28
74 74
74 86
76 24
76 57
76 72
76 91
77 91
77 93
78 4
78 32
78 75
78 96
79 69
79 90
81 66
81 92
82 29
82 97
83 64
83 65
83 92
84 65
85 30
85 43
86 3
86 4
86 13
86 21
86 47
86 69
86 72
87 29
87 50
87 58
88 13
88 55
88 79
88 84
89 21
91 5
91 21
91 70
91 77
91 89
92 25
94 62
95 26
95 47
96 83
96 99
97 48
98 5
99 67
