200
0 51
0 53
1 44
1 57
2 54
2 55
3 45
3 46
4 44
4 58
5 45
5 55
6 52
6 54
7 42
7 53
8 44
8 59
9 47
9 53
10 56
10 59
11 46
11 55
12 51
12 59
13 51
13 52
14 44
14 58
15 43
15 56
16 44
16 53
17 48
17 53
18 52
18 57
19 42
19 58
20 49
20 54
21 44
21 48
22 49
22 58
23 41
23 58
24 48
24 54
25 47
25 53
26 42
26 49
27 41
27 55
28 45
28 52
29 48
29 51
30 41
30 52
31 57
31 59
32 46
32 49
33 53
33 57
34 44
34 56
35 46
35 49
36 42
36 48
37 50
37 54
38 40
38 55
39 44
39 53
40 54
40 58
41 41
41 44
42 43
42 47
43 43
43 49
44 45
44 54
45 46
45 48
46 45
46 49
47 49
47 58
48 40
48 49
49 43
49 45
50 51
50 54
51 50
51 56
52 46
52 49
53 43
53 51
54 40
54 45
55 42
55 57
56 41
56 48
57 41
57 59
58 42
58 58
59 51
59 56
60 44
60 56
61 41
61 57
62 45
62 53
63 47
63 52
64 44
64 46
65 48
65 58
66 52
66 57
67 40
67 54
68 54
68 58
69 44
69 57
70 54
70 58
71 45
71 58
72 40
72 50
73 43
73 50
74 45
74 57
75 54
75 58
76 51
76 56
77 43
77 49
78 46
78 49
79 45
79 58
80 52
80 53
81 42
81 49
82 51
82 57
83 48
83 53
84 48
84 57
85 46
85 47
86 47
86 53
87 52
87 58
88 43
88 49
89 45
89 55
90 45
90 58
91 45
91 46
92 52
92 57
93 45
93 54
94 51
94 56
95 47
95 56
96 41
96 57
97 40
97 48
98 40
98 55
99 52
99 54
