201
0 0
0 9
0 19
0 29
0 39
0 49
0 59
0 69
0 79
0 89
0 99
2 3
3 27
3 54
4 75
6 66
7 93
9 18
9 35
10 0
10 9
10 19
10 29
10 39
10 49
10 59
10 69
10 79
10 89
10 99
13 47
14 75
15 17
17 6
17 84
18 62
19 31
20 0
20 9
20 19
20 29
20 39
20 49
20 59
20 69
20 79
20 89
20 99
22 45
23 25
27 52
27 73
27 86
27 95
28 7
28 36
30 0
30 9
30 19
30 29
30 39
30 49
30 59
30 69
30 79
30 89
30 99
32 2
32 17
34 44
35 93
36 63
37 77
38 25
38 38
40 0
40 9
40 19
40 29
40 39
40 49
40 59
40 69
40 79
40 89
40 99
41 8
44 46
45 36
45 75
47 63
47 91
48 19
50 0
50 9
50 19
50 29
50 39
50 49
50 59
50 69
50 79
50 89
50 99
53 17
53 38
53 75
55 47
56 65
57 5
57 84
59 25
60 0
60 9
60 19
60 29
60 39
60 49
60 59
60 69
60 79
60 89
60 99
63 74
64 12
64 95
66 43
68 3
68 84
69 25
69 57
70 0
70 9
70 19
70 29
70 39
70 49
70 59
70 69
70 79
70 89
70 99
73 14
73 66
73 85
74 45
78 4
78 53
78 75
78 87
79 26
80 0
80 9
80 19
80 29
80 39
80 49
80 59
80 69
80 79
80 89
80 99
82 67
83 17
83 46
83 96
84 6
85 85
86 57
88 35
89 99
90 0
90 9
90 19
90 29
90 39
90 49
90 59
90 69
90 79
90 89
92 76
93 22
93 44
95 3
95 92
96 14
98 33
98 62
99 0
99 9
99 19
99 29
99 39
99 49
99 55
99 59
99 69
99 79
99 89
99 99
