202
0 36
0 43
0 82
1 18
1 42
1 81
2 16
2 63
3 54
3 62
3 78
3 80
4 29
6 62
7 4
7 19
9 46
9 55
9 70
10 48
14 20
15 53
16 45
16 52
16 77
16 82
17 34
18 23
18 75
18 92
19 90
20 7
20 10
20 33
20 35
20 40
20 58
21 50
21 64
21 65
22 52
22 57
23 21
23 43
23 47
23 49
23 58
24 20
24 33
24 37
26 1
26 22
26 82
27 7
27 61
28 56
29 11
29 26
29 32
29 86
29 90
30 4
30 10
30 40
30 61
31 27
32 8
32 41
32 84
34 19
34 37
34 72
34 87
35 6
35 58
35 87
36 65
37 17
38 38
38 94
39 4
39 42
39 46
39 97
41 27
42 63
43 34
43 82
43 97
44 21
44 47
44 57
45 14
45 22
45 77
46 18
46 52
46 53
47 44
49 30
50 43
50 69
51 55
52 72
53 34
53 66
54 40
54 44
55 41
56 67
57 14
57 97
58 8
58 11
58 41
58 98
59 30
59 38
59 85
59 86
60 57
60 69
60 74
60 79
60 95
60 96
61 80
61 95
63 34
63 40
63 63
63 90
64 41
64 43
64 63
65 37
65 68
65 88
66 21
66 53
66 80
66 90
67 1
67 79
68 89
69 0
70 51
72 12
72 88
73 0
73 40
74 97
75 11
76 3
76 19
77 7
78 61
79 20
79 55
79 91
80 30
80 41
80 43
80 62
81 50
82 92
82 96
83 23
83 24
83 59
83 77
84 42
84 44
84 91
86 4
86 30
86 36
88 54
89 79
89 96
90 82
91 91
93 12
93 76
93 82
93 98
94 13
94 49
95 50
95 64
95 70
96 28
96 72
96 95
97 24
97 60
97 93
98 43
98 44
98 57
99 6
99 81
