200
1 6
1 45
1 60
2 4
2 20
2 30
2 40
2 60
3 9
4 5
4 40
4 41
5 6
6 7
6 15
6 19
6 30
7 8
8 9
8 15
8 30
9 10
9 28
10 2
10 11
11 12
11 44
12 13
12 30
12 31
13 14
13 23
13 46
14 15
14 21
14 24
14 42
15 16
16 17
16 30
16 31
16 37
16 74
17 18
17 21
17 46
17 49
17 92
18 19
18 33
18 52
19 6
19 20
20 4
20 21
20 38
20 76
21 21
21 22
21 39
21 42
22 4
22 23
22 28
22 88
23 24
23 25
23 88
24 25
25 30
26 46
27 43
27 46
28 41
28 42
28 48
29 14
29 23
29 28
29 38
30 23
30 46
31 28
31 56
32 74
32 75
33 22
33 26
33 44
33 52
34 30
34 39
34 42
34 60
34 98
35 42
35 98
36 9
36 30
36 60
36 66
36 92
36 94
37 13
37 14
37 26
38 12
39 2
39 28
39 40
39 80
40 76
40 77
41 48
42 14
42 15
42 27
42 30
42 54
42 78
43 4
43 8
44 4
44 8
44 36
44 38
45 36
45 72
46 2
46 5
46 10
46 50
49 13
49 26
49 38
50 60
51 18
51 60
53 50
54 86
55 86
57 76
58 46
59 46
59 76
60 45
60 46
61 12
61 51
61 56
66 41
66 44
66 45
67 5
67 44
67 52
68 78
69 78
71 52
72 18
72 60
72 69
74 23
74 26
74 28
75 28
78 80
78 82
81 78
84 28
84 54
84 55
86 8
86 81
87 16
87 28
88 8
88 16
88 72
89 6
89 8
89 60
89 72
90 42
90 43
90 72
91 66
92 4
92 10
93 4
93 10
96 26
96 27
96 72
98 19
99 3
99 30
99 97
99 98
99 99
