200
1 54
2 53
2 63
5 60
5 95
6 98
7 9
7 49
7 80
8 53
8 95
9 1
9 12
9 17
9 39
10 14
10 83
11 58
13 76
17 26
17 42
17 58
19 15
20 25
20 56
21 23
23 84
23 93
24 1
24 88
25 11
25 63
25 85
26 5
26 43
26 44
26 51
27 50
28 67
29 31
29 63
29 97
30 68
30 83
31 23
31 54
31 70
31 72
32 5
32 63
33 3
33 7
33 50
33 95
34 19
34 51
34 56
34 57
35 11
35 57
36 67
38 6
38 56
39 27
39 72
40 50
40 62
41 53
42 7
43 5
43 22
43 98
44 46
44 52
44 53
44 55
44 81
45 67
45 93
46 99
48 90
49 45
49 67
50 7
51 42
51 51
51 55
51 68
51 88
52 33
52 55
53 90
54 28
54 58
54 70
55 25
55 36
55 39
55 87
56 36
56 80
57 15
58 4
58 55
58 56
58 68
58 88
58 90
58 98
59 7
59 45
59 59
61 21
61 55
61 71
62 36
62 43
64 54
64 60
64 69
64 77
65 10
65 16
65 55
66 63
66 77
66 98
67 66
68 49
68 68
68 75
69 27
69 72
69 80
70 70
71 16
71 38
71 55
72 19
72 36
72 53
72 68
72 87
73 22
73 77
74 8
74 17
76 30
76 46
76 88
78 9
78 45
78 56
79 6
79 8
79 41
79 51
79 80
80 53
80 66
80 86
81 48
81 69
81 79
81 93
84 15
84 23
84 58
84 70
84 88
85 38
85 90
86 72
87 5
87 58
89 23
89 73
91 13
91 17
91 38
92 47
92 98
93 51
93 58
93 61
93 89
94 79
95 29
95 30
96 88
97 36
98 6
98 25
98 26
98 27
98 87
98 97
99 35
99 71
99 95
