200
8 12
9 11
9 12
9 13
10 10
10 11
10 12
10 13
10 14
11 9
11 10
11 11
11 12
11 13
11 14
11 15
12 10
12 11
12 12
12 13
12 14
13 5
13 11
13 12
13 13
14 4
14 5
14 6
14 12
15 3
15 4
15 5
15 6
15 7
16 2
16 3
16 4
16 5
16 6
16 7
16 8
17 3
17 4
17 5
17 6
17 7
17 23
18 4
18 5
18 6
18 22
18 23
18 24
19 5
19 21
19 22
19 23
19 24
19 25
20 20
20 21
20 22
20 23
20 24
20 25
20 26
21 21
21 22
21 23
21 24
21 25
22 22
22 23
22 24
23 23
27 28
27 63
28 27
28 28
28 29
28 62
28 63
28 64
29 26
29 27
29 28
29 29
29 30
29 61
29 62
29 63
29 64
29 65
30 25
30 26
30 27
30 28
30 29
30 30
30 31
30 60
30 61
30 62
30 63
30 64
30 65
30 66
31 26
31 27
31 28
31 29
31 30
31 61
31 62
31 63
31 64
31 65
32 27
32 28
32 29
32 62
32 63
32 64
33 28
33 63
47 45
48 44
48 45
48 46
49 43
49 44
49 45
49 46
49 47
50 42
50 43
50 44
50 45
50 46
50 47
50 48
51 43
51 44
51 45
51 46
51 47
51 76
52 44
52 45
52 46
52 75
52 76
52 77
53 45
53 74
53 75
53 76
53 77
53 78
54 73
54 74
54 75
54 76
54 77
54 78
54 79
55 74
55 75
55 76
55 77
55 78
56 75
56 76
56 77
57 76
63 64
64 63
64 64
64 65
65 62
65 63
65 64
65 65
65 66
66 61
66 62
66 63
66 64
66 65
66 66
66 67
67 62
67 63
67 64
67 65
67 66
68 63
68 64
68 65
69 64
