200
0 59
0 75
1 28
1 33
1 76
1 77
1 84
1 95
2 30
2 31
3 35
3 47
3 59
4 13
7 81
8 45
8 79
9 43
9 48
9 81
11 22
11 66
13 36
13 63
13 68
14 32
14 83
15 22
15 49
15 87
16 5
16 36
17 2
17 30
17 36
19 5
19 11
19 21
21 57
22 53
22 83
22 89
23 91
23 99
24 27
24 42
25 48
25 55
25 95
26 8
26 16
27 9
27 86
28 31
28 40
28 55
30 35
30 86
31 97
32 5
32 32
32 98
33 8
34 5
35 13
35 15
35 16
35 21
35 43
35 58
35 79
35 95
37 79
38 12
38 21
38 64
38 84
38 89
41 3
41 82
41 94
42 21
43 86
44 70
45 89
46 10
46 22
46 73
47 1
47 12
48 45
49 0
49 43
49 74
50 8
50 64
51 35
53 63
53 69
54 27
55 9
55 32
55 78
56 24
56 51
57 51
57 66
57 81
58 1
58 56
59 35
60 98
62 8
62 92
63 46
63 84
64 39
65 24
65 25
65 28
65 98
66 23
66 33
66 41
66 43
66 57
67 91
68 6
68 10
68 17
69 80
69 96
69 99
71 56
71 67
71 85
72 10
72 21
74 44
74 66
75 21
75 77
76 25
76 48
77 84
78 9
78 57
80 2
80 40
80 45
80 68
81 15
81 37
81 63
81 94
82 1
82 41
83 40
83 60
83 93
84 20
84 48
85 13
85 57
86 6
86 20
86 97
87 72
88 19
88 26
88 35
88 41
89 41
89 50
90 32
90 74
90 94
91 83
92 4
92 33
92 96
93 24
93 41
93 83
93 92
94 65
95 68
95 75
95 80
96 30
96 60
98 3
98 49
98 59
98 71
98 82
98 96
99 71
99 72
99 93
