195
0 0
0 23
0 99
1 18
3 77
5 4
5 16
6 43
6 59
7 23
7 54
7 63
7 80
8 7
9 32
10 26
10 64
11 16
12 26
12 54
13 13
13 25
14 83
15 42
16 11
16 67
16 70
16 74
17 69
17 94
18 11
18 41
19 19
19 26
19 40
19 81
20 12
20 39
21 0
21 91
22 23
22 52
23 48
24 6
24 18
24 54
25 21
27 8
28 53
29 3
30 34
30 99
31 36
31 97
32 73
34 5
34 24
34 98
35 54
35 67
35 94
36 6
36 20
37 20
37 37
37 97
37 98
38 23
38 40
39 1
39 48
39 93
40 79
40 96
41 12
41 32
43 32
43 58
44 14
44 38
44 67
45 10
45 75
45 82
45 91
45 97
46 2
47 97
48 50
49 0
49 7
50 4
50 7
50 27
50 55
51 55
52 31
53 36
53 49
54 83
55 20
56 3
56 28
57 25
57 51
57 90
58 57
59 59
59 81
60 51
60 85
61 77
61 84
62 7
63 7
63 36
63 44
63 90
64 2
64 39
64 47
64 63
65 16
66 2
66 12
66 16
66 28
66 30
66 78
67 50
70 16
70 52
70 61
71 10
71 29
71 68
73 31
74 8
74 55
74 58
75 4
75 53
77 31
77 49
77 56
77 72
78 36
79 32
79 34
79 58
80 30
81 21
81 95
82 2
82 6
82 48
84 57
84 63
85 24
85 41
86 9
86 38
87 13
87 23
87 40
89 47
89 64
90 11
91 97
93 23
93 78
93 85
94 78
94 93
95 36
96 5
96 14
96 67
96 78
96 93
97 26
97 74
97 86
97 97
98 24
98 77
98 82
98 88
99 0
99 28
99 57
99 63
99 74
99 79
99 99
