200
1 8
1 70
1 94
2 52
2 87
3 19
3 32
4 49
4 93
5 18
6 18
6 75
7 19
7 29
7 67
7 81
7 90
8 97
9 85
9 90
10 2
11 7
11 77
12 24
12 51
13 22
13 43
13 67
14 88
15 15
15 40
17 34
17 62
17 74
18 9
18 62
18 70
20 58
20 75
22 53
24 28
24 54
25 36
26 52
26 98
27 16
27 65
28 23
28 29
30 19
30 35
31 58
32 25
32 44
32 82
32 84
34 14
34 19
35 8
35 23
35 34
35 72
36 33
36 73
37 4
37 36
38 13
38 26
38 84
38 92
40 66
42 97
43 37
43 65
43 83
44 27
44 63
44 65
44 75
44 79
45 8
45 70
45 91
46 13
46 39
46 54
47 80
47 85
48 10
48 15
48 38
48 39
49 3
49 29
49 44
51 5
51 24
51 66
51 83
51 92
53 49
53 61
54 16
54 51
54 79
55 50
55 51
55 56
56 97
57 15
57 17
57 36
59 36
60 61
61 10
61 46
61 53
62 87
62 96
63 2
64 7
64 21
64 62
65 14
65 57
66 28
66 44
66 48
67 9
68 51
70 11
70 60
71 84
72 8
72 72
73 26
73 88
74 31
74 48
75 21
76 38
76 66
76 70
77 45
77 54
77 59
77 61
77 78
78 1
78 10
78 13
78 23
78 34
78 58
79 4
79 7
79 40
79 56
79 66
81 10
81 19
82 4
83 3
83 19
84 88
85 23
85 60
85 65
86 53
86 60
87 0
87 18
87 51
87 56
87 63
87 78
88 66
88 86
88 91
89 3
89 4
89 77
89 81
90 83
91 63
92 18
92 80
92 91
93 4
93 7
94 26
94 72
94 97
96 84
96 94
97 81
98 50
98 57
98 80
98 82
