195
0 97
1 35
1 69
2 9
2 12
2 31
3 69
3 77
4 3
4 6
4 44
4 79
4 98
5 55
5 97
6 52
7 11
7 50
8 53
8 60
8 75
9 19
9 21
9 50
9 53
10 84
11 3
11 14
11 21
12 30
12 80
14 86
15 56
15 63
16 79
16 82
16 83
17 66
17 80
18 4
18 32
18 65
19 9
19 33
19 36
19 55
19 82
22 23
23 88
23 98
24 63
25 39
26 16
26 49
26 77
26 91
27 22
27 82
27 88
28 23
28 52
29 20
29 78
29 83
30 42
31 61
31 79
32 9
32 37
32 48
32 91
33 73
34 6
34 22
34 34
34 59
36 35
36 53
37 50
37 56
37 94
38 37
38 46
39 9
39 18
40 49
40 74
41 28
43 14
43 49
45 6
45 55
46 77
47 7
47 32
47 44
48 21
48 98
49 70
50 16
50 29
50 74
52 40
52 73
53 54
55 56
55 70
56 45
56 59
57 35
57 52
57 81
59 85
59 97
60 24
60 34
60 75
61 31
62 98
63 34
64 36
64 91
65 3
65 22
65 35
65 62
65 78
66 49
67 29
67 36
67 51
67 54
67 74
68 48
68 66
69 75
70 21
70 90
71 80
72 2
72 4
72 63
72 79
73 6
73 69
75 1
75 12
75 15
76 24
76 33
77 32
77 35
79 37
79 52
79 53
79 90
80 2
81 19
81 36
82 47
82 85
83 22
83 30
84 36
84 47
84 59
84 83
85 24
85 25
85 76
85 85
86 18
86 34
86 61
88 71
90 36
90 69
90 79
90 84
90 87
91 73
91 99
92 45
92 79
93 94
94 25
96 69
97 21
98 8
98 42
98 79
99 25
99 66
99 82
99 90
