200
0 36
1 1
1 10
1 11
2 1
2 92
2 96
3 36
3 63
3 91
4 21
4 45
5 65
5 83
6 84
7 2
7 9
7 34
8 41
8 44
8 53
9 23
10 50
10 52
10 66
11 7
11 18
11 31
11 35
11 74
12 53
12 57
12 58
12 76
13 58
13 73
13 82
14 8
14 65
14 73
14 92
15 6
16 24
16 98
17 14
17 38
17 40
18 29
18 35
19 78
19 99
20 66
20 87
21 97
22 7
22 91
23 33
23 41
24 5
26 22
26 44
26 80
26 95
27 7
27 79
27 97
28 30
28 43
28 55
30 6
31 33
31 98
32 88
33 22
35 84
35 99
36 47
38 25
38 84
38 96
39 5
40 45
40 64
40 97
41 2
41 18
41 87
41 94
42 25
42 90
43 18
43 85
43 92
45 12
45 28
45 35
45 58
48 3
48 28
48 77
48 87
49 10
49 17
50 83
51 6
51 52
51 93
52 48
53 17
53 79
54 71
55 23
55 68
55 97
56 52
57 21
57 99
58 28
59 57
59 66
59 67
60 64
62 24
63 32
63 35
63 51
63 58
64 20
64 76
65 54
65 76
66 93
66 96
67 22
67 35
68 30
70 3
70 99
71 31
71 99
73 74
74 9
74 41
75 36
75 81
75 90
76 84
76 85
77 50
77 51
77 82
78 10
78 16
78 23
78 95
78 96
79 10
79 13
79 34
79 57
80 29
81 0
82 34
82 57
82 86
83 64
83 71
83 84
84 28
85 9
85 47
85 53
86 21
87 3
87 40
88 92
89 11
89 40
90 39
90 63
90 68
90 95
91 15
91 34
91 88
91 91
92 28
92 91
93 7
93 72
94 6
94 70
95 16
95 25
96 67
96 87
97 11
98 21
98 46
99 61
