199
0 44
0 45
0 69
0 96
1 39
1 78
3 81
5 79
5 89
6 25
6 87
8 62
9 58
10 41
10 84
12 10
12 49
14 36
15 30
15 56
15 66
15 98
16 15
16 53
16 73
17 9
17 20
17 42
17 48
17 56
18 21
19 28
19 74
19 82
19 96
20 31
20 50
20 57
20 98
22 45
23 39
24 90
24 92
25 5
25 7
25 19
25 70
26 8
26 38
27 41
27 89
28 68
29 2
29 86
30 35
30 53
30 61
30 79
31 18
32 26
33 83
34 6
35 4
35 60
36 47
38 52
38 64
39 94
40 24
40 33
41 12
41 13
41 27
42 23
42 55
42 78
43 18
43 65
43 67
43 87
44 34
44 59
44 65
45 33
46 19
46 55
46 73
48 36
48 91
49 22
49 29
49 37
49 59
50 32
51 26
51 32
51 57
51 90
52 31
52 50
53 29
54 5
54 24
54 74
55 43
55 63
56 11
56 12
56 15
56 71
57 9
57 16
57 46
57 69
57 80
58 85
59 7
59 14
59 60
59 72
59 82
60 35
62 27
62 30
62 84
62 88
62 99
63 51
63 86
63 95
64 8
65 49
66 67
66 77
68 13
68 63
68 80
69 1
69 40
69 64
69 83
70 54
70 97
71 44
71 91
72 94
73 17
73 70
73 72
74 92
75 23
75 51
75 77
75 99
76 66
77 10
77 25
77 75
78 34
78 37
78 42
78 97
79 16
80 17
80 20
80 21
81 62
82 38
82 85
83 93
84 11
84 46
85 6
85 81
86 2
86 54
87 0
87 52
87 61
87 76
88 3
88 4
88 22
89 3
89 43
89 71
89 75
90 28
90 48
92 40
92 93
94 68
95 14
95 95
97 1
97 76
98 88
99 47
99 58
