200
0 21
0 47
0 54
0 69
0 77
0 80
1 8
2 12
2 69
3 16
3 36
3 60
3 72
4 27
4 42
5 68
5 71
6 31
6 35
7 11
7 34
7 86
7 91
8 0
8 1
8 33
8 67
9 14
9 46
11 40
11 44
11 54
11 67
12 65
14 87
16 34
16 52
17 33
17 93
18 40
18 48
18 93
19 74
19 89
21 17
23 76
24 33
26 0
26 76
26 88
27 18
27 24
28 94
29 97
30 7
30 22
30 48
31 68
33 59
34 9
34 19
34 67
35 5
36 18
36 52
37 5
37 7
37 45
38 10
38 88
39 22
39 27
39 30
39 54
39 57
39 64
39 82
40 33
41 32
41 41
42 22
43 1
43 40
44 12
44 15
44 60
45 21
45 52
48 2
48 44
48 47
48 67
49 39
49 50
49 55
49 56
49 65
50 30
50 70
50 74
50 99
51 6
51 39
51 60
52 9
52 24
52 43
53 31
53 34
53 50
55 52
56 3
56 13
56 50
56 84
57 20
57 63
57 94
58 59
59 7
59 80
59 93
60 72
60 81
61 0
61 2
61 37
62 9
62 27
63 43
63 81
63 94
64 51
64 68
65 31
65 52
65 85
66 86
67 30
68 12
68 45
68 61
69 25
69 36
69 37
69 50
69 74
70 40
71 69
72 12
73 8
73 67
74 10
74 82
75 30
76 46
77 2
77 49
77 76
78 48
78 58
78 80
79 50
79 82
80 90
81 26
82 44
82 73
82 80
82 88
83 46
84 32
84 52
84 68
84 75
86 6
86 42
86 47
87 51
88 99
89 11
89 54
89 66
89 83
89 86
90 1
90 74
92 11
92 33
92 94
94 44
94 53
94 70
94 79
95 10
96 0
96 3
96 45
98 34
99 57
