200
0 58
0 65
1 63
2 39
3 47
3 52
4 12
5 44
6 82
8 68
9 0
10 55
12 3
12 5
12 11
12 42
13 7
13 11
13 38
13 57
13 98
14 41
14 87
15 56
15 71
15 82
15 98
16 6
16 66
17 36
18 31
18 74
18 76
19 13
20 15
20 26
20 83
21 22
21 26
22 48
23 10
23 36
23 93
25 8
25 99
26 53
26 75
26 91
27 24
27 34
28 7
28 9
28 69
28 94
29 15
29 38
29 39
29 68
30 48
31 13
31 91
32 15
32 68
32 74
33 95
33 99
34 13
34 84
34 96
36 10
36 53
36 67
36 71
36 91
37 8
39 34
39 50
39 55
39 68
39 93
40 34
40 57
40 62
40 63
41 25
41 92
42 86
43 99
44 3
44 68
45 22
45 32
45 70
46 0
46 10
47 18
49 1
49 34
49 72
49 84
49 93
51 27
51 38
51 84
52 45
52 76
53 25
53 64
55 15
56 11
56 71
57 39
58 17
58 33
59 20
59 31
59 50
59 82
59 83
59 89
60 30
60 62
60 69
63 44
63 96
64 55
65 2
65 38
65 47
65 56
65 68
65 82
66 72
67 50
68 23
68 43
68 85
69 30
69 40
69 42
69 61
71 50
71 92
72 21
72 27
72 38
72 55
72 89
73 0
73 9
73 10
73 44
73 97
74 4
74 24
74 25
74 29
74 43
74 91
76 23
76 46
76 71
77 60
77 70
78 48
79 12
79 81
80 42
80 43
82 4
83 2
83 47
83 80
85 59
86 0
86 93
87 26
87 60
89 11
89 51
90 37
91 20
91 26
91 63
92 22
92 34
93 69
93 71
94 0
94 14
94 73
96 57
97 20
97 21
97 26
97 44
98 49
99 39
99 76
99 94
