203
0 22
0 95
2 94
3 31
3 81
4 19
4 64
6 57
6 87
7 6
7 18
7 47
7 77
8 24
8 46
9 29
9 62
9 69
9 70
12 10
13 32
14 97
15 15
15 63
16 41
16 72
16 84
17 39
17 86
19 1
19 63
19 65
20 3
20 56
20 60
21 27
21 77
21 94
22 13
22 60
23 12
23 18
23 49
24 47
24 72
25 63
27 28
28 85
28 86
28 90
28 98
29 53
30 20
31 58
32 7
32 52
32 70
33 7
33 36
34 17
34 27
35 29
35 37
35 68
35 93
38 14
38 96
40 73
40 86
41 41
43 38
43 50
43 76
44 19
44 47
44 62
44 66
45 15
45 54
45 64
46 60
46 89
47 1
47 16
47 22
47 69
47 87
48 30
48 43
48 50
48 98
49 27
49 66
50 15
50 71
51 32
51 82
53 93
54 30
54 37
54 57
54 78
54 88
54 98
55 4
55 61
56 30
56 39
57 30
57 35
58 16
58 47
58 53
58 54
58 83
58 92
59 43
59 45
59 49
59 59
59 75
60 67
60 77
61 56
62 0
62 4
62 48
62 71
63 36
65 4
65 47
66 10
66 64
66 90
67 26
67 64
67 84
68 20
68 28
69 55
70 11
70 42
70 93
71 85
72 6
72 54
72 56
73 2
73 13
73 52
73 69
74 7
74 36
74 80
75 50
75 68
75 90
76 37
76 61
77 19
77 72
78 37
78 65
78 79
80 39
80 73
80 91
81 3
81 28
81 51
82 81
82 97
83 15
83 59
84 59
85 61
86 29
88 19
88 56
89 10
89 68
90 24
90 42
91 57
91 58
92 7
93 30
93 87
94 29
94 32
94 57
94 77
95 96
96 35
96 95
97 14
97 37
97 74
98 8
98 19
98 30
98 62
98 97
