200
0 0
0 26
0 35
1 1
1 7
1 14
1 52
2 21
2 35
2 50
3 52
3 90
4 12
4 18
5 53
5 61
5 73
7 69
8 53
9 54
10 16
10 33
10 50
10 60
11 44
11 52
12 31
12 34
12 37
12 50
12 66
12 77
13 8
13 11
13 68
13 92
14 78
15 23
15 94
16 30
17 40
18 52
18 69
19 84
20 15
20 74
20 87
21 6
22 2
22 39
22 67
24 22
24 90
25 20
25 26
26 6
26 91
27 62
28 83
28 84
29 67
30 94
31 6
31 98
32 8
32 30
32 63
32 85
32 87
33 3
33 26
33 91
36 6
36 33
36 66
36 84
36 96
37 1
37 31
38 5
38 33
38 93
40 23
41 6
42 66
42 69
43 12
43 34
43 51
44 82
45 36
45 79
45 90
49 87
49 96
50 5
50 34
51 40
51 90
52 17
53 21
54 10
56 79
57 8
57 73
58 45
58 55
58 72
59 7
59 62
60 67
61 39
61 77
62 53
63 1
63 53
64 22
65 75
66 12
66 28
66 73
66 92
67 2
67 63
68 27
69 77
70 14
70 43
70 81
71 1
71 41
71 76
71 93
71 97
72 3
72 5
72 40
72 72
73 25
73 49
74 27
74 29
74 65
74 81
74 82
74 89
75 96
76 13
76 18
77 50
77 62
77 99
78 0
78 63
78 80
78 84
79 60
79 76
79 93
80 90
81 34
81 86
82 25
82 30
83 17
83 58
83 69
83 98
84 18
84 26
85 29
85 66
86 42
86 64
86 67
87 21
87 28
88 8
88 9
89 56
89 79
89 87
89 93
91 43
91 78
91 95
92 25
92 51
92 56
92 75
93 90
94 95
95 55
96 20
96 32
96 51
98 8
98 70
99 45
99 95
