205
0 21
0 56
2 0
2 9
2 35
2 44
5 20
5 55
6 3
6 4
6 5
6 6
6 21
6 38
6 39
6 40
6 41
6 56
7 22
7 57
8 23
8 58
9 27
9 62
15 21
15 56
17 0
17 9
17 35
17 44
18 96
20 20
20 55
21 3
21 4
21 5
21 6
21 21
21 38
21 39
21 40
21 41
21 56
22 22
22 57
23 23
23 58
24 27
24 62
30 21
30 56
30 72
31 76
32 0
32 9
32 35
32 44
32 77
33 78
33 93
33 94
33 95
33 96
34 79
35 20
35 55
36 3
36 4
36 5
36 6
36 21
36 38
36 39
36 40
36 41
36 56
37 22
37 57
37 90
37 99
38 23
38 58
39 27
39 62
39 78
45 21
45 56
45 72
46 76
47 0
47 9
47 35
47 44
47 77
48 78
48 93
48 94
48 95
48 96
49 79
50 20
50 55
51 3
51 4
51 5
51 6
51 21
51 38
51 39
51 40
51 41
51 56
52 22
52 57
52 90
52 99
53 23
53 58
54 27
54 62
54 78
60 21
60 56
60 72
61 76
62 0
62 9
62 35
62 44
62 77
63 78
63 93
63 94
63 95
63 96
64 79
65 20
65 55
66 3
66 4
66 5
66 6
66 21
66 38
66 39
66 40
66 41
66 56
67 22
67 57
67 90
67 99
68 23
68 58
69 27
69 62
69 78
75 21
75 56
75 72
76 76
77 0
77 9
77 35
77 44
77 77
78 78
78 93
78 94
78 95
78 96
79 79
80 20
80 55
81 3
81 4
81 5
81 6
81 21
81 38
81 39
81 40
81 41
81 56
82 22
82 57
82 90
82 99
83 23
83 58
84 27
84 62
84 78
90 72
91 76
92 77
93 78
93 93
93 94
93 95
93 96
94 79
97 90
97 99
99 78
