205
0 58
0 71
1 85
1 87
2 69
3 68
5 59
5 75
5 79
6 55
7 22
7 55
8 8
8 74
8 92
9 12
9 21
9 51
9 83
10 32
10 64
10 93
10 97
11 2
11 20
11 71
11 83
11 95
12 74
13 7
13 29
14 18
14 21
14 83
15 27
15 64
16 11
16 37
16 60
17 91
18 45
18 57
18 66
19 23
19 93
21 43
21 45
22 37
22 91
23 62
24 45
24 46
25 1
25 30
25 62
26 12
26 25
26 95
29 32
30 47
30 55
30 77
31 11
31 12
31 17
31 83
32 17
32 70
32 78
32 83
33 26
33 66
34 0
34 80
35 49
37 42
37 50
39 0
39 51
39 70
39 89
40 4
40 61
40 62
41 10
41 17
41 27
41 53
42 47
42 52
42 81
44 33
45 5
45 22
45 44
46 19
46 62
47 23
47 32
47 40
48 3
49 59
50 9
50 47
50 90
51 12
51 43
51 87
52 49
52 56
53 18
53 66
54 2
55 21
56 14
56 48
56 74
56 76
56 96
58 68
60 1
60 22
60 37
60 52
60 76
60 78
61 16
61 49
61 81
63 79
65 6
65 36
66 59
66 82
66 86
66 90
66 97
67 30
67 49
68 85
69 81
70 0
70 88
71 0
72 2
73 64
74 12
74 33
74 80
75 48
75 81
76 36
76 41
77 37
77 95
78 33
78 55
78 68
79 75
79 99
80 20
80 59
81 7
81 24
81 52
82 81
82 91
84 10
84 13
85 8
85 25
85 65
85 90
85 97
86 27
86 28
87 57
87 68
87 86
89 95
90 8
91 14
91 63
92 4
92 61
92 74
92 85
92 93
93 46
93 50
93 63
93 88
94 31
94 44
94 80
95 3
95 99
96 79
97 3
97 36
97 62
98 42
99 33
99 76
99 85
