200
0 28
1 52
1 55
1 95
2 57
2 81
2 85
3 28
3 66
3 76
4 17
5 27
5 35
7 56
7 63
7 64
7 72
7 94
7 98
9 16
9 73
11 4
11 11
11 38
12 66
12 79
14 39
14 51
14 74
14 85
14 99
15 7
16 80
17 64
18 25
19 46
19 72
19 86
20 85
21 55
22 2
22 90
24 7
24 40
24 46
24 91
25 32
25 42
25 85
25 87
26 30
26 61
27 48
27 87
28 53
30 29
32 20
32 59
32 89
32 93
33 46
33 80
34 13
34 47
34 74
35 31
35 60
36 44
36 61
37 37
37 43
37 59
37 68
37 74
38 46
39 60
41 95
42 69
45 24
45 84
46 50
47 52
47 99
48 10
48 24
49 13
49 62
49 99
50 60
50 66
50 78
50 87
53 4
53 78
53 81
54 14
54 40
54 62
54 86
55 66
55 74
56 84
57 30
57 76
57 99
58 34
58 54
58 59
58 61
58 88
59 21
59 79
60 66
61 0
61 26
62 40
62 60
62 61
62 67
64 5
64 23
64 62
65 55
65 84
66 40
66 57
66 78
67 21
67 58
67 66
68 82
69 18
69 35
70 1
70 58
71 84
71 85
72 0
72 48
72 87
72 89
73 8
73 62
75 75
75 84
76 20
76 90
77 62
78 3
78 18
78 66
78 85
78 86
79 11
79 42
80 83
81 3
81 57
82 0
82 79
83 16
83 24
83 79
83 92
84 18
85 3
85 8
85 14
86 39
86 61
86 92
88 88
89 3
89 32
89 59
89 84
89 92
90 6
90 19
90 64
90 92
91 10
91 67
91 68
92 82
92 96
94 51
94 98
95 23
95 25
96 24
96 46
97 59
97 73
98 9
98 37
98 75
99 6
99 22
99 81
