200
0 34
0 48
0 62
0 80
1 7
1 18
1 41
1 44
1 53
1 87
1 92
2 94
6 10
7 49
7 54
7 65
8 18
8 65
8 70
8 88
9 1
9 59
9 62
10 19
10 37
10 63
12 60
12 80
12 81
12 82
13 0
13 87
14 45
14 58
16 46
16 93
17 22
18 2
18 67
19 8
19 41
20 62
21 97
22 9
23 6
23 24
24 89
25 27
27 24
27 48
27 73
28 68
29 58
29 71
30 60
30 65
30 82
31 71
31 87
33 28
33 46
33 94
34 0
34 57
34 59
35 38
38 59
39 17
40 31
40 34
40 78
41 44
41 90
41 92
42 91
43 28
44 13
44 95
45 1
45 66
46 39
46 77
46 81
47 49
47 69
47 90
48 11
50 4
50 52
50 58
51 45
52 15
52 94
53 35
53 55
53 68
54 65
54 90
55 56
55 77
55 87
56 19
56 20
56 70
56 84
56 86
57 38
57 78
58 16
59 18
59 39
59 77
60 68
60 79
60 92
61 8
61 73
63 40
64 1
64 16
64 63
64 96
65 19
66 25
66 35
66 37
68 90
69 29
69 32
70 7
70 18
70 23
70 63
71 8
71 12
71 84
72 31
72 40
72 76
72 79
72 84
73 31
73 54
73 56
74 75
74 78
74 81
75 23
75 77
76 71
77 12
78 52
78 80
78 95
79 27
79 86
80 3
80 6
80 8
80 13
80 20
80 36
82 1
82 5
82 33
82 78
83 18
83 41
84 9
84 77
84 95
85 3
85 8
85 30
85 33
85 48
85 88
87 9
87 58
87 66
88 94
90 53
90 62
91 37
91 46
92 0
92 27
92 89
93 99
94 7
94 20
94 45
94 83
95 10
95 25
95 31
96 13
97 79
98 20
98 69
