200
1 1
1 68
2 4
2 49
2 61
2 81
2 94
3 22
4 19
4 38
5 28
6 91
7 11
7 15
7 48
8 71
8 88
9 1
9 8
9 41
10 12
10 39
10 91
11 48
12 2
12 65
12 99
13 12
13 29
13 58
14 18
14 91
15 83
16 1
16 77
17 93
18 12
18 43
19 19
19 50
20 1
20 29
21 22
21 61
22 8
22 34
22 76
23 11
24 63
24 81
25 10
25 33
26 93
27 19
28 5
28 7
28 41
28 47
29 27
29 68
30 1
30 17
30 31
30 41
32 9
32 32
32 74
33 19
33 21
34 33
34 89
35 23
35 44
37 9
37 68
38 4
38 29
38 82
39 38
39 55
40 17
41 16
41 41
41 96
42 39
42 43
43 67
43 87
44 4
44 22
45 49
45 60
46 2
46 10
47 6
47 68
48 12
48 44
48 80
49 13
50 1
50 12
51 28
52 31
52 75
52 91
53 10
54 19
54 49
54 78
55 10
56 99
57 5
57 23
57 44
58 13
58 42
58 71
59 7
59 85
60 4
60 34
60 87
61 3
61 10
61 69
62 2
63 9
63 56
63 66
63 78
64 13
64 25
65 90
66 31
66 74
66 80
68 8
69 2
69 81
70 53
71 2
71 18
71 67
72 14
72 40
72 56
73 9
73 78
74 19
75 10
75 39
76 34
76 41
76 89
77 12
78 16
79 7
79 54
79 61
81 5
81 8
81 24
81 81
82 31
82 71
82 93
83 10
83 56
84 71
85 12
85 43
85 85
86 54
86 71
86 93
87 37
88 17
89 50
89 65
90 2
90 6
90 41
91 9
91 67
91 89
92 33
92 78
93 53
93 71
93 90
94 11
94 80
95 46
95 73
96 19
97 64
98 98
99 4
99 50
