202
0 35
1 60
1 65
1 83
1 88
2 6
2 8
2 11
2 13
5 33
5 47
5 69
5 80
6 66
6 75
7 97
8 22
8 43
9 20
9 39
10 18
10 52
10 97
11 20
11 83
12 7
12 15
12 17
12 18
12 42
13 30
13 70
14 3
14 25
14 54
15 50
16 17
16 55
17 2
17 68
18 18
19 66
20 8
20 55
20 58
22 2
22 72
22 76
23 23
23 24
23 42
23 65
25 1
25 72
26 23
26 33
26 55
26 98
29 0
29 12
29 52
29 75
29 82
30 64
31 80
32 2
32 19
32 39
32 59
33 36
33 37
33 63
34 4
34 20
35 9
35 10
35 37
35 73
35 79
36 15
36 31
36 77
36 85
37 25
37 57
37 91
38 9
39 31
39 49
40 10
40 58
40 66
40 97
42 44
42 61
42 87
43 56
44 0
44 10
44 48
44 68
45 2
45 16
45 90
45 94
46 22
46 30
46 56
46 84
47 29
47 41
47 97
48 73
50 42
50 90
51 74
54 74
54 84
55 5
55 60
55 63
55 88
56 62
57 61
59 28
59 64
60 48
61 15
61 96
62 26
62 86
63 4
64 23
64 64
65 6
65 9
65 15
65 18
65 27
65 37
67 68
68 79
69 45
69 58
70 32
70 97
72 50
72 88
73 9
73 45
73 50
73 80
74 9
74 24
74 34
74 68
75 12
75 13
75 41
75 66
76 2
76 44
76 88
76 96
77 8
77 16
77 41
77 81
77 96
78 22
79 89
80 55
80 91
81 31
81 78
81 82
82 55
82 96
82 97
83 31
84 91
84 99
85 19
85 99
86 5
86 24
87 15
88 11
88 16
88 27
89 3
90 46
91 67
93 20
94 85
95 25
95 91
97 47
97 48
97 79
98 37
99 25
