205
0 32
0 53
0 67
0 99
1 36
2 5
2 40
2 99
3 8
3 25
3 27
4 37
4 71
4 89
5 84
6 31
6 62
7 5
7 7
7 40
7 55
8 48
8 73
8 90
9 65
10 14
10 38
11 10
11 41
11 63
12 85
12 91
13 0
14 29
14 78
15 20
16 98
17 36
17 90
19 2
20 73
23 4
23 43
24 12
24 16
25 40
25 84
26 35
27 1
27 61
27 94
28 20
28 97
30 79
30 80
31 48
31 73
31 85
31 99
32 14
32 34
32 46
32 65
33 1
33 6
33 10
33 85
33 88
35 50
35 56
35 68
36 14
36 17
36 27
36 46
36 66
37 40
37 53
38 40
39 92
40 44
40 47
40 56
41 13
41 23
41 69
42 21
42 30
42 67
42 94
46 60
46 65
46 71
46 80
46 86
47 22
47 23
47 40
48 94
49 21
49 29
49 39
49 79
50 13
50 38
53 62
54 9
54 28
54 57
55 85
55 94
55 96
56 2
56 61
56 66
57 64
58 73
58 83
59 11
59 22
59 59
59 61
60 66
60 98
60 99
62 23
62 37
63 26
63 29
63 37
63 84
64 13
64 14
64 34
65 19
65 97
66 3
66 36
67 48
67 95
68 22
68 51
69 30
70 41
71 0
71 15
71 47
72 19
73 47
74 10
74 55
74 92
75 15
75 34
76 22
76 45
76 61
76 91
77 15
78 18
79 99
80 41
81 93
82 2
83 22
83 25
83 92
84 4
85 11
85 16
85 50
85 74
86 38
86 90
87 83
88 33
88 36
89 15
90 15
90 29
90 40
90 64
91 6
91 57
91 78
93 8
93 10
93 69
94 8
95 21
95 61
96 30
96 40
96 60
96 85
97 26
97 32
97 89
98 6
98 42
99 22
99 35
99 67
99 70
99 76
