200
0 78
1 65
1 79
2 80
3 30
3 31
5 68
5 95
6 87
7 10
7 94
8 22
8 39
9 9
10 22
10 28
11 5
11 12
11 21
12 2
12 23
13 7
13 35
13 58
13 91
14 7
15 8
15 62
16 75
18 6
18 20
18 29
18 81
19 64
19 98
21 3
21 73
22 7
22 25
22 31
22 57
22 70
23 79
23 93
24 64
25 71
27 52
27 85
28 46
28 60
28 72
28 94
29 19
29 25
29 51
29 71
29 78
29 95
30 14
30 35
30 44
30 94
31 2
32 67
32 72
33 78
34 66
34 92
35 21
35 29
35 63
36 26
37 5
37 26
38 65
39 72
39 90
41 9
41 42
41 58
41 76
41 83
42 99
43 83
44 69
45 63
46 45
46 85
47 13
48 0
48 56
48 66
49 53
49 71
52 27
53 23
53 92
54 10
56 35
56 36
57 99
58 9
58 28
58 73
58 88
59 26
59 33
60 29
60 36
61 71
62 43
62 60
62 89
64 33
64 48
64 93
65 57
66 9
66 19
66 62
67 1
67 65
67 95
68 25
68 55
68 90
69 6
69 20
69 33
71 98
72 20
72 52
73 12
73 46
74 31
74 95
75 17
75 55
76 54
76 81
77 18
77 66
78 41
79 68
79 73
80 64
81 6
81 35
81 70
83 34
83 44
83 58
84 85
85 13
85 15
85 20
85 87
86 46
87 28
87 52
87 71
88 28
88 50
88 52
88 54
88 59
88 74
89 13
89 49
89 65
89 83
89 89
90 5
90 22
90 51
91 0
91 33
91 86
92 24
93 3
94 10
94 21
94 34
94 37
94 52
95 22
95 40
95 63
96 47
96 85
98 7
98 43
98 53
98 67
98 75
98 96
99 2
99 12
99 76
99 89
