200
0 0
0 1
0 2
0 3
0 4
1 0
1 1
1 2
1 3
1 4
2 0
2 1
2 2
2 3
2 4
3 0
3 1
3 2
3 3
3 4
4 0
4 1
4 2
4 3
4 4
6 13
9 11
10 10
11 9
13 6
14 25
14 26
14 27
14 28
14 29
14 30
14 31
15 22
15 34
17 19
17 37
18 18
18 38
19 17
19 39
22 15
22 41
25 14
26 14
27 14
28 14
28 28
28 29
28 30
28 31
28 32
29 14
29 28
29 29
29 30
29 31
29 32
30 14
30 28
30 29
30 30
30 31
30 32
31 14
31 28
31 29
31 30
31 31
31 32
32 28
32 29
32 30
32 31
32 32
34 15
34 41
37 17
37 39
38 18
38 38
39 19
39 37
41 22
41 34
42 53
42 54
42 55
42 56
42 57
42 58
42 59
43 50
43 62
45 47
45 65
46 46
46 66
47 45
47 67
50 43
50 69
53 42
54 42
55 42
56 42
56 56
56 57
56 58
56 59
56 60
57 42
57 56
57 57
57 58
57 59
57 60
58 42
58 56
58 57
58 58
58 59
58 60
59 42
59 56
59 57
59 58
59 59
59 60
60 56
60 57
60 58
60 59
60 60
62 43
62 69
65 45
65 67
66 46
66 66
67 47
67 65
69 50
69 62
70 81
70 82
70 83
70 84
70 85
70 86
70 87
71 78
71 90
73 75
73 93
74 74
74 94
75 73
75 95
78 71
78 97
81 70
82 70
83 70
84 70
84 84
84 85
84 86
84 87
84 88
85 70
85 84
85 85
85 86
85 87
85 88
86 70
86 84
86 85
86 86
86 87
86 88
87 70
87 84
87 85
87 86
87 87
87 88
88 84
88 85
88 86
88 87
88 88
90 71
90 97
93 73
