202
0 24
0 39
1 73
1 90
2 10
2 53
2 59
2 80
3 20
3 46
3 54
4 34
4 35
4 44
4 58
5 7
5 61
7 8
7 47
8 0
9 54
10 57
11 19
15 75
16 11
16 72
16 96
17 12
17 13
17 87
18 61
18 75
19 54
21 48
21 81
21 83
21 84
22 16
22 76
23 40
23 62
24 18
25 25
25 90
26 35
26 85
27 40
27 63
28 62
28 65
28 96
29 2
29 76
30 22
30 63
32 44
33 24
33 44
33 80
35 11
35 22
35 74
35 79
36 33
36 46
36 67
37 60
39 86
40 44
40 66
40 83
41 7
41 8
41 26
41 91
42 5
42 22
42 77
42 92
42 93
42 94
43 16
43 50
44 27
44 55
45 0
45 16
45 45
46 32
46 58
46 64
47 18
47 32
47 79
47 99
48 69
48 76
48 81
48 88
49 87
50 46
50 55
50 86
50 89
50 97
51 31
53 29
53 56
53 91
55 21
55 82
55 97
56 1
56 81
56 85
57 13
57 92
58 60
59 41
59 63
59 90
60 5
60 8
60 19
60 32
60 48
60 91
61 28
61 89
62 18
62 58
62 69
62 80
63 26
63 35
63 50
63 66
63 68
64 21
64 54
64 60
65 98
66 63
66 70
66 76
68 40
68 41
68 44
68 59
68 82
69 28
69 69
69 77
70 15
72 54
72 77
73 15
73 25
74 12
74 48
74 67
75 66
75 73
76 59
78 44
79 7
79 23
79 64
79 67
81 9
81 92
82 39
82 78
82 96
83 55
84 85
84 88
85 19
85 91
87 61
87 63
87 67
89 41
89 64
89 92
91 63
91 73
92 81
94 35
96 67
96 83
97 25
97 85
98 14
98 21
98 22
98 67
99 16
99 19
99 39
99 49
99 89
