195
1 0
5 16
5 25
7 27
8 32
9 36
11 46
14 22
15 1
15 31
16 1
16 47
17 26
19 33
21 44
22 20
22 37
25 10
30 39
30 41
33 41
35 15
37 14
37 46
37 47
38 32
40 22
41 36
44 26
44 32
45 17
47 31
50 57
50 84
50 96
51 74
51 83
51 85
52 78
52 80
52 83
52 86
53 58
53 83
53 88
53 94
54 51
54 80
55 65
55 83
55 87
56 51
56 66
56 70
57 63
57 73
57 85
57 98
58 58
58 75
59 56
59 77
59 86
60 71
60 78
60 91
61 50
61 57
61 60
61 83
61 97
62 78
62 85
63 67
63 89
63 95
64 58
64 73
64 75
64 79
64 83
64 84
65 51
65 56
65 83
66 59
66 78
67 89
67 94
67 96
67 98
68 66
68 73
68 89
69 54
69 70
69 88
70 56
70 86
70 93
71 50
71 63
71 66
71 67
71 82
71 91
72 80
72 82
72 89
73 64
73 93
74 53
74 58
74 63
75 59
75 66
75 81
75 84
76 61
76 69
76 70
76 73
76 91
76 97
76 98
77 96
78 55
78 63
78 88
79 69
79 80
80 53
80 95
80 97
81 53
81 97
82 55
82 66
82 79
83 52
84 71
85 50
85 55
85 91
86 75
86 99
87 57
87 72
87 81
87 89
87 95
87 99
88 52
88 65
88 69
88 90
88 98
89 50
89 51
89 60
89 75
89 82
89 91
89 92
90 50
91 52
91 67
91 92
91 94
92 93
92 99
93 56
93 60
93 83
94 55
94 62
94 71
94 92
95 87
95 94
96 53
96 55
96 75
96 81
97 56
97 59
97 64
97 69
97 92
98 56
98 60
98 62
98 69
98 84
99 92
