200
1 1
1 14
1 81
2 31
2 46
2 72
3 5
3 30
3 34
3 41
3 57
3 76
4 35
6 4
6 32
6 69
7 22
7 47
8 24
8 32
8 48
9 42
9 51
9 90
10 10
10 11
10 40
10 71
10 84
11 62
11 83
12 9
13 23
13 61
14 17
16 16
18 25
18 82
19 13
20 6
20 47
20 52
21 26
21 57
22 3
22 35
22 52
22 98
23 1
24 33
27 72
28 7
28 49
30 6
30 21
30 79
31 4
31 18
31 36
31 46
31 97
33 14
33 42
33 51
33 54
33 68
34 74
35 16
35 27
35 41
35 93
36 69
36 83
37 19
37 25
37 77
37 88
37 92
38 39
38 54
39 9
40 85
41 21
41 23
41 76
42 28
42 37
42 75
42 88
42 91
43 67
43 92
44 53
45 11
45 27
45 38
45 49
48 78
49 63
50 2
51 18
51 77
52 11
52 58
52 68
52 70
53 73
54 38
55 61
56 29
56 74
56 87
57 22
58 15
58 85
58 99
59 59
59 78
59 96
60 39
61 36
61 64
62 1
62 8
62 89
62 98
63 45
64 3
64 66
65 26
65 33
65 48
66 12
67 43
67 90
68 50
69 7
69 9
69 29
69 43
70 20
70 56
70 67
70 81
71 8
71 87
71 91
71 95
72 17
72 89
73 45
73 66
75 5
76 19
76 56
76 95
77 9
77 65
77 71
78 30
79 79
79 80
80 31
80 58
80 84
82 60
83 28
83 96
84 40
84 63
84 70
84 97
85 73
85 86
86 13
86 50
86 80
89 20
89 64
89 65
89 86
90 44
91 55
92 34
92 37
92 75
93 60
94 12
94 59
94 82
94 94
94 99
95 53
96 55
97 15
98 24
98 62
98 94
99 2
99 93
