199
0 0
0 1
0 2
0 3
0 4
0 5
0 6
0 7
0 8
0 9
0 10
0 11
0 12
0 13
0 14
0 15
0 16
0 17
0 18
0 19
0 20
1 0
1 1
1 3
1 5
1 11
1 14
1 17
2 0
2 2
2 6
2 10
2 15
2 22
2 28
2 34
3 0
3 1
3 3
3 4
3 9
3 15
3 16
3 33
3 42
3 51
3 78
4 0
4 4
4 12
4 20
4 44
4 56
4 68
5 0
5 1
5 5
5 15
5 55
5 70
5 85
6 0
6 2
6 6
6 8
6 18
6 66
6 84
7 0
7 7
7 77
8 0
8 8
8 88
9 0
9 3
9 9
9 12
9 99
10 0
10 2
10 10
11 0
11 1
11 11
12 0
12 4
12 12
12 16
13 0
13 13
14 0
14 1
14 14
15 0
15 2
15 3
15 5
15 15
15 20
16 0
16 3
16 16
17 0
17 1
17 17
18 0
18 6
18 18
18 24
19 0
19 19
20 0
20 4
20 20
21 28
22 2
24 32
27 36
28 2
30 40
33 3
33 44
34 2
36 48
39 52
40 40
40 50
40 60
40 70
40 80
42 3
42 56
44 4
45 60
50 40
50 50
50 60
50 70
50 80
51 3
55 5
56 4
60 40
60 50
60 60
60 70
60 80
66 6
68 4
70 5
70 40
70 50
70 60
70 70
70 80
72 72
73 73
74 74
75 75
77 7
78 3
80 40
80 50
80 60
80 70
80 80
84 6
85 5
88 8
90 91
90 92
90 93
90 94
90 95
90 96
90 97
90 98
90 99
91 91
91 92
91 93
91 94
91 95
91 96
91 97
91 98
91 99
92 91
92 92
92 93
92 94
92 95
92 96
92 97
92 98
92 99
93 95
99 9
