# Penalty:  46113.84580753919
113
0 1
0 30
0 57
1 38
1 51
1 64
1 71
1 99
2 18
4 78
4 95
5 4
6 11
6 48
9 71
10 0
10 56
11 8
11 29
12 23
13 45
13 61
14 93
16 77
19 47
19 96
20 5
21 40
21 87
22 71
24 64
24 99
25 32
27 43
28 27
28 81
29 4
29 57
29 68
30 49
30 99
31 31
33 25
33 78
33 87
34 39
34 68
36 81
39 0
39 10
41 52
41 56
41 77
42 18
42 25
44 87
45 0
45 39
45 66
48 6
48 43
49 24
50 63
50 70
51 37
52 15
53 58
54 27
54 89
55 9
58 30
58 54
60 1
60 81
63 16
63 92
64 26
64 67
66 71
67 35
67 86
70 9
70 51
73 30
74 22
76 7
76 45
76 95
77 37
78 29
79 24
79 77
80 99
81 47
82 38
82 86
83 6
84 92
89 28
89 39
90 2
90 15
90 57
90 69
94 96
95 26
96 43
97 70
98 13
99 25
99 38
99 50
99 67
