138
0 5
0 10
0 35
0 41
1 95
2 48
3 80
4 15
4 70
5 73
7 20
7 97
8 33
8 61
8 88
9 11
10 25
10 77
12 53
12 72
13 16
14 49
14 90
16 87
16 97
17 68
18 38
18 60
19 28
19 46
19 77
20 15
20 83
22 41
22 90
23 56
24 25
25 0
25 58
26 79
27 5
27 69
28 53
29 36
29 64
30 94
31 17
33 39
33 77
33 78
35 13
35 45
35 63
35 87
36 69
37 26
39 48
39 50
39 80
40 31
41 18
42 31
43 40
45 74
46 60
46 87
47 31
47 43
47 94
48 79
49 12
49 70
50 11
51 26
51 88
52 37
53 52
54 7
54 61
55 14
56 22
56 93
57 88
58 28
58 67
59 94
60 98
61 6
62 43
63 33
64 20
64 37
64 86
65 94
68 82
68 90
70 2
71 29
71 64
72 42
73 11
73 58
73 70
73 84
75 24
75 65
75 94
77 0
78 36
79 47
80 60
80 97
82 0
82 7
82 49
83 29
83 71
84 55
85 3
86 84
87 16
87 59
89 64
90 15
92 44
92 59
92 90
93 97
94 18
94 78
94 83
95 1
96 35
96 51
97 83
98 24
99 13
99 50
