127
0 52
1 6
1 62
2 12
2 18
2 87
3 74
3 99
5 37
5 92
6 52
6 83
7 4
9 0
9 23
9 53
9 99
10 12
11 41
12 35
13 78
13 99
14 17
14 50
14 83
15 28
15 62
17 77
19 4
19 55
19 95
20 31
21 72
24 61
24 77
24 95
25 3
26 38
28 22
29 10
29 91
30 7
30 72
31 43
32 16
32 38
32 56
32 82
34 52
35 8
35 55
36 77
37 82
37 97
38 43
38 45
39 32
40 10
43 35
43 78
44 70
44 89
44 99
46 13
46 89
47 64
48 4
48 65
49 46
51 30
53 89
53 92
54 10
54 41
54 58
55 72
57 26
57 44
57 53
58 1
58 18
59 70
59 85
61 9
62 0
62 65
64 49
65 4
65 77
65 93
67 26
69 56
70 41
71 32
71 95
72 22
72 46
72 63
75 8
77 14
78 34
79 51
80 20
80 65
82 71
83 1
83 25
83 89
84 41
84 46
87 0
88 13
88 24
88 94
89 60
89 71
91 7
91 56
91 66
93 89
96 25
96 42
96 50
96 73
97 5
97 59
99 78
