196
4 7
4 14
4 21
4 28
4 35
4 42
4 49
4 56
4 63
4 70
4 77
4 84
4 91
7 95
11 14
11 21
11 28
11 35
11 42
11 49
11 56
11 63
11 70
11 77
11 84
11 91
14 4
14 95
18 21
18 28
18 35
18 42
18 49
18 56
18 63
18 70
18 77
18 84
18 91
21 4
21 11
21 95
25 28
25 35
25 42
25 49
25 56
25 63
25 70
25 77
25 84
25 91
28 4
28 11
28 18
28 95
32 35
32 42
32 49
32 56
32 63
32 70
32 77
32 84
32 91
35 4
35 11
35 18
35 25
35 95
39 42
39 49
39 56
39 63
39 70
39 77
39 84
39 91
42 4
42 11
42 18
42 25
42 32
42 95
46 49
46 56
46 63
46 70
46 77
46 84
46 91
49 4
49 11
49 18
49 25
49 32
49 39
49 95
53 56
53 63
53 70
53 77
53 84
53 91
56 4
56 11
56 18
56 25
56 32
56 39
56 46
56 95
60 63
60 70
60 77
60 84
60 91
63 4
63 11
63 18
63 25
63 32
63 39
63 46
63 53
63 95
67 70
67 77
67 84
67 91
70 4
70 11
70 18
70 25
70 32
70 39
70 46
70 53
70 60
70 95
74 77
74 84
74 91
77 4
77 11
77 18
77 25
77 32
77 39
77 46
77 53
77 60
77 67
77 95
81 84
81 91
84 4
84 11
84 18
84 25
84 32
84 39
84 46
84 53
84 60
84 67
84 74
84 95
88 91
91 4
91 11
91 18
91 25
91 32
91 39
91 46
91 53
91 60
91 67
91 74
91 81
91 95
95 7
95 14
95 21
95 28
95 35
95 42
95 49
95 56
95 63
95 70
95 77
95 84
95 91
95 98
