130
0 0
0 17
0 27
0 35
0 78
0 85
0 88
1 55
1 57
1 94
3 22
3 43
3 65
3 78
5 36
5 54
6 32
6 80
7 9
7 89
8 14
9 2
9 4
9 62
11 32
11 54
12 9
12 98
13 81
13 91
14 63
15 51
15 69
16 3
16 36
18 56
19 1
19 28
19 44
20 64
20 87
23 8
23 25
24 57
25 20
27 3
27 34
27 89
28 79
29 93
30 9
30 29
32 38
32 57
34 63
35 0
35 98
36 21
36 43
40 85
42 56
45 1
45 66
45 82
46 34
46 93
48 11
49 63
50 40
50 96
51 23
51 86
52 29
53 5
54 0
55 21
55 43
55 63
55 96
56 3
57 36
58 78
60 13
60 26
60 30
61 46
61 99
63 56
65 74
66 59
66 79
67 51
67 83
70 41
73 8
73 45
73 99
75 62
75 80
76 14
76 38
77 88
78 31
79 49
80 85
80 99
81 2
81 27
82 63
83 39
83 71
83 91
84 60
84 76
85 13
86 2
86 34
88 19
88 68
89 36
90 32
90 39
90 46
90 96
91 91
92 62
93 81
96 28
96 58
99 76
