128
0 78
1 7
1 71
2 64
2 78
5 1
5 86
7 71
8 55
9 22
9 82
12 23
12 32
12 44
13 49
14 3
16 62
18 82
19 27
19 54
21 8
21 11
21 66
21 73
22 26
22 33
22 98
23 41
23 44
24 61
27 35
27 41
29 17
29 22
29 65
29 89
30 81
31 83
31 96
33 74
34 31
34 47
36 81
37 14
37 41
39 0
39 81
40 61
41 22
42 17
42 75
42 91
43 84
43 97
44 38
45 55
46 17
46 18
47 51
47 67
48 40
48 87
49 23
49 95
50 71
52 3
52 38
52 47
53 9
53 38
53 58
54 90
55 73
57 30
58 19
58 51
59 1
59 22
61 62
63 3
63 13
63 89
64 27
64 54
64 67
65 51
65 81
66 20
67 74
69 4
69 45
69 58
70 95
71 11
72 78
72 88
74 29
74 50
77 55
77 68
77 98
78 37
78 74
79 87
79 92
80 28
81 9
82 69
83 84
84 51
84 99
85 21
85 43
87 79
88 2
88 12
88 76
89 60
91 35
91 68
92 94
93 63
93 70
94 1
94 87
96 56
96 78
99 88
