132
0 47
0 96
1 6
1 65
1 93
2 54
3 12
3 24
3 80
4 83
5 42
6 45
7 82
9 61
10 91
12 19
13 47
13 99
14 76
15 1
15 87
16 53
16 65
18 97
20 76
21 8
21 44
21 50
22 14
23 32
23 83
24 23
25 2
26 65
26 86
27 51
27 95
28 28
28 74
30 68
30 99
31 13
31 25
31 61
32 4
32 61
33 46
33 75
34 53
34 95
36 0
37 98
38 22
38 81
39 47
40 10
40 42
42 90
43 24
44 56
45 21
46 28
46 41
47 69
48 49
49 10
49 89
50 1
50 27
51 15
52 75
54 25
54 95
56 19
57 7
57 90
58 76
58 81
58 84
60 0
60 27
61 95
62 34
62 41
63 48
65 56
67 29
67 86
68 17
68 34
68 84
68 98
69 3
71 62
72 42
72 93
72 94
74 0
74 77
75 24
75 55
76 43
77 62
77 79
78 6
78 28
80 96
81 88
83 3
83 15
83 16
84 91
86 55
86 80
86 98
88 48
88 61
89 11
90 31
93 51
93 59
93 68
94 10
94 94
95 36
95 42
97 68
97 77
98 4
98 31
99 13
99 25
