127
0 44
0 49
1 3
2 57
2 84
2 91
3 11
4 75
7 29
8 67
8 81
9 35
9 42
9 85
10 8
10 60
10 75
11 12
11 23
14 19
15 74
15 84
16 37
16 59
18 11
18 34
18 45
20 88
21 65
21 92
21 97
22 73
24 18
24 46
24 55
27 10
27 64
27 67
28 39
28 97
30 14
31 75
31 93
33 5
33 21
34 41
34 66
34 84
35 99
36 55
36 90
37 80
39 91
39 99
40 13
40 73
41 23
42 40
43 80
44 9
44 19
45 91
46 50
46 59
46 77
46 97
47 14
47 40
49 35
49 65
51 57
52 74
53 43
56 37
57 84
58 25
61 52
62 2
62 6
62 86
64 27
64 35
65 95
66 62
67 47
68 37
69 15
69 43
69 74
70 2
70 9
70 25
72 83
73 50
74 68
75 56
76 1
76 24
76 65
78 31
79 55
79 77
80 81
82 8
82 41
83 14
83 90
84 40
84 46
85 2
85 29
86 55
86 66
86 73
87 99
89 24
89 34
89 38
90 53
91 10
92 85
94 14
94 63
98 60
98 89
99 21
99 69
