131
0 8
1 79
3 32
3 54
5 5
5 92
6 71
8 52
9 1
9 13
9 38
11 85
12 29
12 92
12 99
13 87
14 56
15 3
16 70
17 73
18 7
19 28
22 33
22 99
23 73
24 23
24 43
24 85
25 70
26 2
27 24
27 92
28 5
28 47
28 98
29 56
31 2
31 80
32 18
34 26
34 36
34 64
34 85
35 95
37 14
37 40
37 59
37 75
38 83
42 68
44 26
44 60
44 80
45 42
45 45
47 94
48 85
50 46
50 63
50 76
50 95
51 3
51 52
53 85
53 94
54 28
54 38
55 24
56 12
57 4
58 83
58 95
60 5
60 42
60 87
61 8
61 69
62 18
62 52
63 23
63 56
64 80
65 37
65 65
66 9
70 5
70 20
70 55
70 69
71 5
71 44
71 79
72 73
73 30
73 50
73 88
74 18
75 64
77 45
77 70
78 75
79 1
79 27
79 39
80 51
80 79
81 65
82 16
83 98
84 35
84 53
84 80
86 91
87 61
88 17
88 29
90 78
91 35
91 45
93 11
94 62
95 8
96 25
96 58
96 92
97 32
98 33
98 89
98 98
99 44
99 84
