132
0 5
0 30
1 51
1 59
1 64
2 18
2 94
4 6
4 41
4 74
4 84
5 13
6 48
6 55
9 68
10 10
10 77
10 95
11 44
11 58
11 74
11 90
12 27
13 49
13 61
14 0
15 20
16 50
17 8
17 78
18 84
19 39
20 73
21 34
21 95
22 30
22 50
23 65
23 66
24 43
26 25
26 82
26 98
27 70
29 49
30 59
30 90
30 93
31 9
31 30
31 42
31 77
33 25
33 69
35 89
36 0
36 81
37 55
38 20
39 26
39 39
41 12
41 77
42 58
42 86
43 71
45 3
45 9
45 45
46 22
46 65
47 4
49 75
50 41
51 61
52 15
52 70
53 10
54 89
55 27
56 0
56 35
56 61
57 4
58 54
58 79
61 15
61 25
61 85
62 91
63 66
64 14
66 71
67 32
67 86
68 50
70 9
72 55
74 6
74 8
74 46
76 33
77 22
77 36
77 97
78 94
81 19
81 53
81 79
83 6
83 29
83 85
85 41
87 12
87 89
88 0
88 30
88 58
89 39
90 69
90 94
92 1
92 11
92 62
93 40
94 73
95 26
95 65
96 23
96 48
97 11
99 43
