139
0 95
1 2
2 99
3 57
3 83
4 16
4 26
4 70
4 73
5 76
7 58
7 93
8 0
8 26
8 61
10 52
11 29
11 98
12 36
13 2
13 14
16 5
16 21
16 52
17 45
17 79
17 91
19 16
19 98
22 33
22 61
23 42
23 76
24 1
24 12
24 48
24 92
25 61
26 60
26 82
26 98
27 5
27 99
29 20
29 40
31 4
31 65
31 93
32 14
32 46
33 26
33 51
33 76
36 82
37 25
37 87
38 16
38 31
41 8
42 37
42 63
43 96
44 7
46 0
46 68
46 76
46 95
47 56
47 73
48 76
48 82
49 12
49 45
51 54
52 1
52 81
53 16
53 32
53 44
56 60
58 26
58 84
61 20
61 42
61 79
61 88
62 9
62 68
63 28
65 14
66 52
67 38
67 59
69 66
69 83
70 20
70 69
71 35
72 40
72 93
75 55
75 65
76 7
76 24
76 35
76 51
77 70
78 0
79 85
80 10
81 25
82 30
82 78
83 3
83 22
83 48
83 58
83 67
83 68
83 89
84 71
86 3
86 84
88 13
88 62
89 79
89 98
92 9
92 17
94 26
94 43
94 99
95 26
95 52
97 68
97 76
99 32
99 52
99 55
