125
0 5
1 6
2 7
4 57
5 0
7 4
8 53
10 61
10 70
10 86
11 30
12 61
12 95
13 27
13 87
14 35
14 43
16 85
18 13
19 48
19 89
20 20
20 27
21 38
21 59
21 78
24 55
25 82
26 36
28 96
29 41
29 49
31 32
31 56
31 97
32 27
32 86
34 72
35 9
35 20
35 40
36 46
37 63
37 88
38 17
38 99
39 57
40 38
40 50
40 76
41 35
41 85
41 92
43 75
44 15
46 46
46 58
47 10
48 32
48 86
48 87
49 43
50 16
50 61
50 70
50 97
51 25
53 62
53 90
53 95
54 19
58 80
59 24
60 34
61 17
61 66
62 39
64 12
64 27
65 69
65 81
66 35
66 75
66 89
66 97
67 14
68 27
70 46
71 14
71 32
71 41
71 52
72 83
73 88
75 98
76 65
77 16
77 72
78 85
78 86
79 50
79 58
80 45
81 31
81 42
82 9
83 12
83 45
83 61
83 72
84 99
86 26
89 20
90 72
91 52
92 62
92 95
93 47
96 56
97 54
98 23
98 65
98 90
99 34
99 83
