130
0 48
0 61
2 0
2 34
3 57
3 77
5 94
6 8
6 59
7 30
7 51
7 92
8 74
10 27
10 55
10 86
10 96
11 44
11 77
12 69
13 20
13 35
14 32
14 49
14 62
14 90
15 85
16 12
17 69
18 97
19 57
20 78
21 2
21 25
21 32
21 45
22 16
22 85
23 51
24 39
24 94
25 7
25 76
25 99
26 27
27 95
29 62
31 32
32 15
33 78
37 7
37 37
37 68
39 19
40 99
41 33
41 53
42 13
42 91
43 67
43 77
43 85
46 12
46 20
46 62
47 41
47 97
48 47
48 54
49 81
52 30
52 93
53 36
54 22
55 15
55 63
55 98
58 20
60 27
60 67
61 9
62 48
63 4
63 20
64 56
65 91
66 43
66 98
67 83
68 1
68 76
69 14
69 71
70 11
73 17
73 61
74 67
74 82
74 96
76 32
77 11
79 3
80 9
82 25
82 32
83 3
83 41
83 59
84 73
84 81
85 17
86 7
88 57
88 66
88 93
89 16
90 3
90 87
90 95
91 51
92 45
92 64
94 27
94 85
96 5
96 14
97 55
98 33
98 66
99 62
