130
0 2
0 24
0 88
0 97
1 37
2 68
2 69
4 24
4 33
5 73
5 92
5 99
6 12
7 6
9 19
10 4
10 74
13 10
13 48
13 93
15 55
15 66
16 60
16 75
16 99
17 65
18 46
21 40
21 93
22 8
23 84
25 46
25 49
25 97
25 99
26 18
28 23
29 89
30 79
30 81
31 57
32 8
32 31
34 81
35 23
35 95
37 13
37 49
39 34
39 59
39 87
40 19
42 24
43 9
44 15
45 1
45 56
45 75
45 85
47 27
47 44
48 50
48 65
49 91
52 24
52 37
53 75
54 6
54 27
55 18
55 88
55 97
56 52
56 70
58 11
58 64
59 43
59 79
61 4
61 5
61 20
61 98
62 37
62 69
63 82
64 76
65 51
65 98
66 17
67 91
68 55
69 12
70 65
72 70
73 25
76 90
77 52
79 64
79 97
80 22
80 91
81 9
81 34
81 52
82 28
83 64
84 18
86 58
86 87
86 99
87 69
88 8
90 32
90 47
90 68
92 19
92 62
93 86
94 25
94 52
94 88
96 4
96 37
96 94
96 99
97 72
99 2
99 12
99 28
99 81
