136
0 46
1 94
2 14
2 18
2 54
2 65
3 8
3 37
3 81
4 57
5 73
7 10
7 51
7 65
7 87
8 23
8 42
8 45
9 18
10 72
11 6
11 57
12 48
12 81
12 83
14 12
14 27
14 93
16 74
17 28
17 44
18 3
19 50
19 65
20 82
21 33
21 95
22 0
23 19
24 26
24 60
24 73
27 59
29 38
30 78
30 97
31 17
34 0
35 8
35 44
35 55
35 90
36 62
37 79
37 90
41 74
42 8
42 40
42 55
44 45
44 67
44 98
46 19
46 87
48 10
49 4
51 58
52 9
52 64
53 37
53 68
55 45
55 54
56 22
56 25
56 77
57 35
58 40
58 87
59 51
60 1
61 93
63 9
63 81
64 20
64 56
64 64
64 75
65 35
66 82
66 92
67 3
67 14
68 29
69 45
70 65
71 2
72 32
73 98
74 3
75 20
75 28
76 10
76 36
76 60
76 83
77 52
78 26
78 79
80 36
81 95
82 53
83 0
84 10
85 73
85 92
87 40
88 27
88 78
88 80
90 55
91 12
91 17
91 35
91 89
93 64
93 77
94 92
95 13
96 5
96 47
97 53
97 58
98 84
99 70
99 91
