128
0 70
1 38
1 82
2 57
2 62
2 94
3 47
3 75
4 17
5 41
6 51
6 88
7 10
10 78
12 56
13 2
15 95
16 62
16 71
17 86
18 96
19 24
19 80
20 33
20 42
20 87
22 48
22 53
22 57
23 10
23 12
24 45
25 2
26 60
26 91
27 77
29 8
29 42
30 13
30 27
31 19
31 72
34 67
35 6
35 25
35 54
36 46
37 76
38 84
41 78
42 3
42 33
43 42
43 66
43 87
44 11
46 53
47 44
47 79
50 61
51 5
51 18
51 38
51 80
52 13
52 29
52 34
53 51
55 99
56 69
57 3
57 13
57 29
57 34
57 42
59 70
60 95
61 45
61 61
62 30
64 1
64 78
66 19
67 9
68 25
68 81
70 10
70 34
70 70
71 51
74 64
75 36
76 45
78 97
79 31
79 46
80 12
80 54
80 82
82 73
83 67
83 79
85 54
87 98
88 5
89 13
89 25
90 47
90 75
90 95
91 18
91 68
94 10
94 33
94 80
94 81
95 27
95 96
96 5
96 38
96 89
97 2
98 15
99 6
99 22
99 76
99 87
99 99
