129
0 3
0 19
0 24
0 32
0 62
1 12
1 13
1 57
1 96
2 80
4 88
5 0
5 43
5 48
5 62
5 96
7 8
10 48
10 69
11 19
11 39
11 78
12 9
12 34
12 89
14 17
15 38
15 83
15 94
16 70
17 76
18 12
19 37
19 90
21 14
21 25
21 50
21 52
24 61
24 89
25 38
25 96
26 19
27 85
29 4
29 64
30 13
30 78
31 40
31 51
31 99
32 5
32 91
33 25
36 67
36 79
36 87
38 17
38 47
39 3
39 38
39 58
41 72
42 28
42 94
43 12
43 36
44 4
44 43
47 98
48 24
49 92
50 47
50 62
50 99
51 17
51 82
52 0
52 6
53 1
53 25
53 56
56 12
57 47
58 18
59 41
59 82
60 27
60 89
61 3
61 6
62 44
62 55
63 12
65 37
65 50
66 6
66 21
67 80
68 54
71 95
72 79
73 21
73 34
75 99
76 41
78 7
78 99
81 61
82 42
84 4
84 71
84 83
85 91
86 0
86 28
87 35
88 66
88 91
89 55
91 20
91 41
92 44
92 53
94 72
95 4
96 37
96 60
97 20
