136
0 14
0 33
0 95
0 98
2 5
3 23
5 95
6 39
6 57
6 65
6 77
6 84
8 80
9 14
9 25
9 99
10 75
11 49
12 34
13 56
14 20
14 31
15 72
16 5
18 43
19 22
19 80
19 92
20 63
21 33
21 53
24 86
25 71
26 5
26 17
26 45
26 67
28 40
28 97
29 20
29 76
31 53
31 58
31 66
32 30
32 34
33 6
33 13
33 83
35 1
36 96
37 27
37 55
39 15
39 61
39 74
39 78
39 90
40 96
41 3
41 39
42 31
42 52
43 76
45 46
45 65
46 55
46 81
47 27
48 32
49 91
50 42
51 67
51 79
52 4
53 55
55 10
55 26
55 63
56 75
57 14
57 91
58 3
59 20
59 31
61 61
62 32
63 54
63 91
65 35
66 21
66 28
66 84
69 9
70 17
70 55
71 11
71 31
72 77
72 90
73 5
73 53
74 26
75 37
76 61
76 78
80 43
80 96
82 9
83 90
84 55
85 2
85 65
85 73
85 82
86 42
86 94
87 99
88 35
89 31
89 64
89 79
92 41
92 96
94 20
95 10
96 4
96 32
96 47
97 30
97 58
98 15
98 37
98 66
98 80
99 99
