130
0 89
2 7
2 48
3 0
3 45
3 58
4 15
4 20
4 31
5 85
6 75
6 87
7 4
8 12
8 61
9 51
9 95
10 76
11 8
12 31
12 97
13 37
14 4
15 12
15 88
16 18
16 30
16 43
16 71
17 93
18 0
18 43
19 26
19 54
19 83
20 98
21 37
22 70
23 0
23 53
23 60
24 33
26 18
29 36
30 7
30 73
31 13
31 98
33 83
34 42
34 50
35 31
36 57
37 23
37 63
38 36
40 0
40 99
41 43
42 30
42 60
44 75
45 41
47 4
48 10
48 36
48 98
51 35
52 87
54 78
56 16
56 40
57 13
58 27
58 60
60 1
62 55
63 0
63 5
63 14
63 21
65 57
66 50
67 10
67 98
69 27
70 34
71 54
72 70
73 48
73 66
73 89
74 27
74 78
74 84
74 98
76 8
77 56
79 32
79 63
79 83
79 88
80 35
81 50
81 75
82 94
84 91
85 8
85 64
86 19
86 83
87 42
87 75
88 12
88 89
90 4
91 66
92 13
93 46
93 52
93 75
93 86
94 19
95 4
95 63
96 5
98 50
98 90
99 66
99 78
