132
0 31
0 88
1 15
1 98
2 5
2 49
4 26
4 27
4 53
4 65
4 74
4 87
5 1
5 78
6 20
7 8
9 54
10 28
10 39
10 63
10 87
11 33
11 43
11 91
12 7
14 31
14 39
16 97
18 23
19 51
20 58
20 71
22 5
22 44
23 76
25 54
26 63
26 92
27 1
28 9
28 79
28 98
30 73
31 41
31 56
32 1
32 34
32 63
34 0
34 48
34 97
35 92
36 80
37 16
37 87
38 87
40 37
40 43
41 5
41 19
41 40
41 66
42 76
42 99
46 6
47 17
47 36
48 27
49 36
51 52
52 75
53 49
55 35
55 66
56 17
56 57
57 84
58 8
59 21
61 75
62 66
63 0
65 28
65 60
65 82
66 17
66 44
66 76
67 52
68 5
69 12
70 61
72 30
73 3
74 65
75 14
75 77
78 63
78 90
79 18
80 38
80 84
81 9
81 26
81 31
83 4
83 19
84 73
85 22
85 56
85 75
86 0
86 9
86 66
87 59
90 12
90 31
90 86
91 45
92 0
92 26
92 64
92 72
92 84
93 38
95 4
95 78
95 97
96 44
97 58
98 6
98 37
