137
0 1
0 5
0 29
0 82
0 91
1 19
1 57
3 86
4 65
4 79
7 25
9 19
9 36
10 21
10 49
10 56
10 61
11 92
13 74
13 99
14 96
17 6
17 31
19 60
19 78
20 19
20 47
22 28
22 39
22 72
25 5
25 86
28 29
28 50
28 61
28 98
29 12
29 91
30 5
30 70
31 43
32 60
34 24
34 51
34 67
34 83
35 0
35 37
35 89
36 18
36 30
37 2
37 9
38 63
39 14
41 38
41 59
42 81
44 44
46 41
46 66
47 16
51 11
51 85
52 29
52 73
53 17
53 22
54 47
54 98
56 32
57 4
57 79
58 57
58 69
61 18
61 92
62 83
63 28
63 44
63 77
64 5
64 65
67 32
67 42
68 1
68 10
68 24
68 59
68 73
70 4
71 39
72 85
73 63
74 24
75 90
76 6
76 42
77 32
77 53
78 11
78 94
81 25
83 44
83 64
85 15
85 22
85 85
86 54
86 91
87 98
88 32
89 63
89 73
89 92
90 20
90 79
91 11
91 37
92 55
93 60
94 32
94 41
94 95
95 13
95 26
95 47
95 79
96 2
96 20
96 89
97 36
98 8
98 65
98 99
99 16
99 80
