127
0 14
0 88
1 44
1 84
2 38
2 44
3 3
3 50
3 98
4 18
4 25
4 62
6 91
7 56
8 30
9 37
10 87
11 25
11 60
12 50
12 75
14 74
16 36
16 51
18 7
18 42
19 56
21 12
21 43
21 82
22 6
23 28
23 35
24 2
24 48
25 63
26 19
26 79
28 39
28 54
29 67
30 22
30 49
30 91
31 79
32 72
33 4
34 40
35 93
36 46
36 60
36 71
37 20
38 79
39 87
41 11
41 95
42 50
43 36
43 43
46 1
46 59
46 73
48 12
48 93
50 5
51 18
51 27
51 39
51 52
52 46
53 67
55 17
57 8
57 57
57 63
57 69
57 81
58 93
59 1
60 65
60 96
62 36
62 52
63 66
63 74
63 89
64 9
64 46
64 83
66 90
68 15
68 28
69 12
69 45
69 94
71 36
71 63
72 3
73 54
73 97
75 18
75 77
76 90
79 40
80 12
80 93
81 58
81 84
82 44
82 67
84 21
85 6
86 80
87 39
87 89
88 54
88 59
89 93
91 13
91 75
92 71
95 99
96 62
96 76
98 37
98 91
