127
0 83
2 24
3 55
3 79
5 1
6 48
7 7
7 18
9 80
11 29
11 55
11 61
12 22
12 46
13 78
14 57
16 14
16 25
16 83
17 10
18 52
19 58
20 84
21 29
21 83
22 3
22 45
22 97
24 53
24 94
25 40
26 14
28 45
28 62
28 87
29 65
29 98
30 24
32 23
33 73
35 2
35 42
35 76
37 34
37 87
37 99
38 54
38 67
39 14
41 49
41 94
43 39
46 22
47 7
47 25
47 52
47 61
48 44
51 96
52 38
52 56
53 94
54 49
55 22
55 59
56 9
57 43
58 27
58 39
58 64
59 87
59 96
60 13
60 17
61 70
62 91
63 8
63 66
63 78
64 40
64 85
66 37
68 26
68 72
70 36
70 93
71 19
71 43
72 6
72 61
73 91
76 33
76 81
76 87
78 27
78 64
79 16
79 80
80 2
81 97
82 37
83 17
83 43
83 72
85 30
85 88
87 59
88 96
89 82
91 11
91 16
92 77
93 38
94 25
94 56
95 62
95 70
95 81
96 31
96 39
97 13
97 84
98 3
98 47
98 75
99 68
99 90
