134
0 71
1 49
1 87
2 8
2 96
3 77
6 29
6 44
6 52
8 41
8 63
8 89
9 71
10 1
10 55
11 30
12 17
12 21
12 83
12 94
13 50
14 87
15 30
16 79
17 9
17 43
17 75
18 54
19 3
20 45
21 62
22 69
22 84
23 31
24 24
26 4
26 38
27 5
27 55
27 63
27 91
29 47
29 97
30 66
32 74
33 8
33 33
33 38
33 47
33 59
34 11
34 25
37 26
37 39
38 11
39 1
39 50
39 84
39 92
39 98
42 34
44 1
46 50
46 54
48 15
48 69
49 7
49 32
49 45
49 76
50 63
51 42
52 92
52 99
53 7
54 72
55 69
57 34
57 46
57 77
58 25
59 24
59 28
59 65
61 41
62 17
63 49
65 25
65 70
66 5
66 89
66 96
67 19
67 66
69 37
69 58
69 78
69 88
70 11
72 17
73 70
74 26
75 47
76 85
78 10
78 36
78 42
79 54
79 55
80 21
83 1
84 85
87 8
87 20
87 67
88 11
88 25
88 26
89 52
90 6
90 42
90 94
92 97
93 0
93 14
95 72
96 38
96 45
96 87
97 13
98 48
98 63
98 77
99 90
