134
0 19
5 31
5 46
5 60
5 81
5 89
6 11
6 41
6 52
6 83
8 18
9 71
10 36
11 79
12 97
13 94
14 25
16 28
16 77
18 62
19 81
19 94
23 32
24 38
24 59
25 15
25 59
26 16
26 90
27 29
28 48
28 69
28 77
30 74
31 23
31 82
32 61
32 93
34 95
35 38
35 75
35 98
37 56
37 90
38 6
38 82
39 28
39 71
39 95
41 11
41 48
43 25
43 87
45 37
47 20
48 80
49 40
49 52
49 92
50 24
50 72
52 17
54 74
55 19
55 65
56 28
56 93
57 79
58 40
59 87
61 9
61 52
61 56
61 69
63 24
63 32
63 73
64 45
64 76
65 47
66 23
66 66
67 40
67 50
67 96
68 10
69 83
70 28
72 14
73 72
75 18
75 35
75 41
75 53
76 26
77 6
77 48
77 82
77 93
77 96
80 70
80 72
81 16
82 30
82 45
82 60
82 99
83 26
83 36
83 84
83 89
84 17
87 9
87 44
88 32
88 50
88 58
89 12
90 75
91 91
91 92
93 35
94 23
95 56
96 10
96 19
97 28
97 73
98 78
98 88
99 51
99 57
99 65
99 86
