128
0 39
0 47
0 76
0 89
3 69
4 4
5 23
5 28
5 51
5 95
7 57
9 41
10 3
10 77
11 12
11 26
11 90
12 6
12 32
12 52
13 37
13 97
14 84
15 7
16 17
17 4
18 96
19 12
19 32
21 17
21 51
21 59
23 97
24 29
25 38
25 68
26 12
26 65
26 90
27 90
29 17
29 27
29 75
32 7
32 79
33 51
33 93
34 17
35 65
35 72
37 47
37 91
40 62
42 88
43 16
44 31
45 66
46 73
47 20
47 29
47 37
47 96
49 2
49 46
50 12
51 76
52 52
52 93
54 32
54 94
55 6
55 58
55 81
55 87
56 19
57 12
58 35
58 54
59 14
59 69
61 39
61 85
61 89
62 6
62 62
62 81
63 28
63 99
64 74
67 0
67 34
67 94
69 15
70 81
71 95
72 25
72 80
76 47
77 75
80 7
81 42
81 80
81 86
81 92
82 48
82 63
84 1
84 5
85 40
87 57
88 87
89 28
89 99
90 1
90 66
92 21
92 91
93 50
93 58
94 2
94 64
95 72
96 47
97 82
98 80
98 95
99 29
99 53
