126
0 20
0 32
0 34
0 51
3 46
4 39
4 74
5 26
5 97
7 51
8 23
8 92
10 14
10 78
10 85
15 4
15 78
16 15
16 36
16 81
16 90
17 70
17 95
18 54
18 64
20 16
21 1
21 87
22 82
23 42
23 67
23 98
24 23
24 36
27 35
29 11
29 87
30 19
30 71
31 47
31 56
33 6
34 26
34 36
34 52
34 67
34 88
35 42
37 98
38 23
38 52
39 57
39 65
40 3
41 76
44 64
44 84
45 25
45 95
46 12
47 5
47 99
48 37
49 29
50 18
50 24
52 49
52 87
53 59
53 67
54 80
55 6
55 51
56 39
57 70
59 85
60 3
62 54
62 81
62 91
65 17
66 6
66 69
66 87
67 23
67 34
68 10
69 53
69 56
70 45
70 76
71 40
73 61
73 87
75 50
76 57
77 66
79 91
80 35
80 53
81 11
81 41
82 16
82 29
83 1
83 67
83 69
85 82
86 62
87 5
87 13
89 20
89 61
89 88
91 81
93 2
94 26
94 59
95 5
95 30
95 46
97 39
98 32
99 51
99 80
99 89
