132
0 47
0 97
1 31
1 36
1 58
1 82
2 7
3 47
4 4
4 90
5 97
6 54
7 10
7 71
8 23
8 40
9 33
10 8
11 5
11 22
12 40
12 99
13 70
14 18
16 12
17 67
17 78
18 93
20 2
20 42
21 15
21 20
22 5
23 60
23 76
24 28
25 35
25 52
25 78
25 86
26 72
26 97
28 86
29 86
30 20
31 75
32 15
32 96
33 90
34 36
34 97
35 64
36 28
37 22
38 12
39 15
39 44
39 72
39 87
41 67
43 35
45 50
45 87
46 6
46 38
47 20
48 2
49 30
51 90
52 13
52 54
52 68
52 98
53 39
54 5
54 22
54 87
56 8
56 63
58 43
58 52
59 2
59 91
60 28
61 69
62 15
63 22
66 43
67 55
69 4
69 21
70 10
70 37
71 73
72 26
74 59
75 7
75 30
75 63
75 98
76 91
77 66
78 56
79 18
79 26
79 41
79 72
81 0
81 50
81 57
81 84
82 50
83 87
85 23
85 41
85 56
88 27
88 37
88 69
90 44
91 51
92 11
92 77
92 79
96 25
96 34
96 60
96 70
96 99
97 4
97 8
99 85
