137
0 40
0 84
1 13
1 59
5 25
6 15
7 29
7 52
7 75
7 85
8 23
8 79
9 43
9 58
10 90
12 72
12 93
13 27
13 28
14 48
15 10
15 21
16 77
19 44
19 52
20 65
22 7
22 28
22 67
22 80
24 52
24 95
25 71
25 90
26 26
29 10
29 32
30 17
30 39
30 82
30 98
32 1
33 61
33 87
34 93
35 76
37 45
38 8
38 66
41 87
42 1
42 30
42 61
42 93
43 36
43 74
43 99
44 8
47 14
47 93
47 99
48 84
49 58
51 17
51 45
51 54
51 75
51 94
53 83
54 5
54 29
54 88
55 38
55 60
56 88
57 91
57 99
58 6
58 75
59 11
60 21
60 67
60 69
61 83
63 52
63 56
65 9
66 22
66 31
67 46
67 71
67 94
68 14
68 35
69 79
70 45
70 50
70 60
71 99
72 66
74 19
74 26
74 82
75 40
76 37
77 60
77 84
78 96
79 48
81 5
82 25
82 63
83 92
85 0
85 19
86 72
86 86
87 59
87 95
88 54
88 80
89 5
89 42
91 12
91 68
91 97
92 20
92 29
93 55
95 1
95 73
95 86
96 86
97 59
98 23
98 36
99 47
