121
0 8
1 2
2 20
3 87
4 6
4 99
5 38
5 95
5 99
6 33
7 1
8 8
8 15
8 43
9 20
9 65
9 69
10 53
11 93
12 75
12 98
13 51
14 58
14 88
15 6
15 22
16 29
16 45
16 72
17 2
17 14
17 57
17 82
17 88
17 99
21 30
22 0
22 7
22 10
22 17
22 36
24 24
24 60
24 80
24 96
26 66
27 9
28 20
28 42
28 52
29 84
30 26
30 93
31 36
31 97
34 86
35 20
35 30
35 40
35 46
35 57
37 91
38 34
41 83
42 92
43 11
43 15
44 78
45 40
46 32
47 20
49 97
50 27
50 47
50 52
51 62
52 7
53 14
53 32
53 65
55 48
56 8
56 38
58 57
60 23
61 58
61 66
62 10
64 4
64 73
66 48
66 95
68 5
69 67
69 81
71 19
72 2
72 59
73 71
74 89
75 13
77 8
77 96
78 78
78 88
81 50
83 78
84 3
85 87
86 74
86 91
87 18
90 47
92 69
93 98
96 41
96 90
97 53
97 83
98 96
99 32
