125
0 27
0 40
0 91
2 81
3 34
4 52
5 5
5 72
6 22
6 58
6 89
7 25
7 93
8 40
8 64
9 27
9 78
10 8
11 62
12 72
13 20
13 32
13 46
14 15
14 24
15 55
15 77
16 3
19 3
19 33
21 18
21 88
22 46
22 63
22 70
23 56
25 5
26 25
26 35
27 70
28 19
28 96
30 10
30 49
30 52
30 89
31 85
33 4
33 38
35 30
35 54
35 70
36 49
38 0
38 55
39 96
41 83
43 6
43 38
44 23
45 61
46 7
47 33
48 56
48 73
48 80
51 4
51 90
52 52
52 99
53 39
53 77
54 3
54 18
54 94
57 27
57 67
59 88
61 11
61 19
61 35
61 40
62 82
64 5
64 46
64 51
65 24
68 0
68 48
70 24
71 17
72 7
72 75
73 85
75 37
75 44
75 99
76 61
76 82
77 52
78 94
80 86
82 3
82 60
83 12
83 27
83 99
84 37
84 49
86 91
87 60
88 17
88 68
89 11
89 87
90 48
91 36
91 81
92 12
95 53
96 39
96 61
96 71
97 35
99 29
