104
2 2
2 10
2 18
2 26
2 34
2 42
2 50
2 58
2 66
2 74
2 82
2 90
3 96
8 2
8 10
8 18
8 26
8 34
8 42
8 50
8 58
8 66
8 74
8 82
8 90
10 99
28 2
28 10
28 18
28 26
28 34
28 42
28 50
28 58
28 66
28 74
28 82
28 90
33 96
38 2
38 10
38 18
38 26
38 34
38 42
38 50
38 58
38 66
38 74
38 82
38 90
43 96
48 2
48 10
48 18
48 26
48 34
48 42
48 50
48 58
48 66
48 74
48 82
48 90
53 96
58 2
58 10
58 18
58 26
58 34
58 42
58 50
58 58
58 66
58 74
58 82
58 90
63 96
67 96
68 2
68 10
68 18
68 26
68 34
68 42
68 50
68 58
68 66
68 74
68 82
68 90
87 0
88 6
88 30
88 46
88 70
88 78
92 14
92 22
92 38
92 54
92 62
92 86
92 94
