128
0 7
0 31
2 89
3 6
4 14
4 26
4 61
5 19
5 91
7 2
8 25
8 45
8 51
8 77
11 78
11 94
12 12
12 87
13 48
13 63
13 73
13 78
13 98
15 17
15 28
15 38
15 42
18 61
18 68
19 49
21 20
22 36
22 95
23 27
24 56
24 65
25 45
25 79
28 12
28 32
28 78
28 83
28 96
29 7
29 62
29 73
33 35
34 65
34 76
35 19
37 55
38 2
38 39
38 73
38 96
39 46
41 33
41 99
43 66
45 37
46 92
47 7
52 14
52 36
52 66
53 18
53 70
56 80
57 42
57 58
57 73
57 87
58 20
59 29
60 63
60 83
62 14
63 20
63 23
63 69
63 87
65 36
65 95
67 61
67 74
68 52
68 81
70 8
70 32
71 86
71 97
72 63
73 28
73 31
73 45
75 1
76 43
77 68
77 95
77 98
78 24
78 39
79 33
81 63
83 0
83 7
86 46
86 59
86 75
86 82
87 25
87 95
88 10
90 39
91 11
91 63
91 98
92 29
93 70
94 45
94 81
95 36
96 48
96 90
97 29
97 55
99 69
99 77
