133
0 72
0 82
2 29
2 52
2 86
3 3
3 18
5 36
5 60
6 6
7 97
8 51
9 11
9 90
10 21
10 39
10 43
10 57
10 81
11 73
12 95
13 4
14 0
14 15
14 56
14 70
15 44
15 61
16 84
17 10
18 50
20 15
20 74
20 90
21 36
22 4
22 91
23 46
23 67
26 21
27 79
29 41
29 73
30 35
30 60
31 1
32 21
34 30
34 47
34 84
34 91
36 40
37 43
37 96
38 69
39 73
40 21
41 85
43 5
44 3
45 69
46 44
46 65
47 10
47 66
49 23
49 58
50 6
50 78
52 32
52 93
53 69
56 76
56 83
58 48
58 56
59 56
60 24
60 29
60 96
61 82
62 79
63 98
64 7
64 56
65 16
65 68
66 84
68 50
71 9
71 64
72 71
73 1
73 79
73 88
74 93
75 6
75 33
75 49
76 42
77 19
77 57
77 64
77 70
78 83
80 37
81 79
81 96
84 25
84 61
85 12
86 65
86 89
87 95
89 17
89 75
90 6
90 42
91 39
91 59
91 92
94 1
94 98
95 21
96 13
96 48
96 85
97 35
97 60
98 51
98 98
99 21
99 85
