125
0 56
1 19
1 93
2 28
2 82
5 39
5 99
6 8
6 64
7 49
8 23
8 37
8 41
8 91
8 99
10 32
10 82
11 62
12 42
14 25
14 70
15 56
15 79
16 12
17 88
19 61
19 91
20 22
20 45
20 55
21 3
21 17
21 76
22 57
22 95
23 99
27 43
28 32
28 74
29 51
30 21
31 29
32 0
32 4
32 25
32 61
33 96
34 72
35 57
36 11
36 17
38 47
38 61
40 25
41 13
42 54
42 72
42 95
43 66
43 91
44 1
46 49
47 30
49 64
50 25
50 57
50 91
52 40
53 5
53 8
53 78
53 81
54 29
56 66
56 93
57 16
58 0
58 73
59 42
59 55
60 8
60 89
61 22
62 82
63 26
63 50
65 41
66 53
66 60
67 78
69 2
72 4
72 37
72 57
72 63
73 10
73 14
76 82
76 95
78 48
78 49
80 9
80 19
80 40
82 2
82 68
83 24
83 80
84 43
84 57
85 77
85 89
86 71
86 98
89 25
89 47
91 77
92 32
93 0
94 30
95 63
95 86
97 23
99 39
99 80
