134
0 3
0 26
2 32
2 93
3 36
3 65
3 91
4 50
5 7
6 26
6 67
8 60
9 80
10 4
10 40
12 30
13 22
14 3
15 48
15 75
16 59
16 98
17 8
17 65
18 0
18 30
19 81
20 14
20 24
20 73
21 86
21 93
22 6
23 41
24 36
24 66
24 94
25 72
27 7
27 17
28 87
29 14
29 98
30 2
30 29
30 99
33 40
34 23
35 6
35 27
35 52
35 71
35 96
36 24
36 46
36 77
40 73
40 76
41 14
41 39
42 4
43 26
43 86
43 91
44 56
46 42
46 60
47 13
47 68
48 7
49 99
50 0
52 52
52 80
54 64
54 95
56 16
56 72
57 98
58 78
59 21
60 43
60 88
61 3
61 28
63 50
63 72
64 0
64 39
65 33
65 83
67 8
69 51
69 94
70 15
70 59
70 86
72 9
72 78
73 23
73 72
74 63
75 30
75 36
77 69
77 76
78 2
78 92
79 85
80 64
81 30
81 40
81 50
81 91
82 12
82 78
83 0
84 95
85 10
87 47
88 23
88 65
88 73
89 91
92 21
92 42
94 26
94 63
95 10
95 46
95 89
97 76
98 38
98 83
