127
0 7
0 23
0 48
1 78
2 17
3 12
3 43
4 2
4 61
4 97
5 19
5 42
5 81
5 82
7 30
8 28
9 96
10 16
12 88
13 37
13 76
14 30
15 61
15 86
16 10
17 79
19 1
19 97
20 30
20 94
21 9
21 55
21 84
24 51
25 38
26 16
26 23
26 91
28 31
29 73
30 21
30 42
31 47
31 97
32 34
32 68
32 90
33 58
34 26
34 75
35 8
35 17
36 43
39 44
39 55
39 62
39 89
39 99
41 83
42 38
42 91
43 30
43 38
45 16
45 65
46 84
47 8
47 22
49 46
49 52
50 10
51 3
51 98
52 59
53 49
54 37
55 3
57 96
58 19
58 90
59 33
60 24
60 67
60 74
61 97
64 13
65 59
65 67
66 42
66 81
66 93
67 74
68 92
70 12
70 31
70 85
71 45
74 3
74 77
75 8
75 38
75 89
76 54
78 29
79 23
79 62
82 91
83 74
84 20
84 57
87 5
88 90
90 30
90 45
91 9
91 60
91 66
91 78
91 92
91 99
92 37
94 65
95 28
95 87
97 11
99 79
99 90
