132
2 48
2 52
3 10
3 24
4 69
5 16
5 80
6 1
6 31
8 99
9 48
11 7
11 63
11 72
12 15
13 12
13 91
14 29
14 44
16 20
16 58
17 39
17 67
18 32
18 45
19 85
19 97
20 3
20 52
23 25
23 98
24 59
25 38
26 0
26 70
26 78
26 90
27 24
28 9
28 30
28 54
28 83
30 19
30 98
31 61
32 12
32 46
33 84
34 0
34 44
36 29
36 51
36 62
36 90
37 86
38 7
38 11
38 42
39 16
39 66
40 35
40 75
41 55
41 95
42 40
44 13
45 56
46 3
46 22
47 65
48 58
49 79
50 43
51 37
51 49
51 50
51 72
53 94
55 47
55 56
55 81
56 5
57 61
58 95
59 39
59 98
60 35
62 47
62 77
63 81
64 10
65 49
66 27
66 37
68 0
68 58
68 66
69 14
70 71
70 75
71 40
73 46
74 86
74 99
75 27
75 59
76 8
77 95
78 44
82 23
82 49
82 52
83 60
83 80
84 0
85 4
86 10
86 35
86 69
87 30
87 77
91 26
91 54
92 34
93 67
96 7
96 85
98 26
99 0
99 23
99 58
99 74
