132
0 25
2 53
2 79
5 75
6 10
6 26
6 88
7 91
8 5
8 32
8 71
9 63
10 85
11 16
11 34
11 53
11 66
12 80
13 0
13 1
14 48
15 29
16 59
16 76
17 6
17 84
19 65
21 56
23 15
23 52
23 76
24 29
24 36
24 60
25 96
26 24
27 12
28 2
28 7
31 27
31 48
32 57
33 36
33 40
33 99
35 22
36 26
36 57
36 90
37 71
38 5
39 64
40 53
42 14
42 18
44 24
44 60
44 75
44 96
45 46
47 16
47 90
48 71
49 39
49 57
49 82
50 40
51 26
51 57
53 17
53 79
53 91
54 69
55 60
56 36
56 54
57 43
57 93
58 0
59 0
59 23
59 30
62 14
63 64
64 70
65 2
65 29
65 51
66 10
67 43
68 25
69 14
70 68
71 88
72 7
75 17
75 80
76 0
76 64
76 94
77 29
77 37
77 78
79 4
79 14
83 48
83 76
85 12
85 22
85 82
86 39
86 70
87 5
88 75
89 17
89 32
90 45
90 50
90 64
91 83
91 88
92 10
93 74
94 1
94 27
94 69
95 95
96 6
97 91
98 36
99 8
99 85
