202
0 18
0 25
0 32
0 39
0 46
0 53
0 67
0 74
0 81
0 88
0 95
1 4
3 14
4 21
4 28
4 35
4 42
4 49
4 56
4 63
4 70
4 77
4 84
4 91
7 95
10 0
10 65
11 2
11 16
11 30
11 37
11 44
11 51
11 58
11 72
11 79
11 86
13 21
14 6
14 90
18 0
18 21
18 28
18 35
18 42
18 49
18 63
18 70
18 77
18 84
19 56
19 91
21 4
21 11
21 95
24 16
24 37
25 2
25 30
25 44
25 51
25 58
25 65
25 72
25 79
25 86
27 20
28 6
28 90
32 35
32 42
32 49
32 70
32 77
32 84
32 91
32 98
35 4
35 18
35 25
35 53
36 11
38 2
38 51
39 58
39 65
39 72
41 28
41 34
41 42
42 6
42 13
42 20
42 76
46 0
46 49
46 63
46 77
46 84
46 91
47 56
47 70
49 4
49 11
49 18
49 25
49 32
49 39
49 95
53 2
53 65
53 72
53 79
53 86
54 56
56 6
56 13
56 20
56 27
56 34
56 41
56 48
56 90
59 7
60 63
60 70
60 91
62 53
63 1
63 10
63 18
63 25
63 32
63 39
63 46
63 74
63 95
66 86
67 16
67 72
67 79
69 41
69 55
70 6
70 27
70 34
70 62
70 96
71 20
72 0
74 0
74 77
76 46
76 82
77 4
77 18
77 32
77 39
77 53
77 60
77 67
77 95
78 25
81 65
81 86
83 48
83 55
83 76
84 6
84 13
84 27
84 34
84 41
84 69
84 90
85 0
88 0
88 98
90 93
91 4
91 11
91 18
91 25
91 32
91 39
91 46
91 53
91 67
91 74
91 81
95 2
95 16
95 23
95 37
95 44
95 51
95 58
95 65
95 72
96 30
96 79
96 86
