130
0 13
0 53
0 57
1 32
2 2
2 20
2 75
2 90
3 61
3 97
4 37
4 85
5 26
5 70
6 37
7 8
7 21
7 99
8 22
8 96
9 1
9 61
11 52
12 1
13 71
15 70
17 52
18 10
18 58
18 79
18 98
19 45
20 64
21 15
22 54
23 5
23 79
23 91
25 31
25 42
26 28
27 0
27 89
28 74
29 36
31 4
31 68
32 19
32 82
33 30
33 50
35 3
35 14
36 52
37 77
41 93
42 22
43 28
44 0
44 8
44 15
44 85
45 34
45 79
47 80
49 99
51 27
51 93
52 12
53 33
53 39
53 78
54 72
54 88
55 50
56 23
57 34
57 62
60 0
60 11
60 84
61 95
62 45
62 73
62 92
63 54
63 59
64 17
64 39
64 99
65 6
65 68
66 84
71 83
71 98
74 24
74 62
75 4
75 11
75 54
75 89
76 13
77 37
80 54
81 78
82 37
83 84
84 22
84 78
85 17
86 53
87 36
87 66
88 87
88 94
89 60
90 31
91 9
91 39
92 45
92 75
93 26
93 65
94 1
94 57
94 85
96 5
96 75
96 80
98 40
