141
0 38
0 63
0 92
1 12
2 49
2 73
2 89
3 23
4 97
5 53
6 42
6 60
8 2
8 34
8 88
9 18
9 38
9 79
11 54
13 53
14 90
15 66
17 13
17 18
18 31
18 44
18 93
19 3
19 78
19 86
20 69
22 37
23 8
23 58
24 70
25 25
26 2
26 7
26 79
26 90
27 22
27 29
27 69
28 41
28 66
29 14
30 15
30 28
31 69
31 77
33 54
35 12
36 5
36 44
36 64
37 26
38 22
41 98
42 91
43 2
43 65
43 68
43 86
45 15
45 47
46 13
47 21
48 71
49 97
50 37
51 47
52 11
53 23
53 28
53 63
54 34
54 78
54 88
54 94
55 51
55 73
56 17
56 43
58 99
59 29
59 62
62 4
63 5
63 53
64 20
65 26
65 86
65 95
66 12
66 67
68 77
69 50
70 0
70 12
70 19
70 39
70 42
70 95
72 61
72 75
74 8
74 90
77 69
77 77
78 48
79 3
81 16
81 61
83 8
83 27
83 49
83 97
85 14
85 60
86 89
88 72
88 82
89 27
89 94
90 21
91 20
92 1
93 64
94 18
94 26
94 69
94 99
95 9
95 75
96 38
96 81
96 92
97 33
98 14
98 88
99 3
