135
0 27
0 96
1 18
1 45
1 69
2 9
2 27
3 82
3 88
4 35
6 42
6 97
8 35
8 64
9 2
9 11
11 31
11 46
11 60
12 20
13 15
13 82
14 98
14 99
18 44
19 61
20 13
20 20
20 48
20 72
20 77
22 6
23 52
24 16
24 89
26 36
27 8
27 76
28 63
30 4
30 54
31 32
31 75
32 93
33 47
33 56
33 95
34 13
34 28
34 50
35 21
35 63
36 40
38 84
38 91
38 96
39 6
40 33
41 4
41 28
44 45
45 20
45 91
46 12
46 69
47 7
47 63
48 99
50 2
50 57
51 31
52 43
52 81
53 19
53 51
54 11
54 61
55 0
56 87
58 36
58 93
59 80
60 67
61 2
61 93
63 10
63 20
63 54
63 76
63 86
64 39
65 22
66 14
67 65
70 61
71 69
72 99
73 86
74 39
76 68
78 90
79 26
79 53
79 93
81 19
82 54
82 80
82 85
83 33
84 63
85 0
85 48
85 76
87 90
87 99
88 11
88 19
89 31
90 79
90 85
91 3
91 66
93 52
94 21
94 61
96 79
97 13
97 43
98 5
98 22
98 65
98 89
98 97
99 32
99 56
