133
0 11
0 19
0 41
0 53
1 63
2 26
2 98
4 42
5 2
5 54
6 16
6 69
6 80
7 73
7 90
9 37
10 13
10 32
10 77
12 7
13 23
13 82
15 37
16 28
18 14
18 96
20 3
20 69
21 10
21 54
26 21
26 49
26 95
27 40
27 66
28 56
29 33
30 2
30 12
30 65
30 86
31 28
31 40
31 49
31 98
33 55
35 67
36 13
37 23
37 91
39 38
39 47
40 35
41 31
43 89
46 75
50 42
50 47
51 57
51 67
52 79
53 92
54 4
56 0
57 26
57 69
58 19
58 51
58 77
59 30
59 38
59 41
60 6
60 96
61 58
62 78
63 15
64 48
64 73
65 19
65 38
65 87
66 7
66 94
67 32
69 53
69 66
70 26
70 28
71 14
72 17
72 39
72 88
74 0
74 1
75 60
76 69
77 43
77 50
78 36
79 29
79 31
79 76
81 43
81 83
82 20
83 14
84 31
85 70
87 6
87 27
87 45
87 92
88 18
88 97
89 64
90 11
90 74
90 93
91 29
93 22
93 54
94 1
94 8
94 47
94 99
95 15
96 73
97 29
97 87
98 43
98 82
99 59
