135
0 72
0 92
2 2
2 53
2 65
4 75
5 6
6 23
8 86
9 3
9 34
9 53
9 97
10 18
10 78
11 10
11 99
14 40
16 13
16 48
16 94
17 35
17 61
17 75
18 51
18 82
21 80
21 87
24 57
25 45
25 72
26 10
26 40
27 94
29 54
30 24
30 44
32 2
33 17
33 54
34 10
36 78
37 67
38 22
41 3
41 21
41 73
42 12
42 86
44 39
44 71
45 46
46 25
47 32
48 52
48 60
49 14
49 75
50 7
50 36
50 81
52 45
52 54
53 21
53 55
53 90
55 63
56 99
57 29
57 95
58 41
58 52
58 70
58 73
58 79
61 22
62 38
62 88
63 59
63 77
64 3
64 10
64 66
64 98
65 17
66 19
67 63
69 36
69 72
69 92
70 8
70 44
71 2
71 62
73 28
73 39
73 57
74 49
74 71
75 26
76 80
77 0
77 6
77 61
78 21
78 49
79 93
80 41
81 88
82 97
85 22
85 69
85 75
86 48
87 9
87 22
87 63
87 97
89 33
89 35
89 38
92 48
94 5
94 98
95 12
96 22
96 91
98 10
98 33
98 36
98 46
98 57
99 27
99 61
99 92
