134
0 9
0 44
0 91
1 34
1 77
4 70
4 91
5 76
5 81
6 56
7 9
8 77
9 20
9 52
10 30
10 35
10 67
12 7
12 16
13 36
13 75
13 93
16 79
17 98
18 94
19 39
20 40
20 52
21 13
21 71
22 6
22 47
23 0
24 34
25 10
25 64
25 86
25 94
26 19
26 30
26 56
27 44
28 3
28 5
28 40
30 24
30 51
31 10
32 92
33 0
34 25
34 98
35 46
36 39
36 55
37 8
37 65
37 86
39 15
40 3
40 69
41 56
42 46
44 12
44 39
44 85
44 89
50 24
50 95
52 1
52 44
52 55
53 26
53 49
54 20
56 86
56 99
57 6
57 70
58 36
58 94
60 64
62 7
62 69
63 14
63 33
63 41
63 59
64 6
64 82
64 89
64 98
67 13
68 18
68 59
69 0
69 77
70 28
70 99
71 51
72 73
72 92
73 8
73 62
76 93
76 98
77 20
77 38
77 50
77 59
78 41
80 76
81 17
81 30
82 62
84 68
85 94
87 9
87 54
87 82
88 42
88 63
88 73
89 91
90 12
91 50
93 81
94 35
94 44
94 86
96 29
97 89
98 17
99 37
