132
0 23
0 38
0 78
0 86
1 16
1 91
2 58
3 33
3 52
4 83
5 23
5 64
6 25
7 5
7 30
7 43
8 38
8 59
10 47
11 28
12 53
12 81
13 64
15 15
16 43
17 68
18 54
20 63
20 86
22 13
22 30
22 72
22 93
23 3
23 20
23 39
23 45
23 77
25 10
25 16
27 54
27 69
29 23
29 36
30 90
31 13
32 46
33 83
35 95
37 26
38 50
40 11
40 85
41 63
45 4
46 34
46 91
47 11
47 22
48 45
48 57
49 77
49 83
51 65
52 18
53 0
53 3
55 27
55 74
55 85
56 9
56 36
56 42
57 28
59 61
60 48
60 55
62 13
63 71
63 82
63 86
64 21
64 97
66 37
67 50
67 90
68 71
69 60
71 44
71 48
72 19
72 27
72 31
72 86
72 96
74 49
75 35
76 5
76 7
76 79
78 16
78 96
79 31
80 70
80 90
81 74
82 49
83 7
83 40
84 28
84 98
85 13
86 17
86 44
87 64
88 37
88 77
89 88
90 22
91 22
91 41
91 49
91 59
92 80
93 38
95 27
95 70
96 15
97 48
97 91
98 33
99 72
