135
0 84
0 93
1 22
1 48
2 14
2 37
2 58
4 27
4 78
5 10
5 43
5 99
6 55
6 71
6 92
7 5
8 16
8 31
12 65
13 2
13 50
13 76
13 88
14 74
14 98
15 31
17 15
18 47
18 56
19 91
20 30
22 2
23 42
23 84
23 92
24 10
25 19
25 63
27 48
27 70
29 28
29 77
29 86
30 89
31 4
31 98
32 15
32 23
34 39
35 70
35 78
35 89
36 3
36 44
36 51
37 0
40 97
44 78
45 14
46 37
48 82
50 23
50 71
51 58
51 90
52 99
53 43
53 64
55 32
55 36
56 3
58 15
58 56
58 71
59 87
59 98
60 6
60 45
60 60
60 67
60 78
61 33
64 54
64 82
65 22
66 11
66 49
66 90
66 94
67 28
67 43
68 4
68 53
69 33
70 95
71 42
71 50
71 76
72 59
74 83
76 34
77 22
77 60
79 40
79 45
79 63
79 86
80 10
80 73
80 81
82 27
83 4
83 12
83 62
85 60
86 35
86 55
86 80
88 10
89 92
90 18
92 3
92 76
94 15
94 32
94 95
95 7
95 57
96 63
96 65
97 97
98 3
98 18
99 38
99 78
