130
0 53
2 31
2 37
3 7
3 96
4 19
4 35
4 99
5 62
5 79
7 10
8 54
9 24
9 61
9 73
9 90
10 65
13 44
15 15
15 62
17 20
18 65
19 32
20 44
21 41
21 98
22 52
22 92
23 1
25 48
25 55
26 30
26 81
29 24
30 35
30 96
30 99
31 3
31 48
31 57
31 76
32 8
33 39
35 67
37 26
37 90
38 60
38 83
39 15
39 69
39 76
40 52
41 98
42 5
43 18
44 42
46 86
48 13
48 21
48 27
49 0
49 45
49 52
49 95
51 21
51 40
54 3
54 71
55 50
55 61
55 91
56 9
56 56
56 77
58 27
59 7
60 42
60 80
60 94
61 72
62 34
63 66
64 54
65 14
65 41
66 32
66 84
67 58
67 92
70 45
71 97
72 38
72 53
73 41
74 30
75 16
75 89
77 73
78 7
79 33
79 40
80 23
80 85
80 96
81 50
81 68
83 10
83 25
83 59
83 80
84 0
84 43
85 72
86 65
88 49
89 90
90 9
91 12
91 94
92 3
92 19
92 56
93 44
94 23
94 53
95 38
95 96
96 87
99 23
99 33
