131
0 22
0 55
0 83
0 95
1 14
1 29
1 31
1 86
2 41
4 17
4 45
4 99
6 32
6 59
7 51
8 4
9 23
10 75
11 13
11 93
12 52
13 80
14 31
15 21
15 87
16 67
17 49
17 96
18 89
19 17
20 9
20 52
21 14
21 28
21 94
23 85
24 31
25 55
25 78
28 12
28 26
28 51
28 59
30 93
31 46
31 82
32 39
34 6
34 58
34 96
36 24
36 50
36 77
38 74
38 99
39 46
40 90
42 13
42 31
42 58
42 81
43 36
43 69
45 10
45 43
45 92
46 59
47 77
49 21
49 67
51 11
51 98
52 42
53 2
53 8
53 55
54 23
55 33
55 95
56 12
56 62
57 48
57 71
59 23
59 66
62 47
63 16
63 74
66 68
67 21
67 88
68 14
68 44
68 94
70 23
70 50
71 32
73 6
76 46
77 55
78 62
79 74
80 9
81 70
82 33
83 40
83 74
84 97
85 22
85 92
86 66
87 52
87 85
89 37
89 44
89 58
90 72
91 95
92 1
93 4
93 23
93 84
94 75
95 57
96 10
96 71
97 85
98 20
98 26
98 36
99 17
