103
0 10
2 1
3 2
3 13
5 31
8 5
10 37
11 10
12 45
13 27
14 33
15 18
16 48
17 6
17 40
18 9
18 23
24 11
24 18
24 42
27 21
30 7
30 38
37 33
38 12
46 21
47 0
48 26
48 37
50 14
51 8
51 42
52 22
53 38
57 0
57 18
57 49
58 27
61 43
62 30
65 65
65 71
66 17
67 54
68 11
68 25
68 32
69 38
69 85
70 80
71 73
72 18
72 47
72 83
73 29
73 62
73 90
73 96
75 2
75 50
76 13
77 69
78 57
78 89
80 3
80 11
80 45
80 65
80 94
82 8
82 35
83 16
83 28
83 59
83 73
83 80
83 88
84 0
84 23
84 41
84 97
85 52
86 79
86 99
87 5
87 33
88 80
89 23
90 9
90 52
91 34
91 63
92 56
92 76
92 87
92 90
93 44
95 30
95 72
95 82
96 88
97 6
98 16
