125
0 0
0 7
0 57
0 99
1 12
1 95
2 19
3 6
5 3
6 25
6 57
7 63
9 69
10 3
10 9
10 45
11 15
11 80
14 75
15 53
16 17
17 45
17 82
17 92
18 97
19 22
19 36
20 66
23 50
23 87
23 93
24 23
24 79
25 59
26 37
26 46
27 67
29 40
30 20
30 62
30 78
31 33
32 7
32 92
35 3
36 17
36 42
36 61
37 81
39 23
39 92
39 97
41 34
41 70
42 1
42 59
43 26
44 8
45 40
46 70
46 97
47 4
48 75
49 23
50 10
50 32
51 44
52 57
53 54
53 99
54 10
54 82
54 94
55 33
57 60
58 97
59 43
60 4
60 27
62 84
63 55
63 68
65 91
66 2
66 31
66 35
67 12
67 41
68 52
68 61
70 23
71 95
72 32
72 56
72 69
73 5
75 19
75 48
76 75
76 97
77 55
78 6
78 33
79 10
79 92
81 38
82 55
82 63
82 83
83 19
83 90
87 30
87 37
87 60
88 50
90 90
91 8
92 58
93 26
93 32
93 78
95 3
96 83
96 87
99 0
