126
0 28
1 18
1 52
1 55
1 94
4 25
4 61
5 16
6 25
6 37
7 34
7 64
8 51
8 99
9 74
11 58
11 80
12 6
12 31
12 78
13 42
13 90
14 84
15 14
16 37
18 30
19 19
19 62
22 42
22 52
23 78
26 87
27 26
28 20
28 44
29 91
32 35
32 40
33 9
33 20
33 64
33 71
34 3
35 9
35 18
35 61
35 75
37 21
39 27
39 87
40 39
40 54
40 67
43 48
44 13
44 32
44 72
46 39
46 55
46 87
46 92
47 18
48 51
49 35
50 13
52 22
52 70
52 78
53 62
54 94
56 45
56 90
57 84
58 33
58 74
60 88
61 9
61 40
61 59
62 2
62 97
64 45
64 77
65 32
65 44
68 12
68 69
68 89
69 41
69 81
70 50
71 8
71 31
71 93
73 37
73 58
74 87
75 44
78 71
79 17
80 5
80 33
80 63
82 77
86 40
86 64
88 7
88 12
88 31
88 80
89 16
90 57
91 16
91 46
91 84
93 67
93 74
94 8
94 78
95 86
95 97
96 48
97 69
98 76
99 18
99 27
