134
0 71
1 3
1 35
2 13
5 24
5 65
6 15
6 21
6 41
7 64
10 47
11 50
11 80
12 83
13 25
13 32
14 8
14 92
15 3
15 54
16 43
16 62
16 73
17 97
18 28
18 88
19 13
20 91
21 54
22 66
23 23
23 31
23 85
24 48
27 71
28 6
28 34
28 57
28 81
28 87
29 11
29 63
30 50
30 73
31 46
31 74
34 96
35 15
36 20
36 25
36 64
36 86
37 53
38 11
39 35
39 91
40 39
40 95
41 2
42 20
42 57
42 65
42 80
43 49
43 71
44 97
45 8
45 14
46 36
49 9
49 76
52 16
52 91
53 72
54 36
55 49
55 68
56 28
56 41
59 85
60 32
60 55
60 61
60 96
62 9
62 50
64 0
65 6
65 64
66 31
66 92
68 77
69 0
69 60
71 49
71 69
71 85
72 17
72 24
72 33
73 10
73 12
74 81
75 98
77 67
78 7
78 92
80 48
81 43
81 88
82 24
83 34
83 82
85 74
85 82
86 86
86 97
87 42
87 48
88 26
89 69
90 0
91 68
92 28
92 39
92 60
93 77
94 43
94 96
95 90
97 4
97 32
97 72
98 71
