131
0 91
2 8
2 39
2 60
3 35
4 19
4 20
6 81
6 84
7 4
7 75
8 95
9 55
9 99
10 42
12 18
12 36
12 59
12 90
14 50
15 64
16 9
17 6
18 36
18 95
20 15
20 41
20 58
20 84
21 73
22 30
23 65
25 41
25 78
26 69
27 4
27 48
27 59
28 88
32 8
33 29
33 36
33 93
34 46
34 98
35 22
35 70
36 64
38 44
38 97
39 10
39 89
40 79
41 6
41 7
41 23
43 41
44 13
44 50
46 85
47 30
47 60
47 95
49 7
50 70
50 80
50 88
51 11
51 43
52 26
53 52
54 37
54 83
54 90
54 97
55 52
55 77
56 19
56 31
57 0
57 69
58 7
60 47
60 64
60 87
62 35
64 47
65 22
66 14
67 27
68 4
68 20
68 51
68 67
68 75
71 58
71 65
72 17
72 51
73 10
73 41
75 1
77 99
78 35
78 91
79 6
79 70
79 84
80 44
83 1
83 83
83 96
84 47
84 75
88 52
89 29
89 56
89 68
90 9
93 13
94 30
94 42
94 50
94 78
94 82
94 87
98 55
98 65
99 5
99 36
99 43
