111
0 69
1 0
1 17
1 29
1 79
3 13
4 5
4 10
4 57
4 93
5 99
6 23
7 62
8 99
9 72
10 13
10 96
11 53
11 80
12 2
12 20
12 61
13 72
13 90
14 24
14 81
15 7
15 30
15 96
16 66
17 51
17 83
18 19
19 71
19 78
20 12
20 24
21 88
22 29
23 17
23 52
23 62
24 11
24 66
25 83
26 93
27 77
27 87
28 19
28 96
29 4
48 99
50 62
50 70
52 93
53 6
53 19
53 86
55 49
56 12
56 28
57 98
59 76
60 45
61 56
61 68
64 12
64 42
64 95
65 3
65 27
66 66
67 35
68 5
68 89
69 83
70 53
70 99
73 65
74 91
75 27
75 79
76 20
77 89
78 5
78 49
78 60
81 76
82 19
82 27
82 34
83 41
84 61
85 7
85 54
86 82
87 72
90 10
92 19
92 46
92 78
93 23
93 64
94 60
94 73
96 30
97 2
97 55
98 7
99 39
99 48
