134
0 8
0 49
1 98
2 0
3 9
3 19
3 48
3 81
3 87
4 3
4 13
4 94
7 80
8 28
8 58
9 22
9 35
11 11
11 99
12 68
13 67
14 6
15 30
15 47
16 71
17 14
18 79
19 62
20 41
22 11
23 25
23 32
23 96
24 57
26 53
27 6
27 16
27 23
27 75
31 70
32 28
33 25
33 40
33 86
34 13
35 35
35 48
39 41
39 55
39 84
39 87
41 95
42 36
42 59
44 28
45 25
45 42
46 85
47 59
49 10
50 77
51 68
52 1
53 33
53 79
53 85
54 47
54 99
55 10
55 26
55 65
56 66
57 52
57 58
57 98
58 40
58 46
59 21
59 87
60 67
60 96
61 13
61 81
62 91
63 1
63 6
65 48
65 70
66 43
67 56
68 17
68 78
69 87
71 94
72 55
73 75
74 35
76 28
76 40
76 85
77 58
77 99
78 92
79 89
80 11
80 99
81 81
82 41
82 67
83 3
83 18
83 92
84 62
85 40
86 17
86 58
86 88
88 30
88 38
89 52
90 2
90 46
90 59
91 69
93 94
94 9
96 23
96 63
97 34
98 77
99 5
99 12
99 42
99 50
