131
0 15
1 22
1 89
2 45
3 58
4 29
4 83
4 93
5 0
5 14
6 9
6 37
6 61
7 21
7 97
9 41
10 72
12 36
12 81
12 89
14 31
15 48
15 94
16 41
16 84
17 62
17 69
20 94
22 73
24 22
24 83
24 96
27 60
28 27
29 52
31 18
31 43
31 45
31 66
31 76
32 6
34 60
35 70
36 1
37 19
37 34
37 81
38 43
38 56
40 74
41 6
41 48
43 4
43 31
44 70
46 37
46 83
47 23
47 53
47 60
49 1
49 8
50 91
51 99
52 41
52 96
53 68
54 45
55 10
55 20
56 83
58 0
58 89
59 34
59 39
59 58
61 85
62 44
63 65
64 33
64 93
65 90
66 61
68 9
69 4
69 48
69 58
70 35
71 28
71 91
72 85
74 22
74 64
76 15
76 43
76 95
77 30
77 74
80 2
81 60
82 64
84 76
85 5
85 89
86 24
86 31
86 52
87 8
87 39
88 48
88 56
89 93
90 89
91 27
93 26
94 33
94 60
94 70
95 9
95 19
95 37
95 54
96 78
96 88
97 61
98 14
98 61
99 3
99 28
99 42
99 75
