101
3 2
3 33
4 59
5 9
5 86
6 38
8 7
10 47
10 63
11 73
12 77
13 12
13 22
13 53
13 57
14 18
16 92
18 15
19 26
20 60
22 95
23 66
24 36
27 43
31 4
31 92
31 99
32 33
34 47
35 75
37 26
38 31
39 12
39 53
41 72
44 17
45 49
45 81
46 2
47 38
48 12
48 28
49 18
51 7
54 61
56 54
58 1
59 62
62 31
64 57
69 51
70 33
72 47
73 2
75 16
77 7
77 22
78 53
78 92
79 83
82 38
83 77
83 95
84 26
84 57
88 11
88 25
88 35
88 40
88 55
88 80
89 19
89 49
89 62
89 93
91 7
91 67
92 31
92 54
92 76
92 83
92 88
94 8
94 15
94 25
94 40
94 45
94 66
94 97
96 2
96 35
96 59
96 76
96 82
98 13
98 20
98 29
98 39
98 50
98 67
98 88
