139
1 89
2 14
2 35
3 45
5 84
6 26
6 55
6 76
8 45
9 83
10 67
10 89
12 16
14 8
14 27
14 96
14 98
15 49
16 20
16 65
18 71
18 89
19 36
19 94
20 55
21 20
21 47
21 64
23 2
23 85
24 9
25 77
25 78
26 27
28 36
28 52
29 23
30 10
30 43
31 1
32 63
33 29
33 48
34 10
35 37
35 67
35 79
36 42
36 51
37 1
39 33
40 11
40 60
41 4
41 48
41 78
42 17
42 20
43 19
43 36
43 84
45 61
46 42
47 86
48 92
49 23
49 32
50 87
51 8
51 39
51 51
51 68
53 77
54 82
54 98
55 3
55 30
56 12
56 33
57 23
57 40
57 87
58 43
60 16
60 96
62 52
62 57
63 76
63 81
63 90
65 1
67 53
68 99
70 19
70 87
71 44
71 61
73 42
73 79
74 5
74 86
75 65
77 73
78 6
78 20
78 24
78 40
79 60
80 35
80 93
82 90
84 80
85 43
86 29
87 36
87 89
88 12
88 53
88 58
88 98
90 14
90 69
91 3
91 93
92 25
92 69
92 77
93 19
93 42
93 61
94 8
94 52
95 86
98 32
98 70
98 95
99 0
99 19
99 28
