130
0 50
0 60
0 67
0 99
2 28
2 93
4 95
5 15
5 47
6 3
6 60
7 41
8 69
9 32
10 56
10 99
11 39
11 51
11 76
13 34
14 26
14 67
17 3
18 20
18 59
18 70
18 85
19 32
20 7
22 63
22 90
23 8
24 45
24 72
25 29
25 79
26 50
27 56
28 0
28 12
28 22
29 67
29 95
30 81
31 18
32 26
32 53
33 65
34 11
34 44
35 1
36 31
36 82
37 74
43 38
44 12
45 86
46 27
46 56
47 4
47 93
48 42
49 32
51 25
51 53
52 17
53 2
53 36
53 47
53 95
55 11
55 23
55 83
58 2
60 64
60 67
60 88
61 13
61 22
61 28
61 45
61 79
61 94
62 36
65 67
65 80
66 42
66 62
67 54
67 73
68 94
70 0
72 46
74 53
75 38
75 67
75 86
76 22
76 30
77 9
78 71
78 86
78 94
79 79
81 41
82 59
84 22
85 99
86 49
87 8
87 81
89 92
90 35
91 44
92 14
92 29
92 58
93 71
93 97
94 4
94 70
95 77
96 25
96 41
96 92
97 34
97 44
98 64
99 7
99 54
