118
1 32
2 27
2 56
3 12
3 76
5 82
5 89
10 45
11 55
12 91
13 76
13 83
15 35
15 51
15 64
19 40
19 98
20 26
20 58
20 85
21 2
22 86
23 17
24 11
24 36
24 55
24 56
24 61
24 95
24 99
25 14
25 20
25 40
25 48
25 64
26 0
26 6
27 71
30 10
30 15
30 83
30 91
31 0
31 95
34 84
35 4
35 17
35 23
36 0
36 91
38 30
39 24
40 87
43 51
44 58
45 93
47 85
50 26
50 35
50 72
53 3
54 97
55 91
55 92
56 28
56 71
57 39
59 32
59 86
60 0
60 80
60 95
62 18
63 95
64 25
66 72
69 24
70 12
70 29
71 18
71 58
74 86
77 95
78 36
79 7
82 60
82 99
83 28
83 71
85 19
86 60
86 76
87 3
87 37
88 0
88 27
88 48
90 55
91 11
91 28
92 1
92 20
92 62
93 30
93 35
93 38
93 48
94 69
95 57
95 78
95 90
96 7
98 2
98 3
98 24
98 26
98 35
98 45
