133
0 32
0 48
1 2
1 28
1 45
1 91
2 5
2 79
5 41
5 69
7 18
7 45
7 50
7 87
9 34
10 11
10 27
10 91
11 2
12 17
13 61
14 49
14 57
16 93
18 44
18 84
19 36
20 48
22 2
23 40
23 54
23 64
27 3
28 59
28 66
29 32
29 76
30 52
31 61
31 92
35 18
35 55
36 45
36 62
37 11
37 69
37 80
37 90
38 5
38 84
39 38
39 67
39 75
40 51
41 20
42 30
42 77
43 3
43 8
43 93
43 97
44 16
44 48
46 14
46 39
47 23
47 39
48 51
49 27
49 65
50 1
52 86
53 43
55 73
56 25
56 62
58 13
59 8
60 65
60 77
60 91
61 28
61 59
63 21
64 88
65 52
65 59
66 25
68 10
69 16
70 39
70 81
70 95
71 26
73 75
73 90
73 99
75 51
76 24
76 58
76 64
78 42
79 11
79 46
79 78
80 21
81 33
82 6
84 40
85 49
85 93
85 98
86 75
87 41
88 4
89 14
90 25
91 37
91 51
91 62
91 90
92 2
92 8
93 31
95 51
95 69
96 78
97 11
97 24
98 48
98 51
98 93
99 63
