124
0 10
0 18
0 98
2 29
3 78
4 66
5 24
5 49
6 8
7 65
7 92
8 42
8 51
8 72
9 20
9 36
9 48
9 68
10 13
12 26
12 78
14 72
15 50
16 35
16 97
18 56
18 65
21 61
22 30
23 10
23 11
24 39
25 96
26 18
26 72
27 52
29 30
32 13
32 82
32 93
33 3
34 59
34 87
36 7
36 24
36 27
39 46
39 53
40 57
40 76
41 80
42 8
42 67
43 2
43 22
43 39
47 48
48 31
48 64
48 69
49 39
50 9
50 86
51 90
51 97
52 92
54 34
54 47
54 52
54 66
55 82
55 98
57 27
57 60
57 91
59 70
60 33
60 53
61 11
61 63
62 23
65 15
66 5
67 83
67 97
69 49
70 12
73 19
73 59
73 79
73 88
74 73
74 94
75 36
76 49
78 55
79 9
79 30
79 64
80 72
81 19
82 84
83 68
83 92
84 4
86 44
87 78
89 14
89 98
90 76
90 84
90 91
91 37
92 11
92 21
93 45
94 25
94 91
95 34
95 53
95 85
98 40
98 48
98 94
