134
0 35
0 40
0 73
2 13
2 83
2 91
4 20
4 58
5 48
6 89
6 96
7 42
7 46
7 76
10 21
11 16
12 47
12 55
12 93
13 1
13 79
16 42
16 72
18 4
20 90
22 48
23 68
24 37
24 75
26 12
27 60
27 94
28 53
28 65
28 82
30 30
31 3
31 17
31 99
33 68
34 79
34 95
35 47
36 8
37 14
37 32
38 67
38 72
41 36
42 7
42 56
42 61
43 0
43 22
44 16
44 84
45 39
45 51
47 0
47 57
47 89
49 80
50 95
51 24
51 72
54 14
56 30
56 37
56 54
57 3
57 69
59 15
60 10
60 18
60 47
60 84
60 99
61 24
62 44
62 59
64 75
64 90
65 2
65 38
65 55
65 97
67 23
67 84
69 65
71 65
72 13
72 39
72 76
73 5
73 22
73 83
75 26
75 60
75 96
76 6
78 12
78 23
78 91
79 1
79 44
79 75
80 54
81 29
84 72
85 20
86 7
86 14
86 45
87 0
87 27
87 78
88 60
89 64
90 51
91 38
91 83
91 88
92 10
92 58
93 21
93 28
94 12
94 70
95 41
96 76
97 16
97 47
97 54
99 87
