132
0 7
0 13
0 54
0 68
0 95
1 99
2 87
3 48
3 80
4 23
4 55
5 75
6 31
7 1
7 19
7 67
8 42
9 12
10 66
11 28
11 92
12 46
12 54
12 61
13 17
13 79
13 96
15 87
16 31
17 3
17 24
17 72
18 92
19 98
22 58
25 3
25 53
25 66
26 73
26 79
28 14
28 37
28 85
30 12
31 56
32 31
32 44
32 63
33 74
34 5
34 82
36 15
36 40
36 88
37 29
37 47
38 14
39 84
41 63
41 91
42 36
42 50
42 57
42 95
45 5
45 77
46 20
46 88
46 93
47 37
47 51
47 57
48 14
51 87
53 61
54 97
55 37
56 76
56 84
58 54
59 15
59 63
59 96
65 48
65 55
65 65
66 18
66 35
66 71
69 89
70 4
70 52
71 51
71 56
71 77
72 3
72 19
72 27
73 32
73 96
76 91
77 24
78 48
79 83
80 8
82 55
82 75
83 39
83 99
84 32
84 65
85 86
87 4
87 53
88 8
88 43
88 71
88 82
89 28
89 79
89 92
90 21
90 59
90 97
91 35
92 68
93 47
95 16
95 81
97 88
98 96
99 72
