127
0 52
1 9
1 63
2 57
3 36
4 99
6 29
6 99
7 5
7 65
8 72
9 76
10 51
10 90
12 38
12 43
13 2
13 66
14 80
14 99
15 49
16 42
16 99
17 32
20 10
20 87
21 2
21 24
21 92
22 99
27 29
28 22
28 90
30 43
30 53
30 73
32 66
34 16
34 94
35 0
35 48
36 88
36 94
38 56
38 72
39 15
39 62
40 4
40 31
44 13
45 47
46 78
47 1
47 18
47 25
48 58
50 31
50 87
52 13
52 51
54 29
54 39
56 65
56 78
57 94
57 99
59 13
59 39
60 56
61 48
62 61
62 76
64 66
64 89
65 42
65 49
66 12
66 38
66 76
67 33
68 96
69 18
69 57
69 84
70 0
70 4
70 88
71 73
72 10
74 47
74 94
76 26
78 34
78 71
79 4
80 10
80 21
80 63
80 99
81 35
81 56
82 71
82 73
82 86
86 13
86 51
87 35
87 45
87 97
88 0
88 32
89 90
90 42
90 84
92 6
93 56
94 16
95 7
95 60
96 11
97 66
97 88
98 39
99 19
99 28
99 35
99 80
