133
0 56
1 44
2 30
3 22
3 38
3 95
5 54
8 44
9 60
9 98
10 10
13 34
14 86
15 23
15 60
15 95
16 17
16 74
18 91
19 97
21 24
21 77
23 88
24 61
24 72
25 1
25 4
25 52
27 19
27 98
28 75
29 15
29 42
29 95
30 83
31 45
31 63
32 4
32 52
33 20
33 89
35 36
36 72
38 49
38 83
39 67
39 78
39 93
41 16
41 73
42 3
42 6
44 67
45 17
46 26
46 56
46 76
47 89
48 17
48 51
49 63
50 39
50 86
50 97
51 73
52 80
54 19
54 26
56 74
56 95
57 45
57 50
58 88
59 3
59 69
61 6
65 21
65 41
65 77
67 17
68 6
68 35
68 64
68 86
69 18
70 26
71 69
72 83
72 99
73 15
76 60
76 67
76 77
77 52
78 32
78 56
79 6
79 89
79 94
80 38
80 91
82 13
82 85
82 98
82 99
83 34
83 70
84 19
84 64
86 9
87 98
88 92
89 32
90 55
91 5
91 49
91 66
91 68
91 87
92 25
93 2
93 39
94 13
94 93
95 62
96 90
97 47
98 7
98 17
98 84
99 13
99 32
99 54
