128
2 21
2 38
3 46
3 57
3 99
4 31
7 83
8 5
8 14
8 25
9 32
9 37
10 97
11 0
11 79
13 42
13 84
15 56
15 98
16 71
17 47
17 65
17 89
18 2
19 5
19 24
20 15
21 86
22 30
22 99
23 71
24 63
25 35
26 4
27 50
27 64
29 42
30 84
30 99
31 9
33 41
33 79
34 39
34 55
35 13
35 70
36 48
36 86
38 64
38 95
39 24
39 36
39 92
40 57
40 65
40 79
41 5
42 18
42 32
43 1
43 12
43 84
44 48
45 73
46 27
47 58
48 36
48 49
49 16
49 79
50 5
51 38
53 89
54 97
55 92
56 49
56 85
57 16
57 36
57 56
57 59
59 24
60 5
60 31
61 94
62 1
62 15
62 20
63 42
63 85
64 98
66 75
67 12
67 69
67 84
67 92
70 7
70 63
72 4
72 27
72 43
73 72
75 32
75 65
75 77
77 16
78 98
79 35
80 57
80 88
81 69
82 25
87 2
87 67
88 83
90 3
91 38
91 49
93 7
94 25
95 25
95 52
95 65
96 14
97 87
99 32
99 37
99 38
