123
0 37
0 68
1 20
1 72
4 54
4 89
5 26
5 96
7 44
7 50
8 8
9 83
10 30
10 76
11 18
12 92
13 99
15 43
19 49
20 65
21 46
22 21
22 95
23 39
24 86
25 68
26 54
26 67
28 6
28 78
29 15
29 44
31 18
31 50
32 27
32 34
32 96
34 60
34 76
34 86
35 12
35 23
36 3
36 50
37 61
37 95
38 26
38 86
39 16
40 33
41 68
42 38
43 48
43 56
44 24
44 98
45 66
46 12
47 40
47 93
49 30
49 53
52 24
52 72
54 83
54 95
55 9
55 97
56 34
57 73
58 46
58 88
59 58
61 5
61 80
62 38
62 53
63 94
64 56
65 74
65 87
67 75
68 51
68 69
69 39
69 97
70 10
71 27
72 64
72 90
75 77
76 27
76 35
77 4
77 8
78 17
78 86
78 91
79 54
82 7
82 44
83 13
83 29
83 49
84 20
84 73
88 81
89 3
89 94
91 7
91 43
92 26
92 32
92 72
93 65
94 52
96 10
96 59
96 90
97 6
98 33
98 64
99 52
