135
0 19
0 98
1 95
2 84
3 11
4 76
5 73
6 45
6 89
7 16
8 34
9 56
10 15
10 28
10 90
11 6
11 70
12 21
12 40
14 6
14 65
15 9
15 46
18 26
19 33
19 55
20 44
20 68
20 79
21 0
21 4
21 61
24 9
24 35
24 39
24 58
27 20
27 54
27 83
28 48
28 75
28 87
30 47
31 4
31 18
32 33
32 67
33 25
33 96
35 85
36 94
37 58
38 81
39 35
40 28
42 76
42 87
43 54
43 67
45 0
46 47
47 41
50 64
50 73
51 57
52 8
52 13
52 46
53 36
53 83
54 22
54 89
57 26
58 32
59 13
59 20
61 1
62 13
62 83
63 15
63 39
63 49
65 57
65 80
66 41
67 33
67 72
70 43
70 50
70 85
71 2
72 62
73 26
73 83
73 91
74 79
75 8
75 15
78 18
79 31
79 63
80 70
81 13
81 47
82 5
82 31
83 21
83 55
84 70
84 94
85 76
88 38
90 0
90 48
90 56
90 73
91 16
91 21
92 19
92 70
92 87
93 31
95 35
95 69
95 75
95 94
96 7
96 53
96 59
98 82
99 25
99 39
99 46
99 88
99 94
