128
0 0
0 10
0 31
0 32
1 63
2 4
3 19
3 25
3 97
5 73
6 44
6 90
7 0
7 16
8 6
9 39
11 49
11 50
11 81
11 97
12 17
14 28
15 8
15 22
15 39
15 44
15 58
16 70
17 26
17 52
20 21
20 41
21 4
21 79
22 93
23 26
24 98
25 88
29 4
30 38
31 24
31 64
31 83
33 69
33 91
34 31
34 99
35 6
36 14
36 44
36 65
37 36
37 49
37 75
39 3
41 33
41 54
42 67
43 46
44 25
45 6
45 42
47 97
49 51
52 74
53 40
54 32
54 68
54 98
55 18
55 61
56 49
58 25
58 42
60 97
62 8
62 37
62 68
63 21
64 57
64 59
64 87
65 32
67 51
67 85
68 2
68 13
68 73
68 80
69 62
70 92
71 2
72 83
73 98
74 1
74 30
74 46
74 74
75 59
77 19
77 37
77 67
77 90
78 14
80 47
81 29
81 95
82 19
83 53
85 20
86 2
87 41
88 74
90 3
91 61
91 67
92 24
94 36
94 46
94 54
94 98
96 10
98 17
98 78
99 26
99 28
99 81
99 95
