104
0 3
0 43
0 92
2 39
2 49
2 88
2 98
4 35
4 84
6 31
6 80
8 27
8 76
10 23
10 72
12 19
12 68
14 15
14 64
16 11
16 60
18 7
18 56
19 5
20 52
21 1
22 48
22 97
24 44
24 93
26 40
26 89
28 36
28 85
30 32
30 81
32 28
32 77
34 24
34 73
36 20
36 69
38 16
38 65
40 12
40 61
42 8
42 57
44 4
44 53
46 0
46 49
47 96
48 45
49 92
50 41
51 88
52 37
53 84
54 33
55 80
56 29
57 76
58 25
59 72
60 21
61 68
62 17
63 64
64 13
65 60
66 9
67 56
68 5
69 52
70 1
71 48
71 97
73 44
73 93
75 40
75 89
77 36
77 85
79 32
79 81
81 28
81 77
83 24
83 73
85 20
85 69
87 16
87 65
89 12
89 61
91 8
91 57
93 4
93 53
94 51
95 0
96 47
96 96
