127
2 46
3 9
3 53
3 93
4 2
5 45
6 52
7 70
7 76
8 27
10 48
10 83
11 9
11 97
12 5
13 18
13 26
13 60
13 74
13 82
14 1
14 20
14 43
14 90
16 10
16 79
17 37
18 33
18 98
20 76
22 65
23 12
23 23
23 57
23 85
24 47
25 63
26 89
28 17
29 38
30 48
32 6
33 3
34 25
34 41
35 66
35 95
36 31
38 12
39 92
40 59
41 0
42 42
42 81
44 20
44 84
45 40
45 65
45 98
46 47
47 15
47 26
47 88
48 34
49 14
49 94
50 45
51 32
52 7
52 45
53 22
53 99
56 75
58 8
58 52
59 80
60 6
60 70
60 74
61 14
61 44
63 22
63 86
64 36
64 97
65 64
65 79
67 21
67 74
68 15
68 31
69 4
69 51
69 82
72 55
73 7
73 43
73 88
74 75
75 13
75 15
75 24
76 39
76 49
76 72
77 92
79 64
79 85
83 11
83 20
83 78
84 34
85 52
86 59
86 91
88 42
89 20
89 69
90 29
93 89
94 21
94 34
94 73
95 8
95 47
95 96
97 62
