140
0 49
3 35
3 59
3 71
3 75
4 7
4 56
4 77
4 97
7 3
7 42
7 84
7 92
10 38
11 47
11 91
12 81
13 19
14 0
14 43
15 14
17 63
17 91
18 54
18 55
19 36
19 48
22 30
23 17
23 69
23 77
24 98
25 4
25 26
25 61
27 70
27 85
28 34
29 14
30 48
31 9
32 41
32 54
33 90
33 97
36 63
36 83
36 97
37 55
38 23
39 23
40 1
40 65
41 74
41 79
43 37
43 76
45 11
45 69
46 2
46 83
46 99
47 26
47 66
48 48
49 59
49 73
49 95
50 16
52 26
52 72
53 55
53 80
54 41
54 96
56 54
57 4
57 28
59 11
59 54
59 62
60 76
61 25
61 65
61 84
63 6
63 18
64 37
67 15
69 1
70 10
70 32
70 54
70 67
70 87
72 16
72 93
73 4
73 97
74 8
74 37
74 47
74 51
75 24
76 80
77 63
77 70
78 14
79 5
79 89
81 26
83 86
83 99
84 93
85 38
85 43
85 49
87 16
87 57
89 36
90 1
91 69
91 98
92 29
92 51
92 57
92 91
92 96
93 76
93 84
94 64
95 7
95 21
96 4
96 27
97 16
98 69
99 32
99 78
99 98
