135
0 75
0 90
1 0
1 16
1 42
2 20
2 53
6 47
6 60
7 3
7 68
8 7
8 79
8 96
9 12
9 88
11 44
12 74
13 9
13 26
13 99
14 96
15 33
15 90
16 13
17 53
19 43
20 32
21 22
21 54
22 50
24 42
24 83
25 10
25 17
25 26
25 64
25 93
27 25
28 4
28 90
29 74
29 99
30 6
31 70
31 83
32 54
32 78
33 40
34 1
34 17
35 24
37 95
38 32
38 54
39 6
39 46
40 15
42 2
42 27
42 85
44 33
44 78
44 89
45 7
45 61
46 65
47 13
49 53
50 22
50 91
51 17
51 40
51 62
51 74
52 45
54 2
54 8
54 34
54 82
56 74
56 82
58 67
59 76
60 8
60 25
60 44
60 95
61 16
63 81
64 72
65 45
66 20
66 54
70 53
70 71
70 86
71 26
71 61
71 67
71 73
72 8
73 47
74 58
76 83
77 35
79 12
79 28
79 45
79 95
80 7
82 89
83 33
83 74
87 12
87 63
88 16
89 25
89 87
90 20
90 29
90 71
91 46
91 92
92 34
92 77
93 83
94 37
95 24
95 53
96 33
97 2
97 83
98 8
99 75
