129
0 27
2 47
3 11
3 17
3 28
3 55
3 87
6 60
6 71
7 26
7 65
8 35
9 16
9 71
10 7
10 51
10 92
11 81
12 99
13 5
13 32
13 86
14 43
14 50
14 60
15 13
17 81
18 57
18 98
19 43
20 60
21 74
22 38
23 27
23 46
24 81
24 96
25 54
29 12
29 36
29 41
31 28
31 75
32 8
32 58
32 88
35 60
37 21
38 42
38 71
38 94
39 35
39 80
39 83
40 16
40 52
43 9
44 29
44 56
44 91
45 67
45 76
46 6
47 19
47 48
48 23
48 38
49 81
49 88
50 50
50 57
52 65
53 19
53 34
55 63
57 41
57 60
59 72
59 83
60 99
62 77
63 94
64 13
64 33
65 71
66 40
66 48
66 61
67 56
67 65
67 81
68 6
69 3
71 32
71 41
72 75
73 15
73 60
73 99
75 54
76 18
78 6
79 0
79 42
79 53
80 74
83 16
83 48
83 66
84 37
86 27
86 75
86 91
87 13
87 64
89 41
91 44
91 51
92 87
92 99
93 96
94 25
94 36
96 12
96 53
96 86
98 95
99 52
99 81
