93
0 8
0 76
0 89
1 18
1 65
1 67
1 79
1 96
2 10
2 13
3 0
3 1
3 2
3 3
3 4
6 5
6 18
6 78
7 56
8 2
8 12
8 14
8 52
8 87
10 27
10 37
11 7
11 63
11 82
12 44
13 11
13 14
13 22
13 31
13 72
13 91
14 57
15 0
15 3
15 39
17 75
18 7
20 21
20 31
20 73
21 14
21 68
22 86
23 40
24 2
24 9
26 32
26 53
27 9
27 78
28 99
29 42
29 52
30 31
30 36
31 15
32 82
33 22
33 37
35 31
37 88
43 17
46 9
47 44
48 99
49 46
49 56
50 26
50 36
51 26
51 76
53 68
55 36
55 41
56 27
59 10
74 77
77 13
78 13
82 12
84 76
88 13
88 37
96 23
97 0
97 3
99 8
99 12
