129
0 0
0 17
1 51
2 23
3 6
4 46
4 66
5 40
8 30
8 72
9 23
10 68
10 99
11 37
12 3
13 27
13 74
14 17
14 43
16 89
17 52
18 30
18 97
20 44
21 56
22 1
22 16
23 9
23 24
23 39
23 86
25 3
25 47
26 91
28 47
28 50
29 85
32 0
32 20
32 32
32 69
33 38
33 60
34 1
34 56
35 30
36 22
37 63
39 54
39 92
40 34
40 68
40 75
42 63
43 24
43 29
44 90
45 8
46 30
46 70
46 78
47 33
47 99
49 52
49 64
49 99
50 44
52 9
52 69
54 78
54 83
55 28
57 20
57 55
57 69
59 12
59 63
60 15
60 85
61 36
61 81
62 45
62 52
63 58
63 66
63 86
66 24
68 50
68 80
68 94
70 7
70 24
72 91
73 18
73 42
73 64
74 88
75 68
75 99
76 37
77 94
78 13
78 56
79 4
79 25
80 61
80 82
81 67
84 60
86 56
87 6
87 10
87 30
89 42
90 78
91 1
91 89
91 99
92 12
92 75
93 50
93 95
96 32
96 38
96 81
97 47
99 12
99 57
99 88
