125
0 27
1 10
1 14
2 47
2 60
2 69
4 98
5 79
6 89
7 7
7 61
9 0
9 17
9 52
10 76
10 96
12 42
13 67
15 91
16 75
17 26
17 68
17 99
18 31
18 38
18 50
20 93
21 23
22 12
22 20
23 5
23 78
24 33
24 44
25 30
26 85
28 18
29 40
29 91
30 29
30 79
31 56
31 61
33 14
33 78
34 11
35 67
35 95
36 53
36 77
38 33
39 62
40 7
40 13
40 40
41 95
42 22
42 58
43 49
44 81
45 16
45 89
47 25
47 94
48 61
49 5
49 85
50 31
50 46
51 83
52 49
52 58
52 70
53 20
53 96
55 15
56 64
57 2
58 35
58 92
60 87
62 2
62 72
63 41
66 47
67 73
67 91
71 22
72 39
72 42
72 74
74 81
75 68
75 89
76 39
76 59
77 80
77 97
79 48
81 18
81 26
82 0
82 7
83 57
84 13
84 95
87 67
88 18
88 83
89 36
89 59
91 48
93 12
93 32
93 76
94 23
95 15
96 44
96 59
96 87
96 89
97 83
98 6
98 53
99 33
