126
0 42
1 60
1 78
3 59
4 14
4 49
4 88
4 98
5 18
5 52
6 6
6 24
6 64
7 87
9 81
10 99
11 27
11 50
11 92
14 26
15 44
16 4
16 12
16 73
16 92
17 56
17 82
18 85
20 33
21 50
23 23
23 84
25 74
26 92
27 47
28 1
28 86
29 66
30 92
31 6
31 11
31 80
31 99
32 61
32 74
34 52
35 43
38 35
38 93
40 60
42 29
43 89
44 45
44 59
45 22
45 66
48 91
49 3
49 7
49 17
49 28
50 28
50 82
52 19
52 71
52 88
53 24
54 10
54 36
55 78
58 0
58 7
58 86
59 53
60 91
62 25
62 37
63 5
63 65
64 75
65 28
65 58
65 96
67 21
67 34
67 68
68 62
68 78
69 2
70 50
71 30
72 15
72 63
72 86
73 99
74 6
74 93
76 44
76 82
77 58
78 0
78 50
80 7
80 44
80 69
80 93
81 17
83 56
84 88
85 28
86 10
86 17
86 96
87 25
91 28
92 21
93 35
94 13
94 42
96 18
96 64
97 96
98 26
98 71
99 4
99 40
