131
0 13
0 85
1 46
3 4
3 74
4 52
5 47
5 91
6 2
6 9
6 16
6 85
8 56
9 35
10 25
10 42
10 67
10 99
12 7
13 4
13 14
14 63
15 33
15 57
16 23
16 86
16 96
17 80
19 10
21 20
22 51
22 59
22 69
22 75
24 84
25 31
25 49
25 83
25 93
25 97
28 75
29 13
29 24
29 39
29 52
30 58
31 30
31 47
31 68
32 97
34 64
35 85
36 80
37 94
38 9
38 43
39 29
39 35
40 58
42 88
43 64
43 80
45 0
45 4
45 99
46 7
46 33
47 36
47 76
47 88
48 24
49 62
51 49
52 0
52 57
52 81
53 74
53 94
55 21
55 82
56 33
56 40
56 47
56 99
57 90
58 16
58 23
58 58
58 65
59 52
59 77
62 38
63 42
66 89
67 95
69 16
69 27
70 4
70 44
71 60
72 93
75 80
76 98
78 38
78 62
79 73
83 28
83 33
84 6
84 70
86 18
87 1
87 12
87 24
89 18
90 0
90 58
91 66
91 85
92 47
93 6
94 3
95 78
96 35
96 41
96 92
97 50
97 85
99 9
99 56
99 66
