130
0 71
1 49
1 75
2 34
3 60
3 85
4 15
4 54
6 34
7 29
8 3
8 20
9 45
9 64
9 85
10 55
10 78
11 11
12 83
13 91
14 42
14 49
14 97
15 16
15 64
16 3
17 59
18 32
18 70
19 77
22 29
23 51
24 21
24 89
24 94
25 3
25 63
26 41
26 56
27 92
27 99
29 72
30 99
31 20
32 8
33 45
34 50
34 70
34 89
36 37
37 5
38 1
38 16
38 94
38 99
39 27
40 48
41 70
41 87
42 61
42 94
46 71
46 76
46 90
47 39
47 44
48 11
48 18
49 64
52 2
53 37
53 50
55 7
56 77
56 97
57 43
57 56
58 12
60 51
62 62
64 7
64 50
64 89
65 30
65 82
65 89
67 73
67 99
69 21
70 14
72 28
72 36
72 80
74 94
75 0
75 75
77 0
77 1
79 81
80 5
80 27
82 91
83 35
84 67
85 9
85 83
86 0
86 23
86 55
87 68
88 23
89 63
90 4
90 49
91 31
92 26
92 36
92 52
92 61
93 18
93 74
94 5
94 15
94 99
96 40
97 94
98 4
98 48
98 65
98 89
