127
0 25
1 34
1 93
2 57
3 48
3 87
4 13
4 68
5 73
5 98
6 0
7 31
7 80
8 61
10 93
11 3
11 17
11 40
11 44
11 85
12 25
12 67
14 49
14 96
17 0
17 2
17 11
17 31
17 55
17 86
18 56
20 18
20 27
21 39
21 47
22 68
23 14
23 26
23 50
23 63
23 87
24 81
26 21
27 16
27 37
28 30
29 93
30 5
34 32
35 98
36 7
38 61
40 84
41 32
43 57
43 82
44 87
45 9
45 43
45 50
46 18
46 65
46 70
46 96
49 35
50 53
51 22
51 29
52 62
52 90
53 24
54 39
54 96
59 19
59 29
59 36
60 44
61 53
61 91
63 8
64 72
65 84
66 62
66 64
68 67
68 77
68 97
69 1
69 43
70 35
70 51
71 85
73 24
73 62
74 14
74 17
75 32
75 49
75 69
75 77
76 42
77 94
78 3
79 85
80 39
80 61
81 49
82 25
83 12
84 17
86 63
86 98
87 57
88 4
89 15
89 47
91 42
91 74
91 94
92 11
93 34
94 82
96 78
96 97
98 87
99 36
99 37
