135
0 15
0 76
1 94
2 0
2 8
2 61
4 74
6 6
6 78
9 42
9 69
10 98
11 20
11 24
12 66
13 86
14 51
14 56
14 71
15 11
16 94
18 8
19 78
20 36
22 96
23 84
25 39
26 3
26 73
26 79
27 32
28 44
29 18
29 28
30 39
31 0
33 12
34 15
35 53
35 89
36 61
37 27
38 72
38 91
39 8
40 32
40 66
40 87
41 1
41 37
43 12
43 71
44 0
44 61
45 45
46 0
46 32
48 40
49 16
49 68
49 88
51 14
51 23
51 48
51 99
52 37
52 83
54 0
54 90
55 42
56 19
56 41
57 35
58 10
58 84
59 70
60 62
61 6
63 13
63 97
64 53
65 66
66 2
66 7
66 27
67 92
69 33
69 83
70 23
71 74
72 8
73 0
73 38
74 50
74 56
75 7
76 64
78 46
78 83
79 22
79 43
79 66
79 95
80 3
80 90
81 73
82 17
82 27
82 78
83 11
83 37
83 86
86 42
87 59
88 5
88 19
88 98
89 91
90 12
90 27
91 62
91 64
91 70
92 81
93 0
93 4
93 26
93 47
95 19
95 54
96 71
97 9
98 91
99 2
99 62
