128
1 1
1 35
1 50
2 28
2 77
3 8
3 93
4 43
4 58
4 86
6 65
9 99
10 39
10 75
11 79
12 31
13 64
14 17
15 12
15 51
15 97
17 34
17 56
18 7
18 68
18 81
19 32
20 3
20 60
20 76
21 99
22 37
24 10
24 14
24 67
25 95
26 53
26 58
27 25
27 30
27 53
29 61
31 48
31 53
31 70
31 76
32 18
32 99
34 96
36 77
36 87
37 38
37 47
39 32
39 54
40 91
41 39
42 17
42 77
44 45
46 4
47 50
48 69
48 76
48 83
48 93
49 26
50 4
52 99
54 15
54 29
54 67
55 52
55 80
55 88
57 1
58 6
59 12
59 24
59 58
60 99
62 37
63 54
63 88
64 82
65 68
67 48
67 83
68 10
69 56
69 65
69 94
70 38
70 53
70 63
71 78
72 5
74 85
76 1
76 9
76 37
77 45
78 16
78 49
78 78
79 61
81 29
81 55
81 92
83 67
84 32
85 23
85 76
86 68
90 33
90 97
91 23
91 39
92 18
92 81
93 50
94 52
94 75
98 33
98 55
98 85
99 15
99 46
