167
0 3
0 4
0 11
0 18
0 25
0 32
0 39
0 53
0 67
0 74
0 81
0 88
5 0
5 7
5 21
5 28
5 35
5 42
5 56
5 77
5 84
6 12
8 60
8 88
10 51
13 0
13 56
13 77
14 21
16 4
16 11
16 32
16 60
16 81
17 47
21 0
21 56
21 63
21 70
21 77
21 84
21 91
22 19
22 26
22 33
22 51
24 4
24 11
24 95
25 40
28 24
29 0
29 35
29 56
29 63
29 70
30 48
32 4
32 11
32 18
32 25
32 81
32 95
34 41
34 75
37 0
37 49
37 63
37 70
37 91
37 99
38 40
40 4
40 11
40 18
40 32
40 74
40 95
45 0
45 63
45 70
45 77
45 98
46 33
48 4
48 11
48 18
48 25
48 39
48 46
48 93
51 84
53 63
53 70
53 77
53 91
54 26
54 40
54 86
55 33
56 18
56 46
56 53
56 95
57 9
61 0
61 63
61 70
61 77
61 84
64 4
64 11
64 18
64 25
64 32
64 39
64 46
64 59
64 88
69 77
69 84
69 91
70 5
72 11
72 18
72 32
72 39
72 67
72 95
74 49
77 0
77 91
80 11
80 25
80 32
80 39
80 95
82 54
83 49
83 63
83 84
85 91
88 11
88 18
88 25
88 53
88 81
88 95
90 33
90 44
90 72
91 0
91 63
93 0
93 14
93 21
93 42
93 56
93 77
93 84
93 91
93 98
96 60
99 7
99 28
99 35
99 49
