89
0 87
1 55
1 81
2 25
2 53
2 61
2 93
4 21
5 10
5 18
5 40
5 51
7 46
7 70
7 97
8 25
8 31
8 89
9 47
10 60
12 17
12 39
12 81
12 96
13 74
14 24
14 46
15 62
17 42
18 68
19 55
19 77
19 80
19 87
19 93
20 26
21 33
23 58
24 37
24 84
25 67
27 51
27 61
27 91
29 43
29 78
30 34
30 70
31 97
33 49
33 62
34 75
35 81
35 96
36 56
36 90
39 54
39 67
39 91
40 45
44 91
46 67
46 88
47 78
48 56
50 95
51 73
52 66
53 84
55 57
55 96
56 63
56 70
57 75
57 81
58 91
61 96
62 68
64 76
64 86
69 72
69 96
70 89
72 84
73 99
75 79
77 95
82 82
94 94
