133
0 78
2 20
2 63
3 33
3 44
4 53
5 2
5 49
5 68
6 25
8 34
8 45
8 74
9 5
9 94
10 64
11 2
12 16
12 52
14 37
14 82
15 9
16 30
16 46
16 60
17 49
17 97
19 67
20 28
21 18
21 50
22 71
23 92
24 94
25 0
25 14
25 85
27 38
28 1
28 96
30 23
30 44
31 9
31 67
33 60
33 79
34 36
34 43
34 97
37 61
37 71
39 2
39 49
41 8
42 60
43 86
43 94
44 67
44 94
45 77
46 52
49 19
49 26
49 71
51 79
51 80
51 96
52 42
52 92
53 54
54 29
55 13
57 36
57 49
57 95
58 90
59 96
61 9
62 29
64 85
64 93
65 51
66 7
66 30
66 76
68 4
68 35
69 67
69 97
70 15
71 25
72 31
72 80
72 94
73 70
74 0
74 37
74 43
74 50
74 63
76 53
78 57
80 73
81 2
81 94
82 17
83 23
84 55
84 98
85 4
85 65
87 9
87 46
88 59
88 71
88 85
90 32
90 68
90 79
91 11
91 25
92 20
92 44
92 84
94 50
96 25
96 77
97 11
98 23
98 60
98 88
99 54
99 94
