134
0 22
1 32
1 82
2 0
2 5
2 21
2 59
3 79
4 91
7 51
7 69
8 62
8 88
9 7
9 41
10 20
10 31
10 50
14 67
14 71
14 79
16 25
16 50
16 59
18 17
18 68
19 20
20 40
20 57
21 89
21 94
22 9
22 21
22 82
22 99
23 56
24 37
24 75
25 1
26 44
27 0
27 57
28 98
29 63
30 84
32 22
33 9
33 64
34 95
35 34
35 55
35 96
36 93
37 86
38 40
39 92
40 63
41 6
41 63
41 99
42 23
44 4
44 8
47 0
47 44
47 62
47 79
52 32
52 49
53 7
55 76
56 37
56 71
56 94
57 42
58 14
58 94
59 27
59 50
59 96
60 64
62 1
62 22
63 65
63 78
65 12
65 51
65 59
66 4
66 43
67 29
69 23
69 55
69 93
70 74
71 62
71 78
72 28
72 47
72 68
77 65
77 71
78 94
80 37
81 43
82 72
83 65
84 39
84 78
84 95
85 48
87 44
87 90
88 32
89 19
89 90
89 98
89 99
90 1
90 43
91 9
92 27
93 22
93 75
94 34
95 96
96 44
96 99
97 57
97 86
98 17
98 47
99 37
99 67
