140
0 80
1 59
1 87
1 89
1 98
3 6
3 13
3 63
5 23
5 97
6 49
6 72
6 91
7 0
8 33
10 5
10 49
10 54
11 68
12 69
13 18
13 60
13 75
15 41
16 25
17 51
17 86
17 96
18 5
18 9
19 63
20 43
22 88
23 80
24 10
24 15
25 0
25 24
26 70
27 38
27 92
29 22
29 31
29 57
29 77
29 86
31 44
31 97
32 0
32 49
33 9
33 67
33 74
36 37
36 93
37 40
37 54
38 4
39 65
40 34
40 44
40 60
41 13
41 21
41 86
42 79
44 7
44 52
46 98
47 33
48 42
50 61
51 49
51 73
51 81
52 96
54 99
56 53
58 6
58 44
58 85
59 33
60 82
61 0
61 92
62 29
62 47
63 63
63 73
65 26
65 52
65 78
66 4
66 16
66 59
67 87
67 96
68 31
68 66
69 74
72 51
73 90
74 40
75 18
77 25
79 34
79 80
80 67
80 92
82 75
83 0
83 5
83 34
83 48
83 96
84 12
84 40
85 1
85 41
86 51
86 86
87 62
87 73
88 9
88 82
91 5
91 43
91 69
91 94
92 21
93 38
93 50
95 15
95 90
96 49
97 62
98 95
99 21
99 28
99 69
