127
0 90
2 96
4 47
4 67
6 10
6 38
8 24
9 18
10 73
10 88
10 97
11 41
13 35
14 12
15 20
15 29
15 44
16 50
17 60
17 93
18 25
19 15
19 69
19 84
20 89
21 61
22 3
24 35
24 97
25 65
26 24
26 90
27 81
28 74
29 44
30 33
31 7
31 26
31 91
32 18
33 68
34 36
35 2
35 59
36 76
38 82
39 10
39 26
39 64
39 72
39 83
40 46
41 87
42 53
43 19
43 56
44 72
45 10
45 29
45 68
45 99
46 89
48 11
50 58
51 21
52 6
52 30
52 49
52 67
55 81
57 93
58 96
59 18
60 25
60 32
60 65
61 45
61 71
61 89
62 81
64 38
65 11
65 21
65 95
66 46
66 84
69 34
70 42
71 40
71 63
74 55
75 49
76 3
76 77
77 65
77 88
79 16
79 52
79 83
80 23
80 92
81 6
82 60
82 97
85 38
85 53
86 33
86 85
87 81
88 5
88 54
89 50
89 57
90 74
91 62
92 23
93 17
94 3
94 71
94 98
95 45
96 75
97 5
98 14
98 82
99 60
99 89
