137
0 96
1 20
2 57
2 60
3 72
4 5
4 94
5 66
6 45
6 51
7 18
8 80
8 99
9 27
10 95
11 48
11 72
11 99
14 8
14 66
15 56
16 33
18 24
18 80
19 77
21 31
21 45
21 94
22 73
22 98
23 11
23 51
25 90
26 25
27 48
29 52
29 75
31 80
31 83
32 13
34 96
35 30
35 41
37 62
38 14
38 47
38 82
39 24
39 91
40 0
41 38
41 41
42 6
43 1
43 57
44 98
45 24
45 44
46 89
47 38
47 60
47 86
48 55
48 66
49 5
49 20
50 46
51 71
53 36
55 9
56 15
56 74
57 48
57 58
58 27
58 65
58 89
59 21
61 37
61 42
62 50
64 1
64 62
65 31
65 58
65 81
66 16
67 93
68 5
69 77
70 26
70 39
71 54
71 59
72 17
72 46
73 5
73 83
74 63
74 96
75 50
76 22
76 91
77 0
77 8
77 18
77 42
77 56
77 69
77 74
78 79
80 42
82 97
83 20
83 64
85 28
85 74
85 81
85 95
86 37
87 8
88 29
89 3
90 82
91 17
91 71
92 14
92 23
92 33
96 6
97 42
97 75
97 96
98 85
99 15
99 52
99 76
