131
0 94
1 0
1 17
1 27
1 37
1 66
1 68
3 6
4 22
4 46
4 75
5 34
7 63
7 98
8 19
8 88
9 57
10 4
10 92
13 17
13 47
14 33
14 89
15 83
16 78
17 71
19 42
20 15
20 65
21 24
22 30
24 13
24 41
24 67
24 77
24 83
25 56
29 49
30 2
30 55
31 39
31 73
33 98
34 52
34 64
36 47
36 85
36 89
37 32
38 3
39 3
40 7
40 62
40 92
40 96
41 17
41 48
41 68
43 4
43 35
45 52
46 78
47 64
48 0
48 67
49 88
50 12
51 21
51 29
52 17
52 39
52 51
54 51
54 78
56 39
57 26
58 63
58 92
59 76
61 12
63 88
64 22
65 6
65 47
66 28
66 39
67 12
67 62
67 68
68 77
69 22
69 89
70 72
70 86
71 0
73 3
73 26
73 30
74 67
74 79
74 84
75 53
76 45
78 48
78 60
79 95
80 27
81 49
81 69
81 83
82 9
82 57
83 42
84 99
87 28
87 51
87 63
87 81
88 27
88 33
89 4
89 92
90 49
90 56
91 88
93 62
94 25
94 85
95 17
96 99
99 86
