128
1 43
1 77
2 23
2 50
2 66
3 97
4 19
6 71
7 6
7 10
7 78
8 38
8 41
8 61
10 96
11 27
11 53
11 71
14 56
14 96
15 23
15 43
16 90
17 5
17 13
18 28
18 65
18 71
19 25
20 98
21 42
22 10
23 2
23 87
27 37
28 2
28 5
28 97
30 14
30 89
31 74
34 80
34 85
34 93
36 9
36 20
36 56
39 4
39 56
39 91
41 31
41 49
42 13
42 24
42 76
43 13
43 19
43 37
44 95
46 59
47 73
49 18
49 25
49 39
49 53
50 2
50 97
52 7
55 13
55 35
55 64
55 91
57 97
58 49
59 41
59 60
59 67
60 20
60 22
60 31
61 58
63 97
64 79
65 10
65 60
66 72
67 98
68 17
70 30
70 48
70 56
73 36
73 48
74 30
75 21
75 61
76 71
76 96
77 68
78 9
79 9
79 45
80 16
81 41
82 2
82 29
82 84
82 91
85 35
85 66
86 51
86 97
87 21
87 82
88 90
91 70
92 29
93 1
93 53
93 60
94 77
94 98
95 21
96 39
97 14
97 91
98 46
98 68
