127
1 57
2 23
4 66
5 76
5 88
7 96
8 22
8 46
9 13
9 66
13 63
14 35
14 48
14 74
16 26
16 68
17 17
17 53
20 30
20 83
21 2
21 17
21 47
23 42
23 55
23 91
23 99
25 52
27 72
29 82
29 86
30 5
30 92
30 98
31 23
31 76
32 37
32 59
33 65
35 85
36 32
37 31
38 39
38 74
39 63
39 92
40 7
40 42
42 56
43 26
43 68
43 87
44 4
45 69
45 77
47 51
47 93
48 99
49 36
50 86
51 74
52 89
53 79
54 8
54 69
55 41
58 91
59 50
59 80
61 11
61 22
61 70
63 36
63 46
63 54
64 67
65 44
65 80
66 8
66 88
67 18
67 37
68 73
69 24
69 38
70 47
71 84
72 57
73 23
73 43
74 81
74 97
76 57
76 88
77 81
78 34
79 25
81 20
81 68
82 61
83 53
83 91
83 98
85 15
86 30
87 24
87 67
87 73
87 88
88 45
88 50
88 80
89 8
89 39
89 99
92 66
92 76
92 92
94 31
96 55
96 60
97 14
97 42
97 96
98 7
98 84
99 75
