120
0 3
0 66
7 25
7 70
9 77
10 15
10 26
10 53
10 98
13 65
14 20
16 36
16 54
18 24
18 63
19 34
19 78
21 2
21 28
22 54
22 68
22 87
23 25
23 74
24 41
24 60
25 0
25 79
25 95
26 25
26 32
27 7
28 35
30 56
30 65
31 77
31 81
33 30
33 37
33 60
34 19
35 6
35 19
35 49
37 48
38 64
38 77
38 84
39 32
39 86
40 22
40 73
41 13
41 58
42 30
43 92
46 5
46 64
47 35
48 17
48 91
51 75
53 27
53 56
54 69
56 32
57 64
57 74
58 47
58 56
60 4
60 68
61 34
62 62
64 12
64 21
64 62
64 78
65 53
65 69
66 41
66 46
67 28
67 35
67 36
68 24
70 39
70 65
70 82
71 17
71 56
71 78
73 72
73 85
74 21
74 28
74 61
76 11
76 81
77 14
78 32
79 16
79 60
80 38
81 25
81 70
81 84
82 55
84 42
85 13
85 75
86 31
86 71
87 60
88 82
90 45
91 18
94 49
95 54
99 47
