131
0 63
1 37
1 58
2 18
2 44
4 51
4 86
5 26
5 71
6 19
6 80
7 99
8 58
8 99
10 44
10 68
11 77
12 90
13 51
14 45
14 75
14 97
15 85
16 24
17 30
17 60
18 4
18 20
19 42
23 1
23 73
23 80
24 21
25 66
26 49
28 6
28 68
28 99
29 39
29 80
31 91
33 12
33 31
35 90
36 3
37 63
37 84
38 22
38 99
39 32
40 6
40 59
40 79
41 30
43 16
45 9
45 76
46 62
46 81
47 64
48 56
48 98
49 92
50 37
50 51
51 25
51 28
52 4
54 17
54 82
56 71
57 47
57 94
58 87
59 51
59 61
60 11
60 14
60 27
60 48
61 21
62 2
62 86
63 78
63 98
64 40
65 7
65 28
67 93
68 66
68 85
69 35
70 48
70 76
70 98
73 19
73 90
75 56
75 62
76 74
76 82
79 9
79 29
80 24
80 89
82 59
83 16
83 37
83 93
84 67
84 96
85 44
85 69
87 56
88 80
89 7
89 87
90 40
90 48
91 59
92 98
94 55
94 81
95 30
96 7
96 13
97 18
97 48
99 21
99 58
99 80
