138
0 15
0 32
0 96
3 6
3 16
3 61
3 87
3 94
4 72
5 26
5 62
6 6
7 99
8 89
10 0
10 13
10 19
11 52
12 73
13 26
13 58
15 11
16 4
16 65
16 90
17 43
18 63
18 71
19 19
20 55
21 13
21 99
22 29
22 67
23 74
23 92
24 37
24 98
25 5
26 11
26 41
26 46
26 58
28 80
29 16
30 8
31 26
31 68
32 60
35 14
35 34
38 33
38 79
38 90
39 7
39 51
40 40
40 69
41 21
42 82
44 13
44 16
44 60
44 80
45 96
47 23
48 8
48 50
48 76
49 94
50 17
50 64
53 71
53 83
55 6
56 45
56 96
58 18
58 87
59 34
61 8
61 99
62 51
62 74
63 61
63 84
63 90
64 22
64 27
64 45
64 95
65 50
67 4
67 81
68 68
69 19
69 56
69 63
70 10
70 46
72 99
73 5
73 71
73 84
74 63
75 40
75 56
77 21
78 4
78 11
78 73
79 95
80 44
81 25
82 78
83 16
84 8
84 32
84 51
85 84
87 42
89 21
89 50
90 18
90 42
90 71
90 89
91 6
91 77
92 85
94 75
95 13
96 31
96 57
97 45
98 23
99 37
99 69
