136
0 30
0 51
1 59
1 76
3 17
3 34
4 6
4 42
5 54
6 80
6 85
7 19
7 21
8 4
9 59
9 68
10 77
11 0
12 75
13 28
14 48
14 66
14 88
15 5
15 24
16 14
16 98
17 91
19 31
19 73
20 47
20 95
21 86
23 49
24 54
25 99
26 17
26 24
27 87
30 8
31 39
31 87
32 23
34 10
37 28
37 74
38 47
40 73
41 9
41 15
41 67
43 54
43 73
44 19
45 4
45 37
45 96
46 99
47 6
47 28
47 63
49 49
49 99
50 91
51 2
51 14
51 20
52 34
52 97
53 59
53 61
55 70
56 18
56 37
57 44
58 64
60 24
60 25
60 50
61 10
61 17
62 49
62 96
64 15
65 28
66 63
68 27
68 99
69 34
69 78
70 0
70 43
71 8
71 68
72 70
73 21
73 60
74 30
74 81
76 3
76 61
80 39
80 70
80 81
80 86
80 94
81 3
81 23
82 10
82 57
83 0
84 15
85 85
86 5
86 65
86 93
87 46
87 57
88 13
88 73
90 4
90 26
90 36
91 0
92 85
93 22
93 66
93 76
96 13
96 95
97 2
98 72
99 20
99 23
99 34
99 38
