122
0 37
0 47
0 56
0 71
0 87
1 19
2 43
3 9
4 64
5 76
5 92
6 26
6 31
9 1
9 39
9 75
9 88
10 83
12 90
13 25
14 2
14 10
15 41
15 77
16 8
17 11
18 93
20 26
21 40
22 32
22 45
24 5
26 87
26 96
27 8
27 93
31 99
32 66
34 58
34 92
36 30
36 76
37 58
38 4
38 47
39 26
40 94
41 20
42 10
42 60
42 76
43 67
43 82
44 75
46 3
47 32
47 46
47 52
48 89
49 10
49 59
50 20
50 39
51 6
53 16
53 35
53 49
56 5
56 26
56 93
57 20
57 54
58 32
58 62
59 14
60 42
61 33
62 7
62 96
63 21
63 57
63 72
63 87
63 90
66 3
68 5
68 36
68 41
70 50
72 31
72 97
73 8
74 8
74 19
74 40
75 55
78 26
79 10
79 91
80 3
80 53
81 62
82 20
82 69
82 90
83 36
83 40
83 85
87 82
88 34
88 59
90 11
92 3
92 92
93 79
93 97
94 33
94 39
94 69
94 82
96 13
98 7
