129
1 2
1 49
1 91
3 59
3 68
5 61
6 17
6 37
8 10
8 89
9 63
10 0
10 96
12 35
12 48
12 69
12 83
13 13
14 4
14 35
14 59
14 66
15 74
16 92
18 46
19 80
20 37
21 59
22 46
22 85
23 36
24 75
25 16
26 23
28 9
28 45
28 86
29 4
29 83
30 51
30 64
31 31
32 96
32 99
33 71
34 89
35 3
35 11
36 42
36 63
37 33
37 78
38 24
39 88
41 70
42 32
42 50
43 37
43 45
43 81
44 23
46 3
47 63
47 87
50 23
50 47
50 56
52 6
52 21
54 11
56 6
57 64
60 93
62 58
62 84
64 14
66 76
67 19
67 58
67 96
68 52
68 86
69 36
70 48
71 4
71 23
72 12
72 92
73 39
73 85
74 18
74 33
74 68
74 74
76 0
76 48
76 91
78 76
79 35
79 58
80 9
80 73
81 43
82 5
82 36
82 88
84 55
85 31
86 25
86 51
87 45
87 91
89 1
89 12
89 17
89 29
89 96
90 36
90 62
91 71
92 56
93 76
95 34
96 1
97 49
97 56
97 92
99 43
99 78
