128
0 24
1 2
2 9
2 54
3 62
3 70
4 11
5 0
5 19
6 8
6 27
6 35
6 46
6 87
7 61
9 41
9 43
9 74
11 50
12 22
12 70
13 4
13 87
13 96
14 61
15 83
16 39
17 67
18 16
18 77
21 31
21 45
21 99
22 73
24 23
24 56
25 27
27 12
27 90
29 31
29 78
30 50
31 7
33 16
33 83
34 31
34 57
35 37
35 79
36 38
36 64
36 89
36 98
37 44
37 92
39 6
39 22
40 58
40 88
41 34
41 67
43 15
43 68
45 5
46 34
46 38
47 75
48 89
48 96
49 16
49 67
50 1
50 26
50 83
51 30
53 45
53 52
54 75
55 38
55 64
56 79
60 10
60 11
60 14
60 22
60 91
63 5
63 44
66 13
66 93
67 0
67 26
67 56
70 17
71 44
72 23
72 34
73 73
74 54
74 66
75 60
77 14
77 39
78 50
80 72
81 88
84 5
85 11
85 74
87 0
87 27
88 49
89 79
90 62
90 97
91 55
93 2
95 99
96 72
97 20
97 26
97 46
97 87
98 7
98 32
98 57
99 47
99 66
