96
0 49
0 65
1 41
2 16
2 21
2 57
3 3
3 33
3 78
4 24
4 90
5 49
6 8
6 37
6 68
7 82
8 14
8 44
9 17
9 96
11 32
11 62
12 24
12 56
12 90
13 74
14 52
15 18
15 83
17 46
17 93
18 36
18 59
19 69
20 36
20 88
21 64
22 42
22 57
23 20
23 32
23 50
24 46
24 76
25 94
26 39
28 29
28 71
28 81
28 88
29 37
31 59
32 99
33 60
33 78
34 89
37 45
37 78
38 40
38 87
41 56
41 62
41 69
41 92
45 96
46 52
46 56
46 89
48 62
48 69
50 77
51 97
52 91
53 67
53 73
54 57
55 79
56 98
57 85
61 66
61 95
62 60
62 86
64 75
68 82
70 98
71 74
72 87
76 80
76 97
79 85
82 91
82 96
87 90
88 99
92 92
