127
0 10
0 53
1 0
1 40
1 67
2 21
2 62
2 80
5 37
5 87
6 74
7 46
8 23
9 9
10 1
10 54
11 30
11 89
12 58
13 48
13 74
13 80
15 64
17 10
17 91
18 49
18 70
19 76
19 83
20 96
21 17
21 42
21 96
23 30
24 35
24 56
25 24
25 75
26 41
28 50
29 29
29 89
30 54
32 42
32 44
33 86
34 0
34 95
34 99
36 62
37 6
37 57
39 70
39 88
40 12
41 20
41 76
42 53
44 7
44 47
44 74
45 65
45 99
46 0
46 28
46 60
46 82
47 55
50 10
50 19
50 78
51 37
51 46
51 86
55 2
55 23
55 74
56 8
56 52
56 68
57 95
58 30
58 42
60 36
61 52
62 17
63 11
63 40
63 97
64 71
65 32
66 77
68 2
68 24
68 63
69 21
69 88
70 55
71 33
72 13
72 48
75 71
78 74
79 19
79 78
81 57
82 10
82 95
83 40
86 18
86 72
87 48
87 76
89 61
89 98
90 84
92 42
92 47
92 67
94 31
94 95
95 19
96 36
96 63
99 3
99 32
99 41
