133
0 4
0 13
0 15
0 79
0 90
2 59
4 18
4 69
6 12
6 77
7 8
10 49
10 71
11 18
12 30
12 43
14 56
15 2
15 64
15 91
16 27
16 54
16 69
19 82
20 17
20 36
20 49
20 74
21 6
21 10
22 99
23 69
23 89
24 20
25 46
27 58
27 66
29 49
29 80
30 2
30 65
30 75
31 59
32 28
32 31
32 37
33 69
34 70
36 5
36 23
36 56
37 40
37 89
38 27
39 90
42 5
42 49
43 43
44 0
44 24
44 32
44 38
45 61
47 73
48 20
48 53
48 80
48 97
50 30
50 35
51 2
51 89
53 17
54 40
54 55
55 34
55 43
55 48
55 61
55 81
58 59
58 97
59 19
59 66
60 0
61 84
62 45
62 93
63 21
63 73
64 83
65 37
65 65
66 54
68 79
68 88
70 10
70 54
71 27
71 34
73 3
73 11
73 62
73 87
73 98
77 67
77 80
78 18
79 73
80 51
80 60
81 37
83 77
84 28
87 66
87 70
88 10
88 17
88 51
89 33
89 95
90 69
90 99
91 46
92 37
92 83
92 95
96 14
98 33
98 50
99 17
99 27
99 40
