99
1 92
3 3
3 8
3 13
3 18
3 23
3 28
3 33
3 38
3 43
3 48
3 53
3 58
3 63
3 68
3 73
3 78
3 83
7 90
7 95
8 3
10 17
10 27
10 37
10 47
10 57
12 10
12 65
12 70
12 75
12 80
12 85
13 3
15 17
15 27
15 37
15 47
15 57
17 90
17 95
20 7
20 17
20 27
20 37
20 47
20 57
20 67
22 1
22 75
22 80
22 85
25 7
25 17
25 27
25 37
25 47
25 57
25 67
27 90
27 95
30 7
30 17
30 27
30 37
30 47
30 57
30 67
30 77
32 1
32 85
35 7
35 17
35 27
35 37
35 47
35 57
35 67
35 77
37 90
37 95
38 3
40 12
40 22
40 32
40 42
40 52
40 62
40 72
40 82
43 3
45 12
45 22
45 32
45 42
45 52
45 62
45 72
45 82
45 92
