135
0 23
0 76
0 79
1 5
1 55
2 41
3 31
3 68
3 88
5 22
6 52
8 11
8 35
8 56
8 64
8 78
10 29
11 24
12 83
13 95
14 16
15 48
15 52
15 63
16 90
17 7
17 22
17 34
20 7
20 21
20 33
20 67
21 15
23 88
24 72
24 93
25 3
25 15
26 11
26 26
28 20
28 65
28 88
29 50
30 34
31 11
31 37
31 41
31 56
31 94
32 22
35 54
38 7
38 65
38 78
39 35
40 3
40 59
42 47
43 14
43 18
43 33
43 43
45 21
45 62
45 75
47 3
47 19
49 42
49 71
50 9
50 48
50 90
52 31
54 3
54 55
54 94
55 13
55 31
55 43
55 65
58 60
59 49
59 89
60 35
61 2
62 57
64 43
65 11
65 27
66 6
66 74
67 34
69 0
69 82
69 87
71 69
71 97
73 30
73 77
74 3
75 53
76 25
78 33
78 60
78 99
79 42
80 16
80 26
80 67
80 80
81 43
81 88
82 64
82 74
83 24
83 58
84 6
85 70
86 3
86 18
86 54
87 61
88 9
88 81
88 96
90 9
90 90
92 56
92 72
93 23
93 24
95 58
97 47
98 91
