129
0 5
0 26
0 55
1 64
2 74
3 2
3 34
3 47
4 55
5 52
6 95
7 40
7 83
8 16
8 72
9 74
10 1
10 55
11 10
12 40
12 93
13 82
14 92
15 20
16 5
17 33
18 55
18 66
18 93
19 18
19 87
21 5
21 51
22 35
23 0
24 22
24 39
24 79
24 84
25 7
25 16
25 56
26 30
26 92
30 35
32 76
33 51
33 59
33 85
34 20
34 69
35 24
35 91
36 14
37 50
38 95
39 79
40 10
40 95
41 67
42 86
44 67
44 76
45 14
45 36
47 60
48 18
48 91
50 68
51 13
51 36
51 44
52 78
54 9
54 25
54 97
56 25
56 41
56 48
56 53
58 18
59 43
61 31
62 24
63 72
64 93
65 45
66 81
67 4
67 38
67 69
68 87
69 23
69 31
70 10
70 85
71 0
72 2
73 19
73 61
73 99
74 44
75 25
76 34
79 29
81 16
81 52
82 84
84 34
84 73
84 95
86 35
87 77
88 28
89 34
89 39
89 83
89 90
90 18
90 48
91 13
91 97
93 3
93 39
94 69
96 32
97 16
98 7
99 74
