130
0 31
0 74
0 91
1 45
2 14
2 62
2 82
3 20
3 51
6 28
6 38
6 84
7 66
7 74
8 12
10 94
11 35
12 74
12 89
13 4
14 48
15 82
17 29
17 98
18 21
20 73
21 40
21 53
21 84
22 1
22 23
23 11
23 14
23 53
24 41
24 93
25 62
27 76
27 82
28 64
30 17
31 7
31 24
31 71
32 53
32 94
33 18
34 14
36 29
36 34
36 46
36 67
36 78
36 95
38 68
40 88
41 58
42 16
43 1
44 19
44 73
45 94
46 65
48 71
49 56
49 92
50 12
50 24
51 34
51 80
54 7
54 51
55 21
55 73
56 43
56 77
56 96
57 12
57 27
59 3
59 24
60 54
61 69
62 32
63 10
63 87
64 2
65 40
65 57
67 16
68 80
69 32
70 10
71 62
72 18
75 22
75 39
78 11
79 16
79 97
80 26
81 50
81 57
81 68
82 5
83 85
83 89
84 75
85 5
86 41
87 30
88 65
88 69
89 33
89 56
89 92
90 50
90 69
91 11
91 96
93 7
94 75
95 67
96 29
96 47
96 51
97 80
98 13
99 2
99 70
