131
0 83
0 97
1 13
1 26
1 87
2 2
3 95
4 11
5 4
7 55
7 93
8 71
9 96
10 21
11 2
11 58
12 83
12 88
13 38
14 10
15 15
15 46
15 90
16 32
17 88
18 47
21 0
21 78
21 89
22 69
24 11
24 93
27 69
28 53
28 56
28 75
30 7
31 50
32 92
33 14
33 85
34 66
35 29
35 48
36 54
37 10
37 34
37 76
37 99
41 29
41 50
42 76
42 80
43 37
43 93
44 51
45 67
47 26
47 46
48 6
49 2
49 76
50 54
52 39
53 58
54 43
54 84
54 97
57 55
57 61
57 96
58 13
58 17
58 31
61 19
61 65
61 99
62 92
63 53
64 95
65 35
66 12
66 88
68 97
69 3
69 35
69 65
70 16
70 25
70 79
71 56
71 89
73 39
73 64
74 71
74 78
75 45
75 97
76 23
76 35
76 47
79 7
79 81
80 16
80 52
80 60
82 91
83 2
84 19
85 23
85 49
85 56
86 11
87 28
88 71
90 16
90 34
90 47
90 98
91 1
92 74
94 18
94 92
94 99
95 8
95 26
95 85
96 45
96 96
97 7
98 80
