126
0 47
0 80
0 88
2 37
2 58
3 99
4 95
5 75
6 55
6 84
9 0
9 29
9 39
9 59
9 85
11 6
11 96
12 76
13 89
14 5
14 21
14 23
16 52
16 58
16 88
17 35
17 95
18 28
19 66
20 57
21 9
21 43
23 71
23 77
24 33
25 54
25 87
26 60
26 94
27 11
27 24
28 76
29 51
30 65
31 2
32 26
32 33
32 72
32 81
33 89
35 61
38 17
39 22
40 63
41 89
42 77
43 74
45 86
47 65
48 6
48 81
49 34
49 48
50 11
50 18
51 41
51 80
55 23
56 37
56 72
57 94
59 57
59 84
60 42
61 7
61 76
62 89
65 0
65 58
67 0
67 68
67 75
68 56
68 81
69 13
69 35
73 21
73 44
74 33
75 8
76 32
76 93
77 38
78 84
79 61
81 28
81 49
82 14
83 74
83 91
84 33
84 44
84 66
86 15
86 37
88 84
88 93
89 9
90 64
91 75
92 20
92 31
95 3
95 12
95 20
95 66
95 93
96 45
97 34
98 30
98 45
99 1
99 22
99 52
99 60
99 92
