104
0 24
0 56
1 12
1 49
1 94
2 5
2 17
2 91
2 99
3 28
3 41
3 56
5 23
5 76
5 91
5 92
6 84
7 14
7 37
7 49
7 62
8 58
8 96
10 18
10 43
11 33
11 69
11 87
12 24
12 52
12 79
13 93
14 15
15 47
16 30
16 98
17 41
17 55
17 86
18 35
18 77
19 93
20 64
20 90
21 21
21 28
22 37
22 46
22 94
23 72
26 62
26 99
27 32
28 39
28 85
28 91
31 69
32 36
32 66
32 99
33 60
34 47
34 54
36 76
38 89
40 68
41 60
44 73
44 80
45 91
46 88
47 51
47 64
49 54
51 70
51 80
52 64
52 90
52 95
54 77
58 84
59 65
59 97
62 81
62 86
63 91
64 62
64 80
64 94
66 69
66 70
67 90
68 77
70 83
70 95
72 95
74 89
78 81
81 87
83 98
85 92
89 95
93 91
93 99
