135
1 33
2 54
3 60
4 69
4 99
5 8
5 22
6 74
6 93
7 67
9 47
9 60
9 91
10 11
10 99
11 70
13 4
14 21
14 50
14 76
15 91
16 58
17 82
17 97
18 48
19 15
19 32
20 21
21 6
21 53
21 75
22 38
22 47
22 70
24 26
24 70
25 17
25 64
26 94
27 43
28 9
28 84
29 10
29 31
29 50
29 67
31 8
32 96
34 68
35 20
35 46
35 52
36 3
36 13
36 15
37 85
39 43
42 0
42 9
42 61
42 70
43 96
44 26
45 49
47 92
48 10
48 30
48 46
50 78
50 96
53 0
53 51
53 98
54 21
54 61
54 72
56 15
56 53
56 93
58 0
58 38
59 31
59 58
60 97
61 78
61 87
62 12
62 39
62 51
62 65
63 74
64 27
66 5
66 15
68 68
70 7
70 18
70 56
72 28
72 35
73 12
73 22
73 48
75 2
75 59
76 42
76 94
77 31
79 12
80 67
80 81
82 75
84 24
85 17
86 59
86 89
87 76
87 84
87 94
88 29
89 35
89 51
90 72
91 23
91 41
92 3
92 16
93 85
94 59
95 4
95 15
95 32
95 59
97 26
98 90
