138
0 25
0 43
0 89
1 55
1 75
2 99
5 38
5 65
5 88
6 25
6 81
6 92
7 12
10 47
10 62
11 11
11 87
12 35
13 18
13 34
14 1
15 49
16 39
16 98
17 0
17 22
17 63
20 15
21 5
21 47
23 64
24 0
24 12
24 18
24 79
25 15
25 97
27 90
28 41
28 52
29 7
29 22
29 33
32 49
33 74
33 79
35 55
35 61
36 91
37 22
38 36
38 50
38 70
39 1
39 16
39 45
40 29
41 20
41 98
43 69
45 25
45 96
46 17
47 77
48 36
48 81
49 9
49 66
50 78
51 94
52 27
53 59
53 84
55 6
56 76
57 17
58 10
58 21
58 62
59 11
59 29
60 41
61 49
61 63
62 90
64 32
65 24
65 48
65 81
66 7
67 8
67 13
68 74
68 96
69 91
70 37
71 45
71 53
71 72
72 4
72 44
72 58
74 99
75 10
76 89
77 42
77 52
77 70
78 4
78 61
79 17
80 38
80 72
82 57
82 73
83 29
83 82
86 65
86 95
87 13
87 29
87 34
88 5
89 51
89 76
90 68
90 80
90 96
91 56
94 61
94 86
95 50
96 73
96 91
97 66
98 44
99 29
99 41
