123
0 0
0 26
0 81
0 94
1 56
1 73
2 15
5 7
6 33
6 61
6 67
6 97
7 44
7 47
8 78
8 83
11 9
11 58
11 74
12 64
12 88
13 50
14 58
17 37
18 13
18 45
18 96
19 18
20 58
21 74
22 32
22 71
24 94
25 55
27 9
27 14
27 78
28 63
29 23
30 96
31 73
35 69
35 80
36 50
36 84
37 25
37 28
37 96
38 58
39 44
40 54
41 6
41 18
41 32
41 96
42 10
43 80
44 23
44 92
48 3
48 34
48 55
50 20
51 5
53 67
53 82
53 89
54 50
54 95
55 99
56 23
56 28
57 35
57 56
57 58
57 65
58 53
61 5
61 88
61 97
62 44
63 63
63 77
65 75
66 36
67 3
67 19
67 52
67 69
70 41
70 51
71 24
72 11
73 26
74 4
76 72
77 39
77 80
78 20
78 49
80 31
81 56
82 95
83 45
83 79
84 16
86 80
86 97
88 26
89 6
90 86
91 46
92 49
93 22
93 55
93 73
95 3
96 6
96 38
97 12
98 56
99 12
99 76
