134
0 8
0 24
0 33
2 57
4 45
4 91
5 47
5 74
6 38
7 62
8 65
9 87
10 3
10 32
11 15
11 23
11 38
11 43
11 78
12 93
13 84
15 12
16 33
17 3
17 56
17 89
18 6
18 46
19 72
19 80
19 92
20 28
20 61
20 66
24 39
24 42
25 29
25 55
25 88
29 66
30 84
31 19
35 11
35 84
36 27
37 91
37 98
40 73
41 17
41 48
43 80
44 96
45 41
46 1
46 17
46 32
46 75
47 8
47 56
47 68
47 88
48 8
49 88
50 45
52 4
52 15
52 52
52 75
52 81
53 95
54 24
54 42
54 92
55 35
56 11
56 29
57 57
59 95
60 4
61 8
61 17
61 66
61 91
62 23
63 82
64 75
65 54
65 61
66 31
66 37
67 16
68 93
70 71
70 78
72 12
73 46
74 88
75 18
76 27
77 0
77 18
78 37
78 48
80 6
80 59
81 12
81 21
81 41
81 54
81 66
81 73
83 93
83 97
84 28
85 0
85 19
85 38
85 45
86 55
89 77
90 16
91 93
92 34
93 6
95 41
95 49
96 88
97 60
97 79
98 35
98 62
98 96
99 3
99 13
