133
1 15
1 31
2 68
2 76
3 8
4 0
4 96
5 5
5 22
5 81
6 45
7 63
8 3
8 20
8 99
9 26
9 36
9 72
9 91
11 15
11 79
12 3
13 27
14 45
14 61
15 24
15 30
16 91
17 6
17 37
18 23
18 69
21 46
21 86
22 9
22 69
22 92
23 53
23 61
24 16
24 29
24 79
24 81
26 2
27 91
28 13
28 22
30 41
31 59
31 75
32 4
33 52
33 65
36 10
37 7
37 20
37 37
38 74
38 82
39 0
39 25
40 66
41 47
42 34
43 54
44 86
45 4
45 17
45 91
46 24
46 47
46 61
47 31
48 25
48 57
49 1
50 41
50 64
51 29
52 7
52 17
55 86
57 24
58 44
58 52
58 65
58 79
58 88
60 17
62 10
62 73
62 99
65 27
65 76
66 13
68 22
69 9
70 3
70 61
70 92
71 47
72 66
73 59
74 54
74 85
74 95
76 34
79 1
80 60
83 54
84 15
85 3
86 40
87 23
87 35
87 45
88 30
89 17
89 80
90 55
90 68
91 60
91 64
91 86
92 96
93 1
93 48
94 13
94 82
95 4
97 7
97 90
98 20
