128
0 73
0 76
1 34
1 45
1 86
2 41
2 86
3 0
3 97
4 3
5 15
6 62
7 92
8 19
8 21
8 34
12 58
13 29
13 41
13 66
13 78
14 44
14 87
16 13
17 23
18 94
19 36
19 74
19 87
20 81
21 56
22 80
26 73
26 81
27 15
27 66
28 27
28 52
29 40
29 90
31 28
32 47
32 98
33 19
33 34
33 75
36 31
36 46
37 54
38 3
39 38
40 38
40 68
40 77
42 18
42 50
46 9
46 36
46 41
46 97
48 51
48 79
50 62
50 91
52 14
52 34
52 70
52 88
52 96
53 21
53 53
54 76
56 30
57 59
59 39
60 49
60 64
60 96
61 10
61 55
62 3
63 80
66 24
67 38
68 72
70 6
70 47
70 81
71 38
73 97
75 68
76 22
76 41
77 8
78 48
80 37
80 75
80 87
81 91
82 15
83 4
83 83
84 96
85 57
85 73
86 43
86 69
87 18
88 37
88 78
89 6
89 61
90 0
91 13
91 31
92 50
94 43
94 70
95 25
95 89
96 44
96 53
97 22
98 0
98 11
98 18
99 29
99 32
