130
0 6
0 29
0 34
0 73
0 76
1 14
1 89
2 50
3 20
3 28
3 81
4 63
5 1
5 69
6 54
7 88
8 68
11 14
16 28
17 88
19 22
19 24
19 80
20 9
20 13
20 30
21 60
21 69
24 3
24 19
26 51
26 92
27 80
28 14
29 11
30 9
30 32
30 44
30 62
31 68
31 73
33 18
33 49
34 5
34 99
35 95
36 30
36 91
37 14
37 38
37 48
37 62
39 58
40 52
40 75
42 35
43 68
44 43
44 81
44 99
45 21
46 61
50 44
50 72
51 6
51 98
53 38
53 62
53 76
53 77
54 50
54 84
54 90
55 96
56 70
57 13
57 59
59 10
59 21
59 23
59 81
61 35
63 21
63 55
64 13
64 31
64 84
65 3
67 12
68 3
68 55
69 24
69 39
70 3
70 10
71 89
71 98
72 33
74 19
74 90
78 0
78 18
78 31
78 40
79 77
79 99
80 51
81 24
81 41
82 72
83 35
84 96
86 27
86 55
86 63
88 0
88 84
88 92
90 15
92 9
94 1
94 21
94 63
95 88
96 17
96 39
97 27
97 68
98 90
99 13
