133
0 23
0 27
0 43
0 49
2 11
2 59
2 92
3 68
4 0
4 32
5 41
5 71
6 51
6 88
7 67
9 34
9 44
9 81
11 61
13 0
13 84
14 15
14 17
15 43
16 5
16 28
17 56
18 86
19 73
20 21
20 63
23 94
24 31
25 46
26 20
27 9
28 76
29 48
29 71
29 99
30 56
30 86
31 2
31 41
32 80
33 95
34 62
37 18
37 34
37 87
37 89
38 81
39 24
39 26
40 39
41 2
41 53
41 65
42 48
44 68
45 95
46 24
46 42
46 63
47 89
48 42
49 67
50 0
50 95
51 84
53 5
53 61
53 89
54 24
55 2
57 62
57 76
58 84
59 29
60 15
60 35
60 56
60 62
60 67
61 0
61 44
62 95
63 14
64 77
66 23
66 28
67 87
69 0
70 98
71 46
71 64
72 8
72 79
72 90
74 30
74 37
74 63
74 94
75 72
76 84
77 90
78 99
80 23
80 42
80 67
81 36
81 45
81 82
82 17
82 61
83 27
83 49
87 9
87 78
88 22
90 55
90 93
91 80
93 41
93 74
94 4
95 36
95 93
97 26
97 44
98 54
98 72
99 82
