129
0 6
0 13
0 46
0 89
1 3
1 96
2 78
3 83
4 29
5 43
5 49
5 72
7 58
7 68
7 92
8 7
8 12
8 79
8 89
10 20
10 98
11 29
11 78
12 15
12 48
12 72
13 8
13 16
14 54
16 33
17 26
17 58
19 77
19 85
20 66
21 51
23 32
24 21
25 71
27 2
27 51
28 74
29 62
29 85
30 10
30 18
31 68
32 0
32 85
32 91
32 98
33 6
33 29
33 47
34 56
36 82
39 53
39 64
40 10
40 27
40 35
42 44
42 54
43 20
43 99
44 97
45 12
46 36
48 7
48 79
49 44
49 59
53 87
54 26
54 64
55 13
56 31
56 48
56 70
56 74
58 84
61 67
62 99
63 25
63 53
64 80
65 33
65 66
66 59
67 17
68 84
68 95
69 40
70 9
71 23
71 72
72 1
72 28
73 5
73 63
74 33
75 56
77 0
79 13
79 38
79 49
81 18
83 50
84 58
85 12
85 25
85 70
87 93
89 57
89 82
89 83
90 6
90 71
92 11
93 40
93 64
94 35
95 77
96 96
97 17
97 69
98 85
99 4
99 45
