115
0 97
1 6
1 16
1 69
2 37
2 57
3 0
3 14
3 50
3 78
4 21
4 91
5 61
5 97
7 6
7 87
8 17
8 32
8 66
8 90
8 95
9 20
10 14
10 48
11 6
11 8
11 33
11 42
11 84
12 28
12 79
12 98
13 58
14 20
14 40
14 91
15 1
15 75
15 79
16 2
16 12
16 15
16 16
16 17
16 46
16 57
16 95
18 42
19 1
19 89
22 49
23 21
23 68
23 79
24 31
25 4
25 24
25 56
29 1
29 9
30 37
30 56
32 24
33 89
34 5
35 12
35 18
35 27
35 49
36 98
37 34
39 68
39 78
41 4
42 9
42 45
42 74
44 19
45 69
45 82
46 41
47 6
47 50
47 97
48 16
52 22
52 54
52 78
54 15
55 46
58 8
60 14
60 92
66 12
68 86
69 4
70 95
72 24
73 17
76 5
78 36
80 14
81 17
84 4
84 26
87 15
87 18
92 5
93 17
93 44
94 10
94 26
95 21
96 12
97 6
