129
0 55
0 63
1 36
1 48
1 73
3 18
4 42
4 62
4 81
5 37
5 65
9 38
10 54
11 13
11 32
11 87
11 99
14 38
14 74
15 25
15 91
15 94
17 70
18 3
18 20
18 33
18 49
21 97
22 65
22 86
23 44
23 53
23 94
24 13
25 0
25 86
26 7
26 46
26 49
27 8
27 30
28 72
30 61
31 66
32 18
32 45
33 12
33 69
35 6
35 37
37 23
37 48
37 79
39 14
40 67
40 88
41 92
43 32
43 58
43 75
44 6
45 26
46 86
46 94
48 55
50 49
51 73
51 83
55 34
55 55
56 9
56 38
56 83
57 24
58 20
60 61
61 53
61 86
62 72
63 17
64 1
65 25
65 58
65 67
66 83
68 31
69 3
70 88
71 98
72 35
72 50
73 47
73 89
74 3
75 99
77 71
77 80
78 27
79 51
80 86
80 93
82 17
83 0
83 28
84 79
85 47
85 69
85 88
86 55
87 36
87 41
88 74
88 92
89 25
89 84
91 81
92 16
92 33
92 50
93 8
94 22
94 25
94 99
96 35
98 59
98 62
98 71
99 11
99 16
