122
0 18
0 28
0 34
0 61
0 68
1 3
2 42
2 77
3 53
4 11
4 85
5 61
6 42
6 95
8 66
10 36
11 43
12 10
12 63
13 73
14 80
16 4
17 82
18 32
18 46
18 65
18 89
21 0
21 7
21 15
21 51
22 38
24 33
24 45
27 33
27 57
27 83
28 10
29 49
29 78
29 93
30 52
32 28
33 20
33 73
35 93
36 7
37 77
37 92
38 38
38 59
39 98
40 4
40 44
43 25
44 41
44 62
44 67
44 89
45 15
45 57
46 6
46 83
48 79
50 21
50 32
50 94
51 91
53 83
54 64
55 67
56 37
56 54
57 79
58 0
58 53
58 73
60 46
61 9
61 79
62 31
62 98
63 92
64 8
66 38
66 66
68 3
68 85
69 15
69 25
69 49
70 99
72 39
74 33
76 3
76 19
77 13
78 70
78 91
79 37
80 34
80 57
83 74
83 96
84 4
84 9
85 44
85 52
85 84
86 70
88 0
89 98
90 3
90 57
90 98
92 16
93 63
94 52
95 78
97 70
98 97
99 28
