138
1 52
2 91
3 11
3 61
3 82
3 84
4 33
5 20
5 75
6 3
7 12
7 68
9 25
9 34
11 64
11 80
12 3
12 52
13 18
13 44
14 69
16 1
16 30
16 92
17 62
18 44
19 1
19 18
20 4
21 45
22 96
22 98
23 21
23 82
24 10
24 54
25 66
26 31
26 40
26 47
26 73
28 0
28 25
29 11
30 41
30 61
30 76
30 98
32 17
33 37
33 67
33 85
33 91
34 6
35 22
38 31
38 86
38 94
39 64
40 97
41 42
45 8
45 58
46 2
46 66
46 75
47 15
47 87
49 39
50 13
51 0
51 49
51 84
54 7
54 63
55 40
55 53
56 10
56 47
56 89
56 98
59 21
59 36
60 8
61 83
63 13
63 48
63 79
64 26
65 16
65 68
66 39
67 47
69 84
71 6
73 13
73 23
73 73
74 40
74 94
75 30
75 34
76 84
78 5
79 78
80 43
81 18
81 47
82 74
83 7
83 23
84 14
84 59
84 85
85 21
86 3
86 26
87 39
87 74
90 47
90 78
91 30
93 16
93 21
93 66
95 5
95 11
95 80
95 86
96 71
98 17
98 32
98 63
98 96
99 32
99 49
99 75
99 85
