134
0 15
0 73
1 24
1 61
1 85
1 94
2 3
2 31
2 81
3 13
4 51
5 41
5 54
5 77
6 0
6 7
7 93
8 78
9 38
9 45
9 73
10 11
11 26
12 33
12 84
13 61
13 68
14 90
15 6
16 43
17 49
17 93
18 14
18 22
18 55
23 17
24 35
25 5
25 57
26 12
26 27
26 48
26 92
28 89
29 43
29 55
30 15
30 22
30 37
30 93
31 84
32 27
35 63
35 87
36 6
36 38
36 71
38 19
39 0
39 50
40 3
40 87
42 39
43 81
44 27
44 97
45 63
47 0
47 18
47 74
48 53
48 94
49 36
50 75
52 12
52 21
52 28
53 64
53 86
53 98
57 8
57 68
59 69
59 87
61 5
61 49
61 77
62 21
62 32
62 83
64 3
64 69
65 9
66 50
66 97
68 33
68 73
69 25
69 42
70 15
71 21
73 96
74 42
75 71
76 17
76 78
78 98
80 60
81 42
81 51
82 12
84 5
84 95
85 73
86 64
87 67
88 10
88 91
89 54
89 60
89 82
92 22
92 35
94 77
94 80
95 59
96 26
96 31
96 62
97 47
98 0
98 74
99 37
99 67
