133
0 25
1 4
1 7
1 66
1 96
2 14
5 82
6 23
7 53
7 62
7 68
9 90
10 18
11 25
12 39
12 55
12 82
13 11
13 31
16 85
16 87
17 2
17 59
18 13
20 5
20 21
20 53
20 61
20 94
22 41
22 66
22 74
22 81
24 27
25 32
27 96
28 23
28 39
29 12
29 27
29 98
31 48
32 4
33 19
33 80
34 24
35 33
36 49
37 55
37 93
38 37
38 81
39 41
40 67
41 7
41 28
42 96
42 97
43 50
44 75
45 37
46 81
47 5
47 24
47 61
48 16
48 42
48 49
49 27
49 71
52 3
52 51
52 80
52 88
53 11
53 29
53 35
53 97
55 87
57 52
57 74
58 0
58 59
58 99
61 48
61 83
62 29
63 2
63 17
63 38
64 88
66 13
67 62
67 76
67 80
67 84
67 98
68 41
69 52
69 69
71 21
72 98
73 94
74 82
75 28
76 69
77 38
77 52
78 47
80 28
80 78
80 96
82 5
82 56
83 22
83 40
83 61
83 94
86 56
86 60
86 80
86 99
87 8
88 48
90 87
91 40
93 10
94 0
94 47
94 93
95 73
97 52
99 78
