125
0 56
0 65
1 8
1 22
1 42
2 32
2 65
2 96
3 0
3 91
5 79
6 45
8 88
9 40
9 58
10 4
10 28
11 11
11 92
13 18
14 48
14 72
14 82
16 60
16 75
17 54
17 61
19 47
20 81
20 86
21 71
22 33
22 97
26 9
26 30
27 95
28 68
29 1
29 87
29 99
30 88
32 40
32 57
34 25
36 3
36 53
38 66
39 42
39 61
40 76
41 10
41 95
42 82
42 89
43 65
44 3
44 44
46 40
46 73
46 92
50 69
51 9
51 53
53 3
54 0
55 97
56 28
58 10
58 79
58 84
59 15
60 67
60 73
62 58
62 93
62 97
63 35
65 26
65 87
66 4
66 65
68 22
69 21
69 33
69 94
71 50
72 81
73 61
74 7
74 57
75 40
75 68
76 76
77 3
78 60
79 3
79 37
80 48
81 85
82 79
83 26
84 42
86 28
86 93
87 0
87 19
87 56
88 12
88 68
90 62
92 74
93 71
94 12
94 91
94 94
95 21
95 38
95 43
95 57
95 84
96 30
98 94
99 5
99 29
99 77
