131
0 20
1 44
2 50
3 10
3 94
4 59
5 29
7 11
8 70
8 88
9 63
10 48
10 88
12 79
13 32
15 11
15 52
16 38
17 93
21 63
23 52
24 1
24 6
24 23
24 65
25 46
25 74
27 11
27 39
28 16
29 80
30 93
31 3
31 21
34 13
34 69
35 79
36 1
36 13
36 42
37 87
38 22
38 57
38 99
39 40
39 63
41 76
42 3
42 54
42 75
44 67
45 1
45 23
46 10
46 61
47 36
47 79
49 46
49 95
50 10
50 17
50 64
50 83
50 87
50 98
53 4
53 44
54 1
54 33
56 73
57 50
57 59
59 1
59 9
59 80
60 23
64 33
64 42
64 69
65 91
66 21
66 50
66 76
71 20
71 31
71 58
71 67
72 82
73 95
74 7
74 50
76 3
76 28
77 60
77 76
77 94
78 66
80 8
80 47
80 55
80 99
81 11
82 20
82 41
82 72
83 41
83 61
85 97
86 15
86 37
86 91
87 87
88 48
88 68
89 57
92 53
92 71
93 18
94 25
94 28
95 9
95 43
95 47
96 77
96 90
97 61
98 55
98 70
99 4
99 11
99 37
