137
1 52
1 67
2 26
2 33
2 84
3 7
4 1
4 19
4 74
4 93
5 11
5 45
5 61
5 86
6 3
6 96
7 55
10 8
12 34
12 47
13 46
13 71
13 84
14 27
14 75
14 87
14 96
15 59
18 46
19 7
19 50
20 65
21 3
21 18
21 41
24 26
24 67
24 74
25 9
26 76
27 35
28 1
28 65
29 82
30 47
31 23
31 59
32 40
34 54
34 61
34 89
37 70
38 0
38 15
38 29
38 39
38 58
39 8
41 68
44 29
44 33
44 47
44 53
46 15
46 96
48 38
48 91
49 0
49 80
51 39
51 58
52 68
52 85
53 20
55 23
55 90
57 36
57 77
58 2
58 64
60 71
61 93
62 36
63 41
65 6
65 46
65 68
65 96
66 75
67 14
68 34
70 45
71 92
72 21
72 50
72 60
73 30
75 55
76 12
76 74
77 31
77 99
78 93
80 19
80 80
81 47
81 53
82 35
82 71
83 13
85 23
85 87
85 92
86 20
86 87
87 9
87 54
88 67
88 75
88 81
89 96
90 15
90 65
91 4
92 22
92 88
94 49
95 42
95 65
95 92
96 9
96 98
98 69
99 14
99 20
99 47
99 57
