129
0 80
1 6
1 72
2 22
3 29
3 48
3 63
4 13
4 44
4 74
4 99
5 55
6 5
8 23
10 14
11 1
11 95
12 50
14 57
15 21
16 8
16 68
17 28
17 55
17 63
19 76
20 34
20 46
20 99
21 31
24 4
25 37
25 55
25 68
26 31
27 78
28 91
29 50
29 72
30 15
30 25
30 45
31 6
31 35
32 92
33 45
35 11
37 1
37 86
39 47
40 62
40 97
42 40
42 53
43 88
44 63
45 79
47 30
47 44
48 86
49 92
49 99
51 34
51 82
53 61
54 44
54 45
56 27
57 89
58 76
58 92
60 4
60 16
60 51
60 84
61 18
63 7
63 30
63 58
64 0
64 74
64 85
65 55
67 25
68 71
68 93
69 42
70 15
71 35
71 46
71 80
72 8
73 58
74 1
74 86
74 96
75 49
75 69
76 53
77 40
77 76
78 20
80 6
81 52
82 11
82 30
82 94
84 60
84 70
85 3
87 66
88 86
90 17
90 36
90 72
91 92
92 21
93 86
94 40
96 12
96 68
96 88
97 60
98 7
98 32
98 86
99 2
99 18
99 53
