133
1 31
1 73
2 3
2 8
2 22
4 55
5 50
6 60
7 80
7 89
7 92
8 44
10 0
10 27
10 70
11 96
12 81
13 57
14 5
14 17
17 14
17 90
18 65
24 17
24 79
25 38
27 0
27 99
28 3
30 36
30 81
31 26
32 12
32 43
33 28
34 66
34 89
34 99
35 4
35 16
36 50
36 83
37 67
37 99
38 10
38 31
40 37
41 7
41 63
41 76
42 19
42 30
42 58
43 85
44 40
45 93
47 60
48 4
48 40
48 50
49 9
50 14
51 23
52 33
52 77
52 79
52 95
53 30
54 5
54 37
54 51
55 20
55 94
57 0
58 3
59 35
59 52
59 70
60 84
61 90
62 1
63 38
63 48
63 61
63 78
64 26
64 31
64 96
66 73
67 89
68 2
68 40
68 48
68 57
69 29
70 11
70 61
71 23
73 68
73 74
73 91
75 33
75 82
77 51
78 63
80 70
82 13
82 19
83 28
83 35
84 62
84 81
86 33
86 54
87 37
87 73
88 11
88 79
91 2
92 60
92 77
92 88
93 44
95 21
95 28
95 56
96 85
97 10
99 2
99 10
99 16
99 59
99 92
