131
0 13
0 46
0 87
1 64
2 35
2 72
3 25
4 83
5 3
5 99
6 15
6 52
6 58
8 34
8 46
8 92
10 73
12 27
12 45
14 8
15 98
16 13
16 29
19 10
20 23
20 68
21 99
22 46
23 63
23 77
24 16
25 96
26 22
26 47
26 58
26 91
27 11
28 28
28 36
30 67
31 73
32 52
32 87
35 36
35 91
36 66
37 10
38 59
39 32
39 75
40 48
40 95
41 5
42 0
42 52
42 64
42 91
43 72
46 11
46 20
46 44
48 12
48 66
49 18
49 40
49 97
51 26
52 51
53 32
53 74
54 57
55 8
55 16
55 41
55 93
57 1
60 59
61 4
62 54
62 97
63 71
64 10
64 32
64 44
66 76
68 55
69 6
69 42
69 58
70 88
71 85
72 33
73 73
74 2
74 11
74 97
75 48
76 39
76 66
76 79
76 96
80 15
80 91
81 8
81 58
82 46
83 8
84 16
86 97
87 39
88 1
88 90
89 24
90 51
91 76
92 25
94 11
94 34
95 57
96 22
96 29
96 42
96 97
97 4
97 32
98 40
98 52
98 89
99 60
99 74
99 95
