133
0 34
0 58
0 90
0 99
1 19
1 84
2 0
3 0
3 64
6 18
6 99
7 88
8 51
9 4
9 77
10 14
11 87
12 47
12 58
12 96
13 36
14 4
16 21
16 41
16 53
16 84
17 80
19 35
19 91
20 11
20 16
21 24
21 55
21 76
21 99
22 95
23 47
26 34
27 82
28 91
29 24
30 7
30 99
32 56
32 64
32 73
33 41
33 86
33 98
34 25
34 78
35 2
36 36
36 64
37 31
38 9
38 14
39 46
42 40
42 58
44 0
44 73
44 83
45 32
46 39
46 92
47 12
49 21
49 46
49 99
50 67
51 36
51 74
52 55
54 26
54 31
55 44
56 14
56 99
57 93
59 9
59 76
60 95
61 20
62 28
62 47
63 52
65 18
65 62
66 74
67 50
69 1
69 70
69 84
70 28
70 98
72 53
72 92
73 12
74 72
75 33
75 62
75 77
78 22
78 32
79 3
81 13
81 64
81 70
81 94
83 49
83 60
85 67
86 14
87 77
88 8
88 73
88 93
91 3
92 31
93 50
93 57
94 80
94 99
95 37
96 69
97 26
97 51
97 65
98 45
99 4
99 38
99 57
