134
0 4
0 5
0 17
0 61
1 53
1 88
1 98
2 82
3 83
4 44
5 77
7 5
7 65
8 48
9 19
9 57
10 45
10 80
11 34
11 90
12 12
13 4
13 84
14 95
16 26
16 34
16 45
17 53
17 66
17 91
18 20
19 3
19 76
21 82
22 67
23 32
23 46
26 0
26 5
29 4
29 49
29 87
29 90
31 60
32 34
34 9
34 83
36 1
36 6
38 43
38 89
39 37
40 95
41 28
42 15
42 52
43 83
45 7
45 72
46 90
47 47
48 25
48 41
49 68
50 3
50 80
50 93
51 35
51 90
52 29
54 13
54 47
54 98
56 30
58 75
59 18
59 52
59 89
60 58
61 24
62 8
63 47
63 82
63 98
64 58
65 18
65 33
65 64
66 4
66 74
67 41
68 6
69 65
69 85
70 18
73 12
73 27
73 53
74 92
75 83
76 33
79 4
79 13
79 96
80 58
80 64
80 88
81 4
81 40
82 60
82 97
84 88
85 0
87 3
87 38
89 45
89 75
90 49
90 98
91 35
91 59
93 17
93 59
93 76
93 96
95 10
96 1
96 32
96 67
97 54
97 84
98 47
99 6
99 72
