132
0 13
1 69
2 78
2 91
3 71
4 8
5 24
5 86
6 31
9 18
9 70
11 27
11 31
11 81
11 84
11 94
12 48
13 7
13 57
14 75
14 98
15 12
17 42
18 30
19 47
20 1
20 56
20 65
21 9
23 58
24 20
24 33
25 76
26 26
27 13
27 98
28 55
28 82
28 93
31 61
32 54
32 68
33 15
34 32
35 95
36 20
36 25
36 90
37 68
37 80
38 45
41 10
41 85
41 89
41 97
42 29
42 62
44 33
44 70
44 81
45 61
45 89
47 56
48 2
48 67
49 16
52 12
53 26
54 44
54 78
54 88
55 60
56 7
57 37
57 48
57 54
57 73
58 19
59 85
60 74
61 33
62 27
62 91
63 87
64 41
65 13
66 2
66 66
66 97
67 18
67 37
68 7
69 48
69 56
70 28
70 77
70 84
72 69
73 24
75 66
75 97
76 16
77 45
79 0
79 21
79 51
79 91
80 28
81 39
82 78
83 91
84 47
84 98
85 70
85 95
86 77
87 7
87 86
88 16
90 25
90 51
90 68
92 82
93 45
93 90
94 97
95 18
95 25
95 39
98 40
98 75
99 19
