129
0 48
0 59
1 21
3 45
4 6
4 87
6 12
6 28
6 35
6 38
6 58
7 22
7 42
8 80
9 19
9 85
9 98
10 46
10 89
12 11
13 59
14 67
15 84
15 95
18 18
18 97
19 21
19 51
20 4
20 59
21 14
22 28
23 8
25 74
26 40
26 49
26 56
26 99
27 79
29 1
29 5
29 65
31 59
32 41
32 49
34 21
34 60
34 71
35 15
36 3
36 55
36 79
36 94
38 28
38 48
39 4
40 14
41 62
43 23
44 47
44 69
45 52
45 99
46 89
48 78
48 98
49 10
49 17
49 36
49 60
50 91
52 28
52 41
52 50
55 74
56 87
57 35
58 26
58 93
59 47
61 42
62 80
63 10
63 21
64 73
65 29
65 54
66 29
66 62
66 98
67 40
67 72
68 18
68 49
69 82
70 28
72 68
72 85
73 91
73 95
74 0
76 31
77 57
79 3
79 65
80 22
81 6
82 12
82 94
83 41
83 61
84 0
85 67
85 83
86 27
86 53
89 96
90 56
91 89
92 37
94 42
94 47
95 0
95 16
96 10
96 27
99 46
99 62
99 67
