133
0 70
1 0
3 7
4 20
4 32
4 62
5 12
5 87
6 69
6 71
7 27
8 79
9 4
9 48
10 22
10 55
11 2
11 12
11 19
14 67
16 62
17 54
17 82
18 14
19 5
19 49
19 71
20 27
20 35
21 43
21 86
21 98
22 2
23 79
26 72
27 26
27 56
28 4
29 40
29 66
29 83
30 98
31 6
31 87
31 92
33 27
34 36
34 85
35 11
35 49
35 56
37 42
38 69
39 19
39 60
39 80
40 98
41 50
41 86
42 5
42 33
43 63
44 67
45 24
45 42
46 48
46 78
48 4
48 60
48 98
49 31
49 84
50 7
51 18
52 35
52 61
52 75
54 90
55 43
55 54
55 85
56 8
57 97
58 93
59 1
59 61
60 17
60 44
60 73
61 34
63 84
64 8
64 28
65 76
69 74
69 93
70 32
70 87
71 60
72 80
73 9
73 27
73 98
74 38
77 72
78 31
78 45
78 59
78 84
80 67
81 21
81 40
81 80
81 87
82 73
84 58
85 30
86 3
86 95
87 41
87 78
88 55
90 67
91 84
93 49
94 17
94 36
94 75
94 78
95 41
96 92
97 83
99 91
