134
1 28
1 62
1 73
1 96
3 4
3 34
4 49
4 66
4 82
7 25
8 7
8 65
8 78
8 98
9 13
9 58
11 33
11 82
12 28
12 68
12 92
13 3
13 12
15 54
17 48
19 90
20 84
22 44
23 15
24 65
25 5
25 56
26 28
29 29
30 19
31 4
31 41
31 71
31 80
32 60
33 0
33 11
33 89
35 7
35 15
35 74
37 33
37 65
37 81
37 96
38 20
40 14
41 75
41 90
42 48
42 59
43 31
44 25
45 37
45 54
45 72
46 6
46 78
47 37
47 44
49 7
49 25
50 98
52 37
52 72
52 75
53 18
53 47
53 93
54 56
55 12
55 30
56 46
57 84
59 2
60 57
61 15
61 47
62 23
62 82
63 85
64 93
65 65
66 32
66 46
66 59
67 79
68 27
68 52
69 3
70 37
71 68
71 96
72 57
73 10
73 86
74 12
75 33
77 1
78 57
79 44
81 34
81 81
82 91
83 2
83 49
83 64
84 14
85 18
85 57
87 42
87 50
90 61
90 91
91 1
91 20
92 79
92 85
94 33
94 44
95 70
96 13
98 18
99 43
99 66
99 75
99 87
99 93
99 96
