122
0 3
0 37
0 50
2 10
2 45
3 18
3 29
6 7
6 25
7 42
9 85
10 13
11 4
12 19
12 28
12 52
12 93
13 73
13 90
14 1
16 14
17 23
18 88
18 95
20 10
21 56
22 19
23 5
23 26
23 76
24 39
24 85
26 48
27 41
28 10
29 32
29 99
30 1
30 19
30 56
31 66
34 59
35 4
35 69
35 93
36 41
37 7
38 19
38 35
39 76
40 27
40 63
40 68
41 47
44 14
45 99
46 49
48 8
48 32
49 20
49 96
50 13
50 79
50 85
51 55
52 41
53 24
55 20
55 82
56 7
56 49
56 97
57 34
58 15
59 89
60 41
61 33
61 55
61 78
62 96
63 1
63 48
65 90
66 70
67 16
68 78
69 50
69 94
70 54
72 17
72 18
74 79
76 64
76 93
77 59
79 17
79 80
82 30
82 40
82 85
83 12
83 59
83 70
85 3
87 24
88 77
89 13
89 47
89 62
89 83
90 69
91 56
92 6
92 18
93 42
93 64
94 46
95 1
95 82
96 15
96 68
99 76
