90
21 35
23 73
24 9
24 15
24 21
24 26
24 43
24 54
25 2
25 29
25 49
25 62
26 67
28 64
29 69
29 75
29 83
32 0
32 74
32 85
33 58
36 63
36 68
36 74
36 86
38 0
39 5
39 60
39 73
39 79
40 12
41 87
42 20
42 33
43 25
43 69
44 58
44 88
45 77
48 38
48 88
49 56
49 72
52 83
53 38
54 55
55 76
57 15
57 21
57 28
57 34
57 87
58 2
58 9
59 59
59 73
61 64
62 69
62 82
63 3
63 54
65 81
67 57
67 63
68 4
69 7
69 39
71 73
71 79
72 46
72 53
72 61
72 67
73 0
73 13
73 19
73 24
73 29
73 35
77 65
78 39
78 67
80 60
83 35
85 58
85 68
86 40
86 47
86 53
87 63
