129
0 18
0 31
0 55
0 93
1 79
2 35
3 98
7 53
7 95
8 73
9 31
9 38
9 72
10 46
11 22
12 92
13 56
13 67
13 79
14 5
15 36
15 94
18 17
19 77
19 83
21 91
23 0
23 53
23 62
23 72
24 30
24 44
25 7
26 37
26 87
27 68
28 51
29 95
31 7
31 70
32 64
33 42
34 29
34 49
36 0
36 10
36 37
38 24
40 7
41 0
41 70
42 45
42 62
43 28
45 40
45 51
46 17
46 54
48 41
48 66
49 13
50 47
51 33
52 6
52 16
53 23
53 48
54 72
55 2
55 67
56 82
56 90
56 98
57 40
61 34
63 25
63 89
65 68
67 0
67 57
67 83
67 92
68 51
68 67
70 14
70 32
70 75
72 3
72 9
72 87
73 92
74 25
74 59
76 40
77 73
77 94
78 10
78 62
79 32
80 99
82 28
82 43
82 76
83 65
84 87
85 2
85 36
85 95
87 73
87 84
87 89
88 10
88 67
89 73
90 33
90 54
90 75
91 24
92 16
93 39
94 42
94 57
94 92
95 7
95 25
96 48
96 63
98 23
98 35
