126
1 32
2 13
2 36
2 42
4 52
4 65
5 7
5 23
6 39
6 87
8 13
9 22
11 82
12 2
13 91
14 54
14 70
15 28
16 11
16 74
16 95
17 49
18 65
19 90
20 20
22 15
22 99
23 48
26 10
26 31
26 86
28 1
29 51
30 24
30 97
31 16
32 59
32 81
33 92
36 3
36 42
37 45
37 50
37 66
37 89
38 28
40 18
40 51
40 62
42 1
42 83
42 95
43 12
43 70
43 73
44 0
44 27
45 34
45 43
46 5
46 37
47 48
47 94
50 58
50 75
50 91
51 31
51 85
52 6
52 50
52 64
55 37
56 13
57 46
57 72
58 6
58 29
59 0
60 95
60 98
62 62
63 73
64 91
65 14
65 31
65 40
68 9
69 36
69 81
71 2
71 22
72 96
74 12
74 85
76 29
76 65
78 60
78 92
80 53
80 98
81 3
81 34
82 65
82 74
83 16
83 97
85 24
87 30
87 53
89 15
91 25
91 91
92 42
93 35
93 48
94 69
94 77
95 0
95 57
96 39
97 10
98 30
98 53
98 70
98 83
99 22
