205
1 3
1 5
1 13
1 21
1 29
1 43
1 51
1 59
1 67
1 75
1 83
1 91
1 93
3 4
3 12
3 20
3 28
3 36
3 44
3 52
3 60
3 68
3 76
4 86
4 94
10 4
10 12
10 20
10 28
10 36
10 44
10 52
10 60
10 68
11 78
11 86
11 94
15 0
15 8
15 16
15 24
15 32
15 40
15 48
15 56
15 64
16 74
16 82
16 90
18 99
22 0
22 8
22 16
22 24
22 32
22 40
22 48
22 56
22 64
23 74
23 82
23 90
25 93
27 4
27 12
27 20
27 28
27 36
27 44
27 52
27 60
28 70
28 78
28 86
28 94
34 4
34 12
34 20
34 28
34 36
34 44
34 52
34 60
35 70
35 78
35 86
35 94
39 0
39 8
39 16
39 24
39 32
39 40
39 48
39 56
40 66
40 74
40 82
40 90
42 99
46 0
46 8
46 16
46 24
46 32
46 40
46 48
46 56
46 96
47 66
47 74
47 82
47 90
51 12
51 20
51 28
51 36
51 44
51 52
52 2
52 62
52 70
52 78
52 86
52 94
58 4
58 12
58 20
58 28
58 36
58 44
59 54
59 62
59 70
59 78
59 86
59 94
63 0
63 24
63 32
63 40
64 6
64 14
64 50
64 58
64 66
64 74
64 82
64 90
66 99
70 0
70 16
70 24
70 32
70 40
71 50
71 58
71 66
71 74
73 5
73 83
73 91
73 93
75 28
75 36
76 2
76 10
76 18
76 46
76 54
76 62
76 70
78 79
78 87
78 95
82 28
82 36
82 92
83 46
83 54
85 1
85 9
85 17
85 63
85 71
85 79
85 87
87 0
87 32
87 88
88 22
88 42
90 5
90 13
90 51
90 59
90 67
90 75
90 83
93 96
94 0
94 8
94 16
94 24
94 32
