126
2 1
3 46
5 20
5 74
6 6
8 47
8 63
9 38
11 53
11 84
12 19
12 68
13 6
13 84
14 63
16 42
16 53
16 96
17 0
18 38
19 65
19 91
20 28
21 71
22 39
22 48
22 79
24 34
25 2
25 6
25 10
25 16
25 27
26 85
30 57
32 49
33 4
33 16
34 80
35 97
37 80
38 67
39 1
39 24
39 52
41 89
42 26
43 41
43 71
44 6
45 3
46 12
46 88
47 2
47 63
47 94
48 23
48 69
49 29
49 49
49 83
50 4
51 92
52 37
52 44
52 75
55 17
55 28
55 79
55 81
57 5
57 51
59 66
61 35
62 87
63 44
64 39
64 68
64 78
65 99
66 96
67 8
68 32
68 98
69 92
70 25
70 73
71 11
71 47
74 28
74 78
75 34
75 43
76 3
76 47
77 21
77 65
77 98
78 89
80 37
82 14
82 28
82 36
82 96
83 46
83 81
86 5
86 41
86 51
86 60
89 9
89 89
90 30
92 1
92 54
94 51
95 6
95 19
96 12
96 38
97 31
97 43
97 61
97 62
99 81
99 87
