130
0 27
0 62
1 45
2 50
2 93
3 2
3 91
4 7
4 15
4 68
5 24
5 53
6 62
8 95
10 23
10 27
10 84
11 13
11 77
12 15
12 30
13 51
17 71
17 93
18 35
18 64
18 71
19 9
19 41
20 25
20 81
21 51
22 18
22 87
23 95
26 67
27 25
27 50
28 31
28 59
29 2
31 27
31 86
31 90
32 46
32 66
34 10
34 55
35 42
36 30
36 67
36 93
40 22
41 15
41 85
42 37
43 52
43 79
43 91
44 3
44 8
44 74
46 58
46 68
47 89
50 39
50 52
52 83
53 64
53 75
54 59
54 98
55 47
55 89
57 1
58 10
59 15
59 19
59 79
60 57
60 94
62 28
62 95
63 35
63 65
66 46
66 63
66 84
67 22
68 1
68 69
70 7
70 28
70 38
71 74
71 81
72 51
72 69
73 24
75 2
77 63
77 64
77 77
78 57
79 95
80 30
81 52
81 71
81 99
82 42
85 35
85 91
86 26
87 63
88 82
89 23
89 93
90 14
90 70
92 76
94 43
95 64
96 24
96 31
96 51
96 82
98 36
98 59
99 18
99 71
