133
1 24
2 19
2 55
3 44
3 86
5 23
5 70
7 12
7 51
10 92
11 58
11 66
12 32
12 86
12 94
13 49
13 97
14 75
16 25
16 51
17 4
18 11
19 38
19 44
19 60
20 11
20 71
20 90
20 97
21 56
22 1
22 82
23 39
23 49
24 29
24 94
25 12
25 20
26 78
27 69
27 92
29 43
30 60
31 6
31 63
31 65
33 89
35 22
35 37
36 31
36 56
37 8
39 26
39 37
42 33
42 57
42 77
42 88
43 90
44 47
44 60
46 1
47 8
47 27
48 55
48 61
49 15
49 99
51 10
52 3
52 35
52 38
53 47
54 67
55 64
56 7
57 49
58 37
58 77
60 14
61 87
61 99
63 63
63 71
64 42
64 79
65 91
66 3
67 74
68 30
68 54
68 95
69 76
70 49
71 13
72 55
72 82
74 8
75 95
76 0
76 12
76 21
76 33
76 50
77 82
78 74
79 45
79 61
80 94
83 27
83 70
84 12
84 50
84 86
85 1
85 60
85 93
88 31
88 81
88 87
89 43
92 36
92 43
92 50
95 29
95 95
96 26
96 78
98 4
98 59
98 68
99 48
99 72
