130
0 58
1 3
1 33
1 39
1 49
3 85
4 91
4 95
5 41
5 72
6 79
7 11
7 55
8 21
8 45
8 60
9 91
10 82
11 18
11 55
12 52
14 3
14 70
15 14
15 77
16 11
17 9
17 91
19 44
21 6
22 2
23 87
24 32
25 28
25 46
25 70
26 67
28 80
29 14
29 23
29 46
31 40
31 52
31 60
31 86
31 94
32 73
34 11
36 0
39 1
39 9
39 87
40 15
40 32
41 47
42 19
42 54
43 9
44 29
44 51
44 77
46 84
48 77
49 17
50 25
50 37
51 11
52 90
53 48
54 6
54 58
54 65
55 16
56 44
56 78
57 73
58 21
58 87
60 11
61 4
62 17
62 74
63 24
63 81
64 6
65 51
65 55
65 62
65 68
65 95
66 99
69 27
69 35
71 4
72 99
73 30
76 80
77 35
77 54
77 75
78 83
79 11
79 97
80 2
80 25
80 62
82 18
82 75
83 9
83 89
83 95
85 3
85 49
85 50
85 54
89 20
89 26
89 71
90 37
90 45
92 23
92 88
93 72
94 46
96 56
96 81
98 5
98 40
98 96
99 68
