118
1 36
1 77
2 6
2 68
3 86
4 33
5 44
5 93
6 73
7 65
8 16
9 55
10 77
11 23
11 37
12 29
13 93
15 3
15 24
15 41
15 84
18 18
19 50
19 67
20 57
21 42
21 49
22 60
22 78
26 20
26 46
28 4
29 69
30 23
30 58
31 42
32 11
34 56
34 68
35 64
35 79
35 96
37 33
37 40
37 54
37 61
39 30
41 22
42 12
42 95
43 69
43 81
45 8
46 0
47 47
49 44
49 80
50 27
50 71
52 0
52 62
53 17
53 52
53 68
54 14
54 75
54 86
55 24
56 1
56 8
59 66
61 84
61 87
61 95
64 53
64 93
65 6
65 9
65 47
65 72
67 40
68 94
69 54
70 10
70 61
71 0
71 25
71 99
72 39
74 20
74 80
75 84
77 47
78 68
79 62
80 39
82 20
82 27
82 75
82 99
84 46
84 63
86 30
87 0
87 31
87 87
88 16
88 69
90 55
92 2
94 30
94 80
95 7
95 33
96 59
98 20
98 50
99 98
