134
0 10
0 41
0 83
1 20
2 49
3 76
5 1
5 40
6 95
7 23
7 51
9 58
11 14
11 44
12 23
15 9
17 22
17 50
17 61
17 68
18 59
19 82
20 16
21 31
22 89
22 94
23 3
23 46
27 53
27 65
27 72
28 59
29 9
29 86
30 14
30 80
31 11
31 39
31 92
32 18
34 54
34 75
35 47
36 16
36 40
39 8
39 21
39 70
40 46
40 50
40 57
41 37
42 99
43 1
44 9
44 14
44 68
44 89
47 43
48 4
48 73
48 93
49 15
50 47
50 77
51 98
54 15
54 70
55 3
57 79
59 0
59 15
59 52
59 67
59 99
60 28
60 80
60 91
62 11
64 86
66 3
66 41
66 99
67 25
67 35
67 71
69 7
69 88
70 20
72 6
73 47
75 27
75 60
75 78
77 31
77 39
77 86
78 10
78 56
79 2
79 17
79 78
80 91
81 67
82 28
83 48
84 58
84 71
86 39
86 94
87 10
87 23
87 83
88 47
89 2
89 32
90 11
90 54
90 63
91 49
92 66
92 87
95 18
95 32
95 55
95 99
96 43
96 90
97 76
99 14
99 27
99 52
99 64
99 81
