140
0 48
0 91
1 4
1 60
2 40
2 44
3 10
3 30
3 50
3 97
4 61
4 83
5 73
6 83
6 93
7 7
7 49
7 66
10 6
11 37
12 85
13 43
14 77
15 9
17 22
17 40
17 41
17 85
18 50
18 95
19 1
21 14
22 97
23 2
23 80
24 9
24 37
24 61
25 84
26 29
29 18
29 34
29 92
31 0
31 14
32 48
33 87
34 22
34 42
34 80
35 27
36 11
36 45
37 97
38 58
40 4
40 37
40 62
40 87
41 51
41 99
42 93
43 17
43 70
44 11
44 94
45 49
45 56
45 79
46 88
47 37
48 69
48 97
49 5
49 14
49 26
51 13
51 44
51 73
52 51
53 82
54 36
55 29
55 61
55 97
56 3
56 25
56 87
58 77
59 49
60 6
60 70
61 99
62 2
62 39
64 86
64 99
65 52
68 14
69 48
69 72
70 97
71 2
71 30
71 67
71 92
73 75
74 42
76 14
76 33
76 78
77 1
77 15
78 8
78 56
78 67
78 99
80 36
81 42
81 84
81 92
82 49
83 70
85 3
86 11
86 81
87 86
88 18
88 61
88 95
89 42
89 49
91 71
92 58
93 77
95 98
96 52
96 71
97 20
97 88
