132
0 3
0 10
0 94
2 36
2 72
3 77
4 8
5 27
5 52
6 63
8 57
9 0
9 31
9 39
11 82
12 44
13 69
14 56
14 97
15 24
15 66
16 88
17 73
18 30
20 76
21 3
22 26
22 66
22 89
23 36
23 85
23 92
24 9
24 59
26 3
26 41
27 87
29 30
30 72
31 16
31 23
31 97
32 7
32 59
33 36
34 86
34 91
35 51
37 19
38 28
38 66
39 37
39 57
39 78
40 83
41 10
42 59
42 61
43 16
44 83
47 52
47 75
48 26
48 30
48 57
48 96
49 64
50 11
50 14
50 88
52 98
53 21
54 15
54 45
54 64
55 26
57 41
57 55
57 79
60 23
61 58
61 92
61 99
62 3
63 86
66 80
67 55
68 4
68 24
69 74
69 83
69 95
71 9
72 41
73 13
74 1
74 28
75 33
76 79
79 74
79 98
80 36
80 46
81 20
81 60
82 32
85 94
88 4
88 21
88 34
88 40
88 73
89 89
90 59
90 75
90 97
91 45
92 57
92 67
92 82
95 1
95 26
95 31
95 44
96 9
96 96
97 76
97 88
98 55
98 90
99 16
99 24
