98
0 97
3 0
3 50
4 57
7 4
7 10
7 46
7 96
9 44
9 56
9 94
10 37
10 87
13 33
13 60
13 66
13 83
14 11
16 13
17 30
17 70
17 80
20 17
21 74
24 21
24 29
24 79
28 81
31 22
31 28
31 72
32 85
34 87
35 18
35 32
35 61
35 68
37 10
37 34
39 8
39 58
39 92
42 39
46 7
46 43
46 57
46 93
47 50
50 3
50 97
53 50
54 93
56 9
56 91
57 4
57 46
57 54
59 56
60 43
63 10
63 60
63 90
64 39
65 32
67 13
67 30
67 63
68 85
70 17
70 67
72 82
74 21
74 29
74 71
74 79
78 19
78 69
81 28
81 78
82 35
85 18
85 68
85 82
87 10
89 8
89 35
89 58
90 63
90 87
92 39
92 89
93 4
93 54
93 96
96 43
97 0
97 50
99 95
