130
1 11
1 28
1 35
1 69
2 53
3 5
3 39
3 78
3 84
6 58
7 11
7 27
7 80
9 36
12 19
12 99
13 26
13 75
14 14
14 43
15 9
15 92
16 62
16 99
17 55
17 66
18 23
19 32
20 50
22 27
22 39
23 46
23 93
24 0
25 4
26 88
27 58
28 42
29 99
30 49
30 56
30 73
32 10
33 4
33 56
33 67
33 74
35 15
35 24
37 49
37 75
37 99
39 18
39 85
41 52
41 69
43 0
44 93
45 2
45 24
45 60
45 77
46 48
46 54
48 68
48 76
49 70
49 89
50 83
52 27
53 50
53 72
54 34
54 46
57 65
60 5
61 11
61 14
62 79
62 96
64 16
65 42
65 55
66 6
66 63
66 89
68 46
68 73
70 11
70 33
71 2
71 94
73 65
74 24
74 36
74 56
74 80
76 89
77 43
78 12
78 19
78 49
80 2
80 84
81 97
82 22
82 42
83 9
83 63
83 93
85 35
85 53
87 85
88 9
88 16
88 44
89 38
91 87
92 13
92 70
94 7
95 50
97 22
97 44
97 50
98 60
98 90
98 93
99 30
99 68
