103
0 3
0 15
0 27
2 35
2 41
2 47
2 53
2 59
2 65
2 71
2 77
2 83
2 89
2 95
6 2
6 8
6 14
6 20
6 26
6 98
10 29
10 35
10 41
10 47
10 53
10 59
10 65
10 71
10 77
10 83
10 89
12 96
14 2
14 8
14 14
14 20
18 23
18 29
18 35
18 41
18 47
18 53
18 59
18 65
18 71
18 77
18 83
18 89
18 95
22 2
22 8
22 14
22 98
26 17
26 23
26 29
26 35
26 41
26 47
26 53
26 59
26 65
26 71
26 77
26 83
26 89
28 96
30 2
30 8
34 11
34 17
34 23
34 29
34 35
34 41
34 47
34 53
34 59
34 65
34 71
34 77
34 83
34 89
34 97
38 2
38 94
42 5
42 11
42 17
42 23
42 29
42 35
42 41
42 47
42 53
42 59
42 65
42 71
42 77
42 83
42 89
44 96
45 0
