123
1 1
1 90
2 32
2 53
2 59
2 81
4 44
4 55
5 28
5 99
7 38
8 9
9 3
9 16
10 56
10 85
11 62
12 20
12 34
12 95
13 52
14 1
14 25
16 30
16 59
16 98
18 11
18 66
21 52
21 87
22 60
22 71
23 14
23 35
23 77
25 55
28 2
28 32
28 82
30 58
31 49
32 8
32 23
33 14
33 52
34 96
38 35
39 13
39 46
40 68
40 73
42 65
44 10
44 22
45 40
45 53
45 88
46 48
46 59
48 15
50 72
51 46
51 54
51 91
52 28
52 98
55 76
56 43
56 54
57 31
57 58
58 5
59 62
59 96
60 71
61 28
62 38
62 95
63 9
63 87
64 1
66 99
67 0
68 59
70 28
70 38
72 7
72 76
72 89
73 12
75 49
75 59
75 84
75 96
76 27
77 40
78 7
80 33
81 21
81 44
81 89
82 12
82 65
82 71
82 86
84 53
85 42
86 32
86 76
87 92
88 13
88 30
90 0
90 4
90 49
91 17
93 9
93 75
95 60
95 94
97 84
99 19
99 63
