129
0 18
0 92
1 4
1 32
1 49
1 70
1 78
2 9
3 38
4 58
5 98
6 12
6 26
7 2
7 46
9 13
9 68
9 81
10 55
15 50
15 54
15 87
17 64
17 74
18 46
19 33
21 27
21 42
21 70
22 18
22 21
22 85
24 4
24 7
24 77
25 64
25 69
26 91
28 22
28 34
28 52
30 39
32 19
32 59
32 75
32 94
34 29
36 87
37 40
37 68
38 47
38 53
38 54
40 14
40 21
40 74
40 94
41 64
41 80
42 38
43 80
44 27
45 1
45 30
46 45
46 59
47 6
47 10
49 31
49 64
51 88
53 80
54 18
54 84
58 32
58 87
61 0
61 21
61 36
62 10
62 67
62 73
62 91
63 43
64 49
64 57
65 61
65 86
66 79
68 3
68 50
69 39
69 60
69 87
70 9
70 24
71 32
74 53
74 95
76 45
77 16
78 80
78 87
79 2
79 35
80 35
81 28
81 50
81 76
82 14
82 95
84 86
87 52
87 67
89 69
89 76
90 56
91 27
91 33
92 42
94 28
96 28
96 56
97 45
98 38
98 64
99 21
99 50
99 74
