133
0 2
0 21
0 44
1 35
2 60
2 92
3 85
3 96
4 47
5 5
6 19
7 88
7 99
8 40
8 44
8 52
10 16
10 94
11 8
12 22
13 48
13 82
14 61
14 69
15 30
17 0
17 55
18 3
19 13
21 45
21 75
23 17
23 97
24 38
24 79
25 44
25 64
26 4
26 86
27 51
27 92
28 56
28 77
29 0
29 29
32 99
35 21
36 46
37 33
38 37
38 65
39 56
39 73
40 23
40 26
40 70
41 47
41 91
42 82
44 15
46 71
46 99
47 23
47 86
49 3
51 49
51 70
51 76
53 2
53 63
53 96
54 31
54 38
55 87
56 17
56 52
57 33
58 74
58 90
59 65
59 74
59 94
61 8
61 72
62 39
62 47
64 20
64 87
65 26
65 80
67 0
68 14
68 32
69 13
71 19
71 47
74 63
76 30
76 90
76 98
77 78
78 44
79 10
79 66
80 6
80 99
81 93
82 28
83 15
83 79
84 56
84 61
84 89
85 18
87 1
87 41
87 51
88 63
89 32
90 11
90 79
90 97
91 58
91 87
93 0
93 5
95 55
95 66
95 86
96 48
96 99
97 26
97 75
