132
0 8
0 67
1 4
1 24
1 57
3 29
5 0
5 19
5 83
6 43
6 75
7 26
7 97
8 20
9 17
9 70
9 90
10 5
10 14
10 82
11 12
12 56
13 48
13 99
14 85
16 36
16 76
17 58
18 96
19 1
20 13
20 27
21 20
21 84
22 8
24 42
25 47
25 69
25 86
26 17
27 41
27 78
29 4
29 13
30 83
31 96
32 21
32 32
32 57
32 75
33 24
33 37
33 43
33 85
35 8
36 29
36 63
36 67
41 37
42 13
42 77
43 1
43 4
44 59
44 84
45 32
46 40
47 47
48 9
48 91
49 36
49 70
49 77
49 99
50 21
51 13
54 22
54 27
56 47
57 6
57 12
57 66
57 90
61 73
61 90
62 0
62 10
64 38
64 55
67 88
68 65
69 34
70 1
70 97
71 60
73 6
73 71
73 91
74 24
74 27
74 85
76 60
77 8
77 36
80 4
81 25
81 74
82 84
83 46
84 75
84 98
85 27
85 57
86 4
86 51
86 65
86 91
87 33
87 99
88 19
91 7
91 32
91 43
91 61
91 83
92 95
93 80
94 0
96 45
98 67
99 19
99 62
