127
0 68
0 87
1 9
1 38
2 24
2 70
3 19
5 62
5 71
5 75
7 85
8 14
8 47
10 56
12 0
12 4
12 50
13 44
14 73
14 87
15 24
16 16
17 95
19 66
20 13
20 34
20 78
21 62
22 47
23 41
23 88
24 55
26 16
26 19
27 47
27 67
28 30
30 5
30 97
31 59
32 15
33 36
33 42
34 1
35 89
36 68
36 77
37 44
38 13
38 24
38 83
39 31
40 35
40 94
41 71
42 0
42 21
43 58
43 81
44 14
44 38
44 66
44 89
46 47
47 20
47 96
49 75
50 33
50 40
55 97
56 18
56 46
58 6
59 27
59 40
59 53
59 60
59 82
61 10
61 34
62 92
63 65
64 27
65 41
66 55
67 35
69 3
69 7
70 93
71 50
72 61
73 72
73 95
74 25
74 55
76 88
78 1
79 93
80 30
80 96
81 69
81 75
83 47
84 11
85 32
85 63
85 84
86 18
86 92
87 41
87 53
88 5
88 70
88 77
89 27
90 58
91 13
91 23
91 62
93 45
93 99
94 89
95 29
96 86
98 2
99 46
99 64
