101
0 62
0 72
0 82
2 0
2 5
2 10
2 15
2 20
2 25
2 30
2 35
2 40
2 45
2 50
2 55
2 90
2 95
7 60
7 65
7 70
7 75
7 80
7 85
10 2
10 12
10 22
10 32
10 42
10 52
12 90
12 95
17 0
17 5
17 10
17 15
17 20
17 25
17 30
17 35
17 40
17 45
17 50
17 55
17 60
17 65
17 70
17 75
17 80
17 85
22 90
22 95
27 0
27 5
27 10
27 15
27 20
27 25
27 30
27 35
27 40
27 45
27 50
27 55
27 60
27 65
27 70
27 75
27 80
27 85
30 92
49 2
49 12
49 22
49 32
49 42
68 87
70 2
70 12
70 22
70 32
70 42
70 52
70 62
70 77
70 92
72 72
73 48
77 1
77 30
78 9
78 14
80 23
80 37
80 42
90 17
90 48
92 2
92 9
92 17
92 33
95 42
