134
0 14
0 39
0 46
1 21
1 29
1 84
2 60
3 44
3 51
4 19
5 79
6 65
6 70
7 7
7 48
9 58
12 22
13 52
15 23
15 36
16 48
16 85
18 31
18 95
19 77
20 43
20 47
21 20
21 62
22 8
22 60
22 90
23 35
23 51
26 86
27 24
28 2
28 59
29 8
29 82
29 93
31 30
32 38
32 87
33 60
33 65
36 4
36 21
36 96
36 97
37 40
37 72
39 19
42 14
42 46
42 66
43 29
43 85
44 54
45 36
45 99
47 21
47 79
49 18
49 33
49 46
51 58
52 45
52 75
53 69
54 37
55 11
56 34
56 64
56 99
57 43
57 57
59 89
60 14
60 76
60 93
61 8
61 32
61 83
62 38
62 68
62 88
63 21
66 39
66 45
66 63
67 4
67 82
68 55
68 92
71 2
71 97
73 51
74 14
74 90
76 40
77 10
78 17
79 3
80 59
80 93
81 21
81 53
82 41
83 30
84 88
84 98
85 79
86 24
87 44
89 4
89 36
91 13
91 54
91 94
92 79
92 84
94 30
95 78
96 98
97 49
97 62
98 46
98 54
98 70
99 9
99 25
99 78
99 93
