102
0 2
0 18
0 28
0 43
3 7
4 38
4 60
6 28
7 11
8 0
8 17
11 24
11 42
12 28
14 12
15 19
15 48
15 52
16 28
17 4
17 76
17 89
18 36
20 19
20 30
20 88
21 25
23 40
25 4
25 48
27 30
27 36
28 44
31 12
31 50
32 23
32 40
32 58
32 98
34 28
34 73
35 11
35 45
36 63
36 80
37 38
38 92
39 25
39 46
40 8
40 14
40 74
42 2
42 72
42 81
44 28
44 52
45 0
46 7
46 38
47 24
48 60
51 15
51 86
53 47
54 76
55 83
57 44
60 74
61 9
61 54
62 44
63 45
64 5
66 76
68 42
69 50
69 75
70 58
72 28
72 66
74 20
80 80
84 25
84 52
84 79
86 10
86 72
87 25
89 11
89 14
89 57
89 64
90 40
91 12
92 6
93 72
96 3
96 24
97 31
97 99
98 16
