126
2 56
2 60
3 98
5 7
6 93
7 41
8 58
9 4
9 51
10 76
10 80
12 12
12 17
16 15
17 23
18 23
19 40
20 58
20 84
23 9
23 51
24 4
24 91
26 46
27 29
27 61
27 99
28 70
28 85
29 21
30 3
30 50
31 75
32 17
33 9
33 98
34 54
34 65
36 27
36 72
37 54
37 59
37 62
38 3
40 98
41 20
41 55
42 51
42 67
42 79
44 43
45 7
45 90
48 5
48 98
49 70
50 53
51 45
51 91
53 23
53 37
53 80
54 31
55 4
55 68
55 98
56 7
56 56
56 88
57 12
59 36
59 43
61 18
61 60
62 53
63 63
63 98
64 66
64 71
65 7
65 75
67 70
68 16
68 55
69 24
69 36
70 51
70 89
71 79
74 20
74 66
76 8
76 27
76 54
78 48
78 69
79 3
79 38
79 88
79 95
80 63
81 82
82 51
83 90
84 5
84 12
85 60
87 23
87 70
88 17
88 38
89 98
91 10
91 59
92 44
92 73
93 28
95 6
95 49
95 91
96 25
96 81
96 95
97 33
98 90
99 74
