125
0 56
1 87
1 92
3 44
3 62
3 75
4 28
4 33
7 13
7 84
9 51
11 25
11 45
11 63
11 79
12 85
13 5
13 71
15 0
15 34
15 52
17 23
17 89
19 8
19 32
22 55
22 86
23 94
24 30
24 86
25 40
25 51
26 5
26 99
28 18
28 58
30 9
30 33
30 83
32 7
32 58
32 95
33 45
35 18
36 11
37 81
38 67
38 86
40 23
43 83
44 3
44 94
45 92
46 43
46 70
49 3
49 10
49 22
49 77
50 67
53 33
53 51
55 65
55 71
55 81
56 27
57 54
57 98
58 9
61 1
61 37
65 8
65 86
65 92
66 46
67 26
67 39
67 98
68 14
68 25
68 56
69 33
69 83
70 12
71 6
71 70
74 19
74 63
76 45
77 79
77 87
79 25
79 38
80 59
81 9
81 47
81 66
81 91
82 4
83 15
83 43
84 99
85 60
86 22
86 50
87 74
89 6
90 24
90 37
91 19
91 41
91 65
92 1
92 30
93 85
93 94
95 49
95 82
97 69
97 74
97 91
98 0
98 62
98 99
99 30
