124
0 26
0 96
1 79
3 0
4 18
5 7
6 46
9 54
9 59
9 62
10 23
10 80
12 23
12 32
13 16
14 94
16 81
17 39
17 44
18 9
18 72
19 67
21 54
21 94
22 19
22 26
23 12
24 0
24 8
25 50
27 99
28 21
28 36
30 55
32 3
33 96
34 20
34 75
35 64
36 25
37 56
37 95
39 6
39 38
41 38
41 50
42 1
42 75
42 81
42 98
43 12
43 34
43 55
45 94
46 69
47 84
48 2
49 10
49 99
51 50
52 9
52 29
52 57
53 3
54 86
56 36
57 54
58 20
59 28
59 88
60 25
60 48
61 57
61 80
61 87
63 93
64 0
64 42
64 60
65 7
66 36
67 47
68 16
68 28
68 80
69 12
71 65
72 53
72 59
73 28
74 11
74 72
77 34
78 4
80 4
80 49
80 56
83 23
83 30
83 97
86 47
86 64
87 11
87 43
87 57
89 38
90 23
91 94
95 80
95 86
96 28
96 76
96 91
97 1
97 80
98 12
98 36
98 69
98 91
99 5
99 22
99 60
99 71
99 96
