124
0 32
0 50
0 89
1 67
1 97
3 16
4 8
6 95
7 26
7 49
7 84
9 18
9 75
9 92
10 67
11 4
12 48
13 40
15 12
15 24
16 90
17 31
18 6
18 77
19 72
20 62
22 56
23 98
26 30
28 36
28 50
28 58
29 63
30 16
30 23
32 41
35 5
35 37
35 82
35 84
36 15
36 21
38 31
38 72
40 28
41 92
42 67
42 81
44 72
45 11
45 88
45 97
46 29
46 37
46 44
47 63
47 83
48 13
48 52
51 2
51 21
51 63
53 81
53 97
54 13
54 92
55 47
56 53
57 33
58 56
59 17
62 36
62 60
62 84
63 5
63 12
63 51
64 18
64 46
64 94
66 31
68 54
68 57
70 9
70 57
71 87
74 28
74 45
75 18
75 72
76 63
79 38
79 61
80 2
80 12
80 25
80 32
80 54
80 60
80 78
82 7
82 66
83 21
85 4
85 63
87 3
87 81
87 88
88 58
89 53
90 18
90 93
91 6
91 66
92 77
93 83
94 23
95 50
96 74
96 91
96 98
97 78
98 54
98 85
