132
0 29
1 38
1 72
1 79
1 95
2 5
2 55
3 72
4 11
4 47
4 95
6 62
8 51
8 78
9 23
11 0
11 17
12 27
12 86
14 82
16 36
17 57
17 63
19 6
19 30
19 79
22 20
23 16
23 91
24 66
25 36
26 52
26 98
27 85
28 77
29 9
30 22
31 82
32 40
33 76
34 3
34 19
34 31
34 50
34 61
35 91
37 97
38 28
38 54
39 6
39 15
39 35
40 46
40 77
43 11
43 77
45 9
45 21
46 49
47 47
47 72
48 55
50 13
50 32
51 98
52 76
54 81
55 40
56 42
56 54
56 97
57 72
59 36
59 59
61 87
62 22
62 77
63 31
64 51
64 74
64 94
65 38
65 59
65 98
67 1
67 80
68 63
69 27
70 2
70 54
70 93
71 48
71 77
72 19
75 63
76 6
76 21
76 69
77 2
77 10
78 15
79 17
79 33
79 34
80 87
81 51
82 44
82 90
83 25
84 56
84 80
86 30
87 36
87 47
87 78
88 16
88 73
88 85
89 61
92 81
93 69
94 99
95 42
95 45
95 96
96 25
98 5
99 19
99 69
99 77
99 85
99 87
