125
0 39
1 13
2 89
2 99
4 1
4 2
6 23
6 36
6 43
6 63
6 81
8 55
9 76
10 9
10 69
12 50
12 60
12 71
13 20
13 33
13 85
13 98
15 40
16 27
17 8
17 17
17 65
17 92
19 81
19 97
20 33
20 69
21 5
23 44
23 87
24 93
28 33
28 52
29 9
29 22
29 80
29 99
30 45
33 6
35 88
36 22
36 86
37 45
38 99
40 27
40 92
41 5
41 85
42 16
42 58
43 64
45 31
48 6
48 12
48 35
48 80
51 15
51 28
51 55
51 87
51 96
52 81
54 50
54 99
56 70
58 23
60 26
61 57
61 69
62 66
65 37
65 51
66 32
66 99
67 20
67 76
68 99
69 93
73 3
74 31
74 38
75 76
76 8
76 13
77 79
77 92
78 86
78 93
79 52
80 18
80 36
81 3
81 23
81 55
82 10
82 30
85 62
85 73
85 86
87 11
87 55
88 47
88 65
88 95
89 1
89 21
89 38
90 71
93 14
93 36
93 75
93 93
94 88
95 28
95 46
96 7
96 61
96 70
98 18
99 9
