127
0 41
0 42
0 72
0 93
1 83
3 77
3 91
8 27
8 43
8 86
10 51
10 60
11 36
13 15
13 68
14 75
15 10
15 21
15 54
16 28
17 31
17 45
17 76
17 84
18 59
18 98
20 47
22 19
22 90
23 8
23 72
24 41
27 4
27 86
28 18
28 37
28 55
28 71
30 28
31 81
32 4
33 61
36 50
36 94
39 29
40 21
40 65
40 80
41 15
41 89
42 32
44 20
44 56
44 75
46 67
48 33
48 94
49 40
50 52
51 29
51 60
51 93
52 22
54 16
54 77
55 7
56 82
57 43
57 61
57 72
58 12
58 37
59 99
60 28
60 85
61 8
65 88
65 97
66 1
66 15
66 51
66 70
66 79
67 42
67 64
68 91
69 86
70 57
70 94
71 19
71 47
73 75
74 68
74 89
75 12
75 54
77 21
77 28
78 18
78 45
78 77
78 99
80 36
81 65
82 88
84 0
84 14
84 49
85 84
85 95
86 57
87 28
87 64
87 73
88 6
89 50
90 24
91 5
92 43
92 95
94 71
94 76
95 17
97 4
98 91
99 50
99 61
