134
0 24
0 51
0 71
1 5
2 49
2 79
3 19
3 39
3 63
3 75
4 30
4 39
5 12
6 0
7 69
7 89
8 36
9 49
9 65
11 57
12 14
13 42
15 40
16 49
17 36
17 87
20 93
22 74
24 17
24 36
26 3
26 79
26 91
26 96
26 97
27 21
31 71
32 21
32 50
33 7
33 52
33 62
36 9
36 22
37 2
37 55
37 67
39 18
39 47
40 36
41 29
41 66
41 88
42 82
43 20
43 43
45 2
45 55
46 13
46 62
46 65
47 99
50 46
51 41
51 52
51 57
52 28
52 72
53 84
54 6
54 11
55 24
55 29
56 34
57 91
58 52
59 3
59 9
59 39
60 20
60 61
60 63
61 78
62 74
62 83
63 87
64 0
65 27
65 49
65 61
65 96
66 43
66 70
67 33
68 9
68 88
70 67
71 10
71 27
71 38
71 52
71 76
76 82
77 5
77 52
78 30
78 45
79 75
79 88
81 32
81 58
82 77
84 26
84 49
84 71
85 44
87 85
88 3
89 6
89 51
90 77
91 9
91 68
91 99
92 97
94 35
94 47
95 34
96 72
96 81
97 53
98 1
98 10
99 60
