127
0 55
2 36
3 49
3 65
4 9
5 41
6 0
6 85
8 53
9 11
10 98
11 68
14 5
14 44
14 64
14 90
15 59
15 76
16 11
16 38
17 83
18 71
18 98
19 48
20 29
20 93
21 13
22 99
23 24
23 33
26 10
26 50
26 68
26 72
27 21
28 4
28 13
28 91
29 36
30 45
30 99
31 96
34 8
34 66
34 73
35 15
36 86
36 93
37 34
39 53
40 60
41 95
42 68
43 24
44 1
44 88
46 7
46 99
47 15
47 32
48 70
49 4
49 96
51 24
51 86
53 36
54 43
54 78
56 64
58 15
59 11
59 37
59 71
59 79
59 86
60 33
61 48
62 20
63 62
65 44
65 53
66 40
66 96
67 0
67 70
68 82
69 48
69 58
70 0
70 21
70 44
71 95
72 30
73 7
74 40
75 55
75 89
76 2
76 25
77 73
78 44
79 78
80 2
80 60
81 10
81 48
86 51
86 80
86 90
87 29
87 57
89 0
91 9
91 14
92 37
94 3
94 20
94 26
94 63
95 67
96 54
96 71
96 94
97 47
99 19
99 36
99 73
