130
0 3
0 23
0 33
0 48
1 54
2 10
3 5
3 16
5 56
5 92
7 60
7 72
8 14
8 44
9 52
10 36
10 48
10 68
13 21
14 29
14 40
14 75
15 9
15 52
16 84
16 92
17 15
17 87
18 76
20 37
21 69
22 4
22 20
24 93
26 9
26 67
27 24
29 63
29 87
30 84
32 96
33 6
34 1
34 28
35 93
36 87
36 99
37 28
38 21
38 35
39 66
40 4
41 82
42 36
42 72
43 9
43 48
47 80
47 89
50 21
50 31
51 93
51 94
52 3
52 14
53 38
54 7
57 70
59 10
59 53
59 79
60 64
61 45
63 73
64 39
65 3
66 20
66 25
66 53
67 14
67 66
69 92
70 3
70 40
71 78
72 83
73 98
74 74
75 0
75 47
76 15
76 25
76 27
76 60
76 65
76 91
78 91
79 98
80 50
80 98
81 32
81 80
81 84
82 76
84 23
84 67
85 32
86 17
86 56
86 58
86 79
89 19
89 26
89 42
89 64
89 90
90 6
91 9
92 54
93 77
93 87
93 97
94 18
94 23
96 29
97 53
98 5
98 73
99 42
99 98
