103
0 2
0 37
2 12
2 47
3 21
3 56
4 4
4 39
8 20
8 55
11 25
11 60
15 2
15 37
15 96
17 12
17 47
18 21
18 56
23 4
23 20
23 39
23 55
26 25
26 60
32 12
32 47
33 21
33 56
33 72
34 2
34 37
34 76
35 94
36 78
37 87
38 4
38 20
38 39
38 55
39 97
41 25
41 60
42 72
47 12
47 47
48 21
48 56
49 2
49 37
49 76
50 94
51 78
52 87
53 4
53 20
53 39
53 55
54 97
56 25
56 60
57 72
62 12
62 47
63 21
63 56
64 2
64 37
64 76
65 94
66 78
67 87
68 4
68 20
68 39
68 55
69 97
71 25
71 60
73 74
77 12
77 47
78 21
78 56
79 2
79 37
79 76
80 94
81 27
81 78
82 87
83 4
83 20
83 39
83 55
84 65
84 97
88 74
94 76
95 94
96 78
97 87
99 97
