128
3 58
3 71
3 77
3 87
7 19
8 53
8 95
9 72
9 85
10 7
11 17
12 12
12 64
12 77
13 0
13 32
14 86
15 93
16 19
17 25
18 9
18 60
18 69
19 37
19 43
19 96
23 64
24 93
26 45
27 30
28 1
28 11
29 25
29 70
32 49
32 75
33 29
33 55
34 12
34 17
34 83
35 67
36 1
39 44
39 48
39 73
39 81
41 2
42 89
43 61
43 62
44 10
44 17
44 27
44 53
45 3
45 25
45 35
45 47
47 29
49 42
49 56
52 46
52 92
53 9
53 21
53 89
54 12
55 68
57 2
58 50
58 76
59 96
63 1
63 22
63 37
63 82
64 16
64 49
66 56
67 33
68 0
68 6
68 88
69 97
71 12
72 48
72 81
73 36
75 2
75 66
76 32
79 41
79 91
79 97
80 37
80 70
81 55
81 77
82 22
83 6
83 59
85 81
86 12
86 31
87 65
87 89
88 25
88 97
89 61
90 57
90 88
91 11
92 7
93 53
93 66
94 28
94 76
94 83
94 95
96 46
97 1
98 99
99 36
99 44
99 64
99 79
99 88
