126
0 31
1 68
1 92
2 78
2 88
3 54
4 56
5 30
5 38
5 96
7 17
7 61
7 75
11 35
11 99
12 41
12 53
13 9
14 4
14 64
14 81
16 86
17 74
19 53
21 25
22 5
22 42
22 46
22 87
22 93
23 30
23 61
23 84
28 50
29 89
29 93
31 13
31 82
32 23
32 31
34 61
35 72
36 46
37 40
39 58
40 68
41 98
43 86
44 52
44 99
45 27
47 64
48 27
50 11
50 81
51 40
51 99
52 66
52 85
53 7
53 60
53 75
54 17
54 99
56 36
56 86
57 79
58 57
59 28
60 62
61 5
62 21
62 64
63 2
64 38
65 87
66 80
67 18
67 37
67 69
68 55
68 60
69 86
70 4
70 8
72 51
73 59
74 1
74 22
74 88
75 78
77 13
77 83
78 89
79 1
79 45
79 64
80 24
81 18
81 60
83 81
83 95
85 0
85 11
86 36
86 59
87 94
88 66
89 0
89 35
89 82
90 22
90 89
91 70
91 98
92 8
93 25
94 54
95 75
96 11
97 62
98 24
98 40
98 48
99 3
99 84
