133
0 37
0 59
0 83
1 10
1 50
3 20
3 41
3 46
4 87
4 92
6 1
6 13
7 57
7 63
8 73
10 16
10 40
10 49
11 88
12 57
12 78
12 85
13 93
15 2
16 43
17 25
18 64
19 11
19 99
21 26
21 43
22 12
25 8
26 91
27 27
27 51
27 60
27 76
30 69
31 0
31 84
33 49
33 65
35 30
35 41
36 59
36 94
37 34
40 81
41 19
41 95
43 3
43 31
43 46
43 77
44 10
44 90
46 42
46 84
47 4
47 52
47 66
50 13
53 47
53 58
54 70
54 86
54 93
55 80
56 35
57 41
57 65
57 92
58 8
58 21
61 16
61 70
62 77
64 99
66 40
67 1
67 27
67 63
68 8
68 19
69 35
70 78
70 92
71 56
71 82
72 23
72 34
72 43
74 12
75 33
76 73
76 80
76 86
76 93
77 6
78 77
80 10
80 54
82 22
82 27
82 35
83 3
83 21
84 80
85 11
85 43
86 97
87 32
87 50
87 90
88 64
89 48
90 58
90 96
90 99
92 3
92 55
93 13
94 37
94 48
94 79
94 91
95 27
96 8
96 22
96 85
98 31
98 72
