138
0 22
0 96
1 19
1 38
1 71
2 84
3 0
4 2
4 48
5 13
5 25
5 61
6 1
6 69
6 89
9 65
10 4
10 97
11 10
11 18
11 45
12 41
12 83
12 93
13 26
13 61
15 43
16 80
18 3
18 61
19 47
19 95
20 11
20 32
21 19
22 65
23 31
24 8
24 78
25 47
26 27
26 68
26 90
27 17
28 3
28 43
30 7
30 33
32 77
33 42
34 92
35 20
36 31
36 38
36 84
37 71
38 7
38 16
39 58
40 67
41 93
42 49
43 62
44 19
44 41
45 80
45 89
46 4
47 71
48 28
48 47
49 10
50 4
51 49
52 17
52 94
53 8
53 99
54 29
54 44
54 75
55 3
56 40
56 73
57 20
57 87
59 2
60 31
61 7
61 13
61 25
63 59
63 69
64 76
64 82
66 34
67 83
68 90
69 4
69 40
70 16
71 8
71 70
72 53
73 81
76 18
76 31
76 61
76 92
77 9
78 39
79 83
80 56
81 21
82 43
83 6
84 69
84 91
85 9
85 31
85 88
87 2
87 52
88 14
88 39
89 33
89 68
90 53
91 80
92 7
93 19
93 87
94 64
95 70
96 4
97 11
97 48
98 95
