131
0 8
0 9
1 57
1 91
3 35
3 49
3 71
4 65
4 83
4 97
5 13
5 77
6 20
10 16
10 41
11 23
11 80
11 99
12 5
13 27
13 52
14 57
15 69
18 15
19 63
19 72
20 2
20 5
22 56
23 21
23 45
23 68
23 98
24 78
25 4
26 20
26 30
27 73
28 66
29 9
29 55
30 37
31 61
31 83
32 0
34 17
34 75
35 12
35 34
35 82
36 2
36 88
37 54
37 94
38 33
40 7
40 25
41 68
42 2
42 41
42 49
42 59
42 90
42 99
43 53
44 7
45 13
46 27
46 81
47 94
48 20
48 76
49 39
49 56
50 39
50 93
52 5
53 76
56 64
56 86
57 58
59 26
61 12
61 93
62 89
63 1
63 48
65 21
66 66
67 8
67 25
67 35
68 15
70 80
71 9
71 43
72 58
72 66
72 99
73 14
73 32
74 90
75 50
76 39
77 24
78 46
78 98
79 2
79 14
79 29
79 80
79 86
80 8
80 52
82 93
85 16
85 55
85 97
86 27
86 31
88 67
89 5
90 9
93 46
94 88
95 22
97 50
98 34
98 91
99 22
99 81
