139
0 3
0 50
0 70
0 97
1 23
2 34
3 31
4 40
4 55
4 86
5 7
5 48
5 73
6 27
6 65
6 92
8 13
8 36
9 43
9 61
10 0
10 87
11 29
12 80
13 98
14 10
14 36
14 90
15 17
17 73
22 2
23 40
23 86
24 1
24 9
24 33
24 61
25 96
26 18
28 81
29 46
29 65
29 87
30 12
30 32
31 0
31 8
31 76
31 97
33 17
34 40
35 87
36 11
36 24
37 50
37 68
38 48
38 56
39 21
39 94
40 41
41 10
42 27
44 69
44 82
46 63
46 89
47 38
48 97
49 24
49 26
49 82
50 10
53 98
54 25
54 60
55 88
57 9
57 93
58 68
59 2
59 19
60 26
60 64
60 84
61 59
61 73
62 20
62 97
63 32
63 35
64 11
66 0
68 19
68 34
69 46
69 97
71 28
71 51
71 55
72 39
73 17
73 45
74 0
76 8
76 19
76 94
76 99
77 41
78 34
79 13
79 61
83 95
85 2
85 14
85 24
85 47
87 80
88 39
88 74
89 13
89 90
90 32
91 9
91 54
93 64
93 72
94 78
95 6
97 19
97 69
98 61
99 25
99 30
99 38
99 40
99 79
99 85
99 91
