129
0 75
1 82
3 27
3 34
3 70
3 87
4 10
4 65
5 39
5 92
8 24
8 30
9 2
9 6
9 14
11 37
13 19
13 94
14 25
15 6
15 60
16 22
16 31
19 67
19 75
21 5
21 81
22 28
22 98
23 96
24 59
24 69
26 62
27 27
27 44
27 49
28 2
28 37
28 92
29 74
29 98
30 17
30 85
31 80
32 69
34 5
35 24
35 32
35 65
37 92
39 11
39 74
39 99
41 39
41 61
43 85
45 0
45 15
45 66
46 48
46 53
46 71
48 59
52 30
53 95
55 25
56 12
56 26
56 33
58 71
59 43
60 90
60 99
61 9
62 35
63 29
64 21
64 51
64 96
65 60
67 68
68 11
68 22
68 93
70 1
70 54
71 31
71 95
72 6
73 81
74 22
75 48
75 58
76 12
77 15
78 6
78 56
79 70
80 43
80 66
83 37
83 46
85 60
86 50
87 15
87 22
87 85
88 33
88 57
88 77
89 30
89 70
89 86
91 3
91 67
92 36
92 49
94 24
95 75
95 96
96 12
96 54
96 65
96 88
96 89
98 4
98 40
99 47
99 79
