138
0 8
0 20
0 27
0 42
0 78
1 48
1 76
1 87
2 36
2 56
5 0
6 54
7 5
7 44
8 19
8 61
10 60
14 9
14 94
15 14
16 77
17 90
19 57
19 72
20 62
21 51
21 78
23 43
23 85
25 16
25 22
25 93
25 96
27 43
27 60
28 37
29 5
29 44
29 79
30 66
32 22
33 33
33 41
35 82
36 62
36 70
37 9
38 46
38 74
39 22
39 89
40 63
41 10
41 29
42 80
42 85
43 57
44 3
44 18
44 94
45 48
46 61
47 2
47 27
48 34
48 78
48 85
50 58
50 71
50 91
50 99
52 48
53 1
53 59
53 81
53 85
54 31
58 21
58 97
59 93
60 13
61 25
61 60
61 65
62 6
62 21
62 41
62 83
62 98
63 32
63 48
63 71
63 91
64 72
66 56
66 61
66 79
70 12
70 43
70 84
71 40
71 79
72 28
72 69
73 22
74 56
75 44
76 15
76 62
77 12
77 48
77 66
77 75
78 9
82 19
82 23
82 90
84 67
84 80
84 82
84 98
85 39
85 57
85 63
87 90
91 35
91 66
92 41
93 71
94 83
96 16
96 19
96 20
96 69
97 88
99 27
99 42
99 46
