88
3 23
4 0
7 30
8 16
11 34
12 20
13 1
14 46
15 28
18 44
20 18
21 35
22 10
28 41
33 39
37 17
37 44
39 34
40 19
44 29
45 14
47 28
47 96
48 55
49 72
50 81
53 61
53 91
54 53
54 77
54 85
54 98
57 71
57 91
58 60
58 65
59 53
60 75
61 87
62 81
63 52
63 56
63 64
64 97
65 96
66 75
67 68
67 84
68 57
70 89
71 53
71 60
72 95
73 66
74 60
74 82
74 96
78 53
78 71
78 91
79 77
80 64
82 95
84 57
84 77
85 52
85 97
86 69
87 84
87 93
89 48
89 73
90 89
90 96
91 58
91 65
93 81
93 94
94 52
94 64
95 99
96 57
96 61
96 72
97 95
98 87
99 67
99 95
