131
1 4
1 11
1 74
1 84
2 28
3 37
3 44
3 60
5 24
5 49
6 29
6 50
7 71
8 6
8 35
9 54
10 81
12 12
12 42
12 90
13 64
15 25
16 19
18 54
18 85
21 15
21 60
22 49
23 6
23 28
25 3
25 35
25 98
27 75
27 79
28 4
30 51
31 94
32 23
33 17
33 38
33 44
34 70
34 77
35 54
37 28
37 85
37 95
38 21
38 41
41 26
42 9
43 39
43 95
44 76
44 89
45 69
45 78
46 55
47 51
48 11
48 27
51 38
51 65
52 4
52 61
53 76
54 18
54 70
55 11
55 99
56 32
57 76
58 89
59 93
60 22
60 87
61 15
61 60
62 41
63 35
64 0
64 64
65 8
65 50
65 98
66 45
67 27
69 12
69 89
71 5
71 45
71 98
72 20
72 69
72 83
73 56
75 67
76 16
77 6
77 82
78 33
78 97
79 73
80 61
81 40
82 79
82 86
83 99
86 28
86 65
87 70
87 75
88 52
88 82
89 13
89 23
89 61
89 83
90 35
92 46
94 15
94 55
94 77
94 96
95 61
96 2
96 84
98 21
98 65
98 91
