121
0 3
0 5
0 14
0 23
0 25
4 26
6 4
7 72
9 7
9 21
10 1
10 27
10 65
11 15
11 59
12 16
13 86
15 77
17 10
17 70
18 1
18 57
18 83
19 7
19 19
19 21
19 29
19 63
20 79
23 15
25 1
25 27
28 70
29 43
31 0
31 20
31 28
32 40
33 46
34 11
47 60
50 73
50 81
51 18
52 10
52 26
53 89
53 93
54 4
54 78
55 50
56 28
56 35
57 40
57 73
58 86
60 60
60 98
61 5
61 91
62 20
63 67
63 80
65 31
65 86
66 10
66 42
67 17
67 63
67 83
68 67
68 92
68 93
70 57
70 76
71 23
71 51
71 72
73 62
73 88
74 43
76 65
76 99
77 26
78 7
79 4
79 97
81 16
81 54
83 44
83 73
84 28
85 3
85 15
85 37
85 59
85 96
86 68
86 78
86 89
87 42
88 5
88 23
88 51
88 59
90 82
91 13
91 73
92 15
93 7
93 26
94 23
94 34
94 38
95 3
95 54
96 47
97 79
97 86
98 58
99 18
