119
1 42
2 53
5 7
6 27
7 41
10 31
10 59
11 78
14 0
14 37
15 4
15 89
16 66
17 37
17 83
17 90
18 53
21 12
22 74
23 1
24 38
24 56
24 95
25 61
26 14
26 88
28 78
29 9
29 19
29 44
29 55
30 49
30 70
31 65
32 0
32 36
32 41
32 81
32 90
35 4
35 26
35 48
37 60
37 78
37 94
38 1
39 33
40 28
40 90
43 4
43 20
43 49
43 95
44 54
46 30
46 66
47 77
49 18
49 84
50 62
51 27
51 64
51 92
54 47
54 76
54 86
55 19
56 84
57 42
57 59
58 35
58 56
60 90
61 17
62 62
65 93
66 72
67 23
68 13
68 40
68 75
69 82
72 60
75 19
75 33
75 46
75 69
75 76
76 54
78 9
78 48
79 92
80 0
80 24
82 31
82 91
83 43
83 71
83 75
86 5
88 29
88 69
89 6
89 12
89 58
89 91
90 63
90 81
92 71
93 49
94 10
94 98
95 29
95 36
96 43
96 56
96 79
97 69
97 91
